2025-03-02 02:22:23.709	Initialized. Chain height: -1, Txs: 0
2025-03-02 02:22:23.717	Entity (00000101, 0000000000000000000000000000000000000000) added successfully
2025-03-02 02:22:23.717	Entity (00000201, 0000000000000000000000000000000000000000) added successfully
2025-03-02 02:22:23.717	Entity (00000102, 0000000000000000000000000000000000000000) added successfully
2025-03-02 02:22:23.717	Entity (00000202, 0000000000000000000000000000000000000000) added successfully
2025-03-02 02:22:23.717	Entity (0000010A, 0000000000000000000000000000000000000000) added successfully
2025-03-02 02:22:23.717	Entity (0000010B, 0000000000000000000000000000000000000000) added successfully
2025-03-02 02:22:23.717	Entity (0000010F, 0000000000000000000000000000000000000000) added successfully
2025-03-02 02:22:23.717	Entity (00000103, a5c01ceb2392bc0294a4a7a48cb919fc9eb2d47b) added successfully
2025-03-02 02:22:23.717	Entity (00000203, a5c01ceb2392bc0294a4a7a48cb919fc9eb2d47b) added successfully
2025-03-02 02:22:23.777	Entity (00000105, 000000006f880b51048a27c2b3b4eea5d0f29e83) added successfully
2025-03-02 02:22:23.777	Entity (00000205, 000000006f880b51048a27c2b3b4eea5d0f29e83) added successfully
2025-03-02 02:22:23.777	Entity (00000106, 000000006f880b51048a27c2b3b4eea5d0f29e83) added successfully
2025-03-02 02:22:23.777	Entity (00000206, 000000006f880b51048a27c2b3b4eea5d0f29e83) added successfully
2025-03-02 02:22:23.777	Entity (00000107, 000000006f880b51048a27c2b3b4eea5d0f29e83) added successfully
2025-03-02 02:22:23.777	Entity (00000207, 000000006f880b51048a27c2b3b4eea5d0f29e83) added successfully
2025-03-02 02:22:23.799	NewData 00000000000000000000014b0000000000000000000000000000000000000002, block 0, flags 00000000, import 0
2025-03-02 02:22:23.806	NewBlock 0, Txs: 1, Rows: 4
2025-03-02 02:22:24.546	NewBlock 1, Txs: 0, Rows: 0
2025-03-02 02:22:24.581	NewBlock 2, Txs: 0, Rows: 0
2025-03-02 02:22:24.613	NewData 00000000000000000000014b0000000000000000000000000000000000000002, block 3, flags 00000000, import 0
2025-03-02 02:22:24.613	NewData 00000000000000000000014b0000000000000000000000000000000000000002, block 3, flags 00000000, import 0
2025-03-02 02:22:24.616	NewBlock 3, Txs: 0, Rows: 4
2025-03-02 02:22:24.647	NewBlock 4, Txs: 0, Rows: 0
2025-03-02 02:22:39.207	NewBlock 5, Txs: 0, Rows: 0
2025-03-02 02:22:56.962	NewBlock 6, Txs: 0, Rows: 0
2025-03-02 02:23:05.818	NewBlock 7, Txs: 0, Rows: 0
2025-03-02 02:23:07.677	NewTx 60ea4c9aa97e0d743b2881a20d89c8a90989b1c6bea42d9b338b959b64d15fa9, block -1, flags 00000004, import 0
2025-03-02 02:23:19.387	UpdateTx 60ea4c9aa9, block 8, flags 00000004, import 0
2025-03-02 02:23:19.392	NewBlock 8, Txs: 1, Rows: 6
2025-03-02 02:23:37.760	NewBlock 9, Txs: 0, Rows: 0
2025-03-02 02:23:52.226	NewBlock 10, Txs: 0, Rows: 0
2025-03-02 02:24:04.184	NewBlock 11, Txs: 0, Rows: 0
2025-03-02 02:24:18.741	NewBlock 12, Txs: 0, Rows: 0
2025-03-02 02:24:32.002	NewBlock 13, Txs: 0, Rows: 0
2025-03-02 02:24:50.782	NewBlock 14, Txs: 0, Rows: 0
2025-03-02 02:25:06.055	NewBlock 15, Txs: 0, Rows: 0
2025-03-02 02:25:23.721	NewBlock 16, Txs: 0, Rows: 0
2025-03-02 02:25:39.193	NewBlock 17, Txs: 0, Rows: 0
2025-03-02 02:25:56.882	NewBlock 18, Txs: 0, Rows: 0
2025-03-02 02:26:06.937	NewBlock 19, Txs: 0, Rows: 0
2025-03-02 02:26:18.795	NewBlock 20, Txs: 0, Rows: 0
2025-03-02 02:26:35.426	NewBlock 21, Txs: 0, Rows: 0
2025-03-02 02:26:51.990	NewBlock 22, Txs: 0, Rows: 0
2025-03-02 02:27:03.800	NewBlock 23, Txs: 0, Rows: 0
2025-03-02 02:27:22.850	NewBlock 24, Txs: 0, Rows: 0
2025-03-02 02:27:32.582	NewBlock 25, Txs: 0, Rows: 0
2025-03-02 02:27:49.339	NewBlock 26, Txs: 0, Rows: 0
2025-03-02 02:28:06.823	NewBlock 27, Txs: 0, Rows: 0
2025-03-02 02:28:21.392	NewBlock 28, Txs: 0, Rows: 0
2025-03-02 02:28:42.056	NewBlock 29, Txs: 0, Rows: 0
2025-03-02 02:28:49.814	NewBlock 30, Txs: 0, Rows: 0
2025-03-02 02:29:09.776	NewBlock 31, Txs: 0, Rows: 0
2025-03-02 02:29:21.926	NewBlock 32, Txs: 0, Rows: 0
2025-03-02 02:29:34.926	NewBlock 33, Txs: 0, Rows: 0
2025-03-02 02:29:52.781	NewBlock 34, Txs: 0, Rows: 0
2025-03-02 02:30:06.809	NewBlock 35, Txs: 0, Rows: 0
2025-03-02 02:30:19.996	NewBlock 36, Txs: 0, Rows: 0
2025-03-02 02:30:34.353	NewBlock 37, Txs: 0, Rows: 0
2025-03-02 02:30:51.106	NewBlock 38, Txs: 0, Rows: 0
2025-03-02 02:31:07.461	NewBlock 39, Txs: 0, Rows: 0
2025-03-02 02:31:22.027	NewBlock 40, Txs: 0, Rows: 0
2025-03-02 02:31:35.987	NewBlock 41, Txs: 0, Rows: 0
2025-03-02 02:31:58.146	NewBlock 42, Txs: 0, Rows: 0
2025-03-02 02:32:03.609	NewBlock 43, Txs: 0, Rows: 0
2025-03-02 02:32:18.882	NewBlock 44, Txs: 0, Rows: 0
2025-03-02 02:32:41.246	Rolled back to block 43 successfully
2025-03-02 02:32:41.266	NewBlock 44, Txs: 0, Rows: 0
2025-03-02 02:32:41.288	NewBlock 45, Txs: 0, Rows: 0
2025-03-02 02:32:49.051	NewBlock 46, Txs: 0, Rows: 0
2025-03-02 02:33:07.716	NewBlock 47, Txs: 0, Rows: 0
2025-03-02 02:33:24.074	NewBlock 48, Txs: 0, Rows: 0
2025-03-02 02:33:39.638	NewBlock 49, Txs: 0, Rows: 0
2025-03-02 02:33:48.384	NewBlock 50, Txs: 0, Rows: 0
2025-03-02 02:34:03.955	NewBlock 51, Txs: 0, Rows: 0
2025-03-02 02:34:20.421	NewBlock 52, Txs: 0, Rows: 0
2025-03-02 02:34:41.312	NewBlock 53, Txs: 0, Rows: 0
2025-03-02 02:34:49.180	NewBlock 54, Txs: 0, Rows: 0
2025-03-02 02:35:03.350	NewBlock 55, Txs: 0, Rows: 0
2025-03-02 02:35:18.803	NewBlock 56, Txs: 0, Rows: 0
2025-03-02 02:35:36.568	NewBlock 57, Txs: 0, Rows: 0
2025-03-02 02:35:58.648	NewBlock 58, Txs: 0, Rows: 0
2025-03-02 02:36:07.400	Rolled back to block 57 successfully
2025-03-02 02:36:07.439	NewBlock 58, Txs: 0, Rows: 0
2025-03-02 02:36:07.476	NewBlock 59, Txs: 0, Rows: 0
2025-03-02 02:36:17.443	Rolled back to block 58 successfully
2025-03-02 02:36:17.457	Rolled back to block 57 successfully
2025-03-02 02:36:17.498	NewBlock 58, Txs: 0, Rows: 0
2025-03-02 02:36:17.539	NewBlock 59, Txs: 0, Rows: 0
2025-03-02 02:36:17.571	NewBlock 60, Txs: 0, Rows: 0
2025-03-02 02:44:44.783	NewBlock 61, Txs: 0, Rows: 0
2025-03-02 02:44:48.429	NewBlock 62, Txs: 0, Rows: 0
2025-03-02 02:44:55.192	NewBlock 63, Txs: 0, Rows: 0
2025-03-02 02:44:59.386	NewBlock 64, Txs: 0, Rows: 0
2025-03-02 02:45:04.033	NewBlock 65, Txs: 0, Rows: 0
2025-03-02 02:45:18.360	NewBlock 66, Txs: 0, Rows: 0
2025-03-02 02:45:28.319	NewBlock 67, Txs: 0, Rows: 0
2025-03-02 02:45:36.428	NewBlock 68, Txs: 0, Rows: 0
2025-03-02 02:45:41.571	NewBlock 69, Txs: 0, Rows: 0
2025-03-02 02:45:55.596	NewBlock 70, Txs: 0, Rows: 0
2025-03-02 02:46:01.476	NewBlock 71, Txs: 0, Rows: 0
2025-03-02 02:46:12.752	NewBlock 72, Txs: 0, Rows: 0
2025-03-02 02:46:36.224	NewBlock 73, Txs: 0, Rows: 0
2025-03-02 02:46:56.785	NewBlock 74, Txs: 0, Rows: 0
2025-03-02 02:47:24.063	NewBlock 75, Txs: 0, Rows: 0
2025-03-02 02:47:36.791	NewBlock 76, Txs: 0, Rows: 0
2025-03-02 02:47:45.027	NewBlock 77, Txs: 0, Rows: 0
2025-03-02 02:48:05.187	NewBlock 78, Txs: 0, Rows: 0
2025-03-02 02:48:22.356	NewBlock 79, Txs: 0, Rows: 0
2025-03-02 02:48:28.296	NewBlock 80, Txs: 0, Rows: 0
2025-03-02 02:48:43.404	NewBlock 81, Txs: 0, Rows: 0
2025-03-02 02:49:03.985	NewBlock 82, Txs: 0, Rows: 0
2025-03-02 02:49:13.180	NewBlock 83, Txs: 0, Rows: 0
2025-03-02 02:49:28.074	NewBlock 84, Txs: 0, Rows: 0
2025-03-02 02:49:49.361	NewBlock 85, Txs: 0, Rows: 0
2025-03-02 02:50:01.831	NewBlock 86, Txs: 0, Rows: 0
2025-03-02 03:40:15.681	NewBlock 87, Txs: 0, Rows: 0
2025-03-02 03:40:25.202	NewBlock 88, Txs: 0, Rows: 0
2025-03-02 03:40:33.959	NewBlock 89, Txs: 0, Rows: 0
2025-03-02 03:40:37.751	NewBlock 90, Txs: 0, Rows: 0
2025-03-02 03:40:41.805	NewBlock 91, Txs: 0, Rows: 0
2025-03-02 03:40:46.600	NewBlock 92, Txs: 0, Rows: 0
2025-03-02 03:40:58.274	NewBlock 93, Txs: 0, Rows: 0
2025-03-02 03:41:02.606	NewBlock 94, Txs: 0, Rows: 0
2025-03-02 03:41:17.161	NewBlock 95, Txs: 0, Rows: 0
2025-03-02 03:41:29.326	NewBlock 96, Txs: 0, Rows: 0
2025-03-02 03:41:32.887	NewBlock 97, Txs: 0, Rows: 0
2025-03-02 03:41:43.491	NewBlock 98, Txs: 0, Rows: 0
2025-03-02 03:42:03.576	NewBlock 99, Txs: 0, Rows: 0
2025-03-02 03:42:29.054	NewBlock 100, Txs: 0, Rows: 0
2025-03-02 03:42:51.985	NewBlock 101, Txs: 0, Rows: 0
2025-03-02 03:43:09.354	NewBlock 102, Txs: 0, Rows: 0
2025-03-02 03:43:22.716	NewBlock 103, Txs: 0, Rows: 0
2025-03-02 03:43:32.660	NewBlock 104, Txs: 0, Rows: 0
2025-03-02 03:43:45.820	NewBlock 105, Txs: 0, Rows: 0
2025-03-02 03:43:56.884	NewBlock 106, Txs: 0, Rows: 0
2025-03-02 03:44:16.953	NewBlock 107, Txs: 0, Rows: 0
2025-03-02 03:44:30.999	NewBlock 108, Txs: 0, Rows: 0
2025-03-02 03:44:42.337	NewBlock 109, Txs: 0, Rows: 0
2025-03-02 03:46:29.021	NewBlock 110, Txs: 0, Rows: 0
2025-03-02 03:46:43.445	NewBlock 111, Txs: 0, Rows: 0
2025-03-02 03:46:48.686	NewBlock 112, Txs: 0, Rows: 0
2025-03-02 03:46:58.890	NewBlock 113, Txs: 0, Rows: 0
2025-03-02 03:47:05.154	NewBlock 114, Txs: 0, Rows: 0
2025-03-02 03:47:10.699	NewBlock 115, Txs: 0, Rows: 0
2025-03-02 03:47:18.769	NewBlock 116, Txs: 0, Rows: 0
2025-03-02 03:47:26.254	NewBlock 117, Txs: 0, Rows: 0
2025-03-02 03:47:44.933	NewBlock 118, Txs: 0, Rows: 0
2025-03-02 03:48:00.404	NewBlock 119, Txs: 0, Rows: 0
2025-03-02 03:48:29.105	NewBlock 120, Txs: 0, Rows: 0
2025-03-02 03:48:39.144	NewBlock 121, Txs: 0, Rows: 0
2025-03-02 03:49:03.193	NewBlock 122, Txs: 0, Rows: 0
2025-03-02 03:49:13.155	NewBlock 123, Txs: 0, Rows: 0
