2025-03-08 01:37:30.162	Initialized. Chunks: 0
2025-03-08 01:37:30.241	Entity (00000105, 00000000caedade911802fb2770a3f2d4687f8d1) added successfully
2025-03-08 01:37:30.260	NewBlock 0, Chunks: 0,
2025-03-08 01:37:30.306	NewBlock 1, Chunks: 0,
2025-03-08 01:37:30.370	NewBlock 2, Chunks: 0,
2025-03-08 01:37:41.420	NewBlock 3, Chunks: 0,
2025-03-08 01:37:51.372	NewBlock 4, Chunks: 0,
2025-03-08 01:38:01.847	Initialized. Chunks: 0
2025-03-08 01:38:12.962	NewBlock 5, Chunks: 0,
2025-03-08 01:38:23.351	Entity (00000105, 000000009cf29b52f4f4bfd20c38168db6570701) added successfully
2025-03-08 01:38:23.577	Entity (00000105, 00000000b7cc9016a81ad1de294edb266e287d26) added successfully
2025-03-08 01:38:23.802	Entity (00000105, 00000000c83aebe877f5ee3e06fe9fdaf8455953) added successfully
2025-03-08 01:38:24.028	Entity (00000105, 00000000cf06fff830403edaac6ec1df71383290) added successfully
2025-03-08 01:38:44.939	NewBlock 6, Chunks: 0,
2025-03-08 01:39:07.017	NewBlock 7, Chunks: 0,
2025-03-08 01:39:19.179	NewBlock 8, Chunks: 0,
2025-03-08 01:39:26.938	NewBlock 9, Chunks: 0,
2025-03-08 01:39:42.429	NewBlock 10, Chunks: 0,
2025-03-08 01:40:03.401	NewBlock 11, Chunks: 0,
2025-03-08 01:40:21.120	NewBlock 12, Chunks: 0,
2025-03-08 01:40:38.778	NewBlock 13, Chunks: 0,
2025-03-08 01:40:50.719	NewBlock 14, Chunks: 0,
2025-03-08 01:41:07.466	NewBlock 15, Chunks: 0,
2025-03-08 01:41:25.126	NewBlock 16, Chunks: 0,
2025-03-08 01:41:26.005	NewBlock 17, Chunks: 0,
2025-03-08 01:41:43.964	NewBlock 18, Chunks: 0,
2025-03-08 01:42:02.715	NewBlock 19, Chunks: 0,
2025-03-08 01:42:19.229	NewBlock 20, Chunks: 0,
2025-03-08 01:42:31.604	NewBlock 21, Chunks: 0,
2025-03-08 01:42:46.967	NewBlock 22, Chunks: 0,
2025-03-08 01:43:00.234	NewBlock 23, Chunks: 0,
2025-03-08 01:43:21.995	NewBlock 24, Chunks: 0,
2025-03-08 01:43:38.834	NewBlock 25, Chunks: 0,
2025-03-08 01:43:46.884	NewBlock 26, Chunks: 0,
2025-03-08 01:43:59.645	NewBlock 27, Chunks: 0,
2025-03-08 01:44:22.551	NewBlock 28, Chunks: 0,
2025-03-08 01:44:29.426	NewBlock 29, Chunks: 0,
2025-03-08 01:44:47.503	NewBlock 30, Chunks: 0,
2025-03-08 01:45:04.578	NewBlock 31, Chunks: 0,
2025-03-08 01:45:18.347	NewBlock 32, Chunks: 0,
2025-03-08 01:45:36.123	NewBlock 33, Chunks: 0,
2025-03-08 01:45:44.896	NewBlock 34, Chunks: 0,
2025-03-08 01:46:03.261	NewBlock 35, Chunks: 0,
2025-03-08 01:46:17.526	NewBlock 36, Chunks: 0,
2025-03-08 01:46:30.193	NewBlock 37, Chunks: 0,
2025-03-08 01:46:49.005	NewBlock 38, Chunks: 0,
2025-03-08 01:47:00.048	NewBlock 39, Chunks: 0,
2025-03-08 01:47:19.739	NewBlock 39, Chunks: 0,
2025-03-08 01:47:19.759	NewBlock 40, Chunks: 0,
2025-03-08 01:47:33.112	NewBlock 41, Chunks: 0,
2025-03-08 01:47:44.171	NewBlock 42, Chunks: 0,
2025-03-08 01:48:05.116	NewBlock 43, Chunks: 0,
2025-03-08 01:48:18.175	NewBlock 44, Chunks: 0,
2025-03-08 01:48:30.487	NewBlock 45, Chunks: 0,
2025-03-08 01:48:43.486	NewBlock 45, Chunks: 0,
2025-03-08 01:48:43.517	NewBlock 46, Chunks: 0,
2025-03-08 01:48:59.151	NewBlock 47, Chunks: 0,
2025-03-08 01:49:16.614	NewBlock 48, Chunks: 0,
2025-03-08 01:49:28.915	NewBlock 49, Chunks: 0,
2025-03-08 01:49:45.201	NewBlock 50, Chunks: 0,
2025-03-08 01:49:59.966	NewBlock 51, Chunks: 0,
2025-03-08 01:50:20.635	NewBlock 52, Chunks: 0,
2025-03-08 01:50:27.515	NewBlock 52, Chunks: 0,
2025-03-08 01:50:27.551	NewBlock 53, Chunks: 0,
2025-03-08 01:50:54.547	NewBlock 54, Chunks: 0,
2025-03-08 01:50:59.208	NewBlock 55, Chunks: 0,
2025-03-08 01:51:14.485	NewBlock 56, Chunks: 0,
2025-03-08 01:51:26.951	NewBlock 57, Chunks: 0,
2025-03-08 01:51:43.618	NewBlock 58, Chunks: 0,
2025-03-08 01:52:00.195	NewBlock 59, Chunks: 0,
2025-03-08 03:07:36.201	Entity (00000005, 000000005500cd5a1ad4f3acb8e3eb8937808476) added successfully
2025-03-08 03:07:36.417	Entity (00000005, 00000000b72ed8fad4a91ff39eaf7c0bfd88bb64) added successfully
2025-03-08 03:07:53.666	NewBlock 60, Chunks: 0,
2025-03-08 03:07:58.818	NewBlock 61, Chunks: 0,
2025-03-08 03:08:05.479	NewBlock 62, Chunks: 0,
2025-03-08 03:08:11.437	NewBlock 63, Chunks: 0,
2025-03-08 03:08:15.527	NewBlock 64, Chunks: 0,
2025-03-08 03:08:26.484	NewBlock 65, Chunks: 0,
2025-03-08 03:08:39.752	NewBlock 66, Chunks: 0,
2025-03-08 03:08:55.214	NewBlock 67, Chunks: 0,
2025-03-08 03:08:58.791	NewBlock 68, Chunks: 0,
2025-03-08 03:09:06.538	NewBlock 69, Chunks: 0,
2025-03-08 03:09:10.990	NewBlock 70, Chunks: 0,
2025-03-08 03:11:02.209	NewBlock 71, Chunks: 0,
2025-03-08 03:11:06.148	NewBlock 72, Chunks: 0,
2025-03-08 03:11:12.164	NewBlock 73, Chunks: 0,
2025-03-08 03:11:19.399	NewBlock 74, Chunks: 0,
2025-03-08 03:11:29.832	NewBlock 75, Chunks: 0,
2025-03-08 03:11:38.278	NewBlock 76, Chunks: 0,
2025-03-08 03:11:44.291	NewBlock 77, Chunks: 0,
2025-03-08 03:12:00.176	NewBlock 78, Chunks: 0,
2025-03-08 03:12:13.347	NewBlock 79, Chunks: 0,
2025-03-08 03:12:33.428	NewBlock 80, Chunks: 0,
2025-03-08 03:12:54.313	NewBlock 81, Chunks: 0,
2025-03-08 03:13:11.886	NewBlock 82, Chunks: 0,
2025-03-08 03:13:26.365	NewBlock 82, Chunks: 0,
2025-03-08 03:13:26.387	NewBlock 83, Chunks: 0,
2025-03-08 03:13:42.752	NewBlock 84, Chunks: 0,
2025-03-08 03:13:55.110	NewBlock 85, Chunks: 0,
2025-03-08 03:14:11.479	NewBlock 86, Chunks: 0,
2025-03-08 03:14:26.983	NewBlock 87, Chunks: 0,
2025-03-08 03:14:35.851	NewBlock 88, Chunks: 0,
2025-03-08 03:14:56.736	NewBlock 89, Chunks: 0,
2025-03-08 03:15:10.902	NewBlock 90, Chunks: 0,
2025-03-08 03:15:32.977	NewBlock 91, Chunks: 0,
2025-03-08 03:15:39.875	NewBlock 92, Chunks: 0,
2025-03-08 03:15:53.146	NewBlock 93, Chunks: 0,
2025-03-08 03:16:07.321	NewBlock 94, Chunks: 0,
2025-03-08 03:16:21.827	NewBlock 95, Chunks: 0,
2025-03-08 03:16:39.327	NewBlock 96, Chunks: 0,
2025-03-08 03:16:54.905	NewBlock 97, Chunks: 0,
2025-03-08 03:17:11.367	NewBlock 98, Chunks: 0,
2025-03-08 03:17:26.836	NewBlock 99, Chunks: 0,
2025-03-08 03:17:40.194	NewBlock 100, Chunks: 0,
2025-03-08 03:17:54.562	NewBlock 101, Chunks: 0,
2025-03-08 03:18:13.966	NewBlock 102, Chunks: 0,
2025-03-08 03:18:26.150	NewBlock 103, Chunks: 0,
2025-03-08 03:18:38.296	NewBlock 104, Chunks: 0,
2025-03-08 03:18:54.120	NewBlock 105, Chunks: 0,
2025-03-08 03:19:11.356	NewBlock 106, Chunks: 0,
2025-03-08 03:19:23.511	NewBlock 107, Chunks: 0,
2025-03-08 03:19:40.057	NewBlock 108, Chunks: 0,
2025-03-08 03:19:52.219	NewBlock 109, Chunks: 0,
2025-03-08 03:20:13.170	NewBlock 110, Chunks: 0,
2025-03-08 03:20:23.223	NewBlock 111, Chunks: 0,
2025-03-08 03:20:37.431	NewBlock 112, Chunks: 0,
2025-03-08 03:20:55.142	NewBlock 113, Chunks: 0,
2025-03-08 03:21:10.633	NewBlock 114, Chunks: 0,
2025-03-08 03:21:28.411	NewBlock 115, Chunks: 0,
2025-03-08 03:21:41.169	NewBlock 116, Chunks: 0,
2025-03-08 03:21:41.620	NewBlock 117, Chunks: 0,
2025-03-08 03:22:04.609	NewBlock 118, Chunks: 0,
2025-03-08 03:22:20.073	NewBlock 119, Chunks: 0,
2025-03-08 03:22:34.540	NewBlock 120, Chunks: 0,
2025-03-08 03:22:59.921	NewBlock 121, Chunks: 0,
2025-03-08 03:23:09.379	NewBlock 122, Chunks: 0,
2025-03-08 03:23:24.832	NewBlock 123, Chunks: 0,
2025-03-08 03:23:36.266	NewBlock 124, Chunks: 0,
2025-03-08 03:23:50.240	NewBlock 125, Chunks: 0,
2025-03-08 03:24:11.197	NewBlock 126, Chunks: 0,
2025-03-08 03:24:23.395	NewBlock 127, Chunks: 0,
2025-03-08 03:24:35.559	NewBlock 128, Chunks: 0,
2025-03-08 03:24:52.131	NewBlock 129, Chunks: 0,
2025-03-08 03:25:06.499	NewBlock 130, Chunks: 0,
2025-03-08 03:25:15.062	NewBlock 131, Chunks: 0,
2025-03-08 03:25:33.958	NewBlock 132, Chunks: 0,
2025-03-08 03:25:51.433	NewBlock 133, Chunks: 0,
2025-03-08 03:26:09.266	NewBlock 134, Chunks: 0,
2025-03-08 03:26:22.540	NewBlock 135, Chunks: 0,
2025-03-08 03:26:33.449	NewBlock 136, Chunks: 0,
2025-03-08 03:26:49.039	NewBlock 137, Chunks: 0,
2025-03-08 03:27:05.455	NewBlock 138, Chunks: 0,
2025-03-08 03:27:23.064	NewBlock 139, Chunks: 0,
2025-03-08 03:27:36.404	NewBlock 140, Chunks: 0,
2025-03-08 03:27:57.072	NewBlock 140, Chunks: 0,
2025-03-08 03:27:57.093	NewBlock 141, Chunks: 0,
2025-03-08 03:28:11.366	NewBlock 142, Chunks: 0,
2025-03-08 03:39:50.470	NewBlock 143, Chunks: 0,
2025-03-08 03:39:57.137	NewBlock 144, Chunks: 0,
2025-03-08 03:40:02.699	NewBlock 145, Chunks: 0,
2025-03-08 03:40:06.045	NewBlock 146, Chunks: 0,
2025-03-08 03:40:12.174	NewBlock 147, Chunks: 0,
2025-03-08 03:40:16.621	NewBlock 148, Chunks: 0,
2025-03-08 03:40:23.741	NewBlock 149, Chunks: 0,
2025-03-08 03:40:33.120	NewBlock 150, Chunks: 0,
2025-03-08 03:40:40.995	NewBlock 151, Chunks: 0,
2025-03-08 03:40:46.450	NewBlock 152, Chunks: 0,
2025-03-08 03:40:53.113	NewBlock 153, Chunks: 0,
2025-03-08 03:47:35.064	NewBlock 154, Chunks: 0,
2025-03-08 03:47:38.444	NewBlock 155, Chunks: 0,
2025-03-08 03:47:44.821	NewBlock 156, Chunks: 0,
2025-03-08 03:48:00.499	NewBlock 157, Chunks: 0,
2025-03-08 03:48:09.397	NewBlock 158, Chunks: 0,
2025-03-08 03:48:16.058	NewBlock 159, Chunks: 0,
2025-03-08 03:48:20.125	NewBlock 160, Chunks: 0,
2025-03-08 03:48:29.328	NewBlock 161, Chunks: 0,
2025-03-08 03:48:45.307	NewBlock 162, Chunks: 0,
2025-03-08 03:48:53.610	NewBlock 163, Chunks: 0,
2025-03-08 03:48:58.571	NewBlock 164, Chunks: 0,
2025-03-08 03:51:20.723	NewBlock 165, Chunks: 0,
2025-03-08 03:51:34.318	NewBlock 166, Chunks: 0,
2025-03-08 03:51:42.701	NewBlock 167, Chunks: 0,
2025-03-08 03:51:54.163	NewBlock 168, Chunks: 0,
2025-03-08 03:52:04.195	NewBlock 169, Chunks: 0,
2025-03-08 03:52:11.201	NewBlock 170, Chunks: 0,
2025-03-08 03:52:21.277	NewBlock 171, Chunks: 0,
2025-03-08 03:52:31.847	NewBlock 172, Chunks: 0,
2025-03-08 03:52:41.275	NewBlock 172, Chunks: 0,
2025-03-08 03:52:41.304	NewBlock 173, Chunks: 0,
2025-03-08 03:52:49.489	NewBlock 174, Chunks: 0,
2025-03-08 03:53:14.133	NewBlock 175, Chunks: 0,
2025-03-08 03:53:30.720	NewBlock 176, Chunks: 0,
2025-03-08 03:56:46.928	NewBlock 177, Chunks: 0,
2025-03-08 03:56:52.383	NewBlock 178, Chunks: 0,
2025-03-08 03:56:57.632	NewBlock 179, Chunks: 0,
2025-03-08 03:57:07.896	NewBlock 180, Chunks: 0,
2025-03-08 03:57:13.450	NewBlock 181, Chunks: 0,
2025-03-08 03:57:19.160	NewBlock 182, Chunks: 0,
2025-03-08 03:57:25.829	NewBlock 182, Chunks: 0,
2025-03-08 03:57:25.850	NewBlock 183, Chunks: 0,
2025-03-08 03:57:32.399	NewBlock 184, Chunks: 0,
2025-03-08 03:57:40.657	NewBlock 185, Chunks: 0,
2025-03-08 03:57:55.533	NewBlock 186, Chunks: 0,
2025-03-08 03:58:14.789	NewBlock 186, Chunks: 0,
2025-03-08 03:58:14.807	NewBlock 187, Chunks: 0,
2025-03-08 04:01:32.247	NewBlock 188, Chunks: 0,
2025-03-08 04:01:36.802	NewBlock 189, Chunks: 0,
2025-03-08 04:01:40.650	NewBlock 190, Chunks: 0,
2025-03-08 04:01:47.804	NewBlock 191, Chunks: 0,
2025-03-08 04:01:56.654	NewBlock 192, Chunks: 0,
2025-03-08 04:02:06.717	NewBlock 193, Chunks: 0,
2025-03-08 04:02:10.366	NewBlock 194, Chunks: 0,
2025-03-08 04:02:21.425	NewBlock 195, Chunks: 0,
2025-03-08 04:02:30.175	NewBlock 196, Chunks: 0,
2025-03-08 04:02:36.946	NewBlock 196, Chunks: 0,
2025-03-08 04:02:36.980	NewBlock 197, Chunks: 0,
2025-03-08 04:02:59.159	NewBlock 198, Chunks: 0,
2025-03-08 04:03:18.237	NewBlock 199, Chunks: 0,
2025-03-08 04:03:36.411	NewBlock 200, Chunks: 0,
2025-03-08 04:03:58.079	NewBlock 201, Chunks: 0,
2025-03-08 04:04:11.968	NewBlock 202, Chunks: 0,
2025-03-08 04:04:24.129	NewBlock 203, Chunks: 0,
2025-03-08 04:04:37.381	NewBlock 204, Chunks: 0,
2025-03-08 04:04:47.622	NewBlock 205, Chunks: 0,
2025-03-08 04:05:07.146	NewBlock 206, Chunks: 0,
2025-03-08 04:05:19.631	NewBlock 207, Chunks: 0,
2025-03-08 04:05:37.296	NewBlock 208, Chunks: 0,
2025-03-08 04:05:50.101	NewBlock 209, Chunks: 0,
2025-03-08 04:06:07.999	NewBlock 210, Chunks: 0,
2025-03-08 04:06:27.879	NewBlock 211, Chunks: 0,
2025-03-08 04:06:38.561	NewBlock 212, Chunks: 0,
2025-03-08 04:06:56.212	NewBlock 213, Chunks: 0,
2025-03-08 04:17:28.664	NewBlock 214, Chunks: 0,
2025-03-08 04:17:32.828	NewBlock 215, Chunks: 0,
2025-03-08 04:17:38.891	NewBlock 216, Chunks: 0,
2025-03-08 04:17:44.078	NewBlock 217, Chunks: 0,
2025-03-08 04:17:49.526	NewBlock 218, Chunks: 0,
2025-03-08 04:17:57.188	NewBlock 219, Chunks: 0,
2025-03-08 04:18:04.250	NewBlock 220, Chunks: 0,
2025-03-08 04:18:12.462	NewBlock 221, Chunks: 0,
2025-03-08 04:18:15.302	NewBlock 222, Chunks: 0,
2025-03-08 04:18:20.219	NewBlock 223, Chunks: 0,
2025-03-08 04:18:33.687	NewBlock 224, Chunks: 0,
2025-03-08 04:25:52.976	NewBlock 225, Chunks: 0,
2025-03-08 04:26:04.834	NewBlock 226, Chunks: 0,
2025-03-08 04:26:13.496	NewBlock 227, Chunks: 0,
2025-03-08 04:26:24.909	NewBlock 228, Chunks: 0,
2025-03-08 04:26:29.069	NewBlock 229, Chunks: 0,
2025-03-08 04:26:45.830	NewBlock 230, Chunks: 0,
2025-03-08 04:26:49.981	NewBlock 231, Chunks: 0,
2025-03-08 04:26:55.828	NewBlock 232, Chunks: 0,
2025-03-08 04:27:01.380	NewBlock 233, Chunks: 0,
2025-03-08 04:27:12.386	NewBlock 234, Chunks: 0,
2025-03-08 04:27:19.038	NewBlock 235, Chunks: 0,
2025-03-08 04:36:03.888	NewBlock 236, Chunks: 0,
2025-03-08 04:36:09.500	NewBlock 237, Chunks: 0,
2025-03-08 04:36:19.361	NewBlock 238, Chunks: 0,
2025-03-08 04:36:27.692	NewBlock 238, Chunks: 0,
2025-03-08 04:36:27.717	NewBlock 239, Chunks: 0,
2025-03-08 04:36:34.834	NewBlock 240, Chunks: 0,
2025-03-08 04:36:39.412	NewBlock 240, Chunks: 0,
2025-03-08 04:36:39.452	NewBlock 241, Chunks: 0,
2025-03-08 04:36:45.098	NewBlock 242, Chunks: 0,
2025-03-08 04:36:54.706	NewBlock 243, Chunks: 0,
2025-03-08 04:37:01.354	NewBlock 244, Chunks: 0,
2025-03-08 04:37:07.473	NewBlock 245, Chunks: 0,
2025-03-08 04:37:20.105	NewBlock 246, Chunks: 0,
2025-03-08 05:16:09.322	Entity (00000005, 000000000f4b21bebdcbe4baf7d07f0c34ba440c) added successfully
2025-03-08 05:16:25.263	NewBlock 247, Chunks: 0,
2025-03-08 05:16:36.312	NewBlock 248, Chunks: 0,
2025-03-08 05:16:46.260	NewBlock 249, Chunks: 0,
2025-03-08 05:16:58.933	NewBlock 250, Chunks: 0,
2025-03-08 05:17:02.820	NewBlock 251, Chunks: 0,
2025-03-08 05:17:08.380	NewBlock 252, Chunks: 0,
2025-03-08 05:17:26.084	NewBlock 253, Chunks: 0,
2025-03-08 05:17:33.125	NewBlock 253, Chunks: 0,
2025-03-08 05:17:33.143	NewBlock 254, Chunks: 0,
2025-03-08 05:17:38.266	NewBlock 255, Chunks: 0,
2025-03-08 05:17:52.016	NewBlock 256, Chunks: 0,
2025-03-08 05:17:55.917	NewBlock 257, Chunks: 0,
2025-03-08 05:23:54.678	NewBlock 258, Chunks: 0,
2025-03-08 05:24:02.034	NewBlock 259, Chunks: 0,
2025-03-08 05:24:05.478	NewBlock 260, Chunks: 0,
2025-03-08 05:24:16.622	NewBlock 261, Chunks: 0,
2025-03-08 05:24:22.081	NewBlock 262, Chunks: 0,
2025-03-08 05:24:27.526	NewBlock 263, Chunks: 0,
2025-03-08 05:24:30.972	NewBlock 264, Chunks: 0,
2025-03-08 05:24:42.067	NewBlock 265, Chunks: 0,
2025-03-08 05:24:47.639	NewBlock 266, Chunks: 0,
2025-03-08 05:24:53.088	NewBlock 267, Chunks: 0,
2025-03-08 05:25:00.830	NewBlock 268, Chunks: 0,
2025-03-08 05:40:14.304	NewBlock 269, Chunks: 0,
2025-03-08 05:40:19.877	NewBlock 270, Chunks: 0,
2025-03-08 05:40:28.430	NewBlock 271, Chunks: 0,
2025-03-08 05:40:32.972	NewBlock 272, Chunks: 0,
2025-03-08 05:40:46.461	NewBlock 273, Chunks: 0,
2025-03-08 05:40:54.207	NewBlock 274, Chunks: 0,
2025-03-08 05:41:02.795	NewBlock 274, Chunks: 0,
2025-03-08 05:41:02.822	NewBlock 275, Chunks: 0,
2025-03-08 05:41:09.671	NewBlock 276, Chunks: 0,
2025-03-08 05:41:17.416	NewBlock 277, Chunks: 0,
2025-03-08 05:41:20.839	NewBlock 278, Chunks: 0,
2025-03-08 05:41:28.582	NewBlock 279, Chunks: 0,
2025-03-08 05:44:37.917	NewBlock 280, Chunks: 0,
2025-03-08 05:44:50.075	NewBlock 281, Chunks: 0,
2025-03-08 05:44:57.874	NewBlock 282, Chunks: 0,
2025-03-08 05:45:10.804	NewBlock 283, Chunks: 0,
2025-03-08 05:45:20.857	NewBlock 284, Chunks: 0,
2025-03-08 05:45:27.624	NewBlock 285, Chunks: 0,
2025-03-08 05:45:39.719	NewBlock 286, Chunks: 0,
2025-03-08 05:45:51.958	NewBlock 287, Chunks: 0,
2025-03-08 05:46:02.889	NewBlock 288, Chunks: 0,
2025-03-08 05:46:10.440	NewBlock 289, Chunks: 0,
2025-03-08 05:46:22.826	NewBlock 290, Chunks: 0,
2025-03-08 05:50:04.118	NewBlock 291, Chunks: 0,
2025-03-08 05:50:16.299	NewBlock 292, Chunks: 0,
2025-03-08 05:50:24.305	NewBlock 293, Chunks: 0,
2025-03-08 05:50:40.908	NewBlock 294, Chunks: 0,
2025-03-08 05:50:53.055	NewBlock 295, Chunks: 0,
2025-03-08 05:50:59.249	NewBlock 296, Chunks: 0,
2025-03-08 05:51:06.303	NewBlock 297, Chunks: 0,
2025-03-08 05:51:09.655	NewBlock 298, Chunks: 0,
2025-03-08 05:51:18.523	NewBlock 299, Chunks: 0,
2025-03-08 05:51:26.342	NewBlock 300, Chunks: 0,
2025-03-08 05:51:41.885	NewBlock 301, Chunks: 0,
2025-03-08 05:52:27.235	NewBlock 302, Chunks: 0,
2025-03-08 05:52:40.265	NewBlock 303, Chunks: 0,
2025-03-08 05:52:53.516	NewBlock 304, Chunks: 0,
2025-03-08 05:53:07.736	NewBlock 305, Chunks: 0,
2025-03-08 05:53:15.582	NewBlock 306, Chunks: 0,
2025-03-08 05:53:37.525	NewBlock 307, Chunks: 0,
2025-03-08 05:53:47.882	NewBlock 308, Chunks: 0,
2025-03-08 05:53:57.739	NewBlock 309, Chunks: 0,
2025-03-08 05:54:18.614	NewBlock 310, Chunks: 0,
2025-03-08 05:54:28.273	NewBlock 311, Chunks: 0,
2025-03-08 05:54:45.863	NewBlock 312, Chunks: 0,
2025-03-08 06:51:33.472	NewBlock 313, Chunks: 0,
2025-03-08 06:51:50.072	NewBlock 314, Chunks: 0,
2025-03-08 06:51:54.525	NewBlock 315, Chunks: 0,
2025-03-08 06:52:03.292	NewBlock 316, Chunks: 0,
2025-03-08 06:52:06.546	NewBlock 317, Chunks: 0,
2025-03-08 06:52:13.248	NewBlock 318, Chunks: 0,
2025-03-08 06:52:16.682	NewBlock 319, Chunks: 0,
2025-03-08 06:52:28.719	NewBlock 320, Chunks: 0,
2025-03-08 06:52:33.145	NewBlock 321, Chunks: 0,
2025-03-08 06:52:39.799	NewBlock 322, Chunks: 0,
2025-03-08 06:52:44.169	NewBlock 323, Chunks: 0,
2025-03-08 07:02:50.556	NewBlock 324, Chunks: 0,
2025-03-08 07:03:00.532	NewBlock 325, Chunks: 0,
2025-03-08 07:03:10.599	NewBlock 326, Chunks: 0,
2025-03-08 07:03:14.897	NewBlock 327, Chunks: 0,
2025-03-08 07:03:30.338	NewBlock 328, Chunks: 0,
2025-03-08 07:03:33.713	NewBlock 328, Chunks: 0,
2025-03-08 07:03:33.738	NewBlock 329, Chunks: 0,
2025-03-08 07:03:40.282	NewBlock 330, Chunks: 0,
2025-03-08 07:03:46.897	NewBlock 331, Chunks: 0,
2025-03-08 07:03:52.431	NewBlock 332, Chunks: 0,
2025-03-08 07:04:04.573	NewBlock 333, Chunks: 0,
2025-03-08 07:04:15.623	NewBlock 334, Chunks: 0,
2025-03-08 07:06:21.040	NewBlock 335, Chunks: 0,
2025-03-08 07:06:26.607	NewBlock 336, Chunks: 0,
2025-03-08 07:06:31.010	NewBlock 337, Chunks: 0,
2025-03-08 07:06:40.957	NewBlock 338, Chunks: 0,
2025-03-08 07:06:54.208	NewBlock 339, Chunks: 0,
2025-03-08 07:07:01.948	NewBlock 340, Chunks: 0,
2025-03-08 07:07:09.098	NewBlock 341, Chunks: 0,
2025-03-08 07:07:16.292	NewBlock 342, Chunks: 0,
2025-03-08 07:07:36.138	NewBlock 343, Chunks: 0,
2025-03-08 07:07:46.083	NewBlock 344, Chunks: 0,
2025-03-08 07:08:07.529	NewBlock 345, Chunks: 0,
2025-03-08 07:13:58.052	NewBlock 346, Chunks: 0,
2025-03-08 07:14:07.772	NewBlock 346, Chunks: 0,
2025-03-08 07:14:07.800	NewBlock 347, Chunks: 0,
2025-03-08 07:14:13.950	NewBlock 348, Chunks: 0,
2025-03-08 07:14:22.237	NewBlock 348, Chunks: 0,
2025-03-08 07:14:22.257	NewBlock 349, Chunks: 0,
2025-03-08 07:14:27.308	NewBlock 350, Chunks: 0,
2025-03-08 07:14:36.366	NewBlock 351, Chunks: 0,
2025-03-08 07:14:39.701	NewBlock 352, Chunks: 0,
2025-03-08 07:14:45.465	NewBlock 353, Chunks: 0,
2025-03-08 07:14:56.366	NewBlock 354, Chunks: 0,
2025-03-08 07:15:08.615	NewBlock 355, Chunks: 0,
2025-03-08 07:15:13.022	NewBlock 356, Chunks: 0,
2025-03-08 07:20:25.860	NewBlock 357, Chunks: 0,
2025-03-08 07:20:38.817	NewBlock 358, Chunks: 0,
2025-03-08 07:20:45.512	NewBlock 358, Chunks: 0,
2025-03-08 07:20:45.539	NewBlock 359, Chunks: 0,
2025-03-08 07:20:48.890	NewBlock 360, Chunks: 0,
2025-03-08 07:20:53.355	NewBlock 361, Chunks: 0,
2025-03-08 07:20:59.759	NewBlock 362, Chunks: 0,
2025-03-08 07:21:09.051	NewBlock 362, Chunks: 0,
2025-03-08 07:21:09.101	NewBlock 363, Chunks: 0,
2025-03-08 07:21:19.612	NewBlock 364, Chunks: 0,
2025-03-08 07:21:24.156	NewBlock 365, Chunks: 0,
2025-03-08 07:21:29.065	NewBlock 366, Chunks: 0,
2025-03-08 07:21:35.516	NewBlock 367, Chunks: 0,
2025-03-08 07:25:18.588	NewBlock 368, Chunks: 0,
2025-03-08 07:25:28.966	NewBlock 369, Chunks: 0,
2025-03-08 07:25:32.940	NewBlock 370, Chunks: 0,
2025-03-08 07:25:38.508	NewBlock 371, Chunks: 0,
2025-03-08 07:25:43.235	NewBlock 372, Chunks: 0,
2025-03-08 07:25:47.408	NewBlock 373, Chunks: 0,
2025-03-08 07:25:54.050	NewBlock 374, Chunks: 0,
2025-03-08 07:26:03.212	NewBlock 375, Chunks: 0,
2025-03-08 07:26:10.556	NewBlock 376, Chunks: 0,
2025-03-08 07:26:24.823	NewBlock 377, Chunks: 0,
2025-03-08 07:26:50.323	NewBlock 378, Chunks: 0,
2025-03-08 07:37:08.142	NewBlock 379, Chunks: 0,
2025-03-08 07:37:12.288	NewBlock 380, Chunks: 0,
2025-03-08 07:37:24.451	NewBlock 381, Chunks: 0,
2025-03-08 07:37:27.989	NewBlock 382, Chunks: 0,
2025-03-08 07:37:32.238	NewBlock 383, Chunks: 0,
2025-03-08 07:37:43.791	NewBlock 384, Chunks: 0,
2025-03-08 07:37:51.136	NewBlock 385, Chunks: 0,
2025-03-08 07:37:56.483	NewBlock 386, Chunks: 0,
2025-03-08 07:38:00.325	NewBlock 387, Chunks: 0,
2025-03-08 07:38:09.791	NewBlock 388, Chunks: 0,
2025-03-08 07:38:13.643	NewBlock 389, Chunks: 0,
2025-03-08 07:41:47.954	NewBlock 390, Chunks: 0,
2025-03-08 07:41:57.708	NewBlock 391, Chunks: 0,
2025-03-08 07:42:08.063	NewBlock 392, Chunks: 0,
2025-03-08 07:42:18.816	NewBlock 393, Chunks: 0,
2025-03-08 07:42:23.384	NewBlock 394, Chunks: 0,
2025-03-08 07:42:31.985	NewBlock 395, Chunks: 0,
2025-03-08 07:42:38.034	NewBlock 396, Chunks: 0,
2025-03-08 07:42:45.436	NewBlock 397, Chunks: 0,
2025-03-08 07:43:02.329	NewBlock 398, Chunks: 0,
2025-03-08 07:43:06.395	NewBlock 399, Chunks: 0,
2025-03-08 07:43:29.561	NewBlock 400, Chunks: 0,
2025-03-08 07:51:54.766	NewBlock 401, Chunks: 0,
2025-03-08 07:52:00.339	NewBlock 402, Chunks: 0,
2025-03-08 07:52:05.915	NewBlock 403, Chunks: 0,
2025-03-08 07:52:10.366	NewBlock 404, Chunks: 0,
2025-03-08 07:52:19.372	NewBlock 405, Chunks: 0,
2025-03-08 07:52:27.314	NewBlock 406, Chunks: 0,
2025-03-08 07:52:34.645	NewBlock 407, Chunks: 0,
2025-03-08 07:52:47.980	NewBlock 408, Chunks: 0,
2025-03-08 07:53:01.117	NewBlock 409, Chunks: 0,
2025-03-08 07:53:05.584	NewBlock 410, Chunks: 0,
2025-03-08 07:53:11.561	NewBlock 411, Chunks: 0,
2025-03-08 08:01:58.231	NewBlock -1, Chunks: 0,
2025-03-09 02:52:22.275	Initialized. Chunks: 0
2025-03-09 17:05:11.659	NewBlock -1, Chunks: 0,
2025-03-09 17:42:32.981	Initialized. Chunks: 0
2025-03-09 21:36:08.868	NewBlock 412, Chunks: 0,
2025-03-09 21:36:28.270	NewBlock 413, Chunks: 0,
2025-03-09 21:36:43.965	NewBlock 414, Chunks: 0,
2025-03-09 21:36:54.718	NewBlock 415, Chunks: 0,
2025-03-09 21:37:12.752	NewBlock 416, Chunks: 0,
2025-03-09 21:37:26.117	NewBlock 417, Chunks: 0,
2025-03-09 21:37:36.575	NewBlock 418, Chunks: 0,
2025-03-09 21:37:49.871	NewBlock 419, Chunks: 0,
2025-03-09 21:38:10.826	NewBlock 420, Chunks: 0,
2025-03-09 21:38:28.513	NewBlock 421, Chunks: 0,
2025-03-09 21:38:45.273	NewBlock 422, Chunks: 0,
2025-03-09 21:38:58.438	NewBlock 423, Chunks: 0,
2025-03-09 21:40:16.815	NewBlock 424, Chunks: 0,
2025-03-09 21:40:24.371	NewBlock 425, Chunks: 0,
2025-03-09 21:40:27.406	NewBlock 426, Chunks: 0,
2025-03-09 21:40:37.726	NewBlock 427, Chunks: 0,
2025-03-09 21:40:41.813	NewBlock 428, Chunks: 0,
2025-03-09 21:40:46.343	NewBlock 429, Chunks: 0,
2025-03-09 21:40:59.614	NewBlock 430, Chunks: 0,
2025-03-09 21:41:18.204	NewBlock 431, Chunks: 0,
2025-03-09 21:41:39.489	NewBlock 431, Chunks: 0,
2025-03-09 21:41:39.516	NewBlock 432, Chunks: 0,
2025-03-09 21:41:57.983	NewBlock 433, Chunks: 0,
2025-03-09 21:42:14.629	NewBlock 434, Chunks: 0,
2025-03-09 21:43:38.242	NewBlock 435, Chunks: 0,
2025-03-09 21:43:46.843	NewBlock 435, Chunks: 0,
2025-03-09 21:43:46.864	NewBlock 436, Chunks: 0,
2025-03-09 21:43:57.006	NewBlock 437, Chunks: 0,
2025-03-09 21:44:10.033	NewBlock 438, Chunks: 0,
2025-03-09 21:44:16.681	NewBlock 439, Chunks: 0,
2025-03-09 21:44:22.131	NewBlock 440, Chunks: 0,
2025-03-09 21:44:31.089	NewBlock 441, Chunks: 0,
2025-03-09 21:44:40.039	NewBlock 442, Chunks: 0,
2025-03-09 21:44:56.487	NewBlock 443, Chunks: 0,
2025-03-09 21:45:16.336	NewBlock 444, Chunks: 0,
2025-03-09 21:45:36.184	NewBlock 445, Chunks: 0,
2025-03-09 21:45:50.535	NewBlock 446, Chunks: 0,
2025-03-09 21:46:13.685	NewBlock 447, Chunks: 0,
2025-03-09 21:52:53.005	NewBlock 448, Chunks: 0,
2025-03-09 21:52:57.346	NewBlock 449, Chunks: 0,
2025-03-09 21:53:04.228	NewBlock 450, Chunks: 0,
2025-03-09 21:53:11.728	NewBlock 451, Chunks: 0,
2025-03-09 21:53:21.908	NewBlock 452, Chunks: 0,
2025-03-09 21:53:27.195	NewBlock 453, Chunks: 0,
2025-03-09 21:53:32.836	NewBlock 454, Chunks: 0,
2025-03-09 21:53:37.087	NewBlock 455, Chunks: 0,
2025-03-09 21:53:52.650	NewBlock 456, Chunks: 0,
2025-03-09 21:54:03.622	NewBlock 457, Chunks: 0,
2025-03-09 21:54:16.874	NewBlock 458, Chunks: 0,
2025-03-09 22:38:57.515	NewBlock 459, Chunks: 0,
2025-03-09 22:39:04.166	NewBlock 460, Chunks: 0,
2025-03-09 22:39:13.042	NewBlock 461, Chunks: 0,
2025-03-09 22:39:18.591	NewBlock 462, Chunks: 0,
2025-03-09 22:39:27.490	NewBlock 463, Chunks: 0,
2025-03-09 22:39:37.451	NewBlock 464, Chunks: 0,
2025-03-09 22:39:44.012	NewBlock 465, Chunks: 0,
2025-03-09 22:39:51.667	NewBlock 466, Chunks: 0,
2025-03-09 22:40:04.979	NewBlock 467, Chunks: 0,
2025-03-09 22:40:12.719	NewBlock 468, Chunks: 0,
2025-03-09 22:40:18.074	NewBlock 469, Chunks: 0,
2025-03-09 22:48:10.602	NewBlock 470, Chunks: 0,
2025-03-09 22:48:16.569	NewBlock 471, Chunks: 0,
2025-03-09 22:48:23.243	NewBlock 472, Chunks: 0,
2025-03-09 22:48:31.079	NewBlock 473, Chunks: 0,
2025-03-09 22:48:34.435	NewBlock 474, Chunks: 0,
2025-03-09 22:48:44.384	NewBlock 475, Chunks: 0,
2025-03-09 22:48:52.974	NewBlock 476, Chunks: 0,
2025-03-09 22:48:59.835	NewBlock 477, Chunks: 0,
2025-03-09 22:49:14.041	NewBlock 478, Chunks: 0,
2025-03-09 22:49:25.205	NewBlock 479, Chunks: 0,
2025-03-09 22:49:36.246	NewBlock 480, Chunks: 0,
2025-03-09 23:36:04.151	NewBlock 481, Chunks: 0,
2025-03-09 23:36:09.996	NewBlock 482, Chunks: 0,
2025-03-09 23:36:18.989	NewBlock 483, Chunks: 0,
2025-03-09 23:36:26.370	NewBlock 484, Chunks: 0,
2025-03-09 23:36:35.559	NewBlock 485, Chunks: 0,
2025-03-09 23:36:43.027	NewBlock 486, Chunks: 0,
2025-03-09 23:36:50.884	NewBlock 487, Chunks: 0,
2025-03-09 23:36:56.339	NewBlock 488, Chunks: 0,
2025-03-09 23:37:00.884	NewBlock 489, Chunks: 0,
2025-03-09 23:37:11.743	NewBlock 490, Chunks: 0,
2025-03-09 23:37:24.119	NewBlock 491, Chunks: 0,
2025-03-10 00:08:23.664	NewBlock 492, Chunks: 0,
2025-03-10 00:08:33.460	NewBlock 492, Chunks: 0,
2025-03-10 00:08:33.485	NewBlock 493, Chunks: 0,
2025-03-10 00:08:39.477	NewBlock 492, Chunks: 0,
2025-03-10 00:08:39.498	NewBlock 493, Chunks: 0,
2025-03-10 00:08:39.516	NewBlock 494, Chunks: 0,
2025-03-10 00:08:47.172	NewBlock 495, Chunks: 0,
2025-03-10 00:08:56.759	NewBlock 496, Chunks: 0,
2025-03-10 00:09:01.202	NewBlock 497, Chunks: 0,
2025-03-10 00:09:09.952	NewBlock 498, Chunks: 0,
2025-03-10 00:09:18.707	NewBlock 499, Chunks: 0,
2025-03-10 00:09:27.554	NewBlock 500, Chunks: 0,
2025-03-10 00:09:35.312	NewBlock 501, Chunks: 0,
2025-03-10 00:09:39.761	NewBlock 502, Chunks: 0,
2025-03-10 00:25:58.085	NewBlock 503, Chunks: 0,
2025-03-10 00:26:07.957	NewBlock 504, Chunks: 0,
2025-03-10 00:26:14.897	NewBlock 505, Chunks: 0,
2025-03-10 00:26:28.165	NewBlock 506, Chunks: 0,
2025-03-10 00:26:31.305	NewBlock 507, Chunks: 0,
2025-03-10 00:26:42.359	NewBlock 508, Chunks: 0,
2025-03-10 00:26:45.808	NewBlock 509, Chunks: 0,
2025-03-10 00:26:52.350	NewBlock 510, Chunks: 0,
2025-03-10 00:27:04.089	NewBlock 511, Chunks: 0,
2025-03-10 00:27:15.239	NewBlock 512, Chunks: 0,
2025-03-10 00:27:20.680	NewBlock 513, Chunks: 0,
2025-03-10 01:03:53.914	NewBlock 514, Chunks: 0,
2025-03-10 01:04:03.764	NewBlock 515, Chunks: 0,
2025-03-10 01:04:08.609	NewBlock 516, Chunks: 0,
2025-03-10 01:04:16.961	NewBlock 517, Chunks: 0,
2025-03-10 01:04:27.912	NewBlock 518, Chunks: 0,
2025-03-10 01:04:36.846	NewBlock 519, Chunks: 0,
2025-03-10 01:04:44.900	NewBlock 520, Chunks: 0,
2025-03-10 01:04:51.649	NewBlock 521, Chunks: 0,
2025-03-10 01:04:55.686	NewBlock 522, Chunks: 0,
2025-03-10 01:05:00.123	NewBlock 523, Chunks: 0,
2025-03-10 01:05:06.478	NewBlock 524, Chunks: 0,
2025-03-10 01:05:09.824	NewBlock 525, Chunks: 0,
2025-03-10 01:48:27.772	Entity (00000105, 0000000046b1a4a02cfd67a8ce306ad274bd9cd8) added successfully
2025-03-10 01:48:41.412	NewBlock 526, Chunks: 0,
2025-03-10 01:48:49.260	NewBlock 527, Chunks: 0,
2025-03-10 01:48:56.003	NewBlock 528, Chunks: 0,
2025-03-10 01:49:06.654	NewBlock 529, Chunks: 0,
2025-03-10 01:49:13.699	NewBlock 530, Chunks: 0,
2025-03-10 01:49:21.840	NewBlock 531, Chunks: 0,
2025-03-10 01:49:25.191	NewBlock 532, Chunks: 0,
2025-03-10 01:49:30.736	NewBlock 533, Chunks: 0,
2025-03-10 01:49:34.102	NewBlock 534, Chunks: 0,
2025-03-10 01:49:39.636	NewBlock 535, Chunks: 0,
2025-03-10 01:49:49.011	NewBlock 536, Chunks: 0,
2025-03-10 01:49:58.879	NewBlock 537, Chunks: 0,
2025-03-10 01:50:19.302	NewBlock 538, Chunks: 0,
2025-03-10 01:50:42.584	NewBlock 539, Chunks: 0,
2025-03-10 01:51:01.719	NewBlock 539, Chunks: 0,
2025-03-10 01:51:01.753	NewBlock 540, Chunks: 0,
2025-03-10 03:23:27.838	NewBlock 541, Chunks: 0,
2025-03-10 03:23:31.668	NewBlock 542, Chunks: 0,
2025-03-10 03:23:44.399	NewBlock 543, Chunks: 0,
2025-03-10 03:23:53.718	NewBlock 544, Chunks: 0,
2025-03-10 03:23:58.170	NewBlock 545, Chunks: 0,
2025-03-10 03:24:03.737	NewBlock 546, Chunks: 0,
2025-03-10 03:24:08.208	NewBlock 547, Chunks: 0,
2025-03-10 03:24:21.454	NewBlock 548, Chunks: 0,
2025-03-10 03:24:34.820	NewBlock 549, Chunks: 0,
2025-03-10 03:24:41.749	NewBlock 550, Chunks: 0,
2025-03-10 03:24:52.478	NewBlock 551, Chunks: 0,
2025-03-10 03:26:53.769	NewBlock 552, Chunks: 0,
2025-03-10 03:27:01.523	NewBlock 553, Chunks: 0,
2025-03-10 03:27:16.484	NewBlock 554, Chunks: 0,
2025-03-10 03:27:21.829	NewBlock 555, Chunks: 0,
2025-03-10 03:27:31.910	NewBlock 556, Chunks: 0,
2025-03-10 03:27:37.779	NewBlock 556, Chunks: 0,
2025-03-10 03:27:37.805	NewBlock 557, Chunks: 0,
2025-03-10 03:27:50.757	NewBlock 558, Chunks: 0,
2025-03-10 03:28:00.720	NewBlock 559, Chunks: 0,
2025-03-10 03:28:07.265	NewBlock 560, Chunks: 0,
2025-03-10 03:28:30.734	NewBlock 561, Chunks: 0,
2025-03-10 03:28:44.901	NewBlock 562, Chunks: 0,
2025-03-10 03:29:10.084	NewBlock 563, Chunks: 0,
2025-03-10 03:29:26.505	NewBlock 564, Chunks: 0,
2025-03-10 03:29:39.766	NewBlock 565, Chunks: 0,
2025-03-10 03:29:56.400	NewBlock 566, Chunks: 0,
2025-03-10 03:34:50.350	NewBlock 567, Chunks: 0,
2025-03-10 03:34:55.904	NewBlock 568, Chunks: 0,
2025-03-10 03:35:06.602	NewBlock 569, Chunks: 0,
2025-03-10 03:35:20.199	NewBlock 570, Chunks: 0,
2025-03-10 03:35:32.367	NewBlock 571, Chunks: 0,
2025-03-10 03:35:38.569	NewBlock 572, Chunks: 0,
2025-03-10 03:35:48.530	NewBlock 573, Chunks: 0,
2025-03-10 03:35:55.177	NewBlock 574, Chunks: 0,
2025-03-10 03:36:02.931	NewBlock 575, Chunks: 0,
2025-03-10 03:36:11.807	NewBlock 576, Chunks: 0,
2025-03-10 03:36:25.202	NewBlock 577, Chunks: 0,
2025-03-10 03:36:43.972	NewBlock 578, Chunks: 0,
2025-03-10 03:39:16.870	NewBlock 579, Chunks: 0,
2025-03-10 03:39:21.525	NewBlock 580, Chunks: 0,
2025-03-10 03:39:25.507	NewBlock 581, Chunks: 0,
2025-03-10 03:39:35.514	NewBlock 582, Chunks: 0,
2025-03-10 03:39:48.788	NewBlock 583, Chunks: 0,
2025-03-10 03:39:56.379	NewBlock 584, Chunks: 0,
2025-03-10 03:40:01.042	NewBlock 585, Chunks: 0,
2025-03-10 03:40:09.893	NewBlock 586, Chunks: 0,
2025-03-10 03:40:17.537	NewBlock 587, Chunks: 0,
2025-03-10 03:40:31.905	NewBlock 588, Chunks: 0,
2025-03-10 03:41:00.585	NewBlock 589, Chunks: 0,
2025-03-10 03:41:14.143	NewBlock 590, Chunks: 0,
2025-03-10 03:41:42.516	NewBlock 591, Chunks: 0,
2025-03-10 03:41:53.573	NewBlock 592, Chunks: 0,
2025-03-10 03:42:03.246	NewBlock 593, Chunks: 0,
2025-03-10 03:42:22.404	NewBlock 594, Chunks: 0,
2025-03-10 03:42:42.861	NewBlock 595, Chunks: 0,
2025-03-10 03:42:50.302	NewBlock 596, Chunks: 0,
2025-03-10 03:43:01.657	NewBlock 597, Chunks: 0,
2025-03-10 03:43:22.260	NewBlock 598, Chunks: 0,
2025-03-10 03:43:33.345	NewBlock 599, Chunks: 0,
2025-03-10 03:52:55.093	NewBlock 600, Chunks: 0,
2025-03-10 03:52:58.137	NewBlock 601, Chunks: 0,
2025-03-10 03:53:08.878	NewBlock 602, Chunks: 0,
2025-03-10 03:53:16.627	NewBlock 603, Chunks: 0,
2025-03-10 03:53:23.290	NewBlock 604, Chunks: 0,
2025-03-10 03:53:27.739	NewBlock 605, Chunks: 0,
2025-03-10 03:53:34.397	NewBlock 606, Chunks: 0,
2025-03-10 03:53:40.156	NewBlock 607, Chunks: 0,
2025-03-10 03:53:46.554	NewBlock 608, Chunks: 0,
2025-03-10 03:53:53.511	NewBlock 609, Chunks: 0,
2025-03-10 03:54:02.023	NewBlock 610, Chunks: 0,
2025-03-10 04:02:33.828	NewBlock 611, Chunks: 0,
2025-03-10 04:02:38.298	NewBlock 612, Chunks: 0,
2025-03-10 04:02:52.616	NewBlock 613, Chunks: 0,
2025-03-10 04:02:52.671	NewBlock 614, Chunks: 0,
2025-03-10 04:03:04.589	NewBlock 615, Chunks: 0,
2025-03-10 04:03:12.534	NewBlock 616, Chunks: 0,
2025-03-10 04:03:21.362	NewBlock 617, Chunks: 0,
2025-03-10 04:03:27.927	NewBlock 618, Chunks: 0,
2025-03-10 04:03:36.897	NewBlock 619, Chunks: 0,
2025-03-10 04:03:45.669	NewBlock 620, Chunks: 0,
2025-03-10 04:03:53.127	NewBlock 621, Chunks: 0,
2025-03-10 04:04:05.396	NewBlock 622, Chunks: 0,
2025-03-10 04:04:26.338	NewBlock 623, Chunks: 0,
2025-03-10 04:10:49.284	NewBlock 624, Chunks: 0,
2025-03-10 04:10:54.680	NewBlock 625, Chunks: 0,
2025-03-10 04:11:03.429	NewBlock 626, Chunks: 0,
2025-03-10 04:11:12.271	NewBlock 627, Chunks: 0,
2025-03-10 04:11:21.229	NewBlock 628, Chunks: 0,
2025-03-10 04:11:28.938	NewBlock 629, Chunks: 0,
2025-03-10 04:11:35.594	NewBlock 630, Chunks: 0,
2025-03-10 04:11:43.304	NewBlock 631, Chunks: 0,
2025-03-10 04:11:47.741	NewBlock 632, Chunks: 0,
2025-03-10 04:12:04.172	NewBlock 633, Chunks: 0,
2025-03-10 04:12:08.689	NewBlock 634, Chunks: 0,
2025-03-10 04:12:33.958	NewBlock 635, Chunks: 0,
2025-03-10 04:13:00.516	NewBlock 636, Chunks: 0,
2025-03-10 04:13:19.988	NewBlock 637, Chunks: 0,
2025-03-10 04:13:40.177	NewBlock 638, Chunks: 0,
2025-03-10 04:13:50.130	NewBlock 639, Chunks: 0,
2025-03-10 04:14:01.190	NewBlock 640, Chunks: 0,
2025-03-10 04:14:15.538	NewBlock 641, Chunks: 0,
2025-03-10 04:14:28.793	NewBlock 642, Chunks: 0,
2025-03-10 04:14:37.660	NewBlock 643, Chunks: 0,
2025-03-10 04:14:53.746	NewBlock 644, Chunks: 0,
2025-03-10 04:18:06.792	NewBlock 645, Chunks: 0,
2025-03-10 04:18:15.199	NewBlock 646, Chunks: 0,
2025-03-10 04:18:22.940	NewBlock 647, Chunks: 0,
2025-03-10 04:18:29.940	NewBlock 648, Chunks: 0,
2025-03-10 04:18:40.988	NewBlock 649, Chunks: 0,
2025-03-10 04:18:49.835	NewBlock 650, Chunks: 0,
2025-03-10 04:18:58.269	NewBlock 650, Chunks: 0,
2025-03-10 04:18:58.288	NewBlock 651, Chunks: 0,
2025-03-10 04:19:02.728	NewBlock 652, Chunks: 0,
2025-03-10 04:19:07.878	NewBlock 653, Chunks: 0,
2025-03-10 04:19:19.038	NewBlock 654, Chunks: 0,
2025-03-10 04:19:39.395	NewBlock 655, Chunks: 0,
2025-03-10 04:20:02.244	NewBlock 656, Chunks: 0,
2025-03-10 04:20:29.745	NewBlock 657, Chunks: 0,
2025-03-10 04:20:39.709	NewBlock 658, Chunks: 0,
2025-03-10 04:20:58.682	NewBlock 659, Chunks: 0,
2025-03-10 04:21:11.587	NewBlock 660, Chunks: 0,
2025-03-10 04:21:18.343	NewBlock 661, Chunks: 0,
2025-03-10 04:21:38.815	NewBlock 662, Chunks: 0,
2025-03-10 04:21:46.677	NewBlock 663, Chunks: 0,
2025-03-10 04:22:05.859	NewBlock 664, Chunks: 0,
2025-03-10 04:22:19.626	NewBlock 665, Chunks: 0,
2025-03-10 04:30:27.202	NewBlock 666, Chunks: 0,
2025-03-10 04:30:35.166	NewBlock 667, Chunks: 0,
2025-03-10 04:30:47.431	NewBlock 668, Chunks: 0,
2025-03-10 04:30:55.088	NewBlock 669, Chunks: 0,
2025-03-10 04:31:00.226	NewBlock 670, Chunks: 0,
2025-03-10 04:31:17.975	NewBlock 671, Chunks: 0,
2025-03-10 04:31:22.218	NewBlock 672, Chunks: 0,
2025-03-10 04:31:26.658	NewBlock 673, Chunks: 0,
2025-03-10 04:31:31.295	NewBlock 674, Chunks: 0,
2025-03-10 04:31:37.730	NewBlock 675, Chunks: 0,
2025-03-10 04:31:46.673	NewBlock 676, Chunks: 0,
2025-03-10 04:42:37.306	NewBlock 677, Chunks: 0,
2025-03-10 04:42:49.261	NewBlock 678, Chunks: 0,
2025-03-10 04:42:57.919	NewBlock 679, Chunks: 0,
2025-03-10 04:43:10.174	NewBlock 680, Chunks: 0,
2025-03-10 04:43:19.143	NewBlock 681, Chunks: 0,
2025-03-10 04:43:26.699	NewBlock 682, Chunks: 0,
2025-03-10 04:43:32.341	NewBlock 683, Chunks: 0,
2025-03-10 04:43:35.601	NewBlock 684, Chunks: 0,
2025-03-10 04:43:47.760	NewBlock 685, Chunks: 0,
2025-03-10 04:43:51.097	NewBlock 686, Chunks: 0,
2025-03-10 04:44:02.053	NewBlock 687, Chunks: 0,
2025-03-10 04:54:02.939	NewBlock 688, Chunks: 0,
2025-03-10 04:54:14.007	NewBlock 689, Chunks: 0,
2025-03-10 04:54:18.358	NewBlock 690, Chunks: 0,
2025-03-10 04:54:22.803	NewBlock 691, Chunks: 0,
2025-03-10 04:54:36.067	NewBlock 692, Chunks: 0,
2025-03-10 04:54:49.234	NewBlock 693, Chunks: 0,
2025-03-10 04:54:54.683	NewBlock 694, Chunks: 0,
2025-03-10 04:55:00.330	NewBlock 695, Chunks: 0,
2025-03-10 04:55:11.194	NewBlock 696, Chunks: 0,
2025-03-10 04:55:28.060	NewBlock 697, Chunks: 0,
2025-03-10 04:55:32.106	NewBlock 698, Chunks: 0,
2025-03-10 04:56:31.844	NewBlock 699, Chunks: 0,
2025-03-10 04:56:37.106	NewBlock 700, Chunks: 0,
2025-03-10 04:56:52.753	NewBlock 701, Chunks: 0,
2025-03-10 04:56:56.187	NewBlock 702, Chunks: 0,
2025-03-10 04:57:09.135	NewBlock 703, Chunks: 0,
2025-03-10 04:57:24.701	NewBlock 704, Chunks: 0,
2025-03-10 04:57:39.414	NewBlock 705, Chunks: 0,
2025-03-10 04:57:51.561	NewBlock 706, Chunks: 0,
2025-03-10 04:58:06.710	NewBlock 707, Chunks: 0,
2025-03-10 04:58:22.081	NewBlock 708, Chunks: 0,
2025-03-10 04:58:46.161	NewBlock 709, Chunks: 0,
2025-03-10 04:58:58.513	NewBlock 710, Chunks: 0,
2025-03-10 04:59:13.965	NewBlock 711, Chunks: 0,
2025-03-10 05:07:59.978	NewBlock 712, Chunks: 0,
2025-03-10 05:08:06.432	NewBlock 713, Chunks: 0,
2025-03-10 05:08:12.341	NewBlock 714, Chunks: 0,
2025-03-10 05:08:18.595	NewBlock 715, Chunks: 0,
2025-03-10 05:08:26.443	NewBlock 716, Chunks: 0,
2025-03-10 05:08:33.324	NewBlock 717, Chunks: 0,
2025-03-10 05:08:44.105	NewBlock 718, Chunks: 0,
2025-03-10 05:08:55.377	NewBlock 719, Chunks: 0,
2025-03-10 05:08:59.828	NewBlock 720, Chunks: 0,
2025-03-10 05:09:05.379	NewBlock 721, Chunks: 0,
2025-03-10 05:09:13.692	NewBlock 722, Chunks: 0,
2025-03-10 05:09:23.731	NewBlock 723, Chunks: 0,
2025-03-10 05:09:44.793	NewBlock 724, Chunks: 0,
2025-03-10 05:10:12.275	NewBlock 725, Chunks: 0,
2025-03-10 05:10:35.350	NewBlock 726, Chunks: 0,
2025-03-10 05:10:56.313	NewBlock 727, Chunks: 0,
2025-03-10 05:11:04.175	NewBlock 727, Chunks: 0,
2025-03-10 05:11:04.195	NewBlock 728, Chunks: 0,
2025-03-10 05:11:11.763	NewBlock 729, Chunks: 0,
2025-03-10 05:11:31.459	NewBlock 730, Chunks: 0,
2025-03-10 05:11:40.428	NewBlock 731, Chunks: 0,
2025-03-10 05:11:55.816	NewBlock 732, Chunks: 0,
2025-03-10 05:12:11.188	NewBlock 733, Chunks: 0,
2025-03-10 05:12:28.044	NewBlock 734, Chunks: 0,
2025-03-10 05:12:38.896	NewBlock 735, Chunks: 0,
2025-03-10 05:12:59.780	NewBlock 736, Chunks: 0,
2025-03-10 05:13:13.880	NewBlock 737, Chunks: 0,
2025-03-10 05:13:25.151	NewBlock 738, Chunks: 0,
2025-03-10 05:13:39.521	NewBlock 739, Chunks: 0,
2025-03-10 05:13:58.287	NewBlock 740, Chunks: 0,
2025-03-10 05:14:17.726	NewBlock 741, Chunks: 0,
2025-03-10 05:14:29.777	NewBlock 742, Chunks: 0,
2025-03-10 05:14:39.058	NewBlock 743, Chunks: 0,
2025-03-10 05:14:54.159	NewBlock 744, Chunks: 0,
2025-03-10 05:15:13.209	NewBlock 745, Chunks: 0,
2025-03-10 05:15:26.455	NewBlock 746, Chunks: 0,
2025-03-10 05:15:51.489	NewBlock 747, Chunks: 0,
2025-03-10 05:16:03.910	NewBlock 748, Chunks: 0,
2025-03-10 05:16:19.158	NewBlock 749, Chunks: 0,
2025-03-10 05:16:31.106	NewBlock 750, Chunks: 0,
2025-03-10 05:16:49.068	NewBlock 751, Chunks: 0,
2025-03-10 05:16:58.571	NewBlock 752, Chunks: 0,
2025-03-10 05:17:20.655	NewBlock 753, Chunks: 0,
2025-03-10 05:17:31.719	NewBlock 754, Chunks: 0,
2025-03-10 05:17:41.777	NewBlock 755, Chunks: 0,
2025-03-10 05:17:58.443	NewBlock 756, Chunks: 0,
2025-03-10 05:18:22.713	NewBlock 757, Chunks: 0,
2025-03-10 05:18:32.580	NewBlock 758, Chunks: 0,
2025-03-10 05:18:49.248	NewBlock 759, Chunks: 0,
2025-03-10 05:20:13.750	NewBlock 760, Chunks: 0,
2025-03-10 05:20:20.105	NewBlock 761, Chunks: 0,
2025-03-10 05:20:34.557	NewBlock 762, Chunks: 0,
2025-03-10 05:20:43.715	NewBlock 763, Chunks: 0,
2025-03-10 05:20:54.499	NewBlock 764, Chunks: 0,
2025-03-10 05:21:04.443	NewBlock 765, Chunks: 0,
2025-03-10 05:21:13.298	NewBlock 766, Chunks: 0,
2025-03-10 05:21:23.155	NewBlock 767, Chunks: 0,
2025-03-10 05:21:41.914	NewBlock 768, Chunks: 0,
2025-03-10 05:21:56.476	NewBlock 769, Chunks: 0,
2025-03-10 05:22:23.872	NewBlock 770, Chunks: 0,
2025-03-10 05:22:30.530	NewBlock 771, Chunks: 0,
2025-03-10 05:22:52.314	NewBlock 772, Chunks: 0,
2025-03-10 05:23:03.513	NewBlock 773, Chunks: 0,
2025-03-10 05:23:27.606	NewBlock 774, Chunks: 0,
2025-03-10 05:23:39.773	NewBlock 775, Chunks: 0,
2025-03-10 05:23:49.812	NewBlock 776, Chunks: 0,
2025-03-10 05:24:10.686	NewBlock 777, Chunks: 0,
2025-03-10 05:24:16.142	NewBlock 778, Chunks: 0,
2025-03-10 05:24:33.899	NewBlock 779, Chunks: 0,
2025-03-10 05:24:51.557	NewBlock 780, Chunks: 0,
2025-03-10 05:25:03.499	NewBlock 781, Chunks: 0,
2025-03-10 05:25:22.358	NewBlock 782, Chunks: 0,
2025-03-10 05:25:35.619	NewBlock 783, Chunks: 0,
2025-03-10 05:25:52.089	NewBlock 784, Chunks: 0,
2025-03-10 05:26:04.151	NewBlock 785, Chunks: 0,
2025-03-10 05:26:28.470	NewBlock 786, Chunks: 0,
2025-03-10 05:26:35.868	NewBlock 787, Chunks: 0,
2025-03-10 05:26:50.219	NewBlock 788, Chunks: 0,
2025-03-10 05:27:03.463	NewBlock 789, Chunks: 0,
2025-03-10 05:27:20.274	NewBlock 790, Chunks: 0,
2025-03-10 05:27:44.275	NewBlock 791, Chunks: 0,
2025-03-10 05:27:53.390	NewBlock 791, Chunks: 0,
2025-03-10 05:27:53.431	NewBlock 792, Chunks: 0,
2025-03-10 05:28:09.890	NewBlock 793, Chunks: 0,
2025-03-10 05:28:26.261	NewBlock 794, Chunks: 0,
2025-03-10 05:28:40.727	NewBlock 795, Chunks: 0,
2025-03-10 05:28:56.283	NewBlock 796, Chunks: 0,
2025-03-10 05:29:04.934	NewBlock 797, Chunks: 0,
2025-03-10 05:29:27.008	NewBlock 798, Chunks: 0,
2025-03-10 05:29:39.275	NewBlock 799, Chunks: 0,
2025-03-10 05:29:57.840	NewBlock 800, Chunks: 0,
2025-03-10 05:30:12.208	NewBlock 801, Chunks: 0,
2025-03-10 05:30:31.978	NewBlock 802, Chunks: 0,
2025-03-10 05:30:40.935	NewBlock 803, Chunks: 0,
2025-03-10 05:30:52.805	NewBlock 804, Chunks: 0,
2025-03-10 05:31:09.681	NewBlock 805, Chunks: 0,
2025-03-10 05:31:26.263	NewBlock 806, Chunks: 0,
2025-03-10 05:37:00.894	NewBlock 807, Chunks: 0,
2025-03-10 05:37:10.452	NewBlock 808, Chunks: 0,
2025-03-10 05:37:16.093	NewBlock 809, Chunks: 0,
2025-03-10 05:37:28.258	NewBlock 810, Chunks: 0,
2025-03-10 05:37:32.601	NewBlock 811, Chunks: 0,
2025-03-10 05:37:38.244	NewBlock 812, Chunks: 0,
2025-03-10 05:37:42.600	NewBlock 813, Chunks: 0,
2025-03-10 05:37:52.650	NewBlock 814, Chunks: 0,
2025-03-10 05:37:58.206	NewBlock 815, Chunks: 0,
2025-03-10 05:38:11.282	NewBlock 816, Chunks: 0,
2025-03-10 05:38:15.944	NewBlock 817, Chunks: 0,
2025-03-10 05:38:39.944	NewBlock 818, Chunks: 0,
2025-03-10 05:41:44.915	NewBlock 819, Chunks: 0,
2025-03-10 05:41:54.892	NewBlock 820, Chunks: 0,
2025-03-10 05:42:04.950	NewBlock 821, Chunks: 0,
2025-03-10 05:42:10.330	NewBlock 822, Chunks: 0,
2025-03-10 05:42:15.003	NewBlock 823, Chunks: 0,
2025-03-10 05:42:20.283	NewBlock 824, Chunks: 0,
2025-03-10 05:42:24.879	NewBlock 824, Chunks: 0,
2025-03-10 05:42:24.900	NewBlock 825, Chunks: 0,
2025-03-10 05:42:31.748	NewBlock 826, Chunks: 0,
2025-03-10 05:42:35.999	NewBlock 827, Chunks: 0,
2025-03-10 05:42:54.795	NewBlock 828, Chunks: 0,
2025-03-10 05:43:15.395	NewBlock 829, Chunks: 0,
2025-03-10 05:45:30.041	NewBlock 830, Chunks: 0,
2025-03-10 05:45:33.403	NewBlock 831, Chunks: 0,
2025-03-10 05:45:44.468	NewBlock 832, Chunks: 0,
2025-03-10 05:45:50.031	NewBlock 833, Chunks: 0,
2025-03-10 05:45:59.291	NewBlock 834, Chunks: 0,
2025-03-10 05:46:05.543	NewBlock 835, Chunks: 0,
2025-03-10 05:46:12.187	NewBlock 836, Chunks: 0,
2025-03-10 05:46:16.834	NewBlock 837, Chunks: 0,
2025-03-10 05:46:28.098	NewBlock 838, Chunks: 0,
2025-03-10 05:46:47.979	NewBlock 839, Chunks: 0,
2025-03-10 05:47:08.445	NewBlock 840, Chunks: 0,
2025-03-10 05:47:27.109	NewBlock 841, Chunks: 0,
2025-03-10 07:07:44.193	NewBlock 842, Chunks: 0,
2025-03-10 07:07:49.444	NewBlock 843, Chunks: 0,
2025-03-10 07:07:55.984	NewBlock 844, Chunks: 0,
2025-03-10 07:08:01.533	NewBlock 845, Chunks: 0,
2025-03-10 07:08:10.597	NewBlock 846, Chunks: 0,
2025-03-10 07:08:19.151	NewBlock 847, Chunks: 0,
2025-03-10 07:08:24.890	NewBlock 848, Chunks: 0,
2025-03-10 07:08:30.231	NewBlock 849, Chunks: 0,
2025-03-10 07:08:43.472	NewBlock 850, Chunks: 0,
2025-03-10 07:08:53.561	NewBlock 850, Chunks: 0,
2025-03-10 07:08:53.590	NewBlock 851, Chunks: 0,
2025-03-10 07:09:02.143	NewBlock 852, Chunks: 0,
2025-03-10 07:34:05.616	NewBlock 853, Chunks: 0,
2025-03-10 07:34:16.791	NewBlock 854, Chunks: 0,
2025-03-10 07:34:19.740	NewBlock 855, Chunks: 0,
2025-03-10 07:34:26.596	NewBlock 856, Chunks: 0,
2025-03-10 07:34:31.658	NewBlock 857, Chunks: 0,
2025-03-10 07:34:36.383	NewBlock 857, Chunks: 0,
2025-03-10 07:34:36.402	NewBlock 858, Chunks: 0,
2025-03-10 07:34:45.357	NewBlock 859, Chunks: 0,
2025-03-10 07:34:55.205	NewBlock 860, Chunks: 0,
2025-03-10 07:34:59.748	NewBlock 861, Chunks: 0,
2025-03-10 07:35:15.311	NewBlock 862, Chunks: 0,
2025-03-10 07:35:19.556	NewBlock 863, Chunks: 0,
2025-03-10 17:24:25.825	NewBlock 864, Chunks: 0,
2025-03-10 17:24:29.977	NewBlock 865, Chunks: 0,
2025-03-10 17:24:37.722	NewBlock 866, Chunks: 0,
2025-03-10 17:24:50.542	NewBlock 867, Chunks: 0,
2025-03-10 17:24:57.635	NewBlock 867, Chunks: 0,
2025-03-10 17:24:57.655	NewBlock 868, Chunks: 0,
2025-03-10 17:25:04.892	NewBlock 869, Chunks: 0,
2025-03-10 17:25:09.355	NewBlock 870, Chunks: 0,
2025-03-10 17:25:19.736	NewBlock 871, Chunks: 0,
2025-03-10 17:25:24.179	NewBlock 872, Chunks: 0,
2025-03-10 17:25:37.442	NewBlock 873, Chunks: 0,
2025-03-10 17:25:42.678	NewBlock 874, Chunks: 0,
2025-03-10 17:25:42.930	NewBlock 875, Chunks: 0,
2025-03-10 17:27:42.475	NewBlock 876, Chunks: 0,
2025-03-10 17:27:43.015	NewBlock 877, Chunks: 0,
2025-03-10 17:27:47.169	NewBlock 878, Chunks: 0,
2025-03-10 17:27:55.130	NewBlock 879, Chunks: 0,
2025-03-10 17:27:58.579	NewBlock 880, Chunks: 0,
2025-03-10 17:28:05.748	NewBlock 881, Chunks: 0,
2025-03-10 17:28:21.429	NewBlock 882, Chunks: 0,
2025-03-10 17:28:36.815	NewBlock 883, Chunks: 0,
2025-03-10 17:28:50.100	NewBlock 884, Chunks: 0,
2025-03-10 17:29:09.994	NewBlock 885, Chunks: 0,
2025-03-10 17:29:23.456	NewBlock 886, Chunks: 0,
2025-03-10 17:38:50.295	NewBlock 887, Chunks: 0,
2025-03-10 17:38:57.847	NewBlock 888, Chunks: 0,
2025-03-10 17:39:04.015	NewBlock 889, Chunks: 0,
2025-03-10 17:39:10.791	NewBlock 890, Chunks: 0,
2025-03-10 17:39:20.961	NewBlock 891, Chunks: 0,
2025-03-10 17:39:27.512	NewBlock 892, Chunks: 0,
2025-03-10 17:39:31.876	NewBlock 893, Chunks: 0,
2025-03-10 17:39:43.031	NewBlock 894, Chunks: 0,
2025-03-10 17:39:46.373	NewBlock 895, Chunks: 0,
2025-03-10 17:39:53.030	NewBlock 896, Chunks: 0,
2025-03-10 17:40:00.578	NewBlock 897, Chunks: 0,
2025-03-10 17:40:19.558	NewBlock 898, Chunks: 0,
2025-03-10 17:40:41.428	NewBlock 899, Chunks: 0,
2025-03-10 17:41:07.093	NewBlock 900, Chunks: 0,
2025-03-10 17:41:24.571	NewBlock 901, Chunks: 0,
2025-03-10 17:41:38.545	NewBlock 902, Chunks: 0,
2025-03-10 17:41:51.881	NewBlock 903, Chunks: 0,
2025-03-10 17:42:02.950	NewBlock 904, Chunks: 0,
2025-03-10 17:42:28.160	NewBlock 905, Chunks: 0,
2025-03-10 17:42:33.930	NewBlock 905, Chunks: 0,
2025-03-10 17:42:33.950	NewBlock 906, Chunks: 0,
2025-03-10 17:42:47.148	NewBlock 907, Chunks: 0,
2025-03-10 17:43:08.106	NewBlock 908, Chunks: 0,
2025-03-10 17:43:13.766	NewBlock 909, Chunks: 0,
2025-03-10 17:43:30.198	NewBlock 910, Chunks: 0,
2025-03-10 17:43:51.290	NewBlock 911, Chunks: 0,
2025-03-10 17:44:07.839	NewBlock 912, Chunks: 0,
2025-03-10 17:44:22.307	NewBlock 913, Chunks: 0,
2025-03-10 17:44:34.259	NewBlock 914, Chunks: 0,
2025-03-10 17:44:47.740	NewBlock 915, Chunks: 0,
2025-03-10 17:45:07.254	NewBlock 916, Chunks: 0,
2025-03-10 17:45:19.395	NewBlock 917, Chunks: 0,
2025-03-10 17:45:38.142	NewBlock 918, Chunks: 0,
2025-03-10 17:50:46.494	NewBlock 919, Chunks: 0,
2025-03-10 17:50:50.690	NewBlock 920, Chunks: 0,
2025-03-10 17:50:58.463	NewBlock 921, Chunks: 0,
2025-03-10 17:51:07.270	NewBlock 922, Chunks: 0,
2025-03-10 17:51:16.133	NewBlock 923, Chunks: 0,
2025-03-10 17:51:27.117	NewBlock 924, Chunks: 0,
2025-03-10 17:51:35.953	NewBlock 925, Chunks: 0,
2025-03-10 17:51:44.733	NewBlock 926, Chunks: 0,
2025-03-10 17:51:50.292	NewBlock 927, Chunks: 0,
2025-03-10 17:51:57.087	NewBlock 928, Chunks: 0,
2025-03-10 17:52:09.044	NewBlock 929, Chunks: 0,
2025-03-10 17:52:31.096	NewBlock 930, Chunks: 0,
2025-03-10 17:52:51.059	NewBlock 931, Chunks: 0,
2025-03-10 17:53:16.341	NewBlock 932, Chunks: 0,
2025-03-10 17:53:31.605	NewBlock 933, Chunks: 0,
2025-03-10 17:53:43.787	NewBlock 933, Chunks: 0,
2025-03-10 17:53:43.806	NewBlock 934, Chunks: 0,
2025-03-10 17:53:59.152	NewBlock 935, Chunks: 0,
2025-03-10 17:54:08.078	NewBlock 936, Chunks: 0,
2025-03-10 17:54:24.656	NewBlock 937, Chunks: 0,
2025-03-10 17:56:29.112	NewBlock 938, Chunks: 0,
2025-03-10 17:56:42.278	NewBlock 939, Chunks: 0,
2025-03-10 17:56:47.574	NewBlock 940, Chunks: 0,
2025-03-10 17:56:54.536	NewBlock 941, Chunks: 0,
2025-03-10 17:57:00.837	NewBlock 942, Chunks: 0,
2025-03-10 17:57:09.809	NewBlock 943, Chunks: 0,
2025-03-10 17:57:23.999	NewBlock 944, Chunks: 0,
2025-03-10 17:57:33.938	NewBlock 945, Chunks: 0,
2025-03-10 17:57:40.606	NewBlock 946, Chunks: 0,
2025-03-10 17:57:57.109	NewBlock 947, Chunks: 0,
2025-03-10 17:58:14.785	NewBlock 948, Chunks: 0,
2025-03-10 18:53:25.863	NewBlock 949, Chunks: 0,
2025-03-10 18:53:34.545	NewBlock 950, Chunks: 0,
2025-03-10 18:53:42.290	NewBlock 951, Chunks: 0,
2025-03-10 18:53:53.412	NewBlock 952, Chunks: 0,
2025-03-10 18:54:07.768	NewBlock 953, Chunks: 0,
2025-03-10 18:54:14.350	NewBlock 954, Chunks: 0,
2025-03-10 18:54:27.618	NewBlock 955, Chunks: 0,
2025-03-10 18:54:34.293	NewBlock 956, Chunks: 0,
2025-03-10 18:54:42.047	NewBlock 957, Chunks: 0,
2025-03-10 18:54:50.920	NewBlock 958, Chunks: 0,
2025-03-10 18:55:00.542	NewBlock 959, Chunks: 0,
2025-03-10 18:55:06.486	NewBlock 960, Chunks: 0,
2025-03-10 18:55:28.615	NewBlock 961, Chunks: 0,
2025-03-10 18:55:49.076	NewBlock 962, Chunks: 0,
2025-03-10 18:56:20.424	NewBlock 963, Chunks: 0,
2025-03-10 18:56:30.172	NewBlock 964, Chunks: 0,
2025-03-10 19:19:01.483	NewBlock 965, Chunks: 0,
2025-03-10 19:19:06.102	NewBlock 966, Chunks: 0,
2025-03-10 19:19:13.444	NewBlock 967, Chunks: 0,
2025-03-10 19:19:18.085	NewBlock 968, Chunks: 0,
2025-03-10 19:19:24.894	NewBlock 969, Chunks: 0,
2025-03-10 19:19:30.470	NewBlock 970, Chunks: 0,
2025-03-10 19:19:38.778	NewBlock 971, Chunks: 0,
2025-03-10 19:19:43.239	NewBlock 972, Chunks: 0,
2025-03-10 19:19:54.398	NewBlock 973, Chunks: 0,
2025-03-10 19:20:04.355	NewBlock 974, Chunks: 0,
2025-03-10 19:20:07.501	NewBlock 975, Chunks: 0,
2025-03-10 19:35:53.248	NewBlock 976, Chunks: 0,
2025-03-10 19:36:01.991	NewBlock 977, Chunks: 0,
2025-03-10 19:36:08.311	NewBlock 978, Chunks: 0,
2025-03-10 19:36:14.143	NewBlock 979, Chunks: 0,
2025-03-10 19:36:24.115	NewBlock 980, Chunks: 0,
2025-03-10 19:36:27.459	NewBlock 981, Chunks: 0,
2025-03-10 19:36:38.517	NewBlock 982, Chunks: 0,
2025-03-10 19:36:46.260	NewBlock 983, Chunks: 0,
2025-03-10 19:36:52.416	NewBlock 984, Chunks: 0,
2025-03-10 19:37:01.367	NewBlock 985, Chunks: 0,
2025-03-10 19:37:08.120	NewBlock 986, Chunks: 0,
2025-03-10 19:37:16.878	NewBlock 987, Chunks: 0,
2025-03-10 19:37:40.171	NewBlock 988, Chunks: 0,
2025-03-10 19:38:08.950	NewBlock 989, Chunks: 0,
2025-03-10 19:38:28.658	NewBlock 990, Chunks: 0,
2025-03-10 19:38:43.142	NewBlock 991, Chunks: 0,
2025-03-10 19:38:54.031	NewBlock 992, Chunks: 0,
2025-03-10 19:39:07.344	NewBlock 993, Chunks: 0,
2025-03-10 19:39:21.657	NewBlock 994, Chunks: 0,
2025-03-10 19:39:31.592	NewBlock 995, Chunks: 0,
2025-03-10 19:40:17.779	NewBlock 996, Chunks: 0,
2025-03-10 19:40:30.039	NewBlock 997, Chunks: 0,
2025-03-10 19:40:34.356	NewBlock 998, Chunks: 0,
2025-03-10 19:40:42.486	NewBlock 999, Chunks: 0,
2025-03-10 19:40:57.447	NewBlock 1000, Chunks: 0,
2025-03-10 19:41:11.917	NewBlock 1001, Chunks: 0,
2025-03-10 19:41:29.435	NewBlock 1002, Chunks: 0,
2025-03-10 19:41:39.414	NewBlock 1003, Chunks: 0,
2025-03-10 19:42:04.775	NewBlock 1004, Chunks: 0,
2025-03-10 19:42:17.979	NewBlock 1005, Chunks: 0,
2025-03-10 19:42:37.867	NewBlock 1006, Chunks: 0,
2025-03-10 19:42:44.459	NewBlock 1007, Chunks: 0,
2025-03-10 19:43:04.438	NewBlock 1008, Chunks: 0,
2025-03-10 20:03:44.780	NewBlock 1009, Chunks: 0,
2025-03-10 20:03:54.735	NewBlock 1010, Chunks: 0,
2025-03-10 20:03:59.984	NewBlock 1011, Chunks: 0,
2025-03-10 20:04:06.758	NewBlock 1011, Chunks: 0,
2025-03-10 20:04:06.778	NewBlock 1012, Chunks: 0,
2025-03-10 20:04:15.825	NewBlock 1013, Chunks: 0,
2025-03-10 20:04:26.490	NewBlock 1014, Chunks: 0,
2025-03-10 20:04:31.957	NewBlock 1015, Chunks: 0,
2025-03-10 20:04:38.759	NewBlock 1016, Chunks: 0,
2025-03-10 20:04:45.409	NewBlock 1017, Chunks: 0,
2025-03-10 20:04:52.945	NewBlock 1018, Chunks: 0,
2025-03-10 20:05:03.186	NewBlock 1019, Chunks: 0,
2025-03-10 20:09:17.354	NewBlock 1020, Chunks: 0,
2025-03-10 20:09:29.316	NewBlock 1021, Chunks: 0,
2025-03-10 20:09:43.581	NewBlock 1022, Chunks: 0,
2025-03-10 20:09:52.562	NewBlock 1022, Chunks: 0,
2025-03-10 20:09:52.583	NewBlock 1023, Chunks: 0,
2025-03-10 20:09:56.925	NewBlock 1024, Chunks: 0,
2025-03-10 20:10:05.889	NewBlock 1025, Chunks: 0,
2025-03-10 20:10:15.856	NewBlock 1026, Chunks: 0,
2025-03-10 20:10:24.622	NewBlock 1027, Chunks: 0,
2025-03-10 20:10:38.991	NewBlock 1028, Chunks: 0,
2025-03-10 20:10:44.542	NewBlock 1029, Chunks: 0,
2025-03-10 20:10:48.890	NewBlock 1030, Chunks: 0,
2025-03-10 20:12:28.692	NewBlock 1031, Chunks: 0,
2025-03-10 20:12:45.234	NewBlock 1032, Chunks: 0,
2025-03-10 20:12:56.688	NewBlock 1031, Chunks: 0,
2025-03-10 20:12:56.721	NewBlock 1032, Chunks: 0,
2025-03-10 20:12:56.754	NewBlock 1033, Chunks: 0,
2025-03-10 20:13:01.781	NewBlock 1034, Chunks: 0,
2025-03-10 20:13:06.735	NewBlock 1034, Chunks: 0,
2025-03-10 20:13:06.756	NewBlock 1035, Chunks: 0,
2025-03-10 20:13:11.094	NewBlock 1036, Chunks: 0,
2025-03-10 20:13:22.071	NewBlock 1037, Chunks: 0,
2025-03-10 20:13:35.339	NewBlock 1038, Chunks: 0,
2025-03-10 20:13:55.236	NewBlock 1039, Chunks: 0,
2025-03-10 20:14:16.661	NewBlock 1040, Chunks: 0,
2025-03-10 20:14:31.649	NewBlock 1041, Chunks: 0,
2025-03-10 20:14:46.906	NewBlock 1042, Chunks: 0,
2025-03-10 20:15:12.189	NewBlock 1043, Chunks: 0,
2025-03-10 20:15:25.442	NewBlock 1044, Chunks: 0,
2025-03-10 20:15:39.804	NewBlock 1045, Chunks: 0,
2025-03-10 20:15:44.344	NewBlock 1046, Chunks: 0,
2025-03-10 20:16:01.707	NewBlock 1047, Chunks: 0,
2025-03-10 20:16:13.087	NewBlock 1048, Chunks: 0,
2025-03-10 20:16:31.663	NewBlock 1049, Chunks: 0,
2025-03-10 20:16:49.225	NewBlock 1050, Chunks: 0,
2025-03-10 20:17:08.401	NewBlock 1051, Chunks: 0,
2025-03-10 20:17:09.120	NewBlock 1052, Chunks: 0,
2025-03-10 20:17:28.257	NewBlock 1053, Chunks: 0,
2025-03-10 21:44:38.672	NewBlock 1054, Chunks: 0,
2025-03-10 21:44:43.121	NewBlock 1055, Chunks: 0,
2025-03-10 21:44:47.583	NewBlock 1056, Chunks: 0,
2025-03-10 21:44:51.190	NewBlock 1057, Chunks: 0,
2025-03-10 21:45:00.850	NewBlock 1058, Chunks: 0,
2025-03-10 21:45:10.970	NewBlock 1059, Chunks: 0,
2025-03-10 21:45:22.034	NewBlock 1060, Chunks: 0,
2025-03-10 21:45:25.134	NewBlock 1061, Chunks: 0,
2025-03-10 21:45:32.103	NewBlock 1062, Chunks: 0,
2025-03-10 21:45:42.059	NewBlock 1063, Chunks: 0,
2025-03-10 21:45:48.290	NewBlock 1064, Chunks: 0,
2025-03-10 21:59:20.295	Entity (00000105, 00000000896d027841e04759d18f38c7d87727c8) added successfully
2025-03-10 21:59:39.140	NewBlock 1065, Chunks: 0,
2025-03-10 21:59:46.006	NewBlock 1066, Chunks: 0,
2025-03-10 22:00:01.193	NewBlock 1067, Chunks: 0,
2025-03-10 22:00:13.344	NewBlock 1068, Chunks: 0,
2025-03-10 22:00:21.315	NewBlock 1069, Chunks: 0,
2025-03-10 22:00:34.579	NewBlock 1070, Chunks: 0,
2025-03-10 22:00:40.897	NewBlock 1071, Chunks: 0,
2025-03-10 22:00:44.531	NewBlock 1072, Chunks: 0,
2025-03-10 22:00:54.154	NewBlock 1073, Chunks: 0,
2025-03-10 22:00:58.803	NewBlock 1074, Chunks: 0,
2025-03-10 22:01:10.715	NewBlock 1075, Chunks: 0,
2025-03-10 22:01:18.667	NewBlock 1076, Chunks: 0,
2025-03-10 22:01:37.560	NewBlock 1077, Chunks: 0,
2025-03-10 22:02:30.011	Entity (00000105, 000000001689de2f946c50c54cdfff8f6515fc85) added successfully
2025-03-10 22:02:45.517	NewBlock 1078, Chunks: 0,
2025-03-10 22:02:55.478	NewBlock 1079, Chunks: 0,
2025-03-10 22:03:08.733	NewBlock 1080, Chunks: 0,
2025-03-10 22:03:17.585	NewBlock 1081, Chunks: 0,
2025-03-10 22:03:23.948	NewBlock 1082, Chunks: 0,
2025-03-10 22:03:31.714	NewBlock 1083, Chunks: 0,
2025-03-10 22:03:42.902	NewBlock 1084, Chunks: 0,
2025-03-10 22:04:08.186	NewBlock 1085, Chunks: 0,
2025-03-10 22:04:13.845	NewBlock 1086, Chunks: 0,
2025-03-10 22:04:31.701	NewBlock 1087, Chunks: 0,
2025-03-10 22:04:51.472	NewBlock 1088, Chunks: 0,
2025-03-10 22:05:12.107	NewBlock 1089, Chunks: 0,
2025-03-10 22:09:33.105	NewBlock 1090, Chunks: 0,
2025-03-10 22:09:39.640	NewBlock 1091, Chunks: 0,
2025-03-10 22:09:45.203	NewBlock 1092, Chunks: 0,
2025-03-10 22:09:52.871	NewBlock 1093, Chunks: 0,
2025-03-10 22:09:59.522	NewBlock 1094, Chunks: 0,
2025-03-10 22:10:02.866	NewBlock 1095, Chunks: 0,
2025-03-10 22:10:15.024	NewBlock 1096, Chunks: 0,
2025-03-10 22:10:20.399	NewBlock 1097, Chunks: 0,
2025-03-10 22:10:24.942	NewBlock 1098, Chunks: 0,
2025-03-10 22:10:36.026	NewBlock 1099, Chunks: 0,
2025-03-10 22:10:51.409	NewBlock 1100, Chunks: 0,
2025-03-10 22:12:34.880	NewBlock 1101, Chunks: 0,
2025-03-10 22:12:34.916	NewBlock 1102, Chunks: 0,
2025-03-10 22:12:44.862	NewBlock 1103, Chunks: 0,
2025-03-10 22:12:52.553	NewBlock 1104, Chunks: 0,
2025-03-10 22:13:07.820	NewBlock 1105, Chunks: 0,
2025-03-10 22:13:13.469	NewBlock 1106, Chunks: 0,
2025-03-10 22:13:22.326	NewBlock 1107, Chunks: 0,
2025-03-10 22:13:33.337	NewBlock 1108, Chunks: 0,
2025-03-10 22:13:33.378	NewBlock 1109, Chunks: 0,
2025-03-10 22:13:58.726	NewBlock 1110, Chunks: 0,
2025-03-10 22:14:17.453	NewBlock 1111, Chunks: 0,
2025-03-10 22:14:39.440	NewBlock 1112, Chunks: 0,
2025-03-10 22:14:59.224	NewBlock 1113, Chunks: 0,
2025-03-10 22:15:11.399	NewBlock 1114, Chunks: 0,
2025-03-10 22:15:24.647	NewBlock 1115, Chunks: 0,
2025-03-10 22:15:34.695	NewBlock 1116, Chunks: 0,
2025-03-10 22:15:57.714	NewBlock 1117, Chunks: 0,
2025-03-10 22:16:04.368	NewBlock 1118, Chunks: 0,
2025-03-10 22:28:27.422	NewBlock 1119, Chunks: 0,
2025-03-10 22:28:31.867	NewBlock 1120, Chunks: 0,
2025-03-10 22:28:37.156	NewBlock 1121, Chunks: 0,
2025-03-10 22:28:46.216	NewBlock 1122, Chunks: 0,
2025-03-10 22:28:52.859	NewBlock 1123, Chunks: 0,
2025-03-10 22:29:00.631	NewBlock 1124, Chunks: 0,
2025-03-10 22:29:07.318	NewBlock 1125, Chunks: 0,
2025-03-10 22:29:13.979	NewBlock 1126, Chunks: 0,
2025-03-10 22:29:22.369	NewBlock 1127, Chunks: 0,
2025-03-10 22:29:34.221	NewBlock 1128, Chunks: 0,
2025-03-10 22:29:39.665	NewBlock 1129, Chunks: 0,
2025-03-10 22:35:29.055	NewBlock 1130, Chunks: 0,
2025-03-10 22:35:34.116	NewBlock 1131, Chunks: 0,
2025-03-10 22:35:45.688	NewBlock 1132, Chunks: 0,
2025-03-10 22:35:49.548	NewBlock 1133, Chunks: 0,
2025-03-10 22:35:56.203	NewBlock 1134, Chunks: 0,
2025-03-10 22:36:08.360	NewBlock 1135, Chunks: 0,
2025-03-10 22:36:16.403	NewBlock 1136, Chunks: 0,
2025-03-10 22:36:31.871	NewBlock 1137, Chunks: 0,
2025-03-10 22:36:44.738	NewBlock 1138, Chunks: 0,
2025-03-10 22:36:53.604	NewBlock 1139, Chunks: 0,
2025-03-10 22:36:58.258	NewBlock 1140, Chunks: 0,
2025-03-10 22:37:14.843	NewBlock 1141, Chunks: 0,
2025-03-10 22:37:34.720	NewBlock 1142, Chunks: 0,
2025-03-10 22:37:55.445	NewBlock 1143, Chunks: 0,
2025-03-10 22:38:17.414	NewBlock 1144, Chunks: 0,
2025-03-10 22:38:29.574	NewBlock 1145, Chunks: 0,
2025-03-10 22:38:44.100	NewBlock 1146, Chunks: 0,
2025-03-10 22:38:54.942	NewBlock 1147, Chunks: 0,
2025-03-10 22:39:16.136	NewBlock 1148, Chunks: 0,
2025-03-10 22:39:25.844	NewBlock 1149, Chunks: 0,
2025-03-10 22:39:38.109	NewBlock 1150, Chunks: 0,
2025-03-10 22:43:32.357	NewBlock 1151, Chunks: 0,
2025-03-10 22:43:37.808	NewBlock 1152, Chunks: 0,
2025-03-10 22:43:46.894	NewBlock 1153, Chunks: 0,
2025-03-10 22:43:54.571	NewBlock 1154, Chunks: 0,
2025-03-10 22:44:11.221	NewBlock 1155, Chunks: 0,
2025-03-10 22:44:21.147	NewBlock 1156, Chunks: 0,
2025-03-10 22:44:34.210	NewBlock 1157, Chunks: 0,
2025-03-10 22:44:42.961	NewBlock 1158, Chunks: 0,
2025-03-10 22:44:51.816	NewBlock 1159, Chunks: 0,
2025-03-10 22:44:57.371	NewBlock 1160, Chunks: 0,
2025-03-10 22:45:05.012	NewBlock 1161, Chunks: 0,
2025-03-10 22:47:03.861	NewBlock 1162, Chunks: 0,
2025-03-10 22:47:10.621	NewBlock 1163, Chunks: 0,
2025-03-10 22:47:20.472	NewBlock 1164, Chunks: 0,
2025-03-10 22:47:29.351	NewBlock 1165, Chunks: 0,
2025-03-10 22:47:41.526	NewBlock 1166, Chunks: 0,
2025-03-10 22:47:46.986	NewBlock 1167, Chunks: 0,
2025-03-10 22:47:53.705	NewBlock 1168, Chunks: 0,
2025-03-10 22:47:58.166	NewBlock 1168, Chunks: 0,
2025-03-10 22:47:58.186	NewBlock 1169, Chunks: 0,
2025-03-10 22:48:22.372	NewBlock 1170, Chunks: 0,
2025-03-10 22:48:38.940	NewBlock 1171, Chunks: 0,
2025-03-10 22:48:52.104	NewBlock 1172, Chunks: 0,
2025-03-10 22:56:06.733	NewBlock 1173, Chunks: 0,
2025-03-10 22:56:16.689	NewBlock 1174, Chunks: 0,
2025-03-10 22:56:23.400	NewBlock 1175, Chunks: 0,
2025-03-10 22:56:27.753	NewBlock 1176, Chunks: 0,
2025-03-10 22:56:39.664	NewBlock 1177, Chunks: 0,
2025-03-10 22:56:51.732	NewBlock 1178, Chunks: 0,
2025-03-10 22:56:55.077	NewBlock 1179, Chunks: 0,
2025-03-10 22:57:05.058	NewBlock 1180, Chunks: 0,
2025-03-10 22:57:09.617	NewBlock 1181, Chunks: 0,
2025-03-10 22:57:17.336	NewBlock 1182, Chunks: 0,
2025-03-10 22:57:28.403	NewBlock 1183, Chunks: 0,
2025-03-10 22:57:49.384	NewBlock 1184, Chunks: 0,
2025-03-10 22:58:12.419	NewBlock 1185, Chunks: 0,
2025-03-10 22:58:34.521	NewBlock 1186, Chunks: 0,
2025-03-10 22:58:53.041	NewBlock 1186, Chunks: 0,
2025-03-10 22:58:53.063	NewBlock 1187, Chunks: 0,
2025-03-10 22:59:06.537	NewBlock 1188, Chunks: 0,
2025-03-10 22:59:26.028	NewBlock 1189, Chunks: 0,
2025-03-10 22:59:29.775	NewBlock 1190, Chunks: 0,
2025-03-10 22:59:43.843	NewBlock 1191, Chunks: 0,
2025-03-10 22:59:55.816	NewBlock 1192, Chunks: 0,
2025-03-10 23:00:10.198	NewBlock 1193, Chunks: 0,
2025-03-10 23:00:25.783	NewBlock 1194, Chunks: 0,
2025-03-10 23:00:41.051	NewBlock 1195, Chunks: 0,
2025-03-10 23:00:59.923	NewBlock 1196, Chunks: 0,
2025-03-10 23:01:26.402	NewBlock 1197, Chunks: 0,
2025-03-10 23:01:29.875	NewBlock 1197, Chunks: 0,
2025-03-10 23:01:29.910	NewBlock 1198, Chunks: 0,
2025-03-10 23:09:05.339	NewBlock 1199, Chunks: 0,
2025-03-10 23:09:10.685	NewBlock 1200, Chunks: 0,
2025-03-10 23:09:18.663	NewBlock 1201, Chunks: 0,
2025-03-10 23:09:25.219	NewBlock 1202, Chunks: 0,
2025-03-10 23:09:30.488	NewBlock 1203, Chunks: 0,
2025-03-10 23:09:38.495	NewBlock 1204, Chunks: 0,
2025-03-10 23:09:49.658	NewBlock 1205, Chunks: 0,
2025-03-10 23:09:56.111	NewBlock 1206, Chunks: 0,
2025-03-10 23:10:02.444	NewBlock 1207, Chunks: 0,
2025-03-10 23:10:18.521	NewBlock 1207, Chunks: 0,
2025-03-10 23:10:18.560	NewBlock 1208, Chunks: 0,
2025-03-10 23:10:26.008	NewBlock 1209, Chunks: 0,
2025-03-10 23:10:42.367	NewBlock 1210, Chunks: 0,
2025-03-10 23:11:01.336	NewBlock 1211, Chunks: 0,
2025-03-10 23:11:26.432	NewBlock 1212, Chunks: 0,
2025-03-10 23:11:45.437	NewBlock 1213, Chunks: 0,
2025-03-10 23:53:06.744	NewBlock 1214, Chunks: 0,
2025-03-10 23:53:13.611	NewBlock 1215, Chunks: 0,
2025-03-10 23:53:24.272	NewBlock 1216, Chunks: 0,
2025-03-10 23:53:29.020	NewBlock 1217, Chunks: 0,
2025-03-10 23:53:35.872	NewBlock 1218, Chunks: 0,
2025-03-10 23:53:42.787	NewBlock 1219, Chunks: 0,
2025-03-10 23:53:48.033	NewBlock 1220, Chunks: 0,
2025-03-10 23:53:53.853	NewBlock 1221, Chunks: 0,
2025-03-10 23:53:57.192	NewBlock 1222, Chunks: 0,
2025-03-10 23:54:01.655	NewBlock 1223, Chunks: 0,
2025-03-10 23:54:16.007	NewBlock 1224, Chunks: 0,
2025-03-10 23:54:21.600	NewBlock 1225, Chunks: 0,
2025-03-10 23:54:56.892	NewBlock 1226, Chunks: 0,
2025-03-10 23:55:22.645	NewBlock 1227, Chunks: 0,
2025-03-10 23:55:49.749	NewBlock 1228, Chunks: 0,
2025-03-10 23:55:53.116	NewBlock 1229, Chunks: 0,
2025-03-10 23:56:06.383	NewBlock 1230, Chunks: 0,
2025-03-10 23:56:27.592	NewBlock 1231, Chunks: 0,
2025-03-10 23:56:37.657	NewBlock 1232, Chunks: 0,
2025-03-10 23:56:52.417	NewBlock 1233, Chunks: 0,
2025-03-10 23:57:00.059	NewBlock 1234, Chunks: 0,
2025-03-10 23:57:13.573	NewBlock 1235, Chunks: 0,
2025-03-10 23:57:28.550	NewBlock 1236, Chunks: 0,
2025-03-10 23:57:55.043	NewBlock 1237, Chunks: 0,
2025-03-10 23:58:03.148	NewBlock 1238, Chunks: 0,
2025-03-10 23:58:19.627	NewBlock 1239, Chunks: 0,
2025-03-10 23:58:35.390	NewBlock 1240, Chunks: 0,
2025-03-10 23:58:49.243	NewBlock 1241, Chunks: 0,
2025-03-10 23:59:02.498	NewBlock 1242, Chunks: 0,
2025-03-10 23:59:20.070	NewBlock 1243, Chunks: 0,
2025-03-10 23:59:31.121	NewBlock 1244, Chunks: 0,
2025-03-10 23:59:46.631	NewBlock 1245, Chunks: 0,
2025-03-11 00:16:31.320	NewBlock 1246, Chunks: 0,
2025-03-11 00:16:44.700	NewBlock 1247, Chunks: 0,
2025-03-11 00:16:55.866	NewBlock 1248, Chunks: 0,
2025-03-11 00:17:05.474	NewBlock 1249, Chunks: 0,
2025-03-11 00:17:12.042	NewBlock 1250, Chunks: 0,
2025-03-11 00:17:23.492	NewBlock 1251, Chunks: 0,
2025-03-11 00:17:27.526	NewBlock 1252, Chunks: 0,
2025-03-11 00:17:38.505	NewBlock 1252, Chunks: 0,
2025-03-11 00:17:38.523	NewBlock 1253, Chunks: 0,
2025-03-11 00:17:49.974	NewBlock 1254, Chunks: 0,
2025-03-11 00:17:56.339	NewBlock 1255, Chunks: 0,
2025-03-11 00:18:01.692	NewBlock 1256, Chunks: 0,
2025-03-11 00:18:06.454	NewBlock 1257, Chunks: 0,
2025-03-11 00:18:36.154	NewBlock 1258, Chunks: 0,
2025-03-11 00:19:00.437	NewBlock 1259, Chunks: 0,
2025-03-11 00:19:31.429	NewBlock 1260, Chunks: 0,
2025-03-11 00:19:40.176	NewBlock 1261, Chunks: 0,
2025-03-11 00:19:46.729	NewBlock 1262, Chunks: 0,
2025-03-11 00:20:00.889	NewBlock 1263, Chunks: 0,
2025-03-11 00:20:11.943	NewBlock 1264, Chunks: 0,
2025-03-11 00:20:26.622	NewBlock 1265, Chunks: 0,
2025-03-11 00:20:47.189	NewBlock 1266, Chunks: 0,
2025-03-11 00:21:03.858	NewBlock 1267, Chunks: 0,
2025-03-11 00:21:16.118	NewBlock 1268, Chunks: 0,
2025-03-11 00:21:27.100	NewBlock 1269, Chunks: 0,
2025-03-11 00:21:43.661	NewBlock 1270, Chunks: 0,
2025-03-11 00:22:00.220	NewBlock 1271, Chunks: 0,
2025-03-11 00:22:15.692	NewBlock 1272, Chunks: 0,
2025-03-11 00:34:35.231	NewBlock 1273, Chunks: 0,
2025-03-11 00:34:44.988	NewBlock 1274, Chunks: 0,
2025-03-11 00:34:54.850	NewBlock 1275, Chunks: 0,
2025-03-11 00:34:59.496	NewBlock 1276, Chunks: 0,
2025-03-11 00:35:10.444	NewBlock 1277, Chunks: 0,
2025-03-11 00:35:20.299	NewBlock 1278, Chunks: 0,
2025-03-11 00:35:23.639	NewBlock 1279, Chunks: 0,
2025-03-11 00:35:28.082	NewBlock 1280, Chunks: 0,
2025-03-11 00:35:33.753	NewBlock 1281, Chunks: 0,
2025-03-11 00:35:37.113	NewBlock 1282, Chunks: 0,
2025-03-11 00:35:49.043	NewBlock 1283, Chunks: 0,
2025-03-11 00:35:56.883	NewBlock 1284, Chunks: 0,
2025-03-11 00:46:09.817	NewBlock 1285, Chunks: 0,
2025-03-11 00:46:22.870	NewBlock 1286, Chunks: 0,
2025-03-11 00:46:29.633	NewBlock 1287, Chunks: 0,
2025-03-11 00:46:29.741	NewBlock 1288, Chunks: 0,
2025-03-11 00:46:40.808	NewBlock 1289, Chunks: 0,
2025-03-11 00:46:44.337	NewBlock 1290, Chunks: 0,
2025-03-11 00:46:47.786	NewBlock 1291, Chunks: 0,
2025-03-11 00:46:58.863	NewBlock 1292, Chunks: 0,
2025-03-11 00:47:02.228	NewBlock 1293, Chunks: 0,
2025-03-11 00:47:14.392	NewBlock 1294, Chunks: 0,
2025-03-11 00:47:23.720	NewBlock 1295, Chunks: 0,
2025-03-11 00:48:16.488	NewBlock 1296, Chunks: 0,
2025-03-11 00:48:28.861	NewBlock 1297, Chunks: 0,
2025-03-11 00:48:40.830	NewBlock 1298, Chunks: 0,
2025-03-11 00:48:51.297	NewBlock 1299, Chunks: 0,
2025-03-11 00:49:06.205	NewBlock 1300, Chunks: 0,
2025-03-11 00:49:17.254	NewBlock 1301, Chunks: 0,
2025-03-11 00:49:31.006	NewBlock 1302, Chunks: 0,
2025-03-11 00:49:47.568	NewBlock 1303, Chunks: 0,
2025-03-11 00:49:58.641	NewBlock 1304, Chunks: 0,
2025-03-11 00:50:13.000	NewBlock 1305, Chunks: 0,
2025-03-11 00:50:36.649	NewBlock 1306, Chunks: 0,
2025-03-11 01:01:03.386	NewBlock 1307, Chunks: 0,
2025-03-11 01:01:15.539	NewBlock 1308, Chunks: 0,
2025-03-11 01:01:27.044	NewBlock 1309, Chunks: 0,
2025-03-11 01:01:31.683	NewBlock 1310, Chunks: 0,
2025-03-11 01:01:38.252	NewBlock 1311, Chunks: 0,
2025-03-11 01:01:53.842	NewBlock 1312, Chunks: 0,
2025-03-11 01:01:58.507	NewBlock 1313, Chunks: 0,
2025-03-11 01:02:06.252	NewBlock 1314, Chunks: 0,
2025-03-11 01:02:17.919	NewBlock 1315, Chunks: 0,
2025-03-11 01:02:25.766	NewBlock 1316, Chunks: 0,
2025-03-11 01:02:34.809	NewBlock 1317, Chunks: 0,
2025-03-11 01:02:43.363	NewBlock 1318, Chunks: 0,
2025-03-11 01:03:59.426	NewBlock 1319, Chunks: 0,
2025-03-11 01:04:07.272	NewBlock 1320, Chunks: 0,
2025-03-11 01:04:13.929	NewBlock 1321, Chunks: 0,
2025-03-11 01:04:20.598	NewBlock 1322, Chunks: 0,
2025-03-11 01:04:34.757	NewBlock 1323, Chunks: 0,
2025-03-11 01:04:48.155	NewBlock 1324, Chunks: 0,
2025-03-11 01:04:55.642	NewBlock 1325, Chunks: 0,
2025-03-11 01:05:19.918	NewBlock 1326, Chunks: 0,
2025-03-11 01:05:25.616	NewBlock 1327, Chunks: 0,
2025-03-11 01:05:47.671	NewBlock 1328, Chunks: 0,
2025-03-11 01:05:58.509	NewBlock 1329, Chunks: 0,
2025-03-11 01:06:53.560	NewBlock 1330, Chunks: 0,
2025-03-11 01:07:02.559	NewBlock 1331, Chunks: 0,
2025-03-11 01:07:03.627	NewBlock 1332, Chunks: 0,
2025-03-11 01:07:12.506	NewBlock 1333, Chunks: 0,
2025-03-11 01:07:27.800	NewBlock 1334, Chunks: 0,
2025-03-11 01:07:36.655	NewBlock 1335, Chunks: 0,
2025-03-11 01:07:52.177	NewBlock 1336, Chunks: 0,
2025-03-11 01:08:12.095	NewBlock 1337, Chunks: 0,
2025-03-11 01:08:36.179	NewBlock 1338, Chunks: 0,
2025-03-11 01:08:42.223	NewBlock 1339, Chunks: 0,
2025-03-11 01:09:00.471	NewBlock 1340, Chunks: 0,
2025-03-11 01:09:11.524	NewBlock 1341, Chunks: 0,
2025-03-11 01:10:40.067	NewBlock 1342, Chunks: 0,
2025-03-11 01:10:55.019	NewBlock 1343, Chunks: 0,
2025-03-11 01:11:05.551	NewBlock 1344, Chunks: 0,
2025-03-11 01:11:12.694	NewBlock 1345, Chunks: 0,
2025-03-11 01:11:26.348	NewBlock 1346, Chunks: 0,
2025-03-11 01:11:32.314	NewBlock 1347, Chunks: 0,
2025-03-11 01:11:39.061	NewBlock 1348, Chunks: 0,
2025-03-11 01:11:45.616	NewBlock 1349, Chunks: 0,
2025-03-11 01:12:07.190	NewBlock 1350, Chunks: 0,
2025-03-11 01:12:20.947	NewBlock 1351, Chunks: 0,
2025-03-11 01:12:46.435	NewBlock 1352, Chunks: 0,
2025-03-11 01:13:03.189	NewBlock 1353, Chunks: 0,
2025-03-11 01:13:19.459	NewBlock 1354, Chunks: 0,
2025-03-11 01:13:32.410	NewBlock 1355, Chunks: 0,
2025-03-11 01:13:50.082	NewBlock 1356, Chunks: 0,
2025-03-11 01:14:08.849	NewBlock 1357, Chunks: 0,
2025-03-11 01:14:17.693	NewBlock 1358, Chunks: 0,
2025-03-11 01:14:34.229	NewBlock 1359, Chunks: 0,
2025-03-11 01:14:42.370	NewBlock 1360, Chunks: 0,
2025-03-11 01:15:01.959	NewBlock 1361, Chunks: 0,
2025-03-11 01:15:14.623	NewBlock 1362, Chunks: 0,
2025-03-11 01:15:54.722	NewBlock 1363, Chunks: 0,
2025-03-11 01:16:10.578	NewBlock 1364, Chunks: 0,
2025-03-11 01:16:14.953	NewBlock 1365, Chunks: 0,
2025-03-11 01:16:19.936	NewBlock 1366, Chunks: 0,
2025-03-11 01:16:38.140	NewBlock 1367, Chunks: 0,
2025-03-11 01:16:54.108	NewBlock 1368, Chunks: 0,
2025-03-11 01:17:04.640	NewBlock 1368, Chunks: 0,
2025-03-11 01:17:04.661	NewBlock 1369, Chunks: 0,
2025-03-11 01:17:20.134	NewBlock 1370, Chunks: 0,
2025-03-11 01:17:45.836	NewBlock 1371, Chunks: 0,
2025-03-11 01:17:52.614	NewBlock 1372, Chunks: 0,
2025-03-11 01:18:05.984	NewBlock 1373, Chunks: 0,
2025-03-11 01:23:58.207	NewBlock 1374, Chunks: 0,
2025-03-11 01:24:05.057	NewBlock 1375, Chunks: 0,
2025-03-11 01:24:09.013	NewBlock 1376, Chunks: 0,
2025-03-11 01:24:14.323	NewBlock 1377, Chunks: 0,
2025-03-11 01:24:26.685	NewBlock 1378, Chunks: 0,
2025-03-11 01:24:33.839	NewBlock 1379, Chunks: 0,
2025-03-11 01:24:37.991	NewBlock 1380, Chunks: 0,
2025-03-11 01:24:45.842	NewBlock 1381, Chunks: 0,
2025-03-11 01:24:51.805	NewBlock 1382, Chunks: 0,
2025-03-11 01:24:59.557	NewBlock 1383, Chunks: 0,
2025-03-11 01:25:04.430	NewBlock 1384, Chunks: 0,
2025-03-11 01:25:30.449	NewBlock 1385, Chunks: 0,
2025-03-11 01:25:52.065	NewBlock 1386, Chunks: 0,
2025-03-11 01:26:12.043	NewBlock 1387, Chunks: 0,
2025-03-11 01:26:34.031	NewBlock 1388, Chunks: 0,
2025-03-11 01:26:43.140	NewBlock 1389, Chunks: 0,
2025-03-11 01:26:57.129	NewBlock 1390, Chunks: 0,
2025-03-11 01:27:07.385	NewBlock 1391, Chunks: 0,
2025-03-11 01:27:20.631	NewBlock 1392, Chunks: 0,
2025-03-11 01:27:34.989	NewBlock 1393, Chunks: 0,
2025-03-11 01:44:58.055	NewBlock 1394, Chunks: 0,
2025-03-11 01:45:05.996	NewBlock 1395, Chunks: 0,
2025-03-11 01:45:14.419	NewBlock 1396, Chunks: 0,
2025-03-11 01:45:20.375	NewBlock 1397, Chunks: 0,
2025-03-11 01:45:26.680	NewBlock 1398, Chunks: 0,
2025-03-11 01:45:33.031	NewBlock 1399, Chunks: 0,
2025-03-11 01:45:40.284	NewBlock 1400, Chunks: 0,
2025-03-11 01:45:47.639	NewBlock 1401, Chunks: 0,
2025-03-11 01:45:55.701	NewBlock 1402, Chunks: 0,
2025-03-11 01:46:06.458	NewBlock 1403, Chunks: 0,
2025-03-11 01:46:14.519	NewBlock 1404, Chunks: 0,
2025-03-11 01:46:25.348	NewBlock 1405, Chunks: 0,
2025-03-11 01:46:44.095	NewBlock 1406, Chunks: 0,
2025-03-11 01:47:03.984	NewBlock 1407, Chunks: 0,
2025-03-11 01:47:24.083	NewBlock 1408, Chunks: 0,
2025-03-11 01:47:43.666	NewBlock 1409, Chunks: 0,
2025-03-11 01:47:56.912	NewBlock 1410, Chunks: 0,
2025-03-11 01:48:11.258	NewBlock 1411, Chunks: 0,
2025-03-11 01:48:25.635	NewBlock 1412, Chunks: 0,
2025-03-11 01:48:40.402	NewBlock 1413, Chunks: 0,
2025-03-11 01:48:55.874	NewBlock 1414, Chunks: 0,
2025-03-11 01:49:10.237	NewBlock 1415, Chunks: 0,
2025-03-11 01:49:26.100	NewBlock 1416, Chunks: 0,
2025-03-11 01:49:44.460	NewBlock 1417, Chunks: 0,
2025-03-11 01:49:54.929	NewBlock 1418, Chunks: 0,
2025-03-11 01:50:08.694	NewBlock 1419, Chunks: 0,
2025-03-11 01:50:24.758	NewBlock 1420, Chunks: 0,
2025-03-11 02:03:44.906	NewBlock 1421, Chunks: 0,
2025-03-11 02:03:45.251	NewBlock 1422, Chunks: 0,
2025-03-11 02:03:51.295	NewBlock 1423, Chunks: 0,
2025-03-11 02:03:56.341	NewBlock 1424, Chunks: 0,
2025-03-11 02:04:07.572	NewBlock 1425, Chunks: 0,
2025-03-11 02:04:11.422	NewBlock 1425, Chunks: 0,
2025-03-11 02:04:11.441	NewBlock 1426, Chunks: 0,
2025-03-11 02:04:24.004	NewBlock 1427, Chunks: 0,
2025-03-11 02:04:31.769	NewBlock 1428, Chunks: 0,
2025-03-11 02:04:38.726	NewBlock 1429, Chunks: 0,
2025-03-11 02:04:44.366	NewBlock 1430, Chunks: 0,
2025-03-11 02:04:51.106	NewBlock 1431, Chunks: 0,
2025-03-11 02:05:50.939	NewBlock 1432, Chunks: 0,
2025-03-11 02:06:00.901	NewBlock 1433, Chunks: 0,
2025-03-11 02:06:09.758	NewBlock 1434, Chunks: 0,
2025-03-11 02:06:21.317	NewBlock 1435, Chunks: 0,
2025-03-11 02:06:34.068	NewBlock 1436, Chunks: 0,
2025-03-11 02:06:45.320	NewBlock 1437, Chunks: 0,
2025-03-11 02:07:01.882	NewBlock 1438, Chunks: 0,
2025-03-11 02:07:17.158	NewBlock 1439, Chunks: 0,
2025-03-11 02:07:28.611	NewBlock 1440, Chunks: 0,
2025-03-11 02:07:44.787	NewBlock 1441, Chunks: 0,
2025-03-11 02:07:59.250	NewBlock 1442, Chunks: 0,
2025-03-11 02:08:14.931	NewBlock 1443, Chunks: 0,
2025-03-11 02:08:36.002	NewBlock 1444, Chunks: 0,
2025-03-11 02:08:46.068	NewBlock 1445, Chunks: 0,
2025-03-11 02:08:58.222	NewBlock 1446, Chunks: 0,
2025-03-11 02:09:21.119	NewBlock 1447, Chunks: 0,
2025-03-11 02:09:32.078	NewBlock 1448, Chunks: 0,
2025-03-11 02:09:44.442	NewBlock 1449, Chunks: 0,
2025-03-11 02:10:02.002	NewBlock 1450, Chunks: 0,
2025-03-11 02:10:24.093	NewBlock 1451, Chunks: 0,
2025-03-11 02:10:28.477	NewBlock 1452, Chunks: 0,
2025-03-11 02:10:46.451	NewBlock 1453, Chunks: 0,
2025-03-11 02:10:59.424	NewBlock 1454, Chunks: 0,
2025-03-11 02:11:19.494	NewBlock 1455, Chunks: 0,
2025-03-11 02:11:34.966	NewBlock 1456, Chunks: 0,
2025-03-11 02:11:44.415	NewBlock 1457, Chunks: 0,
2025-03-11 02:11:58.791	NewBlock 1458, Chunks: 0,
2025-03-11 02:12:22.363	NewBlock 1459, Chunks: 0,
2025-03-11 02:12:31.814	NewBlock 1460, Chunks: 0,
2025-03-11 02:12:46.597	NewBlock 1461, Chunks: 0,
2025-03-11 02:13:00.401	NewBlock 1462, Chunks: 0,
2025-03-11 02:13:20.798	NewBlock 1463, Chunks: 0,
2025-03-11 04:06:13.162	NewBlock -1, Chunks: 0,
2025-03-11 05:32:47.088	Initialized. Chunks: 0
2025-03-11 06:07:12.000	NewBlock 1464, Chunks: 0,
2025-03-11 06:07:31.717	NewBlock 1465, Chunks: 0,
2025-03-11 06:07:46.147	NewBlock 1466, Chunks: 0,
2025-03-11 06:08:04.928	NewBlock 1467, Chunks: 0,
2025-03-11 06:08:25.888	NewBlock 1468, Chunks: 0,
2025-03-11 06:08:41.325	NewBlock 1469, Chunks: 0,
2025-03-11 06:08:57.724	NewBlock 1470, Chunks: 0,
2025-03-11 06:09:08.776	NewBlock 1471, Chunks: 0,
2025-03-11 06:09:21.943	NewBlock 1472, Chunks: 0,
2025-03-11 06:09:40.810	NewBlock 1473, Chunks: 0,
2025-03-11 06:09:55.092	NewBlock 1474, Chunks: 0,
2025-03-11 06:10:10.715	NewBlock 1475, Chunks: 0,
2025-03-11 06:10:22.372	NewBlock 1476, Chunks: 0,
2025-03-11 06:10:35.931	NewBlock 1477, Chunks: 0,
2025-03-11 06:10:51.494	NewBlock 1478, Chunks: 0,
2025-03-11 06:11:07.551	NewBlock 1479, Chunks: 0,
2025-03-11 06:11:22.918	NewBlock 1480, Chunks: 0,
2025-03-11 06:11:38.390	NewBlock 1481, Chunks: 0,
2025-03-11 06:36:57.298	NewBlock 1482, Chunks: 0,
2025-03-11 06:37:05.972	NewBlock 1483, Chunks: 0,
2025-03-11 06:37:15.868	NewBlock 1484, Chunks: 0,
2025-03-11 06:37:19.228	NewBlock 1485, Chunks: 0,
2025-03-11 06:37:23.702	NewBlock 1486, Chunks: 0,
2025-03-11 06:37:30.358	NewBlock 1487, Chunks: 0,
2025-03-11 06:37:38.172	NewBlock 1488, Chunks: 0,
2025-03-11 06:37:45.630	NewBlock 1489, Chunks: 0,
2025-03-11 06:37:50.174	NewBlock 1490, Chunks: 0,
2025-03-11 06:37:55.525	NewBlock 1491, Chunks: 0,
2025-03-11 06:38:02.367	NewBlock 1492, Chunks: 0,
2025-03-11 06:38:13.336	NewBlock 1493, Chunks: 0,
2025-03-11 06:38:34.299	NewBlock 1494, Chunks: 0,
2025-03-11 06:38:55.255	NewBlock 1495, Chunks: 0,
2025-03-11 06:39:15.120	NewBlock 1496, Chunks: 0,
2025-03-11 06:39:33.905	NewBlock 1497, Chunks: 0,
2025-03-11 06:39:48.105	NewBlock 1498, Chunks: 0,
2025-03-11 06:40:05.771	NewBlock 1499, Chunks: 0,
2025-03-11 06:40:14.686	NewBlock 1500, Chunks: 0,
2025-03-11 06:40:30.141	NewBlock 1501, Chunks: 0,
2025-03-11 06:40:42.614	NewBlock 1500, Chunks: 0,
2025-03-11 06:40:42.633	NewBlock 1501, Chunks: 0,
2025-03-11 06:40:42.653	NewBlock 1502, Chunks: 0,
2025-03-11 06:40:56.732	NewBlock 1503, Chunks: 0,
2025-03-11 06:41:15.399	NewBlock 1504, Chunks: 0,
2025-03-11 06:41:33.087	NewBlock 1505, Chunks: 0,
2025-03-11 06:44:46.796	NewBlock 1506, Chunks: 0,
2025-03-11 06:44:52.100	NewBlock 1507, Chunks: 0,
2025-03-11 06:45:00.948	NewBlock 1508, Chunks: 0,
2025-03-11 06:45:09.791	NewBlock 1509, Chunks: 0,
2025-03-11 06:45:13.137	NewBlock 1510, Chunks: 0,
2025-03-11 06:45:19.796	NewBlock 1511, Chunks: 0,
2025-03-11 06:45:30.916	NewBlock 1512, Chunks: 0,
2025-03-11 06:45:37.444	NewBlock 1513, Chunks: 0,
2025-03-11 06:45:42.075	NewBlock 1514, Chunks: 0,
2025-03-11 06:45:56.337	NewBlock 1515, Chunks: 0,
2025-03-11 06:46:12.905	NewBlock 1516, Chunks: 0,
2025-03-11 10:12:32.845	NewBlock 1517, Chunks: 0,
2025-03-11 10:12:36.193	NewBlock 1518, Chunks: 0,
2025-03-11 10:12:44.294	NewBlock 1519, Chunks: 0,
2025-03-11 10:12:53.070	NewBlock 1520, Chunks: 0,
2025-03-11 10:13:03.025	NewBlock 1521, Chunks: 0,
2025-03-11 10:13:09.296	NewBlock 1522, Chunks: 0,
2025-03-11 10:13:22.554	NewBlock 1523, Chunks: 0,
2025-03-11 10:13:26.195	NewBlock 1524, Chunks: 0,
2025-03-11 10:13:31.407	NewBlock 1525, Chunks: 0,
2025-03-11 10:13:43.873	NewBlock 1526, Chunks: 0,
2025-03-11 10:13:53.752	NewBlock 1527, Chunks: 0,
2025-03-11 21:11:13.640	NewBlock 1528, Chunks: 0,
2025-03-11 21:11:25.199	NewBlock 1529, Chunks: 0,
2025-03-11 21:11:34.456	NewBlock 1530, Chunks: 0,
2025-03-11 21:11:41.107	NewBlock 1531, Chunks: 0,
2025-03-11 21:11:51.048	NewBlock 1532, Chunks: 0,
2025-03-11 21:11:59.416	NewBlock 1533, Chunks: 0,
2025-03-11 21:12:10.483	NewBlock 1534, Chunks: 0,
2025-03-11 21:12:16.656	NewBlock 1534, Chunks: 0,
2025-03-11 21:12:16.674	NewBlock 1535, Chunks: 0,
2025-03-11 21:12:23.716	NewBlock 1536, Chunks: 0,
2025-03-11 21:12:36.977	NewBlock 1537, Chunks: 0,
2025-03-11 21:12:48.534	NewBlock 1538, Chunks: 0,
2025-03-11 21:43:13.930	NewBlock 1539, Chunks: 0,
2025-03-11 21:43:20.254	NewBlock 1540, Chunks: 0,
2025-03-11 21:43:24.988	NewBlock 1541, Chunks: 0,
2025-03-11 21:43:36.838	NewBlock 1542, Chunks: 0,
2025-03-11 21:43:44.518	NewBlock 1543, Chunks: 0,
2025-03-11 21:43:51.446	NewBlock 1544, Chunks: 0,
2025-03-11 21:43:57.890	NewBlock 1545, Chunks: 0,
2025-03-11 21:44:12.429	NewBlock 1546, Chunks: 0,
2025-03-11 21:44:22.374	NewBlock 1547, Chunks: 0,
2025-03-11 21:44:27.919	NewBlock 1548, Chunks: 0,
2025-03-11 21:44:36.493	NewBlock 1549, Chunks: 0,
2025-03-11 21:44:49.566	NewBlock 1550, Chunks: 0,
2025-03-11 21:45:09.454	NewBlock 1551, Chunks: 0,
2025-03-11 21:45:32.657	NewBlock 1552, Chunks: 0,
2025-03-11 21:45:53.656	NewBlock 1553, Chunks: 0,
2025-03-11 21:46:08.092	NewBlock 1554, Chunks: 0,
2025-03-11 21:46:19.037	NewBlock 1555, Chunks: 0,
2025-03-11 21:48:47.542	NewBlock 1556, Chunks: 0,
2025-03-11 21:49:00.601	NewBlock 1557, Chunks: 0,
2025-03-11 21:49:16.067	NewBlock 1558, Chunks: 0,
2025-03-11 21:49:25.016	NewBlock 1559, Chunks: 0,
2025-03-11 21:49:31.664	NewBlock 1560, Chunks: 0,
2025-03-11 21:49:37.211	NewBlock 1561, Chunks: 0,
2025-03-11 21:49:42.855	NewBlock 1562, Chunks: 0,
2025-03-11 21:49:55.021	NewBlock 1563, Chunks: 0,
2025-03-11 21:50:04.778	NewBlock 1564, Chunks: 0,
2025-03-11 21:50:14.614	NewBlock 1565, Chunks: 0,
2025-03-11 21:50:33.375	NewBlock 1566, Chunks: 0,
2025-03-11 21:56:45.391	NewBlock 1567, Chunks: 0,
2025-03-11 21:56:53.163	NewBlock 1568, Chunks: 0,
2025-03-11 21:56:56.507	NewBlock 1569, Chunks: 0,
2025-03-11 21:57:03.912	NewBlock 1570, Chunks: 0,
2025-03-11 21:57:10.848	NewBlock 1571, Chunks: 0,
2025-03-11 21:57:20.812	NewBlock 1572, Chunks: 0,
2025-03-11 21:57:26.363	NewBlock 1573, Chunks: 0,
2025-03-11 21:57:36.107	NewBlock 1574, Chunks: 0,
2025-03-11 21:57:39.262	NewBlock 1575, Chunks: 0,
2025-03-11 21:57:44.058	NewBlock 1576, Chunks: 0,
2025-03-11 21:57:48.514	NewBlock 1577, Chunks: 0,
2025-03-11 21:58:07.747	NewBlock 1578, Chunks: 0,
2025-03-11 21:58:27.618	NewBlock 1579, Chunks: 0,
2025-03-11 21:58:46.380	NewBlock 1580, Chunks: 0,
2025-03-11 21:59:07.792	NewBlock 1581, Chunks: 0,
2025-03-11 21:59:25.994	NewBlock 1582, Chunks: 0,
2025-03-11 21:59:38.647	NewBlock 1583, Chunks: 0,
2025-03-11 21:59:53.014	NewBlock 1584, Chunks: 0,
2025-03-11 22:00:04.611	NewBlock 1585, Chunks: 0,
2025-03-11 22:00:24.596	NewBlock 1586, Chunks: 0,
2025-03-11 22:00:30.515	NewBlock 1587, Chunks: 0,
2025-03-11 22:00:46.477	NewBlock 1588, Chunks: 0,
2025-03-11 22:04:02.910	NewBlock -1, Chunks: 0,
2025-03-11 22:04:49.857	Initialized. Chunks: 0
2025-03-11 22:08:04.751	NewBlock -1, Chunks: 0,
2025-03-11 22:09:26.481	Initialized. Chunks: 0
2025-03-11 22:13:02.318	NewBlock 1589, Chunks: 0,
2025-03-11 22:13:19.976	NewBlock 1590, Chunks: 0,
2025-03-11 22:13:32.216	NewBlock 1591, Chunks: 0,
2025-03-11 22:13:45.379	NewBlock 1592, Chunks: 0,
2025-03-11 22:14:02.040	NewBlock 1593, Chunks: 0,
2025-03-11 22:14:17.605	NewBlock 1594, Chunks: 0,
2025-03-11 22:14:30.766	NewBlock 1595, Chunks: 0,
2025-03-11 22:14:42.553	NewBlock 1596, Chunks: 0,
2025-03-11 22:14:55.046	NewBlock 1597, Chunks: 0,
2025-03-11 22:15:05.734	NewBlock 1598, Chunks: 0,
2025-03-11 22:15:18.992	NewBlock 1599, Chunks: 0,
2025-03-11 22:15:31.157	NewBlock 1600, Chunks: 0,
2025-03-11 22:15:58.575	NewBlock 1601, Chunks: 0,
2025-03-11 22:16:17.348	NewBlock 1602, Chunks: 0,
2025-03-11 22:16:27.297	NewBlock 1603, Chunks: 0,
2025-03-11 22:16:41.633	NewBlock 1604, Chunks: 0,
2025-03-11 22:16:55.977	NewBlock 1605, Chunks: 0,
2025-03-11 22:17:08.082	NewBlock 1606, Chunks: 0,
2025-03-11 22:17:22.439	NewBlock 1607, Chunks: 0,
2025-03-11 22:17:42.310	NewBlock 1608, Chunks: 0,
2025-03-11 22:17:54.513	NewBlock 1609, Chunks: 0,
2025-03-11 22:18:06.580	NewBlock 1610, Chunks: 0,
2025-03-11 22:18:26.442	NewBlock 1611, Chunks: 0,
2025-03-11 22:18:44.123	NewBlock 1612, Chunks: 0,
2025-03-11 22:18:52.899	NewBlock 1613, Chunks: 0,
2025-03-11 22:19:11.614	NewBlock 1614, Chunks: 0,
2025-03-11 22:19:30.291	NewBlock 1615, Chunks: 0,
2025-03-11 22:19:35.866	NewBlock 1616, Chunks: 0,
2025-03-11 22:19:57.962	NewBlock 1617, Chunks: 0,
2025-03-11 22:20:05.729	NewBlock 1618, Chunks: 0,
2025-03-11 22:20:30.929	NewBlock 1619, Chunks: 0,
2025-03-11 22:20:45.298	NewBlock 1620, Chunks: 0,
2025-03-11 22:20:59.703	NewBlock 1621, Chunks: 0,
2025-03-11 22:21:08.477	NewBlock 1622, Chunks: 0,
2025-03-11 22:21:27.276	NewBlock 1623, Chunks: 0,
2025-03-11 22:21:42.596	NewBlock 1624, Chunks: 0,
2025-03-11 22:21:57.045	NewBlock 1625, Chunks: 0,
2025-03-11 22:22:16.905	NewBlock 1626, Chunks: 0,
2025-03-11 22:22:29.055	NewBlock 1627, Chunks: 0,
2025-03-11 22:22:41.206	NewBlock 1628, Chunks: 0,
2025-03-11 22:23:02.970	NewBlock 1629, Chunks: 0,
2025-03-11 22:32:27.747	NewBlock 1630, Chunks: 0,
2025-03-11 22:32:37.690	NewBlock 1631, Chunks: 0,
2025-03-11 22:32:47.668	NewBlock 1632, Chunks: 0,
2025-03-11 22:32:51.055	NewBlock 1633, Chunks: 0,
2025-03-11 22:32:57.260	NewBlock 1634, Chunks: 0,
2025-03-11 22:33:10.526	NewBlock 1635, Chunks: 0,
2025-03-11 22:33:10.769	NewBlock 1636, Chunks: 0,
2025-03-11 22:33:21.515	NewBlock 1637, Chunks: 0,
2025-03-11 22:33:27.073	NewBlock 1638, Chunks: 0,
2025-03-11 22:33:38.033	NewBlock 1639, Chunks: 0,
2025-03-11 22:33:43.911	NewBlock 1640, Chunks: 0,
2025-03-11 22:33:51.483	NewBlock 1641, Chunks: 0,
2025-03-11 22:34:10.240	NewBlock 1642, Chunks: 0,
2025-03-11 22:34:29.081	NewBlock 1643, Chunks: 0,
2025-03-11 22:34:53.245	NewBlock 1644, Chunks: 0,
2025-03-11 22:35:17.553	NewBlock 1645, Chunks: 0,
2025-03-11 22:35:28.633	NewBlock 1646, Chunks: 0,
2025-03-11 22:35:38.287	NewBlock 1647, Chunks: 0,
2025-03-11 22:35:52.747	NewBlock 1648, Chunks: 0,
2025-03-11 22:36:10.503	NewBlock 1649, Chunks: 0,
2025-03-11 22:36:24.740	NewBlock 1650, Chunks: 0,
2025-03-11 22:36:35.623	NewBlock 1650, Chunks: 0,
2025-03-11 22:36:35.647	NewBlock 1651, Chunks: 0,
2025-03-11 22:36:46.624	NewBlock 1652, Chunks: 0,
2025-03-11 22:37:03.288	NewBlock 1653, Chunks: 0,
2025-03-11 22:37:25.263	NewBlock 1654, Chunks: 0,
2025-03-11 22:37:38.827	NewBlock 1655, Chunks: 0,
2025-03-11 22:37:50.588	NewBlock 1656, Chunks: 0,
2025-03-11 22:38:10.654	NewBlock 1657, Chunks: 0,
2025-03-11 22:38:19.300	NewBlock 1658, Chunks: 0,
2025-03-11 22:38:35.177	NewBlock 1658, Chunks: 0,
2025-03-11 22:38:35.196	NewBlock 1659, Chunks: 0,
2025-03-11 22:38:51.148	NewBlock 1660, Chunks: 0,
2025-03-11 22:39:03.299	NewBlock 1661, Chunks: 0,
2025-03-11 22:39:18.752	NewBlock 1662, Chunks: 0,
2025-03-11 22:39:33.243	NewBlock 1663, Chunks: 0,
2025-03-11 22:39:52.229	NewBlock 1664, Chunks: 0,
2025-03-12 01:07:44.401	NewBlock -1, Chunks: 0,
2025-03-12 01:15:38.352	Initialized. Chunks: 0
2025-03-12 01:33:28.008	NewBlock 1665, Chunks: 0,
2025-03-12 01:33:43.728	NewBlock 1665, Chunks: 0,
2025-03-12 01:33:43.751	NewBlock 1666, Chunks: 0,
2025-03-12 01:34:00.117	NewBlock 1667, Chunks: 0,
2025-03-12 01:34:11.294	NewBlock 1668, Chunks: 0,
2025-03-12 01:34:23.362	NewBlock 1669, Chunks: 0,
2025-03-12 01:34:38.608	NewBlock 1670, Chunks: 0,
2025-03-12 01:34:51.695	NewBlock 1671, Chunks: 0,
2025-03-12 01:35:10.783	NewBlock 1672, Chunks: 0,
2025-03-12 01:35:30.349	NewBlock 1673, Chunks: 0,
2025-03-12 01:35:44.905	NewBlock 1674, Chunks: 0,
2025-03-12 01:35:57.058	NewBlock 1675, Chunks: 0,
2025-03-12 01:36:14.266	NewBlock 1676, Chunks: 0,
2025-03-12 02:32:37.007	Entity (00000105, 000000004ce444b73c4cd8485b5a92a1c163e409) added successfully
2025-03-12 02:32:51.455	NewBlock 1677, Chunks: 0,
2025-03-12 02:33:05.236	NewBlock 1678, Chunks: 0,
2025-03-12 02:33:08.638	NewBlock 1679, Chunks: 0,
2025-03-12 02:33:15.647	NewBlock 1680, Chunks: 0,
2025-03-12 02:33:24.111	NewBlock 1681, Chunks: 0,
2025-03-12 02:33:29.612	NewBlock 1682, Chunks: 0,
2025-03-12 02:33:36.377	NewBlock 1683, Chunks: 0,
2025-03-12 02:33:41.772	NewBlock 1684, Chunks: 0,
2025-03-12 02:33:48.530	NewBlock 1685, Chunks: 0,
2025-03-12 02:33:58.593	NewBlock 1686, Chunks: 0,
2025-03-12 02:34:01.645	NewBlock 1687, Chunks: 0,
2025-03-12 02:34:07.230	NewBlock 1688, Chunks: 0,
2025-03-12 02:34:31.474	NewBlock 1689, Chunks: 0,
2025-03-12 02:34:50.137	NewBlock 1690, Chunks: 0,
2025-03-12 02:35:11.103	NewBlock 1691, Chunks: 0,
2025-03-12 02:35:29.792	NewBlock 1692, Chunks: 0,
2025-03-12 02:35:49.653	NewBlock 1693, Chunks: 0,
2025-03-12 02:36:08.407	NewBlock 1694, Chunks: 0,
2025-03-12 02:36:14.055	NewBlock 1695, Chunks: 0,
2025-03-12 02:36:35.978	NewBlock 1696, Chunks: 0,
2025-03-12 02:36:43.820	NewBlock 1697, Chunks: 0,
2025-03-12 02:36:58.079	NewBlock 1698, Chunks: 0,
2025-03-12 02:37:07.940	NewBlock 1699, Chunks: 0,
2025-03-12 02:37:27.815	NewBlock 1700, Chunks: 0,
2025-03-12 02:37:38.875	NewBlock 1701, Chunks: 0,
2025-03-12 02:41:15.616	NewBlock 1702, Chunks: 0,
2025-03-12 02:41:28.790	NewBlock 1703, Chunks: 0,
2025-03-12 02:41:42.064	NewBlock 1704, Chunks: 0,
2025-03-12 02:41:42.112	NewBlock 1705, Chunks: 0,
2025-03-12 02:41:52.059	NewBlock 1706, Chunks: 0,
2025-03-12 02:42:03.056	NewBlock 1707, Chunks: 0,
2025-03-12 02:42:07.601	NewBlock 1708, Chunks: 0,
2025-03-12 02:42:13.170	NewBlock 1709, Chunks: 0,
2025-03-12 02:42:16.602	NewBlock 1710, Chunks: 0,
2025-03-12 02:42:21.730	NewBlock 1711, Chunks: 0,
2025-03-12 02:42:28.997	Entity (00000105, 00000000dd19d9169a93645eabb70b1da176a18e) added successfully
2025-03-12 02:42:41.955	NewBlock 1712, Chunks: 0,
2025-03-12 02:43:12.390	NewBlock 1713, Chunks: 0,
2025-03-12 02:43:31.524	NewBlock 1714, Chunks: 0,
2025-03-12 02:43:55.774	NewBlock 1715, Chunks: 0,
2025-03-12 02:44:05.538	NewBlock 1716, Chunks: 0,
2025-03-12 02:44:18.933	NewBlock 1717, Chunks: 0,
2025-03-12 02:44:36.592	NewBlock 1718, Chunks: 0,
2025-03-12 02:44:42.872	NewBlock 1718, Chunks: 0,
2025-03-12 02:44:42.908	NewBlock 1719, Chunks: 0,
2025-03-12 02:45:02.281	NewBlock 1720, Chunks: 0,
2025-03-12 02:45:12.532	NewBlock 1721, Chunks: 0,
2025-03-12 02:45:29.886	NewBlock 1722, Chunks: 0,
2025-03-12 02:45:42.036	NewBlock 1723, Chunks: 0,
2025-03-12 02:46:03.305	NewBlock 1724, Chunks: 0,
2025-03-12 02:46:19.458	NewBlock 1725, Chunks: 0,
2025-03-12 02:46:30.903	NewBlock 1726, Chunks: 0,
2025-03-12 02:46:52.489	NewBlock 1727, Chunks: 0,
2025-03-12 02:47:13.637	Entity (00000105, 00000000c735dbaf1dafc2ef91aa91fbafac730c) added successfully
2025-03-12 02:47:30.311	NewBlock 1728, Chunks: 0,
2025-03-12 02:47:36.759	NewBlock 1729, Chunks: 0,
2025-03-12 02:47:40.197	NewBlock 1730, Chunks: 0,
2025-03-12 02:47:52.363	NewBlock 1731, Chunks: 0,
2025-03-12 02:48:07.901	NewBlock 1732, Chunks: 0,
2025-03-12 02:48:21.168	NewBlock 1733, Chunks: 0,
2025-03-12 02:48:36.455	NewBlock 1734, Chunks: 0,
2025-03-12 02:48:50.921	NewBlock 1735, Chunks: 0,
2025-03-12 02:49:08.571	NewBlock 1736, Chunks: 0,
2025-03-12 02:49:24.473	NewBlock 1737, Chunks: 0,
2025-03-12 02:49:40.341	NewBlock 1738, Chunks: 0,
2025-03-12 02:50:11.176	Entity (00000105, 00000000b43193878a9784ca88ff1b184b3746a8) added successfully
2025-03-12 02:50:25.340	NewBlock 1739, Chunks: 0,
2025-03-12 02:50:35.533	NewBlock 1740, Chunks: 0,
2025-03-12 02:50:39.810	NewBlock 1741, Chunks: 0,
2025-03-12 02:50:47.705	NewBlock 1742, Chunks: 0,
2025-03-12 02:50:57.665	NewBlock 1743, Chunks: 0,
2025-03-12 02:51:17.452	NewBlock 1744, Chunks: 0,
2025-03-12 02:51:34.021	NewBlock 1745, Chunks: 0,
2025-03-12 02:51:49.472	NewBlock 1746, Chunks: 0,
2025-03-12 02:52:02.587	NewBlock 1747, Chunks: 0,
2025-03-12 02:52:22.759	NewBlock 1748, Chunks: 0,
2025-03-12 02:52:32.129	NewBlock 1749, Chunks: 0,
2025-03-12 02:52:48.094	Entity (00000105, 00000000c236228859a086ca59cd22eef1577bc7) added successfully
2025-03-12 02:53:06.607	NewBlock 1750, Chunks: 0,
2025-03-12 02:53:15.454	NewBlock 1751, Chunks: 0,
2025-03-12 02:53:27.353	NewBlock 1752, Chunks: 0,
2025-03-12 02:53:34.232	NewBlock 1753, Chunks: 0,
2025-03-12 02:53:49.692	NewBlock 1754, Chunks: 0,
2025-03-12 02:53:50.532	NewBlock 1755, Chunks: 0,
2025-03-12 02:54:15.043	NewBlock 1756, Chunks: 0,
2025-03-12 02:54:38.197	NewBlock 1757, Chunks: 0,
2025-03-12 02:54:50.347	NewBlock 1758, Chunks: 0,
2025-03-12 02:55:06.609	NewBlock 1759, Chunks: 0,
2025-03-12 02:55:20.077	NewBlock 1760, Chunks: 0,
2025-03-12 02:55:32.942	NewBlock 1761, Chunks: 0,
2025-03-12 02:55:52.112	NewBlock 1762, Chunks: 0,
2025-03-12 02:56:01.366	NewBlock 1763, Chunks: 0,
2025-03-12 02:56:18.021	NewBlock 1764, Chunks: 0,
2025-03-12 02:56:37.287	NewBlock 1765, Chunks: 0,
2025-03-12 02:56:47.254	NewBlock 1766, Chunks: 0,
2025-03-12 02:57:02.118	NewBlock 1767, Chunks: 0,
2025-03-12 02:57:18.891	NewBlock 1768, Chunks: 0,
2025-03-12 02:57:32.098	NewBlock 1769, Chunks: 0,
2025-03-12 02:57:39.601	Entity (00000105, 00000000d999e626d800b7b0bac09d5f7cc1865a) added successfully
2025-03-12 02:57:47.386	NewBlock 1770, Chunks: 0,
2025-03-12 02:58:09.480	NewBlock 1771, Chunks: 0,
2025-03-12 02:58:20.556	NewBlock 1772, Chunks: 0,
2025-03-12 02:58:31.637	NewBlock 1773, Chunks: 0,
2025-03-12 02:58:49.367	NewBlock 1774, Chunks: 0,
2025-03-12 02:59:05.799	NewBlock 1775, Chunks: 0,
2025-03-12 02:59:19.243	NewBlock 1776, Chunks: 0,
2025-03-12 02:59:37.780	NewBlock 1777, Chunks: 0,
2025-03-12 02:59:47.914	NewBlock 1778, Chunks: 0,
2025-03-12 03:00:08.784	NewBlock 1779, Chunks: 0,
2025-03-12 03:00:18.839	NewBlock 1780, Chunks: 0,
2025-03-12 03:00:34.726	Entity (00000105, 000000000ce0c4a3c2cb004dee1bccac006ae766) added successfully
2025-03-12 03:01:00.640	NewBlock 1781, Chunks: 0,
2025-03-12 03:01:04.779	NewBlock 1782, Chunks: 0,
2025-03-12 03:01:12.898	NewBlock 1783, Chunks: 0,
2025-03-12 03:01:21.365	NewBlock 1784, Chunks: 0,
2025-03-12 03:01:40.111	NewBlock 1785, Chunks: 0,
2025-03-12 03:01:50.056	NewBlock 1786, Chunks: 0,
2025-03-12 03:02:05.531	NewBlock 1787, Chunks: 0,
2025-03-12 03:02:28.239	NewBlock 1788, Chunks: 0,
2025-03-12 03:02:43.694	NewBlock 1789, Chunks: 0,
2025-03-12 03:02:59.567	NewBlock 1790, Chunks: 0,
2025-03-12 03:03:13.928	NewBlock 1791, Chunks: 0,
2025-03-12 03:06:55.823	Entity (00000105, 0000000014b2ea003c561b287e6fe590a033df9a) added successfully
2025-03-12 03:07:19.381	NewBlock 1792, Chunks: 0,
2025-03-12 03:07:34.849	NewBlock 1793, Chunks: 0,
2025-03-12 03:07:42.617	NewBlock 1794, Chunks: 0,
2025-03-12 03:07:45.965	NewBlock 1795, Chunks: 0,
2025-03-12 03:07:50.427	NewBlock 1796, Chunks: 0,
2025-03-12 03:08:07.090	NewBlock 1797, Chunks: 0,
2025-03-12 03:08:11.430	NewBlock 1798, Chunks: 0,
2025-03-12 03:08:18.077	NewBlock 1799, Chunks: 0,
2025-03-12 03:08:22.529	NewBlock 1800, Chunks: 0,
2025-03-12 03:08:32.491	NewBlock 1801, Chunks: 0,
2025-03-12 03:08:45.548	NewBlock 1802, Chunks: 0,
2025-03-12 03:13:05.793	Entity (00000105, 00000000baac68cf62c9a339606884605ba743ea) added successfully
2025-03-12 03:13:22.987	NewBlock 1803, Chunks: 0,
2025-03-12 03:13:35.068	NewBlock 1804, Chunks: 0,
2025-03-12 03:13:41.721	NewBlock 1805, Chunks: 0,
2025-03-12 03:13:47.273	NewBlock 1806, Chunks: 0,
2025-03-12 03:13:57.231	NewBlock 1807, Chunks: 0,
2025-03-12 03:14:07.089	NewBlock 1808, Chunks: 0,
2025-03-12 03:14:12.653	NewBlock 1809, Chunks: 0,
2025-03-12 03:14:24.816	NewBlock 1810, Chunks: 0,
2025-03-12 03:14:29.160	NewBlock 1811, Chunks: 0,
2025-03-12 03:14:34.712	NewBlock 1812, Chunks: 0,
2025-03-12 03:14:43.570	NewBlock 1813, Chunks: 0,
2025-03-12 03:18:19.554	Entity (00000105, 00000000359f0764f66471b9b1dcff774088bdf6) added successfully
2025-03-12 03:18:40.163	NewBlock 1814, Chunks: 0,
2025-03-12 03:18:45.836	NewBlock 1815, Chunks: 0,
2025-03-12 03:18:51.192	NewBlock 1816, Chunks: 0,
2025-03-12 03:19:01.254	NewBlock 1817, Chunks: 0,
2025-03-12 03:19:04.410	NewBlock 1818, Chunks: 0,
2025-03-12 03:19:14.459	NewBlock 1819, Chunks: 0,
2025-03-12 03:19:27.719	NewBlock 1820, Chunks: 0,
2025-03-12 03:19:31.966	NewBlock 1821, Chunks: 0,
2025-03-12 03:19:46.470	NewBlock 1821, Chunks: 0,
2025-03-12 03:19:46.506	NewBlock 1822, Chunks: 0,
2025-03-12 03:19:59.675	NewBlock 1823, Chunks: 0,
2025-03-12 03:20:07.333	NewBlock 1824, Chunks: 0,
2025-03-12 03:22:59.127	Entity (00000105, 00000000e16ddaa79d31510a38eb8059daeebd48) added successfully
2025-03-12 03:23:16.834	NewBlock 1825, Chunks: 0,
2025-03-12 03:23:28.696	NewBlock 1826, Chunks: 0,
2025-03-12 03:23:43.250	NewBlock 1827, Chunks: 0,
2025-03-12 03:23:54.299	NewBlock 1828, Chunks: 0,
2025-03-12 03:24:04.246	NewBlock 1829, Chunks: 0,
2025-03-12 03:24:08.302	NewBlock 1830, Chunks: 0,
2025-03-12 03:24:19.470	NewBlock 1831, Chunks: 0,
2025-03-12 03:24:27.422	NewBlock 1832, Chunks: 0,
2025-03-12 03:24:44.080	NewBlock 1833, Chunks: 0,
2025-03-12 03:24:54.137	NewBlock 1834, Chunks: 0,
2025-03-12 03:25:02.280	NewBlock 1835, Chunks: 0,
