2025-03-02 21:01:01.911	Initialized. Chain height: -1, Txs: 0
2025-03-02 21:01:01.918	Entity (00000101, 0000000000000000000000000000000000000000) added successfully
2025-03-02 21:01:01.918	Entity (00000201, 0000000000000000000000000000000000000000) added successfully
2025-03-02 21:01:01.918	Entity (00000102, 0000000000000000000000000000000000000000) added successfully
2025-03-02 21:01:01.918	Entity (00000202, 0000000000000000000000000000000000000000) added successfully
2025-03-02 21:01:01.918	Entity (0000010A, 0000000000000000000000000000000000000000) added successfully
2025-03-02 21:01:01.918	Entity (0000010B, 0000000000000000000000000000000000000000) added successfully
2025-03-02 21:01:01.918	Entity (0000010F, 0000000000000000000000000000000000000000) added successfully
2025-03-02 21:01:01.918	Entity (00000103, 7a03ecafc9a3249cfcd1d4d231bb26b03f1b2aa8) added successfully
2025-03-02 21:01:01.918	Entity (00000203, 7a03ecafc9a3249cfcd1d4d231bb26b03f1b2aa8) added successfully
2025-03-02 21:01:01.964	Entity (00000105, 00000000ba2fdcc78eb7d3d92ce0e9f99b59dc3a) added successfully
2025-03-02 21:01:01.964	Entity (00000205, 00000000ba2fdcc78eb7d3d92ce0e9f99b59dc3a) added successfully
2025-03-02 21:01:01.964	Entity (00000106, 00000000ba2fdcc78eb7d3d92ce0e9f99b59dc3a) added successfully
2025-03-02 21:01:01.964	Entity (00000206, 00000000ba2fdcc78eb7d3d92ce0e9f99b59dc3a) added successfully
2025-03-02 21:01:01.964	Entity (00000107, 00000000ba2fdcc78eb7d3d92ce0e9f99b59dc3a) added successfully
2025-03-02 21:01:01.964	Entity (00000207, 00000000ba2fdcc78eb7d3d92ce0e9f99b59dc3a) added successfully
2025-03-02 21:01:01.984	NewData 00000000000000000000014b0000000000000000000000000000000000000002, block 0, flags 00000000, import 0
2025-03-02 21:01:01.991	NewBlock 0, Txs: 1, Rows: 4
2025-03-02 21:01:02.032	NewTx 44343ce2227b6c1c963fb320f04731a260deb9efe4772bf9efb0b43b227d8644, block 1, flags 00000006, import 0
2025-03-02 21:01:02.038	NewBlock 1, Txs: 1, Rows: 6
2025-03-02 21:01:02.087	NewBlock 2, Txs: 0, Rows: 0
2025-03-02 21:01:13.251	NewTx db2e06a191e386b472a20cddc56f13c1445b754cc88144c5510ac661cd9b94ea, block -1, flags 00030004, import 0
2025-03-02 21:01:13.359	NewTx c2c0bd6e189100089cbe005e32684a6b31dbd53cab01e4a052155168a767e7f8, block -1, flags 00030004, import 0
2025-03-02 21:01:20.600	NewData 00000000000000000000014b0000000000000000000000000000000000000002, block -1, flags 00000000, import 0
2025-03-02 21:01:20.600	NewTx 5924a46f3ca4fcb3df432d53b6c510406ec01d3b9ff79b72c0f262f5e697137e, block -1, flags 00030004, import 0
2025-03-02 21:01:20.707	Entity (00000105, 000000005924a46f3ca4fcb3df432d53b6c51040) added successfully
2025-03-02 21:01:20.707	Entity (00000205, 000000005924a46f3ca4fcb3df432d53b6c51040) added successfully
2025-03-02 21:01:20.707	Entity (00000106, 000000005924a46f3ca4fcb3df432d53b6c51040) added successfully
2025-03-02 21:01:20.707	Entity (00000206, 000000005924a46f3ca4fcb3df432d53b6c51040) added successfully
2025-03-02 21:01:20.707	Entity (00000107, 000000005924a46f3ca4fcb3df432d53b6c51040) added successfully
2025-03-02 21:01:20.707	Entity (00000207, 000000005924a46f3ca4fcb3df432d53b6c51040) added successfully
2025-03-02 21:01:20.708	Starting new import 1 with 6 entities from block 1
2025-03-02 21:01:20.708	Import: 1, Entity: (00000105, 000000005924a46f3ca4fcb3df432d53b6c51040), transferred txs: 0
2025-03-02 21:01:20.708	Import: 1, Entity: (00000205, 000000005924a46f3ca4fcb3df432d53b6c51040), transferred txs: 0
2025-03-02 21:01:20.708	Import: 1, Entity: (00000106, 000000005924a46f3ca4fcb3df432d53b6c51040), transferred txs: 0
2025-03-02 21:01:20.708	Import: 1, Entity: (00000206, 000000005924a46f3ca4fcb3df432d53b6c51040), transferred txs: 0
2025-03-02 21:01:20.708	Import: 1, Entity: (00000107, 000000005924a46f3ca4fcb3df432d53b6c51040), transferred txs: 0
2025-03-02 21:01:20.708	Import: 1, Entity: (00000207, 000000005924a46f3ca4fcb3df432d53b6c51040), transferred txs: 0
2025-03-02 21:01:20.708	Import 1 successfully started
2025-03-02 21:01:20.720	NewBlock 2, Txs: 0, Rows: 0
2025-03-02 21:01:20.721	Could not find parent entity
2025-03-02 21:01:20.722	Import: 1, Transferring entity (00000105, 000000005924a46f3ca4fcb3df432d53b6c51040) to the chain, txs: 0
2025-03-02 21:01:20.722	Import: 1, Transferring entity (00000205, 000000005924a46f3ca4fcb3df432d53b6c51040) to the chain, txs: 0
2025-03-02 21:01:20.722	Import: 1, Transferring entity (00000106, 000000005924a46f3ca4fcb3df432d53b6c51040) to the chain, txs: 0
2025-03-02 21:01:20.722	Import: 1, Transferring entity (00000206, 000000005924a46f3ca4fcb3df432d53b6c51040) to the chain, txs: 0
2025-03-02 21:01:20.722	Import: 1, Transferring entity (00000107, 000000005924a46f3ca4fcb3df432d53b6c51040) to the chain, txs: 0
2025-03-02 21:01:20.722	Import: 1, Transferring entity (00000207, 000000005924a46f3ca4fcb3df432d53b6c51040) to the chain, txs: 0
2025-03-02 21:01:20.722	CompleteImport: Successfully updated chain after import 1, removing old records
2025-03-02 21:01:20.722	CompleteImport: Import 1 completed
2025-03-02 21:01:20.830	NewData 00000000000000000000014b0000000000000000000000000000000000000002, block -1, flags 00000000, import 0
2025-03-02 21:01:20.830	NewTx 46c6d6940ec4d162756ce8433a01112b2ef3ac66b338c8d3d462c80fec1a664c, block -1, flags 00030004, import 0
2025-03-02 21:01:20.937	Entity (00000105, 0000000046c6d6940ec4d162756ce8433a01112b) added successfully
2025-03-02 21:01:20.937	Entity (00000205, 0000000046c6d6940ec4d162756ce8433a01112b) added successfully
2025-03-02 21:01:20.937	Entity (00000106, 0000000046c6d6940ec4d162756ce8433a01112b) added successfully
2025-03-02 21:01:20.937	Entity (00000206, 0000000046c6d6940ec4d162756ce8433a01112b) added successfully
2025-03-02 21:01:20.937	Entity (00000107, 0000000046c6d6940ec4d162756ce8433a01112b) added successfully
2025-03-02 21:01:20.937	Entity (00000207, 0000000046c6d6940ec4d162756ce8433a01112b) added successfully
2025-03-02 21:01:20.937	Starting new import 2 with 6 entities from block 1
2025-03-02 21:01:20.937	Import: 2, Entity: (00000105, 0000000046c6d6940ec4d162756ce8433a01112b), transferred txs: 0
2025-03-02 21:01:20.937	Import: 2, Entity: (00000205, 0000000046c6d6940ec4d162756ce8433a01112b), transferred txs: 0
2025-03-02 21:01:20.937	Import: 2, Entity: (00000106, 0000000046c6d6940ec4d162756ce8433a01112b), transferred txs: 0
2025-03-02 21:01:20.937	Import: 2, Entity: (00000206, 0000000046c6d6940ec4d162756ce8433a01112b), transferred txs: 0
2025-03-02 21:01:20.937	Import: 2, Entity: (00000107, 0000000046c6d6940ec4d162756ce8433a01112b), transferred txs: 0
2025-03-02 21:01:20.937	Import: 2, Entity: (00000207, 0000000046c6d6940ec4d162756ce8433a01112b), transferred txs: 0
2025-03-02 21:01:20.937	Import 2 successfully started
2025-03-02 21:01:20.950	NewBlock 2, Txs: 0, Rows: 0
2025-03-02 21:01:20.951	Could not find parent entity
2025-03-02 21:01:20.951	Could not find parent entity
2025-03-02 21:01:20.951	Import: 2, Transferring entity (00000105, 0000000046c6d6940ec4d162756ce8433a01112b) to the chain, txs: 0
2025-03-02 21:01:20.951	Import: 2, Transferring entity (00000205, 0000000046c6d6940ec4d162756ce8433a01112b) to the chain, txs: 0
2025-03-02 21:01:20.951	Import: 2, Transferring entity (00000106, 0000000046c6d6940ec4d162756ce8433a01112b) to the chain, txs: 0
2025-03-02 21:01:20.951	Import: 2, Transferring entity (00000206, 0000000046c6d6940ec4d162756ce8433a01112b) to the chain, txs: 0
2025-03-02 21:01:20.951	Import: 2, Transferring entity (00000107, 0000000046c6d6940ec4d162756ce8433a01112b) to the chain, txs: 0
2025-03-02 21:01:20.951	Import: 2, Transferring entity (00000207, 0000000046c6d6940ec4d162756ce8433a01112b) to the chain, txs: 0
2025-03-02 21:01:20.951	CompleteImport: Successfully updated chain after import 2, removing old records
2025-03-02 21:01:20.951	CompleteImport: Import 2 completed
2025-03-02 21:01:21.059	NewData 00000000000000000000014b0000000000000000000000000000000000000002, block -1, flags 00000000, import 0
2025-03-02 21:01:21.059	NewTx b521837f842096c4530199228df5f1903b3b4233763062b669dab15a82c07fb7, block -1, flags 00030004, import 0
2025-03-02 21:01:21.166	Entity (00000105, 00000000b521837f842096c4530199228df5f190) added successfully
2025-03-02 21:01:21.166	Entity (00000205, 00000000b521837f842096c4530199228df5f190) added successfully
2025-03-02 21:01:21.166	Entity (00000106, 00000000b521837f842096c4530199228df5f190) added successfully
2025-03-02 21:01:21.166	Entity (00000206, 00000000b521837f842096c4530199228df5f190) added successfully
2025-03-02 21:01:21.166	Entity (00000107, 00000000b521837f842096c4530199228df5f190) added successfully
2025-03-02 21:01:21.166	Entity (00000207, 00000000b521837f842096c4530199228df5f190) added successfully
2025-03-02 21:01:21.166	Starting new import 3 with 6 entities from block 1
2025-03-02 21:01:21.166	Import: 3, Entity: (00000105, 00000000b521837f842096c4530199228df5f190), transferred txs: 0
2025-03-02 21:01:21.166	Import: 3, Entity: (00000205, 00000000b521837f842096c4530199228df5f190), transferred txs: 0
2025-03-02 21:01:21.166	Import: 3, Entity: (00000106, 00000000b521837f842096c4530199228df5f190), transferred txs: 0
2025-03-02 21:01:21.166	Import: 3, Entity: (00000206, 00000000b521837f842096c4530199228df5f190), transferred txs: 0
2025-03-02 21:01:21.166	Import: 3, Entity: (00000107, 00000000b521837f842096c4530199228df5f190), transferred txs: 0
2025-03-02 21:01:21.166	Import: 3, Entity: (00000207, 00000000b521837f842096c4530199228df5f190), transferred txs: 0
2025-03-02 21:01:21.166	Import 3 successfully started
2025-03-02 21:01:21.179	NewBlock 2, Txs: 0, Rows: 0
2025-03-02 21:01:21.180	Could not find parent entity
2025-03-02 21:01:21.180	Could not find parent entity
2025-03-02 21:01:21.180	Could not find parent entity
2025-03-02 21:01:21.180	Import: 3, Transferring entity (00000105, 00000000b521837f842096c4530199228df5f190) to the chain, txs: 0
2025-03-02 21:01:21.180	Import: 3, Transferring entity (00000205, 00000000b521837f842096c4530199228df5f190) to the chain, txs: 0
2025-03-02 21:01:21.180	Import: 3, Transferring entity (00000106, 00000000b521837f842096c4530199228df5f190) to the chain, txs: 0
2025-03-02 21:01:21.180	Import: 3, Transferring entity (00000206, 00000000b521837f842096c4530199228df5f190) to the chain, txs: 0
2025-03-02 21:01:21.180	Import: 3, Transferring entity (00000107, 00000000b521837f842096c4530199228df5f190) to the chain, txs: 0
2025-03-02 21:01:21.180	Import: 3, Transferring entity (00000207, 00000000b521837f842096c4530199228df5f190) to the chain, txs: 0
2025-03-02 21:01:21.180	CompleteImport: Successfully updated chain after import 3, removing old records
2025-03-02 21:01:21.180	CompleteImport: Import 3 completed
2025-03-02 21:01:26.528	NewTx 0d0ce1ade83c770a761bef7f5a9dc9473cd1b5d0f3a639351b82b0691bd89f17, block -1, flags 00030004, import 0
2025-03-02 21:01:42.676	NewTx 824a918784e50415bdb7edfd3a1398165765c084c347fb657c480007fb5e242b, block -1, flags 00030004, import 0
2025-03-02 21:01:50.542	UpdateTx db2e06a191, block 3, flags 00030004, import 0
2025-03-02 21:01:50.542	UpdateTx c2c0bd6e18, block 3, flags 00030004, import 0
2025-03-02 21:01:50.542	NewData 00000000000000000000014b0000000000000000000000000000000000000002, block 3, flags 00000000, import 0
2025-03-02 21:01:50.542	UpdateTx 5924a46f3c, block 3, flags 00030004, import 0
2025-03-02 21:01:50.542	NewData 00000000000000000000014b0000000000000000000000000000000000000002, block 3, flags 00000000, import 0
2025-03-02 21:01:50.542	UpdateTx 46c6d6940e, block 3, flags 00030004, import 0
2025-03-02 21:01:50.542	NewData 00000000000000000000014b0000000000000000000000000000000000000002, block 3, flags 00000000, import 0
2025-03-02 21:01:50.542	UpdateTx b521837f84, block 3, flags 00030004, import 0
2025-03-02 21:01:50.542	UpdateTx 0d0ce1ade8, block 3, flags 00030004, import 0
2025-03-02 21:01:50.542	UpdateTx 824a918784, block 3, flags 00030004, import 0
2025-03-02 21:01:50.547	NewBlock 3, Txs: 9, Rows: 61
2025-03-02 21:02:10.410	NewBlock 4, Txs: 0, Rows: 0
2025-03-02 21:02:15.228	NewTx 1b308569a3f98b3ad95d4426e1fb55f152397ddcc889d0def4d9c565af01dd2b, block -1, flags 00030004, import 0
2025-03-02 21:02:19.257	UpdateTx 1b308569a3, block 5, flags 00030004, import 0
2025-03-02 21:02:19.261	NewBlock 5, Txs: 1, Rows: 6
2025-03-02 21:02:31.429	NewBlock 6, Txs: 0, Rows: 0
2025-03-02 21:02:47.993	NewBlock 7, Txs: 0, Rows: 0
2025-03-02 21:02:52.054	NewTx 6a47e50191ad5159eb61f58887532037d26e098e7b845b9e25c31930adb66a66, block -1, flags 00030004, import 0
2025-03-02 21:02:52.164	NewTx 244ba3ce13c9a74d9f89c7d9bb24686f6bb5d041ba7ca9eae7a132133cdb189f, block -1, flags 00030004, import 0
2025-03-02 21:02:52.714	NewTx ab010dc478cc20491da89eee78cbd4b2e86edda1d94653a5cc9fadb9cd15b383, block -1, flags 00030004, import 0
2025-03-02 21:02:52.823	NewTx 0f97f5e28e6b994584fc1a156f343af5315032a01495c195992b34a74def5d4c, block -1, flags 00030004, import 0
2025-03-02 21:03:04.548	UpdateTx 6a47e50191, block 8, flags 00030004, import 0
2025-03-02 21:03:04.548	UpdateTx 244ba3ce13, block 8, flags 00030004, import 0
2025-03-02 21:03:04.548	UpdateTx ab010dc478, block 8, flags 00030004, import 0
2025-03-02 21:03:04.548	UpdateTx 0f97f5e28e, block 8, flags 00030004, import 0
2025-03-02 21:03:04.552	NewBlock 8, Txs: 4, Rows: 24
2025-03-02 21:03:25.500	NewBlock 9, Txs: 0, Rows: 0
2025-03-02 21:03:43.138	NewBlock 10, Txs: 0, Rows: 0
2025-03-02 21:03:53.085	NewBlock 11, Txs: 0, Rows: 0
2025-03-02 21:04:10.523	NewBlock 12, Txs: 0, Rows: 0
2025-03-02 21:04:23.938	NewBlock 13, Txs: 0, Rows: 0
2025-03-02 21:04:37.188	NewBlock 14, Txs: 0, Rows: 0
2025-03-02 21:04:53.451	NewBlock 15, Txs: 0, Rows: 0
2025-03-02 21:05:06.102	NewBlock 16, Txs: 0, Rows: 0
2025-03-02 21:05:31.582	NewBlock 17, Txs: 0, Rows: 0
2025-03-02 21:05:32.016	NewBlock 18, Txs: 0, Rows: 0
2025-03-02 21:05:53.596	NewBlock 19, Txs: 0, Rows: 0
2025-03-02 21:06:10.164	NewBlock 20, Txs: 0, Rows: 0
2025-03-02 21:06:23.968	NewBlock 21, Txs: 0, Rows: 0
2025-03-02 21:06:42.717	NewBlock 22, Txs: 0, Rows: 0
2025-03-02 21:06:52.584	NewBlock 23, Txs: 0, Rows: 0
2025-03-02 21:07:14.718	NewBlock 24, Txs: 0, Rows: 0
2025-03-02 21:07:23.317	NewBlock 25, Txs: 0, Rows: 0
2025-03-02 21:07:41.011	NewBlock 26, Txs: 0, Rows: 0
2025-03-02 21:07:58.785	NewBlock 27, Txs: 0, Rows: 0
2025-03-02 21:08:07.665	NewBlock 28, Txs: 0, Rows: 0
2025-03-02 21:08:31.630	NewBlock 29, Txs: 0, Rows: 0
2025-03-02 21:08:42.685	NewBlock 30, Txs: 0, Rows: 0
2025-03-02 21:09:01.640	NewBlock 31, Txs: 0, Rows: 0
2025-03-02 21:09:09.278	NewBlock 32, Txs: 0, Rows: 0
2025-03-02 21:09:27.355	NewBlock 33, Txs: 0, Rows: 0
2025-03-02 21:09:38.519	NewBlock 34, Txs: 0, Rows: 0
2025-03-02 21:09:54.390	NewBlock 35, Txs: 0, Rows: 0
2025-03-02 21:10:14.291	NewBlock 36, Txs: 0, Rows: 0
2025-03-02 21:10:25.875	NewBlock 37, Txs: 0, Rows: 0
2025-03-02 21:10:41.839	NewBlock 38, Txs: 0, Rows: 0
2025-03-02 21:11:00.910	NewBlock 39, Txs: 0, Rows: 0
2025-03-02 21:11:13.260	NewBlock 40, Txs: 0, Rows: 0
2025-03-02 21:11:29.626	NewBlock 41, Txs: 0, Rows: 0
2025-03-02 21:11:38.089	NewBlock 42, Txs: 0, Rows: 0
2025-03-02 21:11:53.570	NewBlock 43, Txs: 0, Rows: 0
2025-03-02 21:12:09.342	NewBlock 44, Txs: 0, Rows: 0
2025-03-02 21:12:25.307	NewBlock 45, Txs: 0, Rows: 0
2025-03-02 21:12:38.630	NewBlock 46, Txs: 0, Rows: 0
2025-03-02 21:12:48.317	NewData 00000000000000000000014b0000000000000000000000000000000000000002, block -1, flags 00000000, import 0
2025-03-02 21:12:48.318	NewTx ef669c4a609e3ce83d062202bdb87abd8f7f6224d5a0e5e4a50fbda2617ce057, block -1, flags 00030004, import 0
2025-03-02 21:12:48.318	Entity (00000105, 00000000ef669c4a609e3ce83d062202bdb87abd) added successfully
2025-03-02 21:12:48.318	Entity (00000205, 00000000ef669c4a609e3ce83d062202bdb87abd) added successfully
2025-03-02 21:12:48.318	Entity (00000106, 00000000ef669c4a609e3ce83d062202bdb87abd) added successfully
2025-03-02 21:12:48.318	Entity (00000206, 00000000ef669c4a609e3ce83d062202bdb87abd) added successfully
2025-03-02 21:12:48.318	Entity (00000107, 00000000ef669c4a609e3ce83d062202bdb87abd) added successfully
2025-03-02 21:12:48.318	Entity (00000207, 00000000ef669c4a609e3ce83d062202bdb87abd) added successfully
2025-03-02 21:12:49.426	Entity (00000105, 00000000ef669c4a609e3ce83d062202bdb87abd) already in the wallet
2025-03-02 21:12:49.543	NewData 00000000000000000000014b0000000000000000000000000000000000000002, block -1, flags 00000000, import 0
2025-03-02 21:12:49.543	NewTx 5cf9aa26ea38a2b921fe07204ec7d874a81ab840d507817a0b316a5f6772d0f3, block -1, flags 00030004, import 0
2025-03-02 21:12:49.543	Entity (00000105, 000000005cf9aa26ea38a2b921fe07204ec7d874) added successfully
2025-03-02 21:12:49.543	Entity (00000205, 000000005cf9aa26ea38a2b921fe07204ec7d874) added successfully
2025-03-02 21:12:49.543	Entity (00000106, 000000005cf9aa26ea38a2b921fe07204ec7d874) added successfully
2025-03-02 21:12:49.543	Entity (00000206, 000000005cf9aa26ea38a2b921fe07204ec7d874) added successfully
2025-03-02 21:12:49.543	Entity (00000107, 000000005cf9aa26ea38a2b921fe07204ec7d874) added successfully
2025-03-02 21:12:49.543	Entity (00000207, 000000005cf9aa26ea38a2b921fe07204ec7d874) added successfully
2025-03-02 21:12:50.651	Entity (00000105, 000000005cf9aa26ea38a2b921fe07204ec7d874) already in the wallet
2025-03-02 21:12:50.760	NewData 00000000000000000000014b0000000000000000000000000000000000000002, block -1, flags 00000000, import 0
2025-03-02 21:12:50.760	NewTx 51a84f3a163a8893480168a58d1d2ef6213a7a1807b9c2e9c863eda782b5f9c8, block -1, flags 00030004, import 0
2025-03-02 21:12:50.760	Entity (00000105, 0000000051a84f3a163a8893480168a58d1d2ef6) added successfully
2025-03-02 21:12:50.760	Entity (00000205, 0000000051a84f3a163a8893480168a58d1d2ef6) added successfully
2025-03-02 21:12:50.760	Entity (00000106, 0000000051a84f3a163a8893480168a58d1d2ef6) added successfully
2025-03-02 21:12:50.760	Entity (00000206, 0000000051a84f3a163a8893480168a58d1d2ef6) added successfully
2025-03-02 21:12:50.760	Entity (00000107, 0000000051a84f3a163a8893480168a58d1d2ef6) added successfully
2025-03-02 21:12:50.760	Entity (00000207, 0000000051a84f3a163a8893480168a58d1d2ef6) added successfully
2025-03-02 21:12:51.868	Entity (00000105, 0000000051a84f3a163a8893480168a58d1d2ef6) already in the wallet
2025-03-02 21:12:51.976	NewData 00000000000000000000014b0000000000000000000000000000000000000002, block -1, flags 00000000, import 0
2025-03-02 21:12:51.976	NewTx 4536c8fec481ae359c8cd25b32315dd22f6b1628455b2fb9f4c89faac241dcd7, block -1, flags 00030004, import 0
2025-03-02 21:12:51.976	Entity (00000105, 000000004536c8fec481ae359c8cd25b32315dd2) added successfully
2025-03-02 21:12:51.976	Entity (00000205, 000000004536c8fec481ae359c8cd25b32315dd2) added successfully
2025-03-02 21:12:51.976	Entity (00000106, 000000004536c8fec481ae359c8cd25b32315dd2) added successfully
2025-03-02 21:12:51.976	Entity (00000206, 000000004536c8fec481ae359c8cd25b32315dd2) added successfully
2025-03-02 21:12:51.976	Entity (00000107, 000000004536c8fec481ae359c8cd25b32315dd2) added successfully
2025-03-02 21:12:51.976	Entity (00000207, 000000004536c8fec481ae359c8cd25b32315dd2) added successfully
2025-03-02 21:12:53.084	Entity (00000105, 000000004536c8fec481ae359c8cd25b32315dd2) already in the wallet
2025-03-02 21:12:53.192	NewData 00000000000000000000014b0000000000000000000000000000000000000002, block -1, flags 00000000, import 0
2025-03-02 21:12:53.192	NewTx b88ca09f75c5a5ff64068f588d24f7b4588f3b0890f1c7ff39ac462551b9f931, block -1, flags 00030004, import 0
2025-03-02 21:12:53.192	Entity (00000105, 00000000b88ca09f75c5a5ff64068f588d24f7b4) added successfully
2025-03-02 21:12:53.192	Entity (00000205, 00000000b88ca09f75c5a5ff64068f588d24f7b4) added successfully
2025-03-02 21:12:53.192	Entity (00000106, 00000000b88ca09f75c5a5ff64068f588d24f7b4) added successfully
2025-03-02 21:12:53.192	Entity (00000206, 00000000b88ca09f75c5a5ff64068f588d24f7b4) added successfully
2025-03-02 21:12:53.192	Entity (00000107, 00000000b88ca09f75c5a5ff64068f588d24f7b4) added successfully
2025-03-02 21:12:53.192	Entity (00000207, 00000000b88ca09f75c5a5ff64068f588d24f7b4) added successfully
2025-03-02 21:12:54.300	Entity (00000105, 00000000b88ca09f75c5a5ff64068f588d24f7b4) already in the wallet
2025-03-02 21:12:54.408	NewData 00000000000000000000014b0000000000000000000000000000000000000002, block -1, flags 00000000, import 0
2025-03-02 21:12:54.408	NewTx f07f308fb3284a9be6f6cc4482b64780857493d53516fd1e10784b401ee0bbf6, block -1, flags 00030004, import 0
2025-03-02 21:12:54.408	Entity (00000105, 00000000f07f308fb3284a9be6f6cc4482b64780) added successfully
2025-03-02 21:12:54.408	Entity (00000205, 00000000f07f308fb3284a9be6f6cc4482b64780) added successfully
2025-03-02 21:12:54.408	Entity (00000106, 00000000f07f308fb3284a9be6f6cc4482b64780) added successfully
2025-03-02 21:12:54.408	Entity (00000206, 00000000f07f308fb3284a9be6f6cc4482b64780) added successfully
2025-03-02 21:12:54.408	Entity (00000107, 00000000f07f308fb3284a9be6f6cc4482b64780) added successfully
2025-03-02 21:12:54.408	Entity (00000207, 00000000f07f308fb3284a9be6f6cc4482b64780) added successfully
2025-03-02 21:12:55.516	Entity (00000105, 00000000f07f308fb3284a9be6f6cc4482b64780) already in the wallet
2025-03-02 21:13:00.813	NewData 00000000000000000000014b0000000000000000000000000000000000000002, block 47, flags 00000000, import 0
2025-03-02 21:13:00.813	UpdateTx ef669c4a60, block 47, flags 00030004, import 0
2025-03-02 21:13:00.813	NewData 00000000000000000000014b0000000000000000000000000000000000000002, block 47, flags 00000000, import 0
2025-03-02 21:13:00.813	UpdateTx 5cf9aa26ea, block 47, flags 00030004, import 0
2025-03-02 21:13:00.813	NewData 00000000000000000000014b0000000000000000000000000000000000000002, block 47, flags 00000000, import 0
2025-03-02 21:13:00.813	UpdateTx 51a84f3a16, block 47, flags 00030004, import 0
2025-03-02 21:13:00.813	NewData 00000000000000000000014b0000000000000000000000000000000000000002, block 47, flags 00000000, import 0
2025-03-02 21:13:00.813	UpdateTx 4536c8fec4, block 47, flags 00030004, import 0
2025-03-02 21:13:00.813	NewData 00000000000000000000014b0000000000000000000000000000000000000002, block 47, flags 00000000, import 0
2025-03-02 21:13:00.813	UpdateTx b88ca09f75, block 47, flags 00030004, import 0
2025-03-02 21:13:00.813	NewData 00000000000000000000014b0000000000000000000000000000000000000002, block 47, flags 00000000, import 0
2025-03-02 21:13:00.813	UpdateTx f07f308fb3, block 47, flags 00030004, import 0
2025-03-02 21:13:00.823	NewBlock 47, Txs: 6, Rows: 44
2025-03-02 21:13:10.680	NewBlock 48, Txs: 0, Rows: 0
2025-03-02 21:13:25.888	NewBlock 49, Txs: 0, Rows: 0
2025-03-02 21:13:45.185	NewBlock 50, Txs: 0, Rows: 0
2025-03-02 21:13:55.653	NewBlock 51, Txs: 0, Rows: 0
2025-03-02 21:14:10.023	NewBlock 52, Txs: 0, Rows: 0
2025-03-02 21:14:23.272	NewBlock 53, Txs: 0, Rows: 0
2025-03-02 21:14:34.207	NewTx 5360c460a723752af83d04d6c55dc1ded8e4156a61a6acac72329e62a4c44451, block -1, flags 00030004, import 0
2025-03-02 21:14:34.437	NewTx 3e8fd2a5f7a9d6b0095c2e6db706d778718e5990ecf0d275a5fda0ea041cbc9b, block -1, flags 00030004, import 0
2025-03-02 21:14:34.559	NewTx 5f1b7c5ffa4c3423e709f6af355a03a15c397e68c049cab227919dc1b2e24385, block -1, flags 00030004, import 0
2025-03-02 21:14:34.671	NewTx be806ae40c5544227f86feaff3a22979d98d7d6710fceee9f0474c72a68d1a10, block -1, flags 00030004, import 0
2025-03-02 21:14:34.790	NewTx f038c5da9dcf64df9ebddcdc9c7d1c62d2b15c7c18c5d4a9dbcae923da7d2150, block -1, flags 00030004, import 0
2025-03-02 21:14:35.238	NewTx 4e5be80ec49de5699d860aada040ef0dbdaeacb886d1ca7b25dd5d62ed45ba2f, block -1, flags 00030004, import 0
2025-03-02 21:14:46.828	UpdateTx 5360c460a7, block 54, flags 00030004, import 0
2025-03-02 21:14:46.828	UpdateTx 3e8fd2a5f7, block 54, flags 00030004, import 0
2025-03-02 21:14:46.828	UpdateTx 5f1b7c5ffa, block 54, flags 00030004, import 0
2025-03-02 21:14:46.828	UpdateTx be806ae40c, block 54, flags 00030004, import 0
2025-03-02 21:14:46.828	UpdateTx f038c5da9d, block 54, flags 00030004, import 0
2025-03-02 21:14:46.828	UpdateTx 4e5be80ec4, block 54, flags 00030004, import 0
2025-03-02 21:14:46.835	NewBlock 54, Txs: 11, Rows: 110
2025-03-02 21:14:58.521	NewBlock 55, Txs: 0, Rows: 0
2025-03-02 21:15:07.390	NewBlock 56, Txs: 0, Rows: 0
2025-03-02 21:15:24.343	NewBlock 57, Txs: 0, Rows: 0
2025-03-02 21:15:41.553	NewBlock 58, Txs: 0, Rows: 0
2025-03-02 21:16:01.451	NewBlock 59, Txs: 0, Rows: 0
2025-03-02 21:16:15.986	NewBlock 60, Txs: 0, Rows: 0
2025-03-02 21:16:26.077	NewBlock 61, Txs: 0, Rows: 0
2025-03-02 21:16:38.908	NewBlock 62, Txs: 0, Rows: 0
2025-03-02 21:16:52.573	Rolled back to block 61 successfully
2025-03-02 21:16:52.591	NewBlock 62, Txs: 0, Rows: 0
2025-03-02 21:16:52.611	NewBlock 63, Txs: 0, Rows: 0
2025-03-02 21:17:12.996	NewBlock 64, Txs: 0, Rows: 0
2025-03-02 21:23:31.417	NewTx b63546a13068d6e9999de237a688b070f1fb68aee12d85ae1f4ab5a62428e573, block -1, flags 00030004, import 0
2025-03-02 21:23:31.645	NewTx 90e5b4861ea965a72324199908a190ca0077bec8d47d72845f24bab3e58ba16e, block -1, flags 00030004, import 0
2025-03-02 21:23:31.753	NewTx 35f367e0500a5a2d23fe4e24bbd908daf552363edd26c363961f7ebad976aaee, block -1, flags 00030004, import 0
2025-03-02 21:23:31.867	NewTx 0d01ef108f13684068246082b76bca824ab554d71bfe04549d675849cc9c2bba, block -1, flags 00030004, import 0
2025-03-02 21:23:32.305	NewTx 9ed679ab88d95863ba75cf40f507bd52c2594eb6607047081b5de6c084a6608b, block -1, flags 00030004, import 0
2025-03-02 21:23:45.585	UpdateTx b63546a130, block 65, flags 00030004, import 0
2025-03-02 21:23:45.585	UpdateTx 90e5b4861e, block 65, flags 00030004, import 0
2025-03-02 21:23:45.585	UpdateTx 35f367e050, block 65, flags 00030004, import 0
2025-03-02 21:23:45.585	UpdateTx 0d01ef108f, block 65, flags 00030004, import 0
2025-03-02 21:23:45.585	UpdateTx 9ed679ab88, block 65, flags 00030004, import 0
2025-03-02 21:23:45.592	NewBlock 65, Txs: 8, Rows: 86
2025-03-02 21:23:53.622	NewBlock 66, Txs: 0, Rows: 0
2025-03-02 21:24:06.174	NewBlock 67, Txs: 0, Rows: 0
2025-03-02 21:24:16.799	NewBlock 68, Txs: 0, Rows: 0
2025-03-02 21:24:26.173	NewBlock 69, Txs: 0, Rows: 0
2025-03-02 21:24:28.947	NewBlock 70, Txs: 0, Rows: 0
2025-03-02 21:24:32.314	NewBlock 71, Txs: 0, Rows: 0
2025-03-02 21:24:36.756	NewBlock 72, Txs: 0, Rows: 0
2025-03-02 21:24:50.013	NewBlock 73, Txs: 0, Rows: 0
2025-03-02 21:24:57.774	NewBlock 74, Txs: 0, Rows: 0
2025-03-02 21:25:06.630	NewBlock 75, Txs: 0, Rows: 0
2025-03-02 21:33:02.976	NewTx 5cacbf1b973ace6d6b816897c49d0030a4c12426091d24bc422f9035bcf39ce5, block -1, flags 00030004, import 0
2025-03-02 21:33:03.204	NewTx 9318bc66802e393acfc420ec43f904b1ee60194845cfaff9bcc7e22a0a0660f0, block -1, flags 00030004, import 0
2025-03-02 21:33:03.311	NewTx 73cb54573bbeb3f508482ccffe1b26b29eba9b93f6554718f7202f888c0b0c48, block -1, flags 00030004, import 0
2025-03-02 21:33:03.424	NewTx 606a6571c5e2f4a77539eca3a36fb07c55a5aa886d6bd2cb7288c806d58efdb4, block -1, flags 00030004, import 0
2025-03-02 21:33:03.862	NewTx 6caedb7b4a1f3cfc8c3ef6ee1cbb81c0fefef94391476abbb503de061da46ff0, block -1, flags 00030004, import 0
2025-03-02 21:33:17.337	UpdateTx 5cacbf1b97, block 76, flags 00030004, import 0
2025-03-02 21:33:17.337	UpdateTx 9318bc6680, block 76, flags 00030004, import 0
2025-03-02 21:33:17.337	UpdateTx 73cb54573b, block 76, flags 00030004, import 0
2025-03-02 21:33:17.337	UpdateTx 606a6571c5, block 76, flags 00030004, import 0
2025-03-02 21:33:17.337	UpdateTx 6caedb7b4a, block 76, flags 00030004, import 0
2025-03-02 21:33:17.341	NewBlock 76, Txs: 6, Rows: 80
2025-03-02 21:33:29.548	NewBlock 77, Txs: 0, Rows: 0
2025-03-02 21:33:41.712	NewBlock 78, Txs: 0, Rows: 0
2025-03-02 21:33:47.328	NewBlock 79, Txs: 0, Rows: 0
2025-03-02 21:33:50.566	NewBlock 80, Txs: 0, Rows: 0
2025-03-02 21:33:56.381	NewBlock 81, Txs: 0, Rows: 0
2025-03-02 21:34:00.525	NewBlock 82, Txs: 0, Rows: 0
2025-03-02 21:34:09.362	NewBlock 83, Txs: 0, Rows: 0
2025-03-02 21:34:16.006	NewBlock 84, Txs: 0, Rows: 0
2025-03-02 21:34:30.969	NewBlock 85, Txs: 0, Rows: 0
2025-03-02 21:34:38.054	NewBlock 86, Txs: 0, Rows: 0
2025-03-02 21:46:57.554	NewTx cbbd317dd5890911a73bafdb75fb1f4c6359ee53fbc854895a06058dcd40ea91, block -1, flags 00030004, import 0
2025-03-02 21:46:57.784	NewTx df318905dd638b549b73ba1bd8cc6b489b9d71de0f9933e0a84566dc1948b34b, block -1, flags 00030004, import 0
2025-03-02 21:46:57.891	NewTx 7addc40ed4ddff2f03e26ca1779aa5d63978efc14cb040cf655bd1b54176d3f2, block -1, flags 00030004, import 0
2025-03-02 21:46:58.006	NewTx 425ee4bcafdc1c35206d0da390fdc1881ca4ceac99c14e8462a68181c8aa3273, block -1, flags 00030004, import 0
2025-03-02 21:46:58.444	NewTx 9d2a2faedc2ba29de8a396f3365eb23a878a745adaa38dad43419baa8d744e65, block -1, flags 00030004, import 0
2025-03-02 21:47:12.996	UpdateTx cbbd317dd5, block 87, flags 00030004, import 0
2025-03-02 21:47:12.996	UpdateTx df318905dd, block 87, flags 00030004, import 0
2025-03-02 21:47:12.996	UpdateTx 7addc40ed4, block 87, flags 00030004, import 0
2025-03-02 21:47:12.997	UpdateTx 425ee4bcaf, block 87, flags 00030004, import 0
2025-03-02 21:47:12.997	UpdateTx 9d2a2faedc, block 87, flags 00030004, import 0
2025-03-02 21:47:13.000	NewBlock 87, Txs: 6, Rows: 80
2025-03-02 21:47:17.447	NewBlock 88, Txs: 0, Rows: 0
2025-03-02 21:47:25.200	NewBlock 89, Txs: 0, Rows: 0
2025-03-02 21:47:29.107	NewTx b10703dbfa40204c894a3f4ba7d3d820d606bd7e7bce7a5bf8ff50c195007c7e, block -1, flags 00030004, import 0
2025-03-02 21:47:29.336	NewTx b3c9746969934d272a1b622e6b1b773273fce68bc42b4bfe302db4b55b4431ed, block -1, flags 00030004, import 0
2025-03-02 21:47:29.444	NewTx d204608987c2b84fb259a678bb846f098e9cd6360ddd50943e9a76430af725de, block -1, flags 00030004, import 0
2025-03-02 21:47:29.555	NewTx f2c847090254c199f7be442a57d0b59f163d42674232874439e47a7afd2133d5, block -1, flags 00030004, import 0
2025-03-02 21:47:29.994	NewTx e2984d0a8c5eb02d9288a920e78a711149c751cdab62ed66299a38b447d760cd, block -1, flags 00030004, import 0
2025-03-02 21:47:39.776	UpdateTx b10703dbfa, block 90, flags 00030004, import 0
2025-03-02 21:47:39.776	UpdateTx b3c9746969, block 90, flags 00030004, import 0
2025-03-02 21:47:39.776	UpdateTx d204608987, block 90, flags 00030004, import 0
2025-03-02 21:47:39.776	UpdateTx f2c8470902, block 90, flags 00030004, import 0
2025-03-02 21:47:39.776	UpdateTx e2984d0a8c, block 90, flags 00030004, import 0
2025-03-02 21:47:39.783	NewBlock 90, Txs: 6, Rows: 80
2025-03-02 21:47:47.121	NewBlock 91, Txs: 0, Rows: 0
2025-03-02 21:47:52.761	NewBlock 92, Txs: 0, Rows: 0
2025-03-02 21:48:05.923	NewBlock 93, Txs: 0, Rows: 0
2025-03-02 21:48:16.390	NewBlock 94, Txs: 0, Rows: 0
2025-03-02 21:48:22.636	NewBlock 95, Txs: 0, Rows: 0
2025-03-02 21:48:27.085	NewBlock 96, Txs: 0, Rows: 0
2025-03-02 21:48:39.146	NewBlock 97, Txs: 0, Rows: 0
2025-03-02 21:48:45.613	NewBlock 98, Txs: 0, Rows: 0
2025-03-02 21:49:07.928	NewBlock 99, Txs: 0, Rows: 0
2025-03-02 21:49:32.019	NewBlock 100, Txs: 0, Rows: 0
