2025-03-02 21:01:02.702	Initialized. Chain height: -1, Txs: 0
2025-03-02 21:01:02.709	Entity (00000101, 0000000000000000000000000000000000000000) added successfully
2025-03-02 21:01:02.710	Entity (00000201, 0000000000000000000000000000000000000000) added successfully
2025-03-02 21:01:02.710	Entity (00000102, 0000000000000000000000000000000000000000) added successfully
2025-03-02 21:01:02.710	Entity (00000202, 0000000000000000000000000000000000000000) added successfully
2025-03-02 21:01:02.710	Entity (0000010A, 0000000000000000000000000000000000000000) added successfully
2025-03-02 21:01:02.710	Entity (0000010B, 0000000000000000000000000000000000000000) added successfully
2025-03-02 21:01:02.710	Entity (0000010F, 0000000000000000000000000000000000000000) added successfully
2025-03-02 21:01:02.710	Entity (00000103, 9bd879716ede914c83a0204a59c8209723e489f0) added successfully
2025-03-02 21:01:02.710	Entity (00000203, 9bd879716ede914c83a0204a59c8209723e489f0) added successfully
2025-03-02 21:01:02.755	Entity (00000105, 00000000c78b5939f8bb643698e28fe3344ee4bf) added successfully
2025-03-02 21:01:02.755	Entity (00000205, 00000000c78b5939f8bb643698e28fe3344ee4bf) added successfully
2025-03-02 21:01:02.755	Entity (00000106, 00000000c78b5939f8bb643698e28fe3344ee4bf) added successfully
2025-03-02 21:01:02.755	Entity (00000206, 00000000c78b5939f8bb643698e28fe3344ee4bf) added successfully
2025-03-02 21:01:02.755	Entity (00000107, 00000000c78b5939f8bb643698e28fe3344ee4bf) added successfully
2025-03-02 21:01:02.755	Entity (00000207, 00000000c78b5939f8bb643698e28fe3344ee4bf) added successfully
2025-03-02 21:01:02.777	NewData 00000000000000000000014b0000000000000000000000000000000000000002, block 0, flags 00000000, import 0
2025-03-02 21:01:02.784	NewBlock 0, Txs: 1, Rows: 4
2025-03-02 21:01:02.833	NewTx 78f065046dc7887380186896293f6ed95ec221b57b52bffd5362b0c2545ed55a, block 1, flags 00000006, import 0
2025-03-02 21:01:02.840	NewBlock 1, Txs: 1, Rows: 6
2025-03-02 21:01:02.877	NewBlock 2, Txs: 0, Rows: 0
2025-03-02 21:01:18.161	NewTx 42119292ac28f49f65aa5e52b08360fdc7b7030cd22d91e11671c8e789898473, block -1, flags 00030004, import 0
2025-03-02 21:01:18.276	NewTx c45409ea95236c848055d9eec07bc4cd139c93e4f12d17ece0d8c98dc23298eb, block -1, flags 00030004, import 0
2025-03-02 21:01:21.975	NewData 00000000000000000000014b0000000000000000000000000000000000000002, block -1, flags 00000000, import 0
2025-03-02 21:01:21.976	NewTx aa5d1ca7a31c339b9b17badba3dd71f6e2bd3ad7fd34cfce4672c241b97edbe1, block -1, flags 00030004, import 0
2025-03-02 21:01:22.083	Entity (00000105, 00000000aa5d1ca7a31c339b9b17badba3dd71f6) added successfully
2025-03-02 21:01:22.083	Entity (00000205, 00000000aa5d1ca7a31c339b9b17badba3dd71f6) added successfully
2025-03-02 21:01:22.083	Entity (00000106, 00000000aa5d1ca7a31c339b9b17badba3dd71f6) added successfully
2025-03-02 21:01:22.083	Entity (00000206, 00000000aa5d1ca7a31c339b9b17badba3dd71f6) added successfully
2025-03-02 21:01:22.083	Entity (00000107, 00000000aa5d1ca7a31c339b9b17badba3dd71f6) added successfully
2025-03-02 21:01:22.083	Entity (00000207, 00000000aa5d1ca7a31c339b9b17badba3dd71f6) added successfully
2025-03-02 21:01:22.083	Starting new import 1 with 6 entities from block 1
2025-03-02 21:01:22.083	Import: 1, Entity: (00000105, 00000000aa5d1ca7a31c339b9b17badba3dd71f6), transferred txs: 0
2025-03-02 21:01:22.083	Import: 1, Entity: (00000205, 00000000aa5d1ca7a31c339b9b17badba3dd71f6), transferred txs: 0
2025-03-02 21:01:22.083	Import: 1, Entity: (00000106, 00000000aa5d1ca7a31c339b9b17badba3dd71f6), transferred txs: 0
2025-03-02 21:01:22.083	Import: 1, Entity: (00000206, 00000000aa5d1ca7a31c339b9b17badba3dd71f6), transferred txs: 0
2025-03-02 21:01:22.083	Import: 1, Entity: (00000107, 00000000aa5d1ca7a31c339b9b17badba3dd71f6), transferred txs: 0
2025-03-02 21:01:22.083	Import: 1, Entity: (00000207, 00000000aa5d1ca7a31c339b9b17badba3dd71f6), transferred txs: 0
2025-03-02 21:01:22.083	Import 1 successfully started
2025-03-02 21:01:22.096	NewBlock 2, Txs: 0, Rows: 0
2025-03-02 21:01:22.097	Could not find parent entity
2025-03-02 21:01:22.097	Import: 1, Transferring entity (00000105, 00000000aa5d1ca7a31c339b9b17badba3dd71f6) to the chain, txs: 0
2025-03-02 21:01:22.097	Import: 1, Transferring entity (00000205, 00000000aa5d1ca7a31c339b9b17badba3dd71f6) to the chain, txs: 0
2025-03-02 21:01:22.097	Import: 1, Transferring entity (00000106, 00000000aa5d1ca7a31c339b9b17badba3dd71f6) to the chain, txs: 0
2025-03-02 21:01:22.097	Import: 1, Transferring entity (00000206, 00000000aa5d1ca7a31c339b9b17badba3dd71f6) to the chain, txs: 0
2025-03-02 21:01:22.097	Import: 1, Transferring entity (00000107, 00000000aa5d1ca7a31c339b9b17badba3dd71f6) to the chain, txs: 0
2025-03-02 21:01:22.097	Import: 1, Transferring entity (00000207, 00000000aa5d1ca7a31c339b9b17badba3dd71f6) to the chain, txs: 0
2025-03-02 21:01:22.097	CompleteImport: Successfully updated chain after import 1, removing old records
2025-03-02 21:01:22.097	CompleteImport: Import 1 completed
2025-03-02 21:01:22.205	NewData 00000000000000000000014b0000000000000000000000000000000000000002, block -1, flags 00000000, import 0
2025-03-02 21:01:22.205	NewTx bc13115e529049de6969e6c24901cab6a4f31894800624103b0024ad26c80212, block -1, flags 00030004, import 0
2025-03-02 21:01:22.312	Entity (00000105, 00000000bc13115e529049de6969e6c24901cab6) added successfully
2025-03-02 21:01:22.312	Entity (00000205, 00000000bc13115e529049de6969e6c24901cab6) added successfully
2025-03-02 21:01:22.312	Entity (00000106, 00000000bc13115e529049de6969e6c24901cab6) added successfully
2025-03-02 21:01:22.312	Entity (00000206, 00000000bc13115e529049de6969e6c24901cab6) added successfully
2025-03-02 21:01:22.312	Entity (00000107, 00000000bc13115e529049de6969e6c24901cab6) added successfully
2025-03-02 21:01:22.312	Entity (00000207, 00000000bc13115e529049de6969e6c24901cab6) added successfully
2025-03-02 21:01:22.312	Starting new import 2 with 6 entities from block 1
2025-03-02 21:01:22.312	Import: 2, Entity: (00000105, 00000000bc13115e529049de6969e6c24901cab6), transferred txs: 0
2025-03-02 21:01:22.312	Import: 2, Entity: (00000205, 00000000bc13115e529049de6969e6c24901cab6), transferred txs: 0
2025-03-02 21:01:22.312	Import: 2, Entity: (00000106, 00000000bc13115e529049de6969e6c24901cab6), transferred txs: 0
2025-03-02 21:01:22.312	Import: 2, Entity: (00000206, 00000000bc13115e529049de6969e6c24901cab6), transferred txs: 0
2025-03-02 21:01:22.312	Import: 2, Entity: (00000107, 00000000bc13115e529049de6969e6c24901cab6), transferred txs: 0
2025-03-02 21:01:22.312	Import: 2, Entity: (00000207, 00000000bc13115e529049de6969e6c24901cab6), transferred txs: 0
2025-03-02 21:01:22.312	Import 2 successfully started
2025-03-02 21:01:22.325	NewBlock 2, Txs: 0, Rows: 0
2025-03-02 21:01:22.326	Could not find parent entity
2025-03-02 21:01:22.326	Could not find parent entity
2025-03-02 21:01:22.326	Import: 2, Transferring entity (00000105, 00000000bc13115e529049de6969e6c24901cab6) to the chain, txs: 0
2025-03-02 21:01:22.326	Import: 2, Transferring entity (00000205, 00000000bc13115e529049de6969e6c24901cab6) to the chain, txs: 0
2025-03-02 21:01:22.326	Import: 2, Transferring entity (00000106, 00000000bc13115e529049de6969e6c24901cab6) to the chain, txs: 0
2025-03-02 21:01:22.326	Import: 2, Transferring entity (00000206, 00000000bc13115e529049de6969e6c24901cab6) to the chain, txs: 0
2025-03-02 21:01:22.326	Import: 2, Transferring entity (00000107, 00000000bc13115e529049de6969e6c24901cab6) to the chain, txs: 0
2025-03-02 21:01:22.326	Import: 2, Transferring entity (00000207, 00000000bc13115e529049de6969e6c24901cab6) to the chain, txs: 0
2025-03-02 21:01:22.326	CompleteImport: Successfully updated chain after import 2, removing old records
2025-03-02 21:01:22.326	CompleteImport: Import 2 completed
2025-03-02 21:01:22.435	NewData 00000000000000000000014b0000000000000000000000000000000000000002, block -1, flags 00000000, import 0
2025-03-02 21:01:22.435	NewTx aea613dc9e2fa454cde779f1b575fbcb8f11bab0a35f2ede5f87caa982e912da, block -1, flags 00030004, import 0
2025-03-02 21:01:22.542	Entity (00000105, 00000000aea613dc9e2fa454cde779f1b575fbcb) added successfully
2025-03-02 21:01:22.542	Entity (00000205, 00000000aea613dc9e2fa454cde779f1b575fbcb) added successfully
2025-03-02 21:01:22.542	Entity (00000106, 00000000aea613dc9e2fa454cde779f1b575fbcb) added successfully
2025-03-02 21:01:22.542	Entity (00000206, 00000000aea613dc9e2fa454cde779f1b575fbcb) added successfully
2025-03-02 21:01:22.542	Entity (00000107, 00000000aea613dc9e2fa454cde779f1b575fbcb) added successfully
2025-03-02 21:01:22.542	Entity (00000207, 00000000aea613dc9e2fa454cde779f1b575fbcb) added successfully
2025-03-02 21:01:22.542	Starting new import 3 with 6 entities from block 1
2025-03-02 21:01:22.542	Import: 3, Entity: (00000105, 00000000aea613dc9e2fa454cde779f1b575fbcb), transferred txs: 0
2025-03-02 21:01:22.542	Import: 3, Entity: (00000205, 00000000aea613dc9e2fa454cde779f1b575fbcb), transferred txs: 0
2025-03-02 21:01:22.542	Import: 3, Entity: (00000106, 00000000aea613dc9e2fa454cde779f1b575fbcb), transferred txs: 0
2025-03-02 21:01:22.542	Import: 3, Entity: (00000206, 00000000aea613dc9e2fa454cde779f1b575fbcb), transferred txs: 0
2025-03-02 21:01:22.542	Import: 3, Entity: (00000107, 00000000aea613dc9e2fa454cde779f1b575fbcb), transferred txs: 0
2025-03-02 21:01:22.542	Import: 3, Entity: (00000207, 00000000aea613dc9e2fa454cde779f1b575fbcb), transferred txs: 0
2025-03-02 21:01:22.542	Import 3 successfully started
2025-03-02 21:01:22.555	NewBlock 2, Txs: 0, Rows: 0
2025-03-02 21:01:22.556	Could not find parent entity
2025-03-02 21:01:22.556	Could not find parent entity
2025-03-02 21:01:22.556	Could not find parent entity
2025-03-02 21:01:22.556	Import: 3, Transferring entity (00000105, 00000000aea613dc9e2fa454cde779f1b575fbcb) to the chain, txs: 0
2025-03-02 21:01:22.556	Import: 3, Transferring entity (00000205, 00000000aea613dc9e2fa454cde779f1b575fbcb) to the chain, txs: 0
2025-03-02 21:01:22.556	Import: 3, Transferring entity (00000106, 00000000aea613dc9e2fa454cde779f1b575fbcb) to the chain, txs: 0
2025-03-02 21:01:22.556	Import: 3, Transferring entity (00000206, 00000000aea613dc9e2fa454cde779f1b575fbcb) to the chain, txs: 0
2025-03-02 21:01:22.556	Import: 3, Transferring entity (00000107, 00000000aea613dc9e2fa454cde779f1b575fbcb) to the chain, txs: 0
2025-03-02 21:01:22.556	Import: 3, Transferring entity (00000207, 00000000aea613dc9e2fa454cde779f1b575fbcb) to the chain, txs: 0
2025-03-02 21:01:22.556	CompleteImport: Successfully updated chain after import 3, removing old records
2025-03-02 21:01:22.556	CompleteImport: Import 3 completed
2025-03-02 21:01:22.665	NewData 00000000000000000000014b0000000000000000000000000000000000000002, block -1, flags 00000000, import 0
2025-03-02 21:01:22.665	NewTx 6450ba8c7137d2b9dd735667889b12bbe92d89bf8071aba0bc4b0f6d39d55560, block -1, flags 00030004, import 0
2025-03-02 21:01:22.770	Entity (00000105, 000000006450ba8c7137d2b9dd735667889b12bb) added successfully
2025-03-02 21:01:22.770	Entity (00000205, 000000006450ba8c7137d2b9dd735667889b12bb) added successfully
2025-03-02 21:01:22.770	Entity (00000106, 000000006450ba8c7137d2b9dd735667889b12bb) added successfully
2025-03-02 21:01:22.770	Entity (00000206, 000000006450ba8c7137d2b9dd735667889b12bb) added successfully
2025-03-02 21:01:22.770	Entity (00000107, 000000006450ba8c7137d2b9dd735667889b12bb) added successfully
2025-03-02 21:01:22.770	Entity (00000207, 000000006450ba8c7137d2b9dd735667889b12bb) added successfully
2025-03-02 21:01:22.770	Starting new import 4 with 6 entities from block 1
2025-03-02 21:01:22.770	Import: 4, Entity: (00000105, 000000006450ba8c7137d2b9dd735667889b12bb), transferred txs: 0
2025-03-02 21:01:22.770	Import: 4, Entity: (00000205, 000000006450ba8c7137d2b9dd735667889b12bb), transferred txs: 0
2025-03-02 21:01:22.770	Import: 4, Entity: (00000106, 000000006450ba8c7137d2b9dd735667889b12bb), transferred txs: 0
2025-03-02 21:01:22.770	Import: 4, Entity: (00000206, 000000006450ba8c7137d2b9dd735667889b12bb), transferred txs: 0
2025-03-02 21:01:22.770	Import: 4, Entity: (00000107, 000000006450ba8c7137d2b9dd735667889b12bb), transferred txs: 0
2025-03-02 21:01:22.770	Import: 4, Entity: (00000207, 000000006450ba8c7137d2b9dd735667889b12bb), transferred txs: 0
2025-03-02 21:01:22.770	Import 4 successfully started
2025-03-02 21:01:22.783	NewBlock 2, Txs: 0, Rows: 0
2025-03-02 21:01:22.784	Could not find parent entity
2025-03-02 21:01:22.784	Could not find parent entity
2025-03-02 21:01:22.784	Could not find parent entity
2025-03-02 21:01:22.784	Could not find parent entity
2025-03-02 21:01:22.784	Import: 4, Transferring entity (00000105, 000000006450ba8c7137d2b9dd735667889b12bb) to the chain, txs: 0
2025-03-02 21:01:22.784	Import: 4, Transferring entity (00000205, 000000006450ba8c7137d2b9dd735667889b12bb) to the chain, txs: 0
2025-03-02 21:01:22.784	Import: 4, Transferring entity (00000106, 000000006450ba8c7137d2b9dd735667889b12bb) to the chain, txs: 0
2025-03-02 21:01:22.784	Import: 4, Transferring entity (00000206, 000000006450ba8c7137d2b9dd735667889b12bb) to the chain, txs: 0
2025-03-02 21:01:22.784	Import: 4, Transferring entity (00000107, 000000006450ba8c7137d2b9dd735667889b12bb) to the chain, txs: 0
2025-03-02 21:01:22.784	Import: 4, Transferring entity (00000207, 000000006450ba8c7137d2b9dd735667889b12bb) to the chain, txs: 0
2025-03-02 21:01:22.784	CompleteImport: Successfully updated chain after import 4, removing old records
2025-03-02 21:01:22.784	CompleteImport: Import 4 completed
2025-03-02 21:01:45.849	UpdateTx 42119292ac, block 3, flags 00030004, import 0
2025-03-02 21:01:45.849	UpdateTx c45409ea95, block 3, flags 00030004, import 0
2025-03-02 21:01:45.849	NewData 00000000000000000000014b0000000000000000000000000000000000000002, block 3, flags 00000000, import 0
2025-03-02 21:01:45.849	UpdateTx aa5d1ca7a3, block 3, flags 00030004, import 0
2025-03-02 21:01:45.849	NewData 00000000000000000000014b0000000000000000000000000000000000000002, block 3, flags 00000000, import 0
2025-03-02 21:01:45.849	UpdateTx bc13115e52, block 3, flags 00030004, import 0
2025-03-02 21:01:45.849	NewData 00000000000000000000014b0000000000000000000000000000000000000002, block 3, flags 00000000, import 0
2025-03-02 21:01:45.849	UpdateTx aea613dc9e, block 3, flags 00030004, import 0
2025-03-02 21:01:45.849	NewData 00000000000000000000014b0000000000000000000000000000000000000002, block 3, flags 00000000, import 0
2025-03-02 21:01:45.849	UpdateTx 6450ba8c71, block 3, flags 00030004, import 0
2025-03-02 21:01:45.853	NewBlock 3, Txs: 6, Rows: 42
2025-03-02 21:02:04.373	NewTx 79cd388c46d09f1daa0e95d0609e3f88ecae287a1ffa19ee563ee7aeaaba8af4, block -1, flags 00030004, import 0
2025-03-02 21:02:07.946	UpdateTx 79cd388c46, block 4, flags 00030004, import 0
2025-03-02 21:02:07.951	NewBlock 4, Txs: 1, Rows: 6
2025-03-02 21:02:23.429	NewBlock 5, Txs: 0, Rows: 0
2025-03-02 21:02:36.940	NewTx 12aeb601e6f1e7caa0516727209ed90b62846840dac81a5e6c73d42def3f8a10, block -1, flags 00030004, import 0
2025-03-02 21:02:37.775	UpdateTx 12aeb601e6, block 6, flags 00030004, import 0
2025-03-02 21:02:37.780	NewBlock 6, Txs: 1, Rows: 6
2025-03-02 21:02:46.629	NewBlock 7, Txs: 0, Rows: 0
2025-03-02 21:02:52.494	NewTx 53e33e7c128ef8ec2812961a64330bd913f57a37215f1ff712f6dd7e1292cd1d, block -1, flags 00030004, import 0
2025-03-02 21:02:52.605	NewTx 5aea3b27e3ab5e9f9a68877fe4deb0b079be493cb6fdff6755564905e262e4eb, block -1, flags 00030004, import 0
2025-03-02 21:02:53.154	NewTx 393c2fb0fbb5a096cb21b80676999944cf5fd77ca60109b4b5278f20a994cc54, block -1, flags 00030004, import 0
2025-03-02 21:02:53.261	NewTx ea3e4c862bc9321c80de0267206e3d36b9dc0b788c57c3c2356070ba6c1e88ab, block -1, flags 00030004, import 0
2025-03-02 21:03:15.276	UpdateTx 53e33e7c12, block 8, flags 00030004, import 0
2025-03-02 21:03:15.276	UpdateTx 5aea3b27e3, block 8, flags 00030004, import 0
2025-03-02 21:03:15.276	UpdateTx 393c2fb0fb, block 8, flags 00030004, import 0
2025-03-02 21:03:15.276	UpdateTx ea3e4c862b, block 8, flags 00030004, import 0
2025-03-02 21:03:15.280	NewBlock 8, Txs: 4, Rows: 24
2025-03-02 21:03:32.951	NewBlock 9, Txs: 0, Rows: 0
2025-03-02 21:03:48.424	NewBlock 10, Txs: 0, Rows: 0
2025-03-02 21:04:00.213	NewBlock 11, Txs: 0, Rows: 0
2025-03-02 21:04:20.391	NewBlock 12, Txs: 0, Rows: 0
2025-03-02 21:04:34.775	NewBlock 13, Txs: 0, Rows: 0
2025-03-02 21:04:40.361	NewBlock 14, Txs: 0, Rows: 0
2025-03-02 21:05:00.056	NewBlock 15, Txs: 0, Rows: 0
2025-03-02 21:05:13.418	NewBlock 16, Txs: 0, Rows: 0
2025-03-02 21:05:33.224	NewBlock 17, Txs: 0, Rows: 0
2025-03-02 21:05:44.231	NewBlock 18, Txs: 0, Rows: 0
2025-03-02 21:05:57.608	NewBlock 19, Txs: 0, Rows: 0
2025-03-02 21:06:12.880	NewBlock 20, Txs: 0, Rows: 0
2025-03-02 21:06:27.991	Rolled back to block 19 successfully
2025-03-02 21:06:28.010	NewBlock 20, Txs: 0, Rows: 0
2025-03-02 21:06:28.030	NewBlock 21, Txs: 0, Rows: 0
2025-03-02 21:06:41.592	NewBlock 22, Txs: 0, Rows: 0
2025-03-02 21:07:07.963	NewBlock 23, Txs: 0, Rows: 0
2025-03-02 21:07:15.389	Rolled back to block 22 successfully
2025-03-02 21:07:15.414	NewBlock 23, Txs: 0, Rows: 0
2025-03-02 21:07:15.439	NewBlock 24, Txs: 0, Rows: 0
2025-03-02 21:07:28.907	NewBlock 25, Txs: 0, Rows: 0
2025-03-02 21:07:40.781	NewBlock 26, Txs: 0, Rows: 0
2025-03-02 21:08:00.831	NewBlock 27, Txs: 0, Rows: 0
2025-03-02 21:08:17.069	NewBlock 28, Txs: 0, Rows: 0
2025-03-02 21:08:38.297	NewBlock 29, Txs: 0, Rows: 0
2025-03-02 21:08:47.150	NewBlock 30, Txs: 0, Rows: 0
2025-03-02 21:08:58.236	NewBlock 31, Txs: 0, Rows: 0
2025-03-02 21:09:16.958	NewBlock 32, Txs: 0, Rows: 0
2025-03-02 21:09:38.437	NewBlock 33, Txs: 0, Rows: 0
2025-03-02 21:09:53.204	NewBlock 34, Txs: 0, Rows: 0
2025-03-02 21:10:04.348	NewBlock 35, Txs: 0, Rows: 0
2025-03-02 21:10:14.300	NewBlock 36, Txs: 0, Rows: 0
2025-03-02 21:10:40.747	NewBlock 37, Txs: 0, Rows: 0
2025-03-02 21:10:45.195	NewBlock 38, Txs: 0, Rows: 0
2025-03-02 21:11:05.988	NewBlock 39, Txs: 0, Rows: 0
2025-03-02 21:11:17.043	NewBlock 40, Txs: 0, Rows: 0
2025-03-02 21:11:40.281	NewBlock 41, Txs: 0, Rows: 0
2025-03-02 21:11:50.049	NewBlock 42, Txs: 0, Rows: 0
2025-03-02 21:12:02.310	NewBlock 43, Txs: 0, Rows: 0
2025-03-02 21:12:26.606	NewBlock 44, Txs: 0, Rows: 0
2025-03-02 21:12:32.058	NewBlock 45, Txs: 0, Rows: 0
2025-03-02 21:12:52.050	NewBlock 46, Txs: 0, Rows: 0
2025-03-02 21:13:01.935	NewData 00000000000000000000014b0000000000000000000000000000000000000002, block -1, flags 00000000, import 0
2025-03-02 21:13:01.935	NewTx 89b0a58567815119e6f043f20ab15475ec21031a07b874c4fa7a0a3df5cd0bda, block -1, flags 00030004, import 0
2025-03-02 21:13:01.935	Entity (00000105, 0000000089b0a58567815119e6f043f20ab15475) added successfully
2025-03-02 21:13:01.935	Entity (00000205, 0000000089b0a58567815119e6f043f20ab15475) added successfully
2025-03-02 21:13:01.935	Entity (00000106, 0000000089b0a58567815119e6f043f20ab15475) added successfully
2025-03-02 21:13:01.935	Entity (00000206, 0000000089b0a58567815119e6f043f20ab15475) added successfully
2025-03-02 21:13:01.935	Entity (00000107, 0000000089b0a58567815119e6f043f20ab15475) added successfully
2025-03-02 21:13:01.935	Entity (00000207, 0000000089b0a58567815119e6f043f20ab15475) added successfully
2025-03-02 21:13:03.043	Entity (00000105, 0000000089b0a58567815119e6f043f20ab15475) already in the wallet
2025-03-02 21:13:03.152	NewData 00000000000000000000014b0000000000000000000000000000000000000002, block -1, flags 00000000, import 0
2025-03-02 21:13:03.152	NewTx 14e1ba2c23b02bc13a4a89e8c6d63ed7e668c4c7ea7b357683b8de2029d6bbf5, block -1, flags 00030004, import 0
2025-03-02 21:13:03.152	Entity (00000105, 0000000014e1ba2c23b02bc13a4a89e8c6d63ed7) added successfully
2025-03-02 21:13:03.152	Entity (00000205, 0000000014e1ba2c23b02bc13a4a89e8c6d63ed7) added successfully
2025-03-02 21:13:03.152	Entity (00000106, 0000000014e1ba2c23b02bc13a4a89e8c6d63ed7) added successfully
2025-03-02 21:13:03.152	Entity (00000206, 0000000014e1ba2c23b02bc13a4a89e8c6d63ed7) added successfully
2025-03-02 21:13:03.152	Entity (00000107, 0000000014e1ba2c23b02bc13a4a89e8c6d63ed7) added successfully
2025-03-02 21:13:03.152	Entity (00000207, 0000000014e1ba2c23b02bc13a4a89e8c6d63ed7) added successfully
2025-03-02 21:13:04.260	Entity (00000105, 0000000014e1ba2c23b02bc13a4a89e8c6d63ed7) already in the wallet
2025-03-02 21:13:04.369	NewData 00000000000000000000014b0000000000000000000000000000000000000002, block -1, flags 00000000, import 0
2025-03-02 21:13:04.369	NewTx 7b1a1cb16a6c1f6f8b5a7349aea2985d9737d079b5f218aa05f93535a60b84f1, block -1, flags 00030004, import 0
2025-03-02 21:13:04.369	Entity (00000105, 000000007b1a1cb16a6c1f6f8b5a7349aea2985d) added successfully
2025-03-02 21:13:04.369	Entity (00000205, 000000007b1a1cb16a6c1f6f8b5a7349aea2985d) added successfully
2025-03-02 21:13:04.369	Entity (00000106, 000000007b1a1cb16a6c1f6f8b5a7349aea2985d) added successfully
2025-03-02 21:13:04.369	Entity (00000206, 000000007b1a1cb16a6c1f6f8b5a7349aea2985d) added successfully
2025-03-02 21:13:04.369	Entity (00000107, 000000007b1a1cb16a6c1f6f8b5a7349aea2985d) added successfully
2025-03-02 21:13:04.369	Entity (00000207, 000000007b1a1cb16a6c1f6f8b5a7349aea2985d) added successfully
2025-03-02 21:13:05.478	Entity (00000105, 000000007b1a1cb16a6c1f6f8b5a7349aea2985d) already in the wallet
2025-03-02 21:13:05.587	NewData 00000000000000000000014b0000000000000000000000000000000000000002, block -1, flags 00000000, import 0
2025-03-02 21:13:05.587	NewTx 3396338fa0444b9241deb42ead121806731eb5d78a03867fb300f68f80237bef, block -1, flags 00030004, import 0
2025-03-02 21:13:05.587	Entity (00000105, 000000003396338fa0444b9241deb42ead121806) added successfully
2025-03-02 21:13:05.587	Entity (00000205, 000000003396338fa0444b9241deb42ead121806) added successfully
2025-03-02 21:13:05.587	Entity (00000106, 000000003396338fa0444b9241deb42ead121806) added successfully
2025-03-02 21:13:05.587	Entity (00000206, 000000003396338fa0444b9241deb42ead121806) added successfully
2025-03-02 21:13:05.587	Entity (00000107, 000000003396338fa0444b9241deb42ead121806) added successfully
2025-03-02 21:13:05.587	Entity (00000207, 000000003396338fa0444b9241deb42ead121806) added successfully
2025-03-02 21:13:06.695	Entity (00000105, 000000003396338fa0444b9241deb42ead121806) already in the wallet
2025-03-02 21:13:06.805	NewData 00000000000000000000014b0000000000000000000000000000000000000002, block -1, flags 00000000, import 0
2025-03-02 21:13:06.805	NewTx c81bb9bf272b2a82633ddeef0121b871d5cb30d5e1113de2adcad15220cd0616, block -1, flags 00030004, import 0
2025-03-02 21:13:06.805	Entity (00000105, 00000000c81bb9bf272b2a82633ddeef0121b871) added successfully
2025-03-02 21:13:06.805	Entity (00000205, 00000000c81bb9bf272b2a82633ddeef0121b871) added successfully
2025-03-02 21:13:06.805	Entity (00000106, 00000000c81bb9bf272b2a82633ddeef0121b871) added successfully
2025-03-02 21:13:06.805	Entity (00000206, 00000000c81bb9bf272b2a82633ddeef0121b871) added successfully
2025-03-02 21:13:06.805	Entity (00000107, 00000000c81bb9bf272b2a82633ddeef0121b871) added successfully
2025-03-02 21:13:06.805	Entity (00000207, 00000000c81bb9bf272b2a82633ddeef0121b871) added successfully
2025-03-02 21:13:07.913	Entity (00000105, 00000000c81bb9bf272b2a82633ddeef0121b871) already in the wallet
2025-03-02 21:13:08.024	NewData 00000000000000000000014b0000000000000000000000000000000000000002, block -1, flags 00000000, import 0
2025-03-02 21:13:08.024	NewTx c852c49d5904b141335917511fa5c81db642a8e1a07963eeef712a81f1b19e0f, block -1, flags 00030004, import 0
2025-03-02 21:13:08.024	Entity (00000105, 00000000c852c49d5904b141335917511fa5c81d) added successfully
2025-03-02 21:13:08.024	Entity (00000205, 00000000c852c49d5904b141335917511fa5c81d) added successfully
2025-03-02 21:13:08.024	Entity (00000106, 00000000c852c49d5904b141335917511fa5c81d) added successfully
2025-03-02 21:13:08.024	Entity (00000206, 00000000c852c49d5904b141335917511fa5c81d) added successfully
2025-03-02 21:13:08.024	Entity (00000107, 00000000c852c49d5904b141335917511fa5c81d) added successfully
2025-03-02 21:13:08.024	Entity (00000207, 00000000c852c49d5904b141335917511fa5c81d) added successfully
2025-03-02 21:13:09.133	Entity (00000105, 00000000c852c49d5904b141335917511fa5c81d) already in the wallet
2025-03-02 21:13:09.241	NewData 00000000000000000000014b0000000000000000000000000000000000000002, block -1, flags 00000000, import 0
2025-03-02 21:13:09.241	NewTx 613bbb055b0fc3b9ea129eb26d71710e0adc65a9bb5074a992f59279b84ada4e, block -1, flags 00030004, import 0
2025-03-02 21:13:09.241	Entity (00000105, 00000000613bbb055b0fc3b9ea129eb26d71710e) added successfully
2025-03-02 21:13:09.241	Entity (00000205, 00000000613bbb055b0fc3b9ea129eb26d71710e) added successfully
2025-03-02 21:13:09.241	Entity (00000106, 00000000613bbb055b0fc3b9ea129eb26d71710e) added successfully
2025-03-02 21:13:09.241	Entity (00000206, 00000000613bbb055b0fc3b9ea129eb26d71710e) added successfully
2025-03-02 21:13:09.241	Entity (00000107, 00000000613bbb055b0fc3b9ea129eb26d71710e) added successfully
2025-03-02 21:13:09.241	Entity (00000207, 00000000613bbb055b0fc3b9ea129eb26d71710e) added successfully
2025-03-02 21:13:10.354	Entity (00000105, 00000000613bbb055b0fc3b9ea129eb26d71710e) already in the wallet
2025-03-02 21:13:20.938	NewData 00000000000000000000014b0000000000000000000000000000000000000002, block 47, flags 00000000, import 0
2025-03-02 21:13:20.938	UpdateTx 89b0a58567, block 47, flags 00030004, import 0
2025-03-02 21:13:20.938	NewData 00000000000000000000014b0000000000000000000000000000000000000002, block 47, flags 00000000, import 0
2025-03-02 21:13:20.938	UpdateTx 14e1ba2c23, block 47, flags 00030004, import 0
2025-03-02 21:13:20.938	NewData 00000000000000000000014b0000000000000000000000000000000000000002, block 47, flags 00000000, import 0
2025-03-02 21:13:20.938	UpdateTx 7b1a1cb16a, block 47, flags 00030004, import 0
2025-03-02 21:13:20.938	NewData 00000000000000000000014b0000000000000000000000000000000000000002, block 47, flags 00000000, import 0
2025-03-02 21:13:20.938	UpdateTx 3396338fa0, block 47, flags 00030004, import 0
2025-03-02 21:13:20.938	NewData 00000000000000000000014b0000000000000000000000000000000000000002, block 47, flags 00000000, import 0
2025-03-02 21:13:20.938	UpdateTx c81bb9bf27, block 47, flags 00030004, import 0
2025-03-02 21:13:20.939	NewData 00000000000000000000014b0000000000000000000000000000000000000002, block 47, flags 00000000, import 0
2025-03-02 21:13:20.939	UpdateTx c852c49d59, block 47, flags 00030004, import 0
2025-03-02 21:13:20.939	NewData 00000000000000000000014b0000000000000000000000000000000000000002, block 47, flags 00000000, import 0
2025-03-02 21:13:20.939	UpdateTx 613bbb055b, block 47, flags 00030004, import 0
2025-03-02 21:13:20.955	NewBlock 47, Txs: 7, Rows: 51
2025-03-02 21:13:28.408	NewBlock 48, Txs: 0, Rows: 0
2025-03-02 21:13:37.458	NewBlock 49, Txs: 0, Rows: 0
2025-03-02 21:13:55.160	NewBlock 50, Txs: 0, Rows: 0
2025-03-02 21:14:05.118	NewBlock 51, Txs: 0, Rows: 0
2025-03-02 21:14:29.788	NewBlock 52, Txs: 0, Rows: 0
2025-03-02 21:14:34.904	NewTx 5329ae54034cd22eafe7d7e91d2271805780c4c0a70373db3e358aad89c14485, block -1, flags 00030004, import 0
2025-03-02 21:14:35.128	NewTx 4405afaf2c25552c5ba61d946d8345812462dae0053cf8be4536f3d6da58b011, block -1, flags 00030004, import 0
2025-03-02 21:14:38.894	UpdateTx 5329ae5403, block 53, flags 00030004, import 0
2025-03-02 21:14:38.894	UpdateTx 4405afaf2c, block 53, flags 00030004, import 0
2025-03-02 21:14:38.899	NewBlock 53, Txs: 5, Rows: 36
2025-03-02 21:14:52.941	NewBlock 54, Txs: 0, Rows: 0
2025-03-02 21:15:07.410	NewBlock 55, Txs: 0, Rows: 0
2025-03-02 21:15:24.900	NewBlock 56, Txs: 0, Rows: 0
2025-03-02 21:15:38.301	NewBlock 57, Txs: 0, Rows: 0
2025-03-02 21:15:53.765	NewBlock 58, Txs: 0, Rows: 0
2025-03-02 21:16:12.262	NewBlock 59, Txs: 0, Rows: 0
2025-03-02 21:16:24.439	NewBlock 60, Txs: 0, Rows: 0
2025-03-02 21:16:41.141	NewBlock 61, Txs: 0, Rows: 0
2025-03-02 21:16:54.206	NewBlock 62, Txs: 0, Rows: 0
2025-03-02 21:17:06.649	Rolled back to block 61 successfully
2025-03-02 21:17:06.669	NewBlock 62, Txs: 0, Rows: 0
2025-03-02 21:17:06.692	NewBlock 63, Txs: 0, Rows: 0
2025-03-02 21:23:31.977	NewTx 006bc0b6085eb16c8233bbb094f474a43fdf09e7a18d912e9ac14408225ba4a3, block -1, flags 00030004, import 0
2025-03-02 21:23:32.198	NewTx 9805c4dd8fe7afc8ba58409e966413b000c149722ab7e2d0ca4a53e9afbd6d36, block -1, flags 00030004, import 0
2025-03-02 21:23:32.741	NewTx be4bb6190ade26ec204ecf059c2dba4c643881f1da77e9fbc9bc3ff1e0d1390d, block -1, flags 00030004, import 0
2025-03-02 21:23:33.063	NewTx 4669a7f3daa3e3846df841807a212f95776fb71663fb0741d71706950d40df79, block -1, flags 00030004, import 0
2025-03-02 21:23:33.385	NewTx a1bc2377aa2300d085ba16522a4a4a1e434157eade9e337a8290ecb3b8d6fadd, block -1, flags 00030004, import 0
2025-03-02 21:23:33.709	NewTx 3dc8800693fced7095e325edc8dfb82900767a2acb6cea081c437b2a8d5b1f81, block -1, flags 00030004, import 0
2025-03-02 21:23:34.031	NewTx 54afdc5cc0eb91f82f4720fd0100a64111eafe75542c4d103f83fc3c33f3702e, block -1, flags 00030004, import 0
2025-03-02 21:23:34.353	NewTx c3ec322564b7bb0b680b984b56c3468953bb5217e3b15aef0933730f5b4a9c16, block -1, flags 00030004, import 0
2025-03-02 21:23:34.674	NewTx e080f6d5aa5f3ae17908c5003a538887ccf05410334cc5019d074502f975e2ee, block -1, flags 00030004, import 0
2025-03-02 21:23:34.996	NewTx 454640fa4e0693a0eac17372f3ebc0db052784ae715578668b81038dba52d345, block -1, flags 00030004, import 0
2025-03-02 21:23:35.328	NewTx 8db720246f7aabf7b0859c9b104622e2a6fa7f32607fe56bd9a819fe839e25f1, block -1, flags 00030004, import 0
2025-03-02 21:23:35.650	NewTx 83e0db36862ac28cde135802a856a964f27d246cc6e96d137244ab96db06e988, block -1, flags 00030004, import 0
2025-03-02 21:23:35.972	NewTx d37eed15c9ae152ff54149be364b6b2fe22ba8482c0a19a7e1521b6c24c4dd86, block -1, flags 00030004, import 0
2025-03-02 21:23:36.401	NewTx e642f6b034fca3e9eb25afd33c2559d883be39d1e96b4db1842681af02969f77, block -1, flags 00030004, import 0
2025-03-02 21:23:36.723	NewTx 6a5dc92bbfb28f82145c05b09509059f170d2a8c2e13627de2b23c1ecc3886e8, block -1, flags 00030004, import 0
2025-03-02 21:23:37.046	NewTx c7ed498d2243cd8bbd44ab2f671927fd81c225acd1c644695a7dfca1882756da, block -1, flags 00030004, import 0
2025-03-02 21:23:37.369	NewTx f2f25af97a70e274f6325e488e0034feba10cc96b92d94089eba54742564d1db, block -1, flags 00030004, import 0
2025-03-02 21:23:37.691	NewTx 5298e187f18e9fd19496a3c769eaf31528996787af01ecadc14886dc9aff6e5e, block -1, flags 00030004, import 0
2025-03-02 21:23:38.013	NewTx beba2b38f7be7ae06d4a7f2704f369c56aaa605e77ac4d002bbb51faa518dcc1, block -1, flags 00030004, import 0
2025-03-02 21:23:38.336	NewTx 0c43a45e127c2cb75050f734e9fb4f56d7c6470ff9e0ffee2e8ae00139b4af1c, block -1, flags 00030004, import 0
2025-03-02 21:23:38.659	NewTx 220e4356fe75b8aca75be86363baf261b6c369375b2f2bd43f8955516faa4d96, block -1, flags 00030004, import 0
2025-03-02 21:23:38.981	NewTx 7a6d65b5979a5fc4b57ebd164db41e6527e01a2a36691dcebbbf869714a931ac, block -1, flags 00030004, import 0
2025-03-02 21:23:39.303	NewTx f7380cd5b3b71d18c29423527cbb43955de0c4c72f11af04e899cf01f480cb0d, block -1, flags 00030004, import 0
2025-03-02 21:23:39.624	NewTx 3c09d44d017a0f27ee4f06f6b46b9b9c692df18f0b32cfb580c29bf9614723f4, block -1, flags 00030004, import 0
2025-03-02 21:23:39.743	NewTx 252e3ec0bebc076b0a4d70dec278230c4362d8f0ea40e16e80042238f0ec0013, block -1, flags 00030004, import 0
2025-03-02 21:23:40.062	NewTx b1b83fc625b24cd7d0e0017ca53c14eff72958daa0393fb0aee0271503ed815f, block -1, flags 00030004, import 0
2025-03-02 21:23:40.385	NewTx 46a41f38b65490c3c888afadf818710c4fe2fc3af7a6babdc0e6d647f31b1ce2, block -1, flags 00030004, import 0
2025-03-02 21:23:40.710	NewTx 14f43a0743833c2c5c18a978c60a9f0009441308f51dc5a29668b6f6fcf6eb0a, block -1, flags 00030004, import 0
2025-03-02 21:23:41.033	NewTx 1a8d9b175b176e30ac60b175b5f1565c084bc5b7caf90acdd2836ad2ec31b65e, block -1, flags 00030004, import 0
2025-03-02 21:23:41.357	NewTx 2d35e6e03575fd677a0ffb091475d77a81597d420e726c23f84ecfad5c075cfd, block -1, flags 00030004, import 0
2025-03-02 21:23:41.679	NewTx 64ce37fe64f063d8adfb330393a33a816150dd216199b3dab8bbb71b69594e08, block -1, flags 00030004, import 0
2025-03-02 21:23:42.001	NewTx cccc358ab1d1cd67bf8872c499cce8cb1808a9a06a05f9a9735d7ba1544a9250, block -1, flags 00030004, import 0
2025-03-02 21:23:42.323	NewTx 53a2f1495fca4d0bf1de2bbb7fc2b2ca573c0619c306f5978106dfb5736b610f, block -1, flags 00030004, import 0
2025-03-02 21:23:42.646	NewTx 8885c0826259ef65f57a16065ab85badf0a88d226b0f275c47050f9dc397d8e9, block -1, flags 00030004, import 0
2025-03-02 21:23:42.970	NewTx f6dae9ebbd0f9e0e524ef1da95a09f52ba6d572bfcb0fb9b23cbbffea41ab724, block -1, flags 00030004, import 0
2025-03-02 21:23:43.293	NewTx 0ba2380286e3318633f73e3ef230a81e7008849d5a7f11ca8f1c90dfa6570f67, block -1, flags 00030004, import 0
2025-03-02 21:23:43.725	NewTx 7d512c71b62fdfc5f24cd2b7115d25a87e0c9f29c8eac83eec27ac66bb12a1c0, block -1, flags 00030004, import 0
2025-03-02 21:23:44.049	NewTx 83e51a70447764461da5e06212fe4a19977b27373c9fd3b0ddce53b85924a708, block -1, flags 00030004, import 0
2025-03-02 21:23:44.372	NewTx 5ee8e44e78ed2bc5535cd16d453d0bc745e6ad396002ee4da2efb2bbeb605b8c, block -1, flags 00030004, import 0
2025-03-02 21:23:44.694	NewTx b5eb660f2244ebdaf0cbde22fc0a45fb95714077174ebdea10e816aae3aa76a1, block -1, flags 00030004, import 0
2025-03-02 21:23:45.016	NewTx 75c2b67512c3c79fce2eb0168f9a386b7d8acc850e92209b5f06decc73955443, block -1, flags 00030004, import 0
2025-03-02 21:23:45.343	NewTx 98f6c6a045f72521e08edc502519eac3eca592f2b2a1bb0434ac7fa7f626c198, block -1, flags 00030004, import 0
2025-03-02 21:23:45.676	NewTx 080c1132bddb409ca6c4970c5ee6f721549cda118a0366adf341146102401ba5, block -1, flags 00030004, import 0
2025-03-02 21:23:45.819	UpdateTx 006bc0b608, block 64, flags 00030004, import 0
2025-03-02 21:23:45.820	UpdateTx 9805c4dd8f, block 64, flags 00030004, import 0
2025-03-02 21:23:45.820	UpdateTx be4bb6190a, block 64, flags 00030004, import 0
2025-03-02 21:23:45.820	UpdateTx 4669a7f3da, block 64, flags 00030004, import 0
2025-03-02 21:23:45.820	UpdateTx a1bc2377aa, block 64, flags 00030004, import 0
2025-03-02 21:23:45.820	UpdateTx 3dc8800693, block 64, flags 00030004, import 0
2025-03-02 21:23:45.820	UpdateTx 54afdc5cc0, block 64, flags 00030004, import 0
2025-03-02 21:23:45.820	UpdateTx c3ec322564, block 64, flags 00030004, import 0
2025-03-02 21:23:45.820	UpdateTx e080f6d5aa, block 64, flags 00030004, import 0
2025-03-02 21:23:45.820	UpdateTx 454640fa4e, block 64, flags 00030004, import 0
2025-03-02 21:23:45.820	UpdateTx 8db720246f, block 64, flags 00030004, import 0
2025-03-02 21:23:45.820	UpdateTx 83e0db3686, block 64, flags 00030004, import 0
2025-03-02 21:23:45.820	UpdateTx d37eed15c9, block 64, flags 00030004, import 0
2025-03-02 21:23:45.820	UpdateTx e642f6b034, block 64, flags 00030004, import 0
2025-03-02 21:23:45.820	UpdateTx 6a5dc92bbf, block 64, flags 00030004, import 0
2025-03-02 21:23:45.820	UpdateTx c7ed498d22, block 64, flags 00030004, import 0
2025-03-02 21:23:45.821	UpdateTx f2f25af97a, block 64, flags 00030004, import 0
2025-03-02 21:23:45.821	UpdateTx 5298e187f1, block 64, flags 00030004, import 0
2025-03-02 21:23:45.821	UpdateTx beba2b38f7, block 64, flags 00030004, import 0
2025-03-02 21:23:45.821	UpdateTx 0c43a45e12, block 64, flags 00030004, import 0
2025-03-02 21:23:45.821	UpdateTx 220e4356fe, block 64, flags 00030004, import 0
2025-03-02 21:23:45.821	UpdateTx 7a6d65b597, block 64, flags 00030004, import 0
2025-03-02 21:23:45.821	UpdateTx f7380cd5b3, block 64, flags 00030004, import 0
2025-03-02 21:23:45.821	UpdateTx 3c09d44d01, block 64, flags 00030004, import 0
2025-03-02 21:23:45.821	UpdateTx 252e3ec0be, block 64, flags 00030004, import 0
2025-03-02 21:23:45.821	UpdateTx b1b83fc625, block 64, flags 00030004, import 0
2025-03-02 21:23:45.821	UpdateTx 46a41f38b6, block 64, flags 00030004, import 0
2025-03-02 21:23:45.821	UpdateTx 14f43a0743, block 64, flags 00030004, import 0
2025-03-02 21:23:45.821	UpdateTx 1a8d9b175b, block 64, flags 00030004, import 0
2025-03-02 21:23:45.821	UpdateTx 2d35e6e035, block 64, flags 00030004, import 0
2025-03-02 21:23:45.821	UpdateTx 64ce37fe64, block 64, flags 00030004, import 0
2025-03-02 21:23:45.821	UpdateTx cccc358ab1, block 64, flags 00030004, import 0
2025-03-02 21:23:45.821	UpdateTx 53a2f1495f, block 64, flags 00030004, import 0
2025-03-02 21:23:45.821	UpdateTx 8885c08262, block 64, flags 00030004, import 0
2025-03-02 21:23:45.821	UpdateTx f6dae9ebbd, block 64, flags 00030004, import 0
2025-03-02 21:23:45.822	UpdateTx 0ba2380286, block 64, flags 00030004, import 0
2025-03-02 21:23:45.822	UpdateTx 7d512c71b6, block 64, flags 00030004, import 0
2025-03-02 21:23:45.822	UpdateTx 83e51a7044, block 64, flags 00030004, import 0
2025-03-02 21:23:45.822	UpdateTx 5ee8e44e78, block 64, flags 00030004, import 0
2025-03-02 21:23:45.822	UpdateTx b5eb660f22, block 64, flags 00030004, import 0
2025-03-02 21:23:45.822	UpdateTx 75c2b67512, block 64, flags 00030004, import 0
2025-03-02 21:23:45.822	UpdateTx 98f6c6a045, block 64, flags 00030004, import 0
2025-03-02 21:23:45.822	UpdateTx 080c1132bd, block 64, flags 00030004, import 0
2025-03-02 21:23:45.829	NewBlock 64, Txs: 68, Rows: 626
2025-03-02 21:23:46.007	NewTx 59cb2e278ff04a3891040fa90e38d794a0c4f8ca234cbd3f3214ef61f415f636, block -1, flags 00030004, import 0
2025-03-02 21:23:46.355	NewTx d51b885dec2649472a200edab1e23ac7d4515ea4c793ad77ed6bec8ec1b792e0, block -1, flags 00030004, import 0
2025-03-02 21:23:46.685	NewTx e6042c296263a87b45bf049f70543bdde9595f1dfafbeca496dd689dbc1bcebd, block -1, flags 00030004, import 0
2025-03-02 21:23:47.013	NewTx e4f22e09ad0d779c7a79c2b9effbed1eead934089b3178ea7c49c4141adcf4b1, block -1, flags 00030004, import 0
2025-03-02 21:23:52.709	UpdateTx 59cb2e278f, block 65, flags 00030004, import 0
2025-03-02 21:23:52.709	UpdateTx d51b885dec, block 65, flags 00030004, import 0
2025-03-02 21:23:52.709	UpdateTx e6042c2962, block 65, flags 00030004, import 0
2025-03-02 21:23:52.710	UpdateTx e4f22e09ad, block 65, flags 00030004, import 0
2025-03-02 21:23:52.719	NewBlock 65, Txs: 4, Rows: 58
2025-03-02 21:24:03.876	NewBlock 66, Txs: 0, Rows: 0
2025-03-02 21:24:10.330	NewBlock 67, Txs: 0, Rows: 0
2025-03-02 21:24:18.273	Rolled back to block 66 successfully
2025-03-02 21:24:18.291	NewBlock 67, Txs: 0, Rows: 0
2025-03-02 21:24:18.310	NewBlock 68, Txs: 0, Rows: 0
2025-03-02 21:24:23.863	NewBlock 69, Txs: 0, Rows: 0
2025-03-02 21:24:31.426	NewBlock 70, Txs: 0, Rows: 0
2025-03-02 21:24:34.875	NewBlock 71, Txs: 0, Rows: 0
2025-03-02 21:24:39.817	NewBlock 72, Txs: 0, Rows: 0
2025-03-02 21:24:45.835	NewBlock 73, Txs: 0, Rows: 0
2025-03-02 21:24:53.071	NewBlock 74, Txs: 0, Rows: 0
2025-03-02 21:25:11.822	NewBlock 75, Txs: 0, Rows: 0
2025-03-02 21:32:45.663	NewData 00000000000000000000014b0000000000000000000000000000000000000002, block -1, flags 00000000, import 0
2025-03-02 21:32:45.663	NewTx e553b6361f6724c5a0832758e84ceec9ce1abace17630462aec0c3faea773e97, block -1, flags 00030004, import 0
2025-03-02 21:32:45.663	Entity (00000105, 00000000e553b6361f6724c5a0832758e84ceec9) added successfully
2025-03-02 21:32:45.663	Entity (00000205, 00000000e553b6361f6724c5a0832758e84ceec9) added successfully
2025-03-02 21:32:45.663	Entity (00000106, 00000000e553b6361f6724c5a0832758e84ceec9) added successfully
2025-03-02 21:32:45.663	Entity (00000206, 00000000e553b6361f6724c5a0832758e84ceec9) added successfully
2025-03-02 21:32:45.663	Entity (00000107, 00000000e553b6361f6724c5a0832758e84ceec9) added successfully
2025-03-02 21:32:45.663	Entity (00000207, 00000000e553b6361f6724c5a0832758e84ceec9) added successfully
2025-03-02 21:32:45.771	Entity (00000105, 00000000e553b6361f6724c5a0832758e84ceec9) already in the wallet
2025-03-02 21:32:46.533	NewData 00000000000000000000014b0000000000000000000000000000000000000002, block -1, flags 00000000, import 0
2025-03-02 21:32:46.533	NewTx 82a7777a4febcfe3b4d74a46a20ee18268ae4d96c94dfd9953bcde2f60b08f06, block -1, flags 00030004, import 0
2025-03-02 21:32:46.533	Entity (00000105, 0000000082a7777a4febcfe3b4d74a46a20ee182) added successfully
2025-03-02 21:32:46.533	Entity (00000205, 0000000082a7777a4febcfe3b4d74a46a20ee182) added successfully
2025-03-02 21:32:46.533	Entity (00000106, 0000000082a7777a4febcfe3b4d74a46a20ee182) added successfully
2025-03-02 21:32:46.533	Entity (00000206, 0000000082a7777a4febcfe3b4d74a46a20ee182) added successfully
2025-03-02 21:32:46.533	Entity (00000107, 0000000082a7777a4febcfe3b4d74a46a20ee182) added successfully
2025-03-02 21:32:46.533	Entity (00000207, 0000000082a7777a4febcfe3b4d74a46a20ee182) added successfully
2025-03-02 21:32:46.640	Entity (00000105, 0000000082a7777a4febcfe3b4d74a46a20ee182) already in the wallet
2025-03-02 21:32:59.541	NewData 00000000000000000000014b0000000000000000000000000000000000000002, block 76, flags 00000000, import 0
2025-03-02 21:32:59.541	UpdateTx e553b6361f, block 76, flags 00030004, import 0
2025-03-02 21:32:59.541	NewData 00000000000000000000014b0000000000000000000000000000000000000002, block 76, flags 00000000, import 0
2025-03-02 21:32:59.541	UpdateTx 82a7777a4f, block 76, flags 00030004, import 0
2025-03-02 21:32:59.548	NewBlock 76, Txs: 2, Rows: 16
2025-03-02 21:33:03.535	NewTx 94f3ac25deb33cadc5ed6eab2cf6f643311aeb9a113eb9d64f68ebe060677f49, block -1, flags 00030004, import 0
2025-03-02 21:33:03.754	NewTx 922d6eba04e54983deef4bd59f528153af3a1402292f2fb3481bc26a8242aa89, block -1, flags 00030004, import 0
2025-03-02 21:33:04.296	NewTx 53d991fe4c2c949d60be613dcafa2e9491888da15318e85ff5ca173edf465387, block -1, flags 00030004, import 0
2025-03-02 21:33:04.618	NewTx 07045953fbf2fceb0788a5e45256d870cf971b115d49f3135506e27f69c409a4, block -1, flags 00030004, import 0
2025-03-02 21:33:04.940	NewTx 9e022b59389fe91b5d87aa650ded32b2ceb317ed4ce9b7e7a1a21fed55041685, block -1, flags 00030004, import 0
2025-03-02 21:33:05.270	NewTx dfe82df3f1a58f38f98f6a4faba7d3ad9071bfa65e38711c3b963c6c6fdc6879, block -1, flags 00030004, import 0
2025-03-02 21:33:05.593	NewTx 03fa03c0a057dbe1d23f0be3e67c9be7564c6e69cae79afe13eaff0e2489c02d, block -1, flags 00030004, import 0
2025-03-02 21:33:05.915	NewTx 8b81d51846e7fcb4e1a7beef1341e74f5d76beb9e9bc4cd5c348aedf31f3580b, block -1, flags 00030004, import 0
2025-03-02 21:33:06.237	NewTx 73d379190e3b4719226f8e78273b5917235489df5364fc07fc85c18a2a64dabf, block -1, flags 00030004, import 0
2025-03-02 21:33:06.575	UpdateTx 94f3ac25de, block 77, flags 00030004, import 0
2025-03-02 21:33:06.575	UpdateTx 922d6eba04, block 77, flags 00030004, import 0
2025-03-02 21:33:06.575	UpdateTx 53d991fe4c, block 77, flags 00030004, import 0
2025-03-02 21:33:06.575	UpdateTx 07045953fb, block 77, flags 00030004, import 0
2025-03-02 21:33:06.575	UpdateTx 9e022b5938, block 77, flags 00030004, import 0
2025-03-02 21:33:06.575	UpdateTx dfe82df3f1, block 77, flags 00030004, import 0
2025-03-02 21:33:06.575	UpdateTx 03fa03c0a0, block 77, flags 00030004, import 0
2025-03-02 21:33:06.583	NewBlock 77, Txs: 18, Rows: 132
2025-03-02 21:33:06.587	UpdateTx 8b81d51846, block -1, flags 00030004, import 0
2025-03-02 21:33:06.587	UpdateTx 73d379190e, block -1, flags 00030004, import 0
2025-03-02 21:33:06.588	NewTx 18ae96e886cab157cc65779428dbe57ba21fb1232ba6f60c3aaa5aa0f908f04c, block -1, flags 00030004, import 0
2025-03-02 21:33:06.910	NewTx 59c154736b627be34691a9b5fa132dbf02ef1ac3ba9e77d3713a76f485b54265, block -1, flags 00030004, import 0
2025-03-02 21:33:07.231	NewTx b027c59a8cf2c045c19d4404e727b0a653b333e4f9b0457de03308fb16cf5993, block -1, flags 00030004, import 0
2025-03-02 21:33:07.554	NewTx f36ac3ef985b97f33d78d95253eaa3c030fc7af85fb432c0287706bce9703e07, block -1, flags 00030004, import 0
2025-03-02 21:33:07.984	NewTx 2fe9eeddb4e888391a991f014bd34a02f49ed3c0b6a65335d7e4258b64b058e5, block -1, flags 00030004, import 0
2025-03-02 21:33:08.306	NewTx 2f105e2d15494e5d0432a1490c666e69cd27f02c7f8045900be1f6e30ba37b80, block -1, flags 00030004, import 0
2025-03-02 21:33:08.627	NewTx 8eb575530ff943d4df01fb9cc33840def4cf3f8010458e88a5ed4832ecf0a3fc, block -1, flags 00030004, import 0
2025-03-02 21:33:08.950	NewTx 14c5fa4b542a1265ca7cd1cbd3db9fc221df263556d8483812ba8e26c6c2c8a6, block -1, flags 00030004, import 0
2025-03-02 21:33:09.272	NewTx 0d2f8c1b984f42010253d460f43f0526ba7ff34905b4d5f29cca086194fd5b16, block -1, flags 00030004, import 0
2025-03-02 21:33:09.593	NewTx 64efdd7c11cfd6d4230c3475ac7ec1b5920b9b700b72643e852bcd5a4ba564ea, block -1, flags 00030004, import 0
2025-03-02 21:33:09.915	NewTx 8af284c6b7d9c63354e2511d4c8aabaf98c4a165767fbbe2e8b5e294d1a25141, block -1, flags 00030004, import 0
2025-03-02 21:33:10.237	NewTx b1f0935e9decb2bf5035e8aab4a90aec1897029429f0bfb72238bc41a104e16d, block -1, flags 00030004, import 0
2025-03-02 21:33:10.558	NewTx bfe304c7af0ae0f46b7d3d4d08403d7e9b3c6fec3539597186455ff0353ed043, block -1, flags 00030004, import 0
2025-03-02 21:33:10.880	NewTx 726676ed208fbffbff3544dab34ffa36cdad4a930cb52045d75725724c973d96, block -1, flags 00030004, import 0
2025-03-02 21:33:11.224	UpdateTx 8b81d51846, block 78, flags 00030004, import 0
2025-03-02 21:33:11.224	UpdateTx 73d379190e, block 78, flags 00030004, import 0
2025-03-02 21:33:11.224	UpdateTx 18ae96e886, block 78, flags 00030004, import 0
2025-03-02 21:33:11.224	UpdateTx 59c154736b, block 78, flags 00030004, import 0
2025-03-02 21:33:11.224	UpdateTx b027c59a8c, block 78, flags 00030004, import 0
2025-03-02 21:33:11.225	UpdateTx f36ac3ef98, block 78, flags 00030004, import 0
2025-03-02 21:33:11.225	UpdateTx 2fe9eeddb4, block 78, flags 00030004, import 0
2025-03-02 21:33:11.225	UpdateTx 2f105e2d15, block 78, flags 00030004, import 0
2025-03-02 21:33:11.225	UpdateTx 8eb575530f, block 78, flags 00030004, import 0
2025-03-02 21:33:11.225	UpdateTx 14c5fa4b54, block 78, flags 00030004, import 0
2025-03-02 21:33:11.225	UpdateTx 0d2f8c1b98, block 78, flags 00030004, import 0
2025-03-02 21:33:11.225	UpdateTx 64efdd7c11, block 78, flags 00030004, import 0
2025-03-02 21:33:11.225	UpdateTx 8af284c6b7, block 78, flags 00030004, import 0
2025-03-02 21:33:11.232	NewBlock 78, Txs: 28, Rows: 218
2025-03-02 21:33:11.236	UpdateTx b1f0935e9d, block -1, flags 00030004, import 0
2025-03-02 21:33:11.236	UpdateTx bfe304c7af, block -1, flags 00030004, import 0
2025-03-02 21:33:11.236	UpdateTx 726676ed20, block -1, flags 00030004, import 0
2025-03-02 21:33:11.237	NewTx 79f7ac16ede13c57671d5dce19e170975cc9c3bde6d2742c54281dd1dac4130c, block -1, flags 00030004, import 0
2025-03-02 21:33:11.355	NewTx ff1b7f87c154969a14c8bbfaa11667b0ac654ee220a5101b453e0d6c74444682, block -1, flags 00030004, import 0
2025-03-02 21:33:11.468	NewTx 53f92314b8f8879bdb1d6f8bb894bae7da9fbce6b40cf460f6993f04b3e0df52, block -1, flags 00030004, import 0
2025-03-02 21:33:11.582	NewTx f66be42451db937e490232757609a9d0d266b74c7676962685056760db2b525f, block -1, flags 00030004, import 0
2025-03-02 21:33:11.674	NewTx e01b8c574cd963b75fe85e1c88f8c2d9bc4cdafb35d3f548653c6988116a95eb, block -1, flags 00030004, import 0
2025-03-02 21:33:11.802	NewTx 76d1aa3327c03e02a476c204f7a08f4b44d73d1ec38fd22636f7bf18d1919c04, block -1, flags 00030004, import 0
2025-03-02 21:33:11.999	NewTx fce1419f9b1fa7e94735e4b28cc6a45495b23534aebf4903a50ab5bbef3f00c5, block -1, flags 00030004, import 0
2025-03-02 21:33:12.321	NewTx 4efa2fe0e2d51fed58aeb4fc4418fa211f9228a17b59e39a5d0576bdf45fa919, block -1, flags 00030004, import 0
2025-03-02 21:33:12.644	NewTx 44448cdbbe002e228a7a9e5141b92b3e1418c4da49838032478f327052367c16, block -1, flags 00030004, import 0
2025-03-02 21:33:12.966	NewTx a2119ac7a97b6c592b4fb2eda23c28091cc8c16ac3220c8120d981bf21a0b17b, block -1, flags 00030004, import 0
2025-03-02 21:33:13.289	NewTx d4d61dcb05daf9d85f2220c4c5f3ad96e21f36e10d8ecbabc67ac110550cb3d4, block -1, flags 00030004, import 0
2025-03-02 21:33:13.612	NewTx d131f19cb8d050d54d027d1d8311f7447b881b5403b75daabca7b68d3fa0783a, block -1, flags 00030004, import 0
2025-03-02 21:33:13.935	NewTx 52bcb89f23efe7ed8bc4097049063217e2ff6b1a431e29729b6e0b0e6488f4b3, block -1, flags 00030004, import 0
2025-03-02 21:33:14.258	NewTx 480a29867ee423856226b3d389c809149e4bb42b2d393fe471751464a976d3c7, block -1, flags 00030004, import 0
2025-03-02 21:33:14.581	NewTx 9f50dbdda59ef670bbbbc390acd23287206b0f5da1d397fc8b035a2f35f668bf, block -1, flags 00030004, import 0
2025-03-02 21:33:14.904	NewTx bc97dc8f86aea852eafabe047a0c8f9eda214cdc9f4a29a50ca3e65f7375ac9d, block -1, flags 00030004, import 0
2025-03-02 21:33:15.012	UpdateTx b1f0935e9d, block 79, flags 00030004, import 0
2025-03-02 21:33:15.012	UpdateTx bfe304c7af, block 79, flags 00030004, import 0
2025-03-02 21:33:15.012	UpdateTx 726676ed20, block 79, flags 00030004, import 0
2025-03-02 21:33:15.012	UpdateTx 79f7ac16ed, block 79, flags 00030004, import 0
2025-03-02 21:33:15.012	UpdateTx ff1b7f87c1, block 79, flags 00030004, import 0
2025-03-02 21:33:15.012	UpdateTx 53f92314b8, block 79, flags 00030004, import 0
2025-03-02 21:33:15.013	UpdateTx f66be42451, block 79, flags 00030004, import 0
2025-03-02 21:33:15.013	UpdateTx e01b8c574c, block 79, flags 00030004, import 0
2025-03-02 21:33:15.013	UpdateTx 76d1aa3327, block 79, flags 00030004, import 0
2025-03-02 21:33:15.013	UpdateTx fce1419f9b, block 79, flags 00030004, import 0
2025-03-02 21:33:15.013	UpdateTx 4efa2fe0e2, block 79, flags 00030004, import 0
2025-03-02 21:33:15.013	UpdateTx 44448cdbbe, block 79, flags 00030004, import 0
2025-03-02 21:33:15.013	UpdateTx a2119ac7a9, block 79, flags 00030004, import 0
2025-03-02 21:33:15.013	UpdateTx d4d61dcb05, block 79, flags 00030004, import 0
2025-03-02 21:33:15.013	UpdateTx d131f19cb8, block 79, flags 00030004, import 0
2025-03-02 21:33:15.013	UpdateTx 52bcb89f23, block 79, flags 00030004, import 0
2025-03-02 21:33:15.013	UpdateTx 480a29867e, block 79, flags 00030004, import 0
2025-03-02 21:33:15.013	UpdateTx 9f50dbdda5, block 79, flags 00030004, import 0
2025-03-02 21:33:15.013	UpdateTx bc97dc8f86, block 79, flags 00030004, import 0
2025-03-02 21:33:15.018	NewBlock 79, Txs: 18, Rows: 272
2025-03-02 21:33:15.334	NewTx 50cb83c868dfade6be32af9af099721742af7ad7860ff057ec0a48336fa5635b, block -1, flags 00030004, import 0
2025-03-02 21:33:15.658	NewTx 6180663c27746b3ad455114ab049ce657f935118a7254f2574462c06f978750f, block -1, flags 00030004, import 0
2025-03-02 21:33:15.980	NewTx d1f7804ba51edf245f940402538ab64b888f0ebdabfce35d18d56784f5418e02, block -1, flags 00030004, import 0
2025-03-02 21:33:16.303	NewTx 5dca2bc19e4ba69e27e446f4e1f8c1530587f849780ad7b785bd80f98b1464f7, block -1, flags 00030004, import 0
2025-03-02 21:33:16.626	NewTx 74426d7613fa20cd5cd34451c56de771101f06fcd43a85fc36dea09c52a6c2f7, block -1, flags 00030004, import 0
2025-03-02 21:33:16.949	NewTx 7124444b13fd30b6e780c691aa0705e7e64c6f1c4632a40cdcbf3cc8ed3d91d3, block -1, flags 00030004, import 0
2025-03-02 21:33:17.273	NewTx ddb5698c4f7ec6d41aee0de47502aa61ee3334f75667aae9690131b60a9ecf59, block -1, flags 00030004, import 0
2025-03-02 21:33:17.602	NewTx 7dfd9af541275ae185dd47608f9fe3d06937561fd79bbb2ae46bb4c0e3f728cf, block -1, flags 00030004, import 0
2025-03-02 21:33:17.930	NewTx a4df14fca44c73f073ee3b17919086ab19436e2827d9282a80b8b8ddcea8798c, block -1, flags 00030004, import 0
2025-03-02 21:33:18.259	NewTx 2b55361a846ab706b37a93d0b2335ec4e6aff9598be1990a66cf7b7a87be302b, block -1, flags 00030004, import 0
2025-03-02 21:33:18.588	NewTx a1b5ffda14bfe5551b42f2c6adf8c68e70fd72c32fc88c0589493514e12e7499, block -1, flags 00030004, import 0
2025-03-02 21:33:24.961	UpdateTx 50cb83c868, block 80, flags 00030004, import 0
2025-03-02 21:33:24.961	UpdateTx 6180663c27, block 80, flags 00030004, import 0
2025-03-02 21:33:24.961	UpdateTx d1f7804ba5, block 80, flags 00030004, import 0
2025-03-02 21:33:24.961	UpdateTx 5dca2bc19e, block 80, flags 00030004, import 0
2025-03-02 21:33:24.961	UpdateTx 74426d7613, block 80, flags 00030004, import 0
2025-03-02 21:33:24.961	UpdateTx 7124444b13, block 80, flags 00030004, import 0
2025-03-02 21:33:24.961	UpdateTx ddb5698c4f, block 80, flags 00030004, import 0
2025-03-02 21:33:24.961	UpdateTx 7dfd9af541, block 80, flags 00030004, import 0
2025-03-02 21:33:24.961	UpdateTx a4df14fca4, block 80, flags 00030004, import 0
2025-03-02 21:33:24.962	UpdateTx 2b55361a84, block 80, flags 00030004, import 0
2025-03-02 21:33:24.962	UpdateTx a1b5ffda14, block 80, flags 00030004, import 0
2025-03-02 21:33:24.966	NewBlock 80, Txs: 12, Rows: 158
2025-03-02 21:33:36.400	NewBlock 81, Txs: 0, Rows: 0
2025-03-02 21:33:42.618	NewBlock 82, Txs: 0, Rows: 0
2025-03-02 21:33:48.174	NewBlock 83, Txs: 0, Rows: 0
2025-03-02 21:33:54.834	NewBlock 84, Txs: 0, Rows: 0
2025-03-02 21:34:01.518	NewBlock 85, Txs: 0, Rows: 0
2025-03-02 21:34:07.090	NewBlock 86, Txs: 0, Rows: 0
2025-03-02 21:34:27.033	NewBlock 87, Txs: 0, Rows: 0
2025-03-02 21:34:47.914	NewBlock 88, Txs: 0, Rows: 0
2025-03-02 21:35:10.103	Rolled back to block 87 successfully
2025-03-02 21:35:10.122	NewBlock 88, Txs: 0, Rows: 0
2025-03-02 21:35:10.147	NewBlock 89, Txs: 0, Rows: 0
2025-03-02 21:35:35.560	NewBlock 90, Txs: 0, Rows: 0
2025-03-02 21:43:11.672	NewTx f2ffafa23f8608a0b7d86a53739dd49b8280ffefbeb817d741f4097d334c60a2, block -1, flags 00030004, import 0
2025-03-02 21:43:11.994	NewTx 8f9cde2b27c35273b211e69dc2025a6c0c0093798c4d145c7ce455b66ad13b1a, block -1, flags 00030004, import 0
2025-03-02 21:43:12.315	NewTx f6202de706d4408229f370c3878e8963c5363c680daf5ee9be55ac907cd565dc, block -1, flags 00030004, import 0
2025-03-02 21:43:12.637	NewTx 6e9250ca17d6c4eb251b395b12e33ecf3d3a9aa7a052f6b556db88e67bb7cadd, block -1, flags 00030004, import 0
2025-03-02 21:43:12.959	NewTx c9524709af3b4bff355e8f6c974e8bd1f2437d95afe50e2c72db2dbce573a0cf, block -1, flags 00030004, import 0
2025-03-02 21:43:13.282	NewTx fc1fb8c33bca8a20bfbdf9050929278b787a68f6ea22b25c7b443a77343c4d46, block -1, flags 00030004, import 0
2025-03-02 21:43:13.603	NewTx 33e3849f6fb2c2378881211d951584e4eb503ab4831f6ae05d6fdad942016519, block -1, flags 00030004, import 0
2025-03-02 21:43:13.926	NewTx e81f45d66eb269ee30dea76dea438527ed467557babefba86e26d0ca2c51c25d, block -1, flags 00030004, import 0
2025-03-02 21:43:14.248	NewTx 0be6f3d326b6c58573e6dc731dc636fb0237c2db23e7a3c36651cfb01fc4f170, block -1, flags 00030004, import 0
2025-03-02 21:43:14.570	NewTx 14860fa7835cd5a11c16465875499c394c0b138486c439474b749743cb1673d1, block -1, flags 00030004, import 0
2025-03-02 21:43:14.892	NewTx d069ee819f9beebd6905770abb05d4f4e0caec2e8bb90260e63452b5c6ef23cf, block -1, flags 00030004, import 0
2025-03-02 21:43:15.321	NewTx 9f84cdfd2d454fff877c151f935f48bbae1eb862efa95a40997352bc1b4a725e, block -1, flags 00030004, import 0
2025-03-02 21:43:15.642	NewTx b390cc6499ecc25151a7a12a0c921fdb4241a624218ebcdca07279d226b5d3a6, block -1, flags 00030004, import 0
2025-03-02 21:43:15.965	NewTx 1f7471da7cc413964794b94022e2e9507c66d50bf63aafac1d309b3ca3cff4a9, block -1, flags 00030004, import 0
2025-03-02 21:43:16.287	NewTx 341fc1605017c77bbc6efa19af57c1be732323c17e7e3599e6bd4688c7786d8a, block -1, flags 00030004, import 0
2025-03-02 21:43:16.609	NewTx 642a1f8ff240dc5da9d727a5c79c8cc9d0f5c2934833dc02da81dfbae1c621ba, block -1, flags 00030004, import 0
2025-03-02 21:43:16.930	NewTx d615c6aaa111fed65371d3a7f155425fa55f39789b6695d7bde331b86f393c25, block -1, flags 00030004, import 0
2025-03-02 21:43:17.252	NewTx 87d11560a273f0eeffbdf8f0eceb71667a6ac3d70df8639f4e1aba06f4ba35b2, block -1, flags 00030004, import 0
2025-03-02 21:43:17.573	NewTx b4c0d88d5450a1ec4b285abb26ce35cbd5b6c75303c2df19cb6bbc90852e49ad, block -1, flags 00030004, import 0
2025-03-02 21:43:17.895	NewTx de7ba71836f43d391efb2aa86f731c9d16b840527151b905075f0efde5582ecc, block -1, flags 00030004, import 0
2025-03-02 21:43:18.217	NewTx 0332aac4a641350c2a56f6e50950efa2912cdea4c044f2d4f780ec012a067f86, block -1, flags 00030004, import 0
2025-03-02 21:43:18.539	NewTx 2aff52fd34fe8057aa9aa709ebf4498a951f0a8e2b870bcb620c2223d342ab73, block -1, flags 00030004, import 0
2025-03-02 21:43:27.797	UpdateTx f2ffafa23f, block 91, flags 00030004, import 0
2025-03-02 21:43:27.797	UpdateTx 8f9cde2b27, block 91, flags 00030004, import 0
2025-03-02 21:43:27.797	UpdateTx f6202de706, block 91, flags 00030004, import 0
2025-03-02 21:43:27.797	UpdateTx 6e9250ca17, block 91, flags 00030004, import 0
2025-03-02 21:43:27.797	UpdateTx c9524709af, block 91, flags 00030004, import 0
2025-03-02 21:43:27.797	UpdateTx fc1fb8c33b, block 91, flags 00030004, import 0
2025-03-02 21:43:27.797	UpdateTx 33e3849f6f, block 91, flags 00030004, import 0
2025-03-02 21:43:27.798	UpdateTx e81f45d66e, block 91, flags 00030004, import 0
2025-03-02 21:43:27.798	UpdateTx 0be6f3d326, block 91, flags 00030004, import 0
2025-03-02 21:43:27.798	UpdateTx 14860fa783, block 91, flags 00030004, import 0
2025-03-02 21:43:27.798	UpdateTx d069ee819f, block 91, flags 00030004, import 0
2025-03-02 21:43:27.798	UpdateTx 9f84cdfd2d, block 91, flags 00030004, import 0
2025-03-02 21:43:27.798	UpdateTx b390cc6499, block 91, flags 00030004, import 0
2025-03-02 21:43:27.798	UpdateTx 1f7471da7c, block 91, flags 00030004, import 0
2025-03-02 21:43:27.798	UpdateTx 341fc16050, block 91, flags 00030004, import 0
2025-03-02 21:43:27.798	UpdateTx 642a1f8ff2, block 91, flags 00030004, import 0
2025-03-02 21:43:27.798	UpdateTx d615c6aaa1, block 91, flags 00030004, import 0
2025-03-02 21:43:27.798	UpdateTx 87d11560a2, block 91, flags 00030004, import 0
2025-03-02 21:43:27.798	UpdateTx b4c0d88d54, block 91, flags 00030004, import 0
2025-03-02 21:43:27.798	UpdateTx de7ba71836, block 91, flags 00030004, import 0
2025-03-02 21:43:27.798	UpdateTx 0332aac4a6, block 91, flags 00030004, import 0
2025-03-02 21:43:27.798	UpdateTx 2aff52fd34, block 91, flags 00030004, import 0
2025-03-02 21:43:27.805	NewBlock 91, Txs: 44, Rows: 354
2025-03-02 21:43:31.762	NewBlock 92, Txs: 0, Rows: 0
2025-03-02 21:43:38.273	NewBlock 93, Txs: 0, Rows: 0
2025-03-02 21:43:43.824	NewBlock 94, Txs: 0, Rows: 0
2025-03-02 21:43:51.646	NewBlock 95, Txs: 0, Rows: 0
2025-03-02 21:43:56.395	NewBlock 96, Txs: 0, Rows: 0
2025-03-02 21:44:02.873	NewBlock 97, Txs: 0, Rows: 0
2025-03-02 21:44:06.006	NewBlock 98, Txs: 0, Rows: 0
2025-03-02 21:44:11.565	NewBlock 99, Txs: 0, Rows: 0
2025-03-02 21:44:23.710	NewBlock 100, Txs: 0, Rows: 0
2025-03-02 21:44:29.473	NewBlock 101, Txs: 0, Rows: 0
2025-03-02 21:46:58.116	NewTx 04559f3b6e904c225c51fce18882d9b605f439edf05f62de4526cf88fb0ee677, block -1, flags 00030004, import 0
2025-03-02 21:46:58.336	NewTx 4d6322c14d649a4060efaf035f53f627692bbcd229903258ab9c52e891336ab5, block -1, flags 00030004, import 0
2025-03-02 21:46:58.879	NewTx daaf032d1b528e122affaca5060f62671a374386ba910b0085ea18eff9cefe6c, block -1, flags 00030004, import 0
2025-03-02 21:46:59.201	NewTx 228c8a15cf285f487004740070782d8a872ea28677d0c0b70973782124dbd2a5, block -1, flags 00030004, import 0
2025-03-02 21:46:59.523	NewTx cb209aecfe1dd5dfffec2ec583af37527a1e96f3e1de506ecac5cb5322ac7421, block -1, flags 00030004, import 0
2025-03-02 21:46:59.844	NewTx ce11c0dd9947b4a24b183626e65e5103dd4f561c2f521003e080961150745c00, block -1, flags 00030004, import 0
2025-03-02 21:47:00.169	NewTx 29fe68ee64d5cd2d8126d9912af7064d136ec5d0b864035e9b65ce95d51f8578, block -1, flags 00030004, import 0
2025-03-02 21:47:00.490	NewTx 52d494189a45c651ee56a6f2cd618d56101fabc1214e0aacf2fa45a088a9d550, block -1, flags 00030004, import 0
2025-03-02 21:47:00.813	NewTx 4c1bb3cbdc6db7ac184b8b399175c9809a617fa949acf12ac5174eb616e59b2d, block -1, flags 00030004, import 0
2025-03-02 21:47:01.136	NewTx 68980252dd5cdc23e448c282843f78a7bf2b8165410a460f2ea69556ee927da6, block -1, flags 00030004, import 0
2025-03-02 21:47:01.458	NewTx 18fd4946c9894a3ce93bfd37d0a152158420e04bbf351e2bd7ef149e156eb4fa, block -1, flags 00030004, import 0
2025-03-02 21:47:01.780	NewTx 71508844e37ff2e43ad8b72e5e64186f725c048b7b8316b743cd81c197420986, block -1, flags 00030004, import 0
2025-03-02 21:47:02.101	NewTx 54a945f4c877e67598ff3f0b6fd91196d9ce847a03ea972b39c6cf0aa6829152, block -1, flags 00030004, import 0
2025-03-02 21:47:02.530	NewTx d721484b5d53dfd6278c18a002cdc49d1b92c4f3367cb131de0a48ac774dc5b3, block -1, flags 00030004, import 0
2025-03-02 21:47:02.851	NewTx 301cd759634cb928bb2e28dc28e1d5e9fcea34cf8d661cce4823e08c7747c5c4, block -1, flags 00030004, import 0
2025-03-02 21:47:03.174	NewTx 265a6f05a41c79dbb1a6bba0268ff0817f0736277e9f7e714c65a19dfc8b3432, block -1, flags 00030004, import 0
2025-03-02 21:47:03.497	NewTx 667620cc488a61b0ea4dac240bbf26ae5fea1ff6379defa0a9b792877b62f424, block -1, flags 00030004, import 0
2025-03-02 21:47:03.819	NewTx daaab9bd0c4fab3661ccaa770e34200661159cff467077bc216fb5a8c5586912, block -1, flags 00030004, import 0
2025-03-02 21:47:04.141	NewTx 47562faa2455ece010e20fcdd6d1727d76df08607c89f3ba26c430cd4f5002b8, block -1, flags 00030004, import 0
2025-03-02 21:47:04.471	NewTx c28074957cdeb7c9c202c5e837ab9643dfa284c19ea3d742d9f9952a1ecfe37e, block -1, flags 00030004, import 0
2025-03-02 21:47:04.793	NewTx 60532e2538588f87dff14188612f4da34131a911927728da8b05d733877a8e53, block -1, flags 00030004, import 0
2025-03-02 21:47:05.115	NewTx b99970d29662e808997d48abc94829b2deec27329fff6fa49cd8612ff734deda, block -1, flags 00030004, import 0
2025-03-02 21:47:05.437	NewTx 52d99b0b02fbc18552a16cdf0e127be5749b61d679c36cfe1114ef434bba5dc2, block -1, flags 00030004, import 0
2025-03-02 21:47:05.759	NewTx 40382f75333699c1655fede09fbb9dd4197cea2f152a492a72922ee62223d377, block -1, flags 00030004, import 0
2025-03-02 21:47:05.881	NewTx fc8c9aded17c77adfdd762125da4809ab8f35204eda8c140a49ec59e6da2b7ae, block -1, flags 00030004, import 0
2025-03-02 21:47:05.998	NewTx 94a32ccf0d31e797d46affd24b52955c56c246d087f1b971c281a829b3d1300e, block -1, flags 00030004, import 0
2025-03-02 21:47:06.111	NewTx 3b17ca73fe8e93cace46f8b4da7cdb5d9a1a1ee76927146ad1b1309f034d49c4, block -1, flags 00030004, import 0
2025-03-02 21:47:06.206	NewTx 43a1dbe748bbcf73814f67402b1192137e925a0f5043dc5268f73792364621bb, block -1, flags 00030004, import 0
2025-03-02 21:47:06.340	NewTx 02d5b83fbac97bec303edb92ada50fb7f3fc4282f302de7e5b5a5c39203e59be, block -1, flags 00030004, import 0
2025-03-02 21:47:06.453	NewTx 123279582aa00c55f2a9a40f696c7d563b728395ee26454d3a37796f63a1e66a, block -1, flags 00030004, import 0
2025-03-02 21:47:06.538	NewTx a244268a2fc07684e56cb33fe0b3e45f13a72609843def53534343f1f129943f, block -1, flags 00030004, import 0
2025-03-02 21:47:06.870	NewTx 9d19f8d73ea7d3046b45e864cb0f78db59034c658e2a0451cf3ed440099b9b64, block -1, flags 00030004, import 0
2025-03-02 21:47:07.202	NewTx b80ddd74261247359efcedd8366fe55343e1c7f857146d01017eeddcf41c4abe, block -1, flags 00030004, import 0
2025-03-02 21:47:07.539	NewTx 4d25bae95b8d5cae6771d7b8ebfb1632e9e8285f026b966168e6142b811f7cc8, block -1, flags 00030004, import 0
2025-03-02 21:47:07.872	NewTx 023e8bbd85340a91a88571ca5a20e82d024b3ea9d2ed4e90b0294b26f197b1dd, block -1, flags 00030004, import 0
2025-03-02 21:47:08.205	NewTx ecab99cb2e92fc3aa7d789295077bf3fc405a8b286567a7d3bd9704a0f7d7906, block -1, flags 00030004, import 0
2025-03-02 21:47:08.530	NewTx 9a5567d6def68585d767aa91ddec8adcd97a9cebf0228bd1834c1746dcff73b5, block -1, flags 00030004, import 0
2025-03-02 21:47:08.852	NewTx e7edb478e7382e4a5b4c920141e8f5dc4a6b7f65f21911eb8be53829b35cb3dd, block -1, flags 00030004, import 0
2025-03-02 21:47:09.179	NewTx dc2f8a4009c5fa21e20dc941ef71e8b9d9120baf04448fce6ec35b1bbd2e4d38, block -1, flags 00030004, import 0
2025-03-02 21:47:09.502	NewTx 61a022e1407daaf997c63a47d617f1a715dde3e2ca222cf8cc99b8287eaa0f2c, block -1, flags 00030004, import 0
2025-03-02 21:47:09.932	NewTx 143354b932ca753527ef6150b447c0f6c23e2cdc325b55c0840309d551b729c0, block -1, flags 00030004, import 0
2025-03-02 21:47:10.255	NewTx cb205ce74cadc79542bac4efdfa54ccb5da284479a82ff26b6c629d376b1efad, block -1, flags 00030004, import 0
2025-03-02 21:47:10.577	NewTx 4f01661d540bd4c76091b82ef50945a91e9bfeda39763dc31ead090e56f736e3, block -1, flags 00030004, import 0
2025-03-02 21:47:10.900	NewTx f8bbcc8a3417f0b8c1ab4362b80ef9e1712bc721682acfdc71dbf42cb3c550d6, block -1, flags 00030004, import 0
2025-03-02 21:47:11.223	NewTx 8b89a9c7b6d47ab542f4aa5c02efea9c80bee8d24c4c3d397c16704b08b836af, block -1, flags 00030004, import 0
2025-03-02 21:47:11.547	NewTx 90d963807fac6d663778bd5030fb40a4b48965b901769be455664291d26d59ef, block -1, flags 00030004, import 0
2025-03-02 21:47:11.880	NewTx 892e5b771bc215a4d52e93e8fdcbcfed42b4372eb537633350fda1ecd33f5c90, block -1, flags 00030004, import 0
2025-03-02 21:47:12.208	NewTx c3bacbfc81ea3946339cf7240133fe94885b9b7442857d0347da9b526bc03b25, block -1, flags 00030004, import 0
2025-03-02 21:47:12.539	NewTx 403d99a3a48c1d175babdb302859a18d5952eb801b55bb28c1fa83149dbd4b47, block -1, flags 00030004, import 0
2025-03-02 21:47:12.868	NewTx f8bf6ea6aebc5a30369199ad9f0340a07c0878edf2c43fa651543b1e8952fd6e, block -1, flags 00030004, import 0
2025-03-02 21:47:13.198	NewTx b200ab1b99506d5c1b6c15f1cadc23a1dd464d6bc6a135b8983782b98257ebec, block -1, flags 00030004, import 0
2025-03-02 21:47:19.039	UpdateTx 04559f3b6e, block 102, flags 00030004, import 0
2025-03-02 21:47:19.039	UpdateTx 4d6322c14d, block 102, flags 00030004, import 0
2025-03-02 21:47:19.039	UpdateTx daaf032d1b, block 102, flags 00030004, import 0
2025-03-02 21:47:19.039	UpdateTx 228c8a15cf, block 102, flags 00030004, import 0
2025-03-02 21:47:19.039	UpdateTx cb209aecfe, block 102, flags 00030004, import 0
2025-03-02 21:47:19.039	UpdateTx ce11c0dd99, block 102, flags 00030004, import 0
2025-03-02 21:47:19.039	UpdateTx 29fe68ee64, block 102, flags 00030004, import 0
2025-03-02 21:47:19.039	UpdateTx 52d494189a, block 102, flags 00030004, import 0
2025-03-02 21:47:19.039	UpdateTx 4c1bb3cbdc, block 102, flags 00030004, import 0
2025-03-02 21:47:19.039	UpdateTx 68980252dd, block 102, flags 00030004, import 0
2025-03-02 21:47:19.039	UpdateTx 18fd4946c9, block 102, flags 00030004, import 0
2025-03-02 21:47:19.039	UpdateTx 71508844e3, block 102, flags 00030004, import 0
2025-03-02 21:47:19.039	UpdateTx 54a945f4c8, block 102, flags 00030004, import 0
2025-03-02 21:47:19.039	UpdateTx d721484b5d, block 102, flags 00030004, import 0
2025-03-02 21:47:19.039	UpdateTx 301cd75963, block 102, flags 00030004, import 0
2025-03-02 21:47:19.040	UpdateTx 265a6f05a4, block 102, flags 00030004, import 0
2025-03-02 21:47:19.040	UpdateTx 667620cc48, block 102, flags 00030004, import 0
2025-03-02 21:47:19.040	UpdateTx daaab9bd0c, block 102, flags 00030004, import 0
2025-03-02 21:47:19.040	UpdateTx 47562faa24, block 102, flags 00030004, import 0
2025-03-02 21:47:19.040	UpdateTx c28074957c, block 102, flags 00030004, import 0
2025-03-02 21:47:19.040	UpdateTx 60532e2538, block 102, flags 00030004, import 0
2025-03-02 21:47:19.040	UpdateTx b99970d296, block 102, flags 00030004, import 0
2025-03-02 21:47:19.040	UpdateTx 52d99b0b02, block 102, flags 00030004, import 0
2025-03-02 21:47:19.040	UpdateTx 40382f7533, block 102, flags 00030004, import 0
2025-03-02 21:47:19.040	UpdateTx fc8c9aded1, block 102, flags 00030004, import 0
2025-03-02 21:47:19.040	UpdateTx 94a32ccf0d, block 102, flags 00030004, import 0
2025-03-02 21:47:19.040	UpdateTx 3b17ca73fe, block 102, flags 00030004, import 0
2025-03-02 21:47:19.040	UpdateTx 43a1dbe748, block 102, flags 00030004, import 0
2025-03-02 21:47:19.040	UpdateTx 02d5b83fba, block 102, flags 00030004, import 0
2025-03-02 21:47:19.040	UpdateTx 123279582a, block 102, flags 00030004, import 0
2025-03-02 21:47:19.040	UpdateTx a244268a2f, block 102, flags 00030004, import 0
2025-03-02 21:47:19.040	UpdateTx 9d19f8d73e, block 102, flags 00030004, import 0
2025-03-02 21:47:19.040	UpdateTx b80ddd7426, block 102, flags 00030004, import 0
2025-03-02 21:47:19.040	UpdateTx 4d25bae95b, block 102, flags 00030004, import 0
2025-03-02 21:47:19.040	UpdateTx 023e8bbd85, block 102, flags 00030004, import 0
2025-03-02 21:47:19.040	UpdateTx ecab99cb2e, block 102, flags 00030004, import 0
2025-03-02 21:47:19.041	UpdateTx 9a5567d6de, block 102, flags 00030004, import 0
2025-03-02 21:47:19.041	UpdateTx e7edb478e7, block 102, flags 00030004, import 0
2025-03-02 21:47:19.041	UpdateTx dc2f8a4009, block 102, flags 00030004, import 0
2025-03-02 21:47:19.041	UpdateTx 61a022e140, block 102, flags 00030004, import 0
2025-03-02 21:47:19.041	UpdateTx 143354b932, block 102, flags 00030004, import 0
2025-03-02 21:47:19.041	UpdateTx cb205ce74c, block 102, flags 00030004, import 0
2025-03-02 21:47:19.041	UpdateTx 4f01661d54, block 102, flags 00030004, import 0
2025-03-02 21:47:19.041	UpdateTx f8bbcc8a34, block 102, flags 00030004, import 0
2025-03-02 21:47:19.041	UpdateTx 8b89a9c7b6, block 102, flags 00030004, import 0
2025-03-02 21:47:19.041	UpdateTx 90d963807f, block 102, flags 00030004, import 0
2025-03-02 21:47:19.042	UpdateTx 892e5b771b, block 102, flags 00030004, import 0
2025-03-02 21:47:19.042	UpdateTx c3bacbfc81, block 102, flags 00030004, import 0
2025-03-02 21:47:19.043	UpdateTx 403d99a3a4, block 102, flags 00030004, import 0
2025-03-02 21:47:19.043	UpdateTx f8bf6ea6ae, block 102, flags 00030004, import 0
2025-03-02 21:47:19.043	UpdateTx b200ab1b99, block 102, flags 00030004, import 0
2025-03-02 21:47:19.054	NewBlock 102, Txs: 53, Rows: 684
2025-03-02 21:47:28.642	NewBlock 103, Txs: 0, Rows: 0
2025-03-02 21:47:29.666	NewTx 7b15594a84bb785987940f06ce05bd1581ed5351b86d3f1454637204fb4334df, block -1, flags 00030004, import 0
2025-03-02 21:47:29.886	NewTx 1f2bf9f28dc38c5d3b003948472664266aeb85f08f37410b4788457a65efb50a, block -1, flags 00030004, import 0
2025-03-02 21:47:30.430	NewTx a8e67301901a0f036b698cea584cd4c1e5f95c319387f8a9c2da43d8fde9a180, block -1, flags 00030004, import 0
2025-03-02 21:47:30.753	NewTx bc739939210fdaff8172ede88e5b55edbe37b1adc3e5a0f7abcd9d0844a7a830, block -1, flags 00030004, import 0
2025-03-02 21:47:31.076	NewTx 1f3c17690e3ee03f0ec5d2f4005f675c6b65661b3eada202f1ea419c6c9813c2, block -1, flags 00030004, import 0
2025-03-02 21:47:31.403	NewTx 1198f8884fcad8a57f1fc6379e9b7867da9f1c5a1d409a49bf801eee06b0ebac, block -1, flags 00030004, import 0
2025-03-02 21:47:31.736	NewTx 446850ceab1fa761ef134e637a0afaf9f14eb884e88dbec9595e5200174e2514, block -1, flags 00030004, import 0
2025-03-02 21:47:32.002	UpdateTx 7b15594a84, block 104, flags 00030004, import 0
2025-03-02 21:47:32.002	UpdateTx 1f2bf9f28d, block 104, flags 00030004, import 0
2025-03-02 21:47:32.002	UpdateTx a8e6730190, block 104, flags 00030004, import 0
2025-03-02 21:47:32.002	UpdateTx bc73993921, block 104, flags 00030004, import 0
2025-03-02 21:47:32.002	UpdateTx 1f3c17690e, block 104, flags 00030004, import 0
2025-03-02 21:47:32.002	UpdateTx 1198f8884f, block 104, flags 00030004, import 0
2025-03-02 21:47:32.002	UpdateTx 446850ceab, block 104, flags 00030004, import 0
2025-03-02 21:47:32.010	NewBlock 104, Txs: 9, Rows: 106
2025-03-02 21:47:32.067	NewTx 973f9ee345cb79b0fd20d3724f6a18009156b87646105975332ac9b4eed5e525, block -1, flags 00030004, import 0
2025-03-02 21:47:32.403	NewTx 43e0c991363a017014a26db1359c23d39d70c3bcaf37eee7adf26affc40db873, block -1, flags 00030004, import 0
2025-03-02 21:47:32.735	NewTx 271cb0c42644533c5a80a77eb8e6bd70414ac8cfe051bd2e6a5d5c7091b31894, block -1, flags 00030004, import 0
2025-03-02 21:47:33.065	NewTx a52b0459a5afac1d52e0662953be241eb6912e4d0c4d9ed7883a2ae1c56706cd, block -1, flags 00030004, import 0
2025-03-02 21:47:33.391	NewTx 50061f6d5a6baeccac72681b753c711c6e9420368f046ca9ea44d59f176520a8, block -1, flags 00030004, import 0
2025-03-02 21:47:33.712	NewTx 170a27a0daaf48699624ccc504c54fe3b938feb4b0f085995bce888450cf2978, block -1, flags 00030004, import 0
2025-03-02 21:47:34.142	NewTx 454126d53b1bd7e956662b43d34d14aa8a064f8828e4036a6c8ae46a0ac59e64, block -1, flags 00030004, import 0
2025-03-02 21:47:34.469	NewTx dc713eeff63034992563112fb22e53fc9c921fa8dfb0f37a7eaa062ee451e34a, block -1, flags 00030004, import 0
2025-03-02 21:47:34.795	NewTx 26f6c99981dfbafdd10ac81e0a4333e79f49958a347fa8fbb0b07883874892bc, block -1, flags 00030004, import 0
2025-03-02 21:47:35.123	NewTx 735442866b92cfba1449635c66f4f06ac9cbb2c1fbb4126c86216bc302c5b1ca, block -1, flags 00030004, import 0
2025-03-02 21:47:35.454	NewTx fadb6c7d0ace3dc532470411f93b951a62c4d287cd285922ac7fb8789e5ee691, block -1, flags 00030004, import 0
2025-03-02 21:47:35.780	NewTx 0ee6727677df0e2cb4f6cb95d490a7de2b98d9553795080dda614731e190a69e, block -1, flags 00030004, import 0
2025-03-02 21:47:36.103	NewTx b4f3fdf9a1a9116d9a738cedccd651d153b696e8b19273845cc0b22756a1dd25, block -1, flags 00030004, import 0
2025-03-02 21:47:36.434	NewTx 59f2ef047c1653a7cbb6a8b4c4d3bc5f2f74b73b93f7502baba8c09dff97ad39, block -1, flags 00030004, import 0
2025-03-02 21:47:36.621	UpdateTx 973f9ee345, block 105, flags 00030004, import 0
2025-03-02 21:47:36.621	UpdateTx 43e0c99136, block 105, flags 00030004, import 0
2025-03-02 21:47:36.621	UpdateTx 271cb0c426, block 105, flags 00030004, import 0
2025-03-02 21:47:36.621	UpdateTx a52b0459a5, block 105, flags 00030004, import 0
2025-03-02 21:47:36.621	UpdateTx 50061f6d5a, block 105, flags 00030004, import 0
2025-03-02 21:47:36.621	UpdateTx 170a27a0da, block 105, flags 00030004, import 0
2025-03-02 21:47:36.621	UpdateTx 454126d53b, block 105, flags 00030004, import 0
2025-03-02 21:47:36.621	UpdateTx dc713eeff6, block 105, flags 00030004, import 0
2025-03-02 21:47:36.621	UpdateTx 26f6c99981, block 105, flags 00030004, import 0
2025-03-02 21:47:36.621	UpdateTx 735442866b, block 105, flags 00030004, import 0
2025-03-02 21:47:36.621	UpdateTx fadb6c7d0a, block 105, flags 00030004, import 0
2025-03-02 21:47:36.630	NewBlock 105, Txs: 18, Rows: 184
2025-03-02 21:47:36.634	UpdateTx 0ee6727677, block -1, flags 00030004, import 0
2025-03-02 21:47:36.634	UpdateTx b4f3fdf9a1, block -1, flags 00030004, import 0
2025-03-02 21:47:36.634	UpdateTx 59f2ef047c, block -1, flags 00030004, import 0
2025-03-02 21:47:36.767	NewTx e71aca34e755ab79f9a7b02867e47662012b83adb9515749fdf4419ac7aa0033, block -1, flags 00030004, import 0
2025-03-02 21:47:37.112	NewTx e25c0786966d0ff294ed657e2201f54b13d6d0f66edbe3a3a32b9a5dacd35824, block -1, flags 00030004, import 0
2025-03-02 21:47:37.438	NewTx 98120d9a1fb217d8ddddde9fae333e46b86c624df2c531c8bee63ccdb04f90aa, block -1, flags 00030004, import 0
2025-03-02 21:47:37.558	NewTx f6ca7f698e394ddf59a6e16df46b06e462be9284bc1a465ffb22e35d11ec6a49, block -1, flags 00030004, import 0
2025-03-02 21:47:37.683	NewTx 9b04f819f17600ff66b2c682d0e4d7baa8dd907a160076a060768c2407decb67, block -1, flags 00030004, import 0
2025-03-02 21:47:37.809	NewTx 1cb556974bb25feda00ae6082dea2badc4ced6958f44f81bad2e9099f65a7fe1, block -1, flags 00030004, import 0
2025-03-02 21:47:37.897	NewTx fba4f1e3c0a5a00231d2f251699b73c2f891a2dfc9b366b2c63b7ec9b2a81414, block -1, flags 00030004, import 0
2025-03-02 21:47:38.034	NewTx c9b38a15fe98cc25ec3ee10a3241c6b0cda997b58977fcf4e19bc651abcff03f, block -1, flags 00030004, import 0
2025-03-02 21:47:38.142	NewTx 688f85fe798bd657c3d80e1ffff6f75d34918f92cf2de3f71a15aa2df1371361, block -1, flags 00030004, import 0
2025-03-02 21:47:38.221	NewTx a55d89a0d4568e893cf47b880cb4eb7bdf2544487e0bbded8fa5808ee93aaf5d, block -1, flags 00030004, import 0
2025-03-02 21:47:38.252	NewTx 4920a45119e55e693dedb1e45f107762d97d381914fc7d49fcea22d4c8acec37, block -1, flags 00030004, import 0
2025-03-02 21:47:38.555	NewTx 8b34272a8ff2ca2f8951770d60e82313dca720107183508407929dc95fcd6a64, block -1, flags 00030004, import 0
2025-03-02 21:47:38.881	NewTx fe30bdd6eb2c782f838bc049abb2c3c2feb47d3caad86145fadd745886fea8af, block -1, flags 00030004, import 0
2025-03-02 21:47:39.213	NewTx b6fce514b62735c137cb63187ab18c4ec7306ac799fb70a929de6581fe89ec89, block -1, flags 00030004, import 0
2025-03-02 21:47:39.547	NewTx 48c0859dd1bf1f9c4eb0332500c93c5e5a13a0258075605b4a37629784c8697a, block -1, flags 00030004, import 0
2025-03-02 21:47:39.895	NewTx 3fabdf2b750c381d5b36fd65b0db03a0c8a4e5342628a5d3c4bbf29cc4cde28a, block -1, flags 00030004, import 0
2025-03-02 21:47:40.221	NewTx 44f407d69d2d4b91fce61fe041ea86dcc28ffaa5865198466afa47874498ab4d, block -1, flags 00030004, import 0
2025-03-02 21:47:40.545	NewTx 45d75a39a64a2ef871c9f3f4e40c2f256d522f5f70148f22fa3dc366f89e70f6, block -1, flags 00030004, import 0
2025-03-02 21:47:40.869	NewTx 2d8ffb906b8ba5f3e70167aa2565d19f5e061a6af949dc782cbdf3e6f5d53832, block -1, flags 00030004, import 0
2025-03-02 21:47:41.199	NewTx fb46db64ffc4a833c1b584843a6dfd1c8d200c800fd8e185d531b6cf1acbcd85, block -1, flags 00030004, import 0
2025-03-02 21:47:41.632	NewTx 9a6823c8f096656cffc3f8595a6a3804874c17bb90eced177c449fc3f4646709, block -1, flags 00030004, import 0
2025-03-02 21:47:41.951	UpdateTx 0ee6727677, block 106, flags 00030004, import 0
2025-03-02 21:47:41.951	UpdateTx b4f3fdf9a1, block 106, flags 00030004, import 0
2025-03-02 21:47:41.951	UpdateTx 59f2ef047c, block 106, flags 00030004, import 0
2025-03-02 21:47:41.951	UpdateTx e71aca34e7, block 106, flags 00030004, import 0
2025-03-02 21:47:41.951	UpdateTx e25c078696, block 106, flags 00030004, import 0
2025-03-02 21:47:41.951	UpdateTx 98120d9a1f, block 106, flags 00030004, import 0
2025-03-02 21:47:41.951	UpdateTx f6ca7f698e, block 106, flags 00030004, import 0
2025-03-02 21:47:41.951	UpdateTx 9b04f819f1, block 106, flags 00030004, import 0
2025-03-02 21:47:41.952	UpdateTx 1cb556974b, block 106, flags 00030004, import 0
2025-03-02 21:47:41.952	UpdateTx fba4f1e3c0, block 106, flags 00030004, import 0
2025-03-02 21:47:41.952	UpdateTx c9b38a15fe, block 106, flags 00030004, import 0
2025-03-02 21:47:41.952	UpdateTx 688f85fe79, block 106, flags 00030004, import 0
2025-03-02 21:47:41.952	UpdateTx a55d89a0d4, block 106, flags 00030004, import 0
2025-03-02 21:47:41.952	UpdateTx 4920a45119, block 106, flags 00030004, import 0
2025-03-02 21:47:41.952	UpdateTx 8b34272a8f, block 106, flags 00030004, import 0
2025-03-02 21:47:41.952	UpdateTx fe30bdd6eb, block 106, flags 00030004, import 0
2025-03-02 21:47:41.952	UpdateTx b6fce514b6, block 106, flags 00030004, import 0
2025-03-02 21:47:41.952	UpdateTx 48c0859dd1, block 106, flags 00030004, import 0
2025-03-02 21:47:41.952	UpdateTx 3fabdf2b75, block 106, flags 00030004, import 0
2025-03-02 21:47:41.952	UpdateTx 44f407d69d, block 106, flags 00030004, import 0
2025-03-02 21:47:41.952	UpdateTx 45d75a39a6, block 106, flags 00030004, import 0
2025-03-02 21:47:41.952	UpdateTx 2d8ffb906b, block 106, flags 00030004, import 0
2025-03-02 21:47:41.952	UpdateTx fb46db64ff, block 106, flags 00030004, import 0
2025-03-02 21:47:41.952	UpdateTx 9a6823c8f0, block 106, flags 00030004, import 0
2025-03-02 21:47:41.959	NewBlock 106, Txs: 24, Rows: 328
2025-03-02 21:47:41.963	NewTx 5438101e6afd96d8bd3effc323b3f9258f3c10830ecb89c99436f261bdd5df64, block -1, flags 00030004, import 0
2025-03-02 21:47:42.287	NewTx 92096ec97886d864dae1c430201f5d53d37065e0717cb3eae7fa3ab13d452685, block -1, flags 00030004, import 0
2025-03-02 21:47:42.617	NewTx 376e1255ef9c4ab8cf030f774264b7381b8931c9c52c378f3ef8649ebdcb62fc, block -1, flags 00030004, import 0
2025-03-02 21:47:42.949	NewTx f824dbb3d7aae4ac7b236b10d6dc474ac9dd61ab943a995fb6619f1eac01ee54, block -1, flags 00030004, import 0
2025-03-02 21:47:43.288	NewTx 199039c623c5c0a04184d25c5fff60c062fabed2e2dff39de747428c367fd1c0, block -1, flags 00030004, import 0
2025-03-02 21:47:43.622	NewTx cfbfb562efd26f6a84018d0c8d2ab8743a0d9c5817fe22a0037f1e451df66d86, block -1, flags 00030004, import 0
2025-03-02 21:47:43.966	NewTx bcc25f82a62ea859df620b879a8ddce55813059aad5dc7faabfd23fafc62e301, block -1, flags 00030004, import 0
2025-03-02 21:47:44.301	NewTx b3fd4237bf83fd4acae592529c53e10f2cbdb730df9e02e68197985fe5d81bc3, block -1, flags 00030004, import 0
2025-03-02 21:47:44.631	NewTx aeeb593085c362870425f8577167264848b30377fc990de7886cd83af04f3ce9, block -1, flags 00030004, import 0
2025-03-02 21:47:44.965	NewTx 6277805bf4778b8ec9fd6c48f7f1b83a148852f18c52b89d820057ebaefb8938, block -1, flags 00030004, import 0
2025-03-02 21:47:55.699	UpdateTx 5438101e6a, block 107, flags 00030004, import 0
2025-03-02 21:47:55.699	UpdateTx 92096ec978, block 107, flags 00030004, import 0
2025-03-02 21:47:55.699	UpdateTx 376e1255ef, block 107, flags 00030004, import 0
2025-03-02 21:47:55.699	UpdateTx f824dbb3d7, block 107, flags 00030004, import 0
2025-03-02 21:47:55.699	UpdateTx 199039c623, block 107, flags 00030004, import 0
2025-03-02 21:47:55.699	UpdateTx cfbfb562ef, block 107, flags 00030004, import 0
2025-03-02 21:47:55.699	UpdateTx bcc25f82a6, block 107, flags 00030004, import 0
2025-03-02 21:47:55.699	UpdateTx b3fd4237bf, block 107, flags 00030004, import 0
2025-03-02 21:47:55.699	UpdateTx aeeb593085, block 107, flags 00030004, import 0
2025-03-02 21:47:55.699	UpdateTx 6277805bf4, block 107, flags 00030004, import 0
2025-03-02 21:47:55.707	NewBlock 107, Txs: 10, Rows: 142
2025-03-02 21:48:01.808	NewBlock 108, Txs: 0, Rows: 0
2025-03-02 21:48:07.967	NewBlock 109, Txs: 0, Rows: 0
2025-03-02 21:48:12.222	NewBlock 110, Txs: 0, Rows: 0
2025-03-02 21:48:34.607	NewBlock 111, Txs: 0, Rows: 0
2025-03-02 21:48:57.977	NewBlock 112, Txs: 0, Rows: 0
2025-03-02 21:49:20.033	NewBlock 113, Txs: 0, Rows: 0
2025-03-02 21:49:42.092	NewBlock 114, Txs: 0, Rows: 0
2025-03-02 21:49:52.039	NewBlock 115, Txs: 0, Rows: 0
2025-03-02 21:50:09.679	NewBlock 116, Txs: 0, Rows: 0
2025-03-02 21:50:18.441	NewBlock 117, Txs: 0, Rows: 0
