2025-03-08 01:39:28.347	Initialized. Chunks: 0
2025-03-08 01:39:28.427	Entity (00000105, 0000000026aeb46460b60cdd54070e6283ccda0a) added successfully
2025-03-08 01:39:28.447	NewBlock 0, Chunks: 0,
2025-03-08 01:39:29.197	NewBlock 1, Chunks: 0,
2025-03-08 01:39:29.227	NewBlock 2, Chunks: 0,
2025-03-08 01:39:29.257	NewBlock 3, Chunks: 0,
2025-03-08 01:39:29.289	NewBlock 4, Chunks: 0,
2025-03-08 01:39:29.324	NewBlock 5, Chunks: 0,
2025-03-08 01:39:29.353	NewBlock 6, Chunks: 0,
2025-03-08 01:39:29.388	NewBlock 7, Chunks: 0,
2025-03-08 01:39:29.419	NewBlock 8, Chunks: 0,
2025-03-08 01:39:29.452	NewBlock 9, Chunks: 0,
2025-03-08 01:39:38.004	NewBlock 10, Chunks: 0,
2025-03-08 01:39:55.771	NewBlock 11, Chunks: 0,
2025-03-08 01:40:24.359	NewBlock 12, Chunks: 0,
2025-03-08 01:40:38.720	NewBlock 13, Chunks: 0,
2025-03-08 01:40:53.183	NewBlock 14, Chunks: 0,
2025-03-08 01:41:08.844	NewBlock 15, Chunks: 0,
2025-03-08 01:41:09.783	NewBlock 16, Chunks: 0,
2025-03-08 01:41:24.137	NewBlock 17, Chunks: 0,
2025-03-08 01:41:45.103	NewBlock 18, Chunks: 0,
2025-03-08 01:41:56.559	NewBlock 19, Chunks: 0,
2025-03-08 01:42:13.227	NewBlock 20, Chunks: 0,
2025-03-08 01:42:31.854	NewBlock 21, Chunks: 0,
2025-03-08 01:42:44.010	NewBlock 22, Chunks: 0,
2025-03-08 01:43:04.959	NewBlock 23, Chunks: 0,
2025-03-08 01:43:15.879	NewBlock 24, Chunks: 0,
2025-03-08 01:43:30.317	NewBlock 25, Chunks: 0,
2025-03-08 01:43:44.564	NewBlock 26, Chunks: 0,
2025-03-08 01:44:05.544	NewBlock 27, Chunks: 0,
2025-03-08 01:44:11.104	NewBlock 28, Chunks: 0,
2025-03-08 01:44:29.822	NewBlock 29, Chunks: 0,
2025-03-08 01:44:45.270	NewBlock 30, Chunks: 0,
2025-03-08 01:45:05.130	NewBlock 31, Chunks: 0,
2025-03-08 01:45:15.077	NewBlock 32, Chunks: 0,
2025-03-08 01:45:32.878	NewBlock 33, Chunks: 0,
2025-03-08 01:45:44.140	NewBlock 34, Chunks: 0,
2025-03-08 01:45:59.139	NewBlock 35, Chunks: 0,
2025-03-08 01:46:12.397	NewBlock 36, Chunks: 0,
2025-03-08 01:46:30.363	NewBlock 37, Chunks: 0,
2025-03-08 01:46:42.521	NewBlock 38, Chunks: 0,
2025-03-08 01:47:00.879	NewBlock 39, Chunks: 0,
2025-03-08 01:47:14.128	NewBlock 40, Chunks: 0,
2025-03-08 01:47:27.373	NewBlock 41, Chunks: 0,
2025-03-08 01:47:49.419	NewBlock 42, Chunks: 0,
2025-03-08 01:47:58.481	NewBlock 43, Chunks: 0,
2025-03-08 01:48:13.678	NewBlock 44, Chunks: 0,
2025-03-08 01:48:27.162	NewBlock 45, Chunks: 0,
2025-03-08 01:48:43.115	NewBlock 46, Chunks: 0,
2025-03-08 01:48:56.276	NewBlock 47, Chunks: 0,
2025-03-08 01:49:13.940	NewBlock 48, Chunks: 0,
2025-03-08 01:49:28.291	NewBlock 49, Chunks: 0,
2025-03-08 01:49:40.946	NewBlock 50, Chunks: 0,
2025-03-08 01:50:00.906	NewBlock 51, Chunks: 0,
2025-03-08 01:50:11.154	NewBlock 52, Chunks: 0,
2025-03-08 01:50:34.330	NewBlock 53, Chunks: 0,
2025-03-08 01:50:42.084	NewBlock 54, Chunks: 0,
2025-03-08 01:50:57.563	NewBlock 55, Chunks: 0,
2025-03-08 01:51:10.887	NewBlock 56, Chunks: 0,
2025-03-08 01:51:25.061	NewBlock 57, Chunks: 0,
2025-03-08 01:51:49.455	NewBlock 58, Chunks: 0,
2025-03-08 01:51:56.147	NewBlock 59, Chunks: 0,
2025-03-08 03:05:04.049	NewBlock 60, Chunks: 0,
2025-03-08 03:05:13.500	NewBlock 61, Chunks: 0,
2025-03-08 03:05:17.938	NewBlock 62, Chunks: 0,
2025-03-08 03:05:26.980	NewBlock 63, Chunks: 0,
2025-03-08 03:05:32.328	NewBlock 64, Chunks: 0,
2025-03-08 03:05:39.087	NewBlock 65, Chunks: 0,
2025-03-08 03:05:47.001	NewBlock 66, Chunks: 0,
2025-03-08 03:05:51.349	NewBlock 67, Chunks: 0,
2025-03-08 03:05:57.001	NewBlock 68, Chunks: 0,
2025-03-08 03:06:02.152	NewBlock 69, Chunks: 0,
2025-03-08 03:06:09.294	NewBlock 70, Chunks: 0,
2025-03-08 03:07:54.024	NewBlock 71, Chunks: 0,
2025-03-08 03:08:02.279	NewBlock 72, Chunks: 0,
2025-03-08 03:08:09.024	NewBlock 73, Chunks: 0,
2025-03-08 03:08:16.715	NewBlock 74, Chunks: 0,
2025-03-08 03:08:26.699	NewBlock 75, Chunks: 0,
2025-03-08 03:08:34.254	NewBlock 76, Chunks: 0,
2025-03-08 03:08:42.151	NewBlock 77, Chunks: 0,
2025-03-08 03:08:59.800	NewBlock 78, Chunks: 0,
2025-03-08 03:09:10.650	NewBlock 79, Chunks: 0,
2025-03-08 03:09:34.042	NewBlock 80, Chunks: 0,
2025-03-08 03:09:50.468	NewBlock 81, Chunks: 0,
2025-03-08 03:11:00.945	NewBlock 82, Chunks: 0,
2025-03-08 03:11:18.366	NewBlock 83, Chunks: 0,
2025-03-08 03:11:27.405	NewBlock 84, Chunks: 0,
2025-03-08 03:11:31.860	NewBlock 85, Chunks: 0,
2025-03-08 03:11:38.520	NewBlock 86, Chunks: 0,
2025-03-08 03:11:42.978	NewBlock 87, Chunks: 0,
2025-03-08 03:11:52.927	NewBlock 88, Chunks: 0,
2025-03-08 03:12:14.984	NewBlock 89, Chunks: 0,
2025-03-08 03:12:37.758	NewBlock 90, Chunks: 0,
2025-03-08 03:12:54.331	NewBlock 91, Chunks: 0,
2025-03-08 03:13:04.086	NewBlock 92, Chunks: 0,
2025-03-08 03:13:23.971	NewBlock 93, Chunks: 0,
2025-03-08 03:13:40.536	NewBlock 94, Chunks: 0,
2025-03-08 03:13:51.493	NewBlock 95, Chunks: 0,
2025-03-08 03:14:13.676	NewBlock 96, Chunks: 0,
2025-03-08 03:14:19.410	NewBlock 97, Chunks: 0,
2025-03-08 03:14:42.390	NewBlock 98, Chunks: 0,
2025-03-08 03:14:54.709	NewBlock 99, Chunks: 0,
2025-03-08 03:15:07.778	NewBlock 100, Chunks: 0,
2025-03-08 03:15:29.969	NewBlock 101, Chunks: 0,
2025-03-08 03:15:41.038	NewBlock 102, Chunks: 0,
2025-03-08 03:15:51.058	NewBlock 103, Chunks: 0,
2025-03-08 03:16:10.663	NewBlock 104, Chunks: 0,
2025-03-08 03:16:22.870	NewBlock 105, Chunks: 0,
2025-03-08 03:16:35.145	NewBlock 106, Chunks: 0,
2025-03-08 03:16:55.992	NewBlock 107, Chunks: 0,
2025-03-08 03:17:08.058	NewBlock 108, Chunks: 0,
2025-03-08 03:17:17.014	NewBlock 109, Chunks: 0,
2025-03-08 03:17:40.584	NewBlock 110, Chunks: 0,
2025-03-08 03:17:52.143	NewBlock 111, Chunks: 0,
2025-03-08 03:18:17.423	NewBlock 112, Chunks: 0,
2025-03-08 03:18:22.174	NewBlock 113, Chunks: 0,
2025-03-08 03:18:35.827	NewBlock 114, Chunks: 0,
2025-03-08 03:18:55.500	NewBlock 115, Chunks: 0,
2025-03-08 03:19:15.921	NewBlock 116, Chunks: 0,
2025-03-08 03:19:21.481	NewBlock 117, Chunks: 0,
2025-03-08 03:19:44.648	NewBlock 118, Chunks: 0,
2025-03-08 03:20:01.205	NewBlock 119, Chunks: 0,
2025-03-08 03:20:11.559	NewBlock 120, Chunks: 0,
2025-03-08 03:20:24.365	NewBlock 121, Chunks: 0,
2025-03-08 03:20:42.951	NewBlock 122, Chunks: 0,
2025-03-08 03:20:54.609	NewBlock 123, Chunks: 0,
2025-03-08 03:21:13.709	NewBlock 124, Chunks: 0,
2025-03-08 03:21:23.770	NewBlock 125, Chunks: 0,
2025-03-08 03:21:45.942	NewBlock 126, Chunks: 0,
2025-03-08 03:21:57.915	NewBlock 127, Chunks: 0,
2025-03-08 03:21:58.075	NewBlock 128, Chunks: 0,
2025-03-08 03:22:30.011	NewBlock 129, Chunks: 0,
2025-03-08 03:22:42.143	NewBlock 130, Chunks: 0,
2025-03-08 03:22:54.286	NewBlock 131, Chunks: 0,
2025-03-08 03:23:11.955	NewBlock 132, Chunks: 0,
2025-03-08 03:23:25.228	NewBlock 133, Chunks: 0,
2025-03-08 03:23:39.414	NewBlock 134, Chunks: 0,
2025-03-08 03:23:54.923	NewBlock 135, Chunks: 0,
2025-03-08 03:24:09.185	NewBlock 136, Chunks: 0,
2025-03-08 03:24:24.965	NewBlock 136, Chunks: 0,
2025-03-08 03:24:24.989	NewBlock 137, Chunks: 0,
2025-03-08 03:24:42.362	NewBlock 138, Chunks: 0,
2025-03-08 03:25:00.253	NewBlock 138, Chunks: 0,
2025-03-08 03:25:00.282	NewBlock 139, Chunks: 0,
2025-03-08 03:25:26.654	NewBlock 140, Chunks: 0,
2025-03-08 03:25:35.536	NewBlock 141, Chunks: 0,
2025-03-08 03:25:41.079	NewBlock 142, Chunks: 0,
2025-03-08 03:25:55.348	NewBlock 143, Chunks: 0,
2025-03-08 03:26:10.821	NewBlock 144, Chunks: 0,
2025-03-08 03:26:36.624	NewBlock 145, Chunks: 0,
2025-03-08 03:26:42.927	NewBlock 146, Chunks: 0,
2025-03-08 03:27:01.596	NewBlock 147, Chunks: 0,
2025-03-08 03:27:11.915	NewBlock 148, Chunks: 0,
2025-03-08 03:27:27.404	NewBlock 149, Chunks: 0,
2025-03-08 03:27:43.341	NewBlock 150, Chunks: 0,
2025-03-08 03:39:50.996	NewBlock 151, Chunks: 0,
2025-03-08 03:39:54.065	NewBlock 152, Chunks: 0,
2025-03-08 03:40:03.042	NewBlock 153, Chunks: 0,
2025-03-08 03:40:06.705	NewBlock 154, Chunks: 0,
2025-03-08 03:40:15.110	NewBlock 155, Chunks: 0,
2025-03-08 03:40:18.850	NewBlock 156, Chunks: 0,
2025-03-08 03:40:23.290	NewBlock 157, Chunks: 0,
2025-03-08 03:40:33.771	NewBlock 158, Chunks: 0,
2025-03-08 03:40:42.731	NewBlock 159, Chunks: 0,
2025-03-08 03:40:50.286	NewBlock 160, Chunks: 0,
2025-03-08 03:40:54.726	NewBlock 161, Chunks: 0,
2025-03-08 03:47:44.384	NewBlock 162, Chunks: 0,
2025-03-08 03:47:56.139	NewBlock 163, Chunks: 0,
2025-03-08 03:48:06.207	NewBlock 164, Chunks: 0,
2025-03-08 03:48:16.277	NewBlock 165, Chunks: 0,
2025-03-08 03:48:28.463	NewBlock 166, Chunks: 0,
2025-03-08 03:48:40.522	NewBlock 167, Chunks: 0,
2025-03-08 03:48:46.252	NewBlock 168, Chunks: 0,
2025-03-08 03:48:54.037	NewBlock 169, Chunks: 0,
2025-03-08 03:49:09.201	NewBlock 170, Chunks: 0,
2025-03-08 03:49:13.887	NewBlock 171, Chunks: 0,
2025-03-08 03:49:19.952	NewBlock 172, Chunks: 0,
2025-03-08 03:51:22.489	NewBlock 173, Chunks: 0,
2025-03-08 03:51:28.944	NewBlock 174, Chunks: 0,
2025-03-08 03:51:39.003	NewBlock 175, Chunks: 0,
2025-03-08 03:51:51.305	NewBlock 176, Chunks: 0,
2025-03-08 03:51:56.861	NewBlock 177, Chunks: 0,
2025-03-08 03:52:06.505	NewBlock 178, Chunks: 0,
2025-03-08 03:52:14.366	NewBlock 179, Chunks: 0,
2025-03-08 03:52:17.942	NewBlock 180, Chunks: 0,
2025-03-08 03:52:32.301	NewBlock 181, Chunks: 0,
2025-03-08 03:52:48.863	NewBlock 182, Chunks: 0,
2025-03-08 03:53:10.964	NewBlock 183, Chunks: 0,
2025-03-08 03:56:45.600	NewBlock 184, Chunks: 0,
2025-03-08 03:56:50.729	NewBlock 185, Chunks: 0,
2025-03-08 03:56:55.558	NewBlock 186, Chunks: 0,
2025-03-08 03:57:07.997	NewBlock 187, Chunks: 0,
2025-03-08 03:57:19.796	NewBlock 188, Chunks: 0,
2025-03-08 03:57:28.637	NewBlock 189, Chunks: 0,
2025-03-08 03:57:33.189	NewBlock 190, Chunks: 0,
2025-03-08 03:57:39.678	NewBlock 191, Chunks: 0,
2025-03-08 03:57:49.157	NewBlock 192, Chunks: 0,
2025-03-08 03:57:59.207	NewBlock 193, Chunks: 0,
2025-03-08 03:58:22.645	NewBlock 194, Chunks: 0,
2025-03-08 04:01:21.529	NewBlock 195, Chunks: 0,
2025-03-08 04:01:34.198	NewBlock 196, Chunks: 0,
2025-03-08 04:01:38.644	NewBlock 197, Chunks: 0,
2025-03-08 04:01:50.813	NewBlock 198, Chunks: 0,
2025-03-08 04:01:58.535	NewBlock 199, Chunks: 0,
2025-03-08 04:02:12.869	NewBlock 200, Chunks: 0,
2025-03-08 04:02:25.028	NewBlock 201, Chunks: 0,
2025-03-08 04:02:31.686	NewBlock 202, Chunks: 0,
2025-03-08 04:02:37.157	NewBlock 203, Chunks: 0,
2025-03-08 04:02:40.509	NewBlock 204, Chunks: 0,
2025-03-08 04:03:08.058	NewBlock 205, Chunks: 0,
2025-03-08 04:03:28.926	NewBlock 206, Chunks: 0,
2025-03-08 04:03:56.630	NewBlock 207, Chunks: 0,
2025-03-08 04:04:03.277	NewBlock 208, Chunks: 0,
2025-03-08 04:04:24.060	NewBlock 209, Chunks: 0,
2025-03-08 04:04:31.029	NewBlock 210, Chunks: 0,
2025-03-08 04:04:51.828	NewBlock 211, Chunks: 0,
2025-03-08 04:05:01.893	NewBlock 212, Chunks: 0,
2025-03-08 04:05:17.166	NewBlock 213, Chunks: 0,
2025-03-08 04:05:34.035	NewBlock 214, Chunks: 0,
2025-03-08 04:05:44.549	NewBlock 215, Chunks: 0,
2025-03-08 04:06:04.823	NewBlock 216, Chunks: 0,
2025-03-08 04:06:24.217	NewBlock 217, Chunks: 0,
2025-03-08 04:06:35.735	NewBlock 218, Chunks: 0,
2025-03-08 04:06:54.062	NewBlock 219, Chunks: 0,
2025-03-08 04:07:02.265	NewBlock 219, Chunks: 0,
2025-03-08 04:07:02.291	NewBlock 220, Chunks: 0,
2025-03-08 04:17:30.702	NewBlock 221, Chunks: 0,
2025-03-08 04:17:37.246	NewBlock 222, Chunks: 0,
2025-03-08 04:17:45.617	NewBlock 223, Chunks: 0,
2025-03-08 04:17:54.009	NewBlock 224, Chunks: 0,
2025-03-08 04:18:05.524	NewBlock 225, Chunks: 0,
2025-03-08 04:18:17.197	NewBlock 225, Chunks: 0,
2025-03-08 04:18:17.216	NewBlock 226, Chunks: 0,
2025-03-08 04:18:25.169	NewBlock 227, Chunks: 0,
2025-03-08 04:18:36.135	NewBlock 228, Chunks: 0,
2025-03-08 04:18:45.984	NewBlock 229, Chunks: 0,
2025-03-08 04:18:52.236	NewBlock 230, Chunks: 0,
2025-03-08 04:18:57.099	NewBlock 231, Chunks: 0,
2025-03-08 04:25:58.440	NewBlock 232, Chunks: 0,
2025-03-08 04:26:10.696	NewBlock 233, Chunks: 0,
2025-03-08 04:26:17.847	NewBlock 234, Chunks: 0,
2025-03-08 04:26:21.191	NewBlock 235, Chunks: 0,
2025-03-08 04:26:24.849	NewBlock 236, Chunks: 0,
2025-03-08 04:26:30.515	NewBlock 237, Chunks: 0,
2025-03-08 04:26:34.958	NewBlock 238, Chunks: 0,
2025-03-08 04:26:43.718	NewBlock 239, Chunks: 0,
2025-03-08 04:26:48.974	NewBlock 240, Chunks: 0,
2025-03-08 04:27:01.528	NewBlock 241, Chunks: 0,
2025-03-08 04:27:15.756	NewBlock 242, Chunks: 0,
2025-03-08 04:36:05.089	NewBlock 243, Chunks: 0,
2025-03-08 04:36:12.927	NewBlock 244, Chunks: 0,
2025-03-08 04:36:24.954	NewBlock 245, Chunks: 0,
2025-03-08 04:36:28.301	NewBlock 246, Chunks: 0,
2025-03-08 04:36:34.898	NewBlock 247, Chunks: 0,
2025-03-08 04:36:42.666	NewBlock 248, Chunks: 0,
2025-03-08 04:36:45.935	NewBlock 249, Chunks: 0,
2025-03-08 04:36:53.690	NewBlock 250, Chunks: 0,
2025-03-08 04:37:00.985	NewBlock 250, Chunks: 0,
2025-03-08 04:37:01.013	NewBlock 251, Chunks: 0,
2025-03-08 04:37:10.401	NewBlock 252, Chunks: 0,
2025-03-08 04:37:23.971	NewBlock 253, Chunks: 0,
2025-03-08 05:16:24.034	NewBlock 254, Chunks: 0,
2025-03-08 05:16:28.703	NewBlock 254, Chunks: 0,
2025-03-08 05:16:28.721	NewBlock 255, Chunks: 0,
2025-03-08 05:16:42.112	NewBlock 256, Chunks: 0,
2025-03-08 05:16:48.754	NewBlock 257, Chunks: 0,
2025-03-08 05:16:56.902	NewBlock 258, Chunks: 0,
2025-03-08 05:17:01.347	NewBlock 259, Chunks: 0,
2025-03-08 05:17:07.985	NewBlock 260, Chunks: 0,
2025-03-08 05:17:21.677	NewBlock 261, Chunks: 0,
2025-03-08 05:17:32.275	NewBlock 261, Chunks: 0,
2025-03-08 05:17:32.296	NewBlock 262, Chunks: 0,
2025-03-08 05:17:45.457	NewBlock 263, Chunks: 0,
2025-03-08 05:17:53.314	NewBlock 264, Chunks: 0,
2025-03-08 05:23:50.100	NewBlock 265, Chunks: 0,
2025-03-08 05:24:01.359	NewBlock 266, Chunks: 0,
2025-03-08 05:24:07.912	NewBlock 267, Chunks: 0,
2025-03-08 05:24:11.948	NewBlock 268, Chunks: 0,
2025-03-08 05:24:17.700	NewBlock 269, Chunks: 0,
2025-03-08 05:24:25.354	NewBlock 270, Chunks: 0,
2025-03-08 05:24:28.723	NewBlock 271, Chunks: 0,
2025-03-08 05:24:36.363	NewBlock 272, Chunks: 0,
2025-03-08 05:24:50.794	NewBlock 273, Chunks: 0,
2025-03-08 05:24:55.030	NewBlock 274, Chunks: 0,
2025-03-08 05:25:04.179	NewBlock 275, Chunks: 0,
2025-03-08 05:40:26.050	NewBlock 276, Chunks: 0,
2025-03-08 05:40:37.007	NewBlock 277, Chunks: 0,
2025-03-08 05:40:45.758	NewBlock 278, Chunks: 0,
2025-03-08 05:40:53.820	NewBlock 279, Chunks: 0,
2025-03-08 05:40:58.363	NewBlock 280, Chunks: 0,
2025-03-08 05:41:07.823	NewBlock 281, Chunks: 0,
2025-03-08 05:41:21.072	NewBlock 282, Chunks: 0,
2025-03-08 05:41:24.509	NewBlock 283, Chunks: 0,
2025-03-08 05:41:40.266	NewBlock 284, Chunks: 0,
2025-03-08 05:41:56.538	NewBlock 285, Chunks: 0,
2025-03-08 05:41:59.891	NewBlock 286, Chunks: 0,
2025-03-08 05:44:33.723	NewBlock 287, Chunks: 0,
2025-03-08 05:44:42.571	NewBlock 288, Chunks: 0,
2025-03-08 05:44:52.951	NewBlock 288, Chunks: 0,
2025-03-08 05:44:52.972	NewBlock 289, Chunks: 0,
2025-03-08 05:45:05.031	NewBlock 290, Chunks: 0,
2025-03-08 05:45:10.140	NewBlock 291, Chunks: 0,
2025-03-08 05:45:19.294	NewBlock 292, Chunks: 0,
2025-03-08 05:45:23.647	NewBlock 293, Chunks: 0,
2025-03-08 05:45:31.109	NewBlock 294, Chunks: 0,
2025-03-08 05:45:36.661	NewBlock 295, Chunks: 0,
2025-03-08 05:45:56.537	NewBlock 296, Chunks: 0,
2025-03-08 05:46:15.283	NewBlock 297, Chunks: 0,
2025-03-08 05:46:39.547	NewBlock 298, Chunks: 0,
2025-03-08 05:49:58.925	NewBlock 299, Chunks: 0,
2025-03-08 05:50:07.646	NewBlock 300, Chunks: 0,
2025-03-08 05:50:14.383	NewBlock 301, Chunks: 0,
2025-03-08 05:50:20.900	NewBlock 302, Chunks: 0,
2025-03-08 05:50:35.363	NewBlock 303, Chunks: 0,
2025-03-08 05:50:42.039	NewBlock 303, Chunks: 0,
2025-03-08 05:50:42.060	NewBlock 304, Chunks: 0,
2025-03-08 05:50:48.813	NewBlock 305, Chunks: 0,
2025-03-08 05:50:51.974	NewBlock 306, Chunks: 0,
2025-03-08 05:50:56.521	NewBlock 307, Chunks: 0,
2025-03-08 05:51:05.169	NewBlock 308, Chunks: 0,
2025-03-08 05:51:31.665	NewBlock 309, Chunks: 0,
2025-03-08 05:52:26.685	NewBlock 310, Chunks: 0,
2025-03-08 05:52:38.846	NewBlock 311, Chunks: 0,
2025-03-08 05:52:46.595	NewBlock 312, Chunks: 0,
2025-03-08 05:52:57.652	NewBlock 313, Chunks: 0,
2025-03-08 05:53:09.907	NewBlock 314, Chunks: 0,
2025-03-08 05:53:18.451	NewBlock 315, Chunks: 0,
2025-03-08 05:53:34.220	NewBlock 316, Chunks: 0,
2025-03-08 05:53:46.270	NewBlock 317, Chunks: 0,
2025-03-08 05:54:09.436	NewBlock 318, Chunks: 0,
2025-03-08 05:54:16.491	NewBlock 319, Chunks: 0,
2025-03-08 05:54:35.945	NewBlock 319, Chunks: 0,
2025-03-08 05:54:35.966	NewBlock 320, Chunks: 0,
2025-03-08 06:51:47.977	NewBlock 321, Chunks: 0,
2025-03-08 06:51:48.533	NewBlock 322, Chunks: 0,
2025-03-08 06:51:53.678	NewBlock 323, Chunks: 0,
2025-03-08 06:52:00.006	NewBlock 324, Chunks: 0,
2025-03-08 06:52:04.447	NewBlock 325, Chunks: 0,
2025-03-08 06:52:10.255	NewBlock 326, Chunks: 0,
2025-03-08 06:52:23.115	NewBlock 327, Chunks: 0,
2025-03-08 06:52:29.017	NewBlock 328, Chunks: 0,
2025-03-08 06:52:33.459	NewBlock 329, Chunks: 0,
2025-03-08 06:52:41.216	NewBlock 330, Chunks: 0,
2025-03-08 06:52:51.158	NewBlock 331, Chunks: 0,
2025-03-08 07:02:55.301	NewBlock 332, Chunks: 0,
2025-03-08 07:03:00.456	NewBlock 333, Chunks: 0,
2025-03-08 07:03:12.963	NewBlock 334, Chunks: 0,
2025-03-08 07:03:29.536	NewBlock 335, Chunks: 0,
2025-03-08 07:03:37.881	NewBlock 335, Chunks: 0,
2025-03-08 07:03:37.901	NewBlock 336, Chunks: 0,
2025-03-08 07:03:41.250	NewBlock 337, Chunks: 0,
2025-03-08 07:03:44.492	NewBlock 338, Chunks: 0,
2025-03-08 07:03:47.949	NewBlock 339, Chunks: 0,
2025-03-08 07:03:51.590	NewBlock 340, Chunks: 0,
2025-03-08 07:03:59.334	NewBlock 341, Chunks: 0,
2025-03-08 07:04:06.105	NewBlock 342, Chunks: 0,
2025-03-08 07:06:21.588	NewBlock 343, Chunks: 0,
2025-03-08 07:06:31.234	NewBlock 344, Chunks: 0,
2025-03-08 07:06:38.990	NewBlock 345, Chunks: 0,
2025-03-08 07:06:43.489	NewBlock 346, Chunks: 0,
2025-03-08 07:06:47.939	NewBlock 347, Chunks: 0,
2025-03-08 07:06:54.482	NewBlock 348, Chunks: 0,
2025-03-08 07:07:05.586	NewBlock 349, Chunks: 0,
2025-03-08 07:07:09.953	NewBlock 350, Chunks: 0,
2025-03-08 07:07:28.747	NewBlock 351, Chunks: 0,
2025-03-08 07:07:43.125	NewBlock 352, Chunks: 0,
2025-03-08 07:08:01.868	NewBlock 353, Chunks: 0,
2025-03-08 07:08:01.961	NewBlock 354, Chunks: 0,
2025-03-08 07:14:03.051	NewBlock 355, Chunks: 0,
2025-03-08 07:14:09.595	NewBlock 356, Chunks: 0,
2025-03-08 07:14:12.941	NewBlock 357, Chunks: 0,
2025-03-08 07:14:18.583	NewBlock 358, Chunks: 0,
2025-03-08 07:14:24.239	NewBlock 359, Chunks: 0,
2025-03-08 07:14:29.587	NewBlock 360, Chunks: 0,
2025-03-08 07:14:34.127	NewBlock 361, Chunks: 0,
2025-03-08 07:14:50.393	NewBlock 362, Chunks: 0,
2025-03-08 07:15:00.453	NewBlock 363, Chunks: 0,
2025-03-08 07:15:03.796	NewBlock 364, Chunks: 0,
2025-03-08 07:15:07.346	NewBlock 365, Chunks: 0,
2025-03-08 07:20:25.175	NewBlock 366, Chunks: 0,
2025-03-08 07:20:37.337	NewBlock 367, Chunks: 0,
2025-03-08 07:20:40.675	NewBlock 368, Chunks: 0,
2025-03-08 07:20:43.927	NewBlock 369, Chunks: 0,
2025-03-08 07:20:50.786	NewBlock 370, Chunks: 0,
2025-03-08 07:20:58.361	NewBlock 371, Chunks: 0,
2025-03-08 07:21:05.110	NewBlock 372, Chunks: 0,
2025-03-08 07:21:09.452	NewBlock 373, Chunks: 0,
2025-03-08 07:21:13.893	NewBlock 374, Chunks: 0,
2025-03-08 07:21:18.536	NewBlock 375, Chunks: 0,
2025-03-08 07:21:30.287	NewBlock 376, Chunks: 0,
2025-03-08 07:25:20.614	NewBlock 377, Chunks: 0,
2025-03-08 07:25:24.756	NewBlock 378, Chunks: 0,
2025-03-08 07:25:28.099	NewBlock 379, Chunks: 0,
2025-03-08 07:25:31.759	NewBlock 380, Chunks: 0,
2025-03-08 07:25:39.120	NewBlock 381, Chunks: 0,
2025-03-08 07:25:44.999	NewBlock 381, Chunks: 0,
2025-03-08 07:25:45.026	NewBlock 382, Chunks: 0,
2025-03-08 07:25:54.574	NewBlock 383, Chunks: 0,
2025-03-08 07:26:02.831	NewBlock 384, Chunks: 0,
2025-03-08 07:26:11.427	NewBlock 385, Chunks: 0,
2025-03-08 07:26:21.373	NewBlock 386, Chunks: 0,
2025-03-08 07:26:41.256	NewBlock 387, Chunks: 0,
2025-03-08 08:01:58.526	NewBlock -1, Chunks: 0,
2025-03-09 02:52:29.522	Initialized. Chunks: 0
2025-03-09 17:05:11.756	NewBlock -1, Chunks: 0,
2025-03-09 17:42:40.200	Initialized. Chunks: 0
2025-03-09 22:37:08.609	NewBlock 388, Chunks: 0,
2025-03-09 22:37:19.659	NewBlock 389, Chunks: 0,
2025-03-09 22:37:35.116	NewBlock 390, Chunks: 0,
2025-03-09 22:37:55.645	NewBlock 391, Chunks: 0,
2025-03-09 22:38:07.072	NewBlock 392, Chunks: 0,
2025-03-09 22:38:27.750	NewBlock 393, Chunks: 0,
2025-03-09 22:38:40.011	NewBlock 394, Chunks: 0,
2025-03-09 22:38:51.969	NewBlock 395, Chunks: 0,
2025-03-09 22:39:04.232	NewBlock 396, Chunks: 0,
2025-03-09 22:39:17.385	NewBlock 397, Chunks: 0,
2025-03-09 22:39:28.245	NewBlock 398, Chunks: 0,
2025-03-10 19:30:55.308	NewBlock 399, Chunks: 0,
2025-03-10 19:31:03.959	NewBlock 400, Chunks: 0,
2025-03-10 19:31:11.510	NewBlock 401, Chunks: 0,
2025-03-10 19:31:20.257	NewBlock 402, Chunks: 0,
2025-03-10 19:31:23.714	NewBlock 403, Chunks: 0,
2025-03-10 19:31:29.269	NewBlock 404, Chunks: 0,
2025-03-10 19:31:39.328	NewBlock 405, Chunks: 0,
2025-03-10 19:31:49.607	NewBlock 406, Chunks: 0,
2025-03-10 19:32:00.207	NewBlock 407, Chunks: 0,
2025-03-10 19:32:07.749	NewBlock 408, Chunks: 0,
2025-03-10 19:32:14.298	NewBlock 409, Chunks: 0,
2025-03-10 19:35:46.611	NewBlock 410, Chunks: 0,
2025-03-10 19:36:04.477	NewBlock 411, Chunks: 0,
2025-03-10 19:36:13.337	NewBlock 412, Chunks: 0,
2025-03-10 19:36:18.799	NewBlock 413, Chunks: 0,
2025-03-10 19:36:25.547	NewBlock 414, Chunks: 0,
2025-03-10 19:36:31.100	NewBlock 415, Chunks: 0,
2025-03-10 19:36:39.049	NewBlock 416, Chunks: 0,
2025-03-10 19:36:48.573	NewBlock 417, Chunks: 0,
2025-03-10 19:36:59.947	NewBlock 417, Chunks: 0,
2025-03-10 19:36:59.966	NewBlock 418, Chunks: 0,
2025-03-10 19:37:05.547	NewBlock 419, Chunks: 0,
2025-03-10 19:37:19.540	NewBlock 420, Chunks: 0,
2025-03-10 19:37:39.814	NewBlock 421, Chunks: 0,
2025-03-10 19:38:00.786	NewBlock 422, Chunks: 0,
2025-03-10 19:38:31.299	NewBlock 423, Chunks: 0,
2025-03-10 19:38:48.873	NewBlock 424, Chunks: 0,
2025-03-10 19:39:01.845	NewBlock 425, Chunks: 0,
2025-03-10 19:39:08.490	NewBlock 426, Chunks: 0,
2025-03-10 19:39:18.959	NewBlock 427, Chunks: 0,
2025-03-10 19:39:31.875	NewBlock 428, Chunks: 0,
2025-03-10 19:39:47.711	NewBlock 429, Chunks: 0,
2025-03-10 19:40:11.953	NewBlock 430, Chunks: 0,
2025-03-10 19:40:22.509	NewBlock 431, Chunks: 0,
2025-03-10 19:40:33.000	NewBlock 432, Chunks: 0,
2025-03-10 19:40:52.316	NewBlock 433, Chunks: 0,
2025-03-10 19:41:09.993	NewBlock 434, Chunks: 0,
2025-03-10 19:41:29.161	NewBlock 435, Chunks: 0,
2025-03-10 19:41:35.833	NewBlock 436, Chunks: 0,
2025-03-10 19:41:56.901	NewBlock 437, Chunks: 0,
2025-03-10 19:42:10.032	NewBlock 438, Chunks: 0,
2025-03-10 19:42:22.196	NewBlock 439, Chunks: 0,
2025-03-10 19:42:42.471	NewBlock 440, Chunks: 0,
2025-03-10 19:42:52.425	NewBlock 441, Chunks: 0,
2025-03-10 19:43:11.197	NewBlock 442, Chunks: 0,
2025-03-10 20:03:38.385	NewBlock 443, Chunks: 0,
2025-03-10 20:03:43.838	NewBlock 444, Chunks: 0,
2025-03-10 20:03:49.903	NewBlock 445, Chunks: 0,
2025-03-10 20:03:57.445	NewBlock 446, Chunks: 0,
2025-03-10 20:04:01.626	NewBlock 446, Chunks: 0,
2025-03-10 20:04:01.658	NewBlock 447, Chunks: 0,
2025-03-10 20:04:07.399	NewBlock 448, Chunks: 0,
2025-03-10 20:04:12.978	NewBlock 449, Chunks: 0,
2025-03-10 20:04:18.126	NewBlock 450, Chunks: 0,
2025-03-10 20:04:22.582	NewBlock 451, Chunks: 0,
2025-03-10 20:04:32.539	NewBlock 452, Chunks: 0,
2025-03-10 20:04:38.393	NewBlock 453, Chunks: 0,
2025-03-10 20:09:19.201	NewBlock 454, Chunks: 0,
2025-03-10 20:09:24.151	NewBlock 455, Chunks: 0,
2025-03-10 20:09:31.077	NewBlock 456, Chunks: 0,
2025-03-10 20:09:42.232	NewBlock 457, Chunks: 0,
2025-03-10 20:09:46.788	NewBlock 458, Chunks: 0,
2025-03-10 20:09:53.944	NewBlock 459, Chunks: 0,
2025-03-10 20:09:59.492	NewBlock 460, Chunks: 0,
2025-03-10 20:10:08.955	NewBlock 461, Chunks: 0,
2025-03-10 20:10:14.805	NewBlock 462, Chunks: 0,
2025-03-10 20:10:19.967	NewBlock 463, Chunks: 0,
2025-03-10 20:10:34.946	NewBlock 464, Chunks: 0,
2025-03-10 20:12:36.415	NewBlock 465, Chunks: 0,
2025-03-10 20:12:44.676	NewBlock 466, Chunks: 0,
2025-03-10 20:12:54.735	NewBlock 467, Chunks: 0,
2025-03-10 20:13:01.145	NewBlock 468, Chunks: 0,
2025-03-10 20:13:07.890	NewBlock 469, Chunks: 0,
2025-03-10 20:13:16.742	NewBlock 470, Chunks: 0,
2025-03-10 20:13:20.127	NewBlock 471, Chunks: 0,
2025-03-10 20:13:29.111	NewBlock 472, Chunks: 0,
2025-03-10 20:13:47.690	NewBlock 473, Chunks: 0,
2025-03-10 20:14:13.065	NewBlock 474, Chunks: 0,
2025-03-10 20:14:21.849	NewBlock 475, Chunks: 0,
2025-03-10 20:14:43.943	NewBlock 476, Chunks: 0,
2025-03-10 20:15:06.024	NewBlock 477, Chunks: 0,
2025-03-10 20:15:18.185	NewBlock 478, Chunks: 0,
2025-03-10 20:15:32.545	NewBlock 479, Chunks: 0,
2025-03-10 20:15:42.491	NewBlock 480, Chunks: 0,
2025-03-10 20:15:54.513	NewBlock 481, Chunks: 0,
2025-03-10 20:16:11.166	NewBlock 482, Chunks: 0,
2025-03-10 20:16:30.819	NewBlock 483, Chunks: 0,
2025-03-10 20:16:43.135	NewBlock 484, Chunks: 0,
2025-03-10 20:16:58.584	NewBlock 485, Chunks: 0,
2025-03-10 20:17:11.542	NewBlock 486, Chunks: 0,
2025-03-10 20:17:24.807	NewBlock 487, Chunks: 0,
2025-03-10 20:17:41.476	NewBlock 488, Chunks: 0,
2025-03-10 22:56:07.070	NewBlock 489, Chunks: 0,
2025-03-10 22:56:14.022	NewBlock 490, Chunks: 0,
2025-03-10 22:56:18.141	NewBlock 491, Chunks: 0,
2025-03-10 22:56:25.783	NewBlock 492, Chunks: 0,
2025-03-10 22:56:29.228	NewBlock 493, Chunks: 0,
2025-03-10 22:56:34.719	NewBlock 494, Chunks: 0,
2025-03-10 22:56:38.189	NewBlock 494, Chunks: 0,
2025-03-10 22:56:38.210	NewBlock 495, Chunks: 0,
2025-03-10 22:56:41.373	NewBlock 496, Chunks: 0,
2025-03-10 22:56:52.430	NewBlock 497, Chunks: 0,
2025-03-10 22:57:01.289	NewBlock 498, Chunks: 0,
2025-03-10 22:57:07.796	NewBlock 499, Chunks: 0,
2025-03-10 22:59:10.958	NewBlock 500, Chunks: 0,
2025-03-10 22:59:18.620	NewBlock 501, Chunks: 0,
2025-03-10 22:59:26.591	NewBlock 502, Chunks: 0,
2025-03-10 22:59:30.787	NewBlock 503, Chunks: 0,
2025-03-10 22:59:37.441	NewBlock 504, Chunks: 0,
2025-03-10 22:59:43.182	NewBlock 505, Chunks: 0,
2025-03-10 22:59:47.723	NewBlock 506, Chunks: 0,
2025-03-10 23:00:08.787	NewBlock 507, Chunks: 0,
2025-03-10 23:00:19.466	NewBlock 508, Chunks: 0,
2025-03-10 23:00:39.341	NewBlock 509, Chunks: 0,
2025-03-10 23:00:54.788	NewBlock 510, Chunks: 0,
2025-03-10 23:09:23.210	NewBlock 511, Chunks: 0,
2025-03-10 23:09:38.424	NewBlock 512, Chunks: 0,
2025-03-10 23:09:48.573	NewBlock 513, Chunks: 0,
2025-03-10 23:09:53.029	NewBlock 514, Chunks: 0,
2025-03-10 23:09:58.008	NewBlock 514, Chunks: 0,
2025-03-10 23:09:58.026	NewBlock 515, Chunks: 0,
2025-03-10 23:10:14.796	NewBlock 516, Chunks: 0,
2025-03-10 23:10:19.046	NewBlock 517, Chunks: 0,
2025-03-10 23:10:25.003	NewBlock 518, Chunks: 0,
2025-03-10 23:10:30.313	NewBlock 519, Chunks: 0,
2025-03-10 23:10:36.066	NewBlock 520, Chunks: 0,
2025-03-10 23:10:42.714	NewBlock 521, Chunks: 0,
2025-03-10 23:56:25.114	NewBlock 522, Chunks: 0,
2025-03-10 23:56:36.154	NewBlock 523, Chunks: 0,
2025-03-10 23:56:47.221	NewBlock 524, Chunks: 0,
2025-03-10 23:57:02.016	NewBlock 525, Chunks: 0,
2025-03-10 23:57:05.376	NewBlock 526, Chunks: 0,
2025-03-10 23:57:22.062	NewBlock 527, Chunks: 0,
2025-03-10 23:57:30.177	NewBlock 528, Chunks: 0,
2025-03-10 23:57:40.139	NewBlock 529, Chunks: 0,
2025-03-10 23:57:48.562	NewBlock 530, Chunks: 0,
2025-03-10 23:57:56.316	NewBlock 531, Chunks: 0,
2025-03-10 23:58:00.776	NewBlock 532, Chunks: 0,
2025-03-10 23:58:07.714	NewBlock 533, Chunks: 0,
2025-03-10 23:58:34.164	NewBlock 534, Chunks: 0,
2025-03-10 23:58:58.417	NewBlock 535, Chunks: 0,
2025-03-10 23:59:20.049	NewBlock 536, Chunks: 0,
2025-03-11 00:16:32.450	NewBlock 537, Chunks: 0,
2025-03-11 00:16:38.813	NewBlock 538, Chunks: 0,
2025-03-11 00:16:45.465	NewBlock 539, Chunks: 0,
2025-03-11 00:16:55.621	NewBlock 540, Chunks: 0,
2025-03-11 00:17:04.280	NewBlock 541, Chunks: 0,
2025-03-11 00:17:11.037	NewBlock 542, Chunks: 0,
2025-03-11 00:17:25.391	NewBlock 543, Chunks: 0,
2025-03-11 00:17:39.369	NewBlock 544, Chunks: 0,
2025-03-11 00:17:39.702	NewBlock 545, Chunks: 0,
2025-03-11 00:17:44.242	NewBlock 546, Chunks: 0,
2025-03-11 00:17:49.583	NewBlock 547, Chunks: 0,
2025-03-11 00:19:16.473	NewBlock 548, Chunks: 0,
2025-03-11 00:19:28.434	NewBlock 549, Chunks: 0,
2025-03-11 00:19:36.487	NewBlock 550, Chunks: 0,
2025-03-11 00:19:44.354	NewBlock 551, Chunks: 0,
2025-03-11 00:19:56.427	NewBlock 552, Chunks: 0,
2025-03-11 00:20:08.589	NewBlock 553, Chunks: 0,
2025-03-11 00:20:19.454	NewBlock 554, Chunks: 0,
2025-03-11 00:20:29.119	NewBlock 555, Chunks: 0,
2025-03-11 00:20:46.205	NewBlock 556, Chunks: 0,
2025-03-11 00:20:59.489	NewBlock 557, Chunks: 0,
2025-03-11 00:21:18.269	NewBlock 558, Chunks: 0,
2025-03-11 00:21:35.732	NewBlock 559, Chunks: 0,
2025-03-11 00:21:54.503	NewBlock 560, Chunks: 0,
2025-03-11 00:22:11.085	NewBlock 561, Chunks: 0,
2025-03-11 00:34:37.639	NewBlock 562, Chunks: 0,
2025-03-11 00:34:47.136	NewBlock 563, Chunks: 0,
2025-03-11 00:34:51.777	NewBlock 564, Chunks: 0,
2025-03-11 00:34:55.293	NewBlock 565, Chunks: 0,
2025-03-11 00:35:04.158	NewBlock 566, Chunks: 0,
2025-03-11 00:35:11.899	NewBlock 567, Chunks: 0,
2025-03-11 00:35:17.252	NewBlock 568, Chunks: 0,
2025-03-11 00:35:31.440	NewBlock 569, Chunks: 0,
2025-03-11 00:35:38.354	NewBlock 570, Chunks: 0,
2025-03-11 00:35:42.604	NewBlock 571, Chunks: 0,
2025-03-11 00:35:52.462	NewBlock 572, Chunks: 0,
2025-03-11 00:35:58.205	NewBlock 573, Chunks: 0,
2025-03-11 00:36:19.156	NewBlock 574, Chunks: 0,
2025-03-11 01:00:58.465	NewBlock 575, Chunks: 0,
2025-03-11 01:01:04.739	NewBlock 576, Chunks: 0,
2025-03-11 01:01:22.387	NewBlock 577, Chunks: 0,
2025-03-11 01:01:31.365	NewBlock 577, Chunks: 0,
2025-03-11 01:01:31.384	NewBlock 578, Chunks: 0,
2025-03-11 01:01:37.856	NewBlock 579, Chunks: 0,
2025-03-11 01:01:46.710	NewBlock 580, Chunks: 0,
2025-03-11 01:01:50.070	NewBlock 581, Chunks: 0,
2025-03-11 01:01:54.961	NewBlock 582, Chunks: 0,
2025-03-11 01:02:02.257	NewBlock 583, Chunks: 0,
2025-03-11 01:02:12.225	NewBlock 584, Chunks: 0,
2025-03-11 01:02:26.592	NewBlock 585, Chunks: 0,
2025-03-11 01:02:34.666	NewBlock 586, Chunks: 0,
2025-03-11 01:04:02.775	NewBlock 587, Chunks: 0,
2025-03-11 01:04:08.990	NewBlock 588, Chunks: 0,
2025-03-11 01:04:20.037	NewBlock 589, Chunks: 0,
2025-03-11 01:04:27.357	NewBlock 590, Chunks: 0,
2025-03-11 01:04:37.692	NewBlock 591, Chunks: 0,
2025-03-11 01:04:43.268	NewBlock 592, Chunks: 0,
2025-03-11 01:04:59.818	NewBlock 593, Chunks: 0,
2025-03-11 01:05:14.163	NewBlock 594, Chunks: 0,
2025-03-11 01:05:25.804	NewBlock 595, Chunks: 0,
2025-03-11 01:05:45.675	NewBlock 596, Chunks: 0,
2025-03-11 01:06:01.536	NewBlock 597, Chunks: 0,
2025-03-11 01:06:52.212	NewBlock 598, Chunks: 0,
2025-03-11 01:06:57.765	NewBlock 599, Chunks: 0,
2025-03-11 01:07:06.624	NewBlock 600, Chunks: 0,
2025-03-11 01:07:12.687	NewBlock 601, Chunks: 0,
2025-03-11 01:07:23.850	NewBlock 602, Chunks: 0,
2025-03-11 01:07:40.792	NewBlock 603, Chunks: 0,
2025-03-11 01:07:54.964	NewBlock 604, Chunks: 0,
2025-03-11 01:08:08.356	NewBlock 605, Chunks: 0,
2025-03-11 01:08:27.096	NewBlock 606, Chunks: 0,
2025-03-11 01:08:43.414	NewBlock 607, Chunks: 0,
2025-03-11 01:08:59.057	NewBlock 608, Chunks: 0,
2025-03-11 01:09:16.596	NewBlock 609, Chunks: 0,
2025-03-11 01:09:38.564	NewBlock 610, Chunks: 0,
2025-03-11 01:10:39.254	NewBlock 611, Chunks: 0,
2025-03-11 01:10:48.107	NewBlock 612, Chunks: 0,
2025-03-11 01:10:51.483	NewBlock 613, Chunks: 0,
2025-03-11 01:10:55.636	NewBlock 614, Chunks: 0,
2025-03-11 01:11:05.832	NewBlock 615, Chunks: 0,
2025-03-11 01:11:14.402	NewBlock 616, Chunks: 0,
2025-03-11 01:11:33.569	NewBlock 617, Chunks: 0,
2025-03-11 01:11:51.845	NewBlock 618, Chunks: 0,
2025-03-11 01:12:04.513	NewBlock 619, Chunks: 0,
2025-03-11 01:12:20.584	NewBlock 620, Chunks: 0,
2025-03-11 01:12:40.766	NewBlock 621, Chunks: 0,
2025-03-11 01:13:01.730	NewBlock 622, Chunks: 0,
2025-03-11 01:13:21.612	NewBlock 623, Chunks: 0,
2025-03-11 01:13:33.267	NewBlock 624, Chunks: 0,
2025-03-11 01:13:45.930	NewBlock 625, Chunks: 0,
2025-03-11 01:13:54.231	NewBlock 626, Chunks: 0,
2025-03-11 01:14:06.383	NewBlock 627, Chunks: 0,
2025-03-11 01:14:20.749	NewBlock 628, Chunks: 0,
2025-03-11 01:14:43.449	NewBlock 629, Chunks: 0,
2025-03-11 01:14:56.541	NewBlock 630, Chunks: 0,
2025-03-11 01:15:15.409	NewBlock 631, Chunks: 0,
2025-03-11 01:15:57.651	NewBlock 632, Chunks: 0,
2025-03-11 01:16:04.323	NewBlock 633, Chunks: 0,
2025-03-11 01:16:07.665	NewBlock 634, Chunks: 0,
2025-03-11 01:16:22.053	NewBlock 635, Chunks: 0,
2025-03-11 01:16:37.506	NewBlock 636, Chunks: 0,
2025-03-11 01:16:46.846	NewBlock 635, Chunks: 0,
2025-03-11 01:16:46.865	NewBlock 636, Chunks: 0,
2025-03-11 01:16:46.884	NewBlock 637, Chunks: 0,
2025-03-11 01:17:02.857	NewBlock 638, Chunks: 0,
2025-03-11 01:17:19.872	NewBlock 639, Chunks: 0,
2025-03-11 01:17:33.722	NewBlock 640, Chunks: 0,
2025-03-11 01:17:54.744	NewBlock 641, Chunks: 0,
2025-03-11 01:18:04.185	NewBlock 642, Chunks: 0,
2025-03-11 01:23:59.020	NewBlock 643, Chunks: 0,
2025-03-11 01:24:05.658	NewBlock 644, Chunks: 0,
2025-03-11 01:24:16.147	NewBlock 645, Chunks: 0,
2025-03-11 01:24:22.209	NewBlock 646, Chunks: 0,
2025-03-11 01:24:26.655	NewBlock 647, Chunks: 0,
2025-03-11 01:24:35.536	NewBlock 648, Chunks: 0,
2025-03-11 01:24:45.739	NewBlock 649, Chunks: 0,
2025-03-11 01:24:59.092	NewBlock 650, Chunks: 0,
2025-03-11 01:25:05.341	NewBlock 651, Chunks: 0,
2025-03-11 01:25:14.460	NewBlock 652, Chunks: 0,
2025-03-11 01:25:19.713	NewBlock 653, Chunks: 0,
2025-03-11 01:45:22.613	NewBlock 654, Chunks: 0,
2025-03-11 01:45:27.158	NewBlock 655, Chunks: 0,
2025-03-11 01:45:32.364	NewBlock 656, Chunks: 0,
2025-03-11 01:45:41.627	NewBlock 657, Chunks: 0,
2025-03-11 01:45:48.920	NewBlock 658, Chunks: 0,
2025-03-11 01:45:56.664	NewBlock 659, Chunks: 0,
2025-03-11 01:46:07.119	NewBlock 660, Chunks: 0,
2025-03-11 01:46:13.262	NewBlock 661, Chunks: 0,
2025-03-11 01:46:13.501	NewBlock 662, Chunks: 0,
2025-03-11 01:46:26.468	NewBlock 663, Chunks: 0,
2025-03-11 01:46:33.117	NewBlock 664, Chunks: 0,
2025-03-11 01:46:40.731	NewBlock 665, Chunks: 0,
2025-03-11 01:47:06.091	NewBlock 666, Chunks: 0,
2025-03-11 01:47:26.035	NewBlock 667, Chunks: 0,
2025-03-11 01:48:08.880	NewBlock 668, Chunks: 0,
2025-03-11 01:48:17.737	NewBlock 669, Chunks: 0,
2025-03-11 01:48:27.683	NewBlock 670, Chunks: 0,
2025-03-11 01:48:43.119	NewBlock 671, Chunks: 0,
2025-03-11 01:48:50.870	NewBlock 672, Chunks: 0,
2025-03-11 01:49:01.928	NewBlock 673, Chunks: 0,
2025-03-11 01:49:12.970	NewBlock 674, Chunks: 0,
2025-03-11 01:49:33.012	NewBlock 675, Chunks: 0,
2025-03-11 01:49:47.138	NewBlock 676, Chunks: 0,
2025-03-11 01:50:12.519	NewBlock 677, Chunks: 0,
2025-03-11 01:50:21.367	NewBlock 678, Chunks: 0,
2025-03-11 02:07:27.168	NewBlock 679, Chunks: 0,
2025-03-11 02:07:32.406	NewBlock 680, Chunks: 0,
2025-03-11 02:07:37.057	NewBlock 681, Chunks: 0,
2025-03-11 02:07:50.163	NewBlock 682, Chunks: 0,
2025-03-11 02:08:02.523	NewBlock 683, Chunks: 0,
2025-03-11 02:08:07.810	NewBlock 684, Chunks: 0,
2025-03-11 02:08:13.381	NewBlock 685, Chunks: 0,
2025-03-11 02:08:18.395	NewBlock 685, Chunks: 0,
2025-03-11 02:08:18.413	NewBlock 686, Chunks: 0,
2025-03-11 02:08:21.648	NewBlock 687, Chunks: 0,
2025-03-11 02:08:25.692	NewBlock 688, Chunks: 0,
2025-03-11 02:08:40.051	NewBlock 689, Chunks: 0,
2025-03-11 02:08:49.918	NewBlock 690, Chunks: 0,
2025-03-11 02:09:08.797	NewBlock 691, Chunks: 0,
2025-03-11 02:09:37.491	NewBlock 692, Chunks: 0,
2025-03-11 02:10:00.752	NewBlock 693, Chunks: 0,
2025-03-11 02:10:45.273	NewBlock 694, Chunks: 0,
2025-03-11 02:10:54.116	NewBlock 695, Chunks: 0,
2025-03-11 02:11:07.979	NewBlock 696, Chunks: 0,
2025-03-11 02:11:12.868	NewBlock 697, Chunks: 0,
2025-03-11 02:11:21.719	NewBlock 698, Chunks: 0,
2025-03-11 02:11:32.770	NewBlock 699, Chunks: 0,
2025-03-11 02:11:41.643	NewBlock 700, Chunks: 0,
2025-03-11 02:12:04.908	NewBlock 701, Chunks: 0,
2025-03-11 02:12:18.018	NewBlock 702, Chunks: 0,
2025-03-11 02:12:33.474	NewBlock 703, Chunks: 0,
2025-03-11 02:12:50.119	NewBlock 704, Chunks: 0,
2025-03-11 04:06:13.782	NewBlock -1, Chunks: 0,
2025-03-11 05:32:54.218	Initialized. Chunks: 0
2025-03-11 06:07:45.366	NewBlock 705, Chunks: 0,
2025-03-11 06:08:00.828	NewBlock 706, Chunks: 0,
2025-03-11 06:08:22.320	NewBlock 707, Chunks: 0,
2025-03-11 06:08:33.886	NewBlock 708, Chunks: 0,
2025-03-11 06:08:52.628	NewBlock 709, Chunks: 0,
2025-03-11 06:09:12.494	NewBlock 710, Chunks: 0,
2025-03-11 06:09:29.508	NewBlock 711, Chunks: 0,
2025-03-11 06:09:40.668	NewBlock 712, Chunks: 0,
2025-03-11 06:09:53.731	NewBlock 713, Chunks: 0,
2025-03-11 06:10:09.298	NewBlock 714, Chunks: 0,
2025-03-11 06:10:29.059	NewBlock 715, Chunks: 0,
2025-03-11 06:10:40.316	NewBlock 716, Chunks: 0,
2025-03-11 06:10:50.084	NewBlock 717, Chunks: 0,
2025-03-11 06:11:06.456	NewBlock 718, Chunks: 0,
2025-03-11 06:11:21.922	NewBlock 719, Chunks: 0,
2025-03-11 06:11:40.698	NewBlock 720, Chunks: 0,
2025-03-11 06:37:02.825	NewBlock 721, Chunks: 0,
2025-03-11 06:37:10.483	NewBlock 722, Chunks: 0,
2025-03-11 06:37:16.933	NewBlock 723, Chunks: 0,
2025-03-11 06:37:29.191	NewBlock 724, Chunks: 0,
2025-03-11 06:37:33.738	NewBlock 725, Chunks: 0,
2025-03-11 06:37:41.389	NewBlock 726, Chunks: 0,
2025-03-11 06:37:45.737	NewBlock 727, Chunks: 0,
2025-03-11 06:37:51.483	NewBlock 728, Chunks: 0,
2025-03-11 06:37:57.022	NewBlock 729, Chunks: 0,
2025-03-11 06:38:07.935	NewBlock 729, Chunks: 0,
2025-03-11 06:38:07.954	NewBlock 730, Chunks: 0,
2025-03-11 06:38:15.709	NewBlock 731, Chunks: 0,
2025-03-11 06:38:21.472	NewBlock 732, Chunks: 0,
2025-03-11 06:38:41.989	NewBlock 733, Chunks: 0,
2025-03-11 06:39:02.961	NewBlock 734, Chunks: 0,
2025-03-11 06:39:22.965	NewBlock 735, Chunks: 0,
2025-03-11 06:39:41.554	NewBlock 736, Chunks: 0,
2025-03-11 06:40:00.370	NewBlock 737, Chunks: 0,
2025-03-11 06:40:15.817	NewBlock 738, Chunks: 0,
2025-03-11 06:40:23.574	NewBlock 739, Chunks: 0,
2025-03-11 06:40:38.967	NewBlock 740, Chunks: 0,
2025-03-11 06:40:53.296	NewBlock 740, Chunks: 0,
2025-03-11 06:40:53.316	NewBlock 741, Chunks: 0,
2025-03-11 06:41:10.904	NewBlock 742, Chunks: 0,
2025-03-11 06:41:18.637	NewBlock 743, Chunks: 0,
2025-03-11 06:41:34.087	NewBlock 744, Chunks: 0,
2025-03-11 06:44:45.579	NewBlock 745, Chunks: 0,
2025-03-11 06:44:55.580	NewBlock 746, Chunks: 0,
2025-03-11 06:45:08.847	NewBlock 747, Chunks: 0,
2025-03-11 06:45:24.151	NewBlock 748, Chunks: 0,
2025-03-11 06:45:30.940	NewBlock 749, Chunks: 0,
2025-03-11 06:45:35.202	NewBlock 750, Chunks: 0,
2025-03-11 06:45:41.696	NewBlock 751, Chunks: 0,
2025-03-11 06:45:47.341	NewBlock 752, Chunks: 0,
2025-03-11 06:45:51.778	NewBlock 753, Chunks: 0,
2025-03-11 06:46:07.234	NewBlock 754, Chunks: 0,
2025-03-11 06:46:23.808	NewBlock 755, Chunks: 0,
2025-03-11 10:12:31.714	NewBlock 756, Chunks: 0,
2025-03-11 10:12:36.550	NewBlock 757, Chunks: 0,
2025-03-11 10:12:49.724	NewBlock 758, Chunks: 0,
2025-03-11 10:12:59.280	NewBlock 759, Chunks: 0,
2025-03-11 10:13:13.630	NewBlock 760, Chunks: 0,
2025-03-11 10:13:19.172	NewBlock 761, Chunks: 0,
2025-03-11 10:13:31.327	NewBlock 762, Chunks: 0,
2025-03-11 10:13:37.048	NewBlock 763, Chunks: 0,
2025-03-11 10:13:51.174	NewBlock 764, Chunks: 0,
2025-03-11 10:14:00.033	NewBlock 765, Chunks: 0,
2025-03-11 10:14:08.877	NewBlock 766, Chunks: 0,
2025-03-11 10:14:14.426	NewBlock 767, Chunks: 0,
2025-03-11 21:11:18.840	NewBlock 768, Chunks: 0,
2025-03-11 21:11:26.817	NewBlock 768, Chunks: 0,
2025-03-11 21:11:26.836	NewBlock 769, Chunks: 0,
2025-03-11 21:11:33.389	NewBlock 770, Chunks: 0,
2025-03-11 21:11:46.788	NewBlock 771, Chunks: 0,
2025-03-11 21:11:58.949	NewBlock 772, Chunks: 0,
2025-03-11 21:12:06.488	NewBlock 773, Chunks: 0,
2025-03-11 21:12:16.467	NewBlock 774, Chunks: 0,
2025-03-11 21:12:26.917	NewBlock 775, Chunks: 0,
2025-03-11 21:12:35.865	NewBlock 776, Chunks: 0,
2025-03-11 21:12:46.918	NewBlock 777, Chunks: 0,
2025-03-11 21:12:56.780	NewBlock 778, Chunks: 0,
2025-03-11 21:58:17.630	NewBlock 779, Chunks: 0,
2025-03-11 21:58:21.895	NewBlock 779, Chunks: 0,
2025-03-11 21:58:21.913	NewBlock 780, Chunks: 0,
2025-03-11 21:58:26.861	NewBlock 781, Chunks: 0,
2025-03-11 21:58:30.200	NewBlock 782, Chunks: 0,
2025-03-11 21:58:40.345	NewBlock 783, Chunks: 0,
2025-03-11 21:58:44.991	NewBlock 784, Chunks: 0,
2025-03-11 21:58:52.905	NewBlock 785, Chunks: 0,
2025-03-11 21:59:02.560	NewBlock 786, Chunks: 0,
2025-03-11 21:59:09.318	NewBlock 787, Chunks: 0,
2025-03-11 21:59:18.186	NewBlock 788, Chunks: 0,
2025-03-11 21:59:31.481	NewBlock 789, Chunks: 0,
2025-03-11 22:04:03.299	NewBlock -1, Chunks: 0,
2025-03-11 22:04:57.083	Initialized. Chunks: 0
2025-03-11 22:08:05.373	NewBlock -1, Chunks: 0,
2025-03-11 22:09:33.629	Initialized. Chunks: 0
2025-03-11 22:15:31.322	NewBlock 790, Chunks: 0,
2025-03-11 22:15:48.583	NewBlock 791, Chunks: 0,
2025-03-11 22:15:59.988	NewBlock 792, Chunks: 0,
2025-03-11 22:16:13.239	NewBlock 793, Chunks: 0,
2025-03-11 22:16:29.796	NewBlock 794, Chunks: 0,
2025-03-11 22:16:45.256	NewBlock 795, Chunks: 0,
2025-03-11 22:16:58.499	NewBlock 796, Chunks: 0,
2025-03-11 22:17:11.260	NewBlock 797, Chunks: 0,
2025-03-11 22:17:22.758	NewBlock 798, Chunks: 0,
2025-03-11 22:17:34.346	NewBlock 799, Chunks: 0,
2025-03-11 22:17:47.608	NewBlock 800, Chunks: 0,
2025-03-11 22:17:59.767	NewBlock 801, Chunks: 0,
2025-03-11 22:18:26.763	NewBlock 802, Chunks: 0,
2025-03-11 22:18:45.539	NewBlock 803, Chunks: 0,
2025-03-11 22:18:55.602	NewBlock 804, Chunks: 0,
2025-03-11 22:19:10.172	NewBlock 805, Chunks: 0,
2025-03-11 22:19:23.834	NewBlock 806, Chunks: 0,
2025-03-11 22:19:36.977	NewBlock 806, Chunks: 0,
2025-03-11 22:19:36.995	NewBlock 807, Chunks: 0,
2025-03-11 22:19:51.058	NewBlock 808, Chunks: 0,
2025-03-11 22:20:10.927	NewBlock 809, Chunks: 0,
2025-03-11 22:20:23.299	NewBlock 810, Chunks: 0,
2025-03-11 22:20:35.203	NewBlock 811, Chunks: 0,
2025-03-11 22:20:55.066	NewBlock 812, Chunks: 0,
2025-03-11 22:21:11.759	NewBlock 813, Chunks: 0,
2025-03-11 22:21:21.458	NewBlock 814, Chunks: 0,
2025-03-11 22:21:39.330	NewBlock 815, Chunks: 0,
2025-03-11 22:21:58.090	NewBlock 816, Chunks: 0,
2025-03-11 22:22:04.360	NewBlock 817, Chunks: 0,
2025-03-11 22:22:26.533	NewBlock 818, Chunks: 0,
2025-03-11 22:22:34.387	NewBlock 819, Chunks: 0,
2025-03-11 22:22:59.749	NewBlock 820, Chunks: 0,
2025-03-11 22:34:56.104	NewBlock 821, Chunks: 0,
2025-03-11 22:35:00.535	NewBlock 822, Chunks: 0,
2025-03-11 22:35:09.408	NewBlock 823, Chunks: 0,
2025-03-11 22:35:17.207	NewBlock 824, Chunks: 0,
2025-03-11 22:35:25.000	NewBlock 825, Chunks: 0,
2025-03-11 22:35:25.980	NewBlock 826, Chunks: 0,
2025-03-11 22:35:38.128	NewBlock 827, Chunks: 0,
2025-03-11 22:35:46.884	NewBlock 828, Chunks: 0,
2025-03-11 22:35:53.761	NewBlock 828, Chunks: 0,
2025-03-11 22:35:53.780	NewBlock 829, Chunks: 0,
2025-03-11 22:35:59.152	NewBlock 830, Chunks: 0,
2025-03-11 22:36:04.728	NewBlock 831, Chunks: 0,
2025-03-11 22:36:11.248	NewBlock 832, Chunks: 0,
2025-03-11 22:36:23.326	NewBlock 833, Chunks: 0,
2025-03-11 22:36:47.689	NewBlock 834, Chunks: 0,
2025-03-11 22:37:08.649	NewBlock 835, Chunks: 0,
2025-03-11 22:37:30.472	NewBlock 836, Chunks: 0,
2025-03-11 22:37:50.437	NewBlock 837, Chunks: 0,
2025-03-11 22:37:58.232	NewBlock 838, Chunks: 0,
2025-03-11 22:38:10.212	NewBlock 839, Chunks: 0,
2025-03-11 22:38:25.576	NewBlock 840, Chunks: 0,
2025-03-11 22:38:38.847	NewBlock 841, Chunks: 0,
2025-03-11 22:38:58.821	NewBlock 842, Chunks: 0,
2025-03-11 22:39:11.781	NewBlock 843, Chunks: 0,
2025-03-12 01:07:44.231	NewBlock -1, Chunks: 0,
2025-03-12 01:15:45.444	Initialized. Chunks: 0
2025-03-12 02:32:59.846	NewBlock 844, Chunks: 0,
2025-03-12 02:33:12.160	NewBlock 845, Chunks: 0,
2025-03-12 02:33:24.918	NewBlock 846, Chunks: 0,
2025-03-12 02:33:41.565	NewBlock 847, Chunks: 0,
2025-03-12 02:33:55.918	NewBlock 848, Chunks: 0,
2025-03-12 02:34:13.486	NewBlock 849, Chunks: 0,
2025-03-12 02:34:27.944	NewBlock 850, Chunks: 0,
2025-03-12 02:34:45.595	NewBlock 851, Chunks: 0,
2025-03-12 02:34:56.728	NewBlock 852, Chunks: 0,
2025-03-12 02:35:10.466	NewBlock 853, Chunks: 0,
2025-03-12 02:35:29.051	NewBlock 854, Chunks: 0,
2025-03-12 02:35:41.322	NewBlock 855, Chunks: 0,
2025-03-12 02:35:56.200	NewBlock 856, Chunks: 0,
2025-03-12 02:36:08.992	NewBlock 857, Chunks: 0,
2025-03-12 02:36:24.870	NewBlock 858, Chunks: 0,
2025-03-12 02:36:43.635	NewBlock 859, Chunks: 0,
2025-03-12 02:36:58.023	NewBlock 860, Chunks: 0,
2025-03-12 02:37:15.124	NewBlock 861, Chunks: 0,
2025-03-12 02:37:29.474	NewBlock 862, Chunks: 0,
2025-03-12 02:37:43.852	NewBlock 863, Chunks: 0,
2025-03-12 02:38:01.327	NewBlock 864, Chunks: 0,
2025-03-12 02:42:56.306	NewBlock 865, Chunks: 0,
2025-03-12 02:43:02.950	NewBlock 866, Chunks: 0,
2025-03-12 02:43:11.909	NewBlock 867, Chunks: 0,
2025-03-12 02:43:15.166	NewBlock 868, Chunks: 0,
2025-03-12 02:43:25.125	NewBlock 869, Chunks: 0,
2025-03-12 02:43:29.664	NewBlock 870, Chunks: 0,
2025-03-12 02:43:39.521	NewBlock 871, Chunks: 0,
2025-03-12 02:43:42.971	NewBlock 872, Chunks: 0,
2025-03-12 02:43:50.931	NewBlock 873, Chunks: 0,
2025-03-12 02:43:59.496	NewBlock 874, Chunks: 0,
2025-03-12 02:44:16.012	NewBlock 875, Chunks: 0,
2025-03-12 02:44:38.194	NewBlock 876, Chunks: 0,
2025-03-12 02:45:01.966	NewBlock 877, Chunks: 0,
2025-03-12 02:45:23.331	NewBlock 878, Chunks: 0,
2025-03-12 02:45:39.297	NewBlock 879, Chunks: 0,
2025-03-12 02:45:52.903	NewBlock 880, Chunks: 0,
2025-03-12 02:45:59.787	NewBlock 880, Chunks: 0,
2025-03-12 02:45:59.811	NewBlock 881, Chunks: 0,
2025-03-12 02:46:16.075	NewBlock 882, Chunks: 0,
2025-03-12 02:46:33.912	NewBlock 883, Chunks: 0,
2025-03-12 02:46:46.916	NewBlock 884, Chunks: 0,
2025-03-12 02:47:05.297	NewBlock 885, Chunks: 0,
2025-03-12 02:47:16.668	NewBlock 886, Chunks: 0,
2025-03-12 02:47:28.477	NewBlock 887, Chunks: 0,
2025-03-12 02:47:59.384	NewBlock 888, Chunks: 0,
2025-03-12 02:48:11.945	NewBlock 889, Chunks: 0,
2025-03-12 02:48:17.277	NewBlock 890, Chunks: 0,
2025-03-12 02:48:33.877	NewBlock 891, Chunks: 0,
2025-03-12 02:48:58.130	NewBlock 892, Chunks: 0,
2025-03-12 02:49:07.168	NewBlock 893, Chunks: 0,
2025-03-12 02:49:20.223	NewBlock 894, Chunks: 0,
2025-03-12 02:49:38.997	NewBlock 895, Chunks: 0,
2025-03-12 02:49:50.040	NewBlock 896, Chunks: 0,
2025-03-12 02:50:06.087	NewBlock 897, Chunks: 0,
2025-03-12 02:50:24.227	NewBlock 898, Chunks: 0,
2025-03-12 02:50:33.088	NewBlock 899, Chunks: 0,
2025-03-12 02:50:51.299	NewBlock 900, Chunks: 0,
2025-03-12 02:51:02.859	NewBlock 901, Chunks: 0,
2025-03-12 02:51:17.248	NewBlock 902, Chunks: 0,
2025-03-12 02:51:32.076	NewBlock 903, Chunks: 0,
2025-03-12 02:51:51.841	NewBlock 904, Chunks: 0,
2025-03-12 02:52:06.845	NewBlock 905, Chunks: 0,
2025-03-12 02:52:20.131	NewBlock 906, Chunks: 0,
2025-03-12 02:52:34.485	NewBlock 907, Chunks: 0,
2025-03-12 02:52:48.145	NewBlock 908, Chunks: 0,
2025-03-12 02:53:03.138	NewBlock 909, Chunks: 0,
2025-03-12 02:53:15.298	NewBlock 910, Chunks: 0,
2025-03-12 02:53:35.147	NewBlock 911, Chunks: 0,
2025-03-12 02:53:53.923	NewBlock 912, Chunks: 0,
2025-03-12 02:54:01.677	NewBlock 913, Chunks: 0,
2025-03-12 02:54:19.706	NewBlock 914, Chunks: 0,
2025-03-12 02:54:35.832	NewBlock 915, Chunks: 0,
2025-03-12 02:54:48.382	NewBlock 916, Chunks: 0,
2025-03-12 02:55:06.140	NewBlock 917, Chunks: 0,
2025-03-12 02:55:17.694	NewBlock 918, Chunks: 0,
2025-03-12 02:55:39.766	NewBlock 919, Chunks: 0,
2025-03-12 02:55:50.815	NewBlock 920, Chunks: 0,
2025-03-12 02:56:02.262	NewBlock 921, Chunks: 0,
2025-03-12 02:56:15.316	NewBlock 922, Chunks: 0,
2025-03-12 02:56:38.177	NewBlock 923, Chunks: 0,
2025-03-12 02:56:55.844	NewBlock 924, Chunks: 0,
2025-03-12 02:57:06.609	NewBlock 925, Chunks: 0,
2025-03-12 02:57:17.700	NewBlock 926, Chunks: 0,
2025-03-12 02:57:33.237	NewBlock 927, Chunks: 0,
2025-03-12 02:57:55.310	NewBlock 928, Chunks: 0,
2025-03-12 02:58:08.359	NewBlock 929, Chunks: 0,
2025-03-12 02:58:20.688	NewBlock 930, Chunks: 0,
2025-03-12 02:58:34.060	NewBlock 931, Chunks: 0,
2025-03-12 02:58:57.129	NewBlock 932, Chunks: 0,
2025-03-12 02:59:05.986	NewBlock 933, Chunks: 0,
2025-03-12 02:59:18.823	NewBlock 934, Chunks: 0,
2025-03-12 02:59:36.869	NewBlock 935, Chunks: 0,
2025-03-12 02:59:49.130	NewBlock 936, Chunks: 0,
2025-03-12 03:00:04.058	NewBlock 937, Chunks: 0,
2025-03-12 03:00:19.540	NewBlock 938, Chunks: 0,
2025-03-12 03:00:31.711	NewBlock 939, Chunks: 0,
2025-03-12 03:01:23.478	NewBlock 940, Chunks: 0,
2025-03-12 03:01:32.520	NewBlock 941, Chunks: 0,
2025-03-12 03:01:38.923	NewBlock 942, Chunks: 0,
2025-03-12 03:01:45.567	NewBlock 943, Chunks: 0,
2025-03-12 03:01:55.514	NewBlock 944, Chunks: 0,
2025-03-12 03:02:11.134	NewBlock 945, Chunks: 0,
2025-03-12 03:02:28.592	NewBlock 946, Chunks: 0,
2025-03-12 03:02:46.250	NewBlock 947, Chunks: 0,
2025-03-12 03:02:57.503	NewBlock 948, Chunks: 0,
2025-03-12 03:03:21.788	NewBlock 949, Chunks: 0,
2025-03-12 03:03:29.084	NewBlock 950, Chunks: 0,
2025-03-12 03:08:04.243	NewBlock 951, Chunks: 0,
2025-03-12 03:08:08.724	NewBlock 952, Chunks: 0,
2025-03-12 03:08:12.077	NewBlock 953, Chunks: 0,
2025-03-12 03:08:23.178	NewBlock 954, Chunks: 0,
2025-03-12 03:08:26.532	NewBlock 955, Chunks: 0,
2025-03-12 03:08:36.481	NewBlock 956, Chunks: 0,
2025-03-12 03:08:46.429	NewBlock 957, Chunks: 0,
2025-03-12 03:08:58.593	NewBlock 958, Chunks: 0,
2025-03-12 03:09:03.038	NewBlock 959, Chunks: 0,
2025-03-12 03:09:14.090	NewBlock 960, Chunks: 0,
2025-03-12 03:09:22.600	NewBlock 961, Chunks: 0,
2025-03-12 03:14:12.024	NewBlock 962, Chunks: 0,
2025-03-12 03:14:23.300	NewBlock 963, Chunks: 0,
2025-03-12 03:14:31.076	NewBlock 964, Chunks: 0,
2025-03-12 03:14:40.700	NewBlock 965, Chunks: 0,
2025-03-12 03:14:47.352	NewBlock 966, Chunks: 0,
2025-03-12 03:14:58.409	NewBlock 967, Chunks: 0,
2025-03-12 03:15:05.249	NewBlock 968, Chunks: 0,
2025-03-12 03:15:10.839	NewBlock 969, Chunks: 0,
2025-03-12 03:15:26.306	NewBlock 970, Chunks: 0,
2025-03-12 03:15:43.534	NewBlock 971, Chunks: 0,
2025-03-12 03:15:47.256	NewBlock 972, Chunks: 0,
2025-03-12 03:16:12.208	NewBlock 973, Chunks: 0,
2025-03-12 03:16:33.181	NewBlock 974, Chunks: 0,
2025-03-12 03:19:20.784	NewBlock 975, Chunks: 0,
2025-03-12 03:19:26.968	NewBlock 976, Chunks: 0,
2025-03-12 03:19:30.415	NewBlock 977, Chunks: 0,
2025-03-12 03:19:38.269	NewBlock 978, Chunks: 0,
2025-03-12 03:19:48.356	NewBlock 979, Chunks: 0,
2025-03-12 03:19:54.734	NewBlock 980, Chunks: 0,
2025-03-12 03:19:59.182	NewBlock 981, Chunks: 0,
2025-03-12 03:20:11.536	NewBlock 982, Chunks: 0,
2025-03-12 03:20:20.311	NewBlock 983, Chunks: 0,
2025-03-12 03:20:28.098	NewBlock 984, Chunks: 0,
2025-03-12 03:20:56.670	NewBlock 985, Chunks: 0,
2025-03-12 03:21:18.599	NewBlock 986, Chunks: 0,
2025-03-12 03:21:37.483	NewBlock 987, Chunks: 0,
2025-03-12 03:21:56.170	NewBlock 988, Chunks: 0,
2025-03-12 03:22:09.379	NewBlock 989, Chunks: 0,
2025-03-12 03:23:56.149	NewBlock 990, Chunks: 0,
2025-03-12 03:24:04.984	NewBlock 991, Chunks: 0,
2025-03-12 03:24:16.141	NewBlock 992, Chunks: 0,
2025-03-12 03:24:21.589	NewBlock 993, Chunks: 0,
2025-03-12 03:24:28.446	NewBlock 994, Chunks: 0,
2025-03-12 03:24:32.545	NewBlock 995, Chunks: 0,
2025-03-12 03:24:39.398	NewBlock 996, Chunks: 0,
2025-03-12 03:24:49.107	NewBlock 997, Chunks: 0,
2025-03-12 03:25:08.072	NewBlock 998, Chunks: 0,
2025-03-12 03:25:25.484	NewBlock 999, Chunks: 0,
2025-03-12 03:25:45.328	NewBlock 1000, Chunks: 0,
