2025-03-08 01:39:17.501	Initialized. Chunks: 0
2025-03-08 01:39:17.592	Entity (00000105, 000000008e46e9baa2fed56bfd1bcca9cf563065) added successfully
2025-03-08 01:39:17.612	NewBlock 0, Chunks: 0,
2025-03-08 01:39:18.363	NewBlock 1, Chunks: 0,
2025-03-08 01:39:18.394	NewBlock 2, Chunks: 0,
2025-03-08 01:39:18.424	NewBlock 3, Chunks: 0,
2025-03-08 01:39:18.454	NewBlock 4, Chunks: 0,
2025-03-08 01:39:18.487	NewBlock 5, Chunks: 0,
2025-03-08 01:39:18.519	NewBlock 6, Chunks: 0,
2025-03-08 01:39:18.550	NewBlock 7, Chunks: 0,
2025-03-08 01:39:26.699	NewBlock 8, Chunks: 0,
2025-03-08 01:39:47.676	NewBlock 9, Chunks: 0,
2025-03-08 01:40:04.250	NewBlock 10, Chunks: 0,
2025-03-08 01:40:21.830	NewBlock 11, Chunks: 0,
2025-03-08 01:40:37.494	NewBlock 12, Chunks: 0,
2025-03-08 01:40:51.858	NewBlock 13, Chunks: 0,
2025-03-08 01:41:06.124	NewBlock 14, Chunks: 0,
2025-03-08 01:41:21.800	NewBlock 15, Chunks: 0,
2025-03-08 01:41:22.753	NewBlock 16, Chunks: 0,
2025-03-08 01:41:41.730	NewBlock 17, Chunks: 0,
2025-03-08 01:42:03.417	NewBlock 18, Chunks: 0,
2025-03-08 01:42:16.674	NewBlock 19, Chunks: 0,
2025-03-08 01:42:34.547	NewBlock 20, Chunks: 0,
2025-03-08 01:42:50.917	NewBlock 21, Chunks: 0,
2025-03-08 01:43:06.485	NewBlock 22, Chunks: 0,
2025-03-08 01:43:22.762	NewBlock 23, Chunks: 0,
2025-03-08 01:43:36.024	NewBlock 24, Chunks: 0,
2025-03-08 01:43:48.391	NewBlock 25, Chunks: 0,
2025-03-08 01:44:00.290	NewBlock 26, Chunks: 0,
2025-03-08 01:44:15.967	NewBlock 27, Chunks: 0,
2025-03-08 01:44:32.274	NewBlock 28, Chunks: 0,
2025-03-08 01:44:55.462	NewBlock 29, Chunks: 0,
2025-03-08 01:45:02.102	NewBlock 30, Chunks: 0,
2025-03-08 01:45:17.793	NewBlock 31, Chunks: 0,
2025-03-08 01:45:30.770	NewBlock 32, Chunks: 0,
2025-03-08 01:45:45.159	NewBlock 33, Chunks: 0,
2025-03-08 01:45:59.544	NewBlock 34, Chunks: 0,
2025-03-08 01:46:16.523	NewBlock 35, Chunks: 0,
2025-03-08 01:46:31.507	NewBlock 36, Chunks: 0,
2025-03-08 01:46:42.550	NewBlock 37, Chunks: 0,
2025-03-08 01:46:57.996	NewBlock 38, Chunks: 0,
2025-03-08 01:47:12.644	NewBlock 39, Chunks: 0,
2025-03-08 01:47:28.874	NewBlock 40, Chunks: 0,
2025-03-08 01:47:47.345	NewBlock 40, Chunks: 0,
2025-03-08 01:47:47.363	NewBlock 41, Chunks: 0,
2025-03-08 01:47:58.511	NewBlock 42, Chunks: 0,
2025-03-08 01:48:15.376	NewBlock 43, Chunks: 0,
2025-03-08 01:48:30.590	NewBlock 44, Chunks: 0,
2025-03-08 01:48:40.549	NewBlock 45, Chunks: 0,
2025-03-08 01:48:58.284	NewBlock 46, Chunks: 0,
2025-03-08 01:49:14.845	NewBlock 47, Chunks: 0,
2025-03-08 01:49:31.241	NewBlock 48, Chunks: 0,
2025-03-08 01:49:40.146	NewBlock 49, Chunks: 0,
2025-03-08 01:50:03.363	NewBlock 50, Chunks: 0,
2025-03-08 01:50:19.823	NewBlock 51, Chunks: 0,
2025-03-08 01:50:30.950	NewBlock 52, Chunks: 0,
2025-03-08 01:50:45.216	NewBlock 53, Chunks: 0,
2025-03-08 01:50:57.380	NewBlock 54, Chunks: 0,
2025-03-08 01:51:15.149	NewBlock 55, Chunks: 0,
2025-03-08 01:51:37.976	NewBlock 56, Chunks: 0,
2025-03-08 01:51:47.920	NewBlock 57, Chunks: 0,
2025-03-08 01:51:58.974	NewBlock 58, Chunks: 0,
2025-03-08 01:52:12.228	NewBlock 59, Chunks: 0,
2025-03-08 03:02:43.972	NewBlock 60, Chunks: 0,
2025-03-08 03:02:49.655	NewBlock 61, Chunks: 0,
2025-03-08 03:02:56.514	NewBlock 62, Chunks: 0,
2025-03-08 03:03:03.827	NewBlock 63, Chunks: 0,
2025-03-08 03:03:08.507	NewBlock 63, Chunks: 0,
2025-03-08 03:03:08.527	NewBlock 64, Chunks: 0,
2025-03-08 03:03:22.992	NewBlock 65, Chunks: 0,
2025-03-08 03:03:37.167	NewBlock 66, Chunks: 0,
2025-03-08 03:03:40.615	NewBlock 67, Chunks: 0,
2025-03-08 03:03:48.265	NewBlock 68, Chunks: 0,
2025-03-08 03:03:52.812	NewBlock 69, Chunks: 0,
2025-03-08 03:03:58.886	NewBlock 70, Chunks: 0,
2025-03-08 03:05:12.096	NewBlock 71, Chunks: 0,
2025-03-08 03:05:17.741	NewBlock 72, Chunks: 0,
2025-03-08 03:05:27.608	NewBlock 73, Chunks: 0,
2025-03-08 03:05:37.684	NewBlock 74, Chunks: 0,
2025-03-08 03:05:48.150	NewBlock 75, Chunks: 0,
2025-03-08 03:06:00.423	NewBlock 76, Chunks: 0,
2025-03-08 03:06:00.778	NewBlock 77, Chunks: 0,
2025-03-08 03:06:26.178	NewBlock 78, Chunks: 0,
2025-03-08 03:06:48.273	NewBlock 79, Chunks: 0,
2025-03-08 03:06:59.844	NewBlock 80, Chunks: 0,
2025-03-08 03:07:11.315	NewBlock 81, Chunks: 0,
2025-03-08 03:07:56.525	NewBlock 82, Chunks: 0,
2025-03-08 03:08:10.890	NewBlock 83, Chunks: 0,
2025-03-08 03:08:18.231	NewBlock 84, Chunks: 0,
2025-03-08 03:08:26.983	NewBlock 85, Chunks: 0,
2025-03-08 03:08:35.931	NewBlock 86, Chunks: 0,
2025-03-08 03:08:48.081	NewBlock 87, Chunks: 0,
2025-03-08 03:09:04.548	NewBlock 88, Chunks: 0,
2025-03-08 03:09:22.441	NewBlock 89, Chunks: 0,
2025-03-08 03:09:41.190	NewBlock 90, Chunks: 0,
2025-03-08 03:09:56.650	NewBlock 91, Chunks: 0,
2025-03-08 03:10:13.205	NewBlock 92, Chunks: 0,
2025-03-08 03:11:04.613	NewBlock 93, Chunks: 0,
2025-03-08 03:11:09.367	NewBlock 94, Chunks: 0,
2025-03-08 03:11:19.962	NewBlock 95, Chunks: 0,
2025-03-08 03:11:25.933	NewBlock 96, Chunks: 0,
2025-03-08 03:11:32.127	NewBlock 97, Chunks: 0,
2025-03-08 03:11:46.591	NewBlock 98, Chunks: 0,
2025-03-08 03:12:05.166	NewBlock 99, Chunks: 0,
2025-03-08 03:12:22.938	NewBlock 100, Chunks: 0,
2025-03-08 03:12:42.817	NewBlock 101, Chunks: 0,
2025-03-08 03:12:57.190	NewBlock 102, Chunks: 0,
2025-03-08 03:13:08.317	NewBlock 103, Chunks: 0,
2025-03-08 03:13:23.771	NewBlock 104, Chunks: 0,
2025-03-08 03:13:41.421	NewBlock 105, Chunks: 0,
2025-03-08 03:13:55.766	NewBlock 106, Chunks: 0,
2025-03-08 03:14:10.187	NewBlock 107, Chunks: 0,
2025-03-08 03:14:24.614	NewBlock 108, Chunks: 0,
2025-03-08 03:14:40.663	NewBlock 109, Chunks: 0,
2025-03-08 03:14:58.249	NewBlock 110, Chunks: 0,
2025-03-08 03:15:11.637	NewBlock 110, Chunks: 0,
2025-03-08 03:15:11.666	NewBlock 111, Chunks: 0,
2025-03-08 03:15:23.720	NewBlock 112, Chunks: 0,
2025-03-08 03:15:38.992	NewBlock 113, Chunks: 0,
2025-03-08 03:15:53.337	NewBlock 114, Chunks: 0,
2025-03-08 03:16:07.780	NewBlock 115, Chunks: 0,
2025-03-08 03:16:24.352	NewBlock 116, Chunks: 0,
2025-03-08 03:16:38.746	NewBlock 117, Chunks: 0,
2025-03-08 03:16:52.922	NewBlock 118, Chunks: 0,
2025-03-08 03:17:08.516	NewBlock 119, Chunks: 0,
2025-03-08 03:17:20.713	NewBlock 120, Chunks: 0,
2025-03-08 03:17:46.091	NewBlock 121, Chunks: 0,
2025-03-08 03:17:50.537	NewBlock 122, Chunks: 0,
2025-03-08 03:18:06.050	NewBlock 123, Chunks: 0,
2025-03-08 03:18:19.919	NewBlock 124, Chunks: 0,
2025-03-08 03:18:34.293	NewBlock 125, Chunks: 0,
2025-03-08 03:18:53.053	NewBlock 126, Chunks: 0,
2025-03-08 03:19:06.120	NewBlock 127, Chunks: 0,
2025-03-08 03:19:26.990	NewBlock 128, Chunks: 0,
2025-03-08 03:19:39.149	NewBlock 129, Chunks: 0,
2025-03-08 03:19:52.521	NewBlock 130, Chunks: 0,
2025-03-08 03:20:03.583	NewBlock 131, Chunks: 0,
2025-03-08 03:20:22.189	NewBlock 132, Chunks: 0,
2025-03-08 03:20:38.856	NewBlock 133, Chunks: 0,
2025-03-08 03:20:48.721	NewBlock 134, Chunks: 0,
2025-03-08 03:21:10.960	NewBlock 135, Chunks: 0,
2025-03-08 03:21:25.108	NewBlock 136, Chunks: 0,
2025-03-08 03:21:37.467	NewBlock 137, Chunks: 0,
2025-03-08 03:21:50.287	NewBlock 138, Chunks: 0,
2025-03-08 03:22:14.490	NewBlock 139, Chunks: 0,
2025-03-08 03:22:21.357	NewBlock 140, Chunks: 0,
2025-03-08 03:22:37.723	NewBlock 141, Chunks: 0,
2025-03-08 03:22:48.782	NewBlock 142, Chunks: 0,
2025-03-08 03:23:08.751	NewBlock 143, Chunks: 0,
2025-03-08 03:23:27.426	NewBlock 144, Chunks: 0,
2025-03-08 03:23:38.573	NewBlock 145, Chunks: 0,
2025-03-08 03:23:50.526	NewBlock 146, Chunks: 0,
2025-03-08 03:24:06.012	NewBlock 147, Chunks: 0,
2025-03-08 03:24:21.391	NewBlock 148, Chunks: 0,
2025-03-08 03:24:40.292	NewBlock 149, Chunks: 0,
2025-03-08 03:24:50.151	NewBlock 150, Chunks: 0,
2025-03-08 03:25:09.994	NewBlock 151, Chunks: 0,
2025-03-08 03:25:22.249	NewBlock 152, Chunks: 0,
2025-03-08 03:25:34.227	NewBlock 153, Chunks: 0,
2025-03-08 03:25:55.279	NewBlock 154, Chunks: 0,
2025-03-08 03:26:10.366	NewBlock 155, Chunks: 0,
2025-03-08 03:26:20.543	NewBlock 156, Chunks: 0,
2025-03-08 03:26:41.619	NewBlock 157, Chunks: 0,
2025-03-08 03:26:49.373	NewBlock 158, Chunks: 0,
2025-03-08 03:27:04.534	NewBlock 159, Chunks: 0,
2025-03-08 03:27:26.825	NewBlock 160, Chunks: 0,
2025-03-08 03:27:36.787	NewBlock 161, Chunks: 0,
2025-03-08 03:27:50.975	NewBlock 162, Chunks: 0,
2025-03-08 03:39:48.965	NewBlock 163, Chunks: 0,
2025-03-08 03:39:59.818	NewBlock 164, Chunks: 0,
2025-03-08 03:40:13.778	NewBlock 165, Chunks: 0,
2025-03-08 03:40:24.833	NewBlock 166, Chunks: 0,
2025-03-08 03:40:29.594	NewBlock 167, Chunks: 0,
2025-03-08 03:40:41.451	NewBlock 168, Chunks: 0,
2025-03-08 03:40:44.912	NewBlock 169, Chunks: 0,
2025-03-08 03:40:49.264	NewBlock 170, Chunks: 0,
2025-03-08 03:40:54.278	NewBlock 171, Chunks: 0,
2025-03-08 03:41:00.954	NewBlock 172, Chunks: 0,
2025-03-08 03:41:06.525	NewBlock 173, Chunks: 0,
2025-03-08 03:41:11.049	NewBlock 174, Chunks: 0,
2025-03-08 03:47:31.822	NewBlock 175, Chunks: 0,
2025-03-08 03:47:43.967	NewBlock 176, Chunks: 0,
2025-03-08 03:47:47.336	NewBlock 177, Chunks: 0,
2025-03-08 03:47:50.695	NewBlock 178, Chunks: 0,
2025-03-08 03:47:57.343	NewBlock 179, Chunks: 0,
2025-03-08 03:48:04.285	NewBlock 180, Chunks: 0,
2025-03-08 03:48:11.715	NewBlock 181, Chunks: 0,
2025-03-08 03:48:17.260	NewBlock 182, Chunks: 0,
2025-03-08 03:48:28.614	NewBlock 183, Chunks: 0,
2025-03-08 03:48:43.914	NewBlock 184, Chunks: 0,
2025-03-08 03:48:54.094	NewBlock 185, Chunks: 0,
2025-03-08 03:51:19.224	NewBlock 186, Chunks: 0,
2025-03-08 03:51:23.668	NewBlock 187, Chunks: 0,
2025-03-08 03:51:32.299	NewBlock 188, Chunks: 0,
2025-03-08 03:51:37.648	NewBlock 189, Chunks: 0,
2025-03-08 03:51:46.607	NewBlock 190, Chunks: 0,
2025-03-08 03:51:57.842	NewBlock 191, Chunks: 0,
2025-03-08 03:52:11.113	NewBlock 192, Chunks: 0,
2025-03-08 03:52:19.739	NewBlock 193, Chunks: 0,
2025-03-08 03:52:25.488	NewBlock 194, Chunks: 0,
2025-03-08 03:52:46.456	NewBlock 195, Chunks: 0,
2025-03-08 03:53:03.777	NewBlock 196, Chunks: 0,
2025-03-08 03:56:46.423	NewBlock 197, Chunks: 0,
2025-03-08 03:56:52.733	NewBlock 198, Chunks: 0,
2025-03-08 03:57:09.412	NewBlock 199, Chunks: 0,
2025-03-08 03:57:19.509	NewBlock 200, Chunks: 0,
2025-03-08 03:57:28.352	NewBlock 201, Chunks: 0,
2025-03-08 03:57:32.584	NewBlock 202, Chunks: 0,
2025-03-08 03:57:37.200	NewBlock 203, Chunks: 0,
2025-03-08 03:57:49.369	NewBlock 204, Chunks: 0,
2025-03-08 03:57:55.654	NewBlock 205, Chunks: 0,
2025-03-08 03:57:59.308	NewBlock 206, Chunks: 0,
2025-03-08 03:58:16.968	NewBlock 207, Chunks: 0,
2025-03-08 04:01:28.509	NewBlock 208, Chunks: 0,
2025-03-08 04:01:33.653	NewBlock 208, Chunks: 0,
2025-03-08 04:01:33.688	NewBlock 209, Chunks: 0,
2025-03-08 04:01:45.767	NewBlock 210, Chunks: 0,
2025-03-08 04:01:54.634	NewBlock 211, Chunks: 0,
2025-03-08 04:02:03.757	NewBlock 212, Chunks: 0,
2025-03-08 04:02:09.096	NewBlock 213, Chunks: 0,
2025-03-08 04:02:20.346	NewBlock 214, Chunks: 0,
2025-03-08 04:02:34.290	NewBlock 215, Chunks: 0,
2025-03-08 04:02:39.105	NewBlock 216, Chunks: 0,
2025-03-08 04:02:56.754	NewBlock 217, Chunks: 0,
2025-03-08 04:03:09.112	NewBlock 218, Chunks: 0,
2025-03-08 04:03:30.693	NewBlock 219, Chunks: 0,
2025-03-08 04:03:52.176	NewBlock 220, Chunks: 0,
2025-03-08 04:04:09.143	NewBlock 221, Chunks: 0,
2025-03-08 04:04:27.506	NewBlock 222, Chunks: 0,
2025-03-08 04:04:36.663	NewBlock 223, Chunks: 0,
2025-03-08 04:04:53.932	NewBlock 224, Chunks: 0,
2025-03-08 04:04:54.473	NewBlock 225, Chunks: 0,
2025-03-08 04:05:15.445	NewBlock 226, Chunks: 0,
2025-03-08 04:05:32.372	NewBlock 227, Chunks: 0,
2025-03-08 04:05:44.102	NewBlock 228, Chunks: 0,
2025-03-08 04:06:00.685	NewBlock 229, Chunks: 0,
2025-03-08 04:06:13.941	NewBlock 230, Chunks: 0,
2025-03-08 04:06:32.723	NewBlock 231, Chunks: 0,
2025-03-08 04:06:45.144	NewBlock 232, Chunks: 0,
2025-03-08 04:17:34.124	NewBlock 233, Chunks: 0,
2025-03-08 04:17:45.171	NewBlock 234, Chunks: 0,
2025-03-08 04:17:56.539	NewBlock 235, Chunks: 0,
2025-03-08 04:18:06.202	NewBlock 236, Chunks: 0,
2025-03-08 04:18:12.011	NewBlock 237, Chunks: 0,
2025-03-08 04:18:16.554	NewBlock 238, Chunks: 0,
2025-03-08 04:18:24.968	NewBlock 239, Chunks: 0,
2025-03-08 04:18:30.952	NewBlock 239, Chunks: 0,
2025-03-08 04:18:30.972	NewBlock 240, Chunks: 0,
2025-03-08 04:18:37.624	NewBlock 241, Chunks: 0,
2025-03-08 04:18:44.842	NewBlock 242, Chunks: 0,
2025-03-08 04:18:59.199	NewBlock 243, Chunks: 0,
2025-03-08 04:19:02.953	NewBlock 243, Chunks: 0,
2025-03-08 04:19:02.972	NewBlock 244, Chunks: 0,
2025-03-08 04:26:00.704	NewBlock 245, Chunks: 0,
2025-03-08 04:26:08.456	NewBlock 246, Chunks: 0,
2025-03-08 04:26:11.809	NewBlock 247, Chunks: 0,
2025-03-08 04:26:19.691	NewBlock 248, Chunks: 0,
2025-03-08 04:26:26.224	NewBlock 249, Chunks: 0,
2025-03-08 04:26:34.256	NewBlock 250, Chunks: 0,
2025-03-08 04:26:39.900	NewBlock 251, Chunks: 0,
2025-03-08 04:26:47.250	NewBlock 252, Chunks: 0,
2025-03-08 04:26:51.020	NewBlock 252, Chunks: 0,
2025-03-08 04:26:51.058	NewBlock 253, Chunks: 0,
2025-03-08 04:26:58.730	NewBlock 254, Chunks: 0,
2025-03-08 04:27:07.099	NewBlock 255, Chunks: 0,
2025-03-08 04:27:31.393	NewBlock 256, Chunks: 0,
2025-03-08 04:27:58.731	NewBlock 257, Chunks: 0,
2025-03-08 04:36:07.619	NewBlock 258, Chunks: 0,
2025-03-08 04:36:11.879	NewBlock 259, Chunks: 0,
2025-03-08 04:36:28.226	NewBlock 260, Chunks: 0,
2025-03-08 04:36:44.794	NewBlock 261, Chunks: 0,
2025-03-08 04:36:53.802	NewBlock 261, Chunks: 0,
2025-03-08 04:36:53.823	NewBlock 262, Chunks: 0,
2025-03-08 04:37:02.877	NewBlock 263, Chunks: 0,
2025-03-08 04:37:09.233	NewBlock 264, Chunks: 0,
2025-03-08 04:37:19.203	NewBlock 265, Chunks: 0,
2025-03-08 04:37:24.953	NewBlock 266, Chunks: 0,
2025-03-08 04:37:30.295	NewBlock 267, Chunks: 0,
2025-03-08 04:37:42.354	NewBlock 268, Chunks: 0,
2025-03-08 04:37:58.039	NewBlock 268, Chunks: 0,
2025-03-08 04:37:58.066	NewBlock 269, Chunks: 0,
2025-03-08 05:16:21.562	NewBlock 270, Chunks: 0,
2025-03-08 05:16:34.437	NewBlock 271, Chunks: 0,
2025-03-08 05:16:41.103	NewBlock 272, Chunks: 0,
2025-03-08 05:16:46.116	NewBlock 273, Chunks: 0,
2025-03-08 05:16:50.625	NewBlock 274, Chunks: 0,
2025-03-08 05:17:02.785	NewBlock 275, Chunks: 0,
2025-03-08 05:17:11.082	NewBlock 276, Chunks: 0,
2025-03-08 05:17:14.433	NewBlock 277, Chunks: 0,
2025-03-08 05:17:27.699	NewBlock 278, Chunks: 0,
2025-03-08 05:17:34.059	NewBlock 279, Chunks: 0,
2025-03-08 05:17:43.116	NewBlock 280, Chunks: 0,
2025-03-08 05:23:56.099	NewBlock 281, Chunks: 0,
2025-03-08 05:24:06.355	NewBlock 282, Chunks: 0,
2025-03-08 05:24:13.158	NewBlock 283, Chunks: 0,
2025-03-08 05:24:19.210	NewBlock 284, Chunks: 0,
2025-03-08 05:24:23.107	NewBlock 285, Chunks: 0,
2025-03-08 05:24:29.364	NewBlock 286, Chunks: 0,
2025-03-08 05:24:45.644	NewBlock 287, Chunks: 0,
2025-03-08 05:24:56.724	NewBlock 288, Chunks: 0,
2025-03-08 05:25:08.087	NewBlock 289, Chunks: 0,
2025-03-08 05:25:12.534	NewBlock 290, Chunks: 0,
2025-03-08 05:25:18.879	NewBlock 291, Chunks: 0,
2025-03-08 05:40:19.395	NewBlock 292, Chunks: 0,
2025-03-08 05:40:22.557	NewBlock 293, Chunks: 0,
2025-03-08 05:40:34.618	NewBlock 294, Chunks: 0,
2025-03-08 05:40:38.974	NewBlock 295, Chunks: 0,
2025-03-08 05:40:49.037	NewBlock 296, Chunks: 0,
2025-03-08 05:40:53.607	NewBlock 296, Chunks: 0,
2025-03-08 05:40:53.628	NewBlock 297, Chunks: 0,
2025-03-08 05:41:05.983	NewBlock 298, Chunks: 0,
2025-03-08 05:41:13.529	NewBlock 299, Chunks: 0,
2025-03-08 05:41:21.981	NewBlock 300, Chunks: 0,
2025-03-08 05:41:33.530	NewBlock 301, Chunks: 0,
2025-03-08 05:41:45.785	NewBlock 302, Chunks: 0,
2025-03-08 05:44:39.716	NewBlock 303, Chunks: 0,
2025-03-08 05:44:45.162	NewBlock 304, Chunks: 0,
2025-03-08 05:44:48.607	NewBlock 305, Chunks: 0,
2025-03-08 05:45:01.971	NewBlock 306, Chunks: 0,
2025-03-08 05:45:07.636	NewBlock 306, Chunks: 0,
2025-03-08 05:45:07.656	NewBlock 307, Chunks: 0,
2025-03-08 05:45:10.994	NewBlock 308, Chunks: 0,
2025-03-08 05:45:15.040	NewBlock 309, Chunks: 0,
2025-03-08 05:45:21.906	NewBlock 310, Chunks: 0,
2025-03-08 05:45:34.173	NewBlock 311, Chunks: 0,
2025-03-08 05:45:48.374	NewBlock 312, Chunks: 0,
2025-03-08 05:46:11.474	NewBlock 313, Chunks: 0,
2025-03-08 05:50:05.682	NewBlock 314, Chunks: 0,
2025-03-08 05:50:15.656	NewBlock 315, Chunks: 0,
2025-03-08 05:50:25.718	NewBlock 316, Chunks: 0,
2025-03-08 05:50:32.430	NewBlock 317, Chunks: 0,
2025-03-08 05:50:36.787	NewBlock 318, Chunks: 0,
2025-03-08 05:50:45.609	NewBlock 319, Chunks: 0,
2025-03-08 05:51:01.101	NewBlock 320, Chunks: 0,
2025-03-08 05:51:14.403	NewBlock 321, Chunks: 0,
2025-03-08 05:51:22.248	NewBlock 322, Chunks: 0,
2025-03-08 05:51:38.561	NewBlock 323, Chunks: 0,
2025-03-08 05:51:45.317	NewBlock 324, Chunks: 0,
2025-03-08 05:52:13.811	NewBlock 324, Chunks: 0,
2025-03-08 05:52:13.836	NewBlock 325, Chunks: 0,
2025-03-08 05:52:34.926	NewBlock 326, Chunks: 0,
2025-03-08 05:52:47.935	NewBlock 327, Chunks: 0,
2025-03-08 05:53:06.683	NewBlock 328, Chunks: 0,
2025-03-08 05:53:13.428	NewBlock 329, Chunks: 0,
2025-03-08 05:53:27.492	NewBlock 330, Chunks: 0,
2025-03-08 05:53:41.159	NewBlock 331, Chunks: 0,
2025-03-08 05:53:55.167	NewBlock 332, Chunks: 0,
2025-03-08 05:54:10.649	NewBlock 333, Chunks: 0,
2025-03-08 05:54:25.074	NewBlock 334, Chunks: 0,
2025-03-08 05:54:51.474	NewBlock 335, Chunks: 0,
2025-03-08 05:54:55.118	NewBlock 336, Chunks: 0,
2025-03-08 06:51:34.643	NewBlock 337, Chunks: 0,
2025-03-08 06:51:40.704	NewBlock 338, Chunks: 0,
2025-03-08 06:51:44.460	NewBlock 339, Chunks: 0,
2025-03-08 06:51:48.003	NewBlock 340, Chunks: 0,
2025-03-08 06:51:51.253	NewBlock 341, Chunks: 0,
2025-03-08 06:51:56.020	NewBlock 342, Chunks: 0,
2025-03-08 06:51:59.286	NewBlock 343, Chunks: 0,
2025-03-08 06:52:07.168	NewBlock 344, Chunks: 0,
2025-03-08 06:52:14.204	NewBlock 345, Chunks: 0,
2025-03-08 06:52:19.929	NewBlock 346, Chunks: 0,
2025-03-08 06:52:24.690	NewBlock 347, Chunks: 0,
2025-03-08 07:02:47.215	NewBlock 348, Chunks: 0,
2025-03-08 07:02:54.873	NewBlock 349, Chunks: 0,
2025-03-08 07:02:59.734	NewBlock 350, Chunks: 0,
2025-03-08 07:03:04.194	NewBlock 351, Chunks: 0,
2025-03-08 07:03:10.164	NewBlock 352, Chunks: 0,
2025-03-08 07:03:14.624	NewBlock 353, Chunks: 0,
2025-03-08 07:03:24.570	NewBlock 354, Chunks: 0,
2025-03-08 07:03:30.675	NewBlock 355, Chunks: 0,
2025-03-08 07:03:37.429	NewBlock 356, Chunks: 0,
2025-03-08 07:03:43.990	NewBlock 357, Chunks: 0,
2025-03-08 07:03:51.844	NewBlock 358, Chunks: 0,
2025-03-08 07:06:20.697	NewBlock 359, Chunks: 0,
2025-03-08 07:06:29.543	NewBlock 360, Chunks: 0,
2025-03-08 07:06:38.970	NewBlock 361, Chunks: 0,
2025-03-08 07:06:46.726	NewBlock 362, Chunks: 0,
2025-03-08 07:06:50.063	NewBlock 363, Chunks: 0,
2025-03-08 07:06:58.202	NewBlock 364, Chunks: 0,
2025-03-08 07:07:03.735	NewBlock 365, Chunks: 0,
2025-03-08 07:07:10.368	NewBlock 366, Chunks: 0,
2025-03-08 07:07:25.799	NewBlock 367, Chunks: 0,
2025-03-08 07:07:39.658	NewBlock 368, Chunks: 0,
2025-03-08 07:08:00.946	NewBlock 369, Chunks: 0,
2025-03-08 07:13:52.348	NewBlock 370, Chunks: 0,
2025-03-08 07:13:56.503	NewBlock 371, Chunks: 0,
2025-03-08 07:14:00.951	NewBlock 372, Chunks: 0,
2025-03-08 07:14:16.475	NewBlock 373, Chunks: 0,
2025-03-08 07:14:21.909	NewBlock 374, Chunks: 0,
2025-03-08 07:14:28.556	NewBlock 375, Chunks: 0,
2025-03-08 07:14:39.648	NewBlock 376, Chunks: 0,
2025-03-08 07:14:52.868	NewBlock 377, Chunks: 0,
2025-03-08 07:14:57.206	NewBlock 378, Chunks: 0,
2025-03-08 07:15:02.850	NewBlock 379, Chunks: 0,
2025-03-08 07:15:16.011	NewBlock 380, Chunks: 0,
2025-03-08 07:20:30.986	NewBlock 381, Chunks: 0,
2025-03-08 07:20:37.406	NewBlock 382, Chunks: 0,
2025-03-08 07:20:41.891	NewBlock 383, Chunks: 0,
2025-03-08 07:20:46.257	NewBlock 384, Chunks: 0,
2025-03-08 07:20:50.742	NewBlock 385, Chunks: 0,
2025-03-08 07:21:01.626	NewBlock 386, Chunks: 0,
2025-03-08 07:21:17.209	NewBlock 387, Chunks: 0,
2025-03-08 07:21:22.705	NewBlock 388, Chunks: 0,
2025-03-08 07:21:29.355	NewBlock 389, Chunks: 0,
2025-03-08 07:21:44.784	NewBlock 390, Chunks: 0,
2025-03-08 07:21:44.819	NewBlock 391, Chunks: 0,
2025-03-08 07:25:22.626	NewBlock 392, Chunks: 0,
2025-03-08 07:25:28.170	NewBlock 393, Chunks: 0,
2025-03-08 07:25:33.772	NewBlock 394, Chunks: 0,
2025-03-08 07:25:41.439	NewBlock 395, Chunks: 0,
2025-03-08 07:25:50.394	NewBlock 396, Chunks: 0,
2025-03-08 07:26:01.355	NewBlock 397, Chunks: 0,
2025-03-08 07:26:05.729	NewBlock 398, Chunks: 0,
2025-03-08 07:26:17.881	NewBlock 399, Chunks: 0,
2025-03-08 07:26:25.665	NewBlock 400, Chunks: 0,
2025-03-08 07:26:33.407	NewBlock 401, Chunks: 0,
2025-03-08 07:26:50.773	NewBlock 402, Chunks: 0,
2025-03-08 08:01:58.390	NewBlock -1, Chunks: 0,
2025-03-09 02:52:29.158	Initialized. Chunks: 0
2025-03-09 17:05:11.659	NewBlock -1, Chunks: 0,
2025-03-09 17:42:39.835	Initialized. Chunks: 0
2025-03-09 17:50:02.340	NewBlock 403, Chunks: 0,
2025-03-09 17:50:23.294	NewBlock 404, Chunks: 0,
2025-03-09 17:50:41.346	NewBlock 405, Chunks: 0,
2025-03-09 17:51:01.914	NewBlock 406, Chunks: 0,
2025-03-09 17:51:15.663	NewBlock 407, Chunks: 0,
2025-03-09 17:51:35.226	NewBlock 408, Chunks: 0,
2025-03-09 17:51:47.581	NewBlock 409, Chunks: 0,
2025-03-09 17:51:59.735	NewBlock 410, Chunks: 0,
2025-03-09 17:52:11.702	NewBlock 411, Chunks: 0,
2025-03-09 17:52:23.434	NewBlock 412, Chunks: 0,
2025-03-09 17:52:34.483	NewBlock 413, Chunks: 0,
2025-03-10 00:22:54.532	NewBlock 414, Chunks: 0,
2025-03-10 00:23:03.387	NewBlock 415, Chunks: 0,
2025-03-10 00:23:09.611	NewBlock 415, Chunks: 0,
2025-03-10 00:23:09.629	NewBlock 416, Chunks: 0,
2025-03-10 00:23:19.277	NewBlock 417, Chunks: 0,
2025-03-10 00:23:25.115	NewBlock 418, Chunks: 0,
2025-03-10 00:23:38.079	NewBlock 419, Chunks: 0,
2025-03-10 00:23:42.637	NewBlock 420, Chunks: 0,
2025-03-10 00:23:50.596	NewBlock 421, Chunks: 0,
2025-03-10 00:23:58.950	NewBlock 422, Chunks: 0,
2025-03-10 00:23:59.380	NewBlock 423, Chunks: 0,
2025-03-10 00:24:05.090	NewBlock 424, Chunks: 0,
2025-03-10 00:24:12.352	NewBlock 424, Chunks: 0,
2025-03-10 00:24:12.388	NewBlock 425, Chunks: 0,
2025-03-10 01:03:57.412	NewBlock 426, Chunks: 0,
2025-03-10 01:04:01.558	NewBlock 427, Chunks: 0,
2025-03-10 01:04:10.419	NewBlock 428, Chunks: 0,
2025-03-10 01:04:15.557	NewBlock 429, Chunks: 0,
2025-03-10 01:04:22.297	NewBlock 430, Chunks: 0,
2025-03-10 01:04:30.143	NewBlock 431, Chunks: 0,
2025-03-10 01:04:40.090	NewBlock 432, Chunks: 0,
2025-03-10 01:04:46.542	NewBlock 433, Chunks: 0,
2025-03-10 01:04:54.496	NewBlock 434, Chunks: 0,
2025-03-10 01:05:04.526	NewBlock 435, Chunks: 0,
2025-03-10 01:05:13.270	NewBlock 436, Chunks: 0,
2025-03-10 03:52:49.981	NewBlock 437, Chunks: 0,
2025-03-10 03:53:03.153	NewBlock 438, Chunks: 0,
2025-03-10 03:53:06.395	NewBlock 439, Chunks: 0,
2025-03-10 03:53:12.940	NewBlock 440, Chunks: 0,
2025-03-10 03:53:24.064	NewBlock 441, Chunks: 0,
2025-03-10 03:53:35.122	NewBlock 442, Chunks: 0,
2025-03-10 03:53:38.301	NewBlock 443, Chunks: 0,
2025-03-10 03:53:52.694	NewBlock 444, Chunks: 0,
2025-03-10 03:53:59.375	NewBlock 445, Chunks: 0,
2025-03-10 03:54:02.720	NewBlock 446, Chunks: 0,
2025-03-10 03:54:07.188	NewBlock 447, Chunks: 0,
2025-03-10 04:02:53.260	NewBlock 448, Chunks: 0,
2025-03-10 04:02:57.303	NewBlock 449, Chunks: 0,
2025-03-10 04:03:08.472	NewBlock 450, Chunks: 0,
2025-03-10 04:03:12.999	NewBlock 451, Chunks: 0,
2025-03-10 04:03:21.725	NewBlock 452, Chunks: 0,
2025-03-10 04:03:26.771	NewBlock 453, Chunks: 0,
2025-03-10 04:03:33.931	NewBlock 454, Chunks: 0,
2025-03-10 04:03:37.883	NewBlock 455, Chunks: 0,
2025-03-10 04:03:46.845	NewBlock 456, Chunks: 0,
2025-03-10 04:03:54.858	NewBlock 457, Chunks: 0,
2025-03-10 04:04:11.037	NewBlock 458, Chunks: 0,
2025-03-10 04:11:58.188	NewBlock 459, Chunks: 0,
2025-03-10 04:12:02.132	NewBlock 460, Chunks: 0,
2025-03-10 04:12:05.575	NewBlock 461, Chunks: 0,
2025-03-10 04:12:08.919	NewBlock 462, Chunks: 0,
2025-03-10 04:12:13.365	NewBlock 463, Chunks: 0,
2025-03-10 04:12:24.367	NewBlock 464, Chunks: 0,
2025-03-10 04:12:42.023	NewBlock 465, Chunks: 0,
2025-03-10 04:12:46.453	NewBlock 466, Chunks: 0,
2025-03-10 04:12:46.498	NewBlock 467, Chunks: 0,
2025-03-10 04:12:55.205	NewBlock 468, Chunks: 0,
2025-03-10 04:12:58.464	NewBlock 469, Chunks: 0,
2025-03-10 04:13:19.573	NewBlock 470, Chunks: 0,
2025-03-10 04:42:39.166	NewBlock 471, Chunks: 0,
2025-03-10 04:42:43.486	NewBlock 472, Chunks: 0,
2025-03-10 04:42:51.227	NewBlock 473, Chunks: 0,
2025-03-10 04:43:00.039	NewBlock 474, Chunks: 0,
2025-03-10 04:43:06.725	NewBlock 475, Chunks: 0,
2025-03-10 04:43:16.683	NewBlock 476, Chunks: 0,
2025-03-10 04:43:20.052	NewBlock 477, Chunks: 0,
2025-03-10 04:43:29.746	NewBlock 478, Chunks: 0,
2025-03-10 04:43:36.396	NewBlock 479, Chunks: 0,
2025-03-10 04:43:43.943	NewBlock 480, Chunks: 0,
2025-03-10 04:43:48.700	NewBlock 481, Chunks: 0,
2025-03-10 04:53:59.429	NewBlock 482, Chunks: 0,
2025-03-10 04:54:08.963	NewBlock 483, Chunks: 0,
2025-03-10 04:54:17.116	NewBlock 484, Chunks: 0,
2025-03-10 04:54:22.335	NewBlock 485, Chunks: 0,
2025-03-10 04:54:30.435	NewBlock 486, Chunks: 0,
2025-03-10 04:54:41.489	NewBlock 487, Chunks: 0,
2025-03-10 04:54:50.850	NewBlock 488, Chunks: 0,
2025-03-10 04:55:04.633	NewBlock 489, Chunks: 0,
2025-03-10 04:55:09.614	NewBlock 490, Chunks: 0,
2025-03-10 04:55:24.193	NewBlock 491, Chunks: 0,
2025-03-10 04:55:28.874	NewBlock 492, Chunks: 0,
2025-03-10 04:56:19.616	NewBlock 493, Chunks: 0,
2025-03-10 04:56:25.191	NewBlock 494, Chunks: 0,
2025-03-10 04:56:47.302	NewBlock 495, Chunks: 0,
2025-03-10 04:56:53.269	NewBlock 496, Chunks: 0,
2025-03-10 04:57:14.322	NewBlock 497, Chunks: 0,
2025-03-10 04:57:21.462	NewBlock 498, Chunks: 0,
2025-03-10 04:57:36.904	NewBlock 499, Chunks: 0,
2025-03-10 04:57:47.952	NewBlock 500, Chunks: 0,
2025-03-10 04:58:02.309	NewBlock 501, Chunks: 0,
2025-03-10 04:58:23.668	NewBlock 502, Chunks: 0,
2025-03-10 04:58:40.864	NewBlock 503, Chunks: 0,
2025-03-10 04:58:50.806	NewBlock 504, Chunks: 0,
2025-03-10 04:59:11.178	NewBlock 505, Chunks: 0,
2025-03-10 05:08:06.547	NewBlock 506, Chunks: 0,
2025-03-10 05:08:15.406	NewBlock 507, Chunks: 0,
2025-03-10 05:08:24.701	NewBlock 508, Chunks: 0,
2025-03-10 05:08:33.141	NewBlock 509, Chunks: 0,
2025-03-10 05:08:33.470	NewBlock 510, Chunks: 0,
2025-03-10 05:08:42.534	NewBlock 511, Chunks: 0,
2025-03-10 05:08:52.097	NewBlock 512, Chunks: 0,
2025-03-10 05:09:01.936	NewBlock 513, Chunks: 0,
2025-03-10 05:09:09.774	NewBlock 514, Chunks: 0,
2025-03-10 05:09:14.222	NewBlock 515, Chunks: 0,
2025-03-10 05:09:19.690	NewBlock 516, Chunks: 0,
2025-03-10 05:09:36.906	NewBlock 517, Chunks: 0,
2025-03-10 05:09:58.291	NewBlock 517, Chunks: 0,
2025-03-10 05:09:58.309	NewBlock 518, Chunks: 0,
2025-03-10 05:10:25.797	NewBlock 519, Chunks: 0,
2025-03-10 05:10:43.559	NewBlock 520, Chunks: 0,
2025-03-10 05:11:01.025	NewBlock 521, Chunks: 0,
2025-03-10 05:11:08.770	NewBlock 522, Chunks: 0,
2025-03-10 05:11:28.632	NewBlock 523, Chunks: 0,
2025-03-10 05:11:40.889	NewBlock 524, Chunks: 0,
2025-03-10 05:11:49.738	NewBlock 525, Chunks: 0,
2025-03-10 05:12:08.114	NewBlock 526, Chunks: 0,
2025-03-10 05:12:19.684	NewBlock 527, Chunks: 0,
2025-03-10 05:21:43.990	NewBlock 528, Chunks: 0,
2025-03-10 05:21:57.269	NewBlock 529, Chunks: 0,
2025-03-10 05:22:02.832	NewBlock 530, Chunks: 0,
2025-03-10 05:22:15.799	NewBlock 531, Chunks: 0,
2025-03-10 05:22:25.863	NewBlock 532, Chunks: 0,
2025-03-10 05:22:37.947	NewBlock 533, Chunks: 0,
2025-03-10 05:22:45.899	NewBlock 534, Chunks: 0,
2025-03-10 05:22:52.241	NewBlock 535, Chunks: 0,
2025-03-10 05:23:00.320	NewBlock 536, Chunks: 0,
2025-03-10 05:23:11.008	NewBlock 537, Chunks: 0,
2025-03-10 05:23:19.945	NewBlock 538, Chunks: 0,
2025-03-10 05:23:23.486	NewBlock 539, Chunks: 0,
2025-03-10 05:23:55.266	NewBlock 540, Chunks: 0,
2025-03-10 05:24:16.159	NewBlock 541, Chunks: 0,
2025-03-10 05:24:39.328	NewBlock 542, Chunks: 0,
2025-03-10 05:24:53.591	NewBlock 543, Chunks: 0,
2025-03-10 05:25:32.191	NewBlock 544, Chunks: 0,
2025-03-10 05:25:42.184	NewBlock 544, Chunks: 0,
2025-03-10 05:25:42.203	NewBlock 545, Chunks: 0,
2025-03-10 05:25:54.263	NewBlock 546, Chunks: 0,
2025-03-10 05:25:57.603	NewBlock 547, Chunks: 0,
2025-03-10 05:26:08.673	NewBlock 548, Chunks: 0,
2025-03-10 05:26:18.762	NewBlock 549, Chunks: 0,
2025-03-10 05:26:39.330	NewBlock 550, Chunks: 0,
2025-03-10 05:26:52.688	NewBlock 551, Chunks: 0,
2025-03-10 05:27:08.251	NewBlock 552, Chunks: 0,
2025-03-10 05:27:28.020	NewBlock 553, Chunks: 0,
2025-03-10 05:27:39.092	NewBlock 554, Chunks: 0,
2025-03-10 05:28:00.753	NewBlock 555, Chunks: 0,
2025-03-10 05:28:15.095	NewBlock 556, Chunks: 0,
2025-03-10 05:28:29.439	NewBlock 557, Chunks: 0,
2025-03-10 05:28:37.183	NewBlock 558, Chunks: 0,
2025-03-10 05:28:55.920	NewBlock 559, Chunks: 0,
2025-03-10 05:29:09.410	NewBlock 559, Chunks: 0,
2025-03-10 05:29:09.444	NewBlock 560, Chunks: 0,
2025-03-10 05:29:24.577	NewBlock 561, Chunks: 0,
2025-03-10 05:29:49.955	NewBlock 562, Chunks: 0,
2025-03-10 05:29:57.703	NewBlock 563, Chunks: 0,
2025-03-10 05:30:11.918	NewBlock 564, Chunks: 0,
2025-03-10 05:30:31.897	NewBlock 565, Chunks: 0,
2025-03-10 05:42:02.959	NewBlock 566, Chunks: 0,
2025-03-10 05:42:12.870	NewBlock 567, Chunks: 0,
2025-03-10 05:42:22.832	NewBlock 568, Chunks: 0,
2025-03-10 05:42:29.527	NewBlock 569, Chunks: 0,
2025-03-10 05:42:35.996	NewBlock 570, Chunks: 0,
2025-03-10 05:42:42.867	NewBlock 570, Chunks: 0,
2025-03-10 05:42:42.895	NewBlock 571, Chunks: 0,
2025-03-10 05:42:47.116	NewBlock 572, Chunks: 0,
2025-03-10 05:42:57.098	NewBlock 573, Chunks: 0,
2025-03-10 05:43:06.051	NewBlock 574, Chunks: 0,
2025-03-10 05:43:14.684	NewBlock 575, Chunks: 0,
2025-03-10 05:43:22.223	NewBlock 576, Chunks: 0,
2025-03-10 05:45:30.150	NewBlock 577, Chunks: 0,
2025-03-10 05:45:35.297	NewBlock 578, Chunks: 0,
2025-03-10 05:45:40.342	NewBlock 579, Chunks: 0,
2025-03-10 05:45:49.095	NewBlock 580, Chunks: 0,
2025-03-10 05:46:01.763	NewBlock 581, Chunks: 0,
2025-03-10 05:46:15.320	NewBlock 582, Chunks: 0,
2025-03-10 05:46:21.836	NewBlock 583, Chunks: 0,
2025-03-10 05:46:34.072	NewBlock 584, Chunks: 0,
2025-03-10 05:46:40.457	NewBlock 584, Chunks: 0,
2025-03-10 05:46:40.478	NewBlock 585, Chunks: 0,
2025-03-10 05:47:01.451	NewBlock 586, Chunks: 0,
2025-03-10 05:47:16.935	NewBlock 587, Chunks: 0,
2025-03-10 05:47:34.884	NewBlock 588, Chunks: 0,
2025-03-10 06:32:10.064	NewBlock 589, Chunks: 0,
2025-03-10 06:32:18.929	NewBlock 590, Chunks: 0,
2025-03-10 06:32:24.367	NewBlock 591, Chunks: 0,
2025-03-10 06:32:27.795	NewBlock 592, Chunks: 0,
2025-03-10 06:32:34.455	NewBlock 593, Chunks: 0,
2025-03-10 06:32:40.961	NewBlock 594, Chunks: 0,
2025-03-10 06:32:45.427	NewBlock 595, Chunks: 0,
2025-03-10 06:32:50.676	NewBlock 596, Chunks: 0,
2025-03-10 06:32:59.348	NewBlock 597, Chunks: 0,
2025-03-10 06:33:13.026	NewBlock 598, Chunks: 0,
2025-03-10 06:33:23.003	NewBlock 599, Chunks: 0,
2025-03-10 07:05:56.554	NewBlock 600, Chunks: 0,
2025-03-10 07:06:01.572	NewBlock 601, Chunks: 0,
2025-03-10 07:06:14.817	NewBlock 602, Chunks: 0,
2025-03-10 07:06:25.954	NewBlock 603, Chunks: 0,
2025-03-10 07:06:34.684	NewBlock 604, Chunks: 0,
2025-03-10 07:06:42.620	NewBlock 605, Chunks: 0,
2025-03-10 07:06:49.041	NewBlock 606, Chunks: 0,
2025-03-10 07:06:55.873	NewBlock 607, Chunks: 0,
2025-03-10 07:07:03.453	NewBlock 608, Chunks: 0,
2025-03-10 07:07:13.346	NewBlock 609, Chunks: 0,
2025-03-10 07:07:21.124	NewBlock 610, Chunks: 0,
2025-03-10 07:33:07.321	NewBlock 611, Chunks: 0,
2025-03-10 07:33:13.810	NewBlock 612, Chunks: 0,
2025-03-10 07:33:20.382	NewBlock 613, Chunks: 0,
2025-03-10 07:33:25.954	NewBlock 614, Chunks: 0,
2025-03-10 07:33:32.853	NewBlock 615, Chunks: 0,
2025-03-10 07:33:40.600	NewBlock 616, Chunks: 0,
2025-03-10 07:33:53.506	NewBlock 617, Chunks: 0,
2025-03-10 07:34:02.671	NewBlock 618, Chunks: 0,
2025-03-10 07:34:14.451	NewBlock 619, Chunks: 0,
2025-03-10 07:34:31.002	NewBlock 620, Chunks: 0,
2025-03-10 07:34:38.661	NewBlock 621, Chunks: 0,
2025-03-10 17:24:24.647	NewBlock 622, Chunks: 0,
2025-03-10 17:24:33.192	NewBlock 623, Chunks: 0,
2025-03-10 17:24:38.842	NewBlock 624, Chunks: 0,
2025-03-10 17:24:47.507	NewBlock 625, Chunks: 0,
2025-03-10 17:24:52.614	NewBlock 626, Chunks: 0,
2025-03-10 17:25:08.478	NewBlock 627, Chunks: 0,
2025-03-10 17:25:15.334	NewBlock 628, Chunks: 0,
2025-03-10 17:25:22.377	NewBlock 629, Chunks: 0,
2025-03-10 17:25:27.287	NewBlock 630, Chunks: 0,
2025-03-10 17:25:30.637	NewBlock 631, Chunks: 0,
2025-03-10 17:25:41.489	NewBlock 632, Chunks: 0,
2025-03-10 17:27:40.528	NewBlock 633, Chunks: 0,
2025-03-10 17:27:44.879	NewBlock 634, Chunks: 0,
2025-03-10 17:27:51.732	NewBlock 635, Chunks: 0,
2025-03-10 17:27:57.279	NewBlock 636, Chunks: 0,
2025-03-10 17:28:07.249	NewBlock 637, Chunks: 0,
2025-03-10 17:28:20.427	NewBlock 638, Chunks: 0,
2025-03-10 17:28:25.779	NewBlock 639, Chunks: 0,
2025-03-10 17:28:38.152	NewBlock 640, Chunks: 0,
2025-03-10 17:28:49.212	NewBlock 641, Chunks: 0,
2025-03-10 17:29:13.110	NewBlock 642, Chunks: 0,
2025-03-10 17:29:28.779	NewBlock 643, Chunks: 0,
2025-03-10 17:38:49.015	NewBlock 644, Chunks: 0,
2025-03-10 17:38:53.462	NewBlock 645, Chunks: 0,
2025-03-10 17:38:58.849	NewBlock 646, Chunks: 0,
2025-03-10 17:39:11.143	NewBlock 647, Chunks: 0,
2025-03-10 17:39:18.922	NewBlock 648, Chunks: 0,
2025-03-10 17:39:26.228	NewBlock 649, Chunks: 0,
2025-03-10 17:39:34.430	NewBlock 650, Chunks: 0,
2025-03-10 17:39:38.931	NewBlock 651, Chunks: 0,
2025-03-10 17:39:44.886	NewBlock 652, Chunks: 0,
2025-03-10 17:39:50.004	NewBlock 653, Chunks: 0,
2025-03-10 17:39:57.770	NewBlock 654, Chunks: 0,
2025-03-10 17:40:15.427	NewBlock 655, Chunks: 0,
2025-03-10 17:40:39.699	NewBlock 656, Chunks: 0,
2025-03-10 17:40:58.453	NewBlock 657, Chunks: 0,
2025-03-10 17:41:26.011	NewBlock 658, Chunks: 0,
2025-03-10 17:41:39.411	NewBlock 659, Chunks: 0,
2025-03-10 17:41:52.977	NewBlock 660, Chunks: 0,
2025-03-10 17:42:04.563	NewBlock 661, Chunks: 0,
2025-03-10 17:42:26.969	NewBlock 662, Chunks: 0,
2025-03-10 17:42:32.180	NewBlock 663, Chunks: 0,
2025-03-10 17:42:45.540	NewBlock 664, Chunks: 0,
2025-03-10 17:42:59.733	NewBlock 665, Chunks: 0,
2025-03-10 17:43:13.212	NewBlock 666, Chunks: 0,
2025-03-10 17:43:30.604	NewBlock 667, Chunks: 0,
2025-03-10 17:43:48.630	NewBlock 668, Chunks: 0,
2025-03-10 17:44:02.566	NewBlock 669, Chunks: 0,
2025-03-10 17:44:17.036	NewBlock 670, Chunks: 0,
2025-03-10 17:44:31.214	NewBlock 671, Chunks: 0,
2025-03-10 17:44:50.020	NewBlock 672, Chunks: 0,
2025-03-10 17:45:08.767	NewBlock 673, Chunks: 0,
2025-03-10 17:45:19.827	NewBlock 674, Chunks: 0,
2025-03-10 17:45:30.582	NewBlock 673, Chunks: 0,
2025-03-10 17:45:30.599	NewBlock 674, Chunks: 0,
2025-03-10 17:45:30.618	NewBlock 675, Chunks: 0,
2025-03-10 17:50:46.740	NewBlock 676, Chunks: 0,
2025-03-10 17:50:57.891	NewBlock 677, Chunks: 0,
2025-03-10 17:51:03.041	NewBlock 678, Chunks: 0,
2025-03-10 17:51:06.783	NewBlock 679, Chunks: 0,
2025-03-10 17:51:10.641	NewBlock 680, Chunks: 0,
2025-03-10 17:51:26.322	NewBlock 681, Chunks: 0,
2025-03-10 17:51:29.665	NewBlock 682, Chunks: 0,
2025-03-10 17:51:35.206	NewBlock 683, Chunks: 0,
2025-03-10 17:51:42.838	NewBlock 684, Chunks: 0,
2025-03-10 17:51:50.678	NewBlock 685, Chunks: 0,
2025-03-10 17:52:04.949	NewBlock 686, Chunks: 0,
2025-03-10 17:52:33.498	NewBlock 687, Chunks: 0,
2025-03-10 17:52:58.069	NewBlock 688, Chunks: 0,
2025-03-10 17:53:25.264	NewBlock 689, Chunks: 0,
2025-03-10 17:53:28.616	NewBlock 690, Chunks: 0,
2025-03-10 17:53:40.800	NewBlock 691, Chunks: 0,
2025-03-10 17:53:59.668	NewBlock 692, Chunks: 0,
2025-03-10 17:54:06.318	NewBlock 693, Chunks: 0,
2025-03-10 17:54:29.176	NewBlock 694, Chunks: 0,
2025-03-10 17:54:39.614	NewBlock 695, Chunks: 0,
2025-03-10 17:56:34.754	NewBlock 696, Chunks: 0,
2025-03-10 17:56:41.266	NewBlock 697, Chunks: 0,
2025-03-10 17:56:45.911	NewBlock 698, Chunks: 0,
2025-03-10 17:56:55.631	NewBlock 699, Chunks: 0,
2025-03-10 17:57:06.800	NewBlock 700, Chunks: 0,
2025-03-10 17:57:12.346	NewBlock 701, Chunks: 0,
2025-03-10 17:57:22.315	NewBlock 702, Chunks: 0,
2025-03-10 17:57:26.702	NewBlock 703, Chunks: 0,
2025-03-10 17:57:46.501	NewBlock 704, Chunks: 0,
2025-03-10 17:58:08.563	NewBlock 705, Chunks: 0,
2025-03-10 17:58:23.047	NewBlock 705, Chunks: 0,
2025-03-10 17:58:23.064	NewBlock 706, Chunks: 0,
2025-03-10 18:53:36.544	NewBlock 707, Chunks: 0,
2025-03-10 18:53:41.881	NewBlock 708, Chunks: 0,
2025-03-10 18:53:56.223	NewBlock 709, Chunks: 0,
2025-03-10 18:54:01.882	NewBlock 709, Chunks: 0,
2025-03-10 18:54:01.900	NewBlock 710, Chunks: 0,
2025-03-10 18:54:07.936	NewBlock 711, Chunks: 0,
2025-03-10 18:54:22.300	NewBlock 712, Chunks: 0,
2025-03-10 18:54:27.267	NewBlock 713, Chunks: 0,
2025-03-10 18:54:31.505	NewBlock 714, Chunks: 0,
2025-03-10 18:54:36.059	NewBlock 715, Chunks: 0,
2025-03-10 18:54:53.183	NewBlock 716, Chunks: 0,
2025-03-10 18:54:58.450	NewBlock 716, Chunks: 0,
2025-03-10 18:54:58.470	NewBlock 717, Chunks: 0,
2025-03-10 18:55:03.202	NewBlock 718, Chunks: 0,
2025-03-10 18:55:22.038	NewBlock 719, Chunks: 0,
2025-03-10 18:55:48.588	NewBlock 720, Chunks: 0,
2025-03-10 18:56:11.621	NewBlock 721, Chunks: 0,
2025-03-10 18:56:28.225	NewBlock 722, Chunks: 0,
2025-03-10 19:19:04.194	NewBlock 723, Chunks: 0,
2025-03-10 19:19:10.554	NewBlock 724, Chunks: 0,
2025-03-10 19:19:16.228	NewBlock 725, Chunks: 0,
2025-03-10 19:19:24.930	NewBlock 726, Chunks: 0,
2025-03-10 19:19:34.893	NewBlock 727, Chunks: 0,
2025-03-10 19:19:41.559	NewBlock 728, Chunks: 0,
2025-03-10 19:19:53.531	NewBlock 729, Chunks: 0,
2025-03-10 19:20:01.421	NewBlock 730, Chunks: 0,
2025-03-10 19:20:11.372	NewBlock 731, Chunks: 0,
2025-03-10 19:20:20.217	NewBlock 732, Chunks: 0,
2025-03-10 19:20:23.569	NewBlock 733, Chunks: 0,
2025-03-10 22:09:26.393	NewBlock 734, Chunks: 0,
2025-03-10 22:09:31.317	NewBlock 735, Chunks: 0,
2025-03-10 22:09:34.675	NewBlock 736, Chunks: 0,
2025-03-10 22:09:43.558	NewBlock 737, Chunks: 0,
2025-03-10 22:09:52.214	NewBlock 738, Chunks: 0,
2025-03-10 22:10:02.278	NewBlock 739, Chunks: 0,
2025-03-10 22:10:07.744	NewBlock 740, Chunks: 0,
2025-03-10 22:10:12.183	NewBlock 741, Chunks: 0,
2025-03-10 22:10:16.735	NewBlock 742, Chunks: 0,
2025-03-10 22:10:23.191	NewBlock 743, Chunks: 0,
2025-03-10 22:10:38.569	NewBlock 744, Chunks: 0,
2025-03-10 22:12:42.329	NewBlock 745, Chunks: 0,
2025-03-10 22:12:52.999	NewBlock 746, Chunks: 0,
2025-03-10 22:13:04.383	NewBlock 747, Chunks: 0,
2025-03-10 22:13:16.173	NewBlock 748, Chunks: 0,
2025-03-10 22:13:20.947	NewBlock 749, Chunks: 0,
2025-03-10 22:13:25.147	NewBlock 750, Chunks: 0,
2025-03-10 22:13:32.496	NewBlock 751, Chunks: 0,
2025-03-10 22:13:37.537	NewBlock 752, Chunks: 0,
2025-03-10 22:13:57.395	NewBlock 753, Chunks: 0,
2025-03-10 22:14:18.034	NewBlock 754, Chunks: 0,
2025-03-10 22:14:32.404	NewBlock 755, Chunks: 0,
2025-03-10 22:14:57.983	NewBlock 756, Chunks: 0,
2025-03-10 22:15:14.229	NewBlock 757, Chunks: 0,
2025-03-10 22:15:25.300	NewBlock 758, Chunks: 0,
2025-03-10 22:15:37.643	NewBlock 759, Chunks: 0,
2025-03-10 22:15:56.403	NewBlock 760, Chunks: 0,
2025-03-10 22:28:29.016	NewBlock 761, Chunks: 0,
2025-03-10 22:28:33.590	NewBlock 762, Chunks: 0,
2025-03-10 22:28:42.445	NewBlock 763, Chunks: 0,
2025-03-10 22:28:46.902	NewBlock 764, Chunks: 0,
2025-03-10 22:28:53.569	NewBlock 765, Chunks: 0,
2025-03-10 22:28:58.015	NewBlock 766, Chunks: 0,
2025-03-10 22:29:06.877	NewBlock 767, Chunks: 0,
2025-03-10 22:29:15.634	NewBlock 768, Chunks: 0,
2025-03-10 22:29:25.106	NewBlock 769, Chunks: 0,
2025-03-10 22:29:30.023	NewBlock 770, Chunks: 0,
2025-03-10 22:29:37.475	NewBlock 771, Chunks: 0,
2025-03-10 22:35:29.923	NewBlock 772, Chunks: 0,
2025-03-10 22:35:35.477	NewBlock 773, Chunks: 0,
2025-03-10 22:35:44.408	NewBlock 774, Chunks: 0,
2025-03-10 22:35:48.673	NewBlock 775, Chunks: 0,
2025-03-10 22:35:54.836	NewBlock 776, Chunks: 0,
2025-03-10 22:36:00.842	NewBlock 777, Chunks: 0,
2025-03-10 22:36:11.893	NewBlock 778, Chunks: 0,
2025-03-10 22:36:20.150	NewBlock 778, Chunks: 0,
2025-03-10 22:36:20.169	NewBlock 779, Chunks: 0,
2025-03-10 22:36:31.432	NewBlock 780, Chunks: 0,
2025-03-10 22:36:38.362	NewBlock 781, Chunks: 0,
2025-03-10 22:36:47.945	NewBlock 782, Chunks: 0,
2025-03-10 22:37:04.421	NewBlock 783, Chunks: 0,
2025-03-10 22:37:24.634	NewBlock 784, Chunks: 0,
2025-03-10 22:37:45.608	NewBlock 785, Chunks: 0,
2025-03-10 22:38:04.364	NewBlock 786, Chunks: 0,
2025-03-10 22:38:23.912	NewBlock 787, Chunks: 0,
2025-03-10 22:38:32.687	NewBlock 788, Chunks: 0,
2025-03-10 22:38:44.051	NewBlock 789, Chunks: 0,
2025-03-10 22:38:56.480	NewBlock 790, Chunks: 0,
2025-03-10 22:39:19.125	NewBlock 791, Chunks: 0,
2025-03-10 22:39:29.553	NewBlock 792, Chunks: 0,
2025-03-10 22:39:40.603	NewBlock 793, Chunks: 0,
2025-03-10 22:43:30.649	NewBlock 794, Chunks: 0,
2025-03-10 22:43:46.109	NewBlock 795, Chunks: 0,
2025-03-10 22:43:54.958	NewBlock 796, Chunks: 0,
2025-03-10 22:43:59.414	NewBlock 797, Chunks: 0,
2025-03-10 22:44:06.220	NewBlock 798, Chunks: 0,
2025-03-10 22:44:09.409	NewBlock 799, Chunks: 0,
2025-03-10 22:44:13.881	NewBlock 800, Chunks: 0,
2025-03-10 22:44:19.371	NewBlock 801, Chunks: 0,
2025-03-10 22:44:23.813	NewBlock 802, Chunks: 0,
2025-03-10 22:44:38.156	NewBlock 803, Chunks: 0,
2025-03-10 22:44:57.016	NewBlock 804, Chunks: 0,
2025-03-10 22:47:03.671	NewBlock 805, Chunks: 0,
2025-03-10 22:47:19.971	NewBlock 806, Chunks: 0,
2025-03-10 22:47:32.121	NewBlock 807, Chunks: 0,
2025-03-10 22:47:36.578	NewBlock 808, Chunks: 0,
2025-03-10 22:47:41.034	NewBlock 809, Chunks: 0,
2025-03-10 22:47:46.409	NewBlock 810, Chunks: 0,
2025-03-10 22:48:00.893	NewBlock 811, Chunks: 0,
2025-03-10 22:48:09.766	NewBlock 812, Chunks: 0,
2025-03-10 22:48:13.116	NewBlock 813, Chunks: 0,
2025-03-10 22:48:42.882	NewBlock 814, Chunks: 0,
2025-03-10 22:48:52.842	NewBlock 815, Chunks: 0,
2025-03-10 22:56:37.255	NewBlock 816, Chunks: 0,
2025-03-10 22:56:37.298	NewBlock 817, Chunks: 0,
2025-03-10 22:56:43.515	NewBlock 818, Chunks: 0,
2025-03-10 22:56:46.192	NewBlock 819, Chunks: 0,
2025-03-10 22:56:52.464	NewBlock 820, Chunks: 0,
2025-03-10 22:57:04.946	NewBlock 821, Chunks: 0,
2025-03-10 22:57:10.188	NewBlock 821, Chunks: 0,
2025-03-10 22:57:10.213	NewBlock 822, Chunks: 0,
2025-03-10 22:57:13.821	NewBlock 823, Chunks: 0,
2025-03-10 22:57:19.418	NewBlock 824, Chunks: 0,
2025-03-10 22:57:23.875	NewBlock 825, Chunks: 0,
2025-03-10 22:57:32.190	NewBlock 826, Chunks: 0,
2025-03-10 22:57:45.557	NewBlock 827, Chunks: 0,
2025-03-10 22:58:01.923	NewBlock 828, Chunks: 0,
2025-03-10 22:58:28.842	NewBlock 829, Chunks: 0,
2025-03-10 22:58:53.140	NewBlock 830, Chunks: 0,
2025-03-10 22:59:09.742	NewBlock 831, Chunks: 0,
2025-03-10 22:59:23.397	NewBlock 832, Chunks: 0,
2025-03-10 22:59:34.460	NewBlock 833, Chunks: 0,
2025-03-10 22:59:48.304	NewBlock 834, Chunks: 0,
2025-03-10 22:59:59.765	NewBlock 835, Chunks: 0,
2025-03-10 23:00:10.914	NewBlock 836, Chunks: 0,
2025-03-10 23:00:25.780	NewBlock 837, Chunks: 0,
2025-03-10 23:00:42.330	NewBlock 838, Chunks: 0,
2025-03-10 23:00:56.061	NewBlock 839, Chunks: 0,
2025-03-10 23:01:13.194	NewBlock 840, Chunks: 0,
2025-03-10 23:09:06.998	NewBlock 841, Chunks: 0,
2025-03-10 23:09:19.067	NewBlock 842, Chunks: 0,
2025-03-10 23:09:27.323	NewBlock 843, Chunks: 0,
2025-03-10 23:09:33.978	NewBlock 844, Chunks: 0,
2025-03-10 23:09:51.624	NewBlock 845, Chunks: 0,
2025-03-10 23:09:58.286	NewBlock 846, Chunks: 0,
2025-03-10 23:10:08.913	NewBlock 847, Chunks: 0,
2025-03-10 23:10:13.259	NewBlock 848, Chunks: 0,
2025-03-10 23:10:19.242	NewBlock 849, Chunks: 0,
2025-03-10 23:10:33.029	NewBlock 850, Chunks: 0,
2025-03-10 23:10:40.887	NewBlock 851, Chunks: 0,
2025-03-10 23:10:46.245	NewBlock 852, Chunks: 0,
2025-03-10 23:11:05.119	NewBlock 853, Chunks: 0,
2025-03-10 23:11:29.713	NewBlock 854, Chunks: 0,
2025-03-10 23:11:48.464	NewBlock 855, Chunks: 0,
2025-03-10 23:55:03.386	NewBlock 856, Chunks: 0,
2025-03-10 23:55:07.567	NewBlock 857, Chunks: 0,
2025-03-10 23:55:13.332	NewBlock 858, Chunks: 0,
2025-03-10 23:55:18.822	NewBlock 859, Chunks: 0,
2025-03-10 23:55:25.372	NewBlock 860, Chunks: 0,
2025-03-10 23:55:36.433	NewBlock 861, Chunks: 0,
2025-03-10 23:55:48.595	NewBlock 862, Chunks: 0,
2025-03-10 23:55:53.752	NewBlock 863, Chunks: 0,
2025-03-10 23:55:54.189	NewBlock 864, Chunks: 0,
2025-03-10 23:55:58.329	NewBlock 865, Chunks: 0,
2025-03-10 23:56:05.169	NewBlock 866, Chunks: 0,
2025-03-10 23:56:12.910	NewBlock 867, Chunks: 0,
2025-03-10 23:56:26.173	NewBlock 868, Chunks: 0,
2025-03-10 23:56:53.531	NewBlock 869, Chunks: 0,
2025-03-10 23:57:22.207	NewBlock 870, Chunks: 0,
2025-03-10 23:57:45.259	NewBlock 870, Chunks: 0,
2025-03-10 23:57:45.278	NewBlock 871, Chunks: 0,
2025-03-10 23:57:55.052	NewBlock 872, Chunks: 0,
2025-03-11 00:19:02.469	NewBlock 873, Chunks: 0,
2025-03-11 00:19:12.625	NewBlock 874, Chunks: 0,
2025-03-11 00:19:17.667	NewBlock 875, Chunks: 0,
2025-03-11 00:19:32.634	NewBlock 876, Chunks: 0,
2025-03-11 00:19:42.512	NewBlock 877, Chunks: 0,
2025-03-11 00:19:49.253	NewBlock 878, Chunks: 0,
2025-03-11 00:19:53.791	NewBlock 879, Chunks: 0,
2025-03-11 00:20:09.056	NewBlock 880, Chunks: 0,
2025-03-11 00:20:18.012	NewBlock 881, Chunks: 0,
2025-03-11 00:20:34.573	NewBlock 882, Chunks: 0,
2025-03-11 00:20:40.901	NewBlock 883, Chunks: 0,
2025-03-11 00:20:46.570	NewBlock 884, Chunks: 0,
2025-03-11 00:46:08.675	NewBlock 885, Chunks: 0,
2025-03-11 00:46:17.623	NewBlock 886, Chunks: 0,
2025-03-11 00:46:22.066	NewBlock 887, Chunks: 0,
2025-03-11 00:46:33.824	NewBlock 888, Chunks: 0,
2025-03-11 00:46:46.194	NewBlock 889, Chunks: 0,
2025-03-11 00:46:52.849	NewBlock 890, Chunks: 0,
2025-03-11 00:46:58.920	NewBlock 891, Chunks: 0,
2025-03-11 00:47:04.127	NewBlock 891, Chunks: 0,
2025-03-11 00:47:04.149	NewBlock 892, Chunks: 0,
2025-03-11 00:47:10.051	NewBlock 893, Chunks: 0,
2025-03-11 00:47:19.659	NewBlock 894, Chunks: 0,
2025-03-11 00:47:23.337	NewBlock 895, Chunks: 0,
2025-03-11 00:48:16.241	NewBlock 896, Chunks: 0,
2025-03-11 00:48:31.698	NewBlock 897, Chunks: 0,
2025-03-11 00:48:48.843	NewBlock 898, Chunks: 0,
2025-03-11 00:49:03.207	NewBlock 899, Chunks: 0,
2025-03-11 00:49:11.151	NewBlock 900, Chunks: 0,
2025-03-11 00:49:24.578	NewBlock 901, Chunks: 0,
2025-03-11 00:49:40.024	NewBlock 902, Chunks: 0,
2025-03-11 00:49:50.762	NewBlock 903, Chunks: 0,
2025-03-11 00:50:08.419	NewBlock 904, Chunks: 0,
2025-03-11 00:50:26.356	NewBlock 905, Chunks: 0,
2025-03-11 00:50:34.937	NewBlock 905, Chunks: 0,
2025-03-11 00:50:34.981	NewBlock 906, Chunks: 0,
2025-03-11 01:25:04.255	NewBlock 907, Chunks: 0,
2025-03-11 01:25:11.502	NewBlock 908, Chunks: 0,
2025-03-11 01:25:16.261	NewBlock 909, Chunks: 0,
2025-03-11 01:25:25.106	NewBlock 910, Chunks: 0,
2025-03-11 01:25:29.173	NewBlock 911, Chunks: 0,
2025-03-11 01:25:40.124	NewBlock 912, Chunks: 0,
2025-03-11 01:25:46.777	NewBlock 913, Chunks: 0,
2025-03-11 01:25:51.331	NewBlock 914, Chunks: 0,
2025-03-11 01:26:08.102	NewBlock 915, Chunks: 0,
2025-03-11 01:26:21.066	NewBlock 916, Chunks: 0,
2025-03-11 01:26:31.916	NewBlock 917, Chunks: 0,
2025-03-11 01:44:53.981	NewBlock 918, Chunks: 0,
2025-03-11 01:45:07.939	NewBlock 919, Chunks: 0,
2025-03-11 01:45:19.999	NewBlock 920, Chunks: 0,
2025-03-11 01:45:30.126	NewBlock 921, Chunks: 0,
2025-03-11 01:45:36.788	NewBlock 922, Chunks: 0,
2025-03-11 01:45:45.631	NewBlock 923, Chunks: 0,
2025-03-11 01:45:53.385	NewBlock 924, Chunks: 0,
2025-03-11 01:46:06.622	NewBlock 925, Chunks: 0,
2025-03-11 01:46:13.920	NewBlock 926, Chunks: 0,
2025-03-11 01:46:20.967	NewBlock 927, Chunks: 0,
2025-03-11 01:46:30.484	NewBlock 928, Chunks: 0,
2025-03-11 02:05:42.794	NewBlock 929, Chunks: 0,
2025-03-11 02:05:47.142	NewBlock 930, Chunks: 0,
2025-03-11 02:05:51.413	NewBlock 931, Chunks: 0,
2025-03-11 02:05:54.859	NewBlock 932, Chunks: 0,
2025-03-11 02:06:01.601	NewBlock 933, Chunks: 0,
2025-03-11 02:06:13.552	NewBlock 934, Chunks: 0,
2025-03-11 02:06:16.997	NewBlock 935, Chunks: 0,
2025-03-11 02:06:20.432	NewBlock 936, Chunks: 0,
2025-03-11 02:06:26.180	NewBlock 937, Chunks: 0,
2025-03-11 02:06:30.424	NewBlock 938, Chunks: 0,
2025-03-11 02:06:40.370	NewBlock 939, Chunks: 0,
2025-03-11 02:06:46.846	NewBlock 940, Chunks: 0,
2025-03-11 02:07:03.398	NewBlock 941, Chunks: 0,
2025-03-11 02:07:32.300	NewBlock 942, Chunks: 0,
2025-03-11 02:07:52.065	NewBlock 943, Chunks: 0,
2025-03-11 02:08:16.525	NewBlock 944, Chunks: 0,
2025-03-11 02:08:25.989	NewBlock 945, Chunks: 0,
2025-03-11 02:08:40.352	NewBlock 946, Chunks: 0,
2025-03-11 02:08:55.837	NewBlock 947, Chunks: 0,
2025-03-11 02:09:04.934	NewBlock 948, Chunks: 0,
2025-03-11 02:09:05.378	NewBlock 949, Chunks: 0,
