2025-03-02 21:01:08.042	getblockcount
2025-03-02 21:01:15.405	getaddresses
2025-03-02 21:01:15.513	grant 12aR9ma8Fb3i81srCKUMDxxv6CDs1cP8Xr6NfB connect,send,receive,create,issue,admin
2025-03-02 21:01:15.621	grant 12aR9ma8Fb3i81srCKUMDxxv6CDs1cP8Xr6NfB mine
2025-03-02 21:01:15.728	setruntimeparam miningturnover 0.5
2025-03-02 21:01:15.836	setgenerate true
2025-03-02 21:01:16.952	getaddresses
2025-03-02 21:01:17.060	generate 1
2025-03-02 21:01:17.165	generatetoaddress 1 12aR9ma8Fb3i81srCKUMDxxv6CDs1cP8Xr6NfB
2025-03-02 21:01:17.270	setgenerate true 1
2025-03-02 21:01:21.288	create stream retailer_transactions '{"restrict":"write"}'
2025-03-02 21:01:21.395	subscribe retailer_transactions
2025-03-02 21:01:21.517	create stream merkle_roots '{"restrict":"write"}'
2025-03-02 21:01:21.625	subscribe merkle_roots
2025-03-02 21:01:21.746	create stream transaction_proofs '{"restrict":"write"}'
2025-03-02 21:01:21.854	subscribe transaction_proofs
2025-03-02 21:01:24.209	getaddresses
2025-03-02 21:01:24.316	generate 1
2025-03-02 21:01:24.422	generatetoaddress 1 12aR9ma8Fb3i81srCKUMDxxv6CDs1cP8Xr6NfB
2025-03-02 21:01:24.527	setgenerate true 1
2025-03-02 21:01:26.208	setruntimeparam autosubscribe streams
2025-03-02 21:01:26.634	liststreams retailer_transactions
2025-03-02 21:01:26.740	publish retailer_transactions inventory1 '{"json":{"type":"INVENTORY_UPDATE","productId":"PROD001","quantity":100}}'
2025-03-02 21:01:27.510	getaddresses
2025-03-02 21:01:27.618	generate 1
2025-03-02 21:01:27.723	generatetoaddress 1 12aR9ma8Fb3i81srCKUMDxxv6CDs1cP8Xr6NfB
2025-03-02 21:01:27.828	setgenerate true 1
2025-03-02 21:01:53.522	grant 1aAeq5aVhMmWzWF7uVkmLD57E9Qhnp8bpkHVg1 connect
2025-03-02 21:02:26.088	grant 1SmTxwJ1QB6oB317AJH7mCEvkkCshrHNV1ZeAY connect
2025-03-02 21:02:52.273	grant 1aAeq5aVhMmWzWF7uVkmLD57E9Qhnp8bpkHVg1 send,receive,create
2025-03-02 21:02:52.384	grant 1aAeq5aVhMmWzWF7uVkmLD57E9Qhnp8bpkHVg1 mine
2025-03-02 21:02:52.933	grant 1SmTxwJ1QB6oB317AJH7mCEvkkCshrHNV1ZeAY send,receive,create
2025-03-02 21:02:53.041	grant 1SmTxwJ1QB6oB317AJH7mCEvkkCshrHNV1ZeAY mine
2025-03-02 21:02:54.710	getaddresses
2025-03-02 21:02:54.822	generate 1
2025-03-02 21:02:54.927	generatetoaddress 1 12aR9ma8Fb3i81srCKUMDxxv6CDs1cP8Xr6NfB
2025-03-02 21:02:55.033	setgenerate true 1
2025-03-02 21:03:03.632	getpeerinfo
2025-03-02 21:03:03.739	getpeerinfo
2025-03-02 21:03:10.608	getpeerinfo
2025-03-02 21:03:10.716	getpeerinfo
2025-03-02 21:04:07.260	getpeerinfo
2025-03-02 21:04:07.368	getpeerinfo
2025-03-02 21:12:55.624	liststreams
2025-03-02 21:12:55.732	create stream products true
2025-03-02 21:12:56.841	subscribe products
2025-03-02 21:12:56.959	create stream supply_chain_events true
2025-03-02 21:12:58.068	subscribe supply_chain_events
2025-03-02 21:12:58.177	create stream asset_transfers true
2025-03-02 21:12:59.284	subscribe asset_transfers
2025-03-02 21:12:59.393	create stream asset_receipts true
2025-03-02 21:13:00.501	subscribe asset_receipts
2025-03-02 21:13:00.609	create stream notifications true
2025-03-02 21:13:01.717	subscribe notifications
2025-03-02 21:14:30.138	liststreamkeyitems retailer_transactions PROD-123
2025-03-02 21:14:31.288	getinfo
2025-03-02 21:14:31.419	getblockcount
2025-03-02 21:14:31.526	getpeerinfo
2025-03-02 21:14:34.324	publish retailer_transactions RETAIL-TXN-1740928474218-5395 7b227472616e73616374696f6e4964223a2252455441494c2d54584e2d313734303932383437343231382d35333935222c227472616e73616374696f6e54797065223a2253414c45222c2270726f647563744964223a2250524f442d313233222c227175616e74697479223a322c22637573746f6d65724964223a22435553542d343536222c2273746f72654c6f636174696f6e223a2253544f52452d4e5943222c2274696d657374616d70223a313734303932383437343231382c22737461747573223a2250454e44494e47222c226164646974696f6e616c44617461223a7b7d7d
2025-03-02 21:14:35.017	publish asset_receipts TRANSFER-1740928474680-938 7b2261737365744e616d65223a2270726f647563742d31222c227175616e74697479223a31302c22736f75726365436861696e223a226469737472696275746f722d636861696e222c22737461747573223a225245434549564544222c227472616e736665724964223a225452414e534645522d313734303932383437343638302d393338222c226d61696e5265666572656e6365223a22353332396165353430333463643232656166653764376539316432323731383035373830633463306137303337336462336533353861616438396331343438355c6e222c2274696d657374616d70223a313734303932383437343930342c226d65746164617461223a7b226e6f746573223a224d6f6e74686c7920736869706d656e74227d7d
2025-03-02 21:22:46.861	liststreams retailer_transactions
2025-03-02 21:22:46.969	liststreams merkle_roots
2025-03-02 21:22:47.076	liststreams transaction_proofs
2025-03-02 21:22:47.184	liststreams asset_transfers
2025-03-02 21:22:47.291	liststreams asset_receipts
2025-03-02 21:22:47.399	liststreams notifications
2025-03-02 21:23:27.282	liststreamkeyitems retailer_transactions PROD-123
2025-03-02 21:23:28.037	getinfo
2025-03-02 21:23:28.144	getpeerinfo
2025-03-02 21:23:28.251	getinfo
2025-03-02 21:23:28.358	getpeerinfo
2025-03-02 21:23:28.466	getinfo
2025-03-02 21:23:28.573	getpeerinfo
2025-03-02 21:23:29.757	getblockcount
2025-03-02 21:23:29.864	getmempoolinfo
2025-03-02 21:23:29.972	liststreams
2025-03-02 21:23:30.079	listassets
2025-03-02 21:23:30.835	liststreamkeyitems retailer_transactions PROD-123
2025-03-02 21:23:31.531	publish retailer_transactions PROD-123 7b227472616e73616374696f6e4964223a2252455441494c2d54584e2d313734303932393031313432312d34393431222c227472616e73616374696f6e54797065223a2253414c45222c2270726f647563744964223a2250524f442d313233222c227175616e74697479223a322c22637573746f6d65724964223a22435553542d343536222c2273746f72654c6f636174696f6e223a2253544f52452d4e5943222c2274696d657374616d70223a313734303932393031313432322c22737461747573223a2250454e44494e47222c226164646974696f6e616c44617461223a7b7d7d
2025-03-02 21:23:32.085	publish asset_receipts TRANSFER-1740929011757-3837 7b2261737365744e616d65223a2270726f647563742d31222c227175616e74697479223a31302c22736f75726365436861696e223a226469737472696275746f722d636861696e222c22737461747573223a225245434549564544222c227472616e736665724964223a225452414e534645522d313734303932393031313735372d33383337222c226d61696e5265666572656e6365223a2230303662633062363038356562313663383233336262623039346634373461343366646630396537613138643931326539616331343430383232356261346133222c2274696d657374616d70223a313734303932393031313937382c226d65746164617461223a7b226e6f746573223a224d6f6e74686c7920736869706d656e74227d7d
2025-03-02 21:23:36.079	getblockcount
2025-03-02 21:23:36.186	getblockhash 54
2025-03-02 21:23:36.293	getblock 0068cfa5a5a2a1b8d8c53613d4b10c987d6cec014a2ad822115073be0a02a4f8 1
2025-03-02 21:23:36.508	getblockhash 55
2025-03-02 21:23:36.615	getblock 009726897346aa0b4945058b50d7f0d0cd38dcad236fada6a07b478e70a5ff66 1
2025-03-02 21:23:36.831	getblockhash 56
2025-03-02 21:23:36.938	getblock 00289b30b9802bf39ce4cd898fc20b91fafa04e517d66cef0911f65abf3e70c7 1
2025-03-02 21:23:37.153	getblockhash 57
2025-03-02 21:23:37.260	getblock 001f00c2ba98f6cc85e42c3971c5a6d9cf9a1af758cdca18f8f1800f0163dcfa 1
2025-03-02 21:23:37.476	getblockhash 58
2025-03-02 21:23:37.583	getblock 007d1e14f43f295a4c2b7489a1cb7008a7fb402b61aa1ea459d7b3b21f400960 1
2025-03-02 21:23:37.798	getblockhash 59
2025-03-02 21:23:37.905	getblock 00dc70747abcb1ab75ac02e90d17aed4773a8f2d2c8553bbc85f59f327322976 1
2025-03-02 21:23:38.120	getblockhash 60
2025-03-02 21:23:38.227	getblock 005bc98cd30c4d11c1836194626149a360d0adca79d0b15cf2741b7015178fee 1
2025-03-02 21:23:38.444	getblockhash 61
2025-03-02 21:23:38.551	getblock 004b53e5f40be8f7744480f13c96a5e4f7c273b2a3ffc167e9b27962df666fce 1
2025-03-02 21:23:38.766	getblockhash 62
2025-03-02 21:23:38.873	getblock 00e2f6daf73e1606b8a644b94154fde683870771cf91d0065f23c60dd7d4fdb7 1
2025-03-02 21:23:39.088	getblockhash 63
2025-03-02 21:23:39.195	getblock 008dedb2486b6f17476ff74f30041af95a3ca2097e2cf681fbf232d474777e44 1
2025-03-02 21:23:39.410	getblockhash 64
2025-03-02 21:23:39.516	getblock 0080f1ba7439f85308ece515612a2226a46359ea118ef6956b1f08c4070b4e25 1
2025-03-02 21:23:41.284	liststreams retailer_transactions
2025-03-02 21:23:41.391	liststreams merkle_roots
2025-03-02 21:23:41.498	liststreams transaction_proofs
2025-03-02 21:23:41.605	liststreams asset_transfers
2025-03-02 21:23:41.713	liststreams asset_receipts
2025-03-02 21:23:41.821	liststreams notifications
2025-03-02 21:23:43.402	getblockcount
2025-03-02 21:23:43.509	getblockhash 54
2025-03-02 21:23:43.617	getblock 0068cfa5a5a2a1b8d8c53613d4b10c987d6cec014a2ad822115073be0a02a4f8 1
2025-03-02 21:23:43.832	getblockhash 55
2025-03-02 21:23:43.941	getblock 009726897346aa0b4945058b50d7f0d0cd38dcad236fada6a07b478e70a5ff66 1
2025-03-02 21:23:44.156	getblockhash 56
2025-03-02 21:23:44.264	getblock 00289b30b9802bf39ce4cd898fc20b91fafa04e517d66cef0911f65abf3e70c7 1
2025-03-02 21:23:44.478	getblockhash 57
2025-03-02 21:23:44.586	getblock 001f00c2ba98f6cc85e42c3971c5a6d9cf9a1af758cdca18f8f1800f0163dcfa 1
2025-03-02 21:23:44.800	getblockhash 58
2025-03-02 21:23:44.907	getblock 007d1e14f43f295a4c2b7489a1cb7008a7fb402b61aa1ea459d7b3b21f400960 1
2025-03-02 21:23:45.123	getblockhash 59
2025-03-02 21:23:45.230	getblock 00dc70747abcb1ab75ac02e90d17aed4773a8f2d2c8553bbc85f59f327322976 1
2025-03-02 21:23:45.454	getblockhash 60
2025-03-02 21:23:45.563	getblock 005bc98cd30c4d11c1836194626149a360d0adca79d0b15cf2741b7015178fee 1
2025-03-02 21:23:45.785	getblockhash 61
2025-03-02 21:23:45.895	getblock 004b53e5f40be8f7744480f13c96a5e4f7c273b2a3ffc167e9b27962df666fce 1
2025-03-02 21:23:46.115	getblockhash 62
2025-03-02 21:23:46.243	getblock 00e2f6daf73e1606b8a644b94154fde683870771cf91d0065f23c60dd7d4fdb7 1
2025-03-02 21:23:46.462	getblockhash 63
2025-03-02 21:23:46.571	getblock 008dedb2486b6f17476ff74f30041af95a3ca2097e2cf681fbf232d474777e44 1
2025-03-02 21:23:46.794	getblockhash 64
2025-03-02 21:23:46.905	getblock 0080f1ba7439f85308ece515612a2226a46359ea118ef6956b1f08c4070b4e25 1
2025-03-02 21:32:42.717	create stream retailer_transactions '{"restrict":"write"}'
2025-03-02 21:32:42.826	create stream retailer_transactions '{"restrict":"write"}'
2025-03-02 21:32:42.936	create stream retailer_transactions '{"restrict":"write"}'
2025-03-02 21:32:43.045	create stream merkle_roots '{"restrict":"write"}'
2025-03-02 21:32:43.154	create stream merkle_roots '{"restrict":"write"}'
2025-03-02 21:32:43.263	create stream merkle_roots '{"restrict":"write"}'
2025-03-02 21:32:43.372	create stream transaction_proofs '{"restrict":"write"}'
2025-03-02 21:32:43.481	create stream transaction_proofs '{"restrict":"write"}'
2025-03-02 21:32:43.590	create stream transaction_proofs '{"restrict":"write"}'
2025-03-02 21:32:43.700	create stream asset_transfers '{"restrict":"write"}'
2025-03-02 21:32:43.808	create stream asset_transfers '{"restrict":"write"}'
2025-03-02 21:32:43.917	create stream asset_transfers '{"restrict":"write"}'
2025-03-02 21:32:44.026	create stream asset_receipts '{"restrict":"write"}'
2025-03-02 21:32:44.135	create stream asset_receipts '{"restrict":"write"}'
2025-03-02 21:32:44.244	create stream asset_receipts '{"restrict":"write"}'
2025-03-02 21:32:44.353	create stream notifications '{"restrict":"write"}'
2025-03-02 21:32:44.463	create stream notifications '{"restrict":"write"}'
2025-03-02 21:32:44.571	create stream notifications '{"restrict":"write"}'
2025-03-02 21:32:58.837	liststreamkeyitems retailer_transactions PROD-123
2025-03-02 21:32:59.594	getinfo
2025-03-02 21:32:59.702	getpeerinfo
2025-03-02 21:32:59.810	getinfo
2025-03-02 21:32:59.917	getpeerinfo
2025-03-02 21:33:00.024	getinfo
2025-03-02 21:33:00.131	getpeerinfo
2025-03-02 21:33:01.317	getblockcount
2025-03-02 21:33:01.424	getmempoolinfo
2025-03-02 21:33:01.531	liststreams
2025-03-02 21:33:01.639	listassets
2025-03-02 21:33:02.407	liststreamkeyitems retailer_transactions PROD-123
2025-03-02 21:33:03.090	publish retailer_transactions PROD-123 7b227472616e73616374696f6e4964223a2252455441494c2d54584e2d313734303932393538323938312d34343233222c227472616e73616374696f6e54797065223a2253414c45222c2270726f647563744964223a2250524f442d313233222c227175616e74697479223a322c22637573746f6d65724964223a22435553542d343536222c2273746f72654c6f636174696f6e223a2253544f52452d4e5943222c2274696d657374616d70223a313734303932393538323938312c22737461747573223a2250454e44494e47222c226164646974696f6e616c44617461223a7b7d7d
2025-03-02 21:33:03.644	publish asset_receipts TRANSFER-1740929583316-1896 7b2261737365744e616d65223a2270726f647563742d31222c227175616e74697479223a31302c22736f75726365436861696e223a226469737472696275746f722d636861696e222c22737461747573223a225245434549564544222c227472616e736665724964223a225452414e534645522d313734303932393538333331362d31383936222c226d61696e5265666572656e6365223a2239346633616332356465623333636164633565643665616232636636663634333331316165623961313133656239643634663638656265303630363737663439222c2274696d657374616d70223a313734303932393538333533362c226d65746164617461223a7b226e6f746573223a224d6f6e74686c7920736869706d656e74227d7d
2025-03-02 21:33:07.661	getblockcount
2025-03-02 21:33:07.769	getblockhash 65
2025-03-02 21:33:07.876	getblock 00a158b4549781d941955a0a314b75317267b2ebe456a22e4d731c31b0bd1ca6 1
2025-03-02 21:33:08.091	getblockhash 66
2025-03-02 21:33:08.198	getblock 000dd32e9d91ee4c6328aa4f559f59870ee9590b58bcf5889fa7df98276997ea 1
2025-03-02 21:33:08.413	getblockhash 67
2025-03-02 21:33:08.519	getblock 003cbd8432f1d8ad0e2abe40501604d4a7c2885ea78a2c6ed00f2f435657c27b 1
2025-03-02 21:33:08.734	getblockhash 68
2025-03-02 21:33:08.841	getblock 00d0b4e883867e431a0ab5ab590f2a2181354353245da44312090a408b236b4b 1
2025-03-02 21:33:09.056	getblockhash 69
2025-03-02 21:33:09.164	getblock 0095caa4778db787fd842930333fcb8f471ad066a6a685f3e85f86412a4e3c80 1
2025-03-02 21:33:09.378	getblockhash 70
2025-03-02 21:33:09.485	getblock 00300785fd35ef9e182c37413650ae4545ddda43a20943737af8e82ddc313957 1
2025-03-02 21:33:09.700	getblockhash 71
2025-03-02 21:33:09.807	getblock 00cc750d12afe9054cadc0abeb6e8178b550ab9c530e699cd40d01c275faa1a6 1
2025-03-02 21:33:10.022	getblockhash 72
2025-03-02 21:33:10.128	getblock 000205379ee9765e5d15441530965aa087453b123284eb21436ae5cdcd8af063 1
2025-03-02 21:33:10.343	getblockhash 73
2025-03-02 21:33:10.450	getblock 00d3b015341b4e9595bf5352724983a95b61799db8e4b813cad61dffff4dbf41 1
2025-03-02 21:33:10.665	getblockhash 74
2025-03-02 21:33:10.772	getblock 00aece463074c5fca3c5308c55be0795363afb53195492585866eef6bf8fca5c 1
2025-03-02 21:33:10.987	getblockhash 75
2025-03-02 21:33:11.094	getblock 00f386f12b4f52a04eb7f7104e44d45b7c637fde5f4b62140c758e4d97cb5dcb 1
2025-03-02 21:33:13.877	create stream retailer_transactions '{"restrict":"write"}'
2025-03-02 21:33:13.987	create stream retailer_transactions '{"restrict":"write"}'
2025-03-02 21:33:14.096	create stream retailer_transactions '{"restrict":"write"}'
2025-03-02 21:33:14.205	create stream merkle_roots '{"restrict":"write"}'
2025-03-02 21:33:14.315	create stream merkle_roots '{"restrict":"write"}'
2025-03-02 21:33:14.424	create stream merkle_roots '{"restrict":"write"}'
2025-03-02 21:33:14.533	create stream transaction_proofs '{"restrict":"write"}'
2025-03-02 21:33:14.643	create stream transaction_proofs '{"restrict":"write"}'
2025-03-02 21:33:14.752	create stream transaction_proofs '{"restrict":"write"}'
2025-03-02 21:33:14.861	create stream asset_transfers '{"restrict":"write"}'
2025-03-02 21:33:14.971	create stream asset_transfers '{"restrict":"write"}'
2025-03-02 21:33:15.011	getblockcount
2025-03-02 21:33:15.080	create stream asset_transfers '{"restrict":"write"}'
2025-03-02 21:33:15.119	getblockhash 66
2025-03-02 21:33:15.189	create stream asset_receipts '{"restrict":"write"}'
2025-03-02 21:33:15.226	getblock 000dd32e9d91ee4c6328aa4f559f59870ee9590b58bcf5889fa7df98276997ea 1
2025-03-02 21:33:15.299	create stream asset_receipts '{"restrict":"write"}'
2025-03-02 21:33:15.408	create stream asset_receipts '{"restrict":"write"}'
2025-03-02 21:33:15.441	getblockhash 67
2025-03-02 21:33:15.517	create stream notifications '{"restrict":"write"}'
2025-03-02 21:33:15.550	getblock 003cbd8432f1d8ad0e2abe40501604d4a7c2885ea78a2c6ed00f2f435657c27b 1
2025-03-02 21:33:15.626	create stream notifications '{"restrict":"write"}'
2025-03-02 21:33:15.735	create stream notifications '{"restrict":"write"}'
2025-03-02 21:33:15.765	getblockhash 68
2025-03-02 21:33:15.872	getblock 00d0b4e883867e431a0ab5ab590f2a2181354353245da44312090a408b236b4b 1
2025-03-02 21:33:16.087	getblockhash 69
2025-03-02 21:33:16.194	getblock 0095caa4778db787fd842930333fcb8f471ad066a6a685f3e85f86412a4e3c80 1
2025-03-02 21:33:16.409	getblockhash 70
2025-03-02 21:33:16.516	getblock 00300785fd35ef9e182c37413650ae4545ddda43a20943737af8e82ddc313957 1
2025-03-02 21:33:16.733	getblockhash 71
2025-03-02 21:33:16.840	getblock 00cc750d12afe9054cadc0abeb6e8178b550ab9c530e699cd40d01c275faa1a6 1
2025-03-02 21:33:17.056	getblockhash 72
2025-03-02 21:33:17.163	getblock 000205379ee9765e5d15441530965aa087453b123284eb21436ae5cdcd8af063 1
2025-03-02 21:33:17.380	getblockhash 73
2025-03-02 21:33:17.490	getblock 00d3b015341b4e9595bf5352724983a95b61799db8e4b813cad61dffff4dbf41 1
2025-03-02 21:33:17.710	getblockhash 74
2025-03-02 21:33:17.819	getblock 00aece463074c5fca3c5308c55be0795363afb53195492585866eef6bf8fca5c 1
2025-03-02 21:33:18.038	getblockhash 75
2025-03-02 21:33:18.147	getblock 00f386f12b4f52a04eb7f7104e44d45b7c637fde5f4b62140c758e4d97cb5dcb 1
2025-03-02 21:33:18.367	getblockhash 76
2025-03-02 21:33:18.479	getblock 006726fcb6bae0f5a9a2170b0f91994b33300bb2573b914ce3929ed2e6d31951 1
2025-03-02 21:43:14.998	getblockcount
2025-03-02 21:43:15.105	getblockhash 77
2025-03-02 21:43:15.212	getblock 0012b06e4035355427f4cb2cfa9509f78151b4c1540149f2b192b2c5d5ca707e 1
2025-03-02 21:43:15.427	getblockhash 78
2025-03-02 21:43:15.534	getblock 00077905fe1129b39f1c12b8e419ecad35cac84b5c26c2771e41a9cec220dca7 1
2025-03-02 21:43:15.748	getblockhash 79
2025-03-02 21:43:15.857	getblock 001567ee7244b3c2ad8ea10a35d6c73a1665367523e1e7563d8b78ee541b6c3d 1
2025-03-02 21:43:16.072	getblockhash 80
2025-03-02 21:43:16.179	getblock 005211f6efbf7e40a0992f7415b0928b2165b93eb58c0c0fcf0ba49de84511c0 1
2025-03-02 21:43:16.394	getblockhash 81
2025-03-02 21:43:16.501	getblock 0096ada6fbdd067b0990b2caa5af64a8b59ddd8501587a28604441c22249cf3c 1
2025-03-02 21:43:16.716	getblockhash 82
2025-03-02 21:43:16.822	getblock 0006f09e10dc51fd3f1d1db043ba7e518b4a5039a577e076280577a359eebeb3 1
2025-03-02 21:43:17.037	getblockhash 83
2025-03-02 21:43:17.144	getblock 00cbad14a0e22d76492546da33df2fd84b610b8eebad89a01aa2686730922577 1
2025-03-02 21:43:17.358	getblockhash 84
2025-03-02 21:43:17.465	getblock 00c6274661cf0c72a59e180d0d5109c23869467028f3bd0d12ad0deef19a8a9c 1
2025-03-02 21:43:17.681	getblockhash 85
2025-03-02 21:43:17.787	getblock 004ff3067a5d0e7e631a68a4f66498b90e07540daff06408c814e6855b0407b1 1
2025-03-02 21:43:18.002	getblockhash 86
2025-03-02 21:43:18.109	getblock 0086a66d3c107321797409824b8b179ebfac035e93bc445a372370b18900d153 1
2025-03-02 21:43:18.324	getblockhash 87
2025-03-02 21:43:18.431	getblock 00730004f6062342d03692afd7b3ee289e2635699d4756b96631272bbc6d94df 1
2025-03-02 21:46:46.657	create stream retailer_transactions '{"restrict":"write"}'
2025-03-02 21:46:46.766	create stream retailer_transactions '{"restrict":"write"}'
2025-03-02 21:46:46.875	create stream retailer_transactions '{"restrict":"write"}'
2025-03-02 21:46:46.984	create stream merkle_roots '{"restrict":"write"}'
2025-03-02 21:46:47.093	create stream merkle_roots '{"restrict":"write"}'
2025-03-02 21:46:47.204	create stream merkle_roots '{"restrict":"write"}'
2025-03-02 21:46:47.312	create stream transaction_proofs '{"restrict":"write"}'
2025-03-02 21:46:47.421	create stream transaction_proofs '{"restrict":"write"}'
2025-03-02 21:46:47.530	create stream transaction_proofs '{"restrict":"write"}'
2025-03-02 21:46:47.639	create stream asset_transfers '{"restrict":"write"}'
2025-03-02 21:46:47.748	create stream asset_transfers '{"restrict":"write"}'
2025-03-02 21:46:47.856	create stream asset_transfers '{"restrict":"write"}'
2025-03-02 21:46:47.965	create stream asset_receipts '{"restrict":"write"}'
2025-03-02 21:46:48.074	create stream asset_receipts '{"restrict":"write"}'
2025-03-02 21:46:48.183	create stream asset_receipts '{"restrict":"write"}'
2025-03-02 21:46:48.292	create stream notifications '{"restrict":"write"}'
2025-03-02 21:46:48.401	create stream notifications '{"restrict":"write"}'
2025-03-02 21:46:48.510	create stream notifications '{"restrict":"write"}'
2025-03-02 21:46:53.749	liststreamkeyitems retailer_transactions PROD-123
2025-03-02 21:46:54.506	getinfo
2025-03-02 21:46:54.613	getpeerinfo
2025-03-02 21:46:54.720	getinfo
2025-03-02 21:46:54.828	getpeerinfo
2025-03-02 21:46:54.935	getinfo
2025-03-02 21:46:55.042	getpeerinfo
2025-03-02 21:46:56.228	getblockcount
2025-03-02 21:46:56.335	getmempoolinfo
2025-03-02 21:46:56.442	liststreams
2025-03-02 21:46:56.550	listassets
2025-03-02 21:46:57.306	liststreamkeyitems retailer_transactions PROD-123
2025-03-02 21:46:57.668	publish retailer_transactions PROD-123 7b227472616e73616374696f6e4964223a2252455441494c2d54584e2d313734303933303431373536312d38313034222c227472616e73616374696f6e54797065223a2253414c45222c2270726f647563744964223a2250524f442d313233222c227175616e74697479223a322c22637573746f6d65724964223a22435553542d343536222c2273746f72654c6f636174696f6e223a2253544f52452d4e5943222c2274696d657374616d70223a313734303933303431373536312c22737461747573223a2250454e44494e47222c226164646974696f6e616c44617461223a7b7d7d
2025-03-02 21:46:58.225	publish asset_receipts TRANSFER-1740930417896-2523 7b2261737365744e616d65223a2270726f647563742d31222c227175616e74697479223a31302c22736f75726365436861696e223a226469737472696275746f722d636861696e222c22737461747573223a225245434549564544222c227472616e736665724964223a225452414e534645522d313734303933303431373839362d32353233222c226d61696e5265666572656e6365223a2230343535396633623665393034633232356335316663653138383832643962363035663433396564663035663632646534353236636638386662306565363737222c2274696d657374616d70223a313734303933303431383131372c226d65746164617461223a7b226e6f746573223a224d6f6e74686c7920736869706d656e74227d7d
2025-03-02 21:47:02.208	getblockcount
2025-03-02 21:47:02.315	getblockhash 77
2025-03-02 21:47:02.422	getblock 0012b06e4035355427f4cb2cfa9509f78151b4c1540149f2b192b2c5d5ca707e 1
2025-03-02 21:47:02.636	getblockhash 78
2025-03-02 21:47:02.743	getblock 00077905fe1129b39f1c12b8e419ecad35cac84b5c26c2771e41a9cec220dca7 1
2025-03-02 21:47:02.959	getblockhash 79
2025-03-02 21:47:03.066	getblock 001567ee7244b3c2ad8ea10a35d6c73a1665367523e1e7563d8b78ee541b6c3d 1
2025-03-02 21:47:03.281	getblockhash 80
2025-03-02 21:47:03.389	getblock 005211f6efbf7e40a0992f7415b0928b2165b93eb58c0c0fcf0ba49de84511c0 1
2025-03-02 21:47:03.604	getblockhash 81
2025-03-02 21:47:03.711	getblock 0096ada6fbdd067b0990b2caa5af64a8b59ddd8501587a28604441c22249cf3c 1
2025-03-02 21:47:03.926	getblockhash 82
2025-03-02 21:47:04.033	getblock 0006f09e10dc51fd3f1d1db043ba7e518b4a5039a577e076280577a359eebeb3 1
2025-03-02 21:47:04.248	getblockhash 83
2025-03-02 21:47:04.356	getblock 00cbad14a0e22d76492546da33df2fd84b610b8eebad89a01aa2686730922577 1
2025-03-02 21:47:04.578	getblockhash 84
2025-03-02 21:47:04.685	getblock 00c6274661cf0c72a59e180d0d5109c23869467028f3bd0d12ad0deef19a8a9c 1
2025-03-02 21:47:04.900	getblockhash 85
2025-03-02 21:47:05.007	getblock 004ff3067a5d0e7e631a68a4f66498b90e07540daff06408c814e6855b0407b1 1
2025-03-02 21:47:05.222	getblockhash 86
2025-03-02 21:47:05.329	getblock 0086a66d3c107321797409824b8b179ebfac035e93bc445a372370b18900d153 1
2025-03-02 21:47:05.544	getblockhash 87
2025-03-02 21:47:05.651	getblock 00730004f6062342d03692afd7b3ee289e2635699d4756b96631272bbc6d94df 1
2025-03-02 21:47:08.572	create stream retailer_transactions '{"restrict":"write"}'
2025-03-02 21:47:08.682	create stream retailer_transactions '{"restrict":"write"}'
2025-03-02 21:47:08.791	create stream retailer_transactions '{"restrict":"write"}'
2025-03-02 21:47:08.901	create stream merkle_roots '{"restrict":"write"}'
2025-03-02 21:47:09.011	create stream merkle_roots '{"restrict":"write"}'
2025-03-02 21:47:09.120	create stream merkle_roots '{"restrict":"write"}'
2025-03-02 21:47:09.229	create stream transaction_proofs '{"restrict":"write"}'
2025-03-02 21:47:09.338	create stream transaction_proofs '{"restrict":"write"}'
2025-03-02 21:47:09.448	create stream transaction_proofs '{"restrict":"write"}'
2025-03-02 21:47:09.557	create stream asset_transfers '{"restrict":"write"}'
2025-03-02 21:47:09.609	getblockcount
2025-03-02 21:47:09.666	create stream asset_transfers '{"restrict":"write"}'
2025-03-02 21:47:09.716	getblockhash 77
2025-03-02 21:47:09.775	create stream asset_transfers '{"restrict":"write"}'
2025-03-02 21:47:09.823	getblock 0012b06e4035355427f4cb2cfa9509f78151b4c1540149f2b192b2c5d5ca707e 1
2025-03-02 21:47:09.884	create stream asset_receipts '{"restrict":"write"}'
2025-03-02 21:47:09.994	create stream asset_receipts '{"restrict":"write"}'
2025-03-02 21:47:10.039	getblockhash 78
2025-03-02 21:47:10.103	create stream asset_receipts '{"restrict":"write"}'
2025-03-02 21:47:10.146	getblock 00077905fe1129b39f1c12b8e419ecad35cac84b5c26c2771e41a9cec220dca7 1
2025-03-02 21:47:10.212	create stream notifications '{"restrict":"write"}'
2025-03-02 21:47:10.321	create stream notifications '{"restrict":"write"}'
2025-03-02 21:47:10.361	getblockhash 79
2025-03-02 21:47:10.448	create stream notifications '{"restrict":"write"}'
2025-03-02 21:47:10.468	getblock 001567ee7244b3c2ad8ea10a35d6c73a1665367523e1e7563d8b78ee541b6c3d 1
2025-03-02 21:47:10.684	getblockhash 80
2025-03-02 21:47:10.792	getblock 005211f6efbf7e40a0992f7415b0928b2165b93eb58c0c0fcf0ba49de84511c0 1
2025-03-02 21:47:11.007	getblockhash 81
2025-03-02 21:47:11.114	getblock 0096ada6fbdd067b0990b2caa5af64a8b59ddd8501587a28604441c22249cf3c 1
2025-03-02 21:47:11.330	getblockhash 82
2025-03-02 21:47:11.438	getblock 0006f09e10dc51fd3f1d1db043ba7e518b4a5039a577e076280577a359eebeb3 1
2025-03-02 21:47:11.656	getblockhash 83
2025-03-02 21:47:11.767	getblock 00cbad14a0e22d76492546da33df2fd84b610b8eebad89a01aa2686730922577 1
2025-03-02 21:47:11.988	getblockhash 84
2025-03-02 21:47:12.097	getblock 00c6274661cf0c72a59e180d0d5109c23869467028f3bd0d12ad0deef19a8a9c 1
2025-03-02 21:47:12.318	getblockhash 85
2025-03-02 21:47:12.428	getblock 004ff3067a5d0e7e631a68a4f66498b90e07540daff06408c814e6855b0407b1 1
2025-03-02 21:47:12.648	getblockhash 86
2025-03-02 21:47:12.758	getblock 0086a66d3c107321797409824b8b179ebfac035e93bc445a372370b18900d153 1
2025-03-02 21:47:12.978	getblockhash 87
2025-03-02 21:47:13.087	getblock 00730004f6062342d03692afd7b3ee289e2635699d4756b96631272bbc6d94df 1
2025-03-02 21:47:25.256	liststreamkeyitems retailer_transactions PROD-123
2025-03-02 21:47:26.040	getinfo
2025-03-02 21:47:26.153	getpeerinfo
2025-03-02 21:47:26.263	getinfo
2025-03-02 21:47:26.370	getpeerinfo
2025-03-02 21:47:26.477	getinfo
2025-03-02 21:47:26.585	getpeerinfo
2025-03-02 21:47:27.787	getblockcount
2025-03-02 21:47:27.893	getmempoolinfo
2025-03-02 21:47:28.000	liststreams
2025-03-02 21:47:28.108	listassets
2025-03-02 21:47:28.864	liststreamkeyitems retailer_transactions PROD-123
2025-03-02 21:47:29.221	publish retailer_transactions PROD-123 7b227472616e73616374696f6e4964223a2252455441494c2d54584e2d313734303933303434393131352d38383039222c227472616e73616374696f6e54797065223a2253414c45222c2270726f647563744964223a2250524f442d313233222c227175616e74697479223a322c22637573746f6d65724964223a22435553542d343536222c2273746f72654c6f636174696f6e223a2253544f52452d4e5943222c2274696d657374616d70223a313734303933303434393131352c22737461747573223a2250454e44494e47222c226164646974696f6e616c44617461223a7b7d7d
2025-03-02 21:47:29.774	publish asset_receipts TRANSFER-1740930449448-1872 7b2261737365744e616d65223a2270726f647563742d31222c227175616e74697479223a31302c22736f75726365436861696e223a226469737472696275746f722d636861696e222c22737461747573223a225245434549564544222c227472616e736665724964223a225452414e534645522d313734303933303434393434382d31383732222c226d61696e5265666572656e6365223a2237623135353934613834626237383539383739343066303663653035626431353831656435333531623836643366313435343633373230346662343333346466222c2274696d657374616d70223a313734303933303434393636372c226d65746164617461223a7b226e6f746573223a224d6f6e74686c7920736869706d656e74227d7d
2025-03-02 21:47:33.819	getblockcount
2025-03-02 21:47:33.926	getblockhash 81
2025-03-02 21:47:34.033	getblock 0096ada6fbdd067b0990b2caa5af64a8b59ddd8501587a28604441c22249cf3c 1
2025-03-02 21:47:34.248	getblockhash 82
2025-03-02 21:47:34.356	getblock 0006f09e10dc51fd3f1d1db043ba7e518b4a5039a577e076280577a359eebeb3 1
2025-03-02 21:47:34.577	getblockhash 83
2025-03-02 21:47:34.686	getblock 00cbad14a0e22d76492546da33df2fd84b610b8eebad89a01aa2686730922577 1
2025-03-02 21:47:34.903	getblockhash 84
2025-03-02 21:47:35.014	getblock 00c6274661cf0c72a59e180d0d5109c23869467028f3bd0d12ad0deef19a8a9c 1
2025-03-02 21:47:35.233	getblockhash 85
2025-03-02 21:47:35.342	getblock 004ff3067a5d0e7e631a68a4f66498b90e07540daff06408c814e6855b0407b1 1
2025-03-02 21:47:35.560	getblockhash 86
2025-03-02 21:47:35.667	getblock 0086a66d3c107321797409824b8b179ebfac035e93bc445a372370b18900d153 1
2025-03-02 21:47:35.888	getblockhash 87
2025-03-02 21:47:35.995	getblock 00730004f6062342d03692afd7b3ee289e2635699d4756b96631272bbc6d94df 1
2025-03-02 21:47:36.214	getblockhash 88
2025-03-02 21:47:36.321	getblock 00ab8f7fb9ae046f553a7025ebae26f6999dccd1416f09588066d5598f77e65e 1
2025-03-02 21:47:36.542	getblockhash 89
2025-03-02 21:47:36.653	getblock 0087a8ffe064d280e1f61cfc09ea62c797a3fdd53fd60450155d341dedec5f9d 1
2025-03-02 21:47:36.888	getblockhash 90
2025-03-02 21:47:36.997	getblock 006e2e872758b62c59b79bc18ed33f94c8b51a4e8cd0e577446debb763222b52 1
2025-03-02 21:47:37.220	getblockhash 91
2025-03-02 21:47:37.327	getblock 004dc738a250fc98d266a7be5c500b9ce3076c6175c59ffeee0d55dedfaef1e5 1
2025-03-02 21:47:40.372	create stream retailer_transactions '{"restrict":"write"}'
2025-03-02 21:47:40.482	create stream retailer_transactions '{"restrict":"write"}'
2025-03-02 21:47:40.592	create stream retailer_transactions '{"restrict":"write"}'
2025-03-02 21:47:40.701	create stream merkle_roots '{"restrict":"write"}'
2025-03-02 21:47:40.811	create stream merkle_roots '{"restrict":"write"}'
2025-03-02 21:47:40.921	create stream merkle_roots '{"restrict":"write"}'
2025-03-02 21:47:41.034	create stream transaction_proofs '{"restrict":"write"}'
2025-03-02 21:47:41.143	create stream transaction_proofs '{"restrict":"write"}'
2025-03-02 21:47:41.251	create stream transaction_proofs '{"restrict":"write"}'
2025-03-02 21:47:41.308	getblockcount
2025-03-02 21:47:41.361	create stream asset_transfers '{"restrict":"write"}'
2025-03-02 21:47:41.415	getblockhash 81
2025-03-02 21:47:41.469	create stream asset_transfers '{"restrict":"write"}'
2025-03-02 21:47:41.523	getblock 0096ada6fbdd067b0990b2caa5af64a8b59ddd8501587a28604441c22249cf3c 1
2025-03-02 21:47:41.579	create stream asset_transfers '{"restrict":"write"}'
2025-03-02 21:47:41.687	create stream asset_receipts '{"restrict":"write"}'
2025-03-02 21:47:41.740	getblockhash 82
2025-03-02 21:47:41.800	create stream asset_receipts '{"restrict":"write"}'
2025-03-02 21:47:41.851	getblock 0006f09e10dc51fd3f1d1db043ba7e518b4a5039a577e076280577a359eebeb3 1
2025-03-02 21:47:41.911	create stream asset_receipts '{"restrict":"write"}'
2025-03-02 21:47:42.020	create stream notifications '{"restrict":"write"}'
2025-03-02 21:47:42.071	getblockhash 83
2025-03-02 21:47:42.129	create stream notifications '{"restrict":"write"}'
2025-03-02 21:47:42.178	getblock 00cbad14a0e22d76492546da33df2fd84b610b8eebad89a01aa2686730922577 1
2025-03-02 21:47:42.239	create stream notifications '{"restrict":"write"}'
2025-03-02 21:47:42.395	getblockhash 84
2025-03-02 21:47:42.504	getblock 00c6274661cf0c72a59e180d0d5109c23869467028f3bd0d12ad0deef19a8a9c 1
2025-03-02 21:47:42.726	getblockhash 85
2025-03-02 21:47:42.836	getblock 004ff3067a5d0e7e631a68a4f66498b90e07540daff06408c814e6855b0407b1 1
2025-03-02 21:47:43.063	getblockhash 86
2025-03-02 21:47:43.173	getblock 0086a66d3c107321797409824b8b179ebfac035e93bc445a372370b18900d153 1
2025-03-02 21:47:43.400	getblockhash 87
2025-03-02 21:47:43.509	getblock 00730004f6062342d03692afd7b3ee289e2635699d4756b96631272bbc6d94df 1
2025-03-02 21:47:43.733	getblockhash 88
2025-03-02 21:47:43.843	getblock 00ab8f7fb9ae046f553a7025ebae26f6999dccd1416f09588066d5598f77e65e 1
2025-03-02 21:47:44.078	getblockhash 89
2025-03-02 21:47:44.186	getblock 0087a8ffe064d280e1f61cfc09ea62c797a3fdd53fd60450155d341dedec5f9d 1
2025-03-02 21:47:44.414	getblockhash 90
2025-03-02 21:47:44.522	getblock 006e2e872758b62c59b79bc18ed33f94c8b51a4e8cd0e577446debb763222b52 1
2025-03-02 21:47:44.747	getblockhash 91
2025-03-02 21:47:44.856	getblock 004dc738a250fc98d266a7be5c500b9ce3076c6175c59ffeee0d55dedfaef1e5 1
2025-03-02 21:57:41.226	getblockcount
2025-03-02 21:57:41.333	getblockhash 91
2025-03-02 21:57:41.440	getblock 004dc738a250fc98d266a7be5c500b9ce3076c6175c59ffeee0d55dedfaef1e5 1
2025-03-02 21:57:41.655	getblockhash 92
2025-03-02 21:57:41.762	getblock 0093fee15002882afba698fffd3e465f55f74af5b73f009d8fd31ee97d1d91c9 1
2025-03-02 21:57:41.976	getblockhash 93
2025-03-02 21:57:42.083	getblock 005d5046d2cc08d4c9726c50353c57316902b76e231734c7122a77941b010e0b 1
2025-03-02 21:57:42.298	getblockhash 94
2025-03-02 21:57:42.405	getblock 002a8e705e228ce1f4af80cff5c985c559a7b6dadc8698269ffe2e275d7878e4 1
2025-03-02 21:57:42.621	getblockhash 95
2025-03-02 21:57:42.728	getblock 00a4047a8b68a3044050d27b3a2b06a09cdbdd054a3aac0b3a9f939a0687e9ba 1
2025-03-02 21:57:42.943	getblockhash 96
2025-03-02 21:57:43.050	getblock 00dce9ceb8310a9c2eb64560bf0719c96118b20b92a8eff54e5d4bed53702aa1 1
2025-03-02 21:57:43.265	getblockhash 97
2025-03-02 21:57:43.371	getblock 00498254dac6bc5fc82d810b0d9fb572124fd9ba9c426d466bc880b5b1a02c4a 1
2025-03-02 21:57:43.586	getblockhash 98
2025-03-02 21:57:43.693	getblock 00b565c1776716738185e3592d7a8dd0397206ca49172e27f66bb34ced52e664 1
2025-03-02 21:57:43.908	getblockhash 99
2025-03-02 21:57:44.015	getblock 001c412238d86d7a80475fe8a9c083c807d89b76ec478a875cc2a22766320c0c 1
2025-03-02 21:57:44.230	getblockhash 100
2025-03-02 21:57:44.337	getblock 007431dbe9dedef8b3451362b3d2482e521ed1e6bca2792f6a8c19f1ba980ddc 1
2025-03-02 21:57:44.552	getblockhash 101
2025-03-02 21:57:44.659	getblock 0018f8412497da8d454068e83117393dfc5676762f93358e97a0b948b2c20d7f 1
2025-03-02 22:07:41.288	getblockcount
2025-03-02 22:07:41.395	getblockhash 91
2025-03-02 22:07:41.503	getblock 004dc738a250fc98d266a7be5c500b9ce3076c6175c59ffeee0d55dedfaef1e5 1
2025-03-02 22:07:41.721	getblockhash 92
2025-03-02 22:07:41.828	getblock 0093fee15002882afba698fffd3e465f55f74af5b73f009d8fd31ee97d1d91c9 1
2025-03-02 22:07:42.043	getblockhash 93
2025-03-02 22:07:42.150	getblock 005d5046d2cc08d4c9726c50353c57316902b76e231734c7122a77941b010e0b 1
2025-03-02 22:07:42.367	getblockhash 94
2025-03-02 22:07:42.474	getblock 002a8e705e228ce1f4af80cff5c985c559a7b6dadc8698269ffe2e275d7878e4 1
2025-03-02 22:07:42.689	getblockhash 95
2025-03-02 22:07:42.796	getblock 00a4047a8b68a3044050d27b3a2b06a09cdbdd054a3aac0b3a9f939a0687e9ba 1
2025-03-02 22:07:43.012	getblockhash 96
2025-03-02 22:07:43.119	getblock 00dce9ceb8310a9c2eb64560bf0719c96118b20b92a8eff54e5d4bed53702aa1 1
2025-03-02 22:07:43.335	getblockhash 97
2025-03-02 22:07:43.442	getblock 00498254dac6bc5fc82d810b0d9fb572124fd9ba9c426d466bc880b5b1a02c4a 1
2025-03-02 22:07:43.657	getblockhash 98
2025-03-02 22:07:43.764	getblock 00b565c1776716738185e3592d7a8dd0397206ca49172e27f66bb34ced52e664 1
2025-03-02 22:07:43.983	getblockhash 99
2025-03-02 22:07:44.090	getblock 001c412238d86d7a80475fe8a9c083c807d89b76ec478a875cc2a22766320c0c 1
2025-03-02 22:07:44.305	getblockhash 100
2025-03-02 22:07:44.412	getblock 007431dbe9dedef8b3451362b3d2482e521ed1e6bca2792f6a8c19f1ba980ddc 1
2025-03-02 22:07:44.633	getblockhash 101
2025-03-02 22:07:44.740	getblock 0018f8412497da8d454068e83117393dfc5676762f93358e97a0b948b2c20d7f 1
2025-03-02 22:17:41.464	getblockcount
2025-03-02 22:17:41.573	getblockhash 91
2025-03-02 22:17:41.685	getblock 004dc738a250fc98d266a7be5c500b9ce3076c6175c59ffeee0d55dedfaef1e5 1
2025-03-02 22:17:41.903	getblockhash 92
2025-03-02 22:17:42.017	getblock 0093fee15002882afba698fffd3e465f55f74af5b73f009d8fd31ee97d1d91c9 1
2025-03-02 22:17:42.247	getblockhash 93
2025-03-02 22:17:42.361	getblock 005d5046d2cc08d4c9726c50353c57316902b76e231734c7122a77941b010e0b 1
2025-03-02 22:17:42.604	getblockhash 94
2025-03-02 22:17:42.726	getblock 002a8e705e228ce1f4af80cff5c985c559a7b6dadc8698269ffe2e275d7878e4 1
2025-03-02 22:17:42.980	getblockhash 95
2025-03-02 22:17:43.097	getblock 00a4047a8b68a3044050d27b3a2b06a09cdbdd054a3aac0b3a9f939a0687e9ba 1
2025-03-02 22:17:43.342	getblockhash 96
2025-03-02 22:17:43.458	getblock 00dce9ceb8310a9c2eb64560bf0719c96118b20b92a8eff54e5d4bed53702aa1 1
2025-03-02 22:17:43.697	getblockhash 97
2025-03-02 22:17:43.822	getblock 00498254dac6bc5fc82d810b0d9fb572124fd9ba9c426d466bc880b5b1a02c4a 1
2025-03-02 22:17:44.061	getblockhash 98
2025-03-02 22:17:44.175	getblock 00b565c1776716738185e3592d7a8dd0397206ca49172e27f66bb34ced52e664 1
2025-03-02 22:17:44.402	getblockhash 99
2025-03-02 22:17:44.512	getblock 001c412238d86d7a80475fe8a9c083c807d89b76ec478a875cc2a22766320c0c 1
2025-03-02 22:17:44.736	getblockhash 100
2025-03-02 22:17:44.847	getblock 007431dbe9dedef8b3451362b3d2482e521ed1e6bca2792f6a8c19f1ba980ddc 1
2025-03-02 22:17:45.075	getblockhash 101
2025-03-02 22:17:45.183	getblock 0018f8412497da8d454068e83117393dfc5676762f93358e97a0b948b2c20d7f 1
