2025-03-02 02:21:26.370	Initialized. Chain height: -1, Txs: 0
2025-03-02 02:21:26.378	Entity (00000101, 0000000000000000000000000000000000000000) added successfully
2025-03-02 02:21:26.378	Entity (00000201, 0000000000000000000000000000000000000000) added successfully
2025-03-02 02:21:26.379	Entity (00000102, 0000000000000000000000000000000000000000) added successfully
2025-03-02 02:21:26.379	Entity (00000202, 0000000000000000000000000000000000000000) added successfully
2025-03-02 02:21:26.379	Entity (0000010A, 0000000000000000000000000000000000000000) added successfully
2025-03-02 02:21:26.379	Entity (0000010B, 0000000000000000000000000000000000000000) added successfully
2025-03-02 02:21:26.379	Entity (0000010F, 0000000000000000000000000000000000000000) added successfully
2025-03-02 02:21:26.379	Entity (00000103, d3abe57285cb886f46a19387d838c93d0b714d6d) added successfully
2025-03-02 02:21:26.379	Entity (00000203, d3abe57285cb886f46a19387d838c93d0b714d6d) added successfully
2025-03-02 02:21:26.425	Entity (00000105, 00000000d6b27e7a79327e241aaea5b688910938) added successfully
2025-03-02 02:21:26.425	Entity (00000205, 00000000d6b27e7a79327e241aaea5b688910938) added successfully
2025-03-02 02:21:26.425	Entity (00000106, 00000000d6b27e7a79327e241aaea5b688910938) added successfully
2025-03-02 02:21:26.425	Entity (00000206, 00000000d6b27e7a79327e241aaea5b688910938) added successfully
2025-03-02 02:21:26.425	Entity (00000107, 00000000d6b27e7a79327e241aaea5b688910938) added successfully
2025-03-02 02:21:26.425	Entity (00000207, 00000000d6b27e7a79327e241aaea5b688910938) added successfully
2025-03-02 02:21:26.445	NewData 00000000000000000000014b0000000000000000000000000000000000000002, block 0, flags 00000000, import 0
2025-03-02 02:21:26.452	NewBlock 0, Txs: 1, Rows: 4
2025-03-02 02:21:26.490	NewTx d99c242b39d84456a76baa9ad251fdc6cfcf9d7257860766667be2444bcdc3b0, block 1, flags 00000006, import 0
2025-03-02 02:21:26.497	NewBlock 1, Txs: 1, Rows: 6
2025-03-02 02:21:26.549	NewBlock 2, Txs: 0, Rows: 0
2025-03-02 02:21:35.843	NewTx e587e7006c859ccb58732be5c9183e3055c8445c0684f5580938a1286f80b975, block -1, flags 00030004, import 0
2025-03-02 02:21:40.473	NewData 00000000000000000000014b0000000000000000000000000000000000000002, block -1, flags 00000000, import 0
2025-03-02 02:21:40.474	NewTx 7ee88f0555a3cf94f27e426851a65327c15eb3fa84a377162ac57c85d764b7b2, block -1, flags 00030004, import 0
2025-03-02 02:21:40.581	NewData 00000000000000000000014b0000000000000000000000000000000000000002, block -1, flags 00000000, import 0
2025-03-02 02:21:40.581	NewTx 1b7b96f3f835a81d5529a093a8dc51f6df87821d5c5b9b2ee52a15a76f83f031, block -1, flags 00030004, import 0
2025-03-02 02:21:41.152	Entity (00000105, 000000007ee88f0555a3cf94f27e426851a65327) added successfully
2025-03-02 02:21:41.152	Entity (00000205, 000000007ee88f0555a3cf94f27e426851a65327) added successfully
2025-03-02 02:21:41.152	Entity (00000106, 000000007ee88f0555a3cf94f27e426851a65327) added successfully
2025-03-02 02:21:41.152	Entity (00000206, 000000007ee88f0555a3cf94f27e426851a65327) added successfully
2025-03-02 02:21:41.152	Entity (00000107, 000000007ee88f0555a3cf94f27e426851a65327) added successfully
2025-03-02 02:21:41.152	Entity (00000207, 000000007ee88f0555a3cf94f27e426851a65327) added successfully
2025-03-02 02:21:41.152	Starting new import 1 with 6 entities from block 1
2025-03-02 02:21:41.152	Import: 1, Entity: (00000105, 000000007ee88f0555a3cf94f27e426851a65327), transferred txs: 0
2025-03-02 02:21:41.152	Import: 1, Entity: (00000205, 000000007ee88f0555a3cf94f27e426851a65327), transferred txs: 0
2025-03-02 02:21:41.152	Import: 1, Entity: (00000106, 000000007ee88f0555a3cf94f27e426851a65327), transferred txs: 0
2025-03-02 02:21:41.152	Import: 1, Entity: (00000206, 000000007ee88f0555a3cf94f27e426851a65327), transferred txs: 0
2025-03-02 02:21:41.152	Import: 1, Entity: (00000107, 000000007ee88f0555a3cf94f27e426851a65327), transferred txs: 0
2025-03-02 02:21:41.153	Import: 1, Entity: (00000207, 000000007ee88f0555a3cf94f27e426851a65327), transferred txs: 0
2025-03-02 02:21:41.153	Import 1 successfully started
2025-03-02 02:21:41.166	NewBlock 2, Txs: 0, Rows: 0
2025-03-02 02:21:41.167	Could not find parent entity
2025-03-02 02:21:41.168	Could not find parent entity
2025-03-02 02:21:41.168	Import: 1, Transferring entity (00000105, 000000007ee88f0555a3cf94f27e426851a65327) to the chain, txs: 0
2025-03-02 02:21:41.168	Import: 1, Transferring entity (00000205, 000000007ee88f0555a3cf94f27e426851a65327) to the chain, txs: 0
2025-03-02 02:21:41.168	Import: 1, Transferring entity (00000106, 000000007ee88f0555a3cf94f27e426851a65327) to the chain, txs: 0
2025-03-02 02:21:41.168	Import: 1, Transferring entity (00000206, 000000007ee88f0555a3cf94f27e426851a65327) to the chain, txs: 0
2025-03-02 02:21:41.168	Import: 1, Transferring entity (00000107, 000000007ee88f0555a3cf94f27e426851a65327) to the chain, txs: 0
2025-03-02 02:21:41.168	Import: 1, Transferring entity (00000207, 000000007ee88f0555a3cf94f27e426851a65327) to the chain, txs: 0
2025-03-02 02:21:41.168	CompleteImport: Successfully updated chain after import 1, removing old records
2025-03-02 02:21:41.168	CompleteImport: Import 1 completed
2025-03-02 02:21:41.278	Entity (00000105, 000000001b7b96f3f835a81d5529a093a8dc51f6) added successfully
2025-03-02 02:21:41.278	Entity (00000205, 000000001b7b96f3f835a81d5529a093a8dc51f6) added successfully
2025-03-02 02:21:41.278	Entity (00000106, 000000001b7b96f3f835a81d5529a093a8dc51f6) added successfully
2025-03-02 02:21:41.278	Entity (00000206, 000000001b7b96f3f835a81d5529a093a8dc51f6) added successfully
2025-03-02 02:21:41.278	Entity (00000107, 000000001b7b96f3f835a81d5529a093a8dc51f6) added successfully
2025-03-02 02:21:41.278	Entity (00000207, 000000001b7b96f3f835a81d5529a093a8dc51f6) added successfully
2025-03-02 02:21:41.278	Starting new import 2 with 6 entities from block 1
2025-03-02 02:21:41.278	Import: 2, Entity: (00000105, 000000001b7b96f3f835a81d5529a093a8dc51f6), transferred txs: 0
2025-03-02 02:21:41.278	Import: 2, Entity: (00000205, 000000001b7b96f3f835a81d5529a093a8dc51f6), transferred txs: 0
2025-03-02 02:21:41.278	Import: 2, Entity: (00000106, 000000001b7b96f3f835a81d5529a093a8dc51f6), transferred txs: 0
2025-03-02 02:21:41.278	Import: 2, Entity: (00000206, 000000001b7b96f3f835a81d5529a093a8dc51f6), transferred txs: 0
2025-03-02 02:21:41.278	Import: 2, Entity: (00000107, 000000001b7b96f3f835a81d5529a093a8dc51f6), transferred txs: 0
2025-03-02 02:21:41.278	Import: 2, Entity: (00000207, 000000001b7b96f3f835a81d5529a093a8dc51f6), transferred txs: 0
2025-03-02 02:21:41.278	Import 2 successfully started
2025-03-02 02:21:41.289	NewBlock 2, Txs: 0, Rows: 0
2025-03-02 02:21:41.289	Could not find parent entity
2025-03-02 02:21:41.289	Could not find parent entity
2025-03-02 02:21:41.289	Import: 2, Transferring entity (00000105, 000000001b7b96f3f835a81d5529a093a8dc51f6) to the chain, txs: 0
2025-03-02 02:21:41.289	Import: 2, Transferring entity (00000205, 000000001b7b96f3f835a81d5529a093a8dc51f6) to the chain, txs: 0
2025-03-02 02:21:41.289	Import: 2, Transferring entity (00000106, 000000001b7b96f3f835a81d5529a093a8dc51f6) to the chain, txs: 0
2025-03-02 02:21:41.289	Import: 2, Transferring entity (00000206, 000000001b7b96f3f835a81d5529a093a8dc51f6) to the chain, txs: 0
2025-03-02 02:21:41.289	Import: 2, Transferring entity (00000107, 000000001b7b96f3f835a81d5529a093a8dc51f6) to the chain, txs: 0
2025-03-02 02:21:41.289	Import: 2, Transferring entity (00000207, 000000001b7b96f3f835a81d5529a093a8dc51f6) to the chain, txs: 0
2025-03-02 02:21:41.289	CompleteImport: Successfully updated chain after import 2, removing old records
2025-03-02 02:21:41.289	CompleteImport: Import 2 completed
2025-03-02 02:22:06.211	UpdateTx e587e7006c, block 3, flags 00030004, import 0
2025-03-02 02:22:06.211	NewData 00000000000000000000014b0000000000000000000000000000000000000002, block 3, flags 00000000, import 0
2025-03-02 02:22:06.211	UpdateTx 7ee88f0555, block 3, flags 00030004, import 0
2025-03-02 02:22:06.211	NewData 00000000000000000000014b0000000000000000000000000000000000000002, block 3, flags 00000000, import 0
2025-03-02 02:22:06.211	UpdateTx 1b7b96f3f8, block 3, flags 00030004, import 0
2025-03-02 02:22:06.215	NewBlock 3, Txs: 3, Rows: 22
2025-03-02 02:22:23.897	NewBlock 4, Txs: 0, Rows: 0
2025-03-02 02:22:40.458	NewBlock 5, Txs: 0, Rows: 0
2025-03-02 02:22:48.858	NewTx ee38c7aac125a0a7be33c013de4db3c49439670cd0c5588d3a890e068e94cad1, block -1, flags 00030004, import 0
2025-03-02 02:22:59.900	NewTx 1ed1b98164162e3146dc95a224f50d7020759a05ce3694e3c860fc1f69a6254c, block -1, flags 00030004, import 0
2025-03-02 02:23:10.941	NewTx 90d0efe6e2df5d808d52d7343f6fc7a426f265aedd0c20f3696d6a4716bb3148, block -1, flags 00030004, import 0
2025-03-02 02:23:25.610	UpdateTx ee38c7aac1, block 6, flags 00030004, import 0
2025-03-02 02:23:25.610	UpdateTx 1ed1b98164, block 6, flags 00030004, import 0
2025-03-02 02:23:25.610	UpdateTx 90d0efe6e2, block 6, flags 00030004, import 0
2025-03-02 02:23:25.613	NewBlock 6, Txs: 3, Rows: 18
2025-03-02 02:23:34.478	NewBlock 7, Txs: 0, Rows: 0
2025-03-02 02:23:55.489	NewBlock 8, Txs: 0, Rows: 0
2025-03-02 02:24:09.980	NewBlock 9, Txs: 0, Rows: 0
2025-03-02 02:24:30.646	NewBlock 10, Txs: 0, Rows: 0
2025-03-02 02:24:43.904	NewBlock 11, Txs: 0, Rows: 0
2025-03-02 02:25:01.545	NewBlock 12, Txs: 0, Rows: 0
2025-03-02 02:25:07.934	NewBlock 13, Txs: 0, Rows: 0
2025-03-02 02:25:13.693	NewBlock 14, Txs: 0, Rows: 0
2025-03-02 02:25:28.052	NewBlock 15, Txs: 0, Rows: 0
2025-03-02 02:25:44.603	NewBlock 16, Txs: 0, Rows: 0
2025-03-02 02:26:03.355	NewBlock 17, Txs: 0, Rows: 0
2025-03-02 02:26:21.770	NewBlock 18, Txs: 0, Rows: 0
2025-03-02 02:26:35.306	NewBlock 19, Txs: 0, Rows: 0
2025-03-02 02:26:52.949	NewBlock 20, Txs: 0, Rows: 0
2025-03-02 02:27:06.777	NewBlock 21, Txs: 0, Rows: 0
2025-03-02 02:27:20.125	NewBlock 22, Txs: 0, Rows: 0
2025-03-02 02:27:35.080	NewBlock 23, Txs: 0, Rows: 0
2025-03-02 02:27:46.431	NewBlock 24, Txs: 0, Rows: 0
2025-03-02 02:27:59.886	NewBlock 25, Txs: 0, Rows: 0
2025-03-02 02:28:16.615	NewBlock 26, Txs: 0, Rows: 0
2025-03-02 02:28:39.827	NewBlock 27, Txs: 0, Rows: 0
2025-03-02 02:28:47.576	NewBlock 28, Txs: 0, Rows: 0
2025-03-02 02:29:07.033	NewBlock 29, Txs: 0, Rows: 0
2025-03-02 02:29:18.445	NewBlock 30, Txs: 0, Rows: 0
2025-03-02 02:29:38.301	NewBlock 31, Txs: 0, Rows: 0
2025-03-02 02:29:47.958	NewBlock 32, Txs: 0, Rows: 0
2025-03-02 02:30:01.130	NewBlock 33, Txs: 0, Rows: 0
2025-03-02 02:30:16.856	NewBlock 34, Txs: 0, Rows: 0
2025-03-02 02:30:34.505	NewBlock 35, Txs: 0, Rows: 0
2025-03-02 02:30:49.954	NewBlock 36, Txs: 0, Rows: 0
2025-03-02 02:31:07.269	Rolled back to block 35 successfully
2025-03-02 02:31:07.297	NewBlock 36, Txs: 0, Rows: 0
2025-03-02 02:31:07.327	NewBlock 37, Txs: 0, Rows: 0
2025-03-02 02:31:15.325	NewBlock 38, Txs: 0, Rows: 0
2025-03-02 02:31:30.507	NewBlock 39, Txs: 0, Rows: 0
2025-03-02 02:31:50.368	NewBlock 40, Txs: 0, Rows: 0
2025-03-02 02:32:03.633	NewBlock 41, Txs: 0, Rows: 0
2025-03-02 02:32:17.886	NewBlock 42, Txs: 0, Rows: 0
2025-03-02 02:32:30.069	NewBlock 43, Txs: 0, Rows: 0
2025-03-02 02:32:45.335	NewBlock 44, Txs: 0, Rows: 0
2025-03-02 02:33:03.233	NewBlock 45, Txs: 0, Rows: 0
2025-03-02 02:33:20.897	NewBlock 46, Txs: 0, Rows: 0
2025-03-02 02:33:31.747	NewBlock 47, Txs: 0, Rows: 0
2025-03-02 02:33:52.894	NewBlock 48, Txs: 0, Rows: 0
2025-03-02 02:34:09.153	NewBlock 49, Txs: 0, Rows: 0
2025-03-02 02:34:13.885	NewBlock 50, Txs: 0, Rows: 0
2025-03-02 02:34:34.441	NewBlock 51, Txs: 0, Rows: 0
2025-03-02 02:34:44.780	NewBlock 52, Txs: 0, Rows: 0
2025-03-02 02:35:02.217	NewBlock 53, Txs: 0, Rows: 0
2025-03-02 02:35:15.632	NewBlock 54, Txs: 0, Rows: 0
2025-03-02 02:35:34.898	NewBlock 55, Txs: 0, Rows: 0
2025-03-02 02:35:56.975	NewBlock 56, Txs: 0, Rows: 0
2025-03-02 02:36:01.220	NewBlock 57, Txs: 0, Rows: 0
2025-03-02 02:36:17.283	NewBlock 58, Txs: 0, Rows: 0
2025-03-02 02:36:32.440	NewBlock 59, Txs: 0, Rows: 0
2025-03-02 02:44:21.553	Entity (00000103, 4b4ab563adf008ba15938ce5bdcb036b542e2d38) added successfully
2025-03-02 02:44:21.553	Entity (00000203, 4b4ab563adf008ba15938ce5bdcb036b542e2d38) added successfully
2025-03-02 02:44:23.485	Entity (00000103, d0d302d0f3c4f964cb3a736dfad7ae11980b5df5) added successfully
2025-03-02 02:44:23.485	Entity (00000203, d0d302d0f3c4f964cb3a736dfad7ae11980b5df5) added successfully
2025-03-02 02:44:26.038	NewTx 3b1079220ea40d99e8cc63eecda4a30a28af8917e990ddcc985c8583cc430a20, block -1, flags 00030004, import 0
2025-03-02 02:44:44.623	UpdateTx 3b1079220e, block 60, flags 00030004, import 0
2025-03-02 02:44:44.627	NewBlock 60, Txs: 3, Rows: 20
2025-03-02 02:44:51.458	NewBlock 61, Txs: 0, Rows: 0
2025-03-02 02:44:59.815	NewBlock 62, Txs: 0, Rows: 0
2025-03-02 02:45:11.248	Entity (00000103, f3fa06f5c1d914c88c0150aefafc9a022aa41e2b) added successfully
2025-03-02 02:45:11.248	Entity (00000203, f3fa06f5c1d914c88c0150aefafc9a022aa41e2b) added successfully
2025-03-02 02:45:13.191	Entity (00000103, 7e901af6fdff02753b296b7c71b41c3cc8c0bb23) added successfully
2025-03-02 02:45:13.192	Entity (00000203, 7e901af6fdff02753b296b7c71b41c3cc8c0bb23) added successfully
2025-03-02 02:45:15.866	NewTx 34b1a626ed841a8d06c924b59a5a262b2366b9891fcdc700d0d63d7909954613, block -1, flags 00030004, import 0
2025-03-02 02:45:16.662	UpdateTx 34b1a626ed, block 63, flags 00030004, import 0
2025-03-02 02:45:16.669	NewBlock 63, Txs: 1, Rows: 16
2025-03-02 02:45:16.892	Rolled back to block 62 successfully
2025-03-02 02:45:16.893	UpdateTx 34b1a626ed, block -1, flags 00030004, import 0
2025-03-02 02:45:16.910	UpdateTx 34b1a626ed, block 63, flags 00030004, import 0
2025-03-02 02:45:16.914	NewBlock 63, Txs: 0, Rows: 8
2025-03-02 02:45:23.334	NewBlock 64, Txs: 0, Rows: 0
2025-03-02 02:45:30.177	NewBlock 65, Txs: 0, Rows: 0
2025-03-02 02:45:34.417	NewBlock 66, Txs: 0, Rows: 0
2025-03-02 02:45:43.349	NewBlock 67, Txs: 0, Rows: 0
2025-03-02 02:45:53.216	NewBlock 68, Txs: 0, Rows: 0
2025-03-02 02:46:03.848	Entity (00000103, b5269e5bce38413394193f0069334b33ce5f8aaf) added successfully
2025-03-02 02:46:03.848	Entity (00000203, b5269e5bce38413394193f0069334b33ce5f8aaf) added successfully
2025-03-02 02:46:04.708	NewBlock 69, Txs: 0, Rows: 0
2025-03-02 02:46:14.174	NewBlock 70, Txs: 0, Rows: 0
2025-03-02 02:46:24.086	NewBlock 71, Txs: 0, Rows: 0
2025-03-02 02:46:50.567	NewBlock 72, Txs: 0, Rows: 0
2025-03-02 02:47:11.387	NewBlock 73, Txs: 0, Rows: 0
2025-03-02 02:47:32.949	NewBlock 74, Txs: 0, Rows: 0
2025-03-02 02:47:42.295	NewBlock 75, Txs: 0, Rows: 0
2025-03-02 02:47:55.536	NewBlock 76, Txs: 0, Rows: 0
2025-03-02 02:48:14.299	NewBlock 77, Txs: 0, Rows: 0
2025-03-02 02:48:22.051	NewBlock 78, Txs: 0, Rows: 0
2025-03-02 02:48:28.756	Entity (00000103, dc3d6bee5d9d3d7c413897cd6b3e800b3c0fea03) added successfully
2025-03-02 02:48:28.756	Entity (00000203, dc3d6bee5d9d3d7c413897cd6b3e800b3c0fea03) added successfully
2025-03-02 02:48:35.322	NewBlock 79, Txs: 0, Rows: 0
2025-03-02 02:48:53.078	NewBlock 80, Txs: 0, Rows: 0
2025-03-02 02:49:07.436	NewBlock 81, Txs: 0, Rows: 0
2025-03-02 02:49:19.231	NewBlock 82, Txs: 0, Rows: 0
2025-03-02 02:49:37.237	NewBlock 83, Txs: 0, Rows: 0
2025-03-02 02:50:38.423	Entity (00000103, a4c2e318a2152e1d9fa898629cd0361dd7e98516) added successfully
2025-03-02 02:50:38.424	Entity (00000203, a4c2e318a2152e1d9fa898629cd0361dd7e98516) added successfully
2025-03-02 02:51:36.691	Entity (00000103, c74d99b4ad2450ca2430bee510be61f9d79f49df) added successfully
2025-03-02 02:51:36.691	Entity (00000203, c74d99b4ad2450ca2430bee510be61f9d79f49df) added successfully
2025-03-02 02:51:36.944	Entity (00000103, dfacded2ab4bc41ee055d3274f12c0dd328ee8a4) added successfully
2025-03-02 02:51:36.944	Entity (00000203, dfacded2ab4bc41ee055d3274f12c0dd328ee8a4) added successfully
2025-03-02 03:40:33.234	NewTx 653bc8c71bb0997b6ae063e2fbb31c18fedf9f885fe904ca25ea173d05fa6bf9, block -1, flags 00030004, import 0
2025-03-02 03:40:33.667	NewTx 654713080128ec688c42de63425317d747aeabab89686a620950ae314ea613ca, block -1, flags 00030004, import 0
2025-03-02 03:40:34.109	NewTx 0ca00eb3d58d75b0c716e352b4dac054608e2bc236270c035ff8e6ffda277fe8, block -1, flags 00030004, import 0
2025-03-02 03:40:34.539	NewTx 8a43160ed9406be14f12eed1962a0ae40c853e9fe86418aff47cdc4eb67f0b1f, block -1, flags 00030004, import 0
2025-03-02 03:40:34.967	NewTx 91f911837e57387bf28f4241eb2e1d40586d4c4ce64753ce29391fb5f43ff016, block -1, flags 00030004, import 0
2025-03-02 03:40:35.395	NewTx 8f8943dc441a6ca6e00cd6f9bece6e6820e3c37c9b420fada006c06759159ba8, block -1, flags 00030004, import 0
2025-03-02 03:40:35.825	NewTx 81786ae36be4dbaf1f952a5e7a0f4587ece7c786b9e64a32230d013d9bff65b4, block -1, flags 00030004, import 0
2025-03-02 03:40:36.252	NewTx db81a7138cfa9b0456a862bf0336ba3aba529127525d4016505c6e798ab986dd, block -1, flags 00030004, import 0
2025-03-02 03:40:36.679	NewTx 2bf3b4ae6d02f0a3bd14d93772b00a61edcd75f7851bbc6c08c20f2d54e529a8, block -1, flags 00030004, import 0
2025-03-02 03:40:37.108	NewTx 93eef1fcb16bb555aa9f3a59ba0be5c346a20f8a8244d3153dffcde57db28cc7, block -1, flags 00030004, import 0
2025-03-02 03:40:37.541	NewTx d8a567fa3c08ea4f9e4f62db06fae9975a18a285865f3a40cef8c2b4b4775592, block -1, flags 00030004, import 0
2025-03-02 03:40:37.969	NewTx a1bf68162319f6d29957bd626d302ae770271fe977f2e86e0755eca4144fb89e, block -1, flags 00030004, import 0
2025-03-02 03:40:38.404	NewTx 09a4e5d7a8864970eafcf8146134c2b0ce7084509bb38882317878a33bc9ad07, block -1, flags 00030004, import 0
2025-03-02 03:40:38.833	NewTx ff54b2a9f50eadc49f1a732be2a279c7684f572ed587e384e064df87fa5caf1f, block -1, flags 00030004, import 0
2025-03-02 03:40:39.303	NewTx c4f298e4a93bf6538538eced3039c75658134600fd0dbda6117a67258fb0ae17, block -1, flags 00030004, import 0
2025-03-02 03:40:39.730	NewTx a126493f6a386179151f96f73524a3599862a69db95f4f2d2d29211628b61208, block -1, flags 00030004, import 0
2025-03-02 03:40:40.159	NewTx c5b99e172205130d269502426494ce17a329fa82eedb936d9a225aaf02a8846b, block -1, flags 00030004, import 0
2025-03-02 03:40:40.603	NewTx e77e09876b4493d5f61e1744c1e6f8ac721e67930a19fde3768cbb6e51ebf9e6, block -1, flags 00030004, import 0
2025-03-02 03:40:41.033	NewTx b16a599a60c6da0a626c585a9087ee832e7392efa2fe4d8caa9bd612a05eb628, block -1, flags 00030004, import 0
2025-03-02 03:40:41.464	NewTx 30e1926a8300f68b0d0219387cd327501c7345722991c813828326b74c1bd21c, block -1, flags 00030004, import 0
2025-03-02 03:40:41.898	NewTx 51f9f74e4e66561a1142e3f4a42a3c1c85a479c465457d1375ba8ab31ff6b438, block -1, flags 00030004, import 0
2025-03-02 03:40:42.329	NewTx b65b54ab88470d0c3c54a179efff70bd43bc4e81efb89a4b53f144fc6ff6fcd1, block -1, flags 00030004, import 0
2025-03-02 03:40:42.777	NewTx 4a462e64833747dd13d8fb96e606b7a4f51ec18e99dc384d3ccb73414d593b9f, block -1, flags 00030004, import 0
2025-03-02 03:40:43.211	NewTx 2be177855370b5e5a8e8975c85cc8b12a9e48c5def83fb7710524aa1e95be600, block -1, flags 00030004, import 0
2025-03-02 03:40:43.640	NewTx 134b9a0b1b4eac4cc26ea19286ba8786f4d83f8fef4debba57ccbb6df3e13f0f, block -1, flags 00030004, import 0
2025-03-02 03:40:44.089	NewTx bf17df9f550ba8189df12c74e28d32e55cda5edb24a2d65e7cc0454523fa0eb5, block -1, flags 00030004, import 0
2025-03-02 03:40:44.519	NewTx ffbc63d6b4e80bd557fe0f9046b833d3cbbe22584d76339a198786031acb26ac, block -1, flags 00030004, import 0
2025-03-02 03:40:44.974	NewTx fcef18d523f0d541426eed4fd329959e42cc1c9787bbe60b5516c9d87237a285, block -1, flags 00030004, import 0
2025-03-02 03:40:45.424	NewTx 301410876bf7653c5823fbf6fc713efed095f9f83c22a1c2e32c35addbc4b6be, block -1, flags 00030004, import 0
2025-03-02 03:40:45.864	NewTx 405cd4f16e6851366e390328df1cda556568f8a02ccef9a17b79ca98187484a0, block -1, flags 00030004, import 0
2025-03-02 03:40:46.319	NewTx 329472ff5593022921259590a61d9dcc2eaba8700582f0db91a902787f394ef7, block -1, flags 00030004, import 0
2025-03-02 03:40:46.759	NewTx 3932a134639e55e219cfc8f2c2f792536df7f7dbf7706870653c1020f924bbd7, block -1, flags 00030004, import 0
2025-03-02 03:40:47.209	NewTx b4da0eab2d3d88ec3c4e0148c87c7c00e5fe888aba13585d154b1c31f8d24a3f, block -1, flags 00030004, import 0
2025-03-02 03:40:47.498	UpdateTx 653bc8c71b, block 84, flags 00030004, import 0
2025-03-02 03:40:47.498	UpdateTx 6547130801, block 84, flags 00030004, import 0
2025-03-02 03:40:47.499	UpdateTx 0ca00eb3d5, block 84, flags 00030004, import 0
2025-03-02 03:40:47.499	UpdateTx 8a43160ed9, block 84, flags 00030004, import 0
2025-03-02 03:40:47.499	UpdateTx 91f911837e, block 84, flags 00030004, import 0
2025-03-02 03:40:47.500	UpdateTx 8f8943dc44, block 84, flags 00030004, import 0
2025-03-02 03:40:47.500	UpdateTx 81786ae36b, block 84, flags 00030004, import 0
2025-03-02 03:40:47.500	UpdateTx db81a7138c, block 84, flags 00030004, import 0
2025-03-02 03:40:47.500	UpdateTx 2bf3b4ae6d, block 84, flags 00030004, import 0
2025-03-02 03:40:47.500	UpdateTx 93eef1fcb1, block 84, flags 00030004, import 0
2025-03-02 03:40:47.500	UpdateTx d8a567fa3c, block 84, flags 00030004, import 0
2025-03-02 03:40:47.500	UpdateTx a1bf681623, block 84, flags 00030004, import 0
2025-03-02 03:40:47.501	UpdateTx 09a4e5d7a8, block 84, flags 00030004, import 0
2025-03-02 03:40:47.501	UpdateTx ff54b2a9f5, block 84, flags 00030004, import 0
2025-03-02 03:40:47.501	UpdateTx c4f298e4a9, block 84, flags 00030004, import 0
2025-03-02 03:40:47.501	UpdateTx a126493f6a, block 84, flags 00030004, import 0
2025-03-02 03:40:47.501	UpdateTx c5b99e1722, block 84, flags 00030004, import 0
2025-03-02 03:40:47.501	UpdateTx e77e09876b, block 84, flags 00030004, import 0
2025-03-02 03:40:47.502	UpdateTx b16a599a60, block 84, flags 00030004, import 0
2025-03-02 03:40:47.502	UpdateTx 30e1926a83, block 84, flags 00030004, import 0
2025-03-02 03:40:47.502	UpdateTx 51f9f74e4e, block 84, flags 00030004, import 0
2025-03-02 03:40:47.502	UpdateTx b65b54ab88, block 84, flags 00030004, import 0
2025-03-02 03:40:47.502	UpdateTx 4a462e6483, block 84, flags 00030004, import 0
2025-03-02 03:40:47.503	UpdateTx 2be1778553, block 84, flags 00030004, import 0
2025-03-02 03:40:47.503	UpdateTx 134b9a0b1b, block 84, flags 00030004, import 0
2025-03-02 03:40:47.503	UpdateTx bf17df9f55, block 84, flags 00030004, import 0
2025-03-02 03:40:47.503	UpdateTx ffbc63d6b4, block 84, flags 00030004, import 0
2025-03-02 03:40:47.503	UpdateTx fcef18d523, block 84, flags 00030004, import 0
2025-03-02 03:40:47.503	UpdateTx 301410876b, block 84, flags 00030004, import 0
2025-03-02 03:40:47.504	UpdateTx 405cd4f16e, block 84, flags 00030004, import 0
2025-03-02 03:40:47.504	UpdateTx 329472ff55, block 84, flags 00030004, import 0
2025-03-02 03:40:47.512	NewBlock 84, Txs: 66, Rows: 516
2025-03-02 03:40:47.519	UpdateTx 3932a13463, block -1, flags 00030004, import 0
2025-03-02 03:40:47.520	UpdateTx b4da0eab2d, block -1, flags 00030004, import 0
2025-03-02 03:40:47.668	NewTx 8b9eaa03da89b110865bf03ce3c8574c62a83f67622df5e9c2fd829bcdf760c9, block -1, flags 00030004, import 0
2025-03-02 03:40:48.099	NewTx b8ca909de1d19f854d3e39635d3e039c55c8a37dabb02e6845be5dcc20a44aff, block -1, flags 00030004, import 0
2025-03-02 03:40:48.530	NewTx ba8b38c0138b99d0a9cf957d0c20a4feda64e7783f2b2835734f76d2c78bbbb1, block -1, flags 00030004, import 0
2025-03-02 03:40:48.962	NewTx 7430b1b14142950983aa384469ae6c278c6ca0202cb8a7ca9b35b55573e35826, block -1, flags 00030004, import 0
2025-03-02 03:40:49.396	NewTx d69a9e3e1652b1904e274c31977eb9ac3977a761fa145a441cc9529047fa432b, block -1, flags 00030004, import 0
2025-03-02 03:40:49.827	NewTx f6ba56decd23144907effe8454c8d76d397037e68338017f7e452328a4c67109, block -1, flags 00030004, import 0
2025-03-02 03:40:50.257	NewTx 6e3bbb8664c52f349dd55bc789dd5eac6f13dc5032978fe97a966867669a5941, block -1, flags 00030004, import 0
2025-03-02 03:40:50.689	NewTx 18fae387be2d201643190242fe3f09b24b3c2c60d98e619fa67c5b961d38c8f9, block -1, flags 00030004, import 0
2025-03-02 03:40:51.119	NewTx 6cff2cf0d6e62ad48e4c9312a1d9d77679908e3961a09190f366cdf644e92d6b, block -1, flags 00030004, import 0
2025-03-02 03:40:51.556	NewTx b818c209f7235ce551e0003c8ac2193ad51c43f13e060fd3c1da540be577bb04, block -1, flags 00030004, import 0
2025-03-02 03:40:51.951	UpdateTx 3932a13463, block 85, flags 00030004, import 0
2025-03-02 03:40:51.951	UpdateTx b4da0eab2d, block 85, flags 00030004, import 0
2025-03-02 03:40:51.951	UpdateTx 8b9eaa03da, block 85, flags 00030004, import 0
2025-03-02 03:40:51.951	UpdateTx b8ca909de1, block 85, flags 00030004, import 0
2025-03-02 03:40:51.951	UpdateTx ba8b38c013, block 85, flags 00030004, import 0
2025-03-02 03:40:51.951	UpdateTx 7430b1b141, block 85, flags 00030004, import 0
2025-03-02 03:40:51.951	UpdateTx d69a9e3e16, block 85, flags 00030004, import 0
2025-03-02 03:40:51.951	UpdateTx f6ba56decd, block 85, flags 00030004, import 0
2025-03-02 03:40:51.951	UpdateTx 6e3bbb8664, block 85, flags 00030004, import 0
2025-03-02 03:40:51.952	UpdateTx 18fae387be, block 85, flags 00030004, import 0
2025-03-02 03:40:51.963	NewBlock 85, Txs: 20, Rows: 162
2025-03-02 03:40:51.969	UpdateTx 6cff2cf0d6, block -1, flags 00030004, import 0
2025-03-02 03:40:51.969	UpdateTx b818c209f7, block -1, flags 00030004, import 0
2025-03-02 03:40:51.991	NewTx c3152cccb3c83686d35a242d9d50d4961bbb1d7582489f4cdd9d00de249b8be1, block -1, flags 00030004, import 0
2025-03-02 03:40:52.422	NewTx 89b7e3161d5470cfc8158b273f9a73ff326dd9ddb86693666216280921b2359c, block -1, flags 00030004, import 0
2025-03-02 03:40:52.899	NewTx 9ce917491bb3f7ebfae1bf1a34923b46d481a448c79c2fcb6e28db9c3b29b2e1, block -1, flags 00030004, import 0
2025-03-02 03:40:53.343	NewTx 034661545c262989050a022ac0a31f1e4d0fc0ad8cd8c234864dc5bce144a202, block -1, flags 00030004, import 0
2025-03-02 03:40:53.780	NewTx 57e8241b60f83ad34c9f49e8269cc5422c475c1a854703d590d1aaff056bcfef, block -1, flags 00030004, import 0
2025-03-02 03:40:54.211	NewTx 2446f0cab32986ba3618c782763f54a2ec2f7b5cf0c4e1b4560ab7061ca0147b, block -1, flags 00030004, import 0
2025-03-02 03:40:54.643	NewTx 2913fc3d3742b69840b63b9d58bf9a9e784d43a6cd75bf8c1455a742acef02e3, block -1, flags 00030004, import 0
2025-03-02 03:40:55.074	NewTx 5290486258aa3c9884dce6f0aee5fcaccda88238c0d1a5374d6316f36b86407a, block -1, flags 00030004, import 0
2025-03-02 03:40:55.520	NewTx 7b904ae2296d1ff4f8dfcb7213b786d74afc6a400a61729814fdbcbf53811f1d, block -1, flags 00030004, import 0
2025-03-02 03:40:55.959	NewTx 0a93045b6848d70e90e82cad08da36335396d8aeb85da01159453ddb5ca29252, block -1, flags 00030004, import 0
2025-03-02 03:40:56.392	NewTx 9959f381ca307e39934ac612bbd8e1384c6faa1f34fcaf583f8b8085a644bdac, block -1, flags 00030004, import 0
2025-03-02 03:40:56.865	NewTx 5f378e02b14b12bac0546a83780a11bfc28f89c91c1e957b6c4af8e47d7f743a, block -1, flags 00030004, import 0
2025-03-02 03:40:57.344	NewTx 1f37ffe1f1f191bb8440cf380e2d12e5c0c95df3e00aaa145ef307b9c06ee7ef, block -1, flags 00030004, import 0
2025-03-02 03:40:57.814	NewTx 4f2d5b477677ce46da6a36ef4a0c8b40dd0aea755f0652f349857f674af313f9, block -1, flags 00030004, import 0
2025-03-02 03:40:58.298	NewTx 960cbf2652f0826c93e05d2c7cd1210efd8cf66024a1c89c14619b8502131088, block -1, flags 00030004, import 0
2025-03-02 03:40:58.745	NewTx f8be3e91604ee4ebe40ccb913a968b65111d0cc6c27dec2a0cee514986ffc164, block -1, flags 00030004, import 0
2025-03-02 03:40:59.176	NewTx ca1872aec9cb97e5e8e0a60fec2f679c24e216310d5f9c07947f99d6f70b5892, block -1, flags 00030004, import 0
2025-03-02 03:40:59.605	NewTx 075a0bec34211ebaf2e2e663c66285bd498e3304422339e1156d9a352b02f87d, block -1, flags 00030004, import 0
2025-03-02 03:41:00.034	NewTx 505cddea5dbc44a9d2aa90b332ca74c1fb3d4d64a2b785c8eb73f6f25a74c23a, block -1, flags 00030004, import 0
2025-03-02 03:41:00.466	NewTx 51ec9a5a5ca4d0ab27bebdf05f152085f5049dece6d905ede08be242599fff78, block -1, flags 00030004, import 0
2025-03-02 03:41:00.896	NewTx c6faedb7a9a0cd3a5443b3a902da1319cbe12a892ea1388df7c81171308a8b8c, block -1, flags 00030004, import 0
2025-03-02 03:41:01.324	NewTx c7cf697ac34516bed43fe3e949763271ccefeb8ea6e98133e2b2fd34c8fcf344, block -1, flags 00030004, import 0
2025-03-02 03:41:01.755	NewTx 131240654e229482ed1a0a8614d9c41f6fbfa016706a8af66c4f3fe9f2970ece, block -1, flags 00030004, import 0
2025-03-02 03:41:02.187	NewTx 1e34a4a58100f427635fd603d83c2d070eda8a40a1690e6337b8dab1e0e02082, block -1, flags 00030004, import 0
2025-03-02 03:41:02.620	NewTx 1abcd03d6d1696b404d471c85898e815b4e5c715a8b751d871c30b09d9a7c63f, block -1, flags 00030004, import 0
2025-03-02 03:41:03.050	NewTx 314ae2e963c5af1207140da7b2d1f35128a4ab4666e29866ecbb0f124930632c, block -1, flags 00030004, import 0
2025-03-02 03:41:03.479	NewTx 8ec9c1255dbc96f3ecb4fd141cb2fcca76954cd1c5a7229d876c10eae7ebff95, block -1, flags 00030004, import 0
2025-03-02 03:41:03.910	NewTx a1fe45a682ffd244e54a95338c7a809c480da6689c0b43c29149f5715af402f4, block -1, flags 00030004, import 0
2025-03-02 03:41:04.338	NewTx b0f6ab81fc17e297916d234eba911311c05d673c0ecfae732cc87467cdb4b468, block -1, flags 00030004, import 0
2025-03-02 03:41:04.782	NewTx cde49e79c084863f9beda2137172c08ecc7bddca2dab562700cb403812ef360a, block -1, flags 00030004, import 0
2025-03-02 03:41:05.222	NewTx 70759b80245cf139e56b127b82ae525381aff9519b25ba1d5fbd4aee6e1f61f5, block -1, flags 00030004, import 0
2025-03-02 03:41:05.653	NewTx d2ab5ed906227c669539801de08128f51416a6dd43e7bce0137799a5cf4a2184, block -1, flags 00030004, import 0
2025-03-02 03:41:06.084	NewTx 259d06672ac48a854110c7c7b66c9e3284cbbf16bf40254c3c619c5afc9554c7, block -1, flags 00030004, import 0
2025-03-02 03:41:06.515	NewTx 51b624040a458a83df0ba61f40391e01c9c15915b874a12fe0fff443bdcb5d87, block -1, flags 00030004, import 0
2025-03-02 03:41:06.948	NewTx 985e7eef8fac717e30643e0188f7f6b07e1475a32f5dfc02620a30b930ee0825, block -1, flags 00030004, import 0
2025-03-02 03:41:07.383	NewTx edeeeb825ad2eb71089ba53553f3e3abc9e937e6c36f2f196975b2b67400f0aa, block -1, flags 00030004, import 0
2025-03-02 03:41:07.826	NewTx 2d5b670b3d0a46e024bd8b737eb9755524ef70bb8c74d41630a84c486345fbd3, block -1, flags 00030004, import 0
2025-03-02 03:41:08.259	NewTx 21423415751988286b47b082a4edb5b0b4dbf615d4b71873711a037ce9be85be, block -1, flags 00030004, import 0
2025-03-02 03:41:08.663	UpdateTx 6cff2cf0d6, block 86, flags 00030004, import 0
2025-03-02 03:41:08.663	UpdateTx b818c209f7, block 86, flags 00030004, import 0
2025-03-02 03:41:08.663	UpdateTx c3152cccb3, block 86, flags 00030004, import 0
2025-03-02 03:41:08.663	UpdateTx 89b7e3161d, block 86, flags 00030004, import 0
2025-03-02 03:41:08.663	UpdateTx 9ce917491b, block 86, flags 00030004, import 0
2025-03-02 03:41:08.663	UpdateTx 034661545c, block 86, flags 00030004, import 0
2025-03-02 03:41:08.663	UpdateTx 57e8241b60, block 86, flags 00030004, import 0
2025-03-02 03:41:08.663	UpdateTx 2446f0cab3, block 86, flags 00030004, import 0
2025-03-02 03:41:08.663	UpdateTx 2913fc3d37, block 86, flags 00030004, import 0
2025-03-02 03:41:08.663	UpdateTx 5290486258, block 86, flags 00030004, import 0
2025-03-02 03:41:08.663	UpdateTx 7b904ae229, block 86, flags 00030004, import 0
2025-03-02 03:41:08.664	UpdateTx 0a93045b68, block 86, flags 00030004, import 0
2025-03-02 03:41:08.664	UpdateTx 9959f381ca, block 86, flags 00030004, import 0
2025-03-02 03:41:08.664	UpdateTx 5f378e02b1, block 86, flags 00030004, import 0
2025-03-02 03:41:08.664	UpdateTx 1f37ffe1f1, block 86, flags 00030004, import 0
2025-03-02 03:41:08.664	UpdateTx 4f2d5b4776, block 86, flags 00030004, import 0
2025-03-02 03:41:08.664	UpdateTx 960cbf2652, block 86, flags 00030004, import 0
2025-03-02 03:41:08.664	UpdateTx f8be3e9160, block 86, flags 00030004, import 0
2025-03-02 03:41:08.664	UpdateTx ca1872aec9, block 86, flags 00030004, import 0
2025-03-02 03:41:08.664	UpdateTx 075a0bec34, block 86, flags 00030004, import 0
2025-03-02 03:41:08.664	UpdateTx 505cddea5d, block 86, flags 00030004, import 0
2025-03-02 03:41:08.664	UpdateTx 51ec9a5a5c, block 86, flags 00030004, import 0
2025-03-02 03:41:08.664	UpdateTx c6faedb7a9, block 86, flags 00030004, import 0
2025-03-02 03:41:08.664	UpdateTx c7cf697ac3, block 86, flags 00030004, import 0
2025-03-02 03:41:08.664	UpdateTx 131240654e, block 86, flags 00030004, import 0
2025-03-02 03:41:08.664	UpdateTx 1e34a4a581, block 86, flags 00030004, import 0
2025-03-02 03:41:08.664	UpdateTx 1abcd03d6d, block 86, flags 00030004, import 0
2025-03-02 03:41:08.664	UpdateTx 314ae2e963, block 86, flags 00030004, import 0
2025-03-02 03:41:08.664	UpdateTx 8ec9c1255d, block 86, flags 00030004, import 0
2025-03-02 03:41:08.664	UpdateTx a1fe45a682, block 86, flags 00030004, import 0
2025-03-02 03:41:08.665	UpdateTx b0f6ab81fc, block 86, flags 00030004, import 0
2025-03-02 03:41:08.665	UpdateTx cde49e79c0, block 86, flags 00030004, import 0
2025-03-02 03:41:08.665	UpdateTx 70759b8024, block 86, flags 00030004, import 0
2025-03-02 03:41:08.665	UpdateTx d2ab5ed906, block 86, flags 00030004, import 0
2025-03-02 03:41:08.665	UpdateTx 259d06672a, block 86, flags 00030004, import 0
2025-03-02 03:41:08.665	UpdateTx 51b624040a, block 86, flags 00030004, import 0
2025-03-02 03:41:08.665	UpdateTx 985e7eef8f, block 86, flags 00030004, import 0
2025-03-02 03:41:08.665	UpdateTx edeeeb825a, block 86, flags 00030004, import 0
2025-03-02 03:41:08.665	UpdateTx 2d5b670b3d, block 86, flags 00030004, import 0
2025-03-02 03:41:08.665	UpdateTx 2142341575, block 86, flags 00030004, import 0
2025-03-02 03:41:08.672	NewBlock 86, Txs: 76, Rows: 626
2025-03-02 03:41:08.690	NewTx cab56e13c5594b2f2fa5475efcbab77fbef0974638cf345ea99ade9122fa6e80, block -1, flags 00030004, import 0
2025-03-02 03:41:09.119	NewTx b3b5094cf85bb2f269cf23dd1471389ac8024c219255cc351eab31b2649873bb, block -1, flags 00030004, import 0
2025-03-02 03:41:09.216	Rolled back to block 85 successfully
2025-03-02 03:41:09.216	UpdateTx 6cff2cf0d6, block -1, flags 00030004, import 0
2025-03-02 03:41:09.216	UpdateTx b818c209f7, block -1, flags 00030004, import 0
2025-03-02 03:41:09.216	UpdateTx c3152cccb3, block -1, flags 00030004, import 0
2025-03-02 03:41:09.217	UpdateTx 89b7e3161d, block -1, flags 00030004, import 0
2025-03-02 03:41:09.217	UpdateTx 9ce917491b, block -1, flags 00030004, import 0
2025-03-02 03:41:09.217	UpdateTx 034661545c, block -1, flags 00030004, import 0
2025-03-02 03:41:09.217	UpdateTx 57e8241b60, block -1, flags 00030004, import 0
2025-03-02 03:41:09.217	UpdateTx 2446f0cab3, block -1, flags 00030004, import 0
2025-03-02 03:41:09.217	UpdateTx 2913fc3d37, block -1, flags 00030004, import 0
2025-03-02 03:41:09.217	UpdateTx 5290486258, block -1, flags 00030004, import 0
2025-03-02 03:41:09.217	UpdateTx 7b904ae229, block -1, flags 00030004, import 0
2025-03-02 03:41:09.218	UpdateTx 0a93045b68, block -1, flags 00030004, import 0
2025-03-02 03:41:09.218	UpdateTx 9959f381ca, block -1, flags 00030004, import 0
2025-03-02 03:41:09.218	UpdateTx 5f378e02b1, block -1, flags 00030004, import 0
2025-03-02 03:41:09.218	UpdateTx 1f37ffe1f1, block -1, flags 00030004, import 0
2025-03-02 03:41:09.218	UpdateTx 4f2d5b4776, block -1, flags 00030004, import 0
2025-03-02 03:41:09.218	UpdateTx 960cbf2652, block -1, flags 00030004, import 0
2025-03-02 03:41:09.218	UpdateTx f8be3e9160, block -1, flags 00030004, import 0
2025-03-02 03:41:09.218	UpdateTx ca1872aec9, block -1, flags 00030004, import 0
2025-03-02 03:41:09.219	UpdateTx 075a0bec34, block -1, flags 00030004, import 0
2025-03-02 03:41:09.219	UpdateTx 505cddea5d, block -1, flags 00030004, import 0
2025-03-02 03:41:09.219	UpdateTx 51ec9a5a5c, block -1, flags 00030004, import 0
2025-03-02 03:41:09.219	UpdateTx c6faedb7a9, block -1, flags 00030004, import 0
2025-03-02 03:41:09.219	UpdateTx c7cf697ac3, block -1, flags 00030004, import 0
2025-03-02 03:41:09.219	UpdateTx 131240654e, block -1, flags 00030004, import 0
2025-03-02 03:41:09.219	UpdateTx 1e34a4a581, block -1, flags 00030004, import 0
2025-03-02 03:41:09.219	UpdateTx 1abcd03d6d, block -1, flags 00030004, import 0
2025-03-02 03:41:09.220	UpdateTx 314ae2e963, block -1, flags 00030004, import 0
2025-03-02 03:41:09.220	UpdateTx 8ec9c1255d, block -1, flags 00030004, import 0
2025-03-02 03:41:09.220	UpdateTx a1fe45a682, block -1, flags 00030004, import 0
2025-03-02 03:41:09.220	UpdateTx b0f6ab81fc, block -1, flags 00030004, import 0
2025-03-02 03:41:09.220	UpdateTx cde49e79c0, block -1, flags 00030004, import 0
2025-03-02 03:41:09.220	UpdateTx 70759b8024, block -1, flags 00030004, import 0
2025-03-02 03:41:09.220	UpdateTx d2ab5ed906, block -1, flags 00030004, import 0
2025-03-02 03:41:09.220	UpdateTx 259d06672a, block -1, flags 00030004, import 0
2025-03-02 03:41:09.221	UpdateTx 51b624040a, block -1, flags 00030004, import 0
2025-03-02 03:41:09.221	UpdateTx 985e7eef8f, block -1, flags 00030004, import 0
2025-03-02 03:41:09.221	UpdateTx edeeeb825a, block -1, flags 00030004, import 0
2025-03-02 03:41:09.221	UpdateTx 2d5b670b3d, block -1, flags 00030004, import 0
2025-03-02 03:41:09.221	UpdateTx 2142341575, block -1, flags 00030004, import 0
2025-03-02 03:41:09.221	UpdateTx cab56e13c5, block -1, flags 00030004, import 0
2025-03-02 03:41:09.221	UpdateTx b3b5094cf8, block -1, flags 00030004, import 0
2025-03-02 03:41:09.247	UpdateTx 6cff2cf0d6, block 86, flags 00030004, import 0
2025-03-02 03:41:09.247	UpdateTx b818c209f7, block 86, flags 00030004, import 0
2025-03-02 03:41:09.247	UpdateTx c3152cccb3, block 86, flags 00030004, import 0
2025-03-02 03:41:09.247	UpdateTx 89b7e3161d, block 86, flags 00030004, import 0
2025-03-02 03:41:09.247	UpdateTx 9ce917491b, block 86, flags 00030004, import 0
2025-03-02 03:41:09.247	UpdateTx 034661545c, block 86, flags 00030004, import 0
2025-03-02 03:41:09.247	UpdateTx 57e8241b60, block 86, flags 00030004, import 0
2025-03-02 03:41:09.247	UpdateTx 2446f0cab3, block 86, flags 00030004, import 0
2025-03-02 03:41:09.248	UpdateTx 2913fc3d37, block 86, flags 00030004, import 0
2025-03-02 03:41:09.248	UpdateTx 5290486258, block 86, flags 00030004, import 0
2025-03-02 03:41:09.248	UpdateTx 7b904ae229, block 86, flags 00030004, import 0
2025-03-02 03:41:09.248	UpdateTx 0a93045b68, block 86, flags 00030004, import 0
2025-03-02 03:41:09.248	UpdateTx 9959f381ca, block 86, flags 00030004, import 0
2025-03-02 03:41:09.248	UpdateTx 5f378e02b1, block 86, flags 00030004, import 0
2025-03-02 03:41:09.248	UpdateTx 1f37ffe1f1, block 86, flags 00030004, import 0
2025-03-02 03:41:09.248	UpdateTx 4f2d5b4776, block 86, flags 00030004, import 0
2025-03-02 03:41:09.248	UpdateTx 960cbf2652, block 86, flags 00030004, import 0
2025-03-02 03:41:09.248	UpdateTx f8be3e9160, block 86, flags 00030004, import 0
2025-03-02 03:41:09.248	UpdateTx ca1872aec9, block 86, flags 00030004, import 0
2025-03-02 03:41:09.248	UpdateTx 075a0bec34, block 86, flags 00030004, import 0
2025-03-02 03:41:09.248	UpdateTx 505cddea5d, block 86, flags 00030004, import 0
2025-03-02 03:41:09.248	UpdateTx 51ec9a5a5c, block 86, flags 00030004, import 0
2025-03-02 03:41:09.249	UpdateTx c6faedb7a9, block 86, flags 00030004, import 0
2025-03-02 03:41:09.249	UpdateTx c7cf697ac3, block 86, flags 00030004, import 0
2025-03-02 03:41:09.249	UpdateTx 131240654e, block 86, flags 00030004, import 0
2025-03-02 03:41:09.249	UpdateTx 1e34a4a581, block 86, flags 00030004, import 0
2025-03-02 03:41:09.249	UpdateTx 1abcd03d6d, block 86, flags 00030004, import 0
2025-03-02 03:41:09.249	UpdateTx 314ae2e963, block 86, flags 00030004, import 0
2025-03-02 03:41:09.249	UpdateTx 8ec9c1255d, block 86, flags 00030004, import 0
2025-03-02 03:41:09.249	UpdateTx a1fe45a682, block 86, flags 00030004, import 0
2025-03-02 03:41:09.249	UpdateTx b0f6ab81fc, block 86, flags 00030004, import 0
2025-03-02 03:41:09.249	UpdateTx cde49e79c0, block 86, flags 00030004, import 0
2025-03-02 03:41:09.249	UpdateTx 70759b8024, block 86, flags 00030004, import 0
2025-03-02 03:41:09.249	UpdateTx d2ab5ed906, block 86, flags 00030004, import 0
2025-03-02 03:41:09.249	UpdateTx 259d06672a, block 86, flags 00030004, import 0
2025-03-02 03:41:09.250	UpdateTx 51b624040a, block 86, flags 00030004, import 0
2025-03-02 03:41:09.250	UpdateTx 985e7eef8f, block 86, flags 00030004, import 0
2025-03-02 03:41:09.250	UpdateTx edeeeb825a, block 86, flags 00030004, import 0
2025-03-02 03:41:09.250	UpdateTx 2d5b670b3d, block 86, flags 00030004, import 0
2025-03-02 03:41:09.250	UpdateTx 2142341575, block 86, flags 00030004, import 0
2025-03-02 03:41:09.255	NewBlock 86, Txs: 4, Rows: 338
2025-03-02 03:41:09.263	UpdateTx cab56e13c5, block -1, flags 00030004, import 0
2025-03-02 03:41:09.263	UpdateTx b3b5094cf8, block -1, flags 00030004, import 0
2025-03-02 03:41:13.161	UpdateTx cab56e13c5, block 87, flags 00030004, import 0
2025-03-02 03:41:13.161	UpdateTx b3b5094cf8, block 87, flags 00030004, import 0
2025-03-02 03:41:13.165	NewBlock 87, Txs: 0, Rows: 17
2025-03-02 03:41:28.315	NewBlock 88, Txs: 0, Rows: 0
2025-03-02 03:41:40.748	NewBlock 89, Txs: 0, Rows: 0
2025-03-02 03:41:41.075	Rolled back to block 88 successfully
2025-03-02 03:41:41.096	NewBlock 89, Txs: 0, Rows: 0
2025-03-02 03:41:45.827	Rolled back to block 88 successfully
2025-03-02 03:41:45.861	NewBlock 89, Txs: 0, Rows: 0
2025-03-02 03:41:45.895	NewBlock 90, Txs: 0, Rows: 0
2025-03-02 03:41:51.807	NewBlock 91, Txs: 0, Rows: 0
2025-03-02 03:42:04.275	NewBlock 92, Txs: 0, Rows: 0
2025-03-02 03:42:11.234	NewBlock 93, Txs: 0, Rows: 0
2025-03-02 03:42:20.787	NewBlock 94, Txs: 0, Rows: 0
2025-03-02 03:42:26.422	NewBlock 95, Txs: 0, Rows: 0
2025-03-02 03:42:50.990	NewBlock 96, Txs: 0, Rows: 0
2025-03-02 03:43:12.203	NewBlock 97, Txs: 0, Rows: 0
2025-03-02 03:43:34.597	NewBlock 98, Txs: 0, Rows: 0
2025-03-02 03:43:51.891	NewBlock 99, Txs: 0, Rows: 0
2025-03-02 03:44:13.301	NewBlock 100, Txs: 0, Rows: 0
2025-03-02 03:44:17.936	NewBlock 101, Txs: 0, Rows: 0
2025-03-02 03:44:31.185	NewBlock 102, Txs: 0, Rows: 0
2025-03-02 03:44:42.044	NewBlock 103, Txs: 0, Rows: 0
2025-03-02 03:44:58.218	NewBlock 104, Txs: 0, Rows: 0
2025-03-02 03:45:10.687	NewBlock 105, Txs: 0, Rows: 0
2025-03-02 03:45:28.372	NewBlock 106, Txs: 0, Rows: 0
2025-03-02 03:45:45.262	NewBlock 107, Txs: 0, Rows: 0
