2025-03-02 02:22:35.044	Initialized. Chain height: -1, Txs: 0
2025-03-02 02:22:35.052	Entity (00000101, 0000000000000000000000000000000000000000) added successfully
2025-03-02 02:22:35.052	Entity (00000201, 0000000000000000000000000000000000000000) added successfully
2025-03-02 02:22:35.052	Entity (00000102, 0000000000000000000000000000000000000000) added successfully
2025-03-02 02:22:35.052	Entity (00000202, 0000000000000000000000000000000000000000) added successfully
2025-03-02 02:22:35.052	Entity (0000010A, 0000000000000000000000000000000000000000) added successfully
2025-03-02 02:22:35.052	Entity (0000010B, 0000000000000000000000000000000000000000) added successfully
2025-03-02 02:22:35.052	Entity (0000010F, 0000000000000000000000000000000000000000) added successfully
2025-03-02 02:22:35.052	Entity (00000103, 912ae4a6acc44261df74f52eb930ac02fcc5f348) added successfully
2025-03-02 02:22:35.052	Entity (00000203, 912ae4a6acc44261df74f52eb930ac02fcc5f348) added successfully
2025-03-02 02:22:35.104	Entity (00000105, 000000007ab51894a9d6cb0f65b0334f42508168) added successfully
2025-03-02 02:22:35.104	Entity (00000205, 000000007ab51894a9d6cb0f65b0334f42508168) added successfully
2025-03-02 02:22:35.104	Entity (00000106, 000000007ab51894a9d6cb0f65b0334f42508168) added successfully
2025-03-02 02:22:35.104	Entity (00000206, 000000007ab51894a9d6cb0f65b0334f42508168) added successfully
2025-03-02 02:22:35.104	Entity (00000107, 000000007ab51894a9d6cb0f65b0334f42508168) added successfully
2025-03-02 02:22:35.104	Entity (00000207, 000000007ab51894a9d6cb0f65b0334f42508168) added successfully
2025-03-02 02:22:35.125	NewData 00000000000000000000014b0000000000000000000000000000000000000002, block 0, flags 00000000, import 0
2025-03-02 02:22:35.133	NewBlock 0, Txs: 1, Rows: 4
2025-03-02 02:22:35.892	NewBlock 1, Txs: 0, Rows: 0
2025-03-02 02:22:35.925	NewBlock 2, Txs: 0, Rows: 0
2025-03-02 02:22:35.957	NewData 00000000000000000000014b0000000000000000000000000000000000000002, block 3, flags 00000000, import 0
2025-03-02 02:22:35.957	NewData 00000000000000000000014b0000000000000000000000000000000000000002, block 3, flags 00000000, import 0
2025-03-02 02:22:35.961	NewBlock 3, Txs: 0, Rows: 4
2025-03-02 02:22:35.992	NewBlock 4, Txs: 0, Rows: 0
2025-03-02 02:22:42.351	NewBlock 5, Txs: 0, Rows: 0
2025-03-02 02:23:14.998	NewTx c17ef73f374992ad5f4077bf5e3fe5ea116a6edf0145a4186f167228f5dbf575, block -1, flags 00000004, import 0
2025-03-02 02:23:29.760	UpdateTx c17ef73f37, block 6, flags 00000004, import 0
2025-03-02 02:23:29.766	NewBlock 6, Txs: 1, Rows: 6
2025-03-02 02:23:38.617	NewBlock 7, Txs: 0, Rows: 0
2025-03-02 02:24:00.683	NewBlock 8, Txs: 0, Rows: 0
2025-03-02 02:24:13.307	Rolled back to block 7 successfully
2025-03-02 02:24:13.340	NewBlock 8, Txs: 0, Rows: 0
2025-03-02 02:24:13.373	NewBlock 9, Txs: 0, Rows: 0
2025-03-02 02:24:33.740	NewBlock 10, Txs: 0, Rows: 0
2025-03-02 02:24:46.906	NewBlock 11, Txs: 0, Rows: 0
2025-03-02 02:25:04.562	NewBlock 12, Txs: 0, Rows: 0
2025-03-02 02:25:09.605	NewBlock 13, Txs: 0, Rows: 0
2025-03-02 02:25:15.647	NewBlock 14, Txs: 0, Rows: 0
2025-03-02 02:25:31.110	NewBlock 15, Txs: 0, Rows: 0
2025-03-02 02:25:47.671	NewBlock 16, Txs: 0, Rows: 0
2025-03-02 02:26:06.431	NewBlock 17, Txs: 0, Rows: 0
2025-03-02 02:26:29.525	NewBlock 18, Txs: 0, Rows: 0
2025-03-02 02:26:38.470	NewBlock 19, Txs: 0, Rows: 0
2025-03-02 02:26:57.237	NewBlock 20, Txs: 0, Rows: 0
2025-03-02 02:27:11.609	NewBlock 21, Txs: 0, Rows: 0
2025-03-02 02:27:29.579	NewBlock 22, Txs: 0, Rows: 0
2025-03-02 02:27:40.234	NewBlock 23, Txs: 0, Rows: 0
2025-03-02 02:27:59.400	NewBlock 24, Txs: 0, Rows: 0
2025-03-02 02:28:06.652	NewBlock 25, Txs: 0, Rows: 0
2025-03-02 02:28:20.400	NewBlock 26, Txs: 0, Rows: 0
2025-03-02 02:28:43.153	Rolled back to block 25 successfully
2025-03-02 02:28:43.171	NewBlock 26, Txs: 0, Rows: 0
2025-03-02 02:28:43.201	NewBlock 27, Txs: 0, Rows: 0
2025-03-02 02:28:56.359	NewBlock 28, Txs: 0, Rows: 0
2025-03-02 02:29:12.928	NewBlock 29, Txs: 0, Rows: 0
2025-03-02 02:29:24.191	NewBlock 30, Txs: 0, Rows: 0
2025-03-02 02:29:41.652	NewBlock 31, Txs: 0, Rows: 0
2025-03-02 02:29:53.814	NewBlock 32, Txs: 0, Rows: 0
2025-03-02 02:30:11.573	NewBlock 33, Txs: 0, Rows: 0
2025-03-02 02:30:23.543	NewBlock 34, Txs: 0, Rows: 0
2025-03-02 02:30:39.723	NewBlock 35, Txs: 0, Rows: 0
2025-03-02 02:30:54.479	NewBlock 36, Txs: 0, Rows: 0
2025-03-02 02:31:07.710	NewBlock 37, Txs: 0, Rows: 0
2025-03-02 02:31:20.989	NewBlock 38, Txs: 0, Rows: 0
2025-03-02 02:31:38.674	NewBlock 39, Txs: 0, Rows: 0
2025-03-02 02:31:51.746	NewBlock 40, Txs: 0, Rows: 0
2025-03-02 02:32:10.523	NewBlock 41, Txs: 0, Rows: 0
2025-03-02 02:32:21.580	NewBlock 42, Txs: 0, Rows: 0
2025-03-02 02:32:34.644	NewBlock 43, Txs: 0, Rows: 0
2025-03-02 02:32:49.116	NewBlock 44, Txs: 0, Rows: 0
2025-03-02 02:33:11.187	NewBlock 45, Txs: 0, Rows: 0
2025-03-02 02:33:27.548	NewBlock 46, Txs: 0, Rows: 0
2025-03-02 02:33:34.407	NewBlock 47, Txs: 0, Rows: 0
2025-03-02 02:33:51.886	NewBlock 48, Txs: 0, Rows: 0
2025-03-02 02:34:05.066	NewBlock 49, Txs: 0, Rows: 0
2025-03-02 02:34:20.544	NewBlock 50, Txs: 0, Rows: 0
2025-03-02 02:34:33.847	NewBlock 51, Txs: 0, Rows: 0
2025-03-02 02:34:55.846	NewBlock 52, Txs: 0, Rows: 0
2025-03-02 02:35:03.590	NewBlock 53, Txs: 0, Rows: 0
2025-03-02 02:35:17.746	NewBlock 54, Txs: 0, Rows: 0
2025-03-02 02:35:36.708	NewBlock 55, Txs: 0, Rows: 0
2025-03-02 02:35:51.176	NewBlock 56, Txs: 0, Rows: 0
2025-03-02 02:36:09.439	NewBlock 57, Txs: 0, Rows: 0
2025-03-02 02:36:20.352	NewBlock 58, Txs: 0, Rows: 0
2025-03-02 02:36:40.738	Rolled back to block 57 successfully
2025-03-02 02:36:40.774	NewBlock 58, Txs: 0, Rows: 0
2025-03-02 02:36:40.814	NewBlock 59, Txs: 0, Rows: 0
2025-03-02 02:36:50.772	NewBlock 60, Txs: 0, Rows: 0
2025-03-02 02:44:45.577	NewBlock 61, Txs: 0, Rows: 0
2025-03-02 02:44:52.246	NewBlock 62, Txs: 0, Rows: 0
2025-03-02 02:44:57.723	NewBlock 63, Txs: 0, Rows: 0
2025-03-02 02:45:06.906	NewBlock 64, Txs: 0, Rows: 0
2025-03-02 02:45:17.660	NewBlock 65, Txs: 0, Rows: 0
2025-03-02 02:45:22.499	NewBlock 66, Txs: 0, Rows: 0
2025-03-02 02:45:26.544	NewBlock 67, Txs: 0, Rows: 0
2025-03-02 02:45:31.900	NewBlock 68, Txs: 0, Rows: 0
2025-03-02 02:45:43.504	NewBlock 69, Txs: 0, Rows: 0
2025-03-02 02:45:50.870	NewBlock 70, Txs: 0, Rows: 0
2025-03-02 02:45:56.188	NewBlock 71, Txs: 0, Rows: 0
2025-03-02 02:46:19.348	NewBlock 72, Txs: 0, Rows: 0
2025-03-02 02:46:43.830	NewBlock 73, Txs: 0, Rows: 0
2025-03-02 02:47:10.120	NewBlock 74, Txs: 0, Rows: 0
2025-03-02 02:47:27.581	NewBlock 75, Txs: 0, Rows: 0
2025-03-02 02:47:44.625	NewBlock 76, Txs: 0, Rows: 0
2025-03-02 02:47:49.643	NewBlock 77, Txs: 0, Rows: 0
2025-03-02 02:48:03.188	NewBlock 78, Txs: 0, Rows: 0
2025-03-02 02:48:15.073	NewBlock 79, Txs: 0, Rows: 0
2025-03-02 02:48:30.876	NewBlock 80, Txs: 0, Rows: 0
2025-03-02 02:48:42.628	NewBlock 81, Txs: 0, Rows: 0
2025-03-02 02:49:05.059	NewBlock 82, Txs: 0, Rows: 0
2025-03-02 02:49:17.902	NewBlock 83, Txs: 0, Rows: 0
2025-03-02 02:49:35.547	NewBlock 84, Txs: 0, Rows: 0
2025-03-02 02:49:45.708	NewBlock 85, Txs: 0, Rows: 0
2025-03-02 03:40:11.993	NewBlock 86, Txs: 0, Rows: 0
2025-03-02 03:40:21.221	NewBlock 87, Txs: 0, Rows: 0
2025-03-02 03:40:27.046	NewBlock 88, Txs: 0, Rows: 0
2025-03-02 03:40:34.485	NewBlock 89, Txs: 0, Rows: 0
2025-03-02 03:40:39.327	NewBlock 90, Txs: 0, Rows: 0
2025-03-02 03:40:44.436	NewBlock 91, Txs: 0, Rows: 0
2025-03-02 03:40:54.677	NewBlock 92, Txs: 0, Rows: 0
2025-03-02 03:40:57.728	NewBlock 93, Txs: 0, Rows: 0
2025-03-02 03:41:03.762	NewBlock 94, Txs: 0, Rows: 0
2025-03-02 03:41:08.722	NewBlock 95, Txs: 0, Rows: 0
2025-03-02 03:41:23.605	NewBlock 96, Txs: 0, Rows: 0
2025-03-02 03:41:37.383	NewBlock 97, Txs: 0, Rows: 0
2025-03-02 03:42:04.370	NewBlock 98, Txs: 0, Rows: 0
2025-03-02 03:42:23.608	NewBlock 99, Txs: 0, Rows: 0
2025-03-02 03:42:43.367	NewBlock 100, Txs: 0, Rows: 0
2025-03-02 03:42:57.767	NewBlock 101, Txs: 0, Rows: 0
2025-03-02 03:42:57.924	Rolled back to block 100 successfully
2025-03-02 03:42:57.942	NewBlock 101, Txs: 0, Rows: 0
2025-03-02 03:43:07.687	NewBlock 102, Txs: 0, Rows: 0
2025-03-02 03:43:30.063	NewBlock 103, Txs: 0, Rows: 0
2025-03-02 03:43:34.124	NewBlock 104, Txs: 0, Rows: 0
2025-03-02 03:43:52.036	NewBlock 105, Txs: 0, Rows: 0
2025-03-02 03:44:00.589	NewBlock 106, Txs: 0, Rows: 0
2025-03-02 03:44:16.007	NewBlock 107, Txs: 0, Rows: 0
2025-03-02 03:44:33.973	NewBlock 108, Txs: 0, Rows: 0
2025-03-02 03:44:50.140	NewBlock 109, Txs: 0, Rows: 0
2025-03-02 03:44:50.192	NewBlock 110, Txs: 0, Rows: 0
2025-03-02 03:45:12.224	NewBlock 111, Txs: 0, Rows: 0
2025-03-02 03:45:32.081	Rolled back to block 110 successfully
2025-03-02 03:45:32.098	NewBlock 111, Txs: 0, Rows: 0
2025-03-02 03:45:32.116	NewBlock 112, Txs: 0, Rows: 0
2025-03-02 03:45:51.865	NewBlock 113, Txs: 0, Rows: 0
2025-03-02 03:46:11.806	NewBlock 114, Txs: 0, Rows: 0
2025-03-02 03:46:21.559	NewBlock 115, Txs: 0, Rows: 0
2025-03-02 03:46:32.616	NewBlock 116, Txs: 0, Rows: 0
2025-03-02 03:46:54.844	NewBlock 117, Txs: 0, Rows: 0
2025-03-02 03:47:04.912	NewBlock 118, Txs: 0, Rows: 0
2025-03-02 03:47:19.078	NewBlock 119, Txs: 0, Rows: 0
2025-03-02 03:47:31.008	NewBlock 120, Txs: 0, Rows: 0
2025-03-02 03:47:53.379	NewBlock 121, Txs: 0, Rows: 0
2025-03-02 03:48:03.032	NewBlock 122, Txs: 0, Rows: 0
2025-03-02 03:48:27.311	NewBlock 123, Txs: 0, Rows: 0
2025-03-02 03:48:35.061	NewBlock 124, Txs: 0, Rows: 0
2025-03-02 03:48:51.521	NewBlock 125, Txs: 0, Rows: 0
2025-03-02 03:49:05.894	NewBlock 126, Txs: 0, Rows: 0
