Using RdSeed as additional entropy source
Using RdRand as an additional entropy source
2025-03-01 20:22:28 



















2025-03-01 20:22:28 MultiChain version build 2.3.1, Community Edition, protocol 20013 (Oct 30 2022)
2025-03-01 20:22:28 Using BerkeleyDB version Berkeley DB 4.8.30: (April  9, 2010)
2025-03-01 20:22:28 Default data directory /home/lothrok/Documents/projects/dist-ledger/data/retailer-chain-node3/retailer-chain
2025-03-01 20:22:28 Using data directory /home/lothrok/Documents/projects/dist-ledger/data/retailer-chain-node3/retailer-chain
2025-03-01 20:22:28 Using config file /home/lothrok/Documents/projects/dist-ledger/data/retailer-chain-node3/retailer-chain/retailer-chain.conf
2025-03-01 20:22:28 Using at most 125 connections (1024 file descriptors available)
2025-03-01 20:22:28 Using 8 threads for script verification
2025-03-01 20:22:28 Using wallet wallet.dat
2025-03-01 20:22:28 init message: Verifying wallet...
2025-03-01 20:22:28 Wallet file doesn't exist. New file will be created with version 3.
2025-03-01 20:22:28 HTTP: creating work queue of depth 16
2025-03-01 20:22:28 HTTP: starting 4 worker threads
2025-03-01 20:22:29 init message: Initializing multichain...
2025-03-01 20:22:29 nFileVersion = 0
2025-03-01 20:22:29 Keys: 0 plaintext, 0 encrypted, 0 w/ metadata, 0 total
2025-03-01 20:22:29 mchn: Default key is not found - creating new... 
2025-03-01 20:22:29 keypool added key 1, size=1
2025-03-01 20:22:29 keypool added key 2, size=2
2025-03-01 20:22:29 mchn: Checking seed address 192.168.0.102:7743
2025-03-01 20:22:29 mchn: Seed address resolved: 192.168.0.102:7743
2025-03-01 20:22:29 mchn: Parameter set is not complete - starting paramset discovery thread...
2025-03-01 20:22:29 init message: Loading addresses...
2025-03-01 20:22:29 Loaded 0 addresses from peers.dat  0ms
2025-03-01 20:22:29 AddLocal(192.168.0.102:7773,1)
2025-03-01 20:22:29 Discover: IPv4 wlp0s20f3: 192.168.0.102
2025-03-01 20:22:29 AddLocal(172.18.0.1:7773,1)
2025-03-01 20:22:29 Discover: IPv4 br-745edfe8f712: 172.18.0.1
2025-03-01 20:22:29 AddLocal(172.17.0.1:7773,1)
2025-03-01 20:22:29 Discover: IPv4 docker0: 172.17.0.1
2025-03-01 20:22:29 AddLocal([fe80::f6fe:1be2:2ed8:20dc]:7773,1)
2025-03-01 20:22:29 Discover: IPv6 wlp0s20f3: fe80::f6fe:1be2:2ed8:20dc
2025-03-01 20:22:29 dnsseed thread start
2025-03-01 20:22:29 Loading addresses from DNS seeds (could take a while)
2025-03-01 20:22:29 0 addresses found from DNS seeds
2025-03-01 20:22:29 dnsseed thread exit
2025-03-01 20:22:29 net thread start
2025-03-01 20:22:29 addcon thread start
2025-03-01 20:22:29 opencon thread start
2025-03-01 20:22:29 gmsghand thread start
2025-03-01 20:22:29 msghand thread start
2025-03-01 20:22:29 Seed node is set, trying to connect to 192.168.0.102:7743...
2025-03-01 20:22:29 tmsghand thread start
2025-03-01 20:22:29 omsghand thread start
2025-03-01 20:22:29 dmsghand thread start
2025-03-01 20:22:29 dumpaddr thread start
2025-03-01 20:22:29 mchn: Connection from 1AxwRePfwtDPg1LYZnqyd5wESsQiMWynps received on peer=1 in verack
2025-03-01 20:22:29 mchn: Successfully stored parameter set received from 192.168.0.102:7743
2025-03-01 20:22:29 disconnecting peer=1
2025-03-01 20:22:29 omsghand thread interrupt
2025-03-01 20:22:29 dumpaddr thread stop
2025-03-01 20:22:29 tmsghand thread interrupt
2025-03-01 20:22:29 opencon thread interrupt
2025-03-01 20:22:29 msghand thread interrupt
2025-03-01 20:22:29 gmsghand thread interrupt
2025-03-01 20:22:29 dmsghand thread interrupt
2025-03-01 20:22:29 addcon thread interrupt
2025-03-01 20:22:29 net thread interrupt
2025-03-01 20:22:29 mchn: Exited from paramset discovery thread
2025-03-01 20:22:29 mchn: Parameter set is valid - initializing blockchain parameters...
2025-03-01 20:22:29 Wallet mode: 00100103
2025-03-01 20:22:29 Node paused state is set to 00000000
2025-03-01 20:22:29 Bound to [::]:7773
2025-03-01 20:22:29 Bound to 0.0.0.0:7773
2025-03-01 20:22:29 Filter initialization completed
2025-03-01 20:22:29 Setting banned transaction list:    0 transactions
2025-03-01 20:22:29 init message: Loading block index...
2025-03-01 20:22:29 Opening LevelDB in /home/lothrok/Documents/projects/dist-ledger/data/retailer-chain-node3/retailer-chain/blocks/index
2025-03-01 20:22:29 Opened LevelDB successfully
2025-03-01 20:22:29 Opening LevelDB in /home/lothrok/Documents/projects/dist-ledger/data/retailer-chain-node3/retailer-chain/chainstate
2025-03-01 20:22:29 Opened LevelDB successfully
2025-03-01 20:22:29 nFileVersion = 100000
2025-03-01 20:22:29 Keys: 2 plaintext, 0 encrypted, 2 w/ metadata, 2 total
2025-03-01 20:22:29 LoadBlockIndexDB: last block file = 0
2025-03-01 20:22:29 LoadBlockIndexDB: last block file info: CBlockFileInfo(blocks=0, size=0, heights=0...0, time=1970-01-01...1970-01-01)
2025-03-01 20:22:29 Checking all blk files are present...
2025-03-01 20:22:29 LoadBlockIndexDB(): transaction index disabled
2025-03-01 20:22:29 Initializing databases...
2025-03-01 20:22:29 Pre-allocating up to position 0x1000000 in blk00000.dat
2025-03-01 20:22:29 New stream. TxID: d6b27e7a79327e241aaea5b68891093888d3b666a6a7ca8c4e8c022121ac82da, StreamRef: 0-81-33498, Name: root
2025-03-01 20:22:29 UpdateTip:            new best=0051bec96507d5921fe60fc72d9c50f88fc3654e2ea505e4390f85c32b768f74  height=0  log2_work=8  tx=1  date=2025-03-01 20:21:26 progress=1.000000  cache=0
2025-03-01 20:22:29 init message: Verifying blocks...
2025-03-01 20:22:29  block index              68ms
2025-03-01 20:22:29 MultiChain protocol version: 20013
2025-03-01 20:22:29 init message: Loading wallet...
2025-03-01 20:22:29 nFileVersion = 100000
2025-03-01 20:22:29 Keys: 2 plaintext, 0 encrypted, 2 w/ metadata, 2 total
2025-03-01 20:22:29  wallet                    0ms
2025-03-01 20:22:29 mapBlockIndex.size() = 1
2025-03-01 20:22:29 nBestHeight = 0
2025-03-01 20:22:29 setKeyPool.size() = 1
2025-03-01 20:22:29 oldWallet.size() = 0
2025-03-01 20:22:29 mapWallet.size() = 1
2025-03-01 20:22:29 mapAddressBook.size() = 1
2025-03-01 20:22:29 init message: Loading addresses...
2025-03-01 20:22:29 Invalid or missing peers.dat; recreating
2025-03-01 20:22:29 Loaded 1 addresses from peers.dat  0ms
2025-03-01 20:22:29 AddLocal(192.168.0.102:7773,1)
2025-03-01 20:22:29 Discover: IPv4 wlp0s20f3: 192.168.0.102
2025-03-01 20:22:29 AddLocal(172.18.0.1:7773,1)
2025-03-01 20:22:29 Discover: IPv4 br-745edfe8f712: 172.18.0.1
2025-03-01 20:22:29 AddLocal(172.17.0.1:7773,1)
2025-03-01 20:22:29 Discover: IPv4 docker0: 172.17.0.1
2025-03-01 20:22:29 AddLocal([fe80::f6fe:1be2:2ed8:20dc]:7773,1)
2025-03-01 20:22:29 Discover: IPv6 wlp0s20f3: fe80::f6fe:1be2:2ed8:20dc
2025-03-01 20:22:29 dnsseed thread start
2025-03-01 20:22:29 net thread start
2025-03-01 20:22:29 opencon thread start
2025-03-01 20:22:29 Seed node is set, trying to connect to 192.168.0.102:7743...
2025-03-01 20:22:29 msghand thread start
2025-03-01 20:22:29 tmsghand thread start
2025-03-01 20:22:29 addcon thread start
2025-03-01 20:22:29 dmsghand thread start
2025-03-01 20:22:29 init message: Reaccepting unconfirmed wallet transactions...
2025-03-01 20:22:29 omsghand thread start
2025-03-01 20:22:29 dumpaddr thread start
2025-03-01 20:22:29 MultiChainMiner started
2025-03-01 20:22:29 gmsghand thread start
2025-03-01 20:22:29 init message: Done loading
2025-03-01 20:22:29 Node started
2025-03-01 20:22:29 mchn: Sending minimal parameter set to 192.168.0.102:7743
2025-03-01 20:22:29 receive version message: /MultiChain:0.2.0.13/: version 70002, blocks=4, us=192.168.0.102:56710, peer=2
2025-03-01 20:22:29 Added time data, samples 2, offset +0 (+0 minutes)
2025-03-01 20:22:29 mchn: Parameter set from peer=2 verified
2025-03-01 20:22:29 mchn: Sending minimal parameter set to 192.168.0.102:42168
2025-03-01 20:22:29 receive version message: /MultiChain:0.2.0.13/: version 70002, blocks=4, us=172.17.0.1:7773, peer=3
2025-03-01 20:22:29 mchn: Parameter set from peer=3 verified
2025-03-01 20:22:30 mchn: mempool request from node 2 on block 0 - start pushing txs
2025-03-01 20:22:30 mchn: pushed 0 inv records to queue
2025-03-01 20:22:30 Pre-allocating up to position 0x100000 in rev00000.dat
2025-03-01 20:22:30 UpdateTip:            new best=00edb4a10ff188904100cdc351356fef5a34097a5e8ecb6273af0220f699170f  height=1  log2_work=9  tx=2  date=2025-03-01 20:21:27 progress=1.000000  cache=0
2025-03-01 20:22:30 UpdateTip:            new best=006b074118ed1d612af5d51677ba94c3d2951baf29d92d2fd81ae61b7c5294ba  height=2  log2_work=9.5849625  tx=3  date=2025-03-01 20:21:28 progress=1.000000  cache=0
2025-03-01 20:22:30 New stream. TxID: 7ee88f0555a3cf94f27e426851a65327c15eb3fa84a377162ac57c85d764b7b2, StreamRef: 3-559-47026, Name: retailer_transactions
2025-03-01 20:22:30 New stream. TxID: 1b7b96f3f835a81d5529a093a8dc51f6df87821d5c5b9b2ee52a15a76f83f031, StreamRef: 3-796-61489, Name: merkle_roots
2025-03-01 20:22:30 UpdateTip:            new best=0033f51a6e57818638a77c3cef4eacaa0f64e29fcf6c26d3c623dcc29e09b1c9  height=3  log2_work=10  tx=7  date=2025-03-01 20:22:06 progress=1.000000  cache=0
2025-03-01 20:22:30 UpdateTip:            new best=00d5cfc0abbf0028713d5291c6282685cd5e797de5a40f9f514dacc12fe42adc  height=4  log2_work=10.321928  tx=8  date=2025-03-01 20:22:23 progress=1.000000  cache=0
2025-03-01 20:22:30 mchn: Synced with node 2 on block 4 - requesting mempool
2025-03-01 20:22:30 mchn: Synced with seed node on block 4
2025-03-01 20:22:30 mchn: Disconnecting seed node
2025-03-01 20:22:30 mchn: In sync with 3 on block 4 - start pushing txs
2025-03-01 20:22:30 mchn: pushed 0 inv records to queue
2025-03-01 20:22:30 mchn: Synced with node 3 on block 4 - requesting mempool
2025-03-01 20:22:30 disconnecting peer=2
2025-03-01 20:22:30 mchn: pushed 0 inv records to queue
2025-03-01 20:22:30 mchn: Sending minimal parameter set to 192.168.0.102:47474
2025-03-01 20:22:30 receive version message: /MultiChain:0.2.0.13/: version 70002, blocks=4, us=192.168.0.102:7773, peer=4
2025-03-01 20:22:30 mchn: Parameter set from peer=4 verified
2025-03-01 20:22:30 mchn: Sending minimal parameter set to 172.17.0.1:7763
2025-03-01 20:22:30 receive version message: /MultiChain:0.2.0.13/: version 70002, blocks=4, us=192.168.0.102:53910, peer=5
2025-03-01 20:22:30 Added time data, samples 3, offset +0 (+0 minutes)
2025-03-01 20:22:30 mchn: Parameter set from peer=5 verified
2025-03-01 20:22:30 mchn: In sync with 4 on block 4 - start pushing txs
2025-03-01 20:22:30 mchn: pushed 0 inv records to queue
2025-03-01 20:22:30 mchn: Synced with node 4 on block 4 - requesting mempool
2025-03-01 20:22:30 mchn: pushed 0 inv records to queue
2025-03-01 20:22:30 mchn: mempool request from node 5 on block 4 - start pushing txs
2025-03-01 20:22:30 mchn: pushed 0 inv records to queue
2025-03-01 20:22:30 mchn: Synced with node 5 on block 4 - requesting mempool
2025-03-01 20:22:30 mchn: Sending minimal parameter set to 192.168.0.102:47490
2025-03-01 20:22:30 receive version message: /MultiChain:0.2.0.13/: version 70002, blocks=4, us=192.168.0.102:7773, peer=6
2025-03-01 20:22:31 mchn: Parameter set from peer=6 verified
2025-03-01 20:22:31 mchn: Sending minimal parameter set to 192.168.0.102:7763
2025-03-01 20:22:31 receive version message: /MultiChain:0.2.0.13/: version 70002, blocks=4, us=192.168.0.102:35620, peer=7
2025-03-01 20:22:31 mchn: Parameter set from peer=7 verified
2025-03-01 20:22:31 mchn: mempool request from node 6 on block 4 - start pushing txs
2025-03-01 20:22:31 mchn: pushed 0 inv records to queue
2025-03-01 20:22:31 mchn: Synced with node 6 on block 4 - requesting mempool
2025-03-01 20:22:31 mchn: mempool request from node 7 on block 4 - start pushing txs
2025-03-01 20:22:31 mchn: pushed 0 inv records to queue
2025-03-01 20:22:31 mchn: Synced with node 7 on block 4 - requesting mempool
2025-03-01 20:22:31 mchn: Sending minimal parameter set to 192.168.0.102:42184
2025-03-01 20:22:31 receive version message: /MultiChain:0.2.0.13/: version 70002, blocks=4, us=172.17.0.1:7773, peer=8
2025-03-01 20:22:31 mchn: Parameter set from peer=8 verified
2025-03-01 20:22:31 mchn: Sending minimal parameter set to 192.168.0.102:7753
2025-03-01 20:22:31 receive version message: /MultiChain:0.2.0.13/: version 70002, blocks=4, us=192.168.0.102:42694, peer=9
2025-03-01 20:22:31 mchn: Parameter set from peer=9 verified
2025-03-01 20:22:31 mchn: mempool request from node 8 on block 4 - start pushing txs
2025-03-01 20:22:31 mchn: pushed 0 inv records to queue
2025-03-01 20:22:32 mchn: Synced with node 8 on block 4 - requesting mempool
2025-03-01 20:22:32 mchn: mempool request from node 9 on block 4 - start pushing txs
2025-03-01 20:22:32 mchn: pushed 0 inv records to queue
2025-03-01 20:22:32 mchn: Synced with node 9 on block 4 - requesting mempool
2025-03-01 20:22:34 mchn: Sending minimal parameter set to 192.168.0.102:47502
2025-03-01 20:22:34 receive version message: /MultiChain:0.2.0.13/: version 70002, blocks=4, us=192.168.0.102:7773, peer=10
2025-03-01 20:22:34 mchn: Parameter set from peer=10 verified
2025-03-01 20:22:34 mchn: In sync with 10 on block 4 - start pushing txs
2025-03-01 20:22:34 mchn: pushed 0 inv records to queue
2025-03-01 20:22:34 mchn: Synced with node 10 on block 4 - requesting mempool
2025-03-01 20:22:34 mchn: pushed 0 inv records to queue
2025-03-01 20:22:35 mchn: Sending minimal parameter set to 192.168.0.102:42200
2025-03-01 20:22:35 receive version message: /MultiChain:0.2.0.13/: version 70002, blocks=4, us=172.17.0.1:7773, peer=11
2025-03-01 20:22:35 mchn: Parameter set from peer=11 verified
2025-03-01 20:22:35 mchn: In sync with 11 on block 4 - start pushing txs
2025-03-01 20:22:35 mchn: pushed 0 inv records to queue
2025-03-01 20:22:35 mchn: Synced with node 11 on block 4 - requesting mempool
2025-03-01 20:22:35 mchn: pushed 0 inv records to queue
2025-03-01 20:22:40 P2P peers available. Skipped DNS seeding.
2025-03-01 20:22:40 dnsseed thread exit
2025-03-01 20:22:40 UpdateTip:            new best=003001cd6f74b56e94f4d46966701a42342896a11812d02ae21fb52c0cae598f  height=5  log2_work=10.584963  tx=9  date=2025-03-01 20:22:40 progress=1.000000  cache=0
2025-03-01 20:23:24 mchn: Sending minimal parameter set to 192.168.0.102:7743
2025-03-01 20:23:24 receive version message: /MultiChain:0.2.0.13/: version 70002, blocks=5, us=192.168.0.102:36496, peer=12
2025-03-01 20:23:24 mchn: Parameter set from peer=12 verified
2025-03-01 20:23:24 mchn: mempool request from node 12 on block 5 - start pushing txs
2025-03-01 20:23:24 mchn: pushed 3 inv records to queue
2025-03-01 20:23:24 mchn: Synced with node 12 on block 5 - requesting mempool
2025-03-01 20:23:24 mchn: Synced with seed node on block 5
2025-03-01 20:23:24 mchn: Disconnecting seed node
2025-03-01 20:23:24 disconnecting peer=12
2025-03-01 20:23:25 UpdateTip:            new best=00b7d490bfe7eaefaef98b40e9650a3419b306e0cc230e4e7600a88f64879dc8  height=6  log2_work=10.807355  tx=13  date=2025-03-01 20:23:25 progress=1.000000  cache=0
2025-03-01 20:23:34 UpdateTip:            new best=00993dd967f4fd66b4952057b5ee447ffc0fa85a4a60a786bfd60104d981f1be  height=7  log2_work=11  tx=14  date=2025-03-01 20:23:34 progress=1.000000  cache=0
2025-03-01 20:23:55 UpdateTip:            new best=0095e015c41a6e6e620ed6e23d585f91760fe95f2c6aecffb3e1a306547303f0  height=8  log2_work=11.169925  tx=15  date=2025-03-01 20:23:55 progress=1.000000  cache=0
2025-03-01 20:24:09 UpdateTip:            new best=008a53941bbc21e35a578bd1d88ec85c76e451b05770057c469c7f3c18e9ba87  height=9  log2_work=11.321928  tx=16  date=2025-03-01 20:24:09 progress=1.000000  cache=0
2025-03-01 20:24:31 UpdateTip:            new best=00abe041b1f5c5f65e5a3295a01c98e2166cf1500a0309cf8dd6c7af1bef07e1  height=10  log2_work=11.459432  tx=17  date=2025-03-01 20:24:30 progress=1.000000  cache=0
2025-03-01 20:24:44 UpdateTip:            new best=00b46a134637fb04352c25bb31bb2a2917c28339881453987a63624045e1baf8  height=11  log2_work=11.584963  tx=18  date=2025-03-01 20:24:43 progress=1.000000  cache=0
2025-03-01 20:25:01 UpdateTip:            new best=00f5dccb6cc8862bdbe764916a11e9bb5572c8cce90bc6d00e34e3ee4b1c6e4c  height=12  log2_work=11.70044  tx=19  date=2025-03-01 20:25:01 progress=1.000000  cache=0
2025-03-01 20:25:07 MultiChainMiner: Block Found - 0009d05beb4b1967b5bdb8a71bb5de8c55fad641bc77e6d2a7be7c9420d8ff5d, prev: 00f5dccb6cc8862bdbe764916a11e9bb5572c8cce90bc6d00e34e3ee4b1c6e4c, height: 13, txs: 1
2025-03-01 20:25:07 UpdateTip:            new best=0009d05beb4b1967b5bdb8a71bb5de8c55fad641bc77e6d2a7be7c9420d8ff5d  height=13  log2_work=11.807355  tx=20  date=2025-03-01 20:25:07 progress=1.000000  cache=0
2025-03-01 20:25:14 UpdateTip:            new best=00438d4c485d3e6fba62dc6f9105b72eb36399cdf1806338750380503625581d  height=14  log2_work=11.906891  tx=21  date=2025-03-01 20:25:13 progress=1.000000  cache=0
2025-03-01 20:25:28 UpdateTip:            new best=0002d0b74133b436a14904ecb0b044cc1404a006a4b9246e32e9104f9f822f69  height=15  log2_work=12  tx=22  date=2025-03-01 20:25:27 progress=1.000000  cache=0
2025-03-01 20:25:45 UpdateTip:            new best=005fb6aad70508f5a3b808401bc08b64a9d18b3be5b0f8b0633cde29c86ebbca  height=16  log2_work=12.087463  tx=23  date=2025-03-01 20:25:44 progress=1.000000  cache=0
2025-03-01 20:26:03 UpdateTip:            new best=00d3e9891f2ed0b37da606f67eb5a9e6e121b10b793c8b3847206888b4eccb17  height=17  log2_work=12.169925  tx=24  date=2025-03-01 20:26:03 progress=1.000000  cache=0
2025-03-01 20:26:21 MultiChainMiner: Block Found - 00a3836a5e9984ec2759579ade08b0a5ca84c2efc88ddb6ecb59888f788a310d, prev: 00d3e9891f2ed0b37da606f67eb5a9e6e121b10b793c8b3847206888b4eccb17, height: 18, txs: 1
2025-03-01 20:26:21 UpdateTip:            new best=00a3836a5e9984ec2759579ade08b0a5ca84c2efc88ddb6ecb59888f788a310d  height=18  log2_work=12.247928  tx=25  date=2025-03-01 20:26:21 progress=1.000000  cache=0
2025-03-01 20:26:35 UpdateTip:            new best=00e9c3c120d03352ea76b85fbb20dac7066b72518ab7139cf9c11e0ddf99780a  height=19  log2_work=12.321928  tx=26  date=2025-03-01 20:26:35 progress=1.000000  cache=0
2025-03-01 20:26:53 UpdateTip:            new best=00762bd0500516f21eae1c5aead521c4d99b79facf5adc788e14aa0dcfb4c408  height=20  log2_work=12.392317  tx=27  date=2025-03-01 20:26:52 progress=1.000000  cache=0
2025-03-01 20:27:06 MultiChainMiner: Block Found - 00da0272a51f73b2fbe1587deaf752d8e936be95ceaf27a02984e04f16da2645, prev: 00762bd0500516f21eae1c5aead521c4d99b79facf5adc788e14aa0dcfb4c408, height: 21, txs: 1
2025-03-01 20:27:06 UpdateTip:            new best=00da0272a51f73b2fbe1587deaf752d8e936be95ceaf27a02984e04f16da2645  height=21  log2_work=12.459432  tx=28  date=2025-03-01 20:27:06 progress=1.000000  cache=0
2025-03-01 20:27:19 MultiChainMiner: Block Found - 00151db8ed3ab56c551cf39a3463531133f0956451f8292bbcd2c40039e194c3, prev: 00da0272a51f73b2fbe1587deaf752d8e936be95ceaf27a02984e04f16da2645, height: 22, txs: 1
2025-03-01 20:27:19 UpdateTip:            new best=00151db8ed3ab56c551cf39a3463531133f0956451f8292bbcd2c40039e194c3  height=22  log2_work=12.523562  tx=29  date=2025-03-01 20:27:19 progress=1.000000  cache=0
2025-03-01 20:27:34 UpdateTip:            new best=00404bd305597b5affa3ec7af454fb8010973077c1b315b52181f8d334560d27  height=23  log2_work=12.584963  tx=30  date=2025-03-01 20:27:34 progress=1.000000  cache=0
2025-03-01 20:27:46 MultiChainMiner: Block Found - 003ffcd9663493345a87abbdda2f66849e238883cdb96af461c360e594a4521b, prev: 00404bd305597b5affa3ec7af454fb8010973077c1b315b52181f8d334560d27, height: 24, txs: 1
2025-03-01 20:27:46 UpdateTip:            new best=003ffcd9663493345a87abbdda2f66849e238883cdb96af461c360e594a4521b  height=24  log2_work=12.643856  tx=31  date=2025-03-01 20:27:46 progress=1.000000  cache=0
2025-03-01 20:27:59 MultiChainMiner: Block Found - 00b85e492d3311b511d148289e79a5e98e8b6cf14bbefa708f779ed0266cb6e7, prev: 003ffcd9663493345a87abbdda2f66849e238883cdb96af461c360e594a4521b, height: 25, txs: 1
2025-03-01 20:27:59 UpdateTip:            new best=00b85e492d3311b511d148289e79a5e98e8b6cf14bbefa708f779ed0266cb6e7  height=25  log2_work=12.70044  tx=32  date=2025-03-01 20:27:59 progress=1.000000  cache=0
2025-03-01 20:28:17 UpdateTip:            new best=00be6a83b60d30844d83adf3b7894bd5d4c691509e1e85c18ed1c5d999adc6e3  height=26  log2_work=12.754888  tx=33  date=2025-03-01 20:28:16 progress=1.000000  cache=0
2025-03-01 20:28:40 UpdateTip:            new best=00d4beb7908de466d01e07ef44f24809ecbafbe473cd7683532bec825e8fc16a  height=27  log2_work=12.807355  tx=34  date=2025-03-01 20:28:39 progress=1.000000  cache=0
2025-03-01 20:28:47 UpdateTip:            new best=00f0e77d55947194411539f0f600e47bcfc99aef62302dd6bab90747f7497367  height=28  log2_work=12.857981  tx=35  date=2025-03-01 20:28:47 progress=1.000000  cache=0
2025-03-01 20:29:06 MultiChainMiner: Block Found - 00a513f58e388da78279ba61db5f0cc4e3d31ee102724f466cee13043328d986, prev: 00f0e77d55947194411539f0f600e47bcfc99aef62302dd6bab90747f7497367, height: 29, txs: 1
2025-03-01 20:29:06 UpdateTip:            new best=00a513f58e388da78279ba61db5f0cc4e3d31ee102724f466cee13043328d986  height=29  log2_work=12.906891  tx=36  date=2025-03-01 20:29:06 progress=1.000000  cache=0
2025-03-01 20:29:18 UpdateTip:            new best=00dfeb5f86a2d469654c8dae25073e20e0a4b727911b124e5a73077b19b9347b  height=30  log2_work=12.954196  tx=37  date=2025-03-01 20:29:18 progress=1.000000  cache=0
2025-03-01 20:29:38 MultiChainMiner: Block Found - 004a0eb706b9bba895d2d6ee93e8600457d930576500a0868c54199b2a18697f, prev: 00dfeb5f86a2d469654c8dae25073e20e0a4b727911b124e5a73077b19b9347b, height: 31, txs: 1
2025-03-01 20:29:38 UpdateTip:            new best=004a0eb706b9bba895d2d6ee93e8600457d930576500a0868c54199b2a18697f  height=31  log2_work=13  tx=38  date=2025-03-01 20:29:38 progress=1.000000  cache=0
2025-03-01 20:29:38 Accepted header for block 009d721d7a0df4479ff4a0c80c292dbbd0f2eab0d0f7f047bac7ec81abd4270b found on alternative chain at height 31
2025-03-01 20:29:48 Accepted header for block 001068e5c488c76ef1a3ee55f78bd2b3248c135ae5b6d43b86106ca16121a952 found on alternative chain at height 32
2025-03-01 20:29:48 Tx not accepted in resurrection after block: fd434f518cd2618cd573f6177bbe6f6613ade6b2df8695e0f3fae61e61adb6b1
2025-03-01 20:29:48 UpdateTip:            new best=00dfeb5f86a2d469654c8dae25073e20e0a4b727911b124e5a73077b19b9347b  height=30  log2_work=12.954196  tx=37  date=2025-03-01 20:29:18 progress=1.000000  cache=0
2025-03-01 20:29:48 UpdateTip:            new best=009d721d7a0df4479ff4a0c80c292dbbd0f2eab0d0f7f047bac7ec81abd4270b  height=31  log2_work=13  tx=38  date=2025-03-01 20:29:38 progress=1.000000  cache=0
2025-03-01 20:29:48 UpdateTip:            new best=001068e5c488c76ef1a3ee55f78bd2b3248c135ae5b6d43b86106ca16121a952  height=32  log2_work=13.044394  tx=39  date=2025-03-01 20:29:47 progress=1.000000  cache=0
2025-03-01 20:30:01 UpdateTip:            new best=00ac59ba2bfa4b4a83579b600355bfec1f2033b02de0a3202b755d2749714dac  height=33  log2_work=13.087463  tx=40  date=2025-03-01 20:30:00 progress=1.000000  cache=0
2025-03-01 20:30:17 UpdateTip:            new best=0042377170f787b6a7611cba5640b5b75f818343d6d411e1f60ac10c64c30fda  height=34  log2_work=13.129283  tx=41  date=2025-03-01 20:30:16 progress=1.000000  cache=0
2025-03-01 20:30:34 UpdateTip:            new best=009ea523b9017b02d0d23586882a5f047f82dcbbdebe9508eef1f83e694c7846  height=35  log2_work=13.169925  tx=42  date=2025-03-01 20:30:34 progress=1.000000  cache=0
2025-03-01 20:30:50 UpdateTip:            new best=00fea52e3bed9269910b2feca0f0b21995e82468c66dfd4139a9b2146b164d3a  height=36  log2_work=13.209453  tx=43  date=2025-03-01 20:30:49 progress=1.000000  cache=0
2025-03-01 20:30:50 Accepted header for block 0015a36dad286ebde602aafaaf5eae1b4b239c3ed63f267d7806d5a6d5aeaccb found on alternative chain at height 36
2025-03-01 20:31:07 Accepted header for block 0057e02814d8414c33c918caee74c1aa3306afa253ee950c9de769b8d01b97be found on alternative chain at height 37
2025-03-01 20:31:07 Tx not accepted in resurrection after block: 5643f78f01da582e1d0e0c02e4c07ee14535f020a5cc4b8166747ea0fbbbf67a
2025-03-01 20:31:07 UpdateTip:            new best=009ea523b9017b02d0d23586882a5f047f82dcbbdebe9508eef1f83e694c7846  height=35  log2_work=13.169925  tx=42  date=2025-03-01 20:30:34 progress=1.000000  cache=0
2025-03-01 20:31:07 UpdateTip:            new best=0015a36dad286ebde602aafaaf5eae1b4b239c3ed63f267d7806d5a6d5aeaccb  height=36  log2_work=13.209453  tx=43  date=2025-03-01 20:30:50 progress=1.000000  cache=0
2025-03-01 20:31:07 UpdateTip:            new best=0057e02814d8414c33c918caee74c1aa3306afa253ee950c9de769b8d01b97be  height=37  log2_work=13.247928  tx=44  date=2025-03-01 20:31:06 progress=1.000000  cache=0
2025-03-01 20:31:15 UpdateTip:            new best=00f4b428da63bb6067bbd81939c47e3f4be0eb135846a3e71c2724b0f6f49c6c  height=38  log2_work=13.285402  tx=45  date=2025-03-01 20:31:15 progress=1.000000  cache=0
2025-03-01 20:31:30 UpdateTip:            new best=0003941e00984b4a0264534a50ba844de6fb7f4d0b41aef2dadfa217c08c45d3  height=39  log2_work=13.321928  tx=46  date=2025-03-01 20:31:29 progress=1.000000  cache=0
2025-03-01 20:31:50 UpdateTip:            new best=00d22b70016bfadc398a2814a00721c0bf1030fbfd0a990f5319737717d242e8  height=40  log2_work=13.357552  tx=47  date=2025-03-01 20:31:49 progress=1.000000  cache=0
2025-03-01 20:32:03 UpdateTip:            new best=00961c4fcc2165d6d7c1a4d0f415603d955ef5c9a7a5a74516a5f6a81363199e  height=41  log2_work=13.392317  tx=48  date=2025-03-01 20:32:03 progress=1.000000  cache=0
2025-03-01 20:32:17 UpdateTip:            new best=0013a04d635d551ca50d7f1d48eda11c587cc80466f8b8a3be010164c0ea96e3  height=42  log2_work=13.426265  tx=49  date=2025-03-01 20:32:17 progress=1.000000  cache=0
2025-03-01 20:32:30 UpdateTip:            new best=00dd40f8f91bfa1d3643020f55084dd89f81381d7d8ff1589a3e7af817566456  height=43  log2_work=13.459432  tx=50  date=2025-03-01 20:32:29 progress=1.000000  cache=0
2025-03-01 20:32:45 UpdateTip:            new best=00cbedd15dc8adc205abd4c3c349dc0be2e34528358079c6bc0f659bce558ee7  height=44  log2_work=13.491853  tx=51  date=2025-03-01 20:32:45 progress=1.000000  cache=0
2025-03-01 20:33:03 UpdateTip:            new best=00e4bb50d453d47b11aaaf7d58fe7b8141bd8983a422bc89fb64602847bc433d  height=45  log2_work=13.523562  tx=52  date=2025-03-01 20:33:03 progress=1.000000  cache=0
2025-03-01 20:33:21 UpdateTip:            new best=00aa990807b4b7dff95c96d7445b020e0c653d8b5e365c6bf642ece3136a06b7  height=46  log2_work=13.554589  tx=53  date=2025-03-01 20:33:20 progress=1.000000  cache=0
2025-03-01 20:33:31 UpdateTip:            new best=002d2446dd157b2ea90709b223ab0932e62c11f488e6074028f67325cd5dab0e  height=47  log2_work=13.584963  tx=54  date=2025-03-01 20:33:31 progress=1.000000  cache=0
2025-03-01 20:33:53 UpdateTip:            new best=005c743804fbe429525db958d645ff9f4145726b0526e21dc1e6825c15eaec7b  height=48  log2_work=13.61471  tx=55  date=2025-03-01 20:33:52 progress=1.000000  cache=0
2025-03-01 20:34:09 UpdateTip:            new best=008beb5b7b407aec3c937ffd8e9029848ec146c4383fa92fe43d78581d29080a  height=49  log2_work=13.643856  tx=56  date=2025-03-01 20:34:08 progress=1.000000  cache=0
2025-03-01 20:34:14 UpdateTip:            new best=003a8f23d2d6aee7badc7e42b8f44ea210549e2f83dc219913c473ed1ebd62b4  height=50  log2_work=13.672425  tx=57  date=2025-03-01 20:34:13 progress=1.000000  cache=0
2025-03-01 20:34:34 UpdateTip:            new best=0033a226b98be70c34ff378f35f2005fdfe1b3befc5ccd6d444edc32b6148229  height=51  log2_work=13.70044  tx=58  date=2025-03-01 20:34:34 progress=1.000000  cache=0
2025-03-01 20:34:45 UpdateTip:            new best=00c73d67e8bcbbe8ad30535e9ec7949d5fcd19cc1157293ceb1852e7ed5eada9  height=52  log2_work=13.72792  tx=59  date=2025-03-01 20:34:44 progress=1.000000  cache=0
2025-03-01 20:35:02 UpdateTip:            new best=003a6e8643e8785ccf25bf6408efd70d790bd2f0a85b535bd9a7600e5d7a2899  height=53  log2_work=13.754888  tx=60  date=2025-03-01 20:35:01 progress=1.000000  cache=0
2025-03-01 20:35:16 UpdateTip:            new best=00685f5593db13badb1985a13531fa3ad0894a933194f7a9f3f4293801c69427  height=54  log2_work=13.78136  tx=61  date=2025-03-01 20:35:15 progress=1.000000  cache=0
2025-03-01 20:35:34 UpdateTip:            new best=006362ef77230df8baafb2750e782537bcb6e169cbbd18656fd46b78eb362ea7  height=55  log2_work=13.807355  tx=62  date=2025-03-01 20:35:34 progress=1.000000  cache=0
2025-03-01 20:35:56 UpdateTip:            new best=00e600b099c3aba0167d05ae9fe390d866e9298e6cf0ee58adbe683cc774a81d  height=56  log2_work=13.83289  tx=63  date=2025-03-01 20:35:56 progress=1.000000  cache=0
2025-03-01 20:36:01 UpdateTip:            new best=00bb544e2152b64fde64198b2c2573288ec984981c45a9dbec528edc95a664e0  height=57  log2_work=13.857981  tx=64  date=2025-03-01 20:36:00 progress=1.000000  cache=0
2025-03-01 20:36:16 MultiChainMiner: Block Found - 000fce9da5cdeace725ca0fcab7d35bcb004a76203d4dbd49266faab9f2f0935, prev: 00bb544e2152b64fde64198b2c2573288ec984981c45a9dbec528edc95a664e0, height: 58, txs: 1
2025-03-01 20:36:17 UpdateTip:            new best=000fce9da5cdeace725ca0fcab7d35bcb004a76203d4dbd49266faab9f2f0935  height=58  log2_work=13.882643  tx=65  date=2025-03-01 20:36:16 progress=1.000000  cache=0
2025-03-01 20:36:32 UpdateTip:            new best=0035add84dd657abf27a257cda43699d54f75335b0a73e90b855804cb9235543  height=59  log2_work=13.906891  tx=66  date=2025-03-01 20:36:31 progress=1.000000  cache=0
2025-03-01 20:44:45 UpdateTip:            new best=00e6f3f479ea8170dd724e9b76dd9c0cf43d0f68b8f9135f0eee76597d053666  height=60  log2_work=13.930737  tx=68  date=2025-03-01 20:44:44 progress=1.000000  cache=0
2025-03-01 20:44:51 MultiChainMiner: Block Found - 0079e2545fdb58c22ba1f379c74d8432f3c0f730eb778f754fdd859b3db7145c, prev: 00e6f3f479ea8170dd724e9b76dd9c0cf43d0f68b8f9135f0eee76597d053666, height: 61, txs: 1
2025-03-01 20:44:51 UpdateTip:            new best=0079e2545fdb58c22ba1f379c74d8432f3c0f730eb778f754fdd859b3db7145c  height=61  log2_work=13.954196  tx=69  date=2025-03-01 20:44:51 progress=1.000000  cache=0
2025-03-01 20:44:59 UpdateTip:            new best=007dcf097c316e26c6a06932087d78ca1635af7ec381e7a387845ca292df9ad7  height=62  log2_work=13.97728  tx=70  date=2025-03-01 20:44:59 progress=1.000000  cache=0
2025-03-01 20:45:16 MultiChainMiner: Block Found - 00879e3cd8e16e988552d158c5e8ca6b97090e0dd6a5ca57812b4d68bfd6ab5c, prev: 007dcf097c316e26c6a06932087d78ca1635af7ec381e7a387845ca292df9ad7, height: 63, txs: 2
2025-03-01 20:45:16 UpdateTip:            new best=00879e3cd8e16e988552d158c5e8ca6b97090e0dd6a5ca57812b4d68bfd6ab5c  height=63  log2_work=14  tx=72  date=2025-03-01 20:45:16 progress=1.000000  cache=0
2025-03-01 20:45:17 Accepted header for block 0019e95766e3b99cd681b3fa6b6cccb18166da63237b761d1f131d44b3d66404 found on alternative chain at height 63
2025-03-01 20:45:17 Tx not accepted in resurrection after block: a790b6c8ef777b7f1eee95df59a23069d7394e465804e71af105ba8052c1b1d6
2025-03-01 20:45:17 UpdateTip:            new best=007dcf097c316e26c6a06932087d78ca1635af7ec381e7a387845ca292df9ad7  height=62  log2_work=13.97728  tx=70  date=2025-03-01 20:44:59 progress=1.000000  cache=1
2025-03-01 20:45:17 UpdateTip:            new best=0019e95766e3b99cd681b3fa6b6cccb18166da63237b761d1f131d44b3d66404  height=63  log2_work=14  tx=72  date=2025-03-01 20:45:16 progress=1.000000  cache=0
2025-03-01 20:45:23 Accepted header for block 0044c80a3c1f8755fa1b80b2eec21889276c2feba94132f7b1139607edafa9bf found on alternative chain at height 64
2025-03-01 20:45:23 Tx not accepted in resurrection after block: dfff27d96a73a189e5cc4fa14a69f2f93c67f1a26fa159e949df94ceceb29705
2025-03-01 20:45:23 UpdateTip:            new best=007dcf097c316e26c6a06932087d78ca1635af7ec381e7a387845ca292df9ad7  height=62  log2_work=13.97728  tx=70  date=2025-03-01 20:44:59 progress=1.000000  cache=1
2025-03-01 20:45:23 UpdateTip:            new best=00879e3cd8e16e988552d158c5e8ca6b97090e0dd6a5ca57812b4d68bfd6ab5c  height=63  log2_work=14  tx=72  date=2025-03-01 20:45:16 progress=1.000000  cache=0
2025-03-01 20:45:23 UpdateTip:            new best=0044c80a3c1f8755fa1b80b2eec21889276c2feba94132f7b1139607edafa9bf  height=64  log2_work=14.022368  tx=73  date=2025-03-01 20:45:23 progress=1.000000  cache=0
2025-03-01 20:45:29 MultiChainMiner: Block Found - 00f0af6e869ae71f20fee7dcce98339b59e2a110baed034480b4c39ec85c34b3, prev: 0044c80a3c1f8755fa1b80b2eec21889276c2feba94132f7b1139607edafa9bf, height: 65, txs: 1
2025-03-01 20:45:29 UpdateTip:            new best=00f0af6e869ae71f20fee7dcce98339b59e2a110baed034480b4c39ec85c34b3  height=65  log2_work=14.044394  tx=74  date=2025-03-01 20:45:29 progress=1.000000  cache=0
2025-03-01 20:45:34 UpdateTip:            new best=00966fff564e8ab246e7d3c2b445c8b43bc5b7397819da44e44d8f18b90745d7  height=66  log2_work=14.066089  tx=75  date=2025-03-01 20:45:34 progress=1.000000  cache=0
2025-03-01 20:45:42 MultiChainMiner: Block Found - 00fa94b720f449617413d0b9b36163bc3e34326032209eefd4435f7e4eecb48f, prev: 00966fff564e8ab246e7d3c2b445c8b43bc5b7397819da44e44d8f18b90745d7, height: 67, txs: 1
2025-03-01 20:45:42 UpdateTip:            new best=00fa94b720f449617413d0b9b36163bc3e34326032209eefd4435f7e4eecb48f  height=67  log2_work=14.087463  tx=76  date=2025-03-01 20:45:42 progress=1.000000  cache=0
2025-03-01 20:45:53 UpdateTip:            new best=00aad12f7afcaad27df935ac3b9e3120cbeae5cff37107a6545dfa8ab8c5985a  height=68  log2_work=14.108524  tx=77  date=2025-03-01 20:45:53 progress=1.000000  cache=0
2025-03-01 20:46:04 UpdateTip:            new best=00f56b3da0bd44c59102277317c94b0ab681ad92946bd5c5f9d10846da802ce5  height=69  log2_work=14.129283  tx=78  date=2025-03-01 20:46:04 progress=1.000000  cache=0
2025-03-01 20:46:14 UpdateTip:            new best=00bd15df2b73e8071b26d033ab4fab5b62f99e4077165797c186f34aa62d86cf  height=70  log2_work=14.149747  tx=79  date=2025-03-01 20:46:14 progress=1.000000  cache=0
2025-03-01 20:46:23 MultiChainMiner: Block Found - 00c2b57a24a04a4b41a143135361052acae040b3b60578485a44767ea953c58b, prev: 00bd15df2b73e8071b26d033ab4fab5b62f99e4077165797c186f34aa62d86cf, height: 71, txs: 1
2025-03-01 20:46:23 UpdateTip:            new best=00c2b57a24a04a4b41a143135361052acae040b3b60578485a44767ea953c58b  height=71  log2_work=14.169925  tx=80  date=2025-03-01 20:46:23 progress=1.000000  cache=0
2025-03-01 20:46:50 UpdateTip:            new best=00b17115eec03fc337204a788f9b4bfc225477dbc939f3d7afd3c8253cbbf6d2  height=72  log2_work=14.189825  tx=81  date=2025-03-01 20:46:50 progress=1.000000  cache=0
2025-03-01 20:47:11 MultiChainMiner: Block Found - 00016ccb6154d12362723978e3a12872a5185d25973aeb4a8702070e188b3d4c, prev: 00b17115eec03fc337204a788f9b4bfc225477dbc939f3d7afd3c8253cbbf6d2, height: 73, txs: 1
2025-03-01 20:47:11 UpdateTip:            new best=00016ccb6154d12362723978e3a12872a5185d25973aeb4a8702070e188b3d4c  height=73  log2_work=14.209453  tx=82  date=2025-03-01 20:47:11 progress=1.000000  cache=0
2025-03-01 20:47:33 UpdateTip:            new best=00ba926418a1b5b9afa87e6c4652d6560adb475d14288b5c79c4ab31792c72e2  height=74  log2_work=14.228819  tx=83  date=2025-03-01 20:47:32 progress=1.000000  cache=0
2025-03-01 20:47:41 MultiChainMiner: Block Found - 00c8f7d10c3c2a42acd21d2774551ded3eaf1c4370e5a841ca2fcdec215a6563, prev: 00ba926418a1b5b9afa87e6c4652d6560adb475d14288b5c79c4ab31792c72e2, height: 75, txs: 1
2025-03-01 20:47:41 UpdateTip:            new best=00c8f7d10c3c2a42acd21d2774551ded3eaf1c4370e5a841ca2fcdec215a6563  height=75  log2_work=14.247928  tx=84  date=2025-03-01 20:47:41 progress=1.000000  cache=0
2025-03-01 20:47:56 UpdateTip:            new best=008626e356e97888e3e81f4e98e0738a041af0e689f149ea9b8a2b31246e22ff  height=76  log2_work=14.266787  tx=85  date=2025-03-01 20:47:55 progress=1.000000  cache=0
2025-03-01 20:48:13 MultiChainMiner: Block Found - 0027d54e1322e43c5b1e10f6b19838dd05e0e7e55815b6936a000cd22fb061f1, prev: 008626e356e97888e3e81f4e98e0738a041af0e689f149ea9b8a2b31246e22ff, height: 77, txs: 1
2025-03-01 20:48:13 UpdateTip:            new best=0027d54e1322e43c5b1e10f6b19838dd05e0e7e55815b6936a000cd22fb061f1  height=77  log2_work=14.285402  tx=86  date=2025-03-01 20:48:13 progress=1.000000  cache=0
2025-03-01 20:48:22 UpdateTip:            new best=00913907f864a58f660b5ebd604b0cdef52b6668caf03ce0b2a61af8f359fdfa  height=78  log2_work=14.303781  tx=87  date=2025-03-01 20:48:21 progress=1.000000  cache=0
2025-03-01 20:48:34 MultiChainMiner: Block Found - 00832cf2607ec1321e61450ddde8b893d607a1e115289c73042fcdec05156b94, prev: 00913907f864a58f660b5ebd604b0cdef52b6668caf03ce0b2a61af8f359fdfa, height: 79, txs: 1
2025-03-01 20:48:34 UpdateTip:            new best=00832cf2607ec1321e61450ddde8b893d607a1e115289c73042fcdec05156b94  height=79  log2_work=14.321928  tx=88  date=2025-03-01 20:48:34 progress=1.000000  cache=0
2025-03-01 20:48:53 UpdateTip:            new best=0099b5c44284ec5ae60b35802fc506b6520265d80a0874a450252496ae5d4530  height=80  log2_work=14.33985  tx=89  date=2025-03-01 20:48:52 progress=1.000000  cache=0
2025-03-01 20:49:06 MultiChainMiner: Block Found - 00467fea0bf77f67b90d2cb404777e9132b53c95a745709fb8dbe2f4bd60a893, prev: 0099b5c44284ec5ae60b35802fc506b6520265d80a0874a450252496ae5d4530, height: 81, txs: 1
2025-03-01 20:49:06 UpdateTip:            new best=00467fea0bf77f67b90d2cb404777e9132b53c95a745709fb8dbe2f4bd60a893  height=81  log2_work=14.357552  tx=90  date=2025-03-01 20:49:06 progress=1.000000  cache=0
2025-03-01 20:49:19 UpdateTip:            new best=001252c14de207a71a63d07fcd38f7857651f3821415fa52932019a174ee33ce  height=82  log2_work=14.375039  tx=91  date=2025-03-01 20:49:19 progress=1.000000  cache=0
2025-03-01 20:49:37 UpdateTip:            new best=006a2ba7a8caca439a10863e4c9441b2b2e6531e6fa9aecd24bff4cae0122488  height=83  log2_work=14.392317  tx=92  date=2025-03-01 20:49:36 progress=1.000000  cache=0
2025-03-01 21:40:46 MultiChainMiner: Block Found - 00d59c7797d67a30f3ec4d5192cd13a615d21f34fa7c786949477268d84fbde8, prev: 006a2ba7a8caca439a10863e4c9441b2b2e6531e6fa9aecd24bff4cae0122488, height: 84, txs: 32
2025-03-01 21:40:46 UpdateTip:            new best=00d59c7797d67a30f3ec4d5192cd13a615d21f34fa7c786949477268d84fbde8  height=84  log2_work=14.409391  tx=124  date=2025-03-01 21:40:46 progress=1.000000  cache=0
2025-03-01 21:40:51 UpdateTip:            new best=00f03c0e02f52af774b8c4d424f429cd5a37a63de6022f617a735ad60427f05b  height=85  log2_work=14.426265  tx=135  date=2025-03-01 21:40:51 progress=1.000000  cache=0
2025-03-01 21:41:08 MultiChainMiner: Block Found - 00fa9f88c582655e089e3157cb0da85288cc2e0b726eb527195df315412b9a49, prev: 00f03c0e02f52af774b8c4d424f429cd5a37a63de6022f617a735ad60427f05b, height: 86, txs: 41
2025-03-01 21:41:08 UpdateTip:            new best=00fa9f88c582655e089e3157cb0da85288cc2e0b726eb527195df315412b9a49  height=86  log2_work=14.442943  tx=176  date=2025-03-01 21:41:08 progress=1.000000  cache=0
2025-03-01 21:41:09 Accepted header for block 005c603d57fc20111208a5cd90f97dbd4107b52939939a4fd7d516489fb87738 found on alternative chain at height 86
2025-03-01 21:41:09 Tx not accepted in resurrection after block: 2aa5ed436de9c1ab092c073571868504e6d9bbee02ab3e7c0e0bb0a22ece471a
2025-03-01 21:41:09 UpdateTip:            new best=00f03c0e02f52af774b8c4d424f429cd5a37a63de6022f617a735ad60427f05b  height=85  log2_work=14.426265  tx=135  date=2025-03-01 21:40:51 progress=1.000000  cache=2
2025-03-01 21:41:09 UpdateTip:            new best=005c603d57fc20111208a5cd90f97dbd4107b52939939a4fd7d516489fb87738  height=86  log2_work=14.442943  tx=176  date=2025-03-01 21:41:08 progress=1.000000  cache=0
2025-03-01 21:41:13 Accepted header for block 00b4c0c170a979bbfb36ab06a36a2d695fb5a6efd8dfab84b53a526f017882be found on alternative chain at height 87
2025-03-01 21:41:13 Tx not accepted in resurrection after block: ae1562419b8adbce2eedc01864e9a4c243b766df4d160016a8e541f6f4925b08
2025-03-01 21:41:13 UpdateTip:            new best=00f03c0e02f52af774b8c4d424f429cd5a37a63de6022f617a735ad60427f05b  height=85  log2_work=14.426265  tx=135  date=2025-03-01 21:40:51 progress=1.000000  cache=2
2025-03-01 21:41:13 UpdateTip:            new best=00fa9f88c582655e089e3157cb0da85288cc2e0b726eb527195df315412b9a49  height=86  log2_work=14.442943  tx=176  date=2025-03-01 21:41:08 progress=1.000000  cache=0
2025-03-01 21:41:13 UpdateTip:            new best=00b4c0c170a979bbfb36ab06a36a2d695fb5a6efd8dfab84b53a526f017882be  height=87  log2_work=14.459432  tx=179  date=2025-03-01 21:41:13 progress=1.000000  cache=0
2025-03-01 21:41:28 UpdateTip:            new best=0021cc6c9e7f07702054dee28440076c7218beae2b94888ed67ab9ddbb2069e5  height=88  log2_work=14.475733  tx=180  date=2025-03-01 21:41:27 progress=1.000000  cache=0
2025-03-01 21:41:40 MultiChainMiner: Block Found - 0021d15118f45cd5a00afef6a936d57ded8cdec1ce3156c69b7685e29659f411, prev: 0021cc6c9e7f07702054dee28440076c7218beae2b94888ed67ab9ddbb2069e5, height: 89, txs: 1
2025-03-01 21:41:40 UpdateTip:            new best=0021d15118f45cd5a00afef6a936d57ded8cdec1ce3156c69b7685e29659f411  height=89  log2_work=14.491853  tx=181  date=2025-03-01 21:41:40 progress=1.000000  cache=0
2025-03-01 21:41:41 Accepted header for block 0047a55910ad685c0ed3fbba884204c6d6dc225df32f49bbbc8d2740085ba0a2 found on alternative chain at height 89
2025-03-01 21:41:41 Tx not accepted in resurrection after block: 3adc632852c2c8da7ecaab81ca2f950b5ba3d1bb451134e1c92e695d1f1104e3
2025-03-01 21:41:41 UpdateTip:            new best=0021cc6c9e7f07702054dee28440076c7218beae2b94888ed67ab9ddbb2069e5  height=88  log2_work=14.475733  tx=180  date=2025-03-01 21:41:27 progress=1.000000  cache=0
2025-03-01 21:41:41 UpdateTip:            new best=0047a55910ad685c0ed3fbba884204c6d6dc225df32f49bbbc8d2740085ba0a2  height=89  log2_work=14.491853  tx=181  date=2025-03-01 21:41:40 progress=1.000000  cache=0
2025-03-01 21:41:45 UpdateTip:            new best=00c8761470186439771e2b680b234168aaef13790bdbadfe0569f20e38ed8fed  height=90  log2_work=14.507795  tx=182  date=2025-03-01 21:41:45 progress=1.000000  cache=0
2025-03-01 21:41:52 UpdateTip:            new best=008b4ed845881cd58e1f55b101a16edeca92e0011b3e2e82d2d79bd4600c20bb  height=91  log2_work=14.523562  tx=183  date=2025-03-01 21:41:51 progress=1.000000  cache=0
2025-03-01 21:42:03 MultiChainMiner: Block Found - 001c6ba4540f77ffe75a49c36afb6c1c05bbc0aa9a7b02fff24bf7834269b720, prev: 008b4ed845881cd58e1f55b101a16edeca92e0011b3e2e82d2d79bd4600c20bb, height: 92, txs: 1
2025-03-01 21:42:03 UpdateTip:            new best=001c6ba4540f77ffe75a49c36afb6c1c05bbc0aa9a7b02fff24bf7834269b720  height=92  log2_work=14.539159  tx=184  date=2025-03-01 21:42:03 progress=1.000000  cache=0
2025-03-01 21:42:04 Accepted header for block 00d14559aacbb6100551cedecbf1336b1cf1b2f6bebd095995b9f61e315b7dc1 found on alternative chain at height 92
2025-03-01 21:42:04 Tx not accepted in resurrection after block: a620a44e1e29a754fd383f938ebcbc27214691df828736b19095722e37907f14
2025-03-01 21:42:04 UpdateTip:            new best=008b4ed845881cd58e1f55b101a16edeca92e0011b3e2e82d2d79bd4600c20bb  height=91  log2_work=14.523562  tx=183  date=2025-03-01 21:41:51 progress=1.000000  cache=0
2025-03-01 21:42:04 UpdateTip:            new best=00d14559aacbb6100551cedecbf1336b1cf1b2f6bebd095995b9f61e315b7dc1  height=92  log2_work=14.539159  tx=184  date=2025-03-01 21:42:03 progress=1.000000  cache=0
2025-03-01 21:42:11 UpdateTip:            new best=00d85b3ccd6a2740dc85d8b278e35be3cbc4d68aa0898473bd378e1a22e8959a  height=93  log2_work=14.554589  tx=185  date=2025-03-01 21:42:10 progress=1.000000  cache=0
2025-03-01 21:42:20 MultiChainMiner: Block Found - 00f526cb596b5ecebd960ac4e5e1a4b894f1c5fbc82a30a880d6d5214b5e13bc, prev: 00d85b3ccd6a2740dc85d8b278e35be3cbc4d68aa0898473bd378e1a22e8959a, height: 94, txs: 1
2025-03-01 21:42:20 UpdateTip:            new best=00f526cb596b5ecebd960ac4e5e1a4b894f1c5fbc82a30a880d6d5214b5e13bc  height=94  log2_work=14.569856  tx=186  date=2025-03-01 21:42:20 progress=1.000000  cache=0
2025-03-01 21:42:26 UpdateTip:            new best=00bc8775698f3faf5f235bef659bcea6e7db23e7c423cddf546a011a74aca978  height=95  log2_work=14.584963  tx=187  date=2025-03-01 21:42:25 progress=1.000000  cache=0
2025-03-01 21:42:50 UpdateTip:            new best=0046ca04aa429b6a7cf8f57c60c0636ae0ac1a7fcbb4ba61624cd0b0f6a000ad  height=96  log2_work=14.599913  tx=188  date=2025-03-01 21:42:50 progress=1.000000  cache=0
2025-03-01 21:43:12 UpdateTip:            new best=00f255013a94a0f283cc9b16b88d8950271a217642f5e7a985595a6a632abbe2  height=97  log2_work=14.61471  tx=189  date=2025-03-01 21:43:12 progress=1.000000  cache=0
2025-03-01 21:43:34 MultiChainMiner: Block Found - 00c36d9cb36c915432b80105190f1b32a6d213f7fd301ac3af8424ab66a561f9, prev: 00f255013a94a0f283cc9b16b88d8950271a217642f5e7a985595a6a632abbe2, height: 98, txs: 1
2025-03-01 21:43:34 UpdateTip:            new best=00c36d9cb36c915432b80105190f1b32a6d213f7fd301ac3af8424ab66a561f9  height=98  log2_work=14.629357  tx=190  date=2025-03-01 21:43:34 progress=1.000000  cache=0
2025-03-01 21:43:34 Accepted header for block 00ead2b29f44bbfbddcec674430a9cfdd7a7dfe140164f650233d4fb0403afbd found on alternative chain at height 98
2025-03-01 21:43:34 Tx not accepted in resurrection after block: 18ef9dbeef9166f1521c881c22b06dbf0214f49c1990b6a3b1e2056ca473f935
2025-03-01 21:43:34 UpdateTip:            new best=00f255013a94a0f283cc9b16b88d8950271a217642f5e7a985595a6a632abbe2  height=97  log2_work=14.61471  tx=189  date=2025-03-01 21:43:12 progress=1.000000  cache=0
2025-03-01 21:43:35 UpdateTip:            new best=00ead2b29f44bbfbddcec674430a9cfdd7a7dfe140164f650233d4fb0403afbd  height=98  log2_work=14.629357  tx=190  date=2025-03-01 21:43:34 progress=1.000000  cache=0
2025-03-01 21:43:52 Accepted header for block 003e5a12c404485ba4c06a6334787129768a8402788d0e3e1d54fe17f0700dae found on alternative chain at height 99
2025-03-01 21:43:52 Tx not accepted in resurrection after block: 388c105e4859051654d3561e21fa0ff8637394f3cb74317af9eab61d2f205674
2025-03-01 21:43:52 UpdateTip:            new best=00f255013a94a0f283cc9b16b88d8950271a217642f5e7a985595a6a632abbe2  height=97  log2_work=14.61471  tx=189  date=2025-03-01 21:43:12 progress=1.000000  cache=0
2025-03-01 21:43:52 UpdateTip:            new best=00c36d9cb36c915432b80105190f1b32a6d213f7fd301ac3af8424ab66a561f9  height=98  log2_work=14.629357  tx=190  date=2025-03-01 21:43:34 progress=1.000000  cache=0
2025-03-01 21:43:52 UpdateTip:            new best=003e5a12c404485ba4c06a6334787129768a8402788d0e3e1d54fe17f0700dae  height=99  log2_work=14.643856  tx=191  date=2025-03-01 21:43:51 progress=1.000000  cache=0
2025-03-01 21:44:12 MultiChainMiner: Block Found - 005c98ba09d1e6318178d349d90b2fe4fa37b2b7346ec0ed64cc5ee82804a90c, prev: 003e5a12c404485ba4c06a6334787129768a8402788d0e3e1d54fe17f0700dae, height: 100, txs: 1
2025-03-01 21:44:12 UpdateTip:            new best=005c98ba09d1e6318178d349d90b2fe4fa37b2b7346ec0ed64cc5ee82804a90c  height=100  log2_work=14.658211  tx=192  date=2025-03-01 21:44:12 progress=1.000000  cache=0
2025-03-01 21:44:17 UpdateTip:            new best=00acbfa8cd1142618d60a46062e96a63a003ba31c8cf8e5c98260ab20631cf31  height=101  log2_work=14.672425  tx=193  date=2025-03-01 21:44:17 progress=1.000000  cache=0
2025-03-01 21:44:30 MultiChainMiner: Block Found - 00f03e5d2c2073602d707774734933b721efbc7f805dbbbbb77ba3aad7027b54, prev: 00acbfa8cd1142618d60a46062e96a63a003ba31c8cf8e5c98260ab20631cf31, height: 102, txs: 1
2025-03-01 21:44:30 UpdateTip:            new best=00f03e5d2c2073602d707774734933b721efbc7f805dbbbbb77ba3aad7027b54  height=102  log2_work=14.686501  tx=194  date=2025-03-01 21:44:30 progress=1.000000  cache=0
2025-03-01 21:44:42 UpdateTip:            new best=00c37d73eea28f8de34c74cd97838e96ad8637e08d64c83973fa152293f240fc  height=103  log2_work=14.70044  tx=195  date=2025-03-01 21:44:41 progress=1.000000  cache=0
2025-03-01 21:44:58 UpdateTip:            new best=00bbe55380c78a4eca625d103ac1aec9826814384629fd9bee69d6fde32b9470  height=104  log2_work=14.714246  tx=196  date=2025-03-01 21:44:57 progress=1.000000  cache=0
2025-03-01 21:45:10 MultiChainMiner: Block Found - 0056245a25f4ad1979b3a476825fdbca241a460e9692e332fa609189aeea243b, prev: 00bbe55380c78a4eca625d103ac1aec9826814384629fd9bee69d6fde32b9470, height: 105, txs: 1
2025-03-01 21:45:10 UpdateTip:            new best=0056245a25f4ad1979b3a476825fdbca241a460e9692e332fa609189aeea243b  height=105  log2_work=14.72792  tx=197  date=2025-03-01 21:45:10 progress=1.000000  cache=0
2025-03-01 21:45:28 UpdateTip:            new best=00e02602d3068a8ffc1e9567ab6ae6680e6951890155dcde9eb608e514d70b12  height=106  log2_work=14.741467  tx=198  date=2025-03-01 21:45:28 progress=1.000000  cache=0
2025-03-01 21:45:45 UpdateTip:            new best=007066f0905e8d13732f14d22dd2638334a7b3f5cdd905c3a74faf683660e300  height=107  log2_work=14.754888  tx=199  date=2025-03-01 21:45:45 progress=1.000000  cache=0
