2025-03-08 01:39:39.164	Initialized. Chunks: 0
2025-03-08 01:39:39.242	Entity (00000105, 00000000caedade911802fb2770a3f2d4687f8d1) added successfully
2025-03-08 01:39:39.263	NewBlock 0, Chunks: 0,
2025-03-08 01:39:39.925	NewBlock 1, Chunks: 0,
2025-03-08 01:39:39.955	NewBlock 2, Chunks: 0,
2025-03-08 01:39:39.986	NewBlock 3, Chunks: 0,
2025-03-08 01:39:40.018	NewBlock 4, Chunks: 0,
2025-03-08 01:39:40.049	NewBlock 5, Chunks: 0,
2025-03-08 01:39:40.080	NewBlock 6, Chunks: 0,
2025-03-08 01:39:40.110	NewBlock 7, Chunks: 0,
2025-03-08 01:39:40.144	NewBlock 8, Chunks: 0,
2025-03-08 01:39:40.174	NewBlock 9, Chunks: 0,
2025-03-08 01:39:42.918	NewBlock 10, Chunks: 0,
2025-03-08 01:40:03.798	NewBlock 11, Chunks: 0,
2025-03-08 01:40:21.575	NewBlock 12, Chunks: 0,
2025-03-08 01:40:39.057	NewBlock 13, Chunks: 0,
2025-03-08 01:40:50.403	NewBlock 14, Chunks: 0,
2025-03-08 01:41:07.852	NewBlock 15, Chunks: 0,
2025-03-08 01:41:25.626	NewBlock 16, Chunks: 0,
2025-03-08 01:41:25.679	NewBlock 17, Chunks: 0,
2025-03-08 01:41:44.394	NewBlock 18, Chunks: 0,
2025-03-08 01:42:03.268	NewBlock 19, Chunks: 0,
2025-03-08 01:42:19.326	NewBlock 20, Chunks: 0,
2025-03-08 01:42:31.595	NewBlock 21, Chunks: 0,
2025-03-08 01:42:46.861	NewBlock 22, Chunks: 0,
2025-03-08 01:43:00.221	NewBlock 23, Chunks: 0,
2025-03-08 01:43:22.310	NewBlock 24, Chunks: 0,
2025-03-08 01:43:38.672	NewBlock 25, Chunks: 0,
2025-03-08 01:43:46.565	NewBlock 26, Chunks: 0,
2025-03-08 01:43:59.739	NewBlock 27, Chunks: 0,
2025-03-08 01:44:23.107	NewBlock 28, Chunks: 0,
2025-03-08 01:44:29.356	NewBlock 29, Chunks: 0,
2025-03-08 01:44:47.126	NewBlock 30, Chunks: 0,
2025-03-08 01:45:04.569	NewBlock 31, Chunks: 0,
2025-03-08 01:45:17.985	NewBlock 32, Chunks: 0,
2025-03-08 01:45:35.643	NewBlock 33, Chunks: 0,
2025-03-08 01:45:44.520	NewBlock 34, Chunks: 0,
2025-03-08 01:46:03.218	NewBlock 35, Chunks: 0,
2025-03-08 01:46:17.379	NewBlock 36, Chunks: 0,
2025-03-08 01:46:29.716	NewBlock 37, Chunks: 0,
2025-03-08 01:46:49.374	NewBlock 38, Chunks: 0,
2025-03-08 01:47:00.431	NewBlock 39, Chunks: 0,
2025-03-08 01:47:19.279	NewBlock 40, Chunks: 0,
2025-03-08 01:47:33.438	NewBlock 41, Chunks: 0,
2025-03-08 01:47:44.498	NewBlock 42, Chunks: 0,
2025-03-08 01:48:05.368	NewBlock 43, Chunks: 0,
2025-03-08 01:48:17.651	NewBlock 44, Chunks: 0,
2025-03-08 01:48:30.913	NewBlock 45, Chunks: 0,
2025-03-08 01:48:43.064	NewBlock 46, Chunks: 0,
2025-03-08 01:48:59.515	NewBlock 47, Chunks: 0,
2025-03-08 01:49:16.142	NewBlock 48, Chunks: 0,
2025-03-08 01:49:29.301	NewBlock 49, Chunks: 0,
2025-03-08 01:49:44.785	NewBlock 50, Chunks: 0,
2025-03-08 01:49:59.885	NewBlock 51, Chunks: 0,
2025-03-08 01:50:20.034	NewBlock 52, Chunks: 0,
2025-03-08 01:50:27.511	NewBlock 52, Chunks: 0,
2025-03-08 01:50:27.548	NewBlock 53, Chunks: 0,
2025-03-08 01:50:54.252	NewBlock 54, Chunks: 0,
2025-03-08 01:50:58.723	NewBlock 55, Chunks: 0,
2025-03-08 01:51:14.185	NewBlock 56, Chunks: 0,
2025-03-08 01:51:27.009	NewBlock 57, Chunks: 0,
2025-03-08 01:51:43.476	NewBlock 58, Chunks: 0,
2025-03-08 01:52:00.238	NewBlock 59, Chunks: 0,
2025-03-08 03:07:53.666	NewBlock 60, Chunks: 0,
2025-03-08 03:07:58.818	NewBlock 61, Chunks: 0,
2025-03-08 03:08:05.476	NewBlock 62, Chunks: 0,
2025-03-08 03:08:11.918	NewBlock 63, Chunks: 0,
2025-03-08 03:08:15.460	NewBlock 64, Chunks: 0,
2025-03-08 03:08:26.514	NewBlock 65, Chunks: 0,
2025-03-08 03:08:39.779	NewBlock 66, Chunks: 0,
2025-03-08 03:08:55.140	NewBlock 67, Chunks: 0,
2025-03-08 03:08:59.187	NewBlock 68, Chunks: 0,
2025-03-08 03:09:07.051	NewBlock 69, Chunks: 0,
2025-03-08 03:09:11.396	NewBlock 70, Chunks: 0,
2025-03-08 03:11:02.617	NewBlock 71, Chunks: 0,
2025-03-08 03:11:06.262	NewBlock 72, Chunks: 0,
2025-03-08 03:11:12.416	NewBlock 73, Chunks: 0,
2025-03-08 03:11:19.364	NewBlock 74, Chunks: 0,
2025-03-08 03:11:30.316	NewBlock 75, Chunks: 0,
2025-03-08 03:11:37.901	NewBlock 76, Chunks: 0,
2025-03-08 03:11:44.686	NewBlock 77, Chunks: 0,
2025-03-08 03:12:00.172	NewBlock 78, Chunks: 0,
2025-03-08 03:12:13.344	NewBlock 79, Chunks: 0,
2025-03-08 03:12:32.965	NewBlock 80, Chunks: 0,
2025-03-08 03:12:54.252	NewBlock 81, Chunks: 0,
2025-03-08 03:13:11.529	NewBlock 82, Chunks: 0,
2025-03-08 03:13:25.883	NewBlock 83, Chunks: 0,
2025-03-08 03:13:42.460	NewBlock 84, Chunks: 0,
2025-03-08 03:13:54.622	NewBlock 85, Chunks: 0,
2025-03-08 03:14:11.319	NewBlock 86, Chunks: 0,
2025-03-08 03:14:26.607	NewBlock 87, Chunks: 0,
2025-03-08 03:14:35.492	NewBlock 88, Chunks: 0,
2025-03-08 03:14:56.454	NewBlock 89, Chunks: 0,
2025-03-08 03:15:10.961	NewBlock 90, Chunks: 0,
2025-03-08 03:15:33.036	NewBlock 91, Chunks: 0,
2025-03-08 03:15:40.019	NewBlock 92, Chunks: 0,
2025-03-08 03:15:53.193	NewBlock 93, Chunks: 0,
2025-03-08 03:16:07.013	NewBlock 94, Chunks: 0,
2025-03-08 03:16:21.424	NewBlock 95, Chunks: 0,
2025-03-08 03:16:39.090	NewBlock 96, Chunks: 0,
2025-03-08 03:16:54.875	NewBlock 97, Chunks: 0,
2025-03-08 03:17:11.052	NewBlock 98, Chunks: 0,
2025-03-08 03:17:26.997	NewBlock 98, Chunks: 0,
2025-03-08 03:17:27.019	NewBlock 99, Chunks: 0,
2025-03-08 03:17:40.272	NewBlock 100, Chunks: 0,
2025-03-08 03:17:54.547	NewBlock 101, Chunks: 0,
2025-03-08 03:18:13.833	NewBlock 102, Chunks: 0,
2025-03-08 03:18:26.570	NewBlock 102, Chunks: 0,
2025-03-08 03:18:26.601	NewBlock 103, Chunks: 0,
2025-03-08 03:18:38.561	NewBlock 104, Chunks: 0,
2025-03-08 03:18:53.487	NewBlock 105, Chunks: 0,
2025-03-08 03:19:11.765	NewBlock 106, Chunks: 0,
2025-03-08 03:19:23.826	NewBlock 107, Chunks: 0,
2025-03-08 03:19:40.393	NewBlock 108, Chunks: 0,
2025-03-08 03:19:52.577	NewBlock 109, Chunks: 0,
2025-03-08 03:20:13.444	NewBlock 110, Chunks: 0,
2025-03-08 03:20:23.212	NewBlock 111, Chunks: 0,
2025-03-08 03:20:37.680	NewBlock 112, Chunks: 0,
2025-03-08 03:20:55.447	NewBlock 113, Chunks: 0,
2025-03-08 03:21:10.513	NewBlock 114, Chunks: 0,
2025-03-08 03:21:28.393	NewBlock 115, Chunks: 0,
2025-03-08 03:21:40.799	NewBlock 116, Chunks: 0,
2025-03-08 03:21:41.652	NewBlock 117, Chunks: 0,
2025-03-08 03:22:04.043	NewBlock 118, Chunks: 0,
2025-03-08 03:22:20.264	NewBlock 119, Chunks: 0,
2025-03-08 03:22:34.429	NewBlock 120, Chunks: 0,
2025-03-08 03:22:59.917	NewBlock 121, Chunks: 0,
2025-03-08 03:23:09.016	NewBlock 122, Chunks: 0,
2025-03-08 03:23:25.231	NewBlock 123, Chunks: 0,
2025-03-08 03:23:36.387	NewBlock 124, Chunks: 0,
2025-03-08 03:23:50.641	NewBlock 125, Chunks: 0,
2025-03-08 03:24:11.522	NewBlock 126, Chunks: 0,
2025-03-08 03:24:23.871	NewBlock 127, Chunks: 0,
2025-03-08 03:24:35.937	NewBlock 128, Chunks: 0,
2025-03-08 03:24:51.417	NewBlock 129, Chunks: 0,
2025-03-08 03:25:06.530	NewBlock 130, Chunks: 0,
2025-03-08 03:25:14.582	NewBlock 131, Chunks: 0,
2025-03-08 03:25:33.339	NewBlock 132, Chunks: 0,
2025-03-08 03:25:51.005	NewBlock 133, Chunks: 0,
2025-03-08 03:26:09.578	NewBlock 134, Chunks: 0,
2025-03-08 03:26:22.851	NewBlock 135, Chunks: 0,
2025-03-08 03:26:33.511	NewBlock 136, Chunks: 0,
2025-03-08 03:26:49.373	NewBlock 137, Chunks: 0,
2025-03-08 03:27:05.459	NewBlock 138, Chunks: 0,
2025-03-08 03:27:23.067	NewBlock 139, Chunks: 0,
2025-03-08 03:27:36.724	NewBlock 140, Chunks: 0,
2025-03-08 03:27:56.584	NewBlock 141, Chunks: 0,
2025-03-08 03:28:10.942	NewBlock 142, Chunks: 0,
2025-03-08 03:39:51.092	NewBlock 143, Chunks: 0,
2025-03-08 03:39:57.559	NewBlock 144, Chunks: 0,
2025-03-08 03:40:03.020	NewBlock 145, Chunks: 0,
2025-03-08 03:40:06.469	NewBlock 146, Chunks: 0,
2025-03-08 03:40:11.786	NewBlock 147, Chunks: 0,
2025-03-08 03:40:16.243	NewBlock 148, Chunks: 0,
2025-03-08 03:40:24.247	NewBlock 149, Chunks: 0,
2025-03-08 03:40:32.797	NewBlock 150, Chunks: 0,
2025-03-08 03:40:40.547	NewBlock 151, Chunks: 0,
2025-03-08 03:40:46.120	NewBlock 152, Chunks: 0,
2025-03-08 03:40:52.768	NewBlock 153, Chunks: 0,
2025-03-08 03:47:34.520	NewBlock 154, Chunks: 0,
2025-03-08 03:47:38.890	NewBlock 155, Chunks: 0,
2025-03-08 03:47:44.455	NewBlock 156, Chunks: 0,
2025-03-08 03:48:00.962	NewBlock 157, Chunks: 0,
2025-03-08 03:48:09.829	NewBlock 158, Chunks: 0,
2025-03-08 03:48:16.507	NewBlock 159, Chunks: 0,
2025-03-08 03:48:19.710	NewBlock 160, Chunks: 0,
2025-03-08 03:48:29.781	NewBlock 161, Chunks: 0,
2025-03-08 03:48:45.251	NewBlock 162, Chunks: 0,
2025-03-08 03:48:54.032	NewBlock 163, Chunks: 0,
2025-03-08 03:48:58.571	NewBlock 164, Chunks: 0,
2025-03-08 03:51:20.823	NewBlock 165, Chunks: 0,
2025-03-08 03:51:34.793	NewBlock 166, Chunks: 0,
2025-03-08 03:51:42.750	NewBlock 167, Chunks: 0,
2025-03-08 03:51:54.427	NewBlock 168, Chunks: 0,
2025-03-08 03:52:04.582	NewBlock 169, Chunks: 0,
2025-03-08 03:52:10.907	NewBlock 170, Chunks: 0,
2025-03-08 03:52:20.883	NewBlock 171, Chunks: 0,
2025-03-08 03:52:31.984	NewBlock 172, Chunks: 0,
2025-03-08 03:52:40.833	NewBlock 173, Chunks: 0,
2025-03-08 03:52:49.684	NewBlock 174, Chunks: 0,
2025-03-08 03:53:13.948	NewBlock 175, Chunks: 0,
2025-03-08 03:53:30.895	NewBlock 174, Chunks: 0,
2025-03-08 03:53:30.914	NewBlock 175, Chunks: 0,
2025-03-08 03:53:30.933	NewBlock 176, Chunks: 0,
2025-03-08 03:56:46.405	NewBlock 177, Chunks: 0,
2025-03-08 03:56:51.962	NewBlock 178, Chunks: 0,
2025-03-08 03:56:57.664	NewBlock 179, Chunks: 0,
2025-03-08 03:57:07.426	NewBlock 180, Chunks: 0,
2025-03-08 03:57:13.044	NewBlock 181, Chunks: 0,
2025-03-08 03:57:18.626	NewBlock 182, Chunks: 0,
2025-03-08 03:57:25.283	NewBlock 183, Chunks: 0,
2025-03-08 03:57:31.943	NewBlock 184, Chunks: 0,
2025-03-08 03:57:40.506	NewBlock 185, Chunks: 0,
2025-03-08 03:57:55.866	NewBlock 186, Chunks: 0,
2025-03-08 03:58:14.972	NewBlock 186, Chunks: 0,
2025-03-08 03:58:14.991	NewBlock 187, Chunks: 0,
2025-03-08 04:01:31.907	NewBlock 188, Chunks: 0,
2025-03-08 04:01:36.351	NewBlock 189, Chunks: 0,
2025-03-08 04:01:40.650	NewBlock 190, Chunks: 0,
2025-03-08 04:01:47.458	NewBlock 191, Chunks: 0,
2025-03-08 04:01:56.319	NewBlock 192, Chunks: 0,
2025-03-08 04:02:06.264	NewBlock 193, Chunks: 0,
2025-03-08 04:02:10.533	NewBlock 194, Chunks: 0,
2025-03-08 04:02:21.382	NewBlock 195, Chunks: 0,
2025-03-08 04:02:29.468	NewBlock 196, Chunks: 0,
2025-03-08 04:02:36.984	NewBlock 196, Chunks: 0,
2025-03-08 04:02:37.008	NewBlock 197, Chunks: 0,
2025-03-08 04:02:58.996	NewBlock 198, Chunks: 0,
2025-03-08 04:03:17.937	NewBlock 199, Chunks: 0,
2025-03-08 04:03:36.605	NewBlock 200, Chunks: 0,
2025-03-08 04:03:57.596	NewBlock 201, Chunks: 0,
2025-03-08 04:04:11.972	NewBlock 202, Chunks: 0,
2025-03-08 04:04:24.757	NewBlock 202, Chunks: 0,
2025-03-08 04:04:24.792	NewBlock 203, Chunks: 0,
2025-03-08 04:04:37.956	NewBlock 204, Chunks: 0,
2025-03-08 04:04:47.315	NewBlock 205, Chunks: 0,
2025-03-08 04:05:07.548	NewBlock 206, Chunks: 0,
2025-03-08 04:05:19.266	NewBlock 207, Chunks: 0,
2025-03-08 04:05:36.917	NewBlock 208, Chunks: 0,
2025-03-08 04:05:50.451	NewBlock 209, Chunks: 0,
2025-03-08 04:06:07.794	NewBlock 210, Chunks: 0,
2025-03-08 04:06:27.645	NewBlock 211, Chunks: 0,
2025-03-08 04:06:39.008	NewBlock 212, Chunks: 0,
2025-03-08 04:06:56.493	NewBlock 213, Chunks: 0,
2025-03-08 04:17:27.921	NewBlock 214, Chunks: 0,
2025-03-08 04:17:32.387	NewBlock 215, Chunks: 0,
2025-03-08 04:17:39.392	NewBlock 216, Chunks: 0,
2025-03-08 04:17:43.492	NewBlock 217, Chunks: 0,
2025-03-08 04:17:49.038	NewBlock 218, Chunks: 0,
2025-03-08 04:17:56.790	NewBlock 219, Chunks: 0,
2025-03-08 04:18:04.543	NewBlock 220, Chunks: 0,
2025-03-08 04:18:12.410	NewBlock 220, Chunks: 0,
2025-03-08 04:18:12.430	NewBlock 221, Chunks: 0,
2025-03-08 04:18:15.774	NewBlock 222, Chunks: 0,
2025-03-08 04:18:20.222	NewBlock 223, Chunks: 0,
2025-03-08 04:18:33.201	NewBlock 224, Chunks: 0,
2025-03-08 04:25:52.841	NewBlock 225, Chunks: 0,
2025-03-08 04:26:04.796	NewBlock 226, Chunks: 0,
2025-03-08 04:26:13.233	NewBlock 227, Chunks: 0,
2025-03-08 04:26:24.825	NewBlock 227, Chunks: 0,
2025-03-08 04:26:24.875	NewBlock 228, Chunks: 0,
2025-03-08 04:26:28.713	NewBlock 229, Chunks: 0,
2025-03-08 04:26:45.747	NewBlock 230, Chunks: 0,
2025-03-08 04:26:49.661	NewBlock 231, Chunks: 0,
2025-03-08 04:26:55.801	NewBlock 232, Chunks: 0,
2025-03-08 04:27:01.957	NewBlock 233, Chunks: 0,
2025-03-08 04:27:12.314	NewBlock 234, Chunks: 0,
2025-03-08 04:27:19.064	NewBlock 235, Chunks: 0,
2025-03-08 04:36:04.605	NewBlock 236, Chunks: 0,
2025-03-08 04:36:09.485	NewBlock 237, Chunks: 0,
2025-03-08 04:36:19.357	NewBlock 238, Chunks: 0,
2025-03-08 04:36:27.406	NewBlock 239, Chunks: 0,
2025-03-08 04:36:34.846	NewBlock 240, Chunks: 0,
2025-03-08 04:36:39.425	NewBlock 241, Chunks: 0,
2025-03-08 04:36:44.975	NewBlock 242, Chunks: 0,
2025-03-08 04:36:55.121	NewBlock 243, Chunks: 0,
2025-03-08 04:37:01.770	NewBlock 244, Chunks: 0,
2025-03-08 04:37:07.102	NewBlock 245, Chunks: 0,
2025-03-08 04:37:20.445	NewBlock 246, Chunks: 0,
2025-03-08 05:16:25.677	NewBlock 247, Chunks: 0,
2025-03-08 05:16:36.668	NewBlock 247, Chunks: 0,
2025-03-08 05:16:36.686	NewBlock 248, Chunks: 0,
2025-03-08 05:16:46.841	NewBlock 249, Chunks: 0,
2025-03-08 05:16:58.578	NewBlock 250, Chunks: 0,
2025-03-08 05:17:03.299	NewBlock 251, Chunks: 0,
2025-03-08 05:17:08.745	NewBlock 252, Chunks: 0,
2025-03-08 05:17:26.219	NewBlock 253, Chunks: 0,
2025-03-08 05:17:32.904	NewBlock 254, Chunks: 0,
2025-03-08 05:17:38.661	NewBlock 255, Chunks: 0,
2025-03-08 05:17:51.656	NewBlock 256, Chunks: 0,
2025-03-08 05:17:56.227	NewBlock 257, Chunks: 0,
2025-03-08 05:23:54.606	NewBlock 258, Chunks: 0,
2025-03-08 05:24:01.455	NewBlock 259, Chunks: 0,
2025-03-08 05:24:05.558	NewBlock 260, Chunks: 0,
2025-03-08 05:24:16.511	NewBlock 261, Chunks: 0,
2025-03-08 05:24:22.073	NewBlock 262, Chunks: 0,
2025-03-08 05:24:27.526	NewBlock 263, Chunks: 0,
2025-03-08 05:24:30.972	NewBlock 264, Chunks: 0,
2025-03-08 05:24:42.522	NewBlock 265, Chunks: 0,
2025-03-08 05:24:47.470	NewBlock 266, Chunks: 0,
2025-03-08 05:24:53.118	NewBlock 267, Chunks: 0,
2025-03-08 05:25:01.272	NewBlock 268, Chunks: 0,
2025-03-08 05:40:14.993	NewBlock 269, Chunks: 0,
2025-03-08 05:40:20.361	NewBlock 270, Chunks: 0,
2025-03-08 05:40:28.508	NewBlock 271, Chunks: 0,
2025-03-08 05:40:33.044	NewBlock 272, Chunks: 0,
2025-03-08 05:40:46.899	NewBlock 273, Chunks: 0,
2025-03-08 05:40:53.887	NewBlock 274, Chunks: 0,
2025-03-08 05:41:02.676	NewBlock 275, Chunks: 0,
2025-03-08 05:41:10.216	NewBlock 276, Chunks: 0,
2025-03-08 05:41:17.861	NewBlock 277, Chunks: 0,
2025-03-08 05:41:21.294	NewBlock 278, Chunks: 0,
2025-03-08 05:41:28.944	NewBlock 279, Chunks: 0,
2025-03-08 05:44:38.206	NewBlock 280, Chunks: 0,
2025-03-08 05:44:50.458	NewBlock 281, Chunks: 0,
2025-03-08 05:44:58.308	NewBlock 282, Chunks: 0,
2025-03-08 05:45:10.451	NewBlock 283, Chunks: 0,
2025-03-08 05:45:20.408	NewBlock 284, Chunks: 0,
2025-03-08 05:45:28.095	NewBlock 285, Chunks: 0,
2025-03-08 05:45:39.196	NewBlock 286, Chunks: 0,
2025-03-08 05:45:52.371	NewBlock 287, Chunks: 0,
2025-03-08 05:46:02.366	NewBlock 288, Chunks: 0,
2025-03-08 05:46:10.161	NewBlock 289, Chunks: 0,
2025-03-08 05:46:23.356	NewBlock 290, Chunks: 0,
2025-03-08 05:50:04.660	NewBlock 291, Chunks: 0,
2025-03-08 05:50:16.708	NewBlock 292, Chunks: 0,
2025-03-08 05:50:24.677	NewBlock 292, Chunks: 0,
2025-03-08 05:50:24.701	NewBlock 293, Chunks: 0,
2025-03-08 05:50:41.270	NewBlock 294, Chunks: 0,
2025-03-08 05:50:53.545	NewBlock 295, Chunks: 0,
2025-03-08 05:50:59.420	NewBlock 296, Chunks: 0,
2025-03-08 05:51:06.769	NewBlock 297, Chunks: 0,
2025-03-08 05:51:10.113	NewBlock 298, Chunks: 0,
2025-03-08 05:51:18.881	NewBlock 299, Chunks: 0,
2025-03-08 05:51:26.155	NewBlock 300, Chunks: 0,
2025-03-08 05:51:42.279	NewBlock 300, Chunks: 0,
2025-03-08 05:51:42.302	NewBlock 301, Chunks: 0,
2025-03-08 05:52:27.407	NewBlock 302, Chunks: 0,
2025-03-08 05:52:40.664	NewBlock 303, Chunks: 0,
2025-03-08 05:52:53.923	NewBlock 304, Chunks: 0,
2025-03-08 05:53:07.419	NewBlock 305, Chunks: 0,
2025-03-08 05:53:15.993	NewBlock 306, Chunks: 0,
2025-03-08 05:53:37.186	NewBlock 307, Chunks: 0,
2025-03-08 05:53:47.683	NewBlock 308, Chunks: 0,
2025-03-08 05:53:57.638	NewBlock 309, Chunks: 0,
2025-03-08 05:54:18.611	NewBlock 310, Chunks: 0,
2025-03-08 05:54:27.845	NewBlock 311, Chunks: 0,
2025-03-08 05:54:46.409	NewBlock 312, Chunks: 0,
2025-03-08 06:51:34.105	NewBlock 313, Chunks: 0,
2025-03-08 06:51:49.618	NewBlock 314, Chunks: 0,
2025-03-08 06:51:54.082	NewBlock 315, Chunks: 0,
2025-03-08 06:52:02.937	NewBlock 316, Chunks: 0,
2025-03-08 06:52:06.907	NewBlock 317, Chunks: 0,
2025-03-08 06:52:13.565	NewBlock 318, Chunks: 0,
2025-03-08 06:52:16.195	NewBlock 319, Chunks: 0,
2025-03-08 06:52:29.219	NewBlock 320, Chunks: 0,
2025-03-08 06:52:32.735	NewBlock 321, Chunks: 0,
2025-03-08 06:52:39.378	NewBlock 322, Chunks: 0,
2025-03-08 06:52:44.589	NewBlock 323, Chunks: 0,
2025-03-08 07:02:51.158	NewBlock 324, Chunks: 0,
2025-03-08 07:03:01.007	NewBlock 325, Chunks: 0,
2025-03-08 07:03:10.019	NewBlock 326, Chunks: 0,
2025-03-08 07:03:15.289	NewBlock 327, Chunks: 0,
2025-03-08 07:03:29.865	NewBlock 328, Chunks: 0,
2025-03-08 07:03:33.218	NewBlock 329, Chunks: 0,
2025-03-08 07:03:40.689	NewBlock 330, Chunks: 0,
2025-03-08 07:03:46.499	NewBlock 331, Chunks: 0,
2025-03-08 07:03:52.762	NewBlock 332, Chunks: 0,
2025-03-08 07:04:04.152	NewBlock 333, Chunks: 0,
2025-03-08 07:04:15.207	NewBlock 334, Chunks: 0,
2025-03-08 07:06:21.577	NewBlock 335, Chunks: 0,
2025-03-08 07:06:26.932	NewBlock 336, Chunks: 0,
2025-03-08 07:06:30.653	NewBlock 337, Chunks: 0,
2025-03-08 07:06:41.517	NewBlock 338, Chunks: 0,
2025-03-08 07:06:54.590	NewBlock 339, Chunks: 0,
2025-03-08 07:07:02.459	NewBlock 340, Chunks: 0,
2025-03-08 07:07:09.021	NewBlock 341, Chunks: 0,
2025-03-08 07:07:16.666	NewBlock 342, Chunks: 0,
2025-03-08 07:07:36.433	NewBlock 343, Chunks: 0,
2025-03-08 07:07:46.386	NewBlock 344, Chunks: 0,
2025-03-08 07:08:07.557	NewBlock 345, Chunks: 0,
2025-03-08 07:13:57.471	NewBlock 346, Chunks: 0,
2025-03-08 07:14:07.426	NewBlock 347, Chunks: 0,
2025-03-08 07:14:14.069	NewBlock 348, Chunks: 0,
2025-03-08 07:14:21.821	NewBlock 349, Chunks: 0,
2025-03-08 07:14:27.138	NewBlock 350, Chunks: 0,
2025-03-08 07:14:36.191	NewBlock 351, Chunks: 0,
2025-03-08 07:14:39.471	NewBlock 352, Chunks: 0,
2025-03-08 07:14:45.943	NewBlock 353, Chunks: 0,
2025-03-08 07:14:56.103	NewBlock 354, Chunks: 0,
2025-03-08 07:15:09.230	NewBlock 355, Chunks: 0,
2025-03-08 07:15:12.655	NewBlock 356, Chunks: 0,
2025-03-08 07:20:25.257	NewBlock 357, Chunks: 0,
2025-03-08 07:20:38.518	NewBlock 358, Chunks: 0,
2025-03-08 07:20:45.159	NewBlock 359, Chunks: 0,
2025-03-08 07:20:48.519	NewBlock 360, Chunks: 0,
2025-03-08 07:20:52.996	NewBlock 361, Chunks: 0,
2025-03-08 07:20:59.642	NewBlock 362, Chunks: 0,
2025-03-08 07:21:09.097	NewBlock 363, Chunks: 0,
2025-03-08 07:21:20.051	NewBlock 364, Chunks: 0,
2025-03-08 07:21:24.600	NewBlock 365, Chunks: 0,
2025-03-08 07:21:28.946	NewBlock 366, Chunks: 0,
2025-03-08 07:21:35.499	NewBlock 367, Chunks: 0,
2025-03-08 07:25:18.797	NewBlock 368, Chunks: 0,
2025-03-08 07:25:28.856	NewBlock 369, Chunks: 0,
2025-03-08 07:25:33.303	NewBlock 370, Chunks: 0,
2025-03-08 07:25:38.744	NewBlock 371, Chunks: 0,
2025-03-08 07:25:43.199	NewBlock 372, Chunks: 0,
2025-03-08 07:25:47.643	NewBlock 373, Chunks: 0,
2025-03-08 07:25:54.301	NewBlock 373, Chunks: 0,
2025-03-08 07:25:54.320	NewBlock 374, Chunks: 0,
2025-03-08 07:26:03.174	NewBlock 375, Chunks: 0,
2025-03-08 07:26:10.015	NewBlock 376, Chunks: 0,
2025-03-08 07:26:24.370	NewBlock 377, Chunks: 0,
2025-03-08 07:26:49.771	NewBlock 378, Chunks: 0,
2025-03-08 07:37:08.321	NewBlock 379, Chunks: 0,
2025-03-08 07:37:12.371	NewBlock 380, Chunks: 0,
2025-03-08 07:37:24.535	NewBlock 381, Chunks: 0,
2025-03-08 07:37:27.884	NewBlock 382, Chunks: 0,
2025-03-08 07:37:32.325	NewBlock 383, Chunks: 0,
2025-03-08 07:37:43.444	NewBlock 384, Chunks: 0,
2025-03-08 07:37:51.181	NewBlock 385, Chunks: 0,
2025-03-08 07:37:56.624	NewBlock 386, Chunks: 0,
2025-03-08 07:37:59.989	NewBlock 387, Chunks: 0,
2025-03-08 07:38:09.794	NewBlock 388, Chunks: 0,
2025-03-08 07:38:13.241	NewBlock 389, Chunks: 0,
2025-03-08 07:41:47.796	NewBlock 390, Chunks: 0,
2025-03-08 07:41:57.666	NewBlock 391, Chunks: 0,
2025-03-08 07:42:07.708	NewBlock 392, Chunks: 0,
2025-03-08 07:42:18.645	NewBlock 393, Chunks: 0,
2025-03-08 07:42:23.796	NewBlock 394, Chunks: 0,
2025-03-08 07:42:31.962	NewBlock 395, Chunks: 0,
2025-03-08 07:42:37.493	NewBlock 396, Chunks: 0,
2025-03-08 07:42:45.845	NewBlock 397, Chunks: 0,
2025-03-08 07:43:01.865	NewBlock 398, Chunks: 0,
2025-03-08 07:43:06.628	NewBlock 399, Chunks: 0,
2025-03-08 07:43:30.023	NewBlock 400, Chunks: 0,
2025-03-08 07:51:54.584	NewBlock 401, Chunks: 0,
2025-03-08 07:52:00.704	NewBlock 401, Chunks: 0,
2025-03-08 07:52:00.723	NewBlock 402, Chunks: 0,
2025-03-08 07:52:06.373	NewBlock 403, Chunks: 0,
2025-03-08 07:52:10.720	NewBlock 404, Chunks: 0,
2025-03-08 07:52:18.840	NewBlock 405, Chunks: 0,
2025-03-08 07:52:27.476	NewBlock 406, Chunks: 0,
2025-03-08 07:52:35.027	NewBlock 407, Chunks: 0,
2025-03-08 07:52:47.489	NewBlock 408, Chunks: 0,
2025-03-08 07:53:01.410	NewBlock 409, Chunks: 0,
2025-03-08 07:53:05.950	NewBlock 410, Chunks: 0,
2025-03-08 07:53:11.593	NewBlock 411, Chunks: 0,
2025-03-08 08:01:58.849	NewBlock -1, Chunks: 0,
2025-03-09 02:52:29.875	Initialized. Chunks: 0
2025-03-09 17:05:12.855	NewBlock -1, Chunks: 0,
2025-03-09 17:42:40.650	Initialized. Chunks: 0
2025-03-09 21:36:09.133	NewBlock 412, Chunks: 0,
2025-03-09 21:36:28.811	NewBlock 413, Chunks: 0,
2025-03-09 21:36:43.714	NewBlock 414, Chunks: 0,
2025-03-09 21:36:55.204	NewBlock 415, Chunks: 0,
2025-03-09 21:37:12.365	NewBlock 416, Chunks: 0,
2025-03-09 21:37:26.029	NewBlock 416, Chunks: 0,
2025-03-09 21:37:26.048	NewBlock 417, Chunks: 0,
2025-03-09 21:37:36.807	NewBlock 418, Chunks: 0,
2025-03-09 21:37:50.169	NewBlock 419, Chunks: 0,
2025-03-09 21:38:11.228	NewBlock 420, Chunks: 0,
2025-03-09 21:38:28.997	NewBlock 421, Chunks: 0,
2025-03-09 21:38:45.277	NewBlock 422, Chunks: 0,
2025-03-09 21:38:58.531	NewBlock 423, Chunks: 0,
2025-03-09 21:40:16.590	NewBlock 424, Chunks: 0,
2025-03-09 21:40:24.354	NewBlock 425, Chunks: 0,
2025-03-09 21:40:27.702	NewBlock 426, Chunks: 0,
2025-03-09 21:40:37.655	NewBlock 427, Chunks: 0,
2025-03-09 21:40:42.309	NewBlock 428, Chunks: 0,
2025-03-09 21:40:46.665	NewBlock 429, Chunks: 0,
2025-03-09 21:41:00.018	NewBlock 430, Chunks: 0,
2025-03-09 21:41:17.796	NewBlock 431, Chunks: 0,
2025-03-09 21:41:39.536	NewBlock 431, Chunks: 0,
2025-03-09 21:41:39.557	NewBlock 432, Chunks: 0,
2025-03-09 21:41:58.230	NewBlock 433, Chunks: 0,
2025-03-09 21:42:14.800	NewBlock 434, Chunks: 0,
2025-03-09 21:43:38.287	NewBlock 435, Chunks: 0,
2025-03-09 21:43:46.399	NewBlock 436, Chunks: 0,
2025-03-09 21:43:57.274	NewBlock 437, Chunks: 0,
2025-03-09 21:44:09.550	NewBlock 438, Chunks: 0,
2025-03-09 21:44:16.201	NewBlock 439, Chunks: 0,
2025-03-09 21:44:21.742	NewBlock 440, Chunks: 0,
2025-03-09 21:44:30.604	NewBlock 441, Chunks: 0,
2025-03-09 21:44:39.478	NewBlock 442, Chunks: 0,
2025-03-09 21:44:56.822	NewBlock 443, Chunks: 0,
2025-03-09 21:45:16.691	NewBlock 444, Chunks: 0,
2025-03-09 21:45:36.554	NewBlock 445, Chunks: 0,
2025-03-09 21:45:51.009	NewBlock 446, Chunks: 0,
2025-03-09 21:46:13.993	NewBlock 447, Chunks: 0,
2025-03-09 21:52:52.552	NewBlock 448, Chunks: 0,
2025-03-09 21:52:56.992	NewBlock 449, Chunks: 0,
2025-03-09 21:53:04.718	NewBlock 450, Chunks: 0,
2025-03-09 21:53:11.360	NewBlock 451, Chunks: 0,
2025-03-09 21:53:22.401	NewBlock 452, Chunks: 0,
2025-03-09 21:53:26.820	NewBlock 453, Chunks: 0,
2025-03-09 21:53:32.764	NewBlock 454, Chunks: 0,
2025-03-09 21:53:36.763	NewBlock 455, Chunks: 0,
2025-03-09 21:53:52.280	NewBlock 456, Chunks: 0,
2025-03-09 21:54:03.659	NewBlock 457, Chunks: 0,
2025-03-09 21:54:16.556	NewBlock 458, Chunks: 0,
2025-03-09 22:38:57.950	NewBlock 459, Chunks: 0,
2025-03-09 22:39:04.693	NewBlock 460, Chunks: 0,
2025-03-09 22:39:13.359	NewBlock 461, Chunks: 0,
2025-03-09 22:39:19.119	NewBlock 462, Chunks: 0,
2025-03-09 22:39:26.994	NewBlock 463, Chunks: 0,
2025-03-09 22:39:36.944	NewBlock 464, Chunks: 0,
2025-03-09 22:39:43.595	NewBlock 465, Chunks: 0,
2025-03-09 22:39:52.208	NewBlock 466, Chunks: 0,
2025-03-09 22:40:04.548	NewBlock 467, Chunks: 0,
2025-03-09 22:40:12.283	NewBlock 468, Chunks: 0,
2025-03-09 22:40:17.823	NewBlock 469, Chunks: 0,
2025-03-09 22:48:09.906	NewBlock 470, Chunks: 0,
2025-03-09 22:48:16.569	NewBlock 471, Chunks: 0,
2025-03-09 22:48:23.253	NewBlock 471, Chunks: 0,
2025-03-09 22:48:23.275	NewBlock 472, Chunks: 0,
2025-03-09 22:48:30.917	NewBlock 473, Chunks: 0,
2025-03-09 22:48:34.755	NewBlock 473, Chunks: 0,
2025-03-09 22:48:34.789	NewBlock 474, Chunks: 0,
2025-03-09 22:48:44.753	NewBlock 475, Chunks: 0,
2025-03-09 22:48:53.006	NewBlock 476, Chunks: 0,
2025-03-09 22:49:00.161	NewBlock 477, Chunks: 0,
2025-03-09 22:49:13.822	NewBlock 478, Chunks: 0,
2025-03-09 22:49:24.925	NewBlock 479, Chunks: 0,
2025-03-09 22:49:36.708	NewBlock 479, Chunks: 0,
2025-03-09 22:49:36.725	NewBlock 480, Chunks: 0,
2025-03-09 23:36:03.481	NewBlock 481, Chunks: 0,
2025-03-09 23:36:09.847	NewBlock 482, Chunks: 0,
2025-03-09 23:36:18.962	NewBlock 483, Chunks: 0,
2025-03-09 23:36:26.530	NewBlock 483, Chunks: 0,
2025-03-09 23:36:26.548	NewBlock 484, Chunks: 0,
2025-03-09 23:36:35.991	NewBlock 485, Chunks: 0,
2025-03-09 23:36:43.129	NewBlock 486, Chunks: 0,
2025-03-09 23:36:50.881	NewBlock 487, Chunks: 0,
2025-03-09 23:36:56.347	NewBlock 488, Chunks: 0,
2025-03-09 23:37:00.884	NewBlock 489, Chunks: 0,
2025-03-09 23:37:11.743	NewBlock 490, Chunks: 0,
2025-03-09 23:37:24.119	NewBlock 491, Chunks: 0,
2025-03-10 00:08:24.383	NewBlock 492, Chunks: 0,
2025-03-10 00:08:33.508	NewBlock 493, Chunks: 0,
2025-03-10 00:08:39.053	NewBlock 494, Chunks: 0,
2025-03-10 00:08:46.802	NewBlock 495, Chunks: 0,
2025-03-10 00:08:57.190	NewBlock 496, Chunks: 0,
2025-03-10 00:09:01.628	NewBlock 497, Chunks: 0,
2025-03-10 00:09:09.883	NewBlock 498, Chunks: 0,
2025-03-10 00:09:18.831	NewBlock 499, Chunks: 0,
2025-03-10 00:09:27.564	NewBlock 500, Chunks: 0,
2025-03-10 00:09:35.510	NewBlock 500, Chunks: 0,
2025-03-10 00:09:35.533	NewBlock 501, Chunks: 0,
2025-03-10 00:09:40.174	NewBlock 502, Chunks: 0,
2025-03-10 00:25:58.688	NewBlock 503, Chunks: 0,
2025-03-10 00:26:07.940	NewBlock 504, Chunks: 0,
2025-03-10 00:26:14.447	NewBlock 505, Chunks: 0,
2025-03-10 00:26:27.693	NewBlock 506, Chunks: 0,
2025-03-10 00:26:31.037	NewBlock 507, Chunks: 0,
2025-03-10 00:26:42.105	NewBlock 508, Chunks: 0,
2025-03-10 00:26:45.454	NewBlock 509, Chunks: 0,
2025-03-10 00:26:52.118	NewBlock 510, Chunks: 0,
2025-03-10 00:27:04.050	NewBlock 511, Chunks: 0,
2025-03-10 00:27:15.298	NewBlock 512, Chunks: 0,
2025-03-10 00:27:20.646	NewBlock 513, Chunks: 0,
2025-03-10 01:03:53.918	NewBlock 514, Chunks: 0,
2025-03-10 01:04:03.668	NewBlock 515, Chunks: 0,
2025-03-10 01:04:08.175	NewBlock 516, Chunks: 0,
2025-03-10 01:04:17.019	NewBlock 517, Chunks: 0,
2025-03-10 01:04:28.478	NewBlock 518, Chunks: 0,
2025-03-10 01:04:36.839	NewBlock 519, Chunks: 0,
2025-03-10 01:04:44.534	NewBlock 520, Chunks: 0,
2025-03-10 01:04:51.188	NewBlock 521, Chunks: 0,
2025-03-10 01:04:55.612	NewBlock 522, Chunks: 0,
2025-03-10 01:05:00.049	NewBlock 523, Chunks: 0,
2025-03-10 01:05:06.645	NewBlock 524, Chunks: 0,
2025-03-10 01:05:10.116	NewBlock 524, Chunks: 0,
2025-03-10 01:05:10.135	NewBlock 525, Chunks: 0,
2025-03-10 01:48:41.557	NewBlock 526, Chunks: 0,
2025-03-10 01:48:48.855	NewBlock 527, Chunks: 0,
2025-03-10 01:48:55.508	NewBlock 528, Chunks: 0,
2025-03-10 01:49:06.535	NewBlock 529, Chunks: 0,
2025-03-10 01:49:13.213	NewBlock 530, Chunks: 0,
2025-03-10 01:49:22.316	NewBlock 531, Chunks: 0,
2025-03-10 01:49:25.561	NewBlock 532, Chunks: 0,
2025-03-10 01:49:31.111	NewBlock 533, Chunks: 0,
2025-03-10 01:49:34.666	NewBlock 534, Chunks: 0,
2025-03-10 01:49:40.011	NewBlock 535, Chunks: 0,
2025-03-10 01:49:48.487	NewBlock 536, Chunks: 0,
2025-03-10 01:49:58.448	NewBlock 537, Chunks: 0,
2025-03-10 01:50:19.641	NewBlock 538, Chunks: 0,
2025-03-10 01:50:42.513	NewBlock 539, Chunks: 0,
2025-03-10 01:51:01.269	NewBlock 540, Chunks: 0,
2025-03-10 03:23:27.350	NewBlock 541, Chunks: 0,
2025-03-10 03:23:32.047	NewBlock 542, Chunks: 0,
2025-03-10 03:23:43.903	NewBlock 543, Chunks: 0,
2025-03-10 03:23:53.877	NewBlock 544, Chunks: 0,
2025-03-10 03:23:58.448	NewBlock 544, Chunks: 0,
2025-03-10 03:23:58.467	NewBlock 545, Chunks: 0,
2025-03-10 03:24:04.132	NewBlock 546, Chunks: 0,
2025-03-10 03:24:08.492	NewBlock 547, Chunks: 0,
2025-03-10 03:24:21.777	NewBlock 548, Chunks: 0,
2025-03-10 03:24:35.139	NewBlock 549, Chunks: 0,
2025-03-10 03:24:41.254	NewBlock 550, Chunks: 0,
2025-03-10 03:24:53.002	NewBlock 551, Chunks: 0,
2025-03-10 03:26:53.321	NewBlock 552, Chunks: 0,
2025-03-10 03:27:01.067	NewBlock 553, Chunks: 0,
2025-03-10 03:27:16.355	NewBlock 554, Chunks: 0,
2025-03-10 03:27:21.896	NewBlock 555, Chunks: 0,
2025-03-10 03:27:31.951	NewBlock 556, Chunks: 0,
2025-03-10 03:27:37.501	NewBlock 557, Chunks: 0,
2025-03-10 03:27:50.521	NewBlock 558, Chunks: 0,
2025-03-10 03:28:00.575	NewBlock 559, Chunks: 0,
2025-03-10 03:28:07.419	NewBlock 560, Chunks: 0,
2025-03-10 03:28:30.368	NewBlock 561, Chunks: 0,
2025-03-10 03:28:44.899	NewBlock 562, Chunks: 0,
2025-03-10 03:29:10.036	NewBlock 563, Chunks: 0,
2025-03-10 03:29:26.912	NewBlock 563, Chunks: 0,
2025-03-10 03:29:26.932	NewBlock 564, Chunks: 0,
2025-03-10 03:29:40.093	NewBlock 565, Chunks: 0,
2025-03-10 03:29:56.359	NewBlock 566, Chunks: 0,
2025-03-10 03:34:50.365	NewBlock 567, Chunks: 0,
2025-03-10 03:34:56.014	NewBlock 568, Chunks: 0,
2025-03-10 03:35:06.887	NewBlock 569, Chunks: 0,
2025-03-10 03:35:20.249	NewBlock 570, Chunks: 0,
2025-03-10 03:35:32.401	NewBlock 571, Chunks: 0,
2025-03-10 03:35:38.942	NewBlock 572, Chunks: 0,
2025-03-10 03:35:48.991	NewBlock 573, Chunks: 0,
2025-03-10 03:35:55.636	NewBlock 574, Chunks: 0,
2025-03-10 03:36:03.186	NewBlock 575, Chunks: 0,
2025-03-10 03:36:12.140	NewBlock 576, Chunks: 0,
2025-03-10 03:36:25.220	NewBlock 577, Chunks: 0,
2025-03-10 03:36:43.893	NewBlock 578, Chunks: 0,
2025-03-10 03:39:16.963	NewBlock 579, Chunks: 0,
2025-03-10 03:39:21.518	NewBlock 580, Chunks: 0,
2025-03-10 03:39:25.968	NewBlock 581, Chunks: 0,
2025-03-10 03:39:35.100	NewBlock 582, Chunks: 0,
2025-03-10 03:39:48.421	NewBlock 583, Chunks: 0,
2025-03-10 03:39:56.852	NewBlock 584, Chunks: 0,
2025-03-10 03:40:00.566	NewBlock 585, Chunks: 0,
2025-03-10 03:40:09.421	NewBlock 586, Chunks: 0,
2025-03-10 03:40:17.177	NewBlock 587, Chunks: 0,
2025-03-10 03:40:31.946	NewBlock 588, Chunks: 0,
2025-03-10 03:41:00.614	NewBlock 589, Chunks: 0,
2025-03-10 03:41:13.864	NewBlock 590, Chunks: 0,
2025-03-10 03:41:42.541	NewBlock 591, Chunks: 0,
2025-03-10 03:41:53.600	NewBlock 592, Chunks: 0,
2025-03-10 03:42:02.865	NewBlock 593, Chunks: 0,
2025-03-10 03:42:22.303	NewBlock 594, Chunks: 0,
2025-03-10 03:42:42.531	NewBlock 595, Chunks: 0,
2025-03-10 03:42:50.706	NewBlock 596, Chunks: 0,
2025-03-10 03:43:01.282	NewBlock 597, Chunks: 0,
2025-03-10 03:43:22.693	NewBlock 598, Chunks: 0,
2025-03-10 03:43:33.846	NewBlock 599, Chunks: 0,
2025-03-10 03:52:54.439	NewBlock 600, Chunks: 0,
2025-03-10 03:52:57.785	NewBlock 601, Chunks: 0,
2025-03-10 03:53:09.181	NewBlock 602, Chunks: 0,
2025-03-10 03:53:16.562	NewBlock 603, Chunks: 0,
2025-03-10 03:53:23.658	NewBlock 603, Chunks: 0,
2025-03-10 03:53:23.677	NewBlock 604, Chunks: 0,
2025-03-10 03:53:28.032	NewBlock 605, Chunks: 0,
2025-03-10 03:53:34.796	NewBlock 606, Chunks: 0,
2025-03-10 03:53:39.708	NewBlock 607, Chunks: 0,
2025-03-10 03:53:46.957	NewBlock 608, Chunks: 0,
2025-03-10 03:53:52.975	NewBlock 609, Chunks: 0,
2025-03-10 03:54:02.332	NewBlock 610, Chunks: 0,
2025-03-10 04:02:34.504	NewBlock 611, Chunks: 0,
2025-03-10 04:02:38.746	NewBlock 612, Chunks: 0,
2025-03-10 04:02:52.212	NewBlock 613, Chunks: 0,
2025-03-10 04:02:53.201	NewBlock 614, Chunks: 0,
2025-03-10 04:03:04.347	NewBlock 615, Chunks: 0,
2025-03-10 04:03:13.003	NewBlock 615, Chunks: 0,
2025-03-10 04:03:13.026	NewBlock 616, Chunks: 0,
2025-03-10 04:03:21.183	NewBlock 617, Chunks: 0,
2025-03-10 04:03:27.503	NewBlock 618, Chunks: 0,
2025-03-10 04:03:36.364	NewBlock 619, Chunks: 0,
2025-03-10 04:03:45.208	NewBlock 620, Chunks: 0,
2025-03-10 04:03:53.164	NewBlock 621, Chunks: 0,
2025-03-10 04:04:05.420	NewBlock 622, Chunks: 0,
2025-03-10 04:04:26.800	NewBlock 623, Chunks: 0,
2025-03-10 04:10:49.996	NewBlock 624, Chunks: 0,
2025-03-10 04:10:54.736	NewBlock 625, Chunks: 0,
2025-03-10 04:11:03.687	NewBlock 626, Chunks: 0,
2025-03-10 04:11:12.239	NewBlock 627, Chunks: 0,
2025-03-10 04:11:21.285	NewBlock 628, Chunks: 0,
2025-03-10 04:11:29.433	NewBlock 629, Chunks: 0,
2025-03-10 04:11:35.987	NewBlock 630, Chunks: 0,
2025-03-10 04:11:43.334	NewBlock 631, Chunks: 0,
2025-03-10 04:11:48.272	NewBlock 632, Chunks: 0,
2025-03-10 04:12:04.223	NewBlock 633, Chunks: 0,
2025-03-10 04:12:09.065	NewBlock 634, Chunks: 0,
2025-03-10 04:12:34.152	NewBlock 635, Chunks: 0,
2025-03-10 04:13:00.949	NewBlock 636, Chunks: 0,
2025-03-10 04:13:19.675	NewBlock 637, Chunks: 0,
2025-03-10 04:13:40.758	NewBlock 638, Chunks: 0,
2025-03-10 04:13:50.511	NewBlock 639, Chunks: 0,
2025-03-10 04:14:01.653	NewBlock 640, Chunks: 0,
2025-03-10 04:14:16.001	NewBlock 641, Chunks: 0,
2025-03-10 04:14:29.291	NewBlock 642, Chunks: 0,
2025-03-10 04:14:38.058	NewBlock 643, Chunks: 0,
2025-03-10 04:14:53.259	NewBlock 644, Chunks: 0,
2025-03-10 04:18:07.313	NewBlock 645, Chunks: 0,
2025-03-10 04:18:15.255	NewBlock 646, Chunks: 0,
2025-03-10 04:18:22.804	NewBlock 647, Chunks: 0,
2025-03-10 04:18:30.461	NewBlock 648, Chunks: 0,
2025-03-10 04:18:41.524	NewBlock 649, Chunks: 0,
2025-03-10 04:18:49.864	NewBlock 650, Chunks: 0,
2025-03-10 04:18:58.316	NewBlock 651, Chunks: 0,
2025-03-10 04:19:02.854	NewBlock 652, Chunks: 0,
2025-03-10 04:19:07.514	NewBlock 653, Chunks: 0,
2025-03-10 04:19:18.574	NewBlock 654, Chunks: 0,
2025-03-10 04:19:39.757	NewBlock 655, Chunks: 0,
2025-03-10 04:20:02.139	NewBlock 656, Chunks: 0,
2025-03-10 04:20:29.817	NewBlock 657, Chunks: 0,
2025-03-10 04:20:39.785	NewBlock 658, Chunks: 0,
2025-03-10 04:20:59.047	NewBlock 659, Chunks: 0,
2025-03-10 04:21:11.692	NewBlock 660, Chunks: 0,
2025-03-10 04:21:18.340	NewBlock 661, Chunks: 0,
2025-03-10 04:21:38.356	NewBlock 662, Chunks: 0,
2025-03-10 04:21:46.146	NewBlock 663, Chunks: 0,
2025-03-10 04:22:05.856	NewBlock 664, Chunks: 0,
2025-03-10 04:22:19.215	NewBlock 665, Chunks: 0,
2025-03-10 04:30:26.703	NewBlock 666, Chunks: 0,
2025-03-10 04:30:35.163	NewBlock 667, Chunks: 0,
2025-03-10 04:30:47.224	NewBlock 668, Chunks: 0,
2025-03-10 04:30:55.091	NewBlock 669, Chunks: 0,
2025-03-10 04:30:59.757	NewBlock 670, Chunks: 0,
2025-03-10 04:31:17.437	NewBlock 671, Chunks: 0,
2025-03-10 04:31:21.884	NewBlock 672, Chunks: 0,
2025-03-10 04:31:26.341	NewBlock 673, Chunks: 0,
2025-03-10 04:31:30.786	NewBlock 674, Chunks: 0,
2025-03-10 04:31:37.438	NewBlock 675, Chunks: 0,
2025-03-10 04:31:46.780	NewBlock 676, Chunks: 0,
2025-03-10 04:42:36.616	NewBlock 677, Chunks: 0,
2025-03-10 04:42:48.764	NewBlock 678, Chunks: 0,
2025-03-10 04:42:57.616	NewBlock 679, Chunks: 0,
2025-03-10 04:43:09.766	NewBlock 680, Chunks: 0,
2025-03-10 04:43:19.146	NewBlock 681, Chunks: 0,
2025-03-10 04:43:26.328	NewBlock 682, Chunks: 0,
2025-03-10 04:43:31.875	NewBlock 683, Chunks: 0,
2025-03-10 04:43:35.231	NewBlock 684, Chunks: 0,
2025-03-10 04:43:47.730	NewBlock 685, Chunks: 0,
2025-03-10 04:43:50.982	NewBlock 686, Chunks: 0,
2025-03-10 04:44:02.136	NewBlock 687, Chunks: 0,
2025-03-10 04:54:02.948	NewBlock 688, Chunks: 0,
2025-03-10 04:54:14.025	NewBlock 689, Chunks: 0,
2025-03-10 04:54:18.570	NewBlock 690, Chunks: 0,
2025-03-10 04:54:22.914	NewBlock 691, Chunks: 0,
2025-03-10 04:54:35.506	NewBlock 692, Chunks: 0,
2025-03-10 04:54:49.426	NewBlock 693, Chunks: 0,
2025-03-10 04:54:54.250	NewBlock 694, Chunks: 0,
2025-03-10 04:54:59.808	NewBlock 695, Chunks: 0,
2025-03-10 04:55:10.868	NewBlock 696, Chunks: 0,
2025-03-10 04:55:28.023	NewBlock 697, Chunks: 0,
2025-03-10 04:55:31.864	NewBlock 698, Chunks: 0,
2025-03-10 04:56:31.874	NewBlock 699, Chunks: 0,
2025-03-10 04:56:36.830	NewBlock 700, Chunks: 0,
2025-03-10 04:56:52.311	NewBlock 701, Chunks: 0,
2025-03-10 04:56:55.656	NewBlock 702, Chunks: 0,
2025-03-10 04:57:09.357	NewBlock 703, Chunks: 0,
2025-03-10 04:57:24.309	NewBlock 704, Chunks: 0,
2025-03-10 04:57:39.939	NewBlock 705, Chunks: 0,
2025-03-10 04:57:51.901	NewBlock 706, Chunks: 0,
2025-03-10 04:58:06.660	NewBlock 707, Chunks: 0,
2025-03-10 04:58:21.655	NewBlock 708, Chunks: 0,
2025-03-10 04:58:45.918	NewBlock 709, Chunks: 0,
2025-03-10 04:58:58.069	NewBlock 710, Chunks: 0,
2025-03-10 04:59:13.554	NewBlock 711, Chunks: 0,
2025-03-10 05:07:59.916	NewBlock 712, Chunks: 0,
2025-03-10 05:08:06.461	NewBlock 713, Chunks: 0,
2025-03-10 05:08:12.703	NewBlock 714, Chunks: 0,
2025-03-10 05:08:18.558	NewBlock 715, Chunks: 0,
2025-03-10 05:08:26.069	NewBlock 716, Chunks: 0,
2025-03-10 05:08:33.729	NewBlock 716, Chunks: 0,
2025-03-10 05:08:33.750	NewBlock 717, Chunks: 0,
2025-03-10 05:08:43.719	NewBlock 718, Chunks: 0,
2025-03-10 05:08:55.816	NewBlock 719, Chunks: 0,
2025-03-10 05:09:00.250	NewBlock 720, Chunks: 0,
2025-03-10 05:09:05.797	NewBlock 721, Chunks: 0,
2025-03-10 05:09:13.737	NewBlock 722, Chunks: 0,
2025-03-10 05:09:23.578	NewBlock 723, Chunks: 0,
2025-03-10 05:09:44.282	NewBlock 724, Chunks: 0,
2025-03-10 05:10:12.274	NewBlock 725, Chunks: 0,
2025-03-10 05:10:35.251	NewBlock 726, Chunks: 0,
2025-03-10 05:10:55.846	NewBlock 727, Chunks: 0,
2025-03-10 05:11:03.600	NewBlock 728, Chunks: 0,
2025-03-10 05:11:11.766	NewBlock 729, Chunks: 0,
2025-03-10 05:11:31.456	NewBlock 730, Chunks: 0,
2025-03-10 05:11:40.431	NewBlock 731, Chunks: 0,
2025-03-10 05:11:55.813	NewBlock 732, Chunks: 0,
2025-03-10 05:12:10.794	NewBlock 733, Chunks: 0,
2025-03-10 05:12:27.999	NewBlock 734, Chunks: 0,
2025-03-10 05:12:39.052	NewBlock 735, Chunks: 0,
2025-03-10 05:13:00.020	NewBlock 736, Chunks: 0,
2025-03-10 05:13:13.549	NewBlock 737, Chunks: 0,
2025-03-10 05:13:25.596	NewBlock 738, Chunks: 0,
2025-03-10 05:13:39.960	NewBlock 739, Chunks: 0,
2025-03-10 05:13:58.716	NewBlock 740, Chunks: 0,
2025-03-10 05:14:17.422	NewBlock 741, Chunks: 0,
2025-03-10 05:14:29.568	NewBlock 742, Chunks: 0,
2025-03-10 05:14:39.513	NewBlock 743, Chunks: 0,
2025-03-10 05:14:53.818	NewBlock 744, Chunks: 0,
2025-03-10 05:15:13.688	NewBlock 745, Chunks: 0,
2025-03-10 05:15:26.752	NewBlock 746, Chunks: 0,
2025-03-10 05:15:51.079	NewBlock 747, Chunks: 0,
2025-03-10 05:16:04.269	NewBlock 748, Chunks: 0,
2025-03-10 05:16:18.627	NewBlock 749, Chunks: 0,
2025-03-10 05:16:30.768	NewBlock 750, Chunks: 0,
2025-03-10 05:16:49.468	NewBlock 751, Chunks: 0,
2025-03-10 05:16:58.328	NewBlock 752, Chunks: 0,
2025-03-10 05:17:20.379	NewBlock 753, Chunks: 0,
2025-03-10 05:17:31.886	NewBlock 753, Chunks: 0,
2025-03-10 05:17:31.905	NewBlock 754, Chunks: 0,
2025-03-10 05:17:41.337	NewBlock 755, Chunks: 0,
2025-03-10 05:17:57.969	NewBlock 756, Chunks: 0,
2025-03-10 05:18:22.227	NewBlock 757, Chunks: 0,
2025-03-10 05:18:32.189	NewBlock 758, Chunks: 0,
2025-03-10 05:18:48.733	NewBlock 759, Chunks: 0,
2025-03-10 05:20:13.509	NewBlock 760, Chunks: 0,
2025-03-10 05:20:20.155	NewBlock 761, Chunks: 0,
2025-03-10 05:20:34.414	NewBlock 762, Chunks: 0,
2025-03-10 05:20:43.250	NewBlock 763, Chunks: 0,
2025-03-10 05:20:54.875	NewBlock 764, Chunks: 0,
2025-03-10 05:21:04.731	NewBlock 765, Chunks: 0,
2025-03-10 05:21:13.085	NewBlock 766, Chunks: 0,
2025-03-10 05:21:23.233	NewBlock 767, Chunks: 0,
2025-03-10 05:21:41.808	NewBlock 768, Chunks: 0,
2025-03-10 05:21:56.276	NewBlock 769, Chunks: 0,
2025-03-10 05:22:23.964	NewBlock 770, Chunks: 0,
2025-03-10 05:22:30.429	NewBlock 771, Chunks: 0,
2025-03-10 05:22:52.697	NewBlock 772, Chunks: 0,
2025-03-10 05:23:03.077	NewBlock 773, Chunks: 0,
2025-03-10 05:23:27.981	NewBlock 774, Chunks: 0,
2025-03-10 05:23:40.136	NewBlock 775, Chunks: 0,
2025-03-10 05:23:49.359	NewBlock 776, Chunks: 0,
2025-03-10 05:24:10.633	NewBlock 777, Chunks: 0,
2025-03-10 05:24:15.829	NewBlock 778, Chunks: 0,
2025-03-10 05:24:33.479	NewBlock 779, Chunks: 0,
2025-03-10 05:24:51.126	NewBlock 780, Chunks: 0,
2025-03-10 05:25:03.420	NewBlock 781, Chunks: 0,
2025-03-10 05:25:21.982	NewBlock 782, Chunks: 0,
2025-03-10 05:25:35.234	NewBlock 783, Chunks: 0,
2025-03-10 05:25:51.836	NewBlock 784, Chunks: 0,
2025-03-10 05:26:03.891	NewBlock 785, Chunks: 0,
2025-03-10 05:26:28.473	NewBlock 785, Chunks: 0,
2025-03-10 05:26:28.496	NewBlock 786, Chunks: 0,
2025-03-10 05:26:36.236	NewBlock 787, Chunks: 0,
2025-03-10 05:26:50.692	NewBlock 788, Chunks: 0,
2025-03-10 05:27:03.753	NewBlock 789, Chunks: 0,
2025-03-10 05:27:20.215	NewBlock 790, Chunks: 0,
2025-03-10 05:27:44.110	NewBlock 791, Chunks: 0,
2025-03-10 05:27:53.433	NewBlock 792, Chunks: 0,
2025-03-10 05:28:09.803	NewBlock 793, Chunks: 0,
2025-03-10 05:28:25.964	NewBlock 794, Chunks: 0,
2025-03-10 05:28:40.356	NewBlock 795, Chunks: 0,
2025-03-10 05:28:55.997	NewBlock 796, Chunks: 0,
2025-03-10 05:29:04.611	NewBlock 797, Chunks: 0,
2025-03-10 05:29:26.658	NewBlock 798, Chunks: 0,
2025-03-10 05:29:39.116	NewBlock 799, Chunks: 0,
2025-03-10 05:29:57.502	NewBlock 800, Chunks: 0,
2025-03-10 05:30:12.016	NewBlock 800, Chunks: 0,
2025-03-10 05:30:12.035	NewBlock 801, Chunks: 0,
2025-03-10 05:30:32.008	NewBlock 802, Chunks: 0,
2025-03-10 05:30:41.054	NewBlock 803, Chunks: 0,
2025-03-10 05:30:52.579	NewBlock 804, Chunks: 0,
2025-03-10 05:31:09.163	NewBlock 805, Chunks: 0,
2025-03-10 05:31:25.733	NewBlock 806, Chunks: 0,
2025-03-10 05:37:00.747	NewBlock 807, Chunks: 0,
2025-03-10 05:37:10.196	NewBlock 808, Chunks: 0,
2025-03-10 05:37:16.007	NewBlock 809, Chunks: 0,
2025-03-10 05:37:28.280	NewBlock 810, Chunks: 0,
2025-03-10 05:37:32.245	NewBlock 811, Chunks: 0,
2025-03-10 05:37:37.800	NewBlock 812, Chunks: 0,
2025-03-10 05:37:42.566	NewBlock 812, Chunks: 0,
2025-03-10 05:37:42.597	NewBlock 813, Chunks: 0,
2025-03-10 05:37:52.555	NewBlock 814, Chunks: 0,
2025-03-10 05:37:57.689	NewBlock 815, Chunks: 0,
2025-03-10 05:38:10.945	NewBlock 816, Chunks: 0,
2025-03-10 05:38:15.430	NewBlock 817, Chunks: 0,
2025-03-10 05:38:40.174	NewBlock 818, Chunks: 0,
2025-03-10 05:41:44.923	NewBlock 819, Chunks: 0,
2025-03-10 05:41:54.994	NewBlock 820, Chunks: 0,
2025-03-10 05:42:04.950	NewBlock 821, Chunks: 0,
2025-03-10 05:42:10.598	NewBlock 822, Chunks: 0,
2025-03-10 05:42:14.842	NewBlock 823, Chunks: 0,
2025-03-10 05:42:19.871	NewBlock 824, Chunks: 0,
2025-03-10 05:42:24.997	NewBlock 825, Chunks: 0,
2025-03-10 05:42:31.547	NewBlock 826, Chunks: 0,
2025-03-10 05:42:36.006	NewBlock 827, Chunks: 0,
2025-03-10 05:42:54.902	NewBlock 828, Chunks: 0,
2025-03-10 05:43:15.699	NewBlock 829, Chunks: 0,
2025-03-10 05:45:30.041	NewBlock 830, Chunks: 0,
2025-03-10 05:45:33.403	NewBlock 831, Chunks: 0,
2025-03-10 05:45:44.672	NewBlock 832, Chunks: 0,
2025-03-10 05:45:50.027	NewBlock 833, Chunks: 0,
2025-03-10 05:45:58.933	NewBlock 834, Chunks: 0,
2025-03-10 05:46:05.691	NewBlock 835, Chunks: 0,
2025-03-10 05:46:12.141	NewBlock 836, Chunks: 0,
2025-03-10 05:46:16.691	NewBlock 837, Chunks: 0,
2025-03-10 05:46:27.651	NewBlock 838, Chunks: 0,
2025-03-10 05:46:47.503	NewBlock 839, Chunks: 0,
2025-03-10 05:47:08.415	NewBlock 840, Chunks: 0,
2025-03-10 05:47:27.078	NewBlock 841, Chunks: 0,
2025-03-10 07:07:43.657	NewBlock 842, Chunks: 0,
2025-03-10 07:07:49.392	NewBlock 843, Chunks: 0,
2025-03-10 07:07:55.945	NewBlock 844, Chunks: 0,
2025-03-10 07:08:01.590	NewBlock 845, Chunks: 0,
2025-03-10 07:08:10.111	NewBlock 846, Chunks: 0,
2025-03-10 07:08:19.259	NewBlock 847, Chunks: 0,
2025-03-10 07:08:24.504	NewBlock 848, Chunks: 0,
2025-03-10 07:08:30.301	NewBlock 849, Chunks: 0,
2025-03-10 07:08:43.254	NewBlock 850, Chunks: 0,
2025-03-10 07:08:53.211	NewBlock 851, Chunks: 0,
2025-03-10 07:09:02.181	NewBlock 852, Chunks: 0,
2025-03-10 07:34:05.113	NewBlock 853, Chunks: 0,
2025-03-10 07:34:16.169	NewBlock 854, Chunks: 0,
2025-03-10 07:34:19.723	NewBlock 855, Chunks: 0,
2025-03-10 07:34:26.579	NewBlock 856, Chunks: 0,
2025-03-10 07:34:32.028	NewBlock 857, Chunks: 0,
2025-03-10 07:34:36.031	NewBlock 858, Chunks: 0,
2025-03-10 07:34:45.003	NewBlock 859, Chunks: 0,
2025-03-10 07:34:55.208	NewBlock 860, Chunks: 0,
2025-03-10 07:34:59.660	NewBlock 861, Chunks: 0,
2025-03-10 07:35:14.775	NewBlock 862, Chunks: 0,
2025-03-10 07:35:19.526	NewBlock 863, Chunks: 0,
2025-03-10 17:24:25.804	NewBlock 864, Chunks: 0,
2025-03-10 17:24:29.965	NewBlock 865, Chunks: 0,
2025-03-10 17:24:37.257	NewBlock 866, Chunks: 0,
2025-03-10 17:24:50.514	NewBlock 867, Chunks: 0,
2025-03-10 17:24:57.220	NewBlock 868, Chunks: 0,
2025-03-10 17:25:05.373	NewBlock 869, Chunks: 0,
2025-03-10 17:25:09.912	NewBlock 870, Chunks: 0,
2025-03-10 17:25:19.293	NewBlock 871, Chunks: 0,
2025-03-10 17:25:23.738	NewBlock 872, Chunks: 0,
2025-03-10 17:25:36.983	NewBlock 873, Chunks: 0,
2025-03-10 17:25:42.504	NewBlock 874, Chunks: 0,
2025-03-10 17:25:42.571	NewBlock 875, Chunks: 0,
2025-03-10 17:27:42.536	NewBlock 876, Chunks: 0,
2025-03-10 17:27:42.589	NewBlock 877, Chunks: 0,
2025-03-10 17:27:46.985	NewBlock 878, Chunks: 0,
2025-03-10 17:27:54.740	NewBlock 879, Chunks: 0,
2025-03-10 17:27:58.106	NewBlock 880, Chunks: 0,
2025-03-10 17:28:05.762	NewBlock 881, Chunks: 0,
2025-03-10 17:28:21.443	NewBlock 882, Chunks: 0,
2025-03-10 17:28:36.813	NewBlock 883, Chunks: 0,
2025-03-10 17:28:50.103	NewBlock 884, Chunks: 0,
2025-03-10 17:29:09.689	NewBlock 885, Chunks: 0,
2025-03-10 17:29:22.982	NewBlock 886, Chunks: 0,
2025-03-10 17:38:50.742	NewBlock 887, Chunks: 0,
2025-03-10 17:38:57.453	NewBlock 888, Chunks: 0,
2025-03-10 17:39:04.019	NewBlock 889, Chunks: 0,
2025-03-10 17:39:10.791	NewBlock 890, Chunks: 0,
2025-03-10 17:39:20.610	NewBlock 891, Chunks: 0,
2025-03-10 17:39:27.368	NewBlock 892, Chunks: 0,
2025-03-10 17:39:32.009	NewBlock 893, Chunks: 0,
2025-03-10 17:39:42.669	NewBlock 894, Chunks: 0,
2025-03-10 17:39:46.041	NewBlock 895, Chunks: 0,
2025-03-10 17:39:52.743	NewBlock 896, Chunks: 0,
2025-03-10 17:40:00.685	NewBlock 897, Chunks: 0,
2025-03-10 17:40:19.217	NewBlock 898, Chunks: 0,
2025-03-10 17:40:41.285	NewBlock 899, Chunks: 0,
2025-03-10 17:41:06.580	NewBlock 900, Chunks: 0,
2025-03-10 17:41:24.236	NewBlock 901, Chunks: 0,
2025-03-10 17:41:38.519	NewBlock 902, Chunks: 0,
2025-03-10 17:41:52.396	NewBlock 903, Chunks: 0,
2025-03-10 17:42:03.352	NewBlock 904, Chunks: 0,
2025-03-10 17:42:28.102	NewBlock 905, Chunks: 0,
2025-03-10 17:42:33.651	NewBlock 906, Chunks: 0,
2025-03-10 17:42:46.941	NewBlock 907, Chunks: 0,
2025-03-10 17:43:08.620	NewBlock 907, Chunks: 0,
2025-03-10 17:43:08.644	NewBlock 908, Chunks: 0,
2025-03-10 17:43:13.432	NewBlock 909, Chunks: 0,
2025-03-10 17:43:30.625	NewBlock 910, Chunks: 0,
2025-03-10 17:43:51.714	NewBlock 911, Chunks: 0,
2025-03-10 17:44:07.395	NewBlock 912, Chunks: 0,
2025-03-10 17:44:21.736	NewBlock 913, Chunks: 0,
2025-03-10 17:44:33.876	NewBlock 914, Chunks: 0,
2025-03-10 17:44:47.178	NewBlock 915, Chunks: 0,
2025-03-10 17:45:07.559	NewBlock 916, Chunks: 0,
2025-03-10 17:45:19.714	NewBlock 917, Chunks: 0,
2025-03-10 17:45:38.586	NewBlock 918, Chunks: 0,
2025-03-10 17:50:45.956	NewBlock 919, Chunks: 0,
2025-03-10 17:50:50.977	NewBlock 920, Chunks: 0,
2025-03-10 17:50:58.121	NewBlock 921, Chunks: 0,
2025-03-10 17:51:07.765	NewBlock 922, Chunks: 0,
2025-03-10 17:51:15.770	NewBlock 923, Chunks: 0,
2025-03-10 17:51:27.746	NewBlock 924, Chunks: 0,
2025-03-10 17:51:36.302	NewBlock 925, Chunks: 0,
2025-03-10 17:51:44.433	NewBlock 926, Chunks: 0,
2025-03-10 17:51:50.668	NewBlock 927, Chunks: 0,
2025-03-10 17:51:57.023	NewBlock 928, Chunks: 0,
2025-03-10 17:52:09.277	NewBlock 929, Chunks: 0,
2025-03-10 17:52:30.696	NewBlock 930, Chunks: 0,
2025-03-10 17:52:50.548	NewBlock 931, Chunks: 0,
2025-03-10 17:53:15.924	NewBlock 932, Chunks: 0,
2025-03-10 17:53:31.381	NewBlock 933, Chunks: 0,
2025-03-10 17:53:43.543	NewBlock 934, Chunks: 0,
2025-03-10 17:53:59.611	NewBlock 935, Chunks: 0,
2025-03-10 17:54:07.798	NewBlock 936, Chunks: 0,
2025-03-10 17:54:24.341	NewBlock 937, Chunks: 0,
2025-03-10 17:56:28.736	NewBlock 938, Chunks: 0,
2025-03-10 17:56:41.995	NewBlock 939, Chunks: 0,
2025-03-10 17:56:48.019	NewBlock 940, Chunks: 0,
2025-03-10 17:56:54.190	NewBlock 941, Chunks: 0,
2025-03-10 17:57:01.289	NewBlock 942, Chunks: 0,
2025-03-10 17:57:09.653	NewBlock 943, Chunks: 0,
2025-03-10 17:57:24.417	NewBlock 944, Chunks: 0,
2025-03-10 17:57:34.368	NewBlock 945, Chunks: 0,
2025-03-10 17:57:40.538	NewBlock 946, Chunks: 0,
2025-03-10 17:57:57.011	NewBlock 947, Chunks: 0,
2025-03-10 17:58:15.398	NewBlock 947, Chunks: 0,
2025-03-10 17:58:15.419	NewBlock 948, Chunks: 0,
2025-03-10 18:53:26.464	NewBlock 949, Chunks: 0,
2025-03-10 18:53:34.606	NewBlock 950, Chunks: 0,
2025-03-10 18:53:42.451	NewBlock 951, Chunks: 0,
2025-03-10 18:53:53.798	NewBlock 952, Chunks: 0,
2025-03-10 18:54:08.361	NewBlock 953, Chunks: 0,
2025-03-10 18:54:14.305	NewBlock 954, Chunks: 0,
2025-03-10 18:54:28.163	NewBlock 955, Chunks: 0,
2025-03-10 18:54:34.841	NewBlock 956, Chunks: 0,
2025-03-10 18:54:42.519	NewBlock 957, Chunks: 0,
2025-03-10 18:54:51.167	NewBlock 958, Chunks: 0,
2025-03-10 18:55:00.732	NewBlock 959, Chunks: 0,
2025-03-10 18:55:06.981	NewBlock 960, Chunks: 0,
2025-03-10 18:55:28.962	NewBlock 961, Chunks: 0,
2025-03-10 18:55:49.125	NewBlock 962, Chunks: 0,
2025-03-10 18:56:20.748	NewBlock 963, Chunks: 0,
2025-03-10 18:56:30.319	NewBlock 964, Chunks: 0,
2025-03-10 19:19:01.585	NewBlock 965, Chunks: 0,
2025-03-10 19:19:06.536	NewBlock 966, Chunks: 0,
2025-03-10 19:19:13.785	NewBlock 967, Chunks: 0,
2025-03-10 19:19:18.029	NewBlock 968, Chunks: 0,
2025-03-10 19:19:25.275	NewBlock 969, Chunks: 0,
2025-03-10 19:19:30.916	NewBlock 970, Chunks: 0,
2025-03-10 19:19:38.431	NewBlock 971, Chunks: 0,
2025-03-10 19:19:42.876	NewBlock 972, Chunks: 0,
2025-03-10 19:19:54.500	NewBlock 973, Chunks: 0,
2025-03-10 19:20:03.825	NewBlock 974, Chunks: 0,
2025-03-10 19:20:07.191	NewBlock 975, Chunks: 0,
2025-03-10 19:35:52.516	NewBlock 976, Chunks: 0,
2025-03-10 19:36:02.269	NewBlock 976, Chunks: 0,
2025-03-10 19:36:02.288	NewBlock 977, Chunks: 0,
2025-03-10 19:36:08.536	NewBlock 978, Chunks: 0,
2025-03-10 19:36:14.484	NewBlock 979, Chunks: 0,
2025-03-10 19:36:24.539	NewBlock 980, Chunks: 0,
2025-03-10 19:36:27.884	NewBlock 981, Chunks: 0,
2025-03-10 19:36:38.748	NewBlock 982, Chunks: 0,
2025-03-10 19:36:46.800	NewBlock 983, Chunks: 0,
2025-03-10 19:36:52.543	NewBlock 984, Chunks: 0,
2025-03-10 19:37:01.192	NewBlock 985, Chunks: 0,
2025-03-10 19:37:07.942	NewBlock 986, Chunks: 0,
2025-03-10 19:37:16.901	NewBlock 987, Chunks: 0,
2025-03-10 19:37:40.276	NewBlock 988, Chunks: 0,
2025-03-10 19:38:08.870	NewBlock 989, Chunks: 0,
2025-03-10 19:38:28.946	NewBlock 990, Chunks: 0,
2025-03-10 19:38:43.204	NewBlock 991, Chunks: 0,
2025-03-10 19:38:54.468	NewBlock 992, Chunks: 0,
2025-03-10 19:39:07.725	NewBlock 993, Chunks: 0,
2025-03-10 19:39:21.486	NewBlock 994, Chunks: 0,
2025-03-10 19:39:32.162	NewBlock 995, Chunks: 0,
2025-03-10 19:40:17.864	NewBlock 996, Chunks: 0,
2025-03-10 19:40:30.123	NewBlock 997, Chunks: 0,
2025-03-10 19:40:34.669	NewBlock 998, Chunks: 0,
2025-03-10 19:40:41.991	NewBlock 999, Chunks: 0,
2025-03-10 19:40:57.447	NewBlock 1000, Chunks: 0,
2025-03-10 19:41:11.746	NewBlock 1001, Chunks: 0,
2025-03-10 19:41:29.969	NewBlock 1001, Chunks: 0,
2025-03-10 19:41:29.990	NewBlock 1002, Chunks: 0,
2025-03-10 19:41:39.845	NewBlock 1003, Chunks: 0,
2025-03-10 19:42:05.230	NewBlock 1004, Chunks: 0,
2025-03-10 19:42:18.093	NewBlock 1005, Chunks: 0,
2025-03-10 19:42:38.171	NewBlock 1006, Chunks: 0,
2025-03-10 19:42:44.426	NewBlock 1007, Chunks: 0,
2025-03-10 19:43:04.037	NewBlock 1008, Chunks: 0,
2025-03-10 20:03:44.746	NewBlock 1009, Chunks: 0,
2025-03-10 20:03:54.608	NewBlock 1010, Chunks: 0,
2025-03-10 20:03:59.723	NewBlock 1011, Chunks: 0,
2025-03-10 20:04:06.382	NewBlock 1012, Chunks: 0,
2025-03-10 20:04:15.247	NewBlock 1013, Chunks: 0,
2025-03-10 20:04:26.615	NewBlock 1014, Chunks: 0,
2025-03-10 20:04:32.378	NewBlock 1015, Chunks: 0,
2025-03-10 20:04:38.746	NewBlock 1016, Chunks: 0,
2025-03-10 20:04:45.303	NewBlock 1017, Chunks: 0,
2025-03-10 20:04:53.249	NewBlock 1018, Chunks: 0,
2025-03-10 20:05:03.109	NewBlock 1019, Chunks: 0,
2025-03-10 20:09:17.354	NewBlock 1020, Chunks: 0,
2025-03-10 20:09:28.926	NewBlock 1021, Chunks: 0,
2025-03-10 20:09:43.742	NewBlock 1022, Chunks: 0,
2025-03-10 20:09:52.091	NewBlock 1023, Chunks: 0,
2025-03-10 20:09:56.538	NewBlock 1024, Chunks: 0,
2025-03-10 20:10:05.730	NewBlock 1025, Chunks: 0,
2025-03-10 20:10:15.324	NewBlock 1026, Chunks: 0,
2025-03-10 20:10:24.181	NewBlock 1027, Chunks: 0,
2025-03-10 20:10:39.020	NewBlock 1028, Chunks: 0,
2025-03-10 20:10:44.073	NewBlock 1029, Chunks: 0,
2025-03-10 20:10:48.779	NewBlock 1030, Chunks: 0,
2025-03-10 20:12:28.979	NewBlock 1031, Chunks: 0,
2025-03-10 20:12:45.180	NewBlock 1032, Chunks: 0,
2025-03-10 20:12:56.262	NewBlock 1033, Chunks: 0,
2025-03-10 20:13:02.000	NewBlock 1034, Chunks: 0,
2025-03-10 20:13:06.459	NewBlock 1034, Chunks: 0,
2025-03-10 20:13:06.480	NewBlock 1035, Chunks: 0,
2025-03-10 20:13:11.027	NewBlock 1036, Chunks: 0,
2025-03-10 20:13:21.644	NewBlock 1037, Chunks: 0,
2025-03-10 20:13:34.928	NewBlock 1038, Chunks: 0,
2025-03-10 20:13:54.791	NewBlock 1039, Chunks: 0,
2025-03-10 20:14:17.069	NewBlock 1040, Chunks: 0,
2025-03-10 20:14:31.152	NewBlock 1041, Chunks: 0,
2025-03-10 20:14:46.861	NewBlock 1042, Chunks: 0,
2025-03-10 20:15:12.236	NewBlock 1043, Chunks: 0,
2025-03-10 20:15:25.488	NewBlock 1044, Chunks: 0,
2025-03-10 20:15:39.845	NewBlock 1045, Chunks: 0,
2025-03-10 20:15:44.292	NewBlock 1046, Chunks: 0,
2025-03-10 20:16:01.440	NewBlock 1047, Chunks: 0,
2025-03-10 20:16:13.091	NewBlock 1048, Chunks: 0,
2025-03-10 20:16:31.197	NewBlock 1049, Chunks: 0,
2025-03-10 20:16:48.884	NewBlock 1050, Chunks: 0,
2025-03-10 20:17:08.869	NewBlock 1050, Chunks: 0,
2025-03-10 20:17:08.891	NewBlock 1051, Chunks: 0,
2025-03-10 20:17:09.226	NewBlock 1052, Chunks: 0,
2025-03-10 20:17:28.702	NewBlock 1053, Chunks: 0,
2025-03-10 21:44:39.116	NewBlock 1054, Chunks: 0,
2025-03-10 21:44:43.369	NewBlock 1055, Chunks: 0,
2025-03-10 21:44:48.017	NewBlock 1056, Chunks: 0,
2025-03-10 21:44:51.257	NewBlock 1057, Chunks: 0,
2025-03-10 21:45:01.222	NewBlock 1058, Chunks: 0,
2025-03-10 21:45:10.605	NewBlock 1059, Chunks: 0,
2025-03-10 21:45:21.653	NewBlock 1060, Chunks: 0,
2025-03-10 21:45:25.499	NewBlock 1061, Chunks: 0,
2025-03-10 21:45:31.615	NewBlock 1062, Chunks: 0,
2025-03-10 21:45:41.564	NewBlock 1063, Chunks: 0,
2025-03-10 21:45:48.667	NewBlock 1064, Chunks: 0,
2025-03-10 21:59:39.788	NewBlock 1065, Chunks: 0,
2025-03-10 21:59:45.622	NewBlock 1066, Chunks: 0,
2025-03-10 22:00:01.568	NewBlock 1067, Chunks: 0,
2025-03-10 22:00:13.721	NewBlock 1068, Chunks: 0,
2025-03-10 22:00:20.882	NewBlock 1069, Chunks: 0,
2025-03-10 22:00:34.134	NewBlock 1070, Chunks: 0,
2025-03-10 22:00:41.295	NewBlock 1071, Chunks: 0,
2025-03-10 22:00:44.080	NewBlock 1072, Chunks: 0,
2025-03-10 22:00:54.545	NewBlock 1073, Chunks: 0,
2025-03-10 22:00:58.444	NewBlock 1074, Chunks: 0,
2025-03-10 22:01:11.314	NewBlock 1075, Chunks: 0,
2025-03-10 22:01:18.348	NewBlock 1076, Chunks: 0,
2025-03-10 22:01:37.154	NewBlock 1077, Chunks: 0,
2025-03-10 22:02:46.038	NewBlock 1078, Chunks: 0,
2025-03-10 22:02:55.888	NewBlock 1079, Chunks: 0,
2025-03-10 22:03:09.142	NewBlock 1080, Chunks: 0,
2025-03-10 22:03:17.990	NewBlock 1081, Chunks: 0,
2025-03-10 22:03:23.951	NewBlock 1082, Chunks: 0,
2025-03-10 22:03:31.717	NewBlock 1083, Chunks: 0,
2025-03-10 22:03:42.905	NewBlock 1084, Chunks: 0,
2025-03-10 22:04:08.212	NewBlock 1085, Chunks: 0,
2025-03-10 22:04:13.879	NewBlock 1086, Chunks: 0,
2025-03-10 22:04:31.647	NewBlock 1087, Chunks: 0,
2025-03-10 22:04:51.435	NewBlock 1088, Chunks: 0,
2025-03-10 22:05:12.518	NewBlock 1089, Chunks: 0,
2025-03-10 22:09:32.688	NewBlock 1090, Chunks: 0,
2025-03-10 22:09:40.071	NewBlock 1091, Chunks: 0,
2025-03-10 22:09:45.615	NewBlock 1092, Chunks: 0,
2025-03-10 22:09:52.531	NewBlock 1093, Chunks: 0,
2025-03-10 22:09:59.181	NewBlock 1094, Chunks: 0,
2025-03-10 22:10:03.171	NewBlock 1095, Chunks: 0,
2025-03-10 22:10:15.423	NewBlock 1096, Chunks: 0,
2025-03-10 22:10:20.145	NewBlock 1097, Chunks: 0,
2025-03-10 22:10:24.626	NewBlock 1098, Chunks: 0,
2025-03-10 22:10:36.489	NewBlock 1099, Chunks: 0,
2025-03-10 22:10:51.084	NewBlock 1100, Chunks: 0,
2025-03-10 22:12:34.564	NewBlock 1101, Chunks: 0,
2025-03-10 22:12:35.392	NewBlock 1102, Chunks: 0,
2025-03-10 22:12:45.150	NewBlock 1103, Chunks: 0,
2025-03-10 22:12:52.400	NewBlock 1104, Chunks: 0,
2025-03-10 22:13:07.862	NewBlock 1105, Chunks: 0,
2025-03-10 22:13:13.601	NewBlock 1106, Chunks: 0,
2025-03-10 22:13:22.788	NewBlock 1107, Chunks: 0,
2025-03-10 22:13:32.941	NewBlock 1108, Chunks: 0,
2025-03-10 22:13:33.851	NewBlock 1109, Chunks: 0,
2025-03-10 22:13:58.533	NewBlock 1110, Chunks: 0,
2025-03-10 22:14:17.724	NewBlock 1111, Chunks: 0,
2025-03-10 22:14:39.409	NewBlock 1112, Chunks: 0,
2025-03-10 22:14:59.297	NewBlock 1113, Chunks: 0,
2025-03-10 22:15:11.372	NewBlock 1114, Chunks: 0,
2025-03-10 22:15:24.950	NewBlock 1115, Chunks: 0,
2025-03-10 22:15:34.512	NewBlock 1116, Chunks: 0,
2025-03-10 22:15:58.111	NewBlock 1117, Chunks: 0,
2025-03-10 22:16:04.682	NewBlock 1118, Chunks: 0,
2025-03-10 22:28:28.010	NewBlock 1119, Chunks: 0,
2025-03-10 22:28:32.364	NewBlock 1120, Chunks: 0,
2025-03-10 22:28:37.210	NewBlock 1121, Chunks: 0,
2025-03-10 22:28:46.666	NewBlock 1122, Chunks: 0,
2025-03-10 22:28:53.328	NewBlock 1123, Chunks: 0,
2025-03-10 22:29:01.074	NewBlock 1124, Chunks: 0,
2025-03-10 22:29:07.733	NewBlock 1125, Chunks: 0,
2025-03-10 22:29:14.386	NewBlock 1126, Chunks: 0,
2025-03-10 22:29:22.467	NewBlock 1127, Chunks: 0,
2025-03-10 22:29:33.719	NewBlock 1128, Chunks: 0,
2025-03-10 22:29:39.304	NewBlock 1129, Chunks: 0,
2025-03-10 22:35:29.083	NewBlock 1130, Chunks: 0,
2025-03-10 22:35:33.721	NewBlock 1131, Chunks: 0,
2025-03-10 22:35:45.560	NewBlock 1132, Chunks: 0,
2025-03-10 22:35:49.182	NewBlock 1133, Chunks: 0,
2025-03-10 22:35:55.832	NewBlock 1134, Chunks: 0,
2025-03-10 22:36:07.980	NewBlock 1135, Chunks: 0,
2025-03-10 22:36:16.558	NewBlock 1136, Chunks: 0,
2025-03-10 22:36:31.837	NewBlock 1137, Chunks: 0,
2025-03-10 22:36:44.379	NewBlock 1138, Chunks: 0,
2025-03-10 22:36:53.256	NewBlock 1139, Chunks: 0,
2025-03-10 22:36:58.235	NewBlock 1140, Chunks: 0,
2025-03-10 22:37:14.822	NewBlock 1141, Chunks: 0,
2025-03-10 22:37:35.205	NewBlock 1142, Chunks: 0,
2025-03-10 22:37:54.954	NewBlock 1143, Chunks: 0,
2025-03-10 22:38:17.017	NewBlock 1144, Chunks: 0,
2025-03-10 22:38:29.178	NewBlock 1145, Chunks: 0,
2025-03-10 22:38:44.485	NewBlock 1146, Chunks: 0,
2025-03-10 22:38:54.529	NewBlock 1147, Chunks: 0,
2025-03-10 22:39:16.504	NewBlock 1148, Chunks: 0,
2025-03-10 22:39:25.393	NewBlock 1149, Chunks: 0,
2025-03-10 22:39:37.548	NewBlock 1150, Chunks: 0,
2025-03-10 22:43:32.075	NewBlock 1151, Chunks: 0,
2025-03-10 22:43:37.875	NewBlock 1152, Chunks: 0,
2025-03-10 22:43:47.170	NewBlock 1153, Chunks: 0,
2025-03-10 22:43:54.125	NewBlock 1154, Chunks: 0,
2025-03-10 22:44:11.665	NewBlock 1155, Chunks: 0,
2025-03-10 22:44:20.573	NewBlock 1156, Chunks: 0,
2025-03-10 22:44:33.819	NewBlock 1157, Chunks: 0,
2025-03-10 22:44:42.757	NewBlock 1158, Chunks: 0,
2025-03-10 22:44:51.605	NewBlock 1159, Chunks: 0,
2025-03-10 22:44:57.356	NewBlock 1160, Chunks: 0,
2025-03-10 22:45:04.913	NewBlock 1161, Chunks: 0,
2025-03-10 22:47:03.524	NewBlock 1162, Chunks: 0,
2025-03-10 22:47:10.216	NewBlock 1163, Chunks: 0,
2025-03-10 22:47:20.500	NewBlock 1164, Chunks: 0,
2025-03-10 22:47:29.858	NewBlock 1165, Chunks: 0,
2025-03-10 22:47:41.936	NewBlock 1166, Chunks: 0,
2025-03-10 22:47:46.993	NewBlock 1167, Chunks: 0,
2025-03-10 22:47:53.444	NewBlock 1168, Chunks: 0,
2025-03-10 22:47:58.004	NewBlock 1169, Chunks: 0,
2025-03-10 22:48:22.394	NewBlock 1170, Chunks: 0,
2025-03-10 22:48:38.874	NewBlock 1171, Chunks: 0,
2025-03-10 22:48:52.228	NewBlock 1172, Chunks: 0,
2025-03-10 22:56:07.272	NewBlock 1173, Chunks: 0,
2025-03-10 22:56:17.243	NewBlock 1174, Chunks: 0,
2025-03-10 22:56:23.403	NewBlock 1175, Chunks: 0,
2025-03-10 22:56:28.150	NewBlock 1176, Chunks: 0,
2025-03-10 22:56:39.233	NewBlock 1177, Chunks: 0,
2025-03-10 22:56:51.384	NewBlock 1178, Chunks: 0,
2025-03-10 22:56:54.749	NewBlock 1179, Chunks: 0,
2025-03-10 22:57:04.695	NewBlock 1180, Chunks: 0,
2025-03-10 22:57:10.054	NewBlock 1181, Chunks: 0,
2025-03-10 22:57:17.314	NewBlock 1182, Chunks: 0,
2025-03-10 22:57:28.375	NewBlock 1183, Chunks: 0,
2025-03-10 22:57:49.562	NewBlock 1184, Chunks: 0,
2025-03-10 22:58:12.937	NewBlock 1185, Chunks: 0,
2025-03-10 22:58:34.614	NewBlock 1186, Chunks: 0,
2025-03-10 22:58:52.609	NewBlock 1187, Chunks: 0,
2025-03-10 22:59:06.537	NewBlock 1188, Chunks: 0,
2025-03-10 22:59:25.668	NewBlock 1189, Chunks: 0,
2025-03-10 22:59:29.745	NewBlock 1190, Chunks: 0,
2025-03-10 22:59:43.323	NewBlock 1191, Chunks: 0,
2025-03-10 22:59:55.476	NewBlock 1192, Chunks: 0,
2025-03-10 23:00:09.819	NewBlock 1193, Chunks: 0,
2025-03-10 23:00:25.894	NewBlock 1194, Chunks: 0,
2025-03-10 23:00:40.671	NewBlock 1195, Chunks: 0,
2025-03-10 23:00:59.445	NewBlock 1196, Chunks: 0,
2025-03-10 23:01:25.921	NewBlock 1197, Chunks: 0,
2025-03-10 23:01:29.871	NewBlock 1197, Chunks: 0,
2025-03-10 23:01:29.907	NewBlock 1198, Chunks: 0,
2025-03-10 23:09:04.838	NewBlock 1199, Chunks: 0,
2025-03-10 23:09:10.397	NewBlock 1200, Chunks: 0,
2025-03-10 23:09:18.146	NewBlock 1201, Chunks: 0,
2025-03-10 23:09:24.799	NewBlock 1202, Chunks: 0,
2025-03-10 23:09:30.834	NewBlock 1203, Chunks: 0,
2025-03-10 23:09:38.492	NewBlock 1204, Chunks: 0,
2025-03-10 23:09:49.041	NewBlock 1205, Chunks: 0,
2025-03-10 23:09:56.275	NewBlock 1206, Chunks: 0,
2025-03-10 23:10:02.726	NewBlock 1207, Chunks: 0,
2025-03-10 23:10:18.525	NewBlock 1207, Chunks: 0,
2025-03-10 23:10:18.565	NewBlock 1208, Chunks: 0,
2025-03-10 23:10:25.446	NewBlock 1209, Chunks: 0,
2025-03-10 23:10:42.004	NewBlock 1210, Chunks: 0,
2025-03-10 23:11:01.278	NewBlock 1211, Chunks: 0,
2025-03-10 23:11:26.061	NewBlock 1212, Chunks: 0,
2025-03-10 23:11:45.440	NewBlock 1213, Chunks: 0,
2025-03-10 23:53:06.279	NewBlock 1214, Chunks: 0,
2025-03-10 23:53:13.719	NewBlock 1215, Chunks: 0,
2025-03-10 23:53:23.925	NewBlock 1216, Chunks: 0,
2025-03-10 23:53:29.075	NewBlock 1217, Chunks: 0,
2025-03-10 23:53:35.728	NewBlock 1218, Chunks: 0,
2025-03-10 23:53:43.186	NewBlock 1219, Chunks: 0,
2025-03-10 23:53:48.033	NewBlock 1220, Chunks: 0,
2025-03-10 23:53:54.303	NewBlock 1221, Chunks: 0,
2025-03-10 23:53:57.755	NewBlock 1222, Chunks: 0,
2025-03-10 23:54:02.120	NewBlock 1223, Chunks: 0,
2025-03-10 23:54:16.496	NewBlock 1224, Chunks: 0,
2025-03-10 23:54:22.055	NewBlock 1225, Chunks: 0,
2025-03-10 23:54:57.238	NewBlock 1226, Chunks: 0,
2025-03-10 23:55:22.524	NewBlock 1227, Chunks: 0,
2025-03-10 23:55:50.223	NewBlock 1228, Chunks: 0,
2025-03-10 23:55:53.366	NewBlock 1229, Chunks: 0,
2025-03-10 23:56:06.716	NewBlock 1230, Chunks: 0,
2025-03-10 23:56:27.503	NewBlock 1231, Chunks: 0,
2025-03-10 23:56:37.672	NewBlock 1232, Chunks: 0,
2025-03-10 23:56:51.939	NewBlock 1233, Chunks: 0,
2025-03-10 23:56:59.680	NewBlock 1234, Chunks: 0,
2025-03-10 23:57:13.868	NewBlock 1235, Chunks: 0,
2025-03-10 23:57:28.338	NewBlock 1236, Chunks: 0,
2025-03-10 23:57:54.799	NewBlock 1237, Chunks: 0,
2025-03-10 23:58:03.487	NewBlock 1238, Chunks: 0,
2025-03-10 23:58:19.109	NewBlock 1239, Chunks: 0,
2025-03-10 23:58:35.286	NewBlock 1240, Chunks: 0,
2025-03-10 23:58:48.868	NewBlock 1241, Chunks: 0,
2025-03-10 23:59:02.120	NewBlock 1242, Chunks: 0,
2025-03-10 23:59:19.784	NewBlock 1243, Chunks: 0,
2025-03-10 23:59:30.846	NewBlock 1244, Chunks: 0,
2025-03-10 23:59:46.959	NewBlock 1245, Chunks: 0,
2025-03-11 00:16:31.960	NewBlock 1246, Chunks: 0,
2025-03-11 00:16:44.822	NewBlock 1247, Chunks: 0,
2025-03-11 00:16:55.883	NewBlock 1248, Chunks: 0,
2025-03-11 00:17:06.038	NewBlock 1249, Chunks: 0,
2025-03-11 00:17:11.698	NewBlock 1250, Chunks: 0,
2025-03-11 00:17:23.404	NewBlock 1251, Chunks: 0,
2025-03-11 00:17:27.147	NewBlock 1252, Chunks: 0,
2025-03-11 00:17:38.198	NewBlock 1253, Chunks: 0,
2025-03-11 00:17:49.907	NewBlock 1254, Chunks: 0,
2025-03-11 00:17:55.869	NewBlock 1255, Chunks: 0,
2025-03-11 00:18:01.421	NewBlock 1256, Chunks: 0,
2025-03-11 00:18:05.927	NewBlock 1257, Chunks: 0,
2025-03-11 00:18:35.792	NewBlock 1258, Chunks: 0,
2025-03-11 00:19:00.063	NewBlock 1259, Chunks: 0,
2025-03-11 00:19:30.964	NewBlock 1260, Chunks: 0,
2025-03-11 00:19:40.143	NewBlock 1261, Chunks: 0,
2025-03-11 00:19:46.426	NewBlock 1262, Chunks: 0,
2025-03-11 00:20:00.816	NewBlock 1263, Chunks: 0,
2025-03-11 00:20:11.873	NewBlock 1264, Chunks: 0,
2025-03-11 00:20:26.094	NewBlock 1265, Chunks: 0,
2025-03-11 00:20:47.065	NewBlock 1266, Chunks: 0,
2025-03-11 00:21:03.926	NewBlock 1267, Chunks: 0,
2025-03-11 00:21:15.651	NewBlock 1268, Chunks: 0,
2025-03-11 00:21:27.108	NewBlock 1269, Chunks: 0,
2025-03-11 00:21:43.572	NewBlock 1270, Chunks: 0,
2025-03-11 00:22:00.144	NewBlock 1271, Chunks: 0,
2025-03-11 00:22:15.118	NewBlock 1272, Chunks: 0,
2025-03-11 00:34:34.628	NewBlock 1273, Chunks: 0,
2025-03-11 00:34:44.857	NewBlock 1274, Chunks: 0,
2025-03-11 00:34:54.492	NewBlock 1275, Chunks: 0,
2025-03-11 00:34:58.980	NewBlock 1276, Chunks: 0,
2025-03-11 00:35:10.035	NewBlock 1277, Chunks: 0,
2025-03-11 00:35:20.057	NewBlock 1278, Chunks: 0,
2025-03-11 00:35:23.607	NewBlock 1279, Chunks: 0,
2025-03-11 00:35:27.948	NewBlock 1280, Chunks: 0,
2025-03-11 00:35:34.110	NewBlock 1281, Chunks: 0,
2025-03-11 00:35:37.649	NewBlock 1282, Chunks: 0,
2025-03-11 00:35:48.603	NewBlock 1283, Chunks: 0,
2025-03-11 00:35:56.366	NewBlock 1284, Chunks: 0,
2025-03-11 00:46:09.303	NewBlock 1285, Chunks: 0,
2025-03-11 00:46:22.573	NewBlock 1286, Chunks: 0,
2025-03-11 00:46:29.225	NewBlock 1287, Chunks: 0,
2025-03-11 00:46:30.152	NewBlock 1288, Chunks: 0,
2025-03-11 00:46:41.201	NewBlock 1289, Chunks: 0,
2025-03-11 00:46:44.847	NewBlock 1290, Chunks: 0,
2025-03-11 00:46:48.089	NewBlock 1291, Chunks: 0,
2025-03-11 00:46:59.142	NewBlock 1292, Chunks: 0,
2025-03-11 00:47:02.603	NewBlock 1293, Chunks: 0,
2025-03-11 00:47:14.877	NewBlock 1294, Chunks: 0,
2025-03-11 00:47:23.215	NewBlock 1295, Chunks: 0,
2025-03-11 00:48:16.118	NewBlock 1296, Chunks: 0,
2025-03-11 00:48:28.280	NewBlock 1297, Chunks: 0,
2025-03-11 00:48:40.430	NewBlock 1298, Chunks: 0,
2025-03-11 00:48:51.666	NewBlock 1299, Chunks: 0,
2025-03-11 00:49:05.788	NewBlock 1300, Chunks: 0,
2025-03-11 00:49:16.839	NewBlock 1301, Chunks: 0,
2025-03-11 00:49:31.376	NewBlock 1302, Chunks: 0,
2025-03-11 00:49:47.681	NewBlock 1303, Chunks: 0,
2025-03-11 00:49:58.971	NewBlock 1303, Chunks: 0,
2025-03-11 00:49:58.989	NewBlock 1304, Chunks: 0,
2025-03-11 00:50:13.459	NewBlock 1305, Chunks: 0,
2025-03-11 00:50:36.168	NewBlock 1306, Chunks: 0,
2025-03-11 01:01:03.921	NewBlock 1307, Chunks: 0,
2025-03-11 01:01:15.880	NewBlock 1308, Chunks: 0,
2025-03-11 01:01:26.583	NewBlock 1309, Chunks: 0,
2025-03-11 01:01:31.099	NewBlock 1310, Chunks: 0,
2025-03-11 01:01:37.866	NewBlock 1311, Chunks: 0,
2025-03-11 01:01:53.325	NewBlock 1312, Chunks: 0,
2025-03-11 01:01:58.801	NewBlock 1313, Chunks: 0,
2025-03-11 01:02:06.649	NewBlock 1314, Chunks: 0,
2025-03-11 01:02:17.573	NewBlock 1315, Chunks: 0,
2025-03-11 01:02:25.720	NewBlock 1316, Chunks: 0,
2025-03-11 01:02:34.119	NewBlock 1317, Chunks: 0,
2025-03-11 01:02:42.977	NewBlock 1318, Chunks: 0,
2025-03-11 01:03:58.955	NewBlock 1319, Chunks: 0,
2025-03-11 01:04:06.713	NewBlock 1320, Chunks: 0,
2025-03-11 01:04:14.243	NewBlock 1321, Chunks: 0,
2025-03-11 01:04:20.897	NewBlock 1322, Chunks: 0,
2025-03-11 01:04:34.274	NewBlock 1323, Chunks: 0,
2025-03-11 01:04:48.579	NewBlock 1324, Chunks: 0,
2025-03-11 01:04:55.227	NewBlock 1325, Chunks: 0,
2025-03-11 01:05:19.479	NewBlock 1326, Chunks: 0,
2025-03-11 01:05:26.085	NewBlock 1327, Chunks: 0,
2025-03-11 01:05:47.965	NewBlock 1328, Chunks: 0,
2025-03-11 01:05:58.039	NewBlock 1329, Chunks: 0,
2025-03-11 01:06:53.134	NewBlock 1330, Chunks: 0,
2025-03-11 01:07:03.054	NewBlock 1331, Chunks: 0,
2025-03-11 01:07:03.128	NewBlock 1332, Chunks: 0,
2025-03-11 01:07:12.908	NewBlock 1333, Chunks: 0,
2025-03-11 01:07:27.390	NewBlock 1334, Chunks: 0,
2025-03-11 01:07:36.236	NewBlock 1335, Chunks: 0,
2025-03-11 01:07:52.413	NewBlock 1336, Chunks: 0,
2025-03-11 01:08:11.518	NewBlock 1337, Chunks: 0,
2025-03-11 01:08:35.775	NewBlock 1338, Chunks: 0,
2025-03-11 01:08:42.150	NewBlock 1339, Chunks: 0,
2025-03-11 01:09:00.814	NewBlock 1340, Chunks: 0,
2025-03-11 01:09:11.987	NewBlock 1340, Chunks: 0,
2025-03-11 01:09:12.006	NewBlock 1341, Chunks: 0,
2025-03-11 01:10:40.005	NewBlock 1342, Chunks: 0,
2025-03-11 01:10:55.463	NewBlock 1343, Chunks: 0,
2025-03-11 01:11:05.324	NewBlock 1344, Chunks: 0,
2025-03-11 01:11:12.076	NewBlock 1345, Chunks: 0,
2025-03-11 01:11:26.286	NewBlock 1346, Chunks: 0,
2025-03-11 01:11:31.928	NewBlock 1347, Chunks: 0,
2025-03-11 01:11:38.573	NewBlock 1348, Chunks: 0,
2025-03-11 01:11:45.228	NewBlock 1349, Chunks: 0,
2025-03-11 01:12:07.104	NewBlock 1350, Chunks: 0,
2025-03-11 01:12:20.484	NewBlock 1351, Chunks: 0,
2025-03-11 01:12:45.877	NewBlock 1352, Chunks: 0,
2025-03-11 01:13:03.122	NewBlock 1353, Chunks: 0,
2025-03-11 01:13:18.929	NewBlock 1354, Chunks: 0,
2025-03-11 01:13:32.819	NewBlock 1355, Chunks: 0,
2025-03-11 01:13:50.489	NewBlock 1356, Chunks: 0,
2025-03-11 01:14:09.265	NewBlock 1357, Chunks: 0,
2025-03-11 01:14:17.318	NewBlock 1358, Chunks: 0,
2025-03-11 01:14:34.452	NewBlock 1359, Chunks: 0,
2025-03-11 01:14:42.406	NewBlock 1360, Chunks: 0,
2025-03-11 01:15:01.444	NewBlock 1361, Chunks: 0,
2025-03-11 01:15:14.424	NewBlock 1362, Chunks: 0,
2025-03-11 01:15:54.324	NewBlock 1363, Chunks: 0,
2025-03-11 01:16:10.453	NewBlock 1364, Chunks: 0,
2025-03-11 01:16:15.004	NewBlock 1365, Chunks: 0,
2025-03-11 01:16:20.159	NewBlock 1366, Chunks: 0,
2025-03-11 01:16:38.132	NewBlock 1367, Chunks: 0,
2025-03-11 01:16:54.592	NewBlock 1368, Chunks: 0,
2025-03-11 01:17:04.885	NewBlock 1368, Chunks: 0,
2025-03-11 01:17:04.905	NewBlock 1369, Chunks: 0,
2025-03-11 01:17:20.164	NewBlock 1370, Chunks: 0,
2025-03-11 01:17:45.538	NewBlock 1371, Chunks: 0,
2025-03-11 01:17:52.222	NewBlock 1372, Chunks: 0,
2025-03-11 01:18:05.470	NewBlock 1373, Chunks: 0,
2025-03-11 01:23:57.685	NewBlock 1374, Chunks: 0,
2025-03-11 01:24:05.227	NewBlock 1375, Chunks: 0,
2025-03-11 01:24:08.734	NewBlock 1376, Chunks: 0,
2025-03-11 01:24:14.787	NewBlock 1377, Chunks: 0,
2025-03-11 01:24:26.396	NewBlock 1378, Chunks: 0,
2025-03-11 01:24:34.059	NewBlock 1379, Chunks: 0,
2025-03-11 01:24:37.565	NewBlock 1380, Chunks: 0,
2025-03-11 01:24:45.332	NewBlock 1381, Chunks: 0,
2025-03-11 01:24:52.342	NewBlock 1382, Chunks: 0,
2025-03-11 01:25:00.087	NewBlock 1383, Chunks: 0,
2025-03-11 01:25:04.082	NewBlock 1384, Chunks: 0,
2025-03-11 01:25:30.874	NewBlock 1385, Chunks: 0,
2025-03-11 01:25:52.068	NewBlock 1386, Chunks: 0,
2025-03-11 01:26:11.744	NewBlock 1387, Chunks: 0,
2025-03-11 01:26:34.035	NewBlock 1388, Chunks: 0,
2025-03-11 01:26:43.707	NewBlock 1389, Chunks: 0,
2025-03-11 01:26:57.075	NewBlock 1390, Chunks: 0,
2025-03-11 01:27:07.820	NewBlock 1391, Chunks: 0,
2025-03-11 01:27:21.172	NewBlock 1392, Chunks: 0,
2025-03-11 01:27:35.427	NewBlock 1393, Chunks: 0,
2025-03-11 01:44:58.155	NewBlock 1394, Chunks: 0,
2025-03-11 01:45:06.508	NewBlock 1395, Chunks: 0,
2025-03-11 01:45:14.260	NewBlock 1396, Chunks: 0,
2025-03-11 01:45:20.912	NewBlock 1397, Chunks: 0,
2025-03-11 01:45:26.360	NewBlock 1398, Chunks: 0,
2025-03-11 01:45:33.005	NewBlock 1399, Chunks: 0,
2025-03-11 01:45:39.887	NewBlock 1400, Chunks: 0,
2025-03-11 01:45:47.468	NewBlock 1401, Chunks: 0,
2025-03-11 01:45:55.328	NewBlock 1402, Chunks: 0,
2025-03-11 01:46:06.461	NewBlock 1403, Chunks: 0,
2025-03-11 01:46:14.101	NewBlock 1404, Chunks: 0,
2025-03-11 01:46:25.830	NewBlock 1405, Chunks: 0,
2025-03-11 01:46:44.601	NewBlock 1406, Chunks: 0,
2025-03-11 01:47:04.471	NewBlock 1407, Chunks: 0,
2025-03-11 01:47:23.523	NewBlock 1408, Chunks: 0,
2025-03-11 01:47:44.074	NewBlock 1409, Chunks: 0,
2025-03-11 01:47:57.332	NewBlock 1410, Chunks: 0,
2025-03-11 01:48:11.597	NewBlock 1411, Chunks: 0,
2025-03-11 01:48:25.189	NewBlock 1412, Chunks: 0,
2025-03-11 01:48:40.399	NewBlock 1413, Chunks: 0,
2025-03-11 01:48:55.969	NewBlock 1414, Chunks: 0,
2025-03-11 01:49:10.031	NewBlock 1415, Chunks: 0,
2025-03-11 01:49:25.762	NewBlock 1416, Chunks: 0,
2025-03-11 01:49:44.331	NewBlock 1417, Chunks: 0,
2025-03-11 01:49:54.504	NewBlock 1418, Chunks: 0,
2025-03-11 01:50:08.621	NewBlock 1419, Chunks: 0,
2025-03-11 01:50:24.287	NewBlock 1420, Chunks: 0,
2025-03-11 02:03:44.269	NewBlock 1421, Chunks: 0,
2025-03-11 02:03:45.233	NewBlock 1422, Chunks: 0,
2025-03-11 02:03:50.930	NewBlock 1423, Chunks: 0,
2025-03-11 02:03:56.384	NewBlock 1424, Chunks: 0,
2025-03-11 02:04:07.483	NewBlock 1425, Chunks: 0,
2025-03-11 02:04:10.875	NewBlock 1426, Chunks: 0,
2025-03-11 02:04:23.971	NewBlock 1427, Chunks: 0,
2025-03-11 02:04:31.737	NewBlock 1428, Chunks: 0,
2025-03-11 02:04:38.449	NewBlock 1429, Chunks: 0,
2025-03-11 02:04:43.983	NewBlock 1430, Chunks: 0,
2025-03-11 02:04:50.675	NewBlock 1431, Chunks: 0,
2025-03-11 02:05:51.107	NewBlock 1432, Chunks: 0,
2025-03-11 02:06:00.872	NewBlock 1433, Chunks: 0,
2025-03-11 02:06:09.816	NewBlock 1434, Chunks: 0,
2025-03-11 02:06:20.962	NewBlock 1435, Chunks: 0,
2025-03-11 02:06:33.990	NewBlock 1436, Chunks: 0,
2025-03-11 02:06:45.246	NewBlock 1437, Chunks: 0,
2025-03-11 02:07:01.911	NewBlock 1438, Chunks: 0,
2025-03-11 02:07:17.179	NewBlock 1439, Chunks: 0,
2025-03-11 02:07:28.140	NewBlock 1440, Chunks: 0,
2025-03-11 02:07:44.780	NewBlock 1441, Chunks: 0,
2025-03-11 02:07:58.994	NewBlock 1442, Chunks: 0,
2025-03-11 02:08:14.454	NewBlock 1443, Chunks: 0,
2025-03-11 02:08:35.410	NewBlock 1444, Chunks: 0,
2025-03-11 02:08:46.404	NewBlock 1445, Chunks: 0,
2025-03-11 02:08:58.764	NewBlock 1446, Chunks: 0,
2025-03-11 02:09:20.608	NewBlock 1447, Chunks: 0,
2025-03-11 02:09:31.684	NewBlock 1448, Chunks: 0,
2025-03-11 02:09:43.880	NewBlock 1449, Chunks: 0,
2025-03-11 02:10:01.538	NewBlock 1450, Chunks: 0,
2025-03-11 02:10:24.424	NewBlock 1451, Chunks: 0,
2025-03-11 02:10:27.990	NewBlock 1452, Chunks: 0,
2025-03-11 02:10:46.432	NewBlock 1453, Chunks: 0,
2025-03-11 02:10:58.874	NewBlock 1454, Chunks: 0,
2025-03-11 02:11:19.529	NewBlock 1455, Chunks: 0,
2025-03-11 02:11:34.795	NewBlock 1456, Chunks: 0,
2025-03-11 02:11:44.061	NewBlock 1457, Chunks: 0,
2025-03-11 02:11:58.412	NewBlock 1458, Chunks: 0,
2025-03-11 02:12:22.402	NewBlock 1459, Chunks: 0,
2025-03-11 02:12:31.502	NewBlock 1460, Chunks: 0,
2025-03-11 02:12:46.594	NewBlock 1461, Chunks: 0,
2025-03-11 02:13:00.755	NewBlock 1462, Chunks: 0,
2025-03-11 02:13:20.758	NewBlock 1463, Chunks: 0,
