2025-03-08 01:37:29.775	Initialized. Chunks: 0
2025-03-08 01:37:29.852	Entity (00000105, 0000000026aeb46460b60cdd54070e6283ccda0a) added successfully
2025-03-08 01:37:29.873	NewBlock 0, Chunks: 0,
2025-03-08 01:37:29.946	NewBlock 1, Chunks: 0,
2025-03-08 01:37:29.987	NewBlock 2, Chunks: 0,
2025-03-08 01:37:43.231	NewBlock 3, Chunks: 0,
2025-03-08 01:38:01.541	Initialized. Chunks: 0
2025-03-08 01:38:12.652	NewBlock 4, Chunks: 0,
2025-03-08 01:38:22.668	Entity (00000105, 00000000ee3726947081a3b7237af42605d65769) added successfully
2025-03-08 01:38:22.897	Entity (00000105, 000000002b254495a26eea7242b245403dd83e0b) added successfully
2025-03-08 01:38:23.124	Entity (00000105, 000000007d92e3dc1b691c73aac0ec5def1b81d8) added successfully
2025-03-08 01:38:24.804	NewBlock 5, Chunks: 0,
2025-03-08 01:38:36.953	NewBlock 6, Chunks: 0,
2025-03-08 01:38:44.705	NewBlock 7, Chunks: 0,
2025-03-08 01:39:00.168	NewBlock 8, Chunks: 0,
2025-03-08 01:39:21.123	NewBlock 9, Chunks: 0,
2025-03-08 01:39:37.691	NewBlock 10, Chunks: 0,
2025-03-08 01:39:55.383	NewBlock 11, Chunks: 0,
2025-03-08 01:40:24.036	NewBlock 12, Chunks: 0,
2025-03-08 01:40:38.399	NewBlock 13, Chunks: 0,
2025-03-08 01:40:52.752	NewBlock 14, Chunks: 0,
2025-03-08 01:41:08.213	NewBlock 15, Chunks: 0,
2025-03-08 01:41:09.364	NewBlock 16, Chunks: 0,
2025-03-08 01:41:23.715	NewBlock 17, Chunks: 0,
2025-03-08 01:41:44.660	NewBlock 18, Chunks: 0,
2025-03-08 01:41:56.608	NewBlock 19, Chunks: 0,
2025-03-08 01:42:13.268	NewBlock 20, Chunks: 0,
2025-03-08 01:42:32.006	NewBlock 21, Chunks: 0,
2025-03-08 01:42:44.284	NewBlock 21, Chunks: 0,
2025-03-08 01:42:44.305	NewBlock 22, Chunks: 0,
2025-03-08 01:43:05.268	NewBlock 23, Chunks: 0,
2025-03-08 01:43:15.920	NewBlock 24, Chunks: 0,
2025-03-08 01:43:30.577	NewBlock 25, Chunks: 0,
2025-03-08 01:43:44.547	NewBlock 26, Chunks: 0,
2025-03-08 01:44:05.527	NewBlock 27, Chunks: 0,
2025-03-08 01:44:11.100	NewBlock 28, Chunks: 0,
2025-03-08 01:44:29.866	NewBlock 29, Chunks: 0,
2025-03-08 01:44:45.647	NewBlock 29, Chunks: 0,
2025-03-08 01:44:45.668	NewBlock 30, Chunks: 0,
2025-03-08 01:45:05.539	NewBlock 31, Chunks: 0,
2025-03-08 01:45:15.590	NewBlock 32, Chunks: 0,
2025-03-08 01:45:32.565	NewBlock 33, Chunks: 0,
2025-03-08 01:45:43.611	NewBlock 34, Chunks: 0,
2025-03-08 01:45:59.589	NewBlock 35, Chunks: 0,
2025-03-08 01:46:12.851	NewBlock 36, Chunks: 0,
2025-03-08 01:46:29.879	NewBlock 37, Chunks: 0,
2025-03-08 01:46:42.057	NewBlock 38, Chunks: 0,
2025-03-08 01:47:01.157	NewBlock 39, Chunks: 0,
2025-03-08 01:47:14.618	NewBlock 40, Chunks: 0,
2025-03-08 01:47:27.875	NewBlock 41, Chunks: 0,
2025-03-08 01:47:49.746	NewBlock 42, Chunks: 0,
2025-03-08 01:47:58.056	NewBlock 43, Chunks: 0,
2025-03-08 01:48:14.023	NewBlock 44, Chunks: 0,
2025-03-08 01:48:26.704	NewBlock 45, Chunks: 0,
2025-03-08 01:48:42.912	NewBlock 46, Chunks: 0,
2025-03-08 01:48:56.369	NewBlock 47, Chunks: 0,
2025-03-08 01:49:13.838	NewBlock 48, Chunks: 0,
2025-03-08 01:49:28.204	NewBlock 49, Chunks: 0,
2025-03-08 01:49:40.468	NewBlock 50, Chunks: 0,
2025-03-08 01:50:00.330	NewBlock 51, Chunks: 0,
2025-03-08 01:50:11.112	NewBlock 52, Chunks: 0,
2025-03-08 01:50:34.379	NewBlock 53, Chunks: 0,
2025-03-08 01:50:42.127	NewBlock 54, Chunks: 0,
2025-03-08 01:50:57.488	NewBlock 55, Chunks: 0,
2025-03-08 01:51:11.151	NewBlock 56, Chunks: 0,
2025-03-08 01:51:25.213	NewBlock 57, Chunks: 0,
2025-03-08 01:51:49.900	NewBlock 58, Chunks: 0,
2025-03-08 01:51:56.569	NewBlock 59, Chunks: 0,
2025-03-08 03:04:50.308	Entity (00000005, 000000006eb1f498d693d7d21e87720eeff15f8e) added successfully
2025-03-08 03:04:50.524	Entity (00000005, 00000000be9b42dc5d73716289637d85662586ce) added successfully
2025-03-08 03:05:04.685	NewBlock 60, Chunks: 0,
2025-03-08 03:05:13.537	NewBlock 61, Chunks: 0,
2025-03-08 03:05:17.979	NewBlock 62, Chunks: 0,
2025-03-08 03:05:26.932	NewBlock 63, Chunks: 0,
2025-03-08 03:05:32.370	NewBlock 64, Chunks: 0,
2025-03-08 03:05:39.080	NewBlock 65, Chunks: 0,
2025-03-08 03:05:47.257	NewBlock 65, Chunks: 0,
2025-03-08 03:05:47.276	NewBlock 66, Chunks: 0,
2025-03-08 03:05:51.115	NewBlock 67, Chunks: 0,
2025-03-08 03:05:56.753	NewBlock 68, Chunks: 0,
2025-03-08 03:06:02.269	NewBlock 69, Chunks: 0,
2025-03-08 03:06:08.897	NewBlock 70, Chunks: 0,
2025-03-08 03:07:39.388	Entity (00000005, 000000001105fc417cd29b8f5e092282a3416c62) added successfully
2025-03-08 03:07:39.602	Entity (00000005, 000000008320ff7cd626eda5d830fa0f73c11d83) added successfully
2025-03-08 03:07:53.477	NewBlock 71, Chunks: 0,
2025-03-08 03:08:02.324	NewBlock 72, Chunks: 0,
2025-03-08 03:08:08.883	NewBlock 73, Chunks: 0,
2025-03-08 03:08:17.238	NewBlock 74, Chunks: 0,
2025-03-08 03:08:26.598	NewBlock 75, Chunks: 0,
2025-03-08 03:08:34.349	NewBlock 76, Chunks: 0,
2025-03-08 03:08:42.491	NewBlock 77, Chunks: 0,
2025-03-08 03:09:00.054	NewBlock 78, Chunks: 0,
2025-03-08 03:09:10.713	NewBlock 79, Chunks: 0,
2025-03-08 03:09:33.894	NewBlock 80, Chunks: 0,
2025-03-08 03:09:50.764	NewBlock 81, Chunks: 0,
2025-03-08 03:10:47.167	Entity (00000005, 00000000220ea3ea9718fb5dcfaabc0dab31c5b9) added successfully
2025-03-08 03:10:47.382	Entity (00000005, 0000000089eb78249d27c7e9a34170d6d9d0a9cc) added successfully
2025-03-08 03:11:01.319	NewBlock 82, Chunks: 0,
2025-03-08 03:11:18.480	NewBlock 83, Chunks: 0,
2025-03-08 03:11:27.734	NewBlock 84, Chunks: 0,
2025-03-08 03:11:32.409	NewBlock 85, Chunks: 0,
2025-03-08 03:11:38.879	NewBlock 86, Chunks: 0,
2025-03-08 03:11:43.331	NewBlock 87, Chunks: 0,
2025-03-08 03:11:53.279	NewBlock 88, Chunks: 0,
2025-03-08 03:12:15.385	NewBlock 89, Chunks: 0,
2025-03-08 03:12:29.657	Entity (00000005, 00000000b0080e76d95801344bb984de38025efd) added successfully
2025-03-08 03:12:29.872	Entity (00000005, 00000000f828586ecf519f54628fc3010541c556) added successfully
2025-03-08 03:12:37.855	NewBlock 90, Chunks: 0,
2025-03-08 03:12:53.923	NewBlock 91, Chunks: 0,
2025-03-08 03:13:04.123	NewBlock 92, Chunks: 0,
2025-03-08 03:13:23.684	NewBlock 93, Chunks: 0,
2025-03-08 03:13:40.416	NewBlock 94, Chunks: 0,
2025-03-08 03:13:51.249	NewBlock 95, Chunks: 0,
2025-03-08 03:14:13.297	NewBlock 96, Chunks: 0,
2025-03-08 03:14:19.743	NewBlock 97, Chunks: 0,
2025-03-08 03:14:39.136	Entity (00000005, 00000000c94392b68a13c89967e8317ae4dffce0) added successfully
2025-03-08 03:14:39.360	Entity (00000005, 000000001653363fac0d54aaf86c130683bc287d) added successfully
2025-03-08 03:14:41.990	NewBlock 98, Chunks: 0,
2025-03-08 03:14:54.955	NewBlock 99, Chunks: 0,
2025-03-08 03:15:07.373	NewBlock 100, Chunks: 0,
2025-03-08 03:15:30.359	NewBlock 101, Chunks: 0,
2025-03-08 03:15:41.447	NewBlock 102, Chunks: 0,
2025-03-08 03:15:51.421	NewBlock 103, Chunks: 0,
2025-03-08 03:16:10.205	NewBlock 104, Chunks: 0,
2025-03-08 03:16:22.393	NewBlock 105, Chunks: 0,
2025-03-08 03:16:35.494	NewBlock 106, Chunks: 0,
2025-03-08 03:16:55.499	NewBlock 107, Chunks: 0,
2025-03-08 03:17:07.649	NewBlock 108, Chunks: 0,
2025-03-08 03:17:11.757	Entity (00000005, 00000000b904723f37a7cb7e00ec5bdfe1454efe) added successfully
2025-03-08 03:17:11.980	Entity (00000005, 000000002bfa5b57e4cb246a090796bbd5213d8e) added successfully
2025-03-08 03:17:16.551	NewBlock 109, Chunks: 0,
2025-03-08 03:17:40.538	NewBlock 110, Chunks: 0,
2025-03-08 03:17:51.826	NewBlock 111, Chunks: 0,
2025-03-08 03:18:17.181	NewBlock 112, Chunks: 0,
2025-03-08 03:18:21.645	NewBlock 113, Chunks: 0,
2025-03-08 03:18:35.784	NewBlock 114, Chunks: 0,
2025-03-08 03:18:55.653	NewBlock 115, Chunks: 0,
2025-03-08 03:19:16.342	NewBlock 116, Chunks: 0,
2025-03-08 03:19:21.898	NewBlock 117, Chunks: 0,
2025-03-08 03:19:45.170	NewBlock 118, Chunks: 0,
2025-03-08 03:19:59.358	Entity (00000005, 000000009a4b4a97bd1260a23637b50c9372aca6) added successfully
2025-03-08 03:19:59.582	Entity (00000005, 00000000ee9bf02fc743445b73b7780310a957c8) added successfully
2025-03-08 03:20:01.569	NewBlock 119, Chunks: 0,
2025-03-08 03:20:11.529	NewBlock 120, Chunks: 0,
2025-03-08 03:20:24.702	NewBlock 121, Chunks: 0,
2025-03-08 03:20:42.543	NewBlock 122, Chunks: 0,
2025-03-08 03:20:54.400	NewBlock 123, Chunks: 0,
2025-03-08 03:21:13.439	NewBlock 124, Chunks: 0,
2025-03-08 03:21:23.376	NewBlock 125, Chunks: 0,
2025-03-08 03:21:45.423	NewBlock 126, Chunks: 0,
2025-03-08 03:21:57.573	NewBlock 127, Chunks: 0,
2025-03-08 03:21:58.538	NewBlock 128, Chunks: 0,
2025-03-08 03:22:18.818	Entity (00000005, 00000000d3470196f88dc94718ff685cca50dc11) added successfully
2025-03-08 03:22:19.045	Entity (00000005, 000000005b26de208c850f00e65d1388a6c7828e) added successfully
2025-03-08 03:22:29.608	NewBlock 129, Chunks: 0,
2025-03-08 03:22:42.568	NewBlock 130, Chunks: 0,
2025-03-08 03:22:53.902	NewBlock 131, Chunks: 0,
2025-03-08 03:23:11.570	NewBlock 132, Chunks: 0,
2025-03-08 03:23:24.865	NewBlock 133, Chunks: 0,
2025-03-08 03:23:39.807	NewBlock 134, Chunks: 0,
2025-03-08 03:23:54.628	NewBlock 135, Chunks: 0,
2025-03-08 03:24:08.970	NewBlock 136, Chunks: 0,
2025-03-08 03:24:24.836	NewBlock 136, Chunks: 0,
2025-03-08 03:24:24.865	NewBlock 137, Chunks: 0,
2025-03-08 03:24:42.021	NewBlock 138, Chunks: 0,
2025-03-08 03:25:00.302	NewBlock 138, Chunks: 0,
2025-03-08 03:25:00.324	NewBlock 139, Chunks: 0,
2025-03-08 03:25:10.275	Entity (00000005, 00000000c06bd65ef1e6067f952a24418e7ff6fd) added successfully
2025-03-08 03:25:10.495	Entity (00000005, 00000000f725cf25ed8a680d2a2f9d38610926ae) added successfully
2025-03-08 03:25:26.174	NewBlock 140, Chunks: 0,
2025-03-08 03:25:35.089	NewBlock 141, Chunks: 0,
2025-03-08 03:25:40.927	NewBlock 142, Chunks: 0,
2025-03-08 03:25:55.303	NewBlock 143, Chunks: 0,
2025-03-08 03:26:10.375	NewBlock 144, Chunks: 0,
2025-03-08 03:26:37.045	NewBlock 145, Chunks: 0,
2025-03-08 03:26:42.898	NewBlock 146, Chunks: 0,
2025-03-08 03:27:01.572	NewBlock 147, Chunks: 0,
2025-03-08 03:27:12.333	NewBlock 148, Chunks: 0,
2025-03-08 03:27:27.809	NewBlock 149, Chunks: 0,
2025-03-08 03:27:42.887	NewBlock 150, Chunks: 0,
2025-03-08 03:39:36.616	Entity (00000005, 00000000b5dcece393f86976b35fafaec58808f0) added successfully
2025-03-08 03:39:36.848	Entity (00000005, 000000001e8b73c14334bd32bb90f1c5da442a54) added successfully
2025-03-08 03:39:50.298	NewBlock 151, Chunks: 0,
2025-03-08 03:39:53.665	NewBlock 152, Chunks: 0,
2025-03-08 03:40:02.553	NewBlock 153, Chunks: 0,
2025-03-08 03:40:07.167	NewBlock 154, Chunks: 0,
2025-03-08 03:40:14.714	NewBlock 155, Chunks: 0,
2025-03-08 03:40:19.317	NewBlock 156, Chunks: 0,
2025-03-08 03:40:23.558	NewBlock 157, Chunks: 0,
2025-03-08 03:40:33.708	NewBlock 158, Chunks: 0,
2025-03-08 03:40:42.280	NewBlock 159, Chunks: 0,
2025-03-08 03:40:50.372	NewBlock 160, Chunks: 0,
2025-03-08 03:40:54.433	NewBlock 161, Chunks: 0,
2025-03-08 03:47:20.958	Entity (00000005, 00000000a86a5e75763a42236a9d91fa27e36d8f) added successfully
2025-03-08 03:47:21.179	Entity (00000005, 00000000fe63fce4cc206e6d64417e5c6ebcdc5e) added successfully
2025-03-08 03:47:44.213	NewBlock 162, Chunks: 0,
2025-03-08 03:47:55.978	NewBlock 163, Chunks: 0,
2025-03-08 03:48:06.218	NewBlock 163, Chunks: 0,
2025-03-08 03:48:06.248	NewBlock 164, Chunks: 0,
2025-03-08 03:48:15.841	NewBlock 165, Chunks: 0,
2025-03-08 03:48:28.032	NewBlock 166, Chunks: 0,
2025-03-08 03:48:40.346	NewBlock 167, Chunks: 0,
2025-03-08 03:48:46.598	NewBlock 168, Chunks: 0,
2025-03-08 03:48:54.349	NewBlock 169, Chunks: 0,
2025-03-08 03:49:09.116	NewBlock 170, Chunks: 0,
2025-03-08 03:49:14.157	NewBlock 171, Chunks: 0,
2025-03-08 03:49:20.107	NewBlock 172, Chunks: 0,
2025-03-08 03:51:06.852	Entity (00000005, 00000000e9f8f4ea184312710e6143257da2c218) added successfully
2025-03-08 03:51:07.069	Entity (00000005, 00000000d7df3cda66cf25b2323825537ed2e16e) added successfully
2025-03-08 03:51:22.522	NewBlock 173, Chunks: 0,
2025-03-08 03:51:28.976	NewBlock 174, Chunks: 0,
2025-03-08 03:51:39.030	NewBlock 175, Chunks: 0,
2025-03-08 03:51:51.639	NewBlock 176, Chunks: 0,
2025-03-08 03:51:57.245	NewBlock 176, Chunks: 0,
2025-03-08 03:51:57.275	NewBlock 177, Chunks: 0,
2025-03-08 03:52:06.642	NewBlock 178, Chunks: 0,
2025-03-08 03:52:14.513	NewBlock 179, Chunks: 0,
2025-03-08 03:52:18.269	NewBlock 180, Chunks: 0,
2025-03-08 03:52:32.532	NewBlock 181, Chunks: 0,
2025-03-08 03:52:49.288	NewBlock 182, Chunks: 0,
2025-03-08 03:53:11.374	NewBlock 183, Chunks: 0,
2025-03-08 03:56:32.359	Entity (00000005, 00000000f3eb52a717496b66d0d81b595a3518a1) added successfully
2025-03-08 03:56:32.575	Entity (00000005, 000000004575ca45f531ae59e3cf1029c2279c5c) added successfully
2025-03-08 03:56:38.544	Entity (00000005, 000000003da18aa64e4deefc1de0d2735da9192e) added successfully
2025-03-08 03:56:45.866	NewBlock 184, Chunks: 0,
2025-03-08 03:56:50.726	NewBlock 185, Chunks: 0,
2025-03-08 03:56:55.879	NewBlock 186, Chunks: 0,
2025-03-08 03:57:07.507	NewBlock 187, Chunks: 0,
2025-03-08 03:57:20.375	NewBlock 188, Chunks: 0,
2025-03-08 03:57:29.049	NewBlock 189, Chunks: 0,
2025-03-08 03:57:32.924	NewBlock 190, Chunks: 0,
2025-03-08 03:57:40.214	NewBlock 191, Chunks: 0,
2025-03-08 03:57:48.982	NewBlock 192, Chunks: 0,
2025-03-08 03:57:59.037	NewBlock 193, Chunks: 0,
2025-03-08 03:58:23.221	NewBlock 194, Chunks: 0,
2025-03-08 04:01:08.943	Entity (00000005, 000000002d1ed4f10b156f254d0586862d0aa500) added successfully
2025-03-08 04:01:09.159	Entity (00000005, 000000005943668ceee0b6a0febdaa5619a62e7e) added successfully
2025-03-08 04:01:21.589	NewBlock 195, Chunks: 0,
2025-03-08 04:01:34.545	NewBlock 196, Chunks: 0,
2025-03-08 04:01:39.099	NewBlock 197, Chunks: 0,
2025-03-08 04:01:51.364	NewBlock 198, Chunks: 0,
2025-03-08 04:01:56.133	Entity (00000005, 00000000d849d8075596d9b2c4a1bdba57e981d7) added successfully
2025-03-08 04:01:56.348	Entity (00000005, 00000000dd6cfcd63c2a7d34504b69caf3846dff) added successfully
2025-03-08 04:01:58.221	NewBlock 199, Chunks: 0,
2025-03-08 04:02:13.338	NewBlock 200, Chunks: 0,
2025-03-08 04:02:24.680	NewBlock 201, Chunks: 0,
2025-03-08 04:02:31.338	NewBlock 202, Chunks: 0,
2025-03-08 04:02:37.609	NewBlock 203, Chunks: 0,
2025-03-08 04:02:40.946	NewBlock 204, Chunks: 0,
2025-03-08 04:03:08.636	NewBlock 205, Chunks: 0,
2025-03-08 04:03:28.601	NewBlock 206, Chunks: 0,
2025-03-08 04:03:56.964	NewBlock 207, Chunks: 0,
2025-03-08 04:04:03.714	NewBlock 208, Chunks: 0,
2025-03-08 04:04:07.428	Entity (00000005, 0000000084bdbb3394bb9f15cbcaae2f989b2df4) added successfully
2025-03-08 04:04:07.643	Entity (00000005, 00000000ad28043c263fa1e0633bf9fd66cf1adf) added successfully
2025-03-08 04:04:07.859	Entity (00000005, 00000000578ae78b8e92baf85b14243e76058724) added successfully
2025-03-08 04:04:23.679	NewBlock 209, Chunks: 0,
2025-03-08 04:04:31.014	NewBlock 210, Chunks: 0,
2025-03-08 04:04:51.800	NewBlock 211, Chunks: 0,
2025-03-08 04:05:01.885	NewBlock 212, Chunks: 0,
2025-03-08 04:05:17.166	NewBlock 213, Chunks: 0,
2025-03-08 04:05:34.032	NewBlock 214, Chunks: 0,
2025-03-08 04:05:45.097	NewBlock 215, Chunks: 0,
2025-03-08 04:06:04.775	NewBlock 216, Chunks: 0,
2025-03-08 04:06:24.654	NewBlock 217, Chunks: 0,
2025-03-08 04:06:35.727	NewBlock 218, Chunks: 0,
2025-03-08 04:06:54.504	NewBlock 219, Chunks: 0,
2025-03-08 04:07:02.269	NewBlock 220, Chunks: 0,
2025-03-08 04:17:14.393	Entity (00000005, 00000000771656bb41e2dd052f74552f34832b16) added successfully
2025-03-08 04:17:14.609	Entity (00000005, 00000000a2caad7df3b1f7c8e73447bc99a3dfa2) added successfully
2025-03-08 04:17:14.825	Entity (00000005, 00000000bf0d375315496c0b036dde733972a029) added successfully
2025-03-08 04:17:30.892	NewBlock 221, Chunks: 0,
2025-03-08 04:17:37.246	NewBlock 222, Chunks: 0,
2025-03-08 04:17:46.114	NewBlock 223, Chunks: 0,
2025-03-08 04:17:53.567	NewBlock 224, Chunks: 0,
2025-03-08 04:18:05.717	NewBlock 225, Chunks: 0,
2025-03-08 04:18:16.811	NewBlock 226, Chunks: 0,
2025-03-08 04:18:24.559	NewBlock 227, Chunks: 0,
2025-03-08 04:18:35.610	NewBlock 228, Chunks: 0,
2025-03-08 04:18:45.559	NewBlock 229, Chunks: 0,
2025-03-08 04:18:52.214	NewBlock 230, Chunks: 0,
2025-03-08 04:18:56.606	NewBlock 231, Chunks: 0,
2025-03-08 04:25:38.855	Entity (00000005, 00000000252125fadc06808c52c21e9612eb50d6) added successfully
2025-03-08 04:25:39.078	Entity (00000005, 000000005a6da33f65e6627e7eb75f7cc6598a2c) added successfully
2025-03-08 04:25:39.294	Entity (00000005, 00000000d7d7037217fe5a588f4441fbcadc32f8) added successfully
2025-03-08 04:25:58.335	NewBlock 232, Chunks: 0,
2025-03-08 04:26:10.228	NewBlock 233, Chunks: 0,
2025-03-08 04:26:18.019	NewBlock 234, Chunks: 0,
2025-03-08 04:26:21.260	NewBlock 235, Chunks: 0,
2025-03-08 04:26:24.818	NewBlock 236, Chunks: 0,
2025-03-08 04:26:30.083	NewBlock 237, Chunks: 0,
2025-03-08 04:26:34.546	NewBlock 238, Chunks: 0,
2025-03-08 04:26:43.414	NewBlock 239, Chunks: 0,
2025-03-08 04:26:49.094	NewBlock 240, Chunks: 0,
2025-03-08 04:27:01.086	NewBlock 241, Chunks: 0,
2025-03-08 04:27:16.181	NewBlock 242, Chunks: 0,
2025-03-08 04:35:43.997	Entity (00000005, 00000000bafde92a492e3d46dfbcd85f9e5dbddd) added successfully
2025-03-08 04:35:44.216	Entity (00000005, 00000000dbd4f595546201f8e4d17b5e94f0a03c) added successfully
2025-03-08 04:35:44.435	Entity (00000005, 00000000f4c6a50ac9f611a2f2bd15362f0707df) added successfully
2025-03-08 04:36:05.623	NewBlock 243, Chunks: 0,
2025-03-08 04:36:12.443	NewBlock 244, Chunks: 0,
2025-03-08 04:36:25.419	NewBlock 245, Chunks: 0,
2025-03-08 04:36:28.773	NewBlock 246, Chunks: 0,
2025-03-08 04:36:34.525	NewBlock 247, Chunks: 0,
2025-03-08 04:36:42.268	NewBlock 248, Chunks: 0,
2025-03-08 04:36:45.644	NewBlock 249, Chunks: 0,
2025-03-08 04:36:53.407	NewBlock 250, Chunks: 0,
2025-03-08 04:37:00.988	NewBlock 251, Chunks: 0,
2025-03-08 04:37:09.984	NewBlock 252, Chunks: 0,
2025-03-08 04:37:24.070	NewBlock 253, Chunks: 0,
2025-03-08 05:16:08.660	Entity (00000005, 00000000adb03ed60db96353c726c5ca4bf113a3) added successfully
2025-03-08 05:16:08.879	Entity (00000005, 0000000061d8171d960a8d94d4de97324e9929bc) added successfully
2025-03-08 05:16:09.095	Entity (00000005, 000000004089e3e12b5c989d7312191ec5d80de7) added successfully
2025-03-08 05:16:23.916	NewBlock 254, Chunks: 0,
2025-03-08 05:16:28.359	NewBlock 255, Chunks: 0,
2025-03-08 05:16:41.612	NewBlock 256, Chunks: 0,
2025-03-08 05:16:48.270	NewBlock 257, Chunks: 0,
2025-03-08 05:16:56.789	NewBlock 258, Chunks: 0,
2025-03-08 05:17:01.237	NewBlock 259, Chunks: 0,
2025-03-08 05:17:07.885	NewBlock 260, Chunks: 0,
2025-03-08 05:17:21.333	NewBlock 261, Chunks: 0,
2025-03-08 05:17:32.167	NewBlock 262, Chunks: 0,
2025-03-08 05:17:45.427	NewBlock 263, Chunks: 0,
2025-03-08 05:17:53.379	NewBlock 264, Chunks: 0,
2025-03-08 05:23:34.278	Entity (00000005, 000000008fb78db43b61d6d433225980d6006edb) added successfully
2025-03-08 05:23:34.498	Entity (00000005, 00000000d82baba94b29b3f362408afb014beb13) added successfully
2025-03-08 05:23:34.717	Entity (00000005, 000000003cd66959f03ec4aba0e1382461cc6389) added successfully
2025-03-08 05:23:50.252	NewBlock 265, Chunks: 0,
2025-03-08 05:24:00.843	NewBlock 266, Chunks: 0,
2025-03-08 05:24:07.527	NewBlock 267, Chunks: 0,
2025-03-08 05:24:11.819	NewBlock 268, Chunks: 0,
2025-03-08 05:24:17.467	NewBlock 269, Chunks: 0,
2025-03-08 05:24:25.708	NewBlock 270, Chunks: 0,
2025-03-08 05:24:29.145	NewBlock 271, Chunks: 0,
2025-03-08 05:24:36.195	NewBlock 272, Chunks: 0,
2025-03-08 05:24:51.175	NewBlock 273, Chunks: 0,
2025-03-08 05:24:54.932	NewBlock 274, Chunks: 0,
2025-03-08 05:25:03.713	NewBlock 275, Chunks: 0,
2025-03-08 05:40:02.124	Entity (00000005, 000000007788e9a0bd00016b071b601a76858206) added successfully
2025-03-08 05:40:02.369	Entity (00000005, 000000007c2e6810631070fa544c04c037644763) added successfully
2025-03-08 05:40:02.594	Entity (00000005, 000000001000fdeafadaaf9c492ef15479cb8e2c) added successfully
2025-03-08 05:40:26.061	NewBlock 276, Chunks: 0,
2025-03-08 05:40:37.111	NewBlock 277, Chunks: 0,
2025-03-08 05:40:45.965	NewBlock 278, Chunks: 0,
2025-03-08 05:40:53.452	NewBlock 279, Chunks: 0,
2025-03-08 05:40:57.916	NewBlock 280, Chunks: 0,
2025-03-08 05:41:07.756	NewBlock 281, Chunks: 0,
2025-03-08 05:41:21.010	NewBlock 282, Chunks: 0,
2025-03-08 05:41:24.550	NewBlock 283, Chunks: 0,
2025-03-08 05:41:39.787	NewBlock 284, Chunks: 0,
2025-03-08 05:41:56.540	NewBlock 285, Chunks: 0,
2025-03-08 05:42:00.207	NewBlock 286, Chunks: 0,
2025-03-08 05:44:19.607	Entity (00000005, 00000000e46c452b8541f67120066dad1fe42cdf) added successfully
2025-03-08 05:44:19.826	Entity (00000005, 0000000027180a922b221137bf69e5376bc51b72) added successfully
2025-03-08 05:44:20.051	Entity (00000005, 00000000876dc7a44aaf49a5011ef73b922df6b7) added successfully
2025-03-08 05:44:34.225	NewBlock 287, Chunks: 0,
2025-03-08 05:44:42.538	NewBlock 288, Chunks: 0,
2025-03-08 05:44:52.490	NewBlock 289, Chunks: 0,
2025-03-08 05:45:04.641	NewBlock 290, Chunks: 0,
2025-03-08 05:45:10.537	NewBlock 291, Chunks: 0,
2025-03-08 05:45:19.388	NewBlock 292, Chunks: 0,
2025-03-08 05:45:23.650	NewBlock 293, Chunks: 0,
2025-03-08 05:45:31.509	NewBlock 294, Chunks: 0,
2025-03-08 05:45:37.150	NewBlock 295, Chunks: 0,
2025-03-08 05:45:56.909	NewBlock 296, Chunks: 0,
2025-03-08 05:46:15.467	NewBlock 297, Chunks: 0,
2025-03-08 05:46:39.983	NewBlock 297, Chunks: 0,
2025-03-08 05:46:40.018	NewBlock 298, Chunks: 0,
2025-03-08 05:49:43.851	Entity (00000005, 000000006a73243a8a5add2336870f47bb433b00) added successfully
2025-03-08 05:49:44.067	Entity (00000005, 000000008e373f03a5d256a3df45554a7f556e5c) added successfully
2025-03-08 05:49:44.282	Entity (00000005, 0000000036a423984010b5e0ff913df6025146a1) added successfully
2025-03-08 05:49:59.414	NewBlock 299, Chunks: 0,
2025-03-08 05:50:07.332	NewBlock 300, Chunks: 0,
2025-03-08 05:50:14.775	NewBlock 301, Chunks: 0,
2025-03-08 05:50:20.588	NewBlock 302, Chunks: 0,
2025-03-08 05:50:34.948	NewBlock 303, Chunks: 0,
2025-03-08 05:50:41.985	NewBlock 303, Chunks: 0,
2025-03-08 05:50:42.016	NewBlock 304, Chunks: 0,
2025-03-08 05:50:48.211	NewBlock 305, Chunks: 0,
2025-03-08 05:50:51.563	NewBlock 306, Chunks: 0,
2025-03-08 05:50:56.008	NewBlock 307, Chunks: 0,
2025-03-08 05:51:05.105	NewBlock 308, Chunks: 0,
2025-03-08 05:51:31.297	NewBlock 309, Chunks: 0,
2025-03-08 05:52:12.112	Entity (00000005, 00000000c73a834d70277f48a428346a52613904) added successfully
2025-03-08 05:52:12.333	Entity (00000005, 000000006334191b4600cc33b30667391d26672a) added successfully
2025-03-08 05:52:12.556	Entity (00000005, 000000008cc7a02c40de1d84323ff55e4880c67f) added successfully
2025-03-08 05:52:26.766	NewBlock 310, Chunks: 0,
2025-03-08 05:52:38.496	NewBlock 311, Chunks: 0,
2025-03-08 05:52:46.250	NewBlock 312, Chunks: 0,
2025-03-08 05:52:57.295	NewBlock 313, Chunks: 0,
2025-03-08 05:53:09.457	NewBlock 314, Chunks: 0,
2025-03-08 05:53:18.405	NewBlock 315, Chunks: 0,
2025-03-08 05:53:33.714	NewBlock 316, Chunks: 0,
2025-03-08 05:53:45.852	NewBlock 317, Chunks: 0,
2025-03-08 05:54:09.016	NewBlock 318, Chunks: 0,
2025-03-08 05:54:16.749	NewBlock 319, Chunks: 0,
2025-03-08 05:54:35.477	NewBlock 320, Chunks: 0,
2025-03-08 06:51:21.505	Entity (00000005, 00000000c4e19249f402947585c328c0c8328f8c) added successfully
2025-03-08 06:51:21.723	Entity (00000005, 000000005b3105e09a8407de5e7a4565867202af) added successfully
2025-03-08 06:51:21.938	Entity (00000005, 0000000020bc18bcd0be18fb135ee4cfd30b1d31) added successfully
2025-03-08 06:51:47.377	NewBlock 321, Chunks: 0,
2025-03-08 06:51:48.536	NewBlock 322, Chunks: 0,
2025-03-08 06:51:54.104	NewBlock 323, Chunks: 0,
2025-03-08 06:51:59.540	NewBlock 324, Chunks: 0,
2025-03-08 06:52:03.991	NewBlock 325, Chunks: 0,
2025-03-08 06:52:10.670	NewBlock 326, Chunks: 0,
2025-03-08 06:52:22.741	NewBlock 327, Chunks: 0,
2025-03-08 06:52:29.525	NewBlock 328, Chunks: 0,
2025-03-08 06:52:33.773	NewBlock 329, Chunks: 0,
2025-03-08 06:52:41.491	NewBlock 330, Chunks: 0,
2025-03-08 06:52:51.589	NewBlock 330, Chunks: 0,
2025-03-08 06:52:51.608	NewBlock 331, Chunks: 0,
2025-03-08 07:02:35.240	Entity (00000005, 00000000175e225e9bdf0fa7e47d85ded5aaff7d) added successfully
2025-03-08 07:02:35.456	Entity (00000005, 00000000aa4e50b9d810f8eaca652624586cbd9b) added successfully
2025-03-08 07:02:35.671	Entity (00000005, 00000000df99cd8cf7996a9392906151fc1ad037) added successfully
2025-03-08 07:02:55.858	NewBlock 332, Chunks: 0,
2025-03-08 07:02:59.956	NewBlock 333, Chunks: 0,
2025-03-08 07:03:13.341	NewBlock 334, Chunks: 0,
2025-03-08 07:03:29.724	NewBlock 335, Chunks: 0,
2025-03-08 07:03:37.458	NewBlock 336, Chunks: 0,
2025-03-08 07:03:40.794	NewBlock 337, Chunks: 0,
2025-03-08 07:03:44.142	NewBlock 338, Chunks: 0,
2025-03-08 07:03:47.491	NewBlock 339, Chunks: 0,
2025-03-08 07:03:51.962	NewBlock 340, Chunks: 0,
2025-03-08 07:03:59.812	NewBlock 341, Chunks: 0,
2025-03-08 07:04:06.062	NewBlock 342, Chunks: 0,
2025-03-08 07:06:08.471	Entity (00000005, 00000000b95305c62f466d5ed7216c2a501353a2) added successfully
2025-03-08 07:06:08.693	Entity (00000005, 000000009052c1fcb350e09cdf33d2fdc6fc3161) added successfully
2025-03-08 07:06:08.921	Entity (00000005, 0000000037b2061c420018340464e835a8167cc8) added successfully
2025-03-08 07:06:21.554	NewBlock 343, Chunks: 0,
2025-03-08 07:06:31.629	NewBlock 344, Chunks: 0,
2025-03-08 07:06:39.486	NewBlock 345, Chunks: 0,
2025-03-08 07:06:43.839	NewBlock 346, Chunks: 0,
2025-03-08 07:06:48.506	NewBlock 347, Chunks: 0,
2025-03-08 07:06:54.566	NewBlock 348, Chunks: 0,
2025-03-08 07:07:06.148	NewBlock 349, Chunks: 0,
2025-03-08 07:07:09.893	NewBlock 350, Chunks: 0,
2025-03-08 07:07:29.176	NewBlock 351, Chunks: 0,
2025-03-08 07:07:43.361	NewBlock 352, Chunks: 0,
2025-03-08 07:08:01.837	NewBlock 353, Chunks: 0,
2025-03-08 07:08:02.174	NewBlock 354, Chunks: 0,
2025-03-08 07:13:41.073	Entity (00000005, 000000002ff6e676910afd0dd7284679a8818631) added successfully
2025-03-08 07:13:41.296	Entity (00000005, 00000000603eec78574486e47a791d8d783f4d1c) added successfully
2025-03-08 07:13:41.512	Entity (00000005, 000000008efb05a23cdb0aa80071ea32811d28b4) added successfully
2025-03-08 07:14:02.922	NewBlock 355, Chunks: 0,
2025-03-08 07:14:09.376	NewBlock 356, Chunks: 0,
2025-03-08 07:14:12.727	NewBlock 357, Chunks: 0,
2025-03-08 07:14:18.106	NewBlock 358, Chunks: 0,
2025-03-08 07:14:23.665	NewBlock 359, Chunks: 0,
2025-03-08 07:14:29.208	NewBlock 360, Chunks: 0,
2025-03-08 07:14:33.650	NewBlock 361, Chunks: 0,
2025-03-08 07:14:50.268	NewBlock 362, Chunks: 0,
2025-03-08 07:15:00.475	NewBlock 362, Chunks: 0,
2025-03-08 07:15:00.493	NewBlock 363, Chunks: 0,
2025-03-08 07:15:03.627	NewBlock 364, Chunks: 0,
2025-03-08 07:15:07.180	NewBlock 365, Chunks: 0,
2025-03-08 07:20:11.379	Entity (00000005, 000000007a88b12af2141d9015b5464a15105f6f) added successfully
2025-03-08 07:20:11.596	Entity (00000005, 000000006f1a112130c6a25b0b653a021d6c4e80) added successfully
2025-03-08 07:20:11.811	Entity (00000005, 000000009e3bf162b8a45962b13ea936fefa9b3d) added successfully
2025-03-08 07:20:25.211	NewBlock 366, Chunks: 0,
2025-03-08 07:20:37.378	NewBlock 367, Chunks: 0,
2025-03-08 07:20:40.630	NewBlock 368, Chunks: 0,
2025-03-08 07:20:44.078	NewBlock 369, Chunks: 0,
2025-03-08 07:20:50.171	NewBlock 370, Chunks: 0,
2025-03-08 07:20:57.915	NewBlock 371, Chunks: 0,
2025-03-08 07:21:05.069	NewBlock 372, Chunks: 0,
2025-03-08 07:21:09.509	NewBlock 373, Chunks: 0,
2025-03-08 07:21:13.858	NewBlock 374, Chunks: 0,
2025-03-08 07:21:18.407	NewBlock 375, Chunks: 0,
2025-03-08 07:21:29.868	NewBlock 376, Chunks: 0,
2025-03-08 07:25:06.442	Entity (00000005, 0000000071c31b7d5b916c566df79da31ef9060c) added successfully
2025-03-08 07:25:06.657	Entity (00000005, 0000000096a7a5902cc3773ed6d3ec492dacf920) added successfully
2025-03-08 07:25:06.872	Entity (00000005, 000000003e4e7f9c7eea5dc4e6595463763fbadc) added successfully
2025-03-08 07:25:20.584	NewBlock 377, Chunks: 0,
2025-03-08 07:25:24.307	NewBlock 378, Chunks: 0,
2025-03-08 07:25:27.662	NewBlock 379, Chunks: 0,
2025-03-08 07:25:31.774	NewBlock 380, Chunks: 0,
2025-03-08 07:25:38.709	NewBlock 381, Chunks: 0,
2025-03-08 07:25:44.974	NewBlock 381, Chunks: 0,
2025-03-08 07:25:45.003	NewBlock 382, Chunks: 0,
2025-03-08 07:25:54.163	NewBlock 383, Chunks: 0,
2025-03-08 07:26:02.677	NewBlock 384, Chunks: 0,
2025-03-08 07:26:11.528	NewBlock 385, Chunks: 0,
2025-03-08 07:26:21.807	NewBlock 385, Chunks: 0,
2025-03-08 07:26:21.827	NewBlock 386, Chunks: 0,
2025-03-08 07:26:41.302	NewBlock 387, Chunks: 0,
2025-03-08 08:01:58.736	NewBlock -1, Chunks: 0,
2025-03-09 02:52:21.909	Initialized. Chunks: 0
2025-03-09 17:05:11.753	NewBlock -1, Chunks: 0,
2025-03-09 17:42:32.630	Initialized. Chunks: 0
2025-03-09 22:36:54.074	Entity (00000105, 00000000434f4e8f69cacdb8614131e582523ee4) added successfully
2025-03-09 22:36:54.308	Entity (00000105, 0000000083a80c3c19c9e0f84501d2088b6be166) added successfully
2025-03-09 22:36:54.531	Entity (00000105, 00000000bac67e6e459de284aa8693f8de2f1e37) added successfully
2025-03-09 22:37:08.612	NewBlock 388, Chunks: 0,
2025-03-09 22:37:20.007	NewBlock 388, Chunks: 0,
2025-03-09 22:37:20.035	NewBlock 389, Chunks: 0,
2025-03-09 22:37:35.603	NewBlock 390, Chunks: 0,
2025-03-09 22:37:55.769	NewBlock 391, Chunks: 0,
2025-03-09 22:38:07.423	NewBlock 392, Chunks: 0,
2025-03-09 22:38:27.302	NewBlock 393, Chunks: 0,
2025-03-09 22:38:39.525	NewBlock 394, Chunks: 0,
2025-03-09 22:38:51.694	NewBlock 395, Chunks: 0,
2025-03-09 22:39:03.840	NewBlock 396, Chunks: 0,
2025-03-09 22:39:17.261	NewBlock 397, Chunks: 0,
2025-03-09 22:39:28.312	NewBlock 398, Chunks: 0,
2025-03-10 19:30:55.466	NewBlock 399, Chunks: 0,
2025-03-10 19:31:03.924	NewBlock 400, Chunks: 0,
2025-03-10 19:31:11.014	NewBlock 401, Chunks: 0,
2025-03-10 19:31:19.900	NewBlock 402, Chunks: 0,
2025-03-10 19:31:23.263	NewBlock 403, Chunks: 0,
2025-03-10 19:31:29.302	NewBlock 404, Chunks: 0,
2025-03-10 19:31:39.358	NewBlock 405, Chunks: 0,
2025-03-10 19:31:50.022	NewBlock 406, Chunks: 0,
2025-03-10 19:32:00.181	NewBlock 407, Chunks: 0,
2025-03-10 19:32:07.325	NewBlock 408, Chunks: 0,
2025-03-10 19:32:13.979	NewBlock 409, Chunks: 0,
2025-03-10 19:35:38.231	Entity (00000105, 000000005b955a84db89975919eaa139ddceeda6) added successfully
2025-03-10 19:35:38.345	Entity (00000105, 00000000b5be8be590f10156a39ade3b2d8d9a7e) added successfully
2025-03-10 19:35:38.466	Entity (00000105, 0000000047f27977d1589324c2a8203609af79ea) added successfully
2025-03-10 19:35:46.404	NewBlock 410, Chunks: 0,
2025-03-10 19:36:04.055	NewBlock 411, Chunks: 0,
2025-03-10 19:36:13.358	NewBlock 412, Chunks: 0,
2025-03-10 19:36:18.443	NewBlock 413, Chunks: 0,
2025-03-10 19:36:25.090	NewBlock 414, Chunks: 0,
2025-03-10 19:36:31.222	NewBlock 415, Chunks: 0,
2025-03-10 19:36:39.277	NewBlock 416, Chunks: 0,
2025-03-10 19:36:48.251	NewBlock 417, Chunks: 0,
2025-03-10 19:36:59.776	NewBlock 417, Chunks: 0,
2025-03-10 19:36:59.803	NewBlock 418, Chunks: 0,
2025-03-10 19:37:05.945	NewBlock 419, Chunks: 0,
2025-03-10 19:37:19.597	NewBlock 420, Chunks: 0,
2025-03-10 19:37:40.372	NewBlock 421, Chunks: 0,
2025-03-10 19:38:01.348	NewBlock 422, Chunks: 0,
2025-03-10 19:38:31.333	NewBlock 423, Chunks: 0,
2025-03-10 19:38:48.813	NewBlock 424, Chunks: 0,
2025-03-10 19:39:01.460	NewBlock 425, Chunks: 0,
2025-03-10 19:39:08.123	NewBlock 426, Chunks: 0,
2025-03-10 19:39:19.312	NewBlock 427, Chunks: 0,
2025-03-10 19:39:31.879	NewBlock 428, Chunks: 0,
2025-03-10 19:39:48.258	NewBlock 429, Chunks: 0,
2025-03-10 19:40:12.448	NewBlock 430, Chunks: 0,
2025-03-10 19:40:22.516	NewBlock 431, Chunks: 0,
2025-03-10 19:40:33.568	NewBlock 432, Chunks: 0,
2025-03-10 19:40:52.343	NewBlock 433, Chunks: 0,
2025-03-10 19:41:09.913	NewBlock 434, Chunks: 0,
2025-03-10 19:41:29.584	NewBlock 435, Chunks: 0,
2025-03-10 19:41:36.340	NewBlock 436, Chunks: 0,
2025-03-10 19:41:56.526	NewBlock 437, Chunks: 0,
2025-03-10 19:42:10.431	NewBlock 438, Chunks: 0,
2025-03-10 19:42:21.894	NewBlock 439, Chunks: 0,
2025-03-10 19:42:42.428	NewBlock 440, Chunks: 0,
2025-03-10 19:42:52.478	NewBlock 441, Chunks: 0,
2025-03-10 19:43:11.236	NewBlock 442, Chunks: 0,
2025-03-10 20:03:38.583	NewBlock 443, Chunks: 0,
2025-03-10 20:03:43.938	NewBlock 444, Chunks: 0,
2025-03-10 20:03:49.507	NewBlock 445, Chunks: 0,
2025-03-10 20:03:57.258	NewBlock 446, Chunks: 0,
2025-03-10 20:04:01.636	NewBlock 447, Chunks: 0,
2025-03-10 20:04:07.885	NewBlock 448, Chunks: 0,
2025-03-10 20:04:13.547	NewBlock 449, Chunks: 0,
2025-03-10 20:04:18.100	NewBlock 450, Chunks: 0,
2025-03-10 20:04:22.559	NewBlock 451, Chunks: 0,
2025-03-10 20:04:32.427	NewBlock 452, Chunks: 0,
2025-03-10 20:04:38.057	NewBlock 453, Chunks: 0,
2025-03-10 20:09:18.750	NewBlock 454, Chunks: 0,
2025-03-10 20:09:24.270	NewBlock 455, Chunks: 0,
2025-03-10 20:09:31.622	NewBlock 456, Chunks: 0,
2025-03-10 20:09:41.937	NewBlock 457, Chunks: 0,
2025-03-10 20:09:46.377	NewBlock 458, Chunks: 0,
2025-03-10 20:09:53.998	NewBlock 459, Chunks: 0,
2025-03-10 20:09:59.541	NewBlock 460, Chunks: 0,
2025-03-10 20:10:08.434	NewBlock 461, Chunks: 0,
2025-03-10 20:10:15.009	NewBlock 462, Chunks: 0,
2025-03-10 20:10:19.512	NewBlock 463, Chunks: 0,
2025-03-10 20:10:35.378	NewBlock 464, Chunks: 0,
2025-03-10 20:12:36.011	NewBlock 465, Chunks: 0,
2025-03-10 20:12:44.710	NewBlock 466, Chunks: 0,
2025-03-10 20:12:55.171	NewBlock 467, Chunks: 0,
2025-03-10 20:13:01.214	NewBlock 468, Chunks: 0,
2025-03-10 20:13:08.068	NewBlock 469, Chunks: 0,
2025-03-10 20:13:17.021	NewBlock 470, Chunks: 0,
2025-03-10 20:13:20.472	NewBlock 471, Chunks: 0,
2025-03-10 20:13:29.027	NewBlock 472, Chunks: 0,
2025-03-10 20:13:48.195	NewBlock 473, Chunks: 0,
2025-03-10 20:14:13.479	NewBlock 474, Chunks: 0,
2025-03-10 20:14:21.940	NewBlock 475, Chunks: 0,
2025-03-10 20:14:44.320	NewBlock 476, Chunks: 0,
2025-03-10 20:15:06.403	NewBlock 477, Chunks: 0,
2025-03-10 20:15:18.185	NewBlock 478, Chunks: 0,
2025-03-10 20:15:33.063	NewBlock 478, Chunks: 0,
2025-03-10 20:15:33.083	NewBlock 479, Chunks: 0,
2025-03-10 20:15:42.745	NewBlock 480, Chunks: 0,
2025-03-10 20:15:54.516	NewBlock 481, Chunks: 0,
2025-03-10 20:16:11.580	NewBlock 482, Chunks: 0,
2025-03-10 20:16:30.493	NewBlock 483, Chunks: 0,
2025-03-10 20:16:43.690	NewBlock 484, Chunks: 0,
2025-03-10 20:16:58.962	NewBlock 485, Chunks: 0,
2025-03-10 20:17:11.272	NewBlock 486, Chunks: 0,
2025-03-10 20:17:24.546	NewBlock 487, Chunks: 0,
2025-03-10 20:17:41.103	NewBlock 488, Chunks: 0,
2025-03-10 22:56:07.665	NewBlock 489, Chunks: 0,
2025-03-10 22:56:13.326	NewBlock 490, Chunks: 0,
2025-03-10 22:56:18.545	NewBlock 491, Chunks: 0,
2025-03-10 22:56:25.473	NewBlock 492, Chunks: 0,
2025-03-10 22:56:28.863	NewBlock 493, Chunks: 0,
2025-03-10 22:56:34.411	NewBlock 494, Chunks: 0,
2025-03-10 22:56:37.768	NewBlock 495, Chunks: 0,
2025-03-10 22:56:41.935	NewBlock 496, Chunks: 0,
2025-03-10 22:56:52.797	NewBlock 497, Chunks: 0,
2025-03-10 22:57:01.673	NewBlock 498, Chunks: 0,
2025-03-10 22:57:07.543	NewBlock 499, Chunks: 0,
2025-03-10 22:59:10.961	NewBlock 500, Chunks: 0,
2025-03-10 22:59:18.921	NewBlock 501, Chunks: 0,
2025-03-10 22:59:26.982	NewBlock 502, Chunks: 0,
2025-03-10 22:59:30.830	NewBlock 503, Chunks: 0,
2025-03-10 22:59:37.235	NewBlock 504, Chunks: 0,
2025-03-10 22:59:42.796	NewBlock 505, Chunks: 0,
2025-03-10 22:59:47.255	NewBlock 506, Chunks: 0,
2025-03-10 23:00:08.226	NewBlock 507, Chunks: 0,
2025-03-10 23:00:19.851	NewBlock 508, Chunks: 0,
2025-03-10 23:00:39.816	NewBlock 509, Chunks: 0,
2025-03-10 23:00:55.480	NewBlock 510, Chunks: 0,
2025-03-10 23:09:23.929	NewBlock 511, Chunks: 0,
2025-03-10 23:09:38.420	NewBlock 512, Chunks: 0,
2025-03-10 23:09:48.970	NewBlock 513, Chunks: 0,
2025-03-10 23:09:53.407	NewBlock 514, Chunks: 0,
2025-03-10 23:09:58.283	NewBlock 514, Chunks: 0,
2025-03-10 23:09:58.309	NewBlock 515, Chunks: 0,
2025-03-10 23:10:14.788	NewBlock 516, Chunks: 0,
2025-03-10 23:10:19.043	NewBlock 517, Chunks: 0,
2025-03-10 23:10:25.388	NewBlock 518, Chunks: 0,
2025-03-10 23:10:30.339	NewBlock 519, Chunks: 0,
2025-03-10 23:10:36.490	NewBlock 520, Chunks: 0,
2025-03-10 23:10:43.132	NewBlock 521, Chunks: 0,
2025-03-10 23:56:25.734	NewBlock 522, Chunks: 0,
2025-03-10 23:56:36.587	NewBlock 523, Chunks: 0,
2025-03-10 23:56:47.499	NewBlock 524, Chunks: 0,
2025-03-10 23:57:02.188	NewBlock 524, Chunks: 0,
2025-03-10 23:57:02.208	NewBlock 525, Chunks: 0,
2025-03-10 23:57:05.374	NewBlock 526, Chunks: 0,
2025-03-10 23:57:22.058	NewBlock 527, Chunks: 0,
2025-03-10 23:57:30.617	NewBlock 528, Chunks: 0,
2025-03-10 23:57:40.474	NewBlock 529, Chunks: 0,
2025-03-10 23:57:48.526	NewBlock 530, Chunks: 0,
2025-03-10 23:57:55.823	NewBlock 531, Chunks: 0,
2025-03-10 23:58:00.321	NewBlock 532, Chunks: 0,
2025-03-10 23:58:08.009	NewBlock 533, Chunks: 0,
2025-03-10 23:58:34.497	NewBlock 534, Chunks: 0,
2025-03-10 23:58:58.867	NewBlock 535, Chunks: 0,
2025-03-10 23:59:19.595	NewBlock 536, Chunks: 0,
2025-03-11 00:16:31.911	NewBlock 537, Chunks: 0,
2025-03-11 00:16:38.986	NewBlock 537, Chunks: 0,
2025-03-11 00:16:39.005	NewBlock 538, Chunks: 0,
2025-03-11 00:16:45.669	NewBlock 539, Chunks: 0,
2025-03-11 00:16:55.066	NewBlock 540, Chunks: 0,
2025-03-11 00:17:03.925	NewBlock 541, Chunks: 0,
2025-03-11 00:17:10.617	NewBlock 542, Chunks: 0,
2025-03-11 00:17:24.965	NewBlock 543, Chunks: 0,
2025-03-11 00:17:39.294	NewBlock 544, Chunks: 0,
2025-03-11 00:17:39.332	NewBlock 545, Chunks: 0,
2025-03-11 00:17:43.790	NewBlock 546, Chunks: 0,
2025-03-11 00:17:49.333	NewBlock 547, Chunks: 0,
2025-03-11 00:19:16.505	NewBlock 548, Chunks: 0,
2025-03-11 00:19:28.373	NewBlock 549, Chunks: 0,
2025-03-11 00:19:36.109	NewBlock 550, Chunks: 0,
2025-03-11 00:19:43.862	NewBlock 551, Chunks: 0,
2025-03-11 00:19:56.008	NewBlock 552, Chunks: 0,
2025-03-11 00:20:08.155	NewBlock 553, Chunks: 0,
2025-03-11 00:20:19.203	NewBlock 554, Chunks: 0,
2025-03-11 00:20:29.116	NewBlock 555, Chunks: 0,
2025-03-11 00:20:45.676	NewBlock 556, Chunks: 0,
2025-03-11 00:20:58.916	NewBlock 557, Chunks: 0,
2025-03-11 00:21:17.684	NewBlock 558, Chunks: 0,
2025-03-11 00:21:35.359	NewBlock 559, Chunks: 0,
2025-03-11 00:21:54.126	NewBlock 560, Chunks: 0,
2025-03-11 00:22:10.681	NewBlock 561, Chunks: 0,
2025-03-11 00:34:38.250	NewBlock 562, Chunks: 0,
2025-03-11 00:34:46.706	NewBlock 563, Chunks: 0,
2025-03-11 00:34:51.333	NewBlock 564, Chunks: 0,
2025-03-11 00:34:55.818	NewBlock 565, Chunks: 0,
2025-03-11 00:35:04.472	NewBlock 566, Chunks: 0,
2025-03-11 00:35:12.130	NewBlock 567, Chunks: 0,
2025-03-11 00:35:17.292	NewBlock 568, Chunks: 0,
2025-03-11 00:35:31.462	NewBlock 569, Chunks: 0,
2025-03-11 00:35:38.714	NewBlock 570, Chunks: 0,
2025-03-11 00:35:42.654	NewBlock 571, Chunks: 0,
2025-03-11 00:35:52.612	NewBlock 572, Chunks: 0,
2025-03-11 00:35:58.525	NewBlock 573, Chunks: 0,
2025-03-11 00:36:19.114	NewBlock 573, Chunks: 0,
2025-03-11 00:36:19.146	NewBlock 574, Chunks: 0,
2025-03-11 01:00:58.434	NewBlock 575, Chunks: 0,
2025-03-11 01:01:05.190	NewBlock 576, Chunks: 0,
2025-03-11 01:01:22.454	NewBlock 577, Chunks: 0,
2025-03-11 01:01:31.321	NewBlock 578, Chunks: 0,
2025-03-11 01:01:38.368	NewBlock 579, Chunks: 0,
2025-03-11 01:01:47.141	NewBlock 580, Chunks: 0,
2025-03-11 01:01:50.478	NewBlock 581, Chunks: 0,
2025-03-11 01:01:54.580	NewBlock 582, Chunks: 0,
2025-03-11 01:02:02.640	NewBlock 583, Chunks: 0,
2025-03-11 01:02:12.582	NewBlock 584, Chunks: 0,
2025-03-11 01:02:26.956	NewBlock 585, Chunks: 0,
2025-03-11 01:02:34.263	NewBlock 586, Chunks: 0,
2025-03-11 01:04:02.354	NewBlock 587, Chunks: 0,
2025-03-11 01:04:09.284	NewBlock 588, Chunks: 0,
2025-03-11 01:04:20.350	NewBlock 589, Chunks: 0,
2025-03-11 01:04:27.307	NewBlock 590, Chunks: 0,
2025-03-11 01:04:38.054	NewBlock 591, Chunks: 0,
2025-03-11 01:04:43.735	NewBlock 592, Chunks: 0,
2025-03-11 01:05:00.219	NewBlock 593, Chunks: 0,
2025-03-11 01:05:14.580	NewBlock 594, Chunks: 0,
2025-03-11 01:05:25.834	NewBlock 595, Chunks: 0,
2025-03-11 01:05:45.506	NewBlock 596, Chunks: 0,
2025-03-11 01:06:01.979	NewBlock 597, Chunks: 0,
2025-03-11 01:06:52.612	NewBlock 598, Chunks: 0,
2025-03-11 01:06:58.265	NewBlock 599, Chunks: 0,
2025-03-11 01:07:07.014	NewBlock 600, Chunks: 0,
2025-03-11 01:07:12.669	NewBlock 601, Chunks: 0,
2025-03-11 01:07:23.841	NewBlock 602, Chunks: 0,
2025-03-11 01:07:41.215	NewBlock 603, Chunks: 0,
2025-03-11 01:07:54.587	NewBlock 604, Chunks: 0,
2025-03-11 01:08:08.820	NewBlock 605, Chunks: 0,
2025-03-11 01:08:27.515	NewBlock 606, Chunks: 0,
2025-03-11 01:08:43.046	NewBlock 607, Chunks: 0,
2025-03-11 01:08:59.510	NewBlock 608, Chunks: 0,
2025-03-11 01:09:16.093	NewBlock 609, Chunks: 0,
2025-03-11 01:09:38.162	NewBlock 610, Chunks: 0,
2025-03-11 01:10:39.630	NewBlock 611, Chunks: 0,
2025-03-11 01:10:48.399	NewBlock 612, Chunks: 0,
2025-03-11 01:10:51.845	NewBlock 613, Chunks: 0,
2025-03-11 01:10:55.242	NewBlock 614, Chunks: 0,
2025-03-11 01:11:06.308	NewBlock 615, Chunks: 0,
2025-03-11 01:11:14.000	NewBlock 616, Chunks: 0,
2025-03-11 01:11:33.697	NewBlock 617, Chunks: 0,
2025-03-11 01:11:51.459	NewBlock 618, Chunks: 0,
2025-03-11 01:12:04.485	NewBlock 619, Chunks: 0,
2025-03-11 01:12:20.114	NewBlock 620, Chunks: 0,
2025-03-11 01:12:40.791	NewBlock 621, Chunks: 0,
2025-03-11 01:13:01.654	NewBlock 622, Chunks: 0,
2025-03-11 01:13:21.630	NewBlock 623, Chunks: 0,
2025-03-11 01:13:32.798	NewBlock 624, Chunks: 0,
2025-03-11 01:13:46.110	NewBlock 625, Chunks: 0,
2025-03-11 01:13:54.563	NewBlock 626, Chunks: 0,
2025-03-11 01:14:06.723	NewBlock 627, Chunks: 0,
2025-03-11 01:14:21.083	NewBlock 628, Chunks: 0,
2025-03-11 01:14:43.362	NewBlock 629, Chunks: 0,
2025-03-11 01:14:56.631	NewBlock 630, Chunks: 0,
2025-03-11 01:15:15.604	NewBlock 631, Chunks: 0,
2025-03-11 01:15:58.119	NewBlock 632, Chunks: 0,
2025-03-11 01:16:04.573	NewBlock 633, Chunks: 0,
2025-03-11 01:16:08.122	NewBlock 634, Chunks: 0,
2025-03-11 01:16:22.289	NewBlock 635, Chunks: 0,
2025-03-11 01:16:37.862	NewBlock 636, Chunks: 0,
2025-03-11 01:16:46.930	NewBlock 635, Chunks: 0,
2025-03-11 01:16:46.949	NewBlock 636, Chunks: 0,
2025-03-11 01:16:46.968	NewBlock 637, Chunks: 0,
2025-03-11 01:17:03.329	NewBlock 638, Chunks: 0,
2025-03-11 01:17:19.985	NewBlock 639, Chunks: 0,
2025-03-11 01:17:34.242	NewBlock 640, Chunks: 0,
2025-03-11 01:17:55.239	NewBlock 641, Chunks: 0,
2025-03-11 01:18:04.097	NewBlock 642, Chunks: 0,
2025-03-11 01:23:59.641	NewBlock 643, Chunks: 0,
2025-03-11 01:24:05.886	NewBlock 644, Chunks: 0,
2025-03-11 01:24:15.946	NewBlock 645, Chunks: 0,
2025-03-11 01:24:22.603	NewBlock 646, Chunks: 0,
2025-03-11 01:24:26.953	NewBlock 647, Chunks: 0,
2025-03-11 01:24:35.927	NewBlock 648, Chunks: 0,
2025-03-11 01:24:45.775	NewBlock 649, Chunks: 0,
2025-03-11 01:24:59.040	NewBlock 650, Chunks: 0,
2025-03-11 01:25:05.794	NewBlock 651, Chunks: 0,
2025-03-11 01:25:14.545	NewBlock 652, Chunks: 0,
2025-03-11 01:25:19.399	NewBlock 653, Chunks: 0,
2025-03-11 01:45:22.120	NewBlock 654, Chunks: 0,
2025-03-11 01:45:27.393	NewBlock 655, Chunks: 0,
2025-03-11 01:45:32.645	NewBlock 656, Chunks: 0,
2025-03-11 01:45:41.703	NewBlock 657, Chunks: 0,
2025-03-11 01:45:49.258	NewBlock 658, Chunks: 0,
2025-03-11 01:45:57.024	NewBlock 659, Chunks: 0,
2025-03-11 01:46:07.187	NewBlock 660, Chunks: 0,
2025-03-11 01:46:12.782	NewBlock 661, Chunks: 0,
2025-03-11 01:46:13.629	NewBlock 662, Chunks: 0,
2025-03-11 01:46:26.043	NewBlock 663, Chunks: 0,
2025-03-11 01:46:32.697	NewBlock 664, Chunks: 0,
2025-03-11 01:46:41.114	NewBlock 665, Chunks: 0,
2025-03-11 01:47:06.495	NewBlock 666, Chunks: 0,
2025-03-11 01:47:25.574	NewBlock 667, Chunks: 0,
2025-03-11 01:48:09.262	NewBlock 668, Chunks: 0,
2025-03-11 01:48:18.009	NewBlock 669, Chunks: 0,
2025-03-11 01:48:27.252	NewBlock 670, Chunks: 0,
2025-03-11 01:48:43.469	NewBlock 671, Chunks: 0,
2025-03-11 01:48:51.214	NewBlock 672, Chunks: 0,
2025-03-11 01:49:02.273	NewBlock 673, Chunks: 0,
2025-03-11 01:49:13.339	NewBlock 674, Chunks: 0,
2025-03-11 01:49:32.918	NewBlock 675, Chunks: 0,
2025-03-11 01:49:47.486	NewBlock 676, Chunks: 0,
2025-03-11 01:50:12.567	NewBlock 677, Chunks: 0,
2025-03-11 01:50:21.770	NewBlock 677, Chunks: 0,
2025-03-11 01:50:21.809	NewBlock 678, Chunks: 0,
2025-03-11 02:07:27.098	NewBlock 679, Chunks: 0,
2025-03-11 02:07:32.636	NewBlock 680, Chunks: 0,
2025-03-11 02:07:36.980	NewBlock 681, Chunks: 0,
2025-03-11 02:07:50.438	NewBlock 682, Chunks: 0,
2025-03-11 02:08:02.394	NewBlock 683, Chunks: 0,
2025-03-11 02:08:08.050	NewBlock 684, Chunks: 0,
2025-03-11 02:08:13.403	NewBlock 685, Chunks: 0,
2025-03-11 02:08:17.900	NewBlock 686, Chunks: 0,
2025-03-11 02:08:21.268	NewBlock 687, Chunks: 0,
2025-03-11 02:08:25.465	NewBlock 688, Chunks: 0,
2025-03-11 02:08:40.016	NewBlock 689, Chunks: 0,
2025-03-11 02:08:50.118	NewBlock 689, Chunks: 0,
2025-03-11 02:08:50.146	NewBlock 690, Chunks: 0,
2025-03-11 02:09:08.828	NewBlock 691, Chunks: 0,
2025-03-11 02:09:37.309	NewBlock 692, Chunks: 0,
2025-03-11 02:10:00.387	NewBlock 693, Chunks: 0,
2025-03-11 02:10:45.659	NewBlock 694, Chunks: 0,
2025-03-11 02:10:54.619	NewBlock 695, Chunks: 0,
2025-03-11 02:11:07.579	NewBlock 696, Chunks: 0,
2025-03-11 02:11:13.086	NewBlock 697, Chunks: 0,
2025-03-11 02:11:22.038	NewBlock 698, Chunks: 0,
2025-03-11 02:11:33.185	NewBlock 699, Chunks: 0,
2025-03-11 02:11:41.931	NewBlock 700, Chunks: 0,
2025-03-11 02:12:04.811	NewBlock 701, Chunks: 0,
2025-03-11 02:12:18.382	NewBlock 702, Chunks: 0,
2025-03-11 02:12:33.948	NewBlock 703, Chunks: 0,
2025-03-11 02:12:50.115	NewBlock 704, Chunks: 0,
2025-03-11 04:06:12.674	NewBlock -1, Chunks: 0,
2025-03-11 05:32:46.708	Initialized. Chunks: 0
2025-03-11 06:07:45.998	NewBlock 705, Chunks: 0,
2025-03-11 06:08:01.254	NewBlock 706, Chunks: 0,
2025-03-11 06:08:22.338	NewBlock 707, Chunks: 0,
2025-03-11 06:08:34.287	NewBlock 708, Chunks: 0,
2025-03-11 06:08:53.162	NewBlock 709, Chunks: 0,
2025-03-11 06:09:13.031	NewBlock 710, Chunks: 0,
2025-03-11 06:09:29.508	NewBlock 711, Chunks: 0,
2025-03-11 06:09:40.365	NewBlock 712, Chunks: 0,
2025-03-11 06:09:53.825	NewBlock 713, Chunks: 0,
2025-03-11 06:10:08.955	NewBlock 714, Chunks: 0,
2025-03-11 06:10:29.113	NewBlock 715, Chunks: 0,
2025-03-11 06:10:39.809	NewBlock 716, Chunks: 0,
2025-03-11 06:10:49.760	NewBlock 717, Chunks: 0,
2025-03-11 06:11:06.500	NewBlock 718, Chunks: 0,
2025-03-11 06:11:22.069	NewBlock 719, Chunks: 0,
2025-03-11 06:11:40.945	NewBlock 720, Chunks: 0,
2025-03-11 06:37:02.898	NewBlock 721, Chunks: 0,
2025-03-11 06:37:10.448	NewBlock 722, Chunks: 0,
2025-03-11 06:37:16.647	NewBlock 723, Chunks: 0,
2025-03-11 06:37:29.225	NewBlock 724, Chunks: 0,
2025-03-11 06:37:33.569	NewBlock 725, Chunks: 0,
2025-03-11 06:37:41.617	NewBlock 726, Chunks: 0,
2025-03-11 06:37:45.321	NewBlock 727, Chunks: 0,
2025-03-11 06:37:51.874	NewBlock 728, Chunks: 0,
2025-03-11 06:37:56.926	NewBlock 729, Chunks: 0,
2025-03-11 06:38:07.371	NewBlock 730, Chunks: 0,
2025-03-11 06:38:15.709	NewBlock 731, Chunks: 0,
2025-03-11 06:38:21.476	NewBlock 732, Chunks: 0,
2025-03-11 06:38:41.538	NewBlock 733, Chunks: 0,
2025-03-11 06:39:02.504	NewBlock 734, Chunks: 0,
2025-03-11 06:39:22.423	NewBlock 735, Chunks: 0,
2025-03-11 06:39:41.264	NewBlock 736, Chunks: 0,
2025-03-11 06:40:00.841	NewBlock 737, Chunks: 0,
2025-03-11 06:40:16.197	NewBlock 738, Chunks: 0,
2025-03-11 06:40:23.137	NewBlock 739, Chunks: 0,
2025-03-11 06:40:38.584	NewBlock 740, Chunks: 0,
2025-03-11 06:40:53.228	NewBlock 741, Chunks: 0,
2025-03-11 06:41:10.907	NewBlock 742, Chunks: 0,
2025-03-11 06:41:19.159	NewBlock 743, Chunks: 0,
2025-03-11 06:41:34.033	NewBlock 744, Chunks: 0,
2025-03-11 06:44:46.001	NewBlock 745, Chunks: 0,
2025-03-11 06:44:55.458	NewBlock 746, Chunks: 0,
2025-03-11 06:45:08.833	NewBlock 747, Chunks: 0,
2025-03-11 06:45:24.508	NewBlock 748, Chunks: 0,
2025-03-11 06:45:30.242	NewBlock 749, Chunks: 0,
2025-03-11 06:45:35.474	NewBlock 750, Chunks: 0,
2025-03-11 06:45:41.318	NewBlock 751, Chunks: 0,
2025-03-11 06:45:46.910	NewBlock 752, Chunks: 0,
2025-03-11 06:45:52.155	NewBlock 753, Chunks: 0,
2025-03-11 06:46:07.630	NewBlock 754, Chunks: 0,
2025-03-11 06:46:24.096	NewBlock 755, Chunks: 0,
2025-03-11 10:12:32.258	NewBlock 756, Chunks: 0,
2025-03-11 10:12:36.136	NewBlock 757, Chunks: 0,
2025-03-11 10:12:49.382	NewBlock 758, Chunks: 0,
2025-03-11 10:12:59.657	NewBlock 759, Chunks: 0,
2025-03-11 10:13:14.031	NewBlock 760, Chunks: 0,
2025-03-11 10:13:19.484	NewBlock 761, Chunks: 0,
2025-03-11 10:13:31.750	NewBlock 762, Chunks: 0,
2025-03-11 10:13:36.743	NewBlock 763, Chunks: 0,
2025-03-11 10:13:51.100	NewBlock 764, Chunks: 0,
2025-03-11 10:14:00.517	NewBlock 764, Chunks: 0,
2025-03-11 10:14:00.554	NewBlock 765, Chunks: 0,
2025-03-11 10:14:08.761	NewBlock 766, Chunks: 0,
2025-03-11 10:14:14.959	NewBlock 766, Chunks: 0,
2025-03-11 10:14:14.979	NewBlock 767, Chunks: 0,
2025-03-11 21:11:18.546	NewBlock 768, Chunks: 0,
2025-03-11 21:11:26.293	NewBlock 769, Chunks: 0,
2025-03-11 21:11:32.973	NewBlock 770, Chunks: 0,
2025-03-11 21:11:47.227	NewBlock 771, Chunks: 0,
2025-03-11 21:11:59.387	NewBlock 772, Chunks: 0,
2025-03-11 21:12:06.022	NewBlock 773, Chunks: 0,
2025-03-11 21:12:16.008	NewBlock 774, Chunks: 0,
2025-03-11 21:12:26.891	NewBlock 775, Chunks: 0,
2025-03-11 21:12:35.744	NewBlock 776, Chunks: 0,
2025-03-11 21:12:46.873	NewBlock 777, Chunks: 0,
2025-03-11 21:12:56.850	NewBlock 777, Chunks: 0,
2025-03-11 21:12:56.869	NewBlock 778, Chunks: 0,
