2025-03-08 01:39:06.661	Initialized. Chunks: 0
2025-03-08 01:39:06.742	Entity (00000105, 00000000caedade911802fb2770a3f2d4687f8d1) added successfully
2025-03-08 01:39:06.762	NewBlock 0, Chunks: 0,
2025-03-08 01:39:07.416	NewBlock 1, Chunks: 0,
2025-03-08 01:39:07.447	NewBlock 2, Chunks: 0,
2025-03-08 01:39:07.477	NewBlock 3, Chunks: 0,
2025-03-08 01:39:07.510	NewBlock 4, Chunks: 0,
2025-03-08 01:39:07.541	NewBlock 5, Chunks: 0,
2025-03-08 01:39:07.574	NewBlock 6, Chunks: 0,
2025-03-08 01:39:07.604	NewBlock 7, Chunks: 0,
2025-03-08 01:39:19.567	NewBlock 8, Chunks: 0,
2025-03-08 01:39:27.425	NewBlock 9, Chunks: 0,
2025-03-08 01:39:42.983	NewBlock 10, Chunks: 0,
2025-03-08 01:40:03.769	NewBlock 11, Chunks: 0,
2025-03-08 01:40:21.556	NewBlock 12, Chunks: 0,
2025-03-08 01:40:39.042	NewBlock 13, Chunks: 0,
2025-03-08 01:40:50.795	NewBlock 14, Chunks: 0,
2025-03-08 01:41:07.871	NewBlock 15, Chunks: 0,
2025-03-08 01:41:25.450	NewBlock 16, Chunks: 0,
2025-03-08 01:41:26.083	NewBlock 17, Chunks: 0,
2025-03-08 01:41:44.550	NewBlock 18, Chunks: 0,
2025-03-08 01:42:03.125	NewBlock 19, Chunks: 0,
2025-03-08 01:42:18.893	NewBlock 20, Chunks: 0,
2025-03-08 01:42:31.060	NewBlock 21, Chunks: 0,
2025-03-08 01:42:46.516	NewBlock 22, Chunks: 0,
2025-03-08 01:42:59.756	NewBlock 23, Chunks: 0,
2025-03-08 01:43:22.288	NewBlock 24, Chunks: 0,
2025-03-08 01:43:38.310	NewBlock 25, Chunks: 0,
2025-03-08 01:43:46.966	NewBlock 26, Chunks: 0,
2025-03-08 01:43:59.269	NewBlock 27, Chunks: 0,
2025-03-08 01:44:23.067	NewBlock 28, Chunks: 0,
2025-03-08 01:44:29.022	NewBlock 29, Chunks: 0,
2025-03-08 01:44:47.352	NewBlock 30, Chunks: 0,
2025-03-08 01:45:04.309	NewBlock 31, Chunks: 0,
2025-03-08 01:45:18.347	NewBlock 32, Chunks: 0,
2025-03-08 01:45:36.120	NewBlock 33, Chunks: 0,
2025-03-08 01:45:44.796	NewBlock 34, Chunks: 0,
2025-03-08 01:46:02.689	NewBlock 35, Chunks: 0,
2025-03-08 01:46:17.035	NewBlock 36, Chunks: 0,
2025-03-08 01:46:30.212	NewBlock 37, Chunks: 0,
2025-03-08 01:46:49.387	NewBlock 38, Chunks: 0,
2025-03-08 01:46:59.986	NewBlock 39, Chunks: 0,
2025-03-08 01:47:19.685	NewBlock 40, Chunks: 0,
2025-03-08 01:47:33.558	NewBlock 41, Chunks: 0,
2025-03-08 01:47:44.617	NewBlock 42, Chunks: 0,
2025-03-08 01:48:05.492	NewBlock 43, Chunks: 0,
2025-03-08 01:48:18.053	NewBlock 44, Chunks: 0,
2025-03-08 01:48:30.834	NewBlock 45, Chunks: 0,
2025-03-08 01:48:43.525	NewBlock 45, Chunks: 0,
2025-03-08 01:48:43.548	NewBlock 46, Chunks: 0,
2025-03-08 01:48:59.608	NewBlock 47, Chunks: 0,
2025-03-08 01:49:16.573	NewBlock 48, Chunks: 0,
2025-03-08 01:49:29.531	NewBlock 49, Chunks: 0,
2025-03-08 01:49:45.197	NewBlock 50, Chunks: 0,
2025-03-08 01:49:59.495	NewBlock 51, Chunks: 0,
2025-03-08 01:50:20.486	NewBlock 52, Chunks: 0,
2025-03-08 01:50:27.181	NewBlock 53, Chunks: 0,
2025-03-08 01:50:54.734	NewBlock 54, Chunks: 0,
2025-03-08 01:50:59.242	NewBlock 54, Chunks: 0,
2025-03-08 01:50:59.261	NewBlock 55, Chunks: 0,
2025-03-08 01:51:14.628	NewBlock 56, Chunks: 0,
2025-03-08 01:51:26.704	NewBlock 57, Chunks: 0,
2025-03-08 01:51:43.270	NewBlock 58, Chunks: 0,
2025-03-08 01:51:59.817	NewBlock 59, Chunks: 0,
2025-03-08 03:07:52.891	NewBlock 60, Chunks: 0,
2025-03-08 03:07:58.434	NewBlock 61, Chunks: 0,
2025-03-08 03:08:05.077	NewBlock 62, Chunks: 0,
2025-03-08 03:08:11.791	NewBlock 63, Chunks: 0,
2025-03-08 03:08:15.023	NewBlock 64, Chunks: 0,
2025-03-08 03:08:26.069	NewBlock 65, Chunks: 0,
2025-03-08 03:08:39.342	NewBlock 66, Chunks: 0,
2025-03-08 03:08:54.787	NewBlock 67, Chunks: 0,
2025-03-08 03:08:59.293	NewBlock 68, Chunks: 0,
2025-03-08 03:09:07.054	NewBlock 69, Chunks: 0,
2025-03-08 03:09:11.299	NewBlock 70, Chunks: 0,
2025-03-08 03:11:02.614	NewBlock 71, Chunks: 0,
2025-03-08 03:11:05.778	NewBlock 72, Chunks: 0,
2025-03-08 03:11:12.578	NewBlock 73, Chunks: 0,
2025-03-08 03:11:19.022	NewBlock 74, Chunks: 0,
2025-03-08 03:11:30.251	NewBlock 75, Chunks: 0,
2025-03-08 03:11:38.304	NewBlock 76, Chunks: 0,
2025-03-08 03:11:44.744	NewBlock 77, Chunks: 0,
2025-03-08 03:11:59.799	NewBlock 78, Chunks: 0,
2025-03-08 03:12:13.072	NewBlock 79, Chunks: 0,
2025-03-08 03:12:33.568	NewBlock 80, Chunks: 0,
2025-03-08 03:12:53.829	NewBlock 81, Chunks: 0,
2025-03-08 03:13:11.482	NewBlock 82, Chunks: 0,
2025-03-08 03:13:26.219	NewBlock 82, Chunks: 0,
2025-03-08 03:13:26.246	NewBlock 83, Chunks: 0,
2025-03-08 03:13:42.799	NewBlock 84, Chunks: 0,
2025-03-08 03:13:54.956	NewBlock 85, Chunks: 0,
2025-03-08 03:14:10.938	NewBlock 86, Chunks: 0,
2025-03-08 03:14:26.980	NewBlock 87, Chunks: 0,
2025-03-08 03:14:35.848	NewBlock 88, Chunks: 0,
2025-03-08 03:14:56.738	NewBlock 89, Chunks: 0,
2025-03-08 03:15:10.420	NewBlock 90, Chunks: 0,
2025-03-08 03:15:32.560	NewBlock 91, Chunks: 0,
2025-03-08 03:15:39.474	NewBlock 92, Chunks: 0,
2025-03-08 03:15:52.776	NewBlock 93, Chunks: 0,
2025-03-08 03:16:07.427	NewBlock 94, Chunks: 0,
2025-03-08 03:16:21.912	NewBlock 95, Chunks: 0,
2025-03-08 03:16:39.520	NewBlock 96, Chunks: 0,
2025-03-08 03:16:54.492	NewBlock 97, Chunks: 0,
2025-03-08 03:17:11.052	NewBlock 98, Chunks: 0,
2025-03-08 03:17:26.522	NewBlock 99, Chunks: 0,
2025-03-08 03:17:39.787	NewBlock 100, Chunks: 0,
2025-03-08 03:17:54.134	NewBlock 101, Chunks: 0,
2025-03-08 03:18:14.341	NewBlock 102, Chunks: 0,
2025-03-08 03:18:26.522	NewBlock 102, Chunks: 0,
2025-03-08 03:18:26.559	NewBlock 103, Chunks: 0,
2025-03-08 03:18:38.218	NewBlock 104, Chunks: 0,
2025-03-08 03:18:53.961	NewBlock 104, Chunks: 0,
2025-03-08 03:18:53.980	NewBlock 105, Chunks: 0,
2025-03-08 03:19:11.752	NewBlock 106, Chunks: 0,
2025-03-08 03:19:24.026	NewBlock 107, Chunks: 0,
2025-03-08 03:19:40.396	NewBlock 108, Chunks: 0,
2025-03-08 03:19:52.568	NewBlock 109, Chunks: 0,
2025-03-08 03:20:13.544	NewBlock 110, Chunks: 0,
2025-03-08 03:20:22.819	NewBlock 111, Chunks: 0,
2025-03-08 03:20:37.835	NewBlock 112, Chunks: 0,
2025-03-08 03:20:55.493	NewBlock 113, Chunks: 0,
2025-03-08 03:21:10.189	NewBlock 114, Chunks: 0,
2025-03-08 03:21:27.881	NewBlock 115, Chunks: 0,
2025-03-08 03:21:41.103	NewBlock 116, Chunks: 0,
2025-03-08 03:21:41.138	NewBlock 117, Chunks: 0,
2025-03-08 03:22:04.414	NewBlock 118, Chunks: 0,
2025-03-08 03:22:19.778	NewBlock 119, Chunks: 0,
2025-03-08 03:22:34.168	NewBlock 120, Chunks: 0,
2025-03-08 03:22:59.515	NewBlock 121, Chunks: 0,
2025-03-08 03:23:09.351	NewBlock 122, Chunks: 0,
2025-03-08 03:23:25.231	NewBlock 123, Chunks: 0,
2025-03-08 03:23:35.878	NewBlock 124, Chunks: 0,
2025-03-08 03:23:50.708	NewBlock 125, Chunks: 0,
2025-03-08 03:24:11.681	NewBlock 126, Chunks: 0,
2025-03-08 03:24:23.741	NewBlock 127, Chunks: 0,
2025-03-08 03:24:36.102	NewBlock 128, Chunks: 0,
2025-03-08 03:24:51.967	NewBlock 129, Chunks: 0,
2025-03-08 03:25:06.151	NewBlock 130, Chunks: 0,
2025-03-08 03:25:15.065	NewBlock 131, Chunks: 0,
2025-03-08 03:25:33.747	NewBlock 132, Chunks: 0,
2025-03-08 03:25:51.412	NewBlock 133, Chunks: 0,
2025-03-08 03:26:09.682	NewBlock 134, Chunks: 0,
2025-03-08 03:26:22.943	NewBlock 135, Chunks: 0,
2025-03-08 03:26:33.131	NewBlock 136, Chunks: 0,
2025-03-08 03:26:49.433	NewBlock 137, Chunks: 0,
2025-03-08 03:27:05.091	NewBlock 138, Chunks: 0,
2025-03-08 03:27:22.756	NewBlock 139, Chunks: 0,
2025-03-08 03:27:36.787	NewBlock 140, Chunks: 0,
2025-03-08 03:27:56.906	NewBlock 141, Chunks: 0,
2025-03-08 03:28:11.439	NewBlock 140, Chunks: 0,
2025-03-08 03:28:11.460	NewBlock 141, Chunks: 0,
2025-03-08 03:28:11.479	NewBlock 142, Chunks: 0,
2025-03-08 03:39:51.173	NewBlock 143, Chunks: 0,
2025-03-08 03:39:57.537	NewBlock 144, Chunks: 0,
2025-03-08 03:40:02.991	NewBlock 145, Chunks: 0,
2025-03-08 03:40:06.440	NewBlock 146, Chunks: 0,
2025-03-08 03:40:12.013	NewBlock 147, Chunks: 0,
2025-03-08 03:40:16.492	NewBlock 148, Chunks: 0,
2025-03-08 03:40:24.061	NewBlock 147, Chunks: 0,
2025-03-08 03:40:24.082	NewBlock 148, Chunks: 0,
2025-03-08 03:40:24.100	NewBlock 149, Chunks: 0,
2025-03-08 03:40:33.154	NewBlock 150, Chunks: 0,
2025-03-08 03:40:41.019	NewBlock 151, Chunks: 0,
2025-03-08 03:40:46.562	NewBlock 152, Chunks: 0,
2025-03-08 03:40:53.116	NewBlock 153, Chunks: 0,
2025-03-08 03:47:35.104	NewBlock 154, Chunks: 0,
2025-03-08 03:47:38.845	NewBlock 155, Chunks: 0,
2025-03-08 03:47:44.992	NewBlock 156, Chunks: 0,
2025-03-08 03:48:00.758	NewBlock 157, Chunks: 0,
2025-03-08 03:48:09.826	NewBlock 158, Chunks: 0,
2025-03-08 03:48:16.499	NewBlock 159, Chunks: 0,
2025-03-08 03:48:20.156	NewBlock 160, Chunks: 0,
2025-03-08 03:48:29.911	NewBlock 161, Chunks: 0,
2025-03-08 03:48:44.941	NewBlock 162, Chunks: 0,
2025-03-08 03:48:54.119	NewBlock 163, Chunks: 0,
2025-03-08 03:48:58.280	NewBlock 164, Chunks: 0,
2025-03-08 03:51:20.301	NewBlock 165, Chunks: 0,
2025-03-08 03:51:34.807	NewBlock 166, Chunks: 0,
2025-03-08 03:51:42.394	NewBlock 167, Chunks: 0,
2025-03-08 03:51:54.682	NewBlock 168, Chunks: 0,
2025-03-08 03:52:04.435	NewBlock 169, Chunks: 0,
2025-03-08 03:52:11.289	NewBlock 170, Chunks: 0,
2025-03-08 03:52:21.277	NewBlock 171, Chunks: 0,
2025-03-08 03:52:32.237	NewBlock 172, Chunks: 0,
2025-03-08 03:52:41.214	NewBlock 172, Chunks: 0,
2025-03-08 03:52:41.240	NewBlock 173, Chunks: 0,
2025-03-08 03:52:49.803	NewBlock 174, Chunks: 0,
2025-03-08 03:53:13.784	NewBlock 175, Chunks: 0,
2025-03-08 03:53:30.344	NewBlock 176, Chunks: 0,
2025-03-08 03:56:46.757	NewBlock 177, Chunks: 0,
2025-03-08 03:56:52.503	NewBlock 178, Chunks: 0,
2025-03-08 03:56:57.266	NewBlock 179, Chunks: 0,
2025-03-08 03:57:07.889	NewBlock 180, Chunks: 0,
2025-03-08 03:57:13.453	NewBlock 181, Chunks: 0,
2025-03-08 03:57:18.902	NewBlock 182, Chunks: 0,
2025-03-08 03:57:25.660	NewBlock 183, Chunks: 0,
2025-03-08 03:57:32.203	NewBlock 184, Chunks: 0,
2025-03-08 03:57:40.229	NewBlock 185, Chunks: 0,
2025-03-08 03:57:55.685	NewBlock 186, Chunks: 0,
2025-03-08 03:58:14.447	NewBlock 187, Chunks: 0,
2025-03-08 04:01:32.446	NewBlock 188, Chunks: 0,
2025-03-08 04:01:36.802	NewBlock 189, Chunks: 0,
2025-03-08 04:01:40.287	NewBlock 190, Chunks: 0,
2025-03-08 04:01:47.980	NewBlock 191, Chunks: 0,
2025-03-08 04:01:56.731	NewBlock 192, Chunks: 0,
2025-03-08 04:02:06.691	NewBlock 193, Chunks: 0,
2025-03-08 04:02:10.037	NewBlock 194, Chunks: 0,
2025-03-08 04:02:21.098	NewBlock 195, Chunks: 0,
2025-03-08 04:02:29.965	NewBlock 196, Chunks: 0,
2025-03-08 04:02:36.604	NewBlock 197, Chunks: 0,
2025-03-08 04:02:58.652	NewBlock 198, Chunks: 0,
2025-03-08 04:03:18.389	NewBlock 199, Chunks: 0,
2025-03-08 04:03:36.114	NewBlock 200, Chunks: 0,
2025-03-08 04:03:57.996	NewBlock 201, Chunks: 0,
2025-03-08 04:04:12.351	NewBlock 202, Chunks: 0,
2025-03-08 04:04:24.752	NewBlock 202, Chunks: 0,
2025-03-08 04:04:24.785	NewBlock 203, Chunks: 0,
2025-03-08 04:04:37.959	NewBlock 204, Chunks: 0,
2025-03-08 04:04:47.714	NewBlock 205, Chunks: 0,
2025-03-08 04:05:07.576	NewBlock 206, Chunks: 0,
2025-03-08 04:05:19.642	NewBlock 207, Chunks: 0,
2025-03-08 04:05:37.226	NewBlock 208, Chunks: 0,
2025-03-08 04:05:50.489	NewBlock 209, Chunks: 0,
2025-03-08 04:06:08.069	NewBlock 210, Chunks: 0,
2025-03-08 04:06:28.039	NewBlock 211, Chunks: 0,
2025-03-08 04:06:39.008	NewBlock 212, Chunks: 0,
2025-03-08 04:06:56.496	NewBlock 213, Chunks: 0,
2025-03-08 04:17:28.629	NewBlock 214, Chunks: 0,
2025-03-08 04:17:32.869	NewBlock 215, Chunks: 0,
2025-03-08 04:17:39.318	NewBlock 216, Chunks: 0,
2025-03-08 04:17:43.969	NewBlock 217, Chunks: 0,
2025-03-08 04:17:49.610	NewBlock 218, Chunks: 0,
2025-03-08 04:17:57.183	NewBlock 219, Chunks: 0,
2025-03-08 04:18:04.727	NewBlock 220, Chunks: 0,
2025-03-08 04:18:12.042	NewBlock 221, Chunks: 0,
2025-03-08 04:18:15.700	NewBlock 222, Chunks: 0,
2025-03-08 04:18:19.807	NewBlock 223, Chunks: 0,
2025-03-08 04:18:33.684	NewBlock 224, Chunks: 0,
2025-03-08 04:25:52.125	NewBlock 225, Chunks: 0,
2025-03-08 04:26:04.273	NewBlock 226, Chunks: 0,
2025-03-08 04:26:13.169	NewBlock 227, Chunks: 0,
2025-03-08 04:26:24.456	NewBlock 228, Chunks: 0,
2025-03-08 04:26:29.077	NewBlock 229, Chunks: 0,
2025-03-08 04:26:45.460	NewBlock 230, Chunks: 0,
2025-03-08 04:26:50.150	NewBlock 231, Chunks: 0,
2025-03-08 04:26:55.406	NewBlock 232, Chunks: 0,
2025-03-08 04:27:01.815	NewBlock 233, Chunks: 0,
2025-03-08 04:27:11.950	NewBlock 234, Chunks: 0,
2025-03-08 04:27:18.597	NewBlock 235, Chunks: 0,
2025-03-08 04:36:04.460	NewBlock 236, Chunks: 0,
2025-03-08 04:36:09.003	NewBlock 237, Chunks: 0,
2025-03-08 04:36:19.034	NewBlock 238, Chunks: 0,
2025-03-08 04:36:27.961	NewBlock 239, Chunks: 0,
2025-03-08 04:36:34.488	NewBlock 240, Chunks: 0,
2025-03-08 04:36:38.997	NewBlock 241, Chunks: 0,
2025-03-08 04:36:44.598	NewBlock 242, Chunks: 0,
2025-03-08 04:36:55.056	NewBlock 243, Chunks: 0,
2025-03-08 04:37:01.606	NewBlock 244, Chunks: 0,
2025-03-08 04:37:07.560	NewBlock 245, Chunks: 0,
2025-03-08 04:37:20.629	NewBlock 246, Chunks: 0,
2025-03-08 05:16:25.028	NewBlock 247, Chunks: 0,
2025-03-08 05:16:36.854	NewBlock 247, Chunks: 0,
2025-03-08 05:16:36.873	NewBlock 248, Chunks: 0,
2025-03-08 05:16:46.843	NewBlock 249, Chunks: 0,
2025-03-08 05:16:59.106	NewBlock 250, Chunks: 0,
2025-03-08 05:17:03.260	NewBlock 251, Chunks: 0,
2025-03-08 05:17:08.803	NewBlock 252, Chunks: 0,
2025-03-08 05:17:26.373	NewBlock 253, Chunks: 0,
2025-03-08 05:17:33.231	NewBlock 253, Chunks: 0,
2025-03-08 05:17:33.250	NewBlock 254, Chunks: 0,
2025-03-08 05:17:38.500	NewBlock 255, Chunks: 0,
2025-03-08 05:17:51.860	NewBlock 256, Chunks: 0,
2025-03-08 05:17:56.406	NewBlock 257, Chunks: 0,
2025-03-08 05:23:54.034	NewBlock 258, Chunks: 0,
2025-03-08 05:24:01.887	NewBlock 259, Chunks: 0,
2025-03-08 05:24:05.088	NewBlock 260, Chunks: 0,
2025-03-08 05:24:16.132	NewBlock 261, Chunks: 0,
2025-03-08 05:24:21.678	NewBlock 262, Chunks: 0,
2025-03-08 05:24:27.236	NewBlock 263, Chunks: 0,
2025-03-08 05:24:30.578	NewBlock 264, Chunks: 0,
2025-03-08 05:24:42.483	NewBlock 265, Chunks: 0,
2025-03-08 05:24:47.141	NewBlock 266, Chunks: 0,
2025-03-08 05:24:52.721	NewBlock 267, Chunks: 0,
2025-03-08 05:25:01.064	NewBlock 268, Chunks: 0,
2025-03-08 05:40:14.997	NewBlock 269, Chunks: 0,
2025-03-08 05:40:20.358	NewBlock 270, Chunks: 0,
2025-03-08 05:40:28.087	NewBlock 271, Chunks: 0,
2025-03-08 05:40:32.594	NewBlock 272, Chunks: 0,
2025-03-08 05:40:46.931	NewBlock 273, Chunks: 0,
2025-03-08 05:40:54.174	NewBlock 274, Chunks: 0,
2025-03-08 05:41:02.350	NewBlock 275, Chunks: 0,
2025-03-08 05:41:10.151	NewBlock 276, Chunks: 0,
2025-03-08 05:41:17.890	NewBlock 277, Chunks: 0,
2025-03-08 05:41:21.225	NewBlock 278, Chunks: 0,
2025-03-08 05:41:28.980	NewBlock 279, Chunks: 0,
2025-03-08 05:44:38.336	NewBlock 280, Chunks: 0,
2025-03-08 05:44:50.486	NewBlock 281, Chunks: 0,
2025-03-08 05:44:58.135	NewBlock 282, Chunks: 0,
2025-03-08 05:45:10.812	NewBlock 283, Chunks: 0,
2025-03-08 05:45:20.769	NewBlock 284, Chunks: 0,
2025-03-08 05:45:28.123	NewBlock 285, Chunks: 0,
2025-03-08 05:45:39.680	NewBlock 286, Chunks: 0,
2025-03-08 05:45:52.341	NewBlock 287, Chunks: 0,
2025-03-08 05:46:02.696	NewBlock 288, Chunks: 0,
2025-03-08 05:46:10.540	NewBlock 289, Chunks: 0,
2025-03-08 05:46:23.196	NewBlock 290, Chunks: 0,
2025-03-08 05:50:04.583	NewBlock 291, Chunks: 0,
2025-03-08 05:50:16.832	NewBlock 292, Chunks: 0,
2025-03-08 05:50:24.608	NewBlock 293, Chunks: 0,
2025-03-08 05:50:41.282	NewBlock 294, Chunks: 0,
2025-03-08 05:50:53.548	NewBlock 295, Chunks: 0,
2025-03-08 05:50:58.861	NewBlock 296, Chunks: 0,
2025-03-08 05:51:06.622	NewBlock 297, Chunks: 0,
2025-03-08 05:51:10.079	NewBlock 298, Chunks: 0,
2025-03-08 05:51:18.764	NewBlock 299, Chunks: 0,
2025-03-08 05:51:26.607	NewBlock 300, Chunks: 0,
2025-03-08 05:51:42.202	NewBlock 300, Chunks: 0,
2025-03-08 05:51:42.222	NewBlock 301, Chunks: 0,
2025-03-08 05:52:26.937	NewBlock 302, Chunks: 0,
2025-03-08 05:52:40.633	NewBlock 303, Chunks: 0,
2025-03-08 05:52:53.989	NewBlock 304, Chunks: 0,
2025-03-08 05:53:07.845	NewBlock 305, Chunks: 0,
2025-03-08 05:53:15.899	NewBlock 306, Chunks: 0,
2025-03-08 05:53:37.566	NewBlock 307, Chunks: 0,
2025-03-08 05:53:47.305	NewBlock 308, Chunks: 0,
2025-03-08 05:53:57.251	NewBlock 309, Chunks: 0,
2025-03-08 05:54:18.199	NewBlock 310, Chunks: 0,
2025-03-08 05:54:28.383	NewBlock 311, Chunks: 0,
2025-03-08 05:54:46.354	NewBlock 312, Chunks: 0,
2025-03-08 06:51:34.131	NewBlock 313, Chunks: 0,
2025-03-08 06:51:50.104	NewBlock 314, Chunks: 0,
2025-03-08 06:51:54.554	NewBlock 315, Chunks: 0,
2025-03-08 06:52:03.314	NewBlock 316, Chunks: 0,
2025-03-08 06:52:07.171	NewBlock 317, Chunks: 0,
2025-03-08 06:52:13.624	NewBlock 318, Chunks: 0,
2025-03-08 06:52:16.679	NewBlock 319, Chunks: 0,
2025-03-08 06:52:29.131	NewBlock 320, Chunks: 0,
2025-03-08 06:52:33.173	NewBlock 321, Chunks: 0,
2025-03-08 06:52:39.916	NewBlock 322, Chunks: 0,
2025-03-08 06:52:44.574	NewBlock 323, Chunks: 0,
2025-03-08 07:02:51.312	NewBlock 324, Chunks: 0,
2025-03-08 07:03:00.868	NewBlock 325, Chunks: 0,
2025-03-08 07:03:10.426	NewBlock 326, Chunks: 0,
2025-03-08 07:03:15.289	NewBlock 327, Chunks: 0,
2025-03-08 07:03:30.254	NewBlock 328, Chunks: 0,
2025-03-08 07:03:33.713	NewBlock 329, Chunks: 0,
2025-03-08 07:03:40.680	NewBlock 330, Chunks: 0,
2025-03-08 07:03:47.033	NewBlock 331, Chunks: 0,
2025-03-08 07:03:52.788	NewBlock 332, Chunks: 0,
2025-03-08 07:04:04.569	NewBlock 333, Chunks: 0,
2025-03-08 07:04:15.528	NewBlock 334, Chunks: 0,
2025-03-08 07:06:21.376	NewBlock 335, Chunks: 0,
2025-03-08 07:06:26.834	NewBlock 336, Chunks: 0,
2025-03-08 07:06:31.049	NewBlock 336, Chunks: 0,
2025-03-08 07:06:31.068	NewBlock 337, Chunks: 0,
2025-03-08 07:06:41.333	NewBlock 338, Chunks: 0,
2025-03-08 07:06:54.608	NewBlock 339, Chunks: 0,
2025-03-08 07:07:02.471	NewBlock 340, Chunks: 0,
2025-03-08 07:07:08.737	NewBlock 341, Chunks: 0,
2025-03-08 07:07:16.637	NewBlock 342, Chunks: 0,
2025-03-08 07:07:36.498	NewBlock 343, Chunks: 0,
2025-03-08 07:07:46.353	NewBlock 344, Chunks: 0,
2025-03-08 07:08:07.096	NewBlock 345, Chunks: 0,
2025-03-08 07:13:58.180	NewBlock 346, Chunks: 0,
2025-03-08 07:14:07.774	NewBlock 347, Chunks: 0,
2025-03-08 07:14:13.650	NewBlock 348, Chunks: 0,
2025-03-08 07:14:22.181	NewBlock 348, Chunks: 0,
2025-03-08 07:14:22.209	NewBlock 349, Chunks: 0,
2025-03-08 07:14:26.919	NewBlock 350, Chunks: 0,
2025-03-08 07:14:35.769	NewBlock 351, Chunks: 0,
2025-03-08 07:14:39.883	NewBlock 352, Chunks: 0,
2025-03-08 07:14:45.828	NewBlock 353, Chunks: 0,
2025-03-08 07:14:56.489	NewBlock 354, Chunks: 0,
2025-03-08 07:15:09.055	NewBlock 355, Chunks: 0,
2025-03-08 07:15:12.905	NewBlock 356, Chunks: 0,
2025-03-08 07:20:25.851	NewBlock 357, Chunks: 0,
2025-03-08 07:20:38.832	NewBlock 358, Chunks: 0,
2025-03-08 07:20:45.517	NewBlock 359, Chunks: 0,
2025-03-08 07:20:48.871	NewBlock 360, Chunks: 0,
2025-03-08 07:20:53.345	NewBlock 361, Chunks: 0,
2025-03-08 07:21:00.111	NewBlock 362, Chunks: 0,
2025-03-08 07:21:08.666	NewBlock 363, Chunks: 0,
2025-03-08 07:21:20.007	NewBlock 364, Chunks: 0,
2025-03-08 07:21:24.652	NewBlock 365, Chunks: 0,
2025-03-08 07:21:28.540	NewBlock 366, Chunks: 0,
2025-03-08 07:21:35.184	NewBlock 367, Chunks: 0,
2025-03-08 07:25:18.999	NewBlock 368, Chunks: 0,
2025-03-08 07:25:28.495	NewBlock 369, Chunks: 0,
2025-03-08 07:25:33.359	NewBlock 370, Chunks: 0,
2025-03-08 07:25:38.910	NewBlock 371, Chunks: 0,
2025-03-08 07:25:42.856	NewBlock 372, Chunks: 0,
2025-03-08 07:25:47.343	NewBlock 373, Chunks: 0,
2025-03-08 07:25:54.497	NewBlock 373, Chunks: 0,
2025-03-08 07:25:54.517	NewBlock 374, Chunks: 0,
2025-03-08 07:26:02.793	NewBlock 375, Chunks: 0,
2025-03-08 07:26:10.488	NewBlock 376, Chunks: 0,
2025-03-08 07:26:24.852	NewBlock 377, Chunks: 0,
2025-03-08 07:26:50.459	NewBlock 378, Chunks: 0,
2025-03-08 07:37:07.498	NewBlock 379, Chunks: 0,
2025-03-08 07:37:11.945	NewBlock 380, Chunks: 0,
2025-03-08 07:37:24.093	NewBlock 381, Chunks: 0,
2025-03-08 07:37:27.437	NewBlock 382, Chunks: 0,
2025-03-08 07:37:31.882	NewBlock 383, Chunks: 0,
2025-03-08 07:37:43.821	NewBlock 384, Chunks: 0,
2025-03-08 07:37:50.629	NewBlock 385, Chunks: 0,
2025-03-08 07:37:56.179	NewBlock 386, Chunks: 0,
2025-03-08 07:38:00.278	NewBlock 387, Chunks: 0,
2025-03-08 07:38:09.485	NewBlock 388, Chunks: 0,
2025-03-08 07:38:13.735	NewBlock 389, Chunks: 0,
2025-03-08 07:41:47.406	NewBlock 390, Chunks: 0,
2025-03-08 07:41:57.359	NewBlock 391, Chunks: 0,
2025-03-08 07:42:08.256	NewBlock 392, Chunks: 0,
2025-03-08 07:42:18.336	NewBlock 393, Chunks: 0,
2025-03-08 07:42:23.623	NewBlock 394, Chunks: 0,
2025-03-08 07:42:31.603	NewBlock 395, Chunks: 0,
2025-03-08 07:42:37.996	NewBlock 396, Chunks: 0,
2025-03-08 07:42:45.650	NewBlock 397, Chunks: 0,
2025-03-08 07:43:02.234	NewBlock 398, Chunks: 0,
2025-03-08 07:43:06.781	NewBlock 399, Chunks: 0,
2025-03-08 07:43:29.865	NewBlock 400, Chunks: 0,
2025-03-08 07:51:55.171	NewBlock 401, Chunks: 0,
2025-03-08 07:52:00.646	NewBlock 401, Chunks: 0,
2025-03-08 07:52:00.665	NewBlock 402, Chunks: 0,
2025-03-08 07:52:06.112	NewBlock 403, Chunks: 0,
2025-03-08 07:52:10.661	NewBlock 404, Chunks: 0,
2025-03-08 07:52:19.215	NewBlock 405, Chunks: 0,
2025-03-08 07:52:27.023	NewBlock 406, Chunks: 0,
2025-03-08 07:52:35.064	NewBlock 407, Chunks: 0,
2025-03-08 07:52:47.823	NewBlock 408, Chunks: 0,
2025-03-08 07:53:01.583	NewBlock 409, Chunks: 0,
2025-03-08 07:53:06.127	NewBlock 410, Chunks: 0,
2025-03-08 07:53:11.092	NewBlock 411, Chunks: 0,
2025-03-08 08:01:58.234	NewBlock -1, Chunks: 0,
2025-03-09 02:52:28.797	Initialized. Chunks: 0
2025-03-09 17:05:11.659	NewBlock -1, Chunks: 0,
2025-03-09 17:42:39.486	Initialized. Chunks: 0
2025-03-09 21:36:08.415	NewBlock 412, Chunks: 0,
2025-03-09 21:36:28.665	NewBlock 413, Chunks: 0,
2025-03-09 21:36:44.126	NewBlock 414, Chunks: 0,
2025-03-09 21:36:55.201	NewBlock 415, Chunks: 0,
2025-03-09 21:37:12.279	NewBlock 416, Chunks: 0,
2025-03-09 21:37:25.552	NewBlock 417, Chunks: 0,
2025-03-09 21:37:36.834	NewBlock 418, Chunks: 0,
2025-03-09 21:37:50.286	NewBlock 419, Chunks: 0,
2025-03-09 21:38:11.343	NewBlock 420, Chunks: 0,
2025-03-09 21:38:29.005	NewBlock 421, Chunks: 0,
2025-03-09 21:38:44.830	NewBlock 422, Chunks: 0,
2025-03-09 21:38:58.074	NewBlock 423, Chunks: 0,
2025-03-09 21:40:16.246	NewBlock 424, Chunks: 0,
2025-03-09 21:40:23.994	NewBlock 425, Chunks: 0,
2025-03-09 21:40:27.730	NewBlock 426, Chunks: 0,
2025-03-09 21:40:37.251	NewBlock 427, Chunks: 0,
2025-03-09 21:40:42.306	NewBlock 428, Chunks: 0,
2025-03-09 21:40:46.756	NewBlock 429, Chunks: 0,
2025-03-09 21:41:00.099	NewBlock 430, Chunks: 0,
2025-03-09 21:41:18.029	NewBlock 431, Chunks: 0,
2025-03-09 21:41:39.007	NewBlock 432, Chunks: 0,
2025-03-09 21:41:58.338	NewBlock 433, Chunks: 0,
2025-03-09 21:42:14.258	NewBlock 434, Chunks: 0,
2025-03-09 21:43:37.967	NewBlock 435, Chunks: 0,
2025-03-09 21:43:46.889	NewBlock 436, Chunks: 0,
2025-03-09 21:43:57.244	NewBlock 437, Chunks: 0,
2025-03-09 21:44:10.001	NewBlock 438, Chunks: 0,
2025-03-09 21:44:16.527	NewBlock 439, Chunks: 0,
2025-03-09 21:44:22.182	NewBlock 439, Chunks: 0,
2025-03-09 21:44:22.202	NewBlock 440, Chunks: 0,
2025-03-09 21:44:31.060	NewBlock 441, Chunks: 0,
2025-03-09 21:44:39.921	NewBlock 442, Chunks: 0,
2025-03-09 21:44:56.790	NewBlock 443, Chunks: 0,
2025-03-09 21:45:16.743	NewBlock 444, Chunks: 0,
2025-03-09 21:45:36.592	NewBlock 445, Chunks: 0,
2025-03-09 21:45:50.956	NewBlock 446, Chunks: 0,
2025-03-09 21:46:14.024	NewBlock 447, Chunks: 0,
2025-03-09 21:52:53.060	NewBlock 448, Chunks: 0,
2025-03-09 21:52:57.211	NewBlock 449, Chunks: 0,
2025-03-09 21:53:04.576	NewBlock 450, Chunks: 0,
2025-03-09 21:53:11.732	NewBlock 451, Chunks: 0,
2025-03-09 21:53:22.398	NewBlock 452, Chunks: 0,
2025-03-09 21:53:27.155	NewBlock 453, Chunks: 0,
2025-03-09 21:53:32.387	NewBlock 454, Chunks: 0,
2025-03-09 21:53:37.116	NewBlock 455, Chunks: 0,
2025-03-09 21:53:52.770	NewBlock 456, Chunks: 0,
2025-03-09 21:54:03.267	NewBlock 457, Chunks: 0,
2025-03-09 21:54:16.871	NewBlock 458, Chunks: 0,
2025-03-09 22:38:57.949	NewBlock 459, Chunks: 0,
2025-03-09 22:39:04.595	NewBlock 460, Chunks: 0,
2025-03-09 22:39:13.362	NewBlock 461, Chunks: 0,
2025-03-09 22:39:19.126	NewBlock 462, Chunks: 0,
2025-03-09 22:39:27.281	NewBlock 463, Chunks: 0,
2025-03-09 22:39:37.236	NewBlock 464, Chunks: 0,
2025-03-09 22:39:43.990	NewBlock 465, Chunks: 0,
2025-03-09 22:39:52.044	NewBlock 466, Chunks: 0,
2025-03-09 22:40:04.905	NewBlock 467, Chunks: 0,
2025-03-09 22:40:12.653	NewBlock 468, Chunks: 0,
2025-03-09 22:40:18.102	NewBlock 469, Chunks: 0,
2025-03-09 22:48:10.619	NewBlock 470, Chunks: 0,
2025-03-09 22:48:16.167	NewBlock 471, Chunks: 0,
2025-03-09 22:48:22.821	NewBlock 472, Chunks: 0,
2025-03-09 22:48:31.191	NewBlock 473, Chunks: 0,
2025-03-09 22:48:34.758	NewBlock 473, Chunks: 0,
2025-03-09 22:48:34.792	NewBlock 474, Chunks: 0,
2025-03-09 22:48:44.753	NewBlock 475, Chunks: 0,
2025-03-09 22:48:52.578	NewBlock 476, Chunks: 0,
2025-03-09 22:49:00.210	NewBlock 477, Chunks: 0,
2025-03-09 22:49:13.532	NewBlock 478, Chunks: 0,
2025-03-09 22:49:25.487	NewBlock 479, Chunks: 0,
2025-03-09 22:49:36.655	NewBlock 479, Chunks: 0,
2025-03-09 22:49:36.682	NewBlock 480, Chunks: 0,
2025-03-09 23:36:04.113	NewBlock 481, Chunks: 0,
2025-03-09 23:36:09.500	NewBlock 482, Chunks: 0,
2025-03-09 23:36:19.372	NewBlock 483, Chunks: 0,
2025-03-09 23:36:26.059	NewBlock 484, Chunks: 0,
2025-03-09 23:36:35.835	NewBlock 485, Chunks: 0,
2025-03-09 23:36:42.616	NewBlock 486, Chunks: 0,
2025-03-09 23:36:50.385	NewBlock 487, Chunks: 0,
2025-03-09 23:36:55.927	NewBlock 488, Chunks: 0,
2025-03-09 23:37:00.375	NewBlock 489, Chunks: 0,
2025-03-09 23:37:11.421	NewBlock 490, Chunks: 0,
2025-03-09 23:37:23.588	NewBlock 491, Chunks: 0,
2025-03-10 00:08:24.305	NewBlock 492, Chunks: 0,
2025-03-10 00:08:33.151	NewBlock 493, Chunks: 0,
2025-03-10 00:08:39.603	NewBlock 492, Chunks: 0,
2025-03-10 00:08:39.622	NewBlock 493, Chunks: 0,
2025-03-10 00:08:39.641	NewBlock 494, Chunks: 0,
2025-03-10 00:08:47.198	NewBlock 495, Chunks: 0,
2025-03-10 00:08:57.156	NewBlock 496, Chunks: 0,
2025-03-10 00:09:01.596	NewBlock 497, Chunks: 0,
2025-03-10 00:09:09.506	NewBlock 498, Chunks: 0,
2025-03-10 00:09:18.386	NewBlock 499, Chunks: 0,
2025-03-10 00:09:27.251	NewBlock 500, Chunks: 0,
2025-03-10 00:09:35.005	NewBlock 501, Chunks: 0,
2025-03-10 00:09:40.209	NewBlock 502, Chunks: 0,
2025-03-10 00:25:58.818	NewBlock 503, Chunks: 0,
2025-03-10 00:26:07.559	NewBlock 504, Chunks: 0,
2025-03-10 00:26:14.785	NewBlock 505, Chunks: 0,
2025-03-10 00:26:28.050	NewBlock 506, Chunks: 0,
2025-03-10 00:26:31.490	NewBlock 507, Chunks: 0,
2025-03-10 00:26:42.436	NewBlock 508, Chunks: 0,
2025-03-10 00:26:45.880	NewBlock 509, Chunks: 0,
2025-03-10 00:26:52.521	NewBlock 510, Chunks: 0,
2025-03-10 00:27:03.714	NewBlock 511, Chunks: 0,
2025-03-10 00:27:14.769	NewBlock 512, Chunks: 0,
2025-03-10 00:27:20.317	NewBlock 513, Chunks: 0,
2025-03-10 01:03:53.397	NewBlock 514, Chunks: 0,
2025-03-10 01:04:03.342	NewBlock 515, Chunks: 0,
2025-03-10 01:04:08.580	NewBlock 516, Chunks: 0,
2025-03-10 01:04:16.589	NewBlock 517, Chunks: 0,
2025-03-10 01:04:28.457	NewBlock 518, Chunks: 0,
2025-03-10 01:04:36.443	NewBlock 519, Chunks: 0,
2025-03-10 01:04:44.929	NewBlock 520, Chunks: 0,
2025-03-10 01:04:51.571	NewBlock 521, Chunks: 0,
2025-03-10 01:04:55.179	NewBlock 522, Chunks: 0,
2025-03-10 01:04:59.647	NewBlock 523, Chunks: 0,
2025-03-10 01:05:06.724	NewBlock 524, Chunks: 0,
2025-03-10 01:05:10.179	NewBlock 525, Chunks: 0,
2025-03-10 01:48:40.889	NewBlock 526, Chunks: 0,
2025-03-10 01:48:49.320	NewBlock 527, Chunks: 0,
2025-03-10 01:48:55.963	NewBlock 528, Chunks: 0,
2025-03-10 01:49:06.244	NewBlock 529, Chunks: 0,
2025-03-10 01:49:13.632	NewBlock 530, Chunks: 0,
2025-03-10 01:49:22.200	NewBlock 531, Chunks: 0,
2025-03-10 01:49:25.737	NewBlock 532, Chunks: 0,
2025-03-10 01:49:31.087	NewBlock 533, Chunks: 0,
2025-03-10 01:49:34.648	NewBlock 534, Chunks: 0,
2025-03-10 01:49:40.014	NewBlock 535, Chunks: 0,
2025-03-10 01:49:48.989	NewBlock 536, Chunks: 0,
2025-03-10 01:49:58.858	NewBlock 537, Chunks: 0,
2025-03-10 01:50:19.641	NewBlock 538, Chunks: 0,
2025-03-10 01:50:42.050	NewBlock 539, Chunks: 0,
2025-03-10 01:51:01.722	NewBlock 539, Chunks: 0,
2025-03-10 01:51:01.756	NewBlock 540, Chunks: 0,
2025-03-10 03:23:28.037	NewBlock 541, Chunks: 0,
2025-03-10 03:23:31.884	NewBlock 542, Chunks: 0,
2025-03-10 03:23:44.246	NewBlock 543, Chunks: 0,
2025-03-10 03:23:53.918	NewBlock 544, Chunks: 0,
2025-03-10 03:23:58.569	NewBlock 545, Chunks: 0,
2025-03-10 03:24:04.132	NewBlock 546, Chunks: 0,
2025-03-10 03:24:08.489	NewBlock 547, Chunks: 0,
2025-03-10 03:24:21.777	NewBlock 548, Chunks: 0,
2025-03-10 03:24:35.142	NewBlock 549, Chunks: 0,
2025-03-10 03:24:41.596	NewBlock 550, Chunks: 0,
2025-03-10 03:24:52.843	NewBlock 551, Chunks: 0,
2025-03-10 03:26:53.650	NewBlock 552, Chunks: 0,
2025-03-10 03:27:01.596	NewBlock 553, Chunks: 0,
2025-03-10 03:27:15.979	NewBlock 554, Chunks: 0,
2025-03-10 03:27:21.535	NewBlock 555, Chunks: 0,
2025-03-10 03:27:31.559	NewBlock 556, Chunks: 0,
2025-03-10 03:27:37.899	NewBlock 556, Chunks: 0,
2025-03-10 03:27:37.925	NewBlock 557, Chunks: 0,
2025-03-10 03:27:50.305	NewBlock 558, Chunks: 0,
2025-03-10 03:28:00.271	NewBlock 559, Chunks: 0,
2025-03-10 03:28:06.969	NewBlock 560, Chunks: 0,
2025-03-10 03:28:30.737	NewBlock 561, Chunks: 0,
2025-03-10 03:28:44.417	NewBlock 562, Chunks: 0,
2025-03-10 03:29:09.785	NewBlock 563, Chunks: 0,
2025-03-10 03:29:26.964	NewBlock 564, Chunks: 0,
2025-03-10 03:29:40.214	NewBlock 565, Chunks: 0,
2025-03-10 03:29:56.075	NewBlock 566, Chunks: 0,
2025-03-10 03:34:49.928	NewBlock 567, Chunks: 0,
2025-03-10 03:34:55.466	NewBlock 568, Chunks: 0,
2025-03-10 03:35:06.883	NewBlock 569, Chunks: 0,
2025-03-10 03:35:19.765	NewBlock 570, Chunks: 0,
2025-03-10 03:35:31.912	NewBlock 571, Chunks: 0,
2025-03-10 03:35:38.886	NewBlock 572, Chunks: 0,
2025-03-10 03:35:48.935	NewBlock 573, Chunks: 0,
2025-03-10 03:35:55.481	NewBlock 574, Chunks: 0,
2025-03-10 03:36:03.229	NewBlock 575, Chunks: 0,
2025-03-10 03:36:12.180	NewBlock 576, Chunks: 0,
2025-03-10 03:36:24.762	NewBlock 577, Chunks: 0,
2025-03-10 03:36:43.537	NewBlock 578, Chunks: 0,
2025-03-10 03:39:16.532	NewBlock 579, Chunks: 0,
2025-03-10 03:39:20.999	NewBlock 580, Chunks: 0,
2025-03-10 03:39:25.947	NewBlock 581, Chunks: 0,
2025-03-10 03:39:35.511	NewBlock 582, Chunks: 0,
2025-03-10 03:39:48.791	NewBlock 583, Chunks: 0,
2025-03-10 03:39:56.749	NewBlock 584, Chunks: 0,
2025-03-10 03:40:00.993	NewBlock 585, Chunks: 0,
2025-03-10 03:40:09.745	NewBlock 586, Chunks: 0,
2025-03-10 03:40:17.489	NewBlock 587, Chunks: 0,
2025-03-10 03:40:31.469	NewBlock 588, Chunks: 0,
2025-03-10 03:41:00.140	NewBlock 589, Chunks: 0,
2025-03-10 03:41:13.455	NewBlock 590, Chunks: 0,
2025-03-10 03:41:42.126	NewBlock 591, Chunks: 0,
2025-03-10 03:41:53.183	NewBlock 592, Chunks: 0,
2025-03-10 03:42:03.288	NewBlock 593, Chunks: 0,
2025-03-10 03:42:21.843	NewBlock 594, Chunks: 0,
2025-03-10 03:42:42.794	NewBlock 595, Chunks: 0,
2025-03-10 03:42:50.658	NewBlock 595, Chunks: 0,
2025-03-10 03:42:50.688	NewBlock 596, Chunks: 0,
2025-03-10 03:43:01.654	NewBlock 597, Chunks: 0,
2025-03-10 03:43:22.632	NewBlock 598, Chunks: 0,
2025-03-10 03:43:33.791	NewBlock 599, Chunks: 0,
2025-03-10 03:52:55.046	NewBlock 600, Chunks: 0,
2025-03-10 03:52:58.299	NewBlock 601, Chunks: 0,
2025-03-10 03:53:09.154	NewBlock 602, Chunks: 0,
2025-03-10 03:53:17.014	NewBlock 603, Chunks: 0,
2025-03-10 03:53:23.769	NewBlock 604, Chunks: 0,
2025-03-10 03:53:28.021	NewBlock 605, Chunks: 0,
2025-03-10 03:53:34.777	NewBlock 606, Chunks: 0,
2025-03-10 03:53:40.130	NewBlock 607, Chunks: 0,
2025-03-10 03:53:46.983	NewBlock 608, Chunks: 0,
2025-03-10 03:53:53.440	NewBlock 609, Chunks: 0,
2025-03-10 03:54:02.390	NewBlock 610, Chunks: 0,
2025-03-10 04:02:34.495	NewBlock 611, Chunks: 0,
2025-03-10 04:02:38.746	NewBlock 612, Chunks: 0,
2025-03-10 04:02:52.616	NewBlock 613, Chunks: 0,
2025-03-10 04:02:53.173	NewBlock 614, Chunks: 0,
2025-03-10 04:03:04.260	NewBlock 615, Chunks: 0,
2025-03-10 04:03:12.954	NewBlock 616, Chunks: 0,
2025-03-10 04:03:20.821	NewBlock 617, Chunks: 0,
2025-03-10 04:03:27.930	NewBlock 618, Chunks: 0,
2025-03-10 04:03:36.899	NewBlock 619, Chunks: 0,
2025-03-10 04:03:45.672	NewBlock 620, Chunks: 0,
2025-03-10 04:03:52.782	NewBlock 621, Chunks: 0,
2025-03-10 04:04:04.929	NewBlock 622, Chunks: 0,
2025-03-10 04:04:26.803	NewBlock 623, Chunks: 0,
2025-03-10 04:10:49.980	NewBlock 624, Chunks: 0,
2025-03-10 04:10:54.295	NewBlock 625, Chunks: 0,
2025-03-10 04:11:03.138	NewBlock 626, Chunks: 0,
2025-03-10 04:11:11.988	NewBlock 627, Chunks: 0,
2025-03-10 04:11:20.830	NewBlock 628, Chunks: 0,
2025-03-10 04:11:29.292	NewBlock 629, Chunks: 0,
2025-03-10 04:11:36.142	NewBlock 630, Chunks: 0,
2025-03-10 04:11:42.914	NewBlock 631, Chunks: 0,
2025-03-10 04:11:48.198	NewBlock 632, Chunks: 0,
2025-03-10 04:12:03.867	NewBlock 633, Chunks: 0,
2025-03-10 04:12:08.959	NewBlock 634, Chunks: 0,
2025-03-10 04:12:33.638	NewBlock 635, Chunks: 0,
2025-03-10 04:13:00.799	NewBlock 636, Chunks: 0,
2025-03-10 04:13:19.969	NewBlock 637, Chunks: 0,
2025-03-10 04:13:40.564	NewBlock 638, Chunks: 0,
2025-03-10 04:13:50.606	NewBlock 639, Chunks: 0,
2025-03-10 04:14:01.552	NewBlock 640, Chunks: 0,
2025-03-10 04:14:15.906	NewBlock 641, Chunks: 0,
2025-03-10 04:14:29.293	NewBlock 642, Chunks: 0,
2025-03-10 04:14:38.055	NewBlock 643, Chunks: 0,
2025-03-10 04:14:53.605	NewBlock 644, Chunks: 0,
2025-03-10 04:18:07.255	NewBlock 645, Chunks: 0,
2025-03-10 04:18:14.789	NewBlock 646, Chunks: 0,
2025-03-10 04:18:22.539	NewBlock 647, Chunks: 0,
2025-03-10 04:18:30.440	NewBlock 648, Chunks: 0,
2025-03-10 04:18:41.294	NewBlock 649, Chunks: 0,
2025-03-10 04:18:50.240	NewBlock 649, Chunks: 0,
2025-03-10 04:18:50.259	NewBlock 650, Chunks: 0,
2025-03-10 04:18:57.854	NewBlock 651, Chunks: 0,
2025-03-10 04:19:02.297	NewBlock 652, Chunks: 0,
2025-03-10 04:19:08.030	NewBlock 653, Chunks: 0,
2025-03-10 04:19:18.885	NewBlock 654, Chunks: 0,
2025-03-10 04:19:39.848	NewBlock 655, Chunks: 0,
2025-03-10 04:20:01.776	NewBlock 656, Chunks: 0,
2025-03-10 04:20:29.346	NewBlock 657, Chunks: 0,
2025-03-10 04:20:39.303	NewBlock 658, Chunks: 0,
2025-03-10 04:20:59.143	NewBlock 659, Chunks: 0,
2025-03-10 04:21:11.288	NewBlock 660, Chunks: 0,
2025-03-10 04:21:17.931	NewBlock 661, Chunks: 0,
2025-03-10 04:21:38.832	NewBlock 662, Chunks: 0,
2025-03-10 04:21:46.383	NewBlock 663, Chunks: 0,
2025-03-10 04:22:05.285	NewBlock 664, Chunks: 0,
2025-03-10 04:22:19.580	NewBlock 665, Chunks: 0,
2025-03-10 04:30:27.326	NewBlock 666, Chunks: 0,
2025-03-10 04:30:34.790	NewBlock 667, Chunks: 0,
2025-03-10 04:30:46.941	NewBlock 668, Chunks: 0,
2025-03-10 04:30:54.710	NewBlock 669, Chunks: 0,
2025-03-10 04:31:00.122	NewBlock 670, Chunks: 0,
2025-03-10 04:31:17.866	NewBlock 671, Chunks: 0,
2025-03-10 04:31:22.298	NewBlock 672, Chunks: 0,
2025-03-10 04:31:26.841	NewBlock 673, Chunks: 0,
2025-03-10 04:31:31.181	NewBlock 674, Chunks: 0,
2025-03-10 04:31:37.815	NewBlock 675, Chunks: 0,
2025-03-10 04:31:46.417	NewBlock 676, Chunks: 0,
2025-03-10 04:42:37.175	NewBlock 677, Chunks: 0,
2025-03-10 04:42:48.864	NewBlock 678, Chunks: 0,
2025-03-10 04:42:57.964	NewBlock 678, Chunks: 0,
2025-03-10 04:42:57.981	NewBlock 679, Chunks: 0,
2025-03-10 04:43:10.138	NewBlock 680, Chunks: 0,
2025-03-10 04:43:18.614	NewBlock 681, Chunks: 0,
2025-03-10 04:43:26.797	NewBlock 682, Chunks: 0,
2025-03-10 04:43:32.244	NewBlock 683, Chunks: 0,
2025-03-10 04:43:35.598	NewBlock 684, Chunks: 0,
2025-03-10 04:43:47.269	NewBlock 685, Chunks: 0,
2025-03-10 04:43:50.616	NewBlock 686, Chunks: 0,
2025-03-10 04:44:01.670	NewBlock 687, Chunks: 0,
2025-03-10 04:54:02.480	NewBlock 688, Chunks: 0,
2025-03-10 04:54:13.624	NewBlock 689, Chunks: 0,
2025-03-10 04:54:18.069	NewBlock 690, Chunks: 0,
2025-03-10 04:54:22.524	NewBlock 691, Chunks: 0,
2025-03-10 04:54:35.890	NewBlock 692, Chunks: 0,
2025-03-10 04:54:49.009	NewBlock 693, Chunks: 0,
2025-03-10 04:54:54.658	NewBlock 694, Chunks: 0,
2025-03-10 04:55:00.112	NewBlock 695, Chunks: 0,
2025-03-10 04:55:11.179	NewBlock 696, Chunks: 0,
2025-03-10 04:55:27.580	NewBlock 697, Chunks: 0,
2025-03-10 04:55:32.354	NewBlock 698, Chunks: 0,
2025-03-10 04:56:31.446	NewBlock 699, Chunks: 0,
2025-03-10 04:56:37.205	NewBlock 700, Chunks: 0,
2025-03-10 04:56:52.658	NewBlock 701, Chunks: 0,
2025-03-10 04:56:56.101	NewBlock 702, Chunks: 0,
2025-03-10 04:57:08.912	NewBlock 703, Chunks: 0,
2025-03-10 04:57:24.698	NewBlock 704, Chunks: 0,
2025-03-10 04:57:39.767	NewBlock 705, Chunks: 0,
2025-03-10 04:57:52.017	NewBlock 706, Chunks: 0,
2025-03-10 04:58:06.166	NewBlock 707, Chunks: 0,
2025-03-10 04:58:22.013	NewBlock 708, Chunks: 0,
2025-03-10 04:58:46.188	NewBlock 709, Chunks: 0,
2025-03-10 04:58:58.450	NewBlock 710, Chunks: 0,
2025-03-10 04:59:13.912	NewBlock 711, Chunks: 0,
2025-03-10 05:07:59.341	NewBlock 712, Chunks: 0,
2025-03-10 05:08:05.984	NewBlock 713, Chunks: 0,
2025-03-10 05:08:12.679	NewBlock 714, Chunks: 0,
2025-03-10 05:08:18.135	NewBlock 715, Chunks: 0,
2025-03-10 05:08:25.903	NewBlock 716, Chunks: 0,
2025-03-10 05:08:33.657	NewBlock 717, Chunks: 0,
2025-03-10 05:08:44.200	NewBlock 718, Chunks: 0,
2025-03-10 05:08:55.755	NewBlock 719, Chunks: 0,
2025-03-10 05:09:00.203	NewBlock 720, Chunks: 0,
2025-03-10 05:09:05.841	NewBlock 721, Chunks: 0,
2025-03-10 05:09:13.281	NewBlock 722, Chunks: 0,
2025-03-10 05:09:23.276	NewBlock 723, Chunks: 0,
2025-03-10 05:09:44.819	NewBlock 724, Chunks: 0,
2025-03-10 05:10:11.752	NewBlock 725, Chunks: 0,
2025-03-10 05:10:34.916	NewBlock 726, Chunks: 0,
2025-03-10 05:10:55.875	NewBlock 727, Chunks: 0,
2025-03-10 05:11:03.983	NewBlock 727, Chunks: 0,
2025-03-10 05:11:04.003	NewBlock 728, Chunks: 0,
2025-03-10 05:11:11.341	NewBlock 729, Chunks: 0,
2025-03-10 05:11:31.191	NewBlock 730, Chunks: 0,
2025-03-10 05:11:40.053	NewBlock 731, Chunks: 0,
2025-03-10 05:11:55.536	NewBlock 732, Chunks: 0,
2025-03-10 05:12:11.362	NewBlock 733, Chunks: 0,
2025-03-10 05:12:27.490	NewBlock 734, Chunks: 0,
2025-03-10 05:12:38.570	NewBlock 735, Chunks: 0,
2025-03-10 05:13:00.164	NewBlock 736, Chunks: 0,
2025-03-10 05:13:13.914	NewBlock 737, Chunks: 0,
2025-03-10 05:13:25.569	NewBlock 738, Chunks: 0,
2025-03-10 05:13:40.027	NewBlock 739, Chunks: 0,
2025-03-10 05:13:58.688	NewBlock 740, Chunks: 0,
2025-03-10 05:14:17.680	NewBlock 741, Chunks: 0,
2025-03-10 05:14:29.930	NewBlock 742, Chunks: 0,
2025-03-10 05:14:39.492	NewBlock 743, Chunks: 0,
2025-03-10 05:14:54.162	NewBlock 744, Chunks: 0,
2025-03-10 05:15:13.636	NewBlock 745, Chunks: 0,
2025-03-10 05:15:27.000	NewBlock 746, Chunks: 0,
2025-03-10 05:15:51.388	NewBlock 747, Chunks: 0,
2025-03-10 05:16:04.157	NewBlock 748, Chunks: 0,
2025-03-10 05:16:19.124	NewBlock 749, Chunks: 0,
2025-03-10 05:16:31.078	NewBlock 750, Chunks: 0,
2025-03-10 05:16:49.447	NewBlock 751, Chunks: 0,
2025-03-10 05:16:58.696	NewBlock 752, Chunks: 0,
2025-03-10 05:17:20.288	NewBlock 753, Chunks: 0,
2025-03-10 05:17:31.343	NewBlock 754, Chunks: 0,
2025-03-10 05:17:41.806	NewBlock 755, Chunks: 0,
2025-03-10 05:17:58.473	NewBlock 756, Chunks: 0,
2025-03-10 05:18:22.639	NewBlock 757, Chunks: 0,
2025-03-10 05:18:32.597	NewBlock 758, Chunks: 0,
2025-03-10 05:18:49.061	NewBlock 759, Chunks: 0,
2025-03-10 05:20:13.154	NewBlock 760, Chunks: 0,
2025-03-10 05:20:19.797	NewBlock 761, Chunks: 0,
2025-03-10 05:20:34.152	NewBlock 762, Chunks: 0,
2025-03-10 05:20:43.698	NewBlock 763, Chunks: 0,
2025-03-10 05:20:54.757	NewBlock 764, Chunks: 0,
2025-03-10 05:21:04.724	NewBlock 765, Chunks: 0,
2025-03-10 05:21:12.747	NewBlock 766, Chunks: 0,
2025-03-10 05:21:22.730	NewBlock 767, Chunks: 0,
2025-03-10 05:21:41.484	NewBlock 768, Chunks: 0,
2025-03-10 05:21:55.894	NewBlock 769, Chunks: 0,
2025-03-10 05:22:23.443	NewBlock 770, Chunks: 0,
2025-03-10 05:22:30.090	NewBlock 771, Chunks: 0,
2025-03-10 05:22:52.728	NewBlock 772, Chunks: 0,
2025-03-10 05:23:03.485	NewBlock 773, Chunks: 0,
2025-03-10 05:23:28.043	NewBlock 774, Chunks: 0,
2025-03-10 05:23:40.198	NewBlock 775, Chunks: 0,
2025-03-10 05:23:49.942	NewBlock 776, Chunks: 0,
2025-03-10 05:24:10.259	NewBlock 777, Chunks: 0,
2025-03-10 05:24:16.265	NewBlock 778, Chunks: 0,
2025-03-10 05:24:34.012	NewBlock 779, Chunks: 0,
2025-03-10 05:24:51.764	NewBlock 780, Chunks: 0,
2025-03-10 05:25:03.102	NewBlock 781, Chunks: 0,
2025-03-10 05:25:22.534	NewBlock 782, Chunks: 0,
2025-03-10 05:25:35.608	NewBlock 783, Chunks: 0,
2025-03-10 05:25:51.558	NewBlock 784, Chunks: 0,
2025-03-10 05:26:03.756	NewBlock 785, Chunks: 0,
2025-03-10 05:26:28.019	NewBlock 786, Chunks: 0,
2025-03-10 05:26:36.165	NewBlock 787, Chunks: 0,
2025-03-10 05:26:50.720	NewBlock 788, Chunks: 0,
2025-03-10 05:27:03.972	NewBlock 789, Chunks: 0,
2025-03-10 05:27:19.795	NewBlock 790, Chunks: 0,
2025-03-10 05:27:44.355	NewBlock 791, Chunks: 0,
2025-03-10 05:27:52.865	NewBlock 792, Chunks: 0,
2025-03-10 05:28:09.439	NewBlock 793, Chunks: 0,
2025-03-10 05:28:26.278	NewBlock 794, Chunks: 0,
2025-03-10 05:28:40.833	NewBlock 795, Chunks: 0,
2025-03-10 05:28:55.731	NewBlock 796, Chunks: 0,
2025-03-10 05:29:05.106	NewBlock 797, Chunks: 0,
2025-03-10 05:29:26.983	NewBlock 798, Chunks: 0,
2025-03-10 05:29:38.685	NewBlock 799, Chunks: 0,
2025-03-10 05:29:57.429	NewBlock 800, Chunks: 0,
2025-03-10 05:30:11.821	NewBlock 801, Chunks: 0,
2025-03-10 05:30:31.677	NewBlock 802, Chunks: 0,
2025-03-10 05:30:40.522	NewBlock 803, Chunks: 0,
2025-03-10 05:30:52.809	NewBlock 804, Chunks: 0,
2025-03-10 05:31:09.194	NewBlock 805, Chunks: 0,
2025-03-10 05:31:26.228	NewBlock 805, Chunks: 0,
2025-03-10 05:31:26.263	NewBlock 806, Chunks: 0,
2025-03-10 05:37:00.242	NewBlock 807, Chunks: 0,
2025-03-10 05:37:10.523	NewBlock 808, Chunks: 0,
2025-03-10 05:37:15.729	NewBlock 809, Chunks: 0,
2025-03-10 05:37:27.912	NewBlock 810, Chunks: 0,
2025-03-10 05:37:32.495	NewBlock 811, Chunks: 0,
2025-03-10 05:37:37.846	NewBlock 812, Chunks: 0,
2025-03-10 05:37:42.314	NewBlock 813, Chunks: 0,
2025-03-10 05:37:52.290	NewBlock 814, Chunks: 0,
2025-03-10 05:37:58.203	NewBlock 815, Chunks: 0,
2025-03-10 05:38:11.279	NewBlock 816, Chunks: 0,
2025-03-10 05:38:15.941	NewBlock 817, Chunks: 0,
2025-03-10 05:38:39.651	NewBlock 818, Chunks: 0,
2025-03-10 05:41:44.566	NewBlock 819, Chunks: 0,
2025-03-10 05:41:54.591	NewBlock 820, Chunks: 0,
2025-03-10 05:42:04.571	NewBlock 821, Chunks: 0,
2025-03-10 05:42:10.674	NewBlock 822, Chunks: 0,
2025-03-10 05:42:14.529	NewBlock 823, Chunks: 0,
2025-03-10 05:42:20.442	NewBlock 824, Chunks: 0,
2025-03-10 05:42:24.500	NewBlock 825, Chunks: 0,
2025-03-10 05:42:31.183	NewBlock 826, Chunks: 0,
2025-03-10 05:42:35.630	NewBlock 827, Chunks: 0,
2025-03-10 05:42:54.410	NewBlock 828, Chunks: 0,
2025-03-10 05:43:15.717	NewBlock 829, Chunks: 0,
2025-03-10 05:45:29.685	NewBlock 830, Chunks: 0,
2025-03-10 05:45:33.047	NewBlock 831, Chunks: 0,
2025-03-10 05:45:44.135	NewBlock 832, Chunks: 0,
2025-03-10 05:45:49.690	NewBlock 833, Chunks: 0,
2025-03-10 05:45:59.580	NewBlock 834, Chunks: 0,
2025-03-10 05:46:05.186	NewBlock 835, Chunks: 0,
2025-03-10 05:46:11.838	NewBlock 836, Chunks: 0,
2025-03-10 05:46:16.288	NewBlock 837, Chunks: 0,
2025-03-10 05:46:28.084	NewBlock 838, Chunks: 0,
2025-03-10 05:46:47.972	NewBlock 839, Chunks: 0,
2025-03-10 05:47:08.049	NewBlock 840, Chunks: 0,
2025-03-10 05:47:26.817	NewBlock 841, Chunks: 0,
2025-03-10 07:07:44.199	NewBlock 842, Chunks: 0,
2025-03-10 07:07:48.963	NewBlock 843, Chunks: 0,
2025-03-10 07:07:55.611	NewBlock 844, Chunks: 0,
2025-03-10 07:08:01.176	NewBlock 845, Chunks: 0,
2025-03-10 07:08:10.393	NewBlock 846, Chunks: 0,
2025-03-10 07:08:18.857	NewBlock 847, Chunks: 0,
2025-03-10 07:08:24.852	NewBlock 848, Chunks: 0,
2025-03-10 07:08:29.900	NewBlock 849, Chunks: 0,
2025-03-10 07:08:43.151	NewBlock 850, Chunks: 0,
2025-03-10 07:08:53.565	NewBlock 850, Chunks: 0,
2025-03-10 07:08:53.588	NewBlock 851, Chunks: 0,
2025-03-10 07:09:01.894	NewBlock 852, Chunks: 0,
2025-03-10 07:34:05.686	NewBlock 853, Chunks: 0,
2025-03-10 07:34:16.764	NewBlock 854, Chunks: 0,
2025-03-10 07:34:19.338	NewBlock 855, Chunks: 0,
2025-03-10 07:34:26.013	NewBlock 856, Chunks: 0,
2025-03-10 07:34:31.581	NewBlock 857, Chunks: 0,
2025-03-10 07:34:36.367	NewBlock 858, Chunks: 0,
2025-03-10 07:34:45.329	NewBlock 859, Chunks: 0,
2025-03-10 07:34:54.763	NewBlock 860, Chunks: 0,
2025-03-10 07:34:59.229	NewBlock 861, Chunks: 0,
2025-03-10 07:35:15.311	NewBlock 862, Chunks: 0,
2025-03-10 07:35:19.095	NewBlock 863, Chunks: 0,
2025-03-10 17:24:25.103	NewBlock 864, Chunks: 0,
2025-03-10 17:24:29.545	NewBlock 865, Chunks: 0,
2025-03-10 17:24:37.659	NewBlock 866, Chunks: 0,
2025-03-10 17:24:51.019	NewBlock 867, Chunks: 0,
2025-03-10 17:24:57.592	NewBlock 867, Chunks: 0,
2025-03-10 17:24:57.627	NewBlock 868, Chunks: 0,
2025-03-10 17:25:05.284	NewBlock 869, Chunks: 0,
2025-03-10 17:25:09.829	NewBlock 870, Chunks: 0,
2025-03-10 17:25:19.775	NewBlock 871, Chunks: 0,
2025-03-10 17:25:24.124	NewBlock 872, Chunks: 0,
2025-03-10 17:25:37.477	NewBlock 873, Chunks: 0,
2025-03-10 17:25:42.210	NewBlock 874, Chunks: 0,
2025-03-10 17:25:43.118	NewBlock 875, Chunks: 0,
2025-03-10 17:27:42.196	NewBlock 876, Chunks: 0,
2025-03-10 17:27:43.043	NewBlock 877, Chunks: 0,
2025-03-10 17:27:46.680	NewBlock 878, Chunks: 0,
2025-03-10 17:27:55.102	NewBlock 879, Chunks: 0,
2025-03-10 17:27:58.555	NewBlock 880, Chunks: 0,
2025-03-10 17:28:05.468	NewBlock 881, Chunks: 0,
2025-03-10 17:28:20.930	NewBlock 882, Chunks: 0,
2025-03-10 17:28:36.379	NewBlock 883, Chunks: 0,
2025-03-10 17:28:49.640	NewBlock 884, Chunks: 0,
2025-03-10 17:29:10.022	NewBlock 885, Chunks: 0,
2025-03-10 17:29:23.484	NewBlock 886, Chunks: 0,
2025-03-10 17:38:50.479	NewBlock 887, Chunks: 0,
2025-03-10 17:38:57.960	NewBlock 887, Chunks: 0,
2025-03-10 17:38:57.979	NewBlock 888, Chunks: 0,
2025-03-10 17:39:03.724	NewBlock 889, Chunks: 0,
2025-03-10 17:39:10.393	NewBlock 890, Chunks: 0,
2025-03-10 17:39:21.065	NewBlock 891, Chunks: 0,
2025-03-10 17:39:26.987	NewBlock 892, Chunks: 0,
2025-03-10 17:39:31.465	NewBlock 893, Chunks: 0,
2025-03-10 17:39:42.937	NewBlock 894, Chunks: 0,
2025-03-10 17:39:46.284	NewBlock 895, Chunks: 0,
2025-03-10 17:39:53.130	NewBlock 896, Chunks: 0,
2025-03-10 17:40:00.143	NewBlock 897, Chunks: 0,
2025-03-10 17:40:19.718	NewBlock 898, Chunks: 0,
2025-03-10 17:40:40.925	NewBlock 899, Chunks: 0,
2025-03-10 17:41:07.032	NewBlock 900, Chunks: 0,
2025-03-10 17:41:24.800	NewBlock 901, Chunks: 0,
2025-03-10 17:41:38.197	NewBlock 902, Chunks: 0,
2025-03-10 17:41:52.290	NewBlock 903, Chunks: 0,
2025-03-10 17:42:03.445	NewBlock 904, Chunks: 0,
2025-03-10 17:42:27.755	NewBlock 905, Chunks: 0,
2025-03-10 17:42:34.041	NewBlock 905, Chunks: 0,
2025-03-10 17:42:34.060	NewBlock 906, Chunks: 0,
2025-03-10 17:42:47.417	NewBlock 907, Chunks: 0,
2025-03-10 17:43:08.405	NewBlock 907, Chunks: 0,
2025-03-10 17:43:08.427	NewBlock 908, Chunks: 0,
2025-03-10 17:43:13.868	NewBlock 909, Chunks: 0,
2025-03-10 17:43:30.646	NewBlock 910, Chunks: 0,
2025-03-10 17:43:51.657	NewBlock 911, Chunks: 0,
2025-03-10 17:44:07.836	NewBlock 912, Chunks: 0,
2025-03-10 17:44:22.310	NewBlock 913, Chunks: 0,
2025-03-10 17:44:34.325	NewBlock 914, Chunks: 0,
2025-03-10 17:44:47.694	NewBlock 914, Chunks: 0,
2025-03-10 17:44:47.732	NewBlock 915, Chunks: 0,
2025-03-10 17:45:07.702	NewBlock 916, Chunks: 0,
2025-03-10 17:45:19.744	NewBlock 917, Chunks: 0,
2025-03-10 17:45:38.421	NewBlock 918, Chunks: 0,
2025-03-10 17:50:46.600	NewBlock 919, Chunks: 0,
2025-03-10 17:50:50.956	NewBlock 920, Chunks: 0,
2025-03-10 17:50:58.503	NewBlock 921, Chunks: 0,
2025-03-10 17:51:07.773	NewBlock 922, Chunks: 0,
2025-03-10 17:51:16.137	NewBlock 923, Chunks: 0,
2025-03-10 17:51:27.600	NewBlock 924, Chunks: 0,
2025-03-10 17:51:36.453	NewBlock 925, Chunks: 0,
2025-03-10 17:51:44.903	NewBlock 926, Chunks: 0,
2025-03-10 17:51:50.668	NewBlock 927, Chunks: 0,
2025-03-10 17:51:56.699	NewBlock 928, Chunks: 0,
2025-03-10 17:52:09.248	NewBlock 929, Chunks: 0,
2025-03-10 17:52:31.127	NewBlock 930, Chunks: 0,
2025-03-10 17:52:50.991	NewBlock 931, Chunks: 0,
2025-03-10 17:53:16.373	NewBlock 932, Chunks: 0,
2025-03-10 17:53:31.383	NewBlock 933, Chunks: 0,
2025-03-10 17:53:44.069	NewBlock 933, Chunks: 0,
2025-03-10 17:53:44.087	NewBlock 934, Chunks: 0,
2025-03-10 17:53:59.450	NewBlock 935, Chunks: 0,
2025-03-10 17:54:08.192	NewBlock 936, Chunks: 0,
2025-03-10 17:54:24.964	NewBlock 937, Chunks: 0,
2025-03-10 17:56:29.232	NewBlock 938, Chunks: 0,
2025-03-10 17:56:42.500	NewBlock 939, Chunks: 0,
2025-03-10 17:56:47.950	NewBlock 940, Chunks: 0,
2025-03-10 17:56:54.698	NewBlock 941, Chunks: 0,
2025-03-10 17:57:01.344	NewBlock 942, Chunks: 0,
2025-03-10 17:57:09.318	NewBlock 943, Chunks: 0,
2025-03-10 17:57:24.512	NewBlock 944, Chunks: 0,
2025-03-10 17:57:34.267	NewBlock 945, Chunks: 0,
2025-03-10 17:57:40.179	NewBlock 946, Chunks: 0,
2025-03-10 17:57:56.756	NewBlock 947, Chunks: 0,
2025-03-10 17:58:15.186	NewBlock 947, Chunks: 0,
2025-03-10 17:58:15.205	NewBlock 948, Chunks: 0,
2025-03-10 18:53:26.473	NewBlock 949, Chunks: 0,
2025-03-10 18:53:34.258	NewBlock 950, Chunks: 0,
2025-03-10 18:53:42.005	NewBlock 951, Chunks: 0,
2025-03-10 18:53:53.830	NewBlock 952, Chunks: 0,
2025-03-10 18:54:08.096	NewBlock 953, Chunks: 0,
2025-03-10 18:54:13.976	NewBlock 954, Chunks: 0,
2025-03-10 18:54:28.160	NewBlock 955, Chunks: 0,
2025-03-10 18:54:34.836	NewBlock 956, Chunks: 0,
2025-03-10 18:54:42.511	NewBlock 957, Chunks: 0,
2025-03-10 18:54:51.170	NewBlock 958, Chunks: 0,
2025-03-10 18:55:00.251	NewBlock 959, Chunks: 0,
2025-03-10 18:55:06.899	NewBlock 960, Chunks: 0,
2025-03-10 18:55:28.891	NewBlock 960, Chunks: 0,
2025-03-10 18:55:28.911	NewBlock 961, Chunks: 0,
2025-03-10 18:55:48.766	NewBlock 962, Chunks: 0,
2025-03-10 18:56:20.753	NewBlock 963, Chunks: 0,
2025-03-10 18:56:29.649	NewBlock 964, Chunks: 0,
2025-03-10 19:19:01.001	NewBlock 965, Chunks: 0,
2025-03-10 19:19:06.589	NewBlock 966, Chunks: 0,
2025-03-10 19:19:13.168	NewBlock 967, Chunks: 0,
2025-03-10 19:19:17.613	NewBlock 968, Chunks: 0,
2025-03-10 19:19:25.176	NewBlock 969, Chunks: 0,
2025-03-10 19:19:30.833	NewBlock 970, Chunks: 0,
2025-03-10 19:19:38.580	NewBlock 971, Chunks: 0,
2025-03-10 19:19:43.405	NewBlock 971, Chunks: 0,
2025-03-10 19:19:43.425	NewBlock 972, Chunks: 0,
2025-03-10 19:19:54.036	NewBlock 973, Chunks: 0,
2025-03-10 19:20:04.205	NewBlock 974, Chunks: 0,
2025-03-10 19:20:07.546	NewBlock 975, Chunks: 0,
2025-03-10 19:35:52.538	NewBlock 976, Chunks: 0,
2025-03-10 19:36:02.462	NewBlock 977, Chunks: 0,
2025-03-10 19:36:08.008	NewBlock 978, Chunks: 0,
2025-03-10 19:36:14.519	NewBlock 979, Chunks: 0,
2025-03-10 19:36:24.569	NewBlock 980, Chunks: 0,
2025-03-10 19:36:27.913	NewBlock 981, Chunks: 0,
2025-03-10 19:36:38.963	NewBlock 982, Chunks: 0,
2025-03-10 19:36:46.717	NewBlock 983, Chunks: 0,
2025-03-10 19:36:52.084	NewBlock 984, Chunks: 0,
2025-03-10 19:37:00.940	NewBlock 985, Chunks: 0,
2025-03-10 19:37:07.644	NewBlock 986, Chunks: 0,
2025-03-10 19:37:16.508	NewBlock 987, Chunks: 0,
2025-03-10 19:37:39.806	NewBlock 988, Chunks: 0,
2025-03-10 19:38:08.499	NewBlock 989, Chunks: 0,
2025-03-10 19:38:29.021	NewBlock 990, Chunks: 0,
2025-03-10 19:38:42.695	NewBlock 991, Chunks: 0,
2025-03-10 19:38:54.321	NewBlock 992, Chunks: 0,
2025-03-10 19:39:07.695	NewBlock 993, Chunks: 0,
2025-03-10 19:39:21.249	NewBlock 994, Chunks: 0,
2025-03-10 19:39:31.985	NewBlock 995, Chunks: 0,
2025-03-10 19:40:17.408	NewBlock 996, Chunks: 0,
2025-03-10 19:40:29.583	NewBlock 997, Chunks: 0,
2025-03-10 19:40:34.716	NewBlock 998, Chunks: 0,
2025-03-10 19:40:42.363	NewBlock 999, Chunks: 0,
2025-03-10 19:40:57.136	NewBlock 1000, Chunks: 0,
2025-03-10 19:41:11.492	NewBlock 1001, Chunks: 0,
2025-03-10 19:41:29.796	NewBlock 1002, Chunks: 0,
2025-03-10 19:41:39.945	NewBlock 1003, Chunks: 0,
2025-03-10 19:42:05.233	NewBlock 1004, Chunks: 0,
2025-03-10 19:42:17.565	NewBlock 1005, Chunks: 0,
2025-03-10 19:42:38.144	NewBlock 1006, Chunks: 0,
2025-03-10 19:42:44.028	NewBlock 1007, Chunks: 0,
2025-03-10 19:43:04.437	NewBlock 1008, Chunks: 0,
2025-03-10 20:03:44.232	NewBlock 1009, Chunks: 0,
2025-03-10 20:03:54.183	NewBlock 1010, Chunks: 0,
2025-03-10 20:04:00.203	NewBlock 1011, Chunks: 0,
2025-03-10 20:04:06.855	NewBlock 1012, Chunks: 0,
2025-03-10 20:04:15.709	NewBlock 1013, Chunks: 0,
2025-03-10 20:04:26.168	NewBlock 1014, Chunks: 0,
2025-03-10 20:04:32.386	NewBlock 1015, Chunks: 0,
2025-03-10 20:04:38.338	NewBlock 1016, Chunks: 0,
2025-03-10 20:04:45.015	NewBlock 1017, Chunks: 0,
2025-03-10 20:04:53.357	NewBlock 1018, Chunks: 0,
2025-03-10 20:05:02.679	NewBlock 1019, Chunks: 0,
2025-03-10 20:09:16.954	NewBlock 1020, Chunks: 0,
2025-03-10 20:09:29.364	NewBlock 1021, Chunks: 0,
2025-03-10 20:09:43.399	NewBlock 1022, Chunks: 0,
2025-03-10 20:09:52.552	NewBlock 1023, Chunks: 0,
2025-03-10 20:09:57.105	NewBlock 1024, Chunks: 0,
2025-03-10 20:10:05.450	NewBlock 1025, Chunks: 0,
2025-03-10 20:10:15.683	NewBlock 1026, Chunks: 0,
2025-03-10 20:10:24.641	NewBlock 1027, Chunks: 0,
2025-03-10 20:10:38.512	NewBlock 1028, Chunks: 0,
2025-03-10 20:10:44.719	NewBlock 1029, Chunks: 0,
2025-03-10 20:10:48.487	NewBlock 1030, Chunks: 0,
2025-03-10 20:12:28.655	NewBlock 1031, Chunks: 0,
2025-03-10 20:12:45.571	NewBlock 1031, Chunks: 0,
2025-03-10 20:12:45.592	NewBlock 1032, Chunks: 0,
2025-03-10 20:12:56.709	NewBlock 1031, Chunks: 0,
2025-03-10 20:12:56.745	NewBlock 1032, Chunks: 0,
2025-03-10 20:12:56.773	NewBlock 1033, Chunks: 0,
2025-03-10 20:13:01.712	NewBlock 1034, Chunks: 0,
2025-03-10 20:13:06.170	NewBlock 1035, Chunks: 0,
2025-03-10 20:13:10.641	NewBlock 1036, Chunks: 0,
2025-03-10 20:13:22.073	NewBlock 1037, Chunks: 0,
2025-03-10 20:13:35.339	NewBlock 1038, Chunks: 0,
2025-03-10 20:13:55.238	NewBlock 1039, Chunks: 0,
2025-03-10 20:14:17.026	NewBlock 1040, Chunks: 0,
2025-03-10 20:14:31.590	NewBlock 1041, Chunks: 0,
2025-03-10 20:14:46.409	NewBlock 1042, Chunks: 0,
2025-03-10 20:15:11.765	NewBlock 1043, Chunks: 0,
2025-03-10 20:15:25.014	NewBlock 1044, Chunks: 0,
2025-03-10 20:15:39.365	NewBlock 1045, Chunks: 0,
2025-03-10 20:15:43.830	NewBlock 1046, Chunks: 0,
2025-03-10 20:16:01.779	NewBlock 1047, Chunks: 0,
2025-03-10 20:16:12.555	NewBlock 1048, Chunks: 0,
2025-03-10 20:16:31.462	NewBlock 1049, Chunks: 0,
2025-03-10 20:16:48.945	NewBlock 1050, Chunks: 0,
2025-03-10 20:17:08.787	NewBlock 1051, Chunks: 0,
2025-03-10 20:17:08.837	NewBlock 1052, Chunks: 0,
2025-03-10 20:17:28.751	NewBlock 1053, Chunks: 0,
