Using RdSeed as additional entropy source
Using RdRand as an additional entropy source
2025-03-01 20:22:00 



















2025-03-01 20:22:00 MultiChain version build 2.3.1, Community Edition, protocol 20013 (Oct 30 2022)
2025-03-01 20:22:00 Using BerkeleyDB version Berkeley DB 4.8.30: (April  9, 2010)
2025-03-01 20:22:00 Default data directory /home/lothrok/Documents/projects/dist-ledger/data/main-chain-node1/main-chain
2025-03-01 20:22:00 Using data directory /home/lothrok/Documents/projects/dist-ledger/data/main-chain-node1/main-chain
2025-03-01 20:22:00 Using config file /home/lothrok/Documents/projects/dist-ledger/data/main-chain-node1/main-chain/main-chain.conf
2025-03-01 20:22:00 Using at most 125 connections (1024 file descriptors available)
2025-03-01 20:22:00 Using 8 threads for script verification
2025-03-01 20:22:00 Using wallet wallet.dat
2025-03-01 20:22:00 init message: Verifying wallet...
2025-03-01 20:22:00 Wallet file doesn't exist. New file will be created with version 3.
2025-03-01 20:22:00 HTTP: creating work queue of depth 16
2025-03-01 20:22:00 HTTP: starting 4 worker threads
2025-03-01 20:22:00 init message: Initializing multichain...
2025-03-01 20:22:00 nFileVersion = 0
2025-03-01 20:22:00 Keys: 0 plaintext, 0 encrypted, 0 w/ metadata, 0 total
2025-03-01 20:22:00 mchn: Default key is not found - creating new... 
2025-03-01 20:22:00 keypool added key 1, size=1
2025-03-01 20:22:00 keypool added key 2, size=2
2025-03-01 20:22:00 mchn: Checking seed address 192.168.0.102:7745
2025-03-01 20:22:00 mchn: Seed address resolved: 192.168.0.102:7745
2025-03-01 20:22:00 mchn: Parameter set is not complete - starting paramset discovery thread...
2025-03-01 20:22:00 init message: Loading addresses...
2025-03-01 20:22:00 Loaded 0 addresses from peers.dat  0ms
2025-03-01 20:22:00 AddLocal(192.168.0.102:7755,1)
2025-03-01 20:22:00 Discover: IPv4 wlp0s20f3: 192.168.0.102
2025-03-01 20:22:00 AddLocal(172.18.0.1:7755,1)
2025-03-01 20:22:00 Discover: IPv4 br-745edfe8f712: 172.18.0.1
2025-03-01 20:22:00 AddLocal(172.17.0.1:7755,1)
2025-03-01 20:22:00 Discover: IPv4 docker0: 172.17.0.1
2025-03-01 20:22:00 AddLocal([fe80::f6fe:1be2:2ed8:20dc]:7755,1)
2025-03-01 20:22:00 Discover: IPv6 wlp0s20f3: fe80::f6fe:1be2:2ed8:20dc
2025-03-01 20:22:00 dnsseed thread start
2025-03-01 20:22:00 Loading addresses from DNS seeds (could take a while)
2025-03-01 20:22:00 0 addresses found from DNS seeds
2025-03-01 20:22:00 dnsseed thread exit
2025-03-01 20:22:00 net thread start
2025-03-01 20:22:00 addcon thread start
2025-03-01 20:22:00 opencon thread start
2025-03-01 20:22:00 msghand thread start
2025-03-01 20:22:00 gmsghand thread start
2025-03-01 20:22:00 Seed node is set, trying to connect to 192.168.0.102:7745...
2025-03-01 20:22:00 dmsghand thread start
2025-03-01 20:22:00 tmsghand thread start
2025-03-01 20:22:00 omsghand thread start
2025-03-01 20:22:00 dumpaddr thread start
2025-03-01 20:22:00 mchn: Connection from 1ki8zPMzhrn7iEN5HuBLaqpPaBoYaJEtD received on peer=1 in verack
2025-03-01 20:22:00 mchn: Successfully stored parameter set received from 192.168.0.102:7745
2025-03-01 20:22:00 disconnecting peer=1
2025-03-01 20:22:00 tmsghand thread interrupt
2025-03-01 20:22:00 dmsghand thread interrupt
2025-03-01 20:22:00 addcon thread interrupt
2025-03-01 20:22:00 gmsghand thread interrupt
2025-03-01 20:22:00 opencon thread interrupt
2025-03-01 20:22:00 dumpaddr thread stop
2025-03-01 20:22:00 omsghand thread interrupt
2025-03-01 20:22:00 msghand thread interrupt
2025-03-01 20:22:00 net thread interrupt
2025-03-01 20:22:00 mchn: Exited from paramset discovery thread
2025-03-01 20:22:01 mchn: Parameter set is valid - initializing blockchain parameters...
2025-03-01 20:22:01 Wallet mode: 00100103
2025-03-01 20:22:01 Node paused state is set to 00000000
2025-03-01 20:22:01 Bound to [::]:7755
2025-03-01 20:22:01 Bound to 0.0.0.0:7755
2025-03-01 20:22:01 Filter initialization completed
2025-03-01 20:22:01 Setting banned transaction list:    0 transactions
2025-03-01 20:22:01 init message: Loading block index...
2025-03-01 20:22:01 Opening LevelDB in /home/lothrok/Documents/projects/dist-ledger/data/main-chain-node1/main-chain/blocks/index
2025-03-01 20:22:01 Opened LevelDB successfully
2025-03-01 20:22:01 Opening LevelDB in /home/lothrok/Documents/projects/dist-ledger/data/main-chain-node1/main-chain/chainstate
2025-03-01 20:22:01 Opened LevelDB successfully
2025-03-01 20:22:01 nFileVersion = 100000
2025-03-01 20:22:01 Keys: 2 plaintext, 0 encrypted, 2 w/ metadata, 2 total
2025-03-01 20:22:01 LoadBlockIndexDB: last block file = 0
2025-03-01 20:22:01 LoadBlockIndexDB: last block file info: CBlockFileInfo(blocks=0, size=0, heights=0...0, time=1970-01-01...1970-01-01)
2025-03-01 20:22:01 Checking all blk files are present...
2025-03-01 20:22:01 LoadBlockIndexDB(): transaction index disabled
2025-03-01 20:22:01 Initializing databases...
2025-03-01 20:22:01 Pre-allocating up to position 0x1000000 in blk00000.dat
2025-03-01 20:22:01 New stream. TxID: 7ab51894a9d6cb0f65b0334f42508168559294d8a4f236fe02aaa74a8cc6c16c, StreamRef: 0-81-49516, Name: root
2025-03-01 20:22:01 UpdateTip:            new best=00c15dbce9e838846e3ff1965be360d7f8fba1520e95bb0a67fe162d26564a39  height=0  log2_work=8  tx=1  date=2025-03-01 20:21:26 progress=1.000000  cache=0
2025-03-01 20:22:01 init message: Verifying blocks...
2025-03-01 20:22:01  block index              62ms
2025-03-01 20:22:01 MultiChain protocol version: 20013
2025-03-01 20:22:01 init message: Loading wallet...
2025-03-01 20:22:01 nFileVersion = 100000
2025-03-01 20:22:01 Keys: 2 plaintext, 0 encrypted, 2 w/ metadata, 2 total
2025-03-01 20:22:01  wallet                    0ms
2025-03-01 20:22:01 mapBlockIndex.size() = 1
2025-03-01 20:22:01 nBestHeight = 0
2025-03-01 20:22:01 setKeyPool.size() = 1
2025-03-01 20:22:01 oldWallet.size() = 0
2025-03-01 20:22:01 mapWallet.size() = 1
2025-03-01 20:22:01 mapAddressBook.size() = 1
2025-03-01 20:22:01 init message: Loading addresses...
2025-03-01 20:22:01 Invalid or missing peers.dat; recreating
2025-03-01 20:22:01 Loaded 1 addresses from peers.dat  0ms
2025-03-01 20:22:01 AddLocal(192.168.0.102:7755,1)
2025-03-01 20:22:01 Discover: IPv4 wlp0s20f3: 192.168.0.102
2025-03-01 20:22:01 AddLocal(172.18.0.1:7755,1)
2025-03-01 20:22:01 Discover: IPv4 br-745edfe8f712: 172.18.0.1
2025-03-01 20:22:01 AddLocal(172.17.0.1:7755,1)
2025-03-01 20:22:01 Discover: IPv4 docker0: 172.17.0.1
2025-03-01 20:22:01 AddLocal([fe80::f6fe:1be2:2ed8:20dc]:7755,1)
2025-03-01 20:22:01 Discover: IPv6 wlp0s20f3: fe80::f6fe:1be2:2ed8:20dc
2025-03-01 20:22:01 dnsseed thread start
2025-03-01 20:22:01 net thread start
2025-03-01 20:22:01 addcon thread start
2025-03-01 20:22:01 opencon thread start
2025-03-01 20:22:01 Seed node is set, trying to connect to 192.168.0.102:7745...
2025-03-01 20:22:01 dumpaddr thread start
2025-03-01 20:22:01 init message: Reaccepting unconfirmed wallet transactions...
2025-03-01 20:22:01 gmsghand thread start
2025-03-01 20:22:01 tmsghand thread start
2025-03-01 20:22:01 msghand thread start
2025-03-01 20:22:01 dmsghand thread start
2025-03-01 20:22:01 omsghand thread start
2025-03-01 20:22:01 MultiChainMiner started
2025-03-01 20:22:01 init message: Done loading
2025-03-01 20:22:01 Node started
2025-03-01 20:22:01 mchn: Sending minimal parameter set to 192.168.0.102:7745
2025-03-01 20:22:01 receive version message: /MultiChain:0.2.0.13/: version 70002, blocks=2, us=192.168.0.102:34734, peer=2
2025-03-01 20:22:01 Added time data, samples 2, offset +0 (+0 minutes)
2025-03-01 20:22:01 mchn: Parameter set from peer=2 verified
2025-03-01 20:22:01 mchn: mempool request from node 2 on block 0 - start pushing txs
2025-03-01 20:22:01 mchn: pushed 0 inv records to queue
2025-03-01 20:22:01 Pre-allocating up to position 0x100000 in rev00000.dat
2025-03-01 20:22:01 UpdateTip:            new best=0001385f7ab297bcd6aa4412971b50b02ee3fecc7d175a14f49e20d783f729f9  height=1  log2_work=9  tx=2  date=2025-03-01 20:21:27 progress=1.000000  cache=0
2025-03-01 20:22:01 UpdateTip:            new best=0057a3bfd234b5690978dcc2306af6ffdfc921fbbc8da89333d52288269e79e9  height=2  log2_work=9.5849625  tx=3  date=2025-03-01 20:21:28 progress=1.000000  cache=0
2025-03-01 20:22:01 mchn: Synced with node 2 on block 2 - requesting mempool
2025-03-01 20:22:01 mchn: Synced with seed node on block 2
2025-03-01 20:22:01 mchn: Disconnecting seed node
2025-03-01 20:22:01 mchn: Sending minimal parameter set to 192.168.0.102:52290
2025-03-01 20:22:01 receive version message: /MultiChain:0.2.0.13/: version 70002, blocks=2, us=172.17.0.1:7755, peer=3
2025-03-01 20:22:02 disconnecting peer=2
2025-03-01 20:22:02 mchn: Parameter set from peer=3 verified
2025-03-01 20:22:02 mchn: In sync with 3 on block 2 - start pushing txs
2025-03-01 20:22:02 mchn: pushed 0 inv records to queue
2025-03-01 20:22:02 mchn: Synced with node 3 on block 2 - requesting mempool
2025-03-01 20:22:02 mchn: pushed 0 inv records to queue
2025-03-01 20:22:02 New stream. TxID: 732e4f9268159108e8c34d781e23df8873dd2aa3b56dd15b5de612489a062492, unconfirmed, Name: sidechain_merkle_roots
2025-03-01 20:22:02 New stream. TxID: c4b71545166bd85dec720aef8d253450bc7943ff2e919783a923b7914dcb9019, unconfirmed, Name: cross_chain_verifications
2025-03-01 20:22:08 New stream. TxID: 732e4f9268159108e8c34d781e23df8873dd2aa3b56dd15b5de612489a062492, StreamRef: 3-559-9362, Name: sidechain_merkle_roots
2025-03-01 20:22:08 New stream. TxID: c4b71545166bd85dec720aef8d253450bc7943ff2e919783a923b7914dcb9019, StreamRef: 3-797-36889, Name: cross_chain_verifications
2025-03-01 20:22:08 UpdateTip:            new best=004c3cc9d60131517c3d2119a55b24cbec9ba2a1a311b8d87c6b1858b6c6e39a  height=3  log2_work=10  tx=7  date=2025-03-01 20:22:07 progress=1.000000  cache=0
2025-03-01 20:22:12 Loading addresses from DNS seeds (could take a while)
2025-03-01 20:22:12 0 addresses found from DNS seeds
2025-03-01 20:22:12 dnsseed thread exit
2025-03-01 20:22:18 mchn: Sending minimal parameter set to 192.168.0.102:56912
2025-03-01 20:22:18 receive version message: /MultiChain:0.2.0.13/: version 70002, blocks=0, us=172.17.0.1:7755, peer=4
2025-03-01 20:22:18 mchn: Parameter set from peer=4 verified
2025-03-01 20:22:19 mchn: In sync with 4 on block 3 - start pushing txs
2025-03-01 20:22:19 mchn: pushed 0 inv records to queue
2025-03-01 20:22:19 mchn: Synced with node 4 on block 3 - requesting mempool
2025-03-01 20:22:19 mchn: pushed 0 inv records to queue
2025-03-01 20:22:19 mchn: Sending minimal parameter set to 192.168.0.102:7765
2025-03-01 20:22:19 receive version message: /MultiChain:0.2.0.13/: version 70002, blocks=3, us=192.168.0.102:35966, peer=5
2025-03-01 20:22:19 mchn: Parameter set from peer=5 verified
2025-03-01 20:22:19 mchn: In sync with 5 on block 3 - start pushing txs
2025-03-01 20:22:19 mchn: pushed 0 inv records to queue
2025-03-01 20:22:19 mchn: Synced with node 5 on block 3 - requesting mempool
2025-03-01 20:22:20 mchn: pushed 0 inv records to queue
2025-03-01 20:22:20 mchn: Sending minimal parameter set to 172.17.0.1:7765
2025-03-01 20:22:20 receive version message: /MultiChain:0.2.0.13/: version 70002, blocks=3, us=192.168.0.102:56368, peer=6
2025-03-01 20:22:20 Added time data, samples 3, offset +0 (+0 minutes)
2025-03-01 20:22:20 mchn: Parameter set from peer=6 verified
2025-03-01 20:22:20 mchn: In sync with 6 on block 3 - start pushing txs
2025-03-01 20:22:20 mchn: pushed 0 inv records to queue
2025-03-01 20:22:20 mchn: Synced with node 6 on block 3 - requesting mempool
2025-03-01 20:22:20 mchn: pushed 0 inv records to queue
2025-03-01 20:22:25 UpdateTip:            new best=001aedb9148fc1aa82a4a1f280f1a0d4308c91e8ed0c4af6b70076fd96ef5b0b  height=4  log2_work=10.321928  tx=8  date=2025-03-01 20:22:25 progress=1.000000  cache=0
2025-03-01 20:22:35 mchn: Sending minimal parameter set to 192.168.0.102:43796
2025-03-01 20:22:35 receive version message: /MultiChain:0.2.0.13/: version 70002, blocks=0, us=172.17.0.1:7755, peer=7
2025-03-01 20:22:35 mchn: Parameter set from peer=7 verified
2025-03-01 20:22:36 mchn: Synced with node 7 on block 4 - requesting mempool
2025-03-01 20:22:36 mchn: mempool request from node 7 on block 4 - start pushing txs
2025-03-01 20:22:36 mchn: pushed 0 inv records to queue
2025-03-01 20:22:36 mchn: Sending minimal parameter set to 172.17.0.1:7775
2025-03-01 20:22:36 receive version message: /MultiChain:0.2.0.13/: version 70002, blocks=4, us=192.168.0.102:47904, peer=8
2025-03-01 20:22:36 mchn: Parameter set from peer=8 verified
2025-03-01 20:22:36 mchn: In sync with 8 on block 4 - start pushing txs
2025-03-01 20:22:36 mchn: pushed 0 inv records to queue
2025-03-01 20:22:36 mchn: Synced with node 8 on block 4 - requesting mempool
2025-03-01 20:22:37 mchn: pushed 0 inv records to queue
2025-03-01 20:22:42 UpdateTip:            new best=006845be87c034b7132d57638c12a6768719e80ff0bd111d80572febcf19ac6d  height=5  log2_work=10.584963  tx=9  date=2025-03-01 20:22:41 progress=1.000000  cache=0
2025-03-01 20:23:23 mchn: Sending minimal parameter set to 192.168.0.102:7745
2025-03-01 20:23:23 receive version message: /MultiChain:0.2.0.13/: version 70002, blocks=5, us=192.168.0.102:37596, peer=9
2025-03-01 20:23:23 mchn: Parameter set from peer=9 verified
2025-03-01 20:23:24 mchn: In sync with 9 on block 5 - start pushing txs
2025-03-01 20:23:24 mchn: pushed 3 inv records to queue
2025-03-01 20:23:24 mchn: Synced with node 9 on block 5 - requesting mempool
2025-03-01 20:23:24 mchn: Synced with seed node on block 5
2025-03-01 20:23:24 mchn: Disconnecting seed node
2025-03-01 20:23:24 disconnecting peer=9
2025-03-01 20:23:29 UpdateTip:            new best=00bcf9a947ec257c27442debde055e250b5c040ff2609477144278f9014396fc  height=6  log2_work=10.807355  tx=13  date=2025-03-01 20:23:29 progress=1.000000  cache=0
2025-03-01 20:23:38 UpdateTip:            new best=00ffa242d61870b416aa8813d024c884ac267fc51691a9b42b932a91e5d58f1a  height=7  log2_work=11  tx=14  date=2025-03-01 20:23:38 progress=1.000000  cache=0
2025-03-01 20:24:00 MultiChainMiner: Block Found - 00f9138d9ec91b7ca494c55a7ea15876756e86c03fbfbf52c6d01a9ae16ff780, prev: 00ffa242d61870b416aa8813d024c884ac267fc51691a9b42b932a91e5d58f1a, height: 8, txs: 1
2025-03-01 20:24:00 UpdateTip:            new best=00f9138d9ec91b7ca494c55a7ea15876756e86c03fbfbf52c6d01a9ae16ff780  height=8  log2_work=11.169925  tx=15  date=2025-03-01 20:24:00 progress=1.000000  cache=0
2025-03-01 20:24:01 Accepted header for block 00794cc63cc459daef88eed8ed258475caf8d9e073eaae84f9d2c926c61867a0 found on alternative chain at height 8
2025-03-01 20:24:12 MultiChainMiner: Block Found - 0047329f821185de56171c5bf6c24680c84c51a2c21f97e699993ab30c4da0dd, prev: 00f9138d9ec91b7ca494c55a7ea15876756e86c03fbfbf52c6d01a9ae16ff780, height: 9, txs: 1
2025-03-01 20:24:12 UpdateTip:            new best=0047329f821185de56171c5bf6c24680c84c51a2c21f97e699993ab30c4da0dd  height=9  log2_work=11.321928  tx=16  date=2025-03-01 20:24:12 progress=1.000000  cache=0
2025-03-01 20:24:33 UpdateTip:            new best=007d918b46369d0cdcd5567c124eb841cdb63e32e1e87ac79e429816c8034942  height=10  log2_work=11.459432  tx=17  date=2025-03-01 20:24:33 progress=1.000000  cache=0
2025-03-01 20:24:46 UpdateTip:            new best=0032f038c94d049d15b5ab6553ab6dbb0f04d0017c1df168b3369fdf0b94e1f8  height=11  log2_work=11.584963  tx=18  date=2025-03-01 20:24:46 progress=1.000000  cache=0
2025-03-01 20:25:04 UpdateTip:            new best=001905bb6b6d3c8b8b3d3d5a93aefeb154e40925298d15d3c1a99af06018fc7c  height=12  log2_work=11.70044  tx=19  date=2025-03-01 20:25:04 progress=1.000000  cache=0
2025-03-01 20:25:09 MultiChainMiner: Block Found - 00065c95fdc3355c607b48c73632e4cee96150f07f98c6c78e41a60e8ce6314a, prev: 001905bb6b6d3c8b8b3d3d5a93aefeb154e40925298d15d3c1a99af06018fc7c, height: 13, txs: 1
2025-03-01 20:25:09 UpdateTip:            new best=00065c95fdc3355c607b48c73632e4cee96150f07f98c6c78e41a60e8ce6314a  height=13  log2_work=11.807355  tx=20  date=2025-03-01 20:25:09 progress=1.000000  cache=0
2025-03-01 20:25:15 UpdateTip:            new best=004734b58cd845104526056b9d2bc0b9955c5d1130ef42a22e0761a39c4bade5  height=14  log2_work=11.906891  tx=21  date=2025-03-01 20:25:15 progress=1.000000  cache=0
2025-03-01 20:25:31 MultiChainMiner: Block Found - 00a36efd2d5bd289a5c6538c9998ed6bd8fb87a1cb5f253c7760b1e80d1c4824, prev: 004734b58cd845104526056b9d2bc0b9955c5d1130ef42a22e0761a39c4bade5, height: 15, txs: 1
2025-03-01 20:25:31 UpdateTip:            new best=00fa90b4192f7ca9a1d7e4a9e333f2479b9ac6da522096ca8f96bf691709fe3b  height=15  log2_work=12  tx=22  date=2025-03-01 20:25:30 progress=1.000000  cache=0
2025-03-01 20:25:31 ERROR: MultiChainMiner : generated block is stale
2025-03-01 20:25:47 UpdateTip:            new best=0049d8fb4e6360d8e0d111a5bb333991be0975c53d32e17e9410300508e99eff  height=16  log2_work=12.087463  tx=23  date=2025-03-01 20:25:47 progress=1.000000  cache=0
2025-03-01 20:26:06 MultiChainMiner: Block Found - 0018b0b4dbdff2fe5892bcda7090d19e3cf54880da7811f08bade36a294c8813, prev: 0049d8fb4e6360d8e0d111a5bb333991be0975c53d32e17e9410300508e99eff, height: 17, txs: 1
2025-03-01 20:26:06 UpdateTip:            new best=0018b0b4dbdff2fe5892bcda7090d19e3cf54880da7811f08bade36a294c8813  height=17  log2_work=12.169925  tx=24  date=2025-03-01 20:26:06 progress=1.000000  cache=0
2025-03-01 20:26:06 Accepted header for block 000e78414203bcd5e43b45bc26d4ac794f963ba2db5481d8e0c0e778cbaaf193 found on alternative chain at height 17
2025-03-01 20:26:29 Accepted header for block 00c3dadf1cdbae57b87e6662c5894023874372bea41a30681059b0b0230d2b05 found on alternative chain at height 18
2025-03-01 20:26:29 Tx not accepted in resurrection after block: 4c551cfede46dcf0f4fa1022a6cf353eb512a559ef92b345f77d7e95e9202509
2025-03-01 20:26:29 UpdateTip:            new best=0049d8fb4e6360d8e0d111a5bb333991be0975c53d32e17e9410300508e99eff  height=16  log2_work=12.087463  tx=23  date=2025-03-01 20:25:47 progress=1.000000  cache=0
2025-03-01 20:26:29 UpdateTip:            new best=000e78414203bcd5e43b45bc26d4ac794f963ba2db5481d8e0c0e778cbaaf193  height=17  log2_work=12.169925  tx=24  date=2025-03-01 20:26:06 progress=1.000000  cache=0
2025-03-01 20:26:29 UpdateTip:            new best=00c3dadf1cdbae57b87e6662c5894023874372bea41a30681059b0b0230d2b05  height=18  log2_work=12.247928  tx=25  date=2025-03-01 20:26:29 progress=1.000000  cache=0
2025-03-01 20:26:38 UpdateTip:            new best=00b6b9c3d9b8fda384eaf2e57aa307d38367ea2e9e9a85b4151f064aa8800bfa  height=19  log2_work=12.321928  tx=26  date=2025-03-01 20:26:38 progress=1.000000  cache=0
2025-03-01 20:26:57 UpdateTip:            new best=00f022af3d60eed0277a3914fb2bd5638d9c9c6402af759134921706e507d195  height=20  log2_work=12.392317  tx=27  date=2025-03-01 20:26:56 progress=1.000000  cache=0
2025-03-01 20:27:11 UpdateTip:            new best=00db3a82e356b1e50778fd73119535756d9232dbed85fe882aab35296d449c68  height=21  log2_work=12.459432  tx=28  date=2025-03-01 20:27:11 progress=1.000000  cache=0
2025-03-01 20:27:29 UpdateTip:            new best=0076af76b5a3813ffb4b56565842906c2e953c74cadf8e59a393f169f0c334ef  height=22  log2_work=12.523562  tx=29  date=2025-03-01 20:27:29 progress=1.000000  cache=0
2025-03-01 20:27:40 UpdateTip:            new best=001c39d9e06e35ee6ee8242daa84cda2bc4ef8cc7a6087d54a973da9e1e03a8d  height=23  log2_work=12.584963  tx=30  date=2025-03-01 20:27:39 progress=1.000000  cache=0
2025-03-01 20:27:59 UpdateTip:            new best=004a6bc888f71a92c932128946b69ca60315cf313a0112c662697c1086616263  height=24  log2_work=12.643856  tx=31  date=2025-03-01 20:27:58 progress=1.000000  cache=0
2025-03-01 20:28:06 UpdateTip:            new best=00da75a1058784e5fcbb602687652149d3fe0ae348577303b328c63b6a5c8cf5  height=25  log2_work=12.70044  tx=32  date=2025-03-01 20:28:06 progress=1.000000  cache=0
2025-03-01 20:28:20 UpdateTip:            new best=0012731d3a80bb123e1d7a9699fe8f8a6cabee2a960560a717ccd7b34c96d1c8  height=26  log2_work=12.754888  tx=33  date=2025-03-01 20:28:20 progress=1.000000  cache=0
2025-03-01 20:28:21 Accepted header for block 009e499ee12d4b50082b4c3ef5520c22b6ee194d40e65a948d91de2111c5c0fe found on alternative chain at height 26
2025-03-01 20:28:43 Accepted header for block 007a29c1233b889f3689f4905d1da6936a12a51e9bb27682bc6ed8c95ffcb7ad found on alternative chain at height 27
2025-03-01 20:28:43 Tx not accepted in resurrection after block: a7791c638c9e3faf9d6f94865336184961f9a586c03899872a39afca98f3e7d6
2025-03-01 20:28:43 UpdateTip:            new best=00da75a1058784e5fcbb602687652149d3fe0ae348577303b328c63b6a5c8cf5  height=25  log2_work=12.70044  tx=32  date=2025-03-01 20:28:06 progress=1.000000  cache=0
2025-03-01 20:28:43 UpdateTip:            new best=009e499ee12d4b50082b4c3ef5520c22b6ee194d40e65a948d91de2111c5c0fe  height=26  log2_work=12.754888  tx=33  date=2025-03-01 20:28:20 progress=1.000000  cache=0
2025-03-01 20:28:43 UpdateTip:            new best=007a29c1233b889f3689f4905d1da6936a12a51e9bb27682bc6ed8c95ffcb7ad  height=27  log2_work=12.807355  tx=34  date=2025-03-01 20:28:42 progress=1.000000  cache=0
2025-03-01 20:28:56 UpdateTip:            new best=00552f3300fde63cf4219cb4ac7ec0a11ec70a2b0cc702ffe9b9896c6db2b69f  height=28  log2_work=12.857981  tx=35  date=2025-03-01 20:28:55 progress=1.000000  cache=0
2025-03-01 20:28:56 Accepted header for block 007055605bb614dad40d1051128c0fa431459ee8cb07534ef5da879fa4c5c790 found on alternative chain at height 28
2025-03-01 20:29:13 UpdateTip:            new best=00b47450daf7a4c047f49ac78abb4faf38e82a4bfae48f3e54223d97513cf650  height=29  log2_work=12.906891  tx=36  date=2025-03-01 20:29:12 progress=1.000000  cache=0
2025-03-01 20:29:24 UpdateTip:            new best=000e943dbda942396b693b79bc07939277dcc167442254880f28961f5d710cc2  height=30  log2_work=12.954196  tx=37  date=2025-03-01 20:29:23 progress=1.000000  cache=0
2025-03-01 20:29:41 UpdateTip:            new best=00ff02ce0cc95ef3c2521d8b7130900b1b1ff108a1c0001bc96238aecc2f53e4  height=31  log2_work=13  tx=38  date=2025-03-01 20:29:41 progress=1.000000  cache=0
2025-03-01 20:29:53 UpdateTip:            new best=0066f1af6ee14a2a270ce2f1d40bf9523d169390f20a2945c395e1ebba35ccd4  height=32  log2_work=13.044394  tx=39  date=2025-03-01 20:29:53 progress=1.000000  cache=0
2025-03-01 20:30:11 UpdateTip:            new best=001f325b8c97cecbe04be0c99547d5c8ddc6f018be8f00f989092f0ebca892ac  height=33  log2_work=13.087463  tx=40  date=2025-03-01 20:30:11 progress=1.000000  cache=0
2025-03-01 20:30:23 UpdateTip:            new best=006b156298c7f0e4e818213734a187f2a30b6c7eedf80e1e7d0437e12dfe8b7d  height=34  log2_work=13.129283  tx=41  date=2025-03-01 20:30:23 progress=1.000000  cache=0
2025-03-01 20:30:23 Accepted header for block 005c25ee69b2fe4404579f6945164d5d53ab20fdf3ecfcacffd4c7dbf0f62df3 found on alternative chain at height 34
2025-03-01 20:30:39 MultiChainMiner: Block Found - 008bf88e7baa9bf5459d35635472db4967f2e406d9582391d01c59d924d85e75, prev: 006b156298c7f0e4e818213734a187f2a30b6c7eedf80e1e7d0437e12dfe8b7d, height: 35, txs: 1
2025-03-01 20:30:39 UpdateTip:            new best=008bf88e7baa9bf5459d35635472db4967f2e406d9582391d01c59d924d85e75  height=35  log2_work=13.169925  tx=42  date=2025-03-01 20:30:39 progress=1.000000  cache=0
2025-03-01 20:30:54 UpdateTip:            new best=00d9f34ef7409a4782deeb6da8176bd28eff34ee671e9db28ae92bd68d7cce88  height=36  log2_work=13.209453  tx=43  date=2025-03-01 20:30:54 progress=1.000000  cache=0
2025-03-01 20:31:08 UpdateTip:            new best=003f88a954c32d68f30780168bf70d25218b88e221c9e2d23f8d569851be9e8a  height=37  log2_work=13.247928  tx=44  date=2025-03-01 20:31:07 progress=1.000000  cache=0
2025-03-01 20:31:21 UpdateTip:            new best=00b71fa95b896cf6c762b057a8de547fc57bf7829a18ef716ae4d647dbb25ee3  height=38  log2_work=13.285402  tx=45  date=2025-03-01 20:31:20 progress=1.000000  cache=0
2025-03-01 20:31:38 UpdateTip:            new best=005ebe24dab464c30bfc6898bfdc169c6b99bcdb98eff5fe2087ffc5de98a163  height=39  log2_work=13.321928  tx=46  date=2025-03-01 20:31:38 progress=1.000000  cache=0
2025-03-01 20:31:51 UpdateTip:            new best=0072224208141a483af1645fa9904d39beb6e67682b2081d6739a2c367009ffc  height=40  log2_work=13.357552  tx=47  date=2025-03-01 20:31:51 progress=1.000000  cache=0
2025-03-01 20:32:10 UpdateTip:            new best=00cafb4d087cf2e8125839281c7ca69b89612a9cb200c527fdc356f41ee41131  height=41  log2_work=13.392317  tx=48  date=2025-03-01 20:32:10 progress=1.000000  cache=0
2025-03-01 20:32:21 UpdateTip:            new best=004ed243b77cdf2a8b03b422c3ed17138da14a4e5749beeae7d1ffccb10630c1  height=42  log2_work=13.426265  tx=49  date=2025-03-01 20:32:21 progress=1.000000  cache=0
2025-03-01 20:32:34 UpdateTip:            new best=00d3b5b46e498f219d4e8547d6344cfa13dce06f12fe769fe1fe2aba3ea0e537  height=43  log2_work=13.459432  tx=50  date=2025-03-01 20:32:34 progress=1.000000  cache=0
2025-03-01 20:32:49 UpdateTip:            new best=00c7baac4dc2c1a1f35f1fc0b5fde7868aef5cf27300f4b137c5e5d3f40de671  height=44  log2_work=13.491853  tx=51  date=2025-03-01 20:32:48 progress=1.000000  cache=0
2025-03-01 20:33:11 UpdateTip:            new best=00a519ca69185655c1dfa34ebdc3f53b6b090518815398aa7ab7a048671b857c  height=45  log2_work=13.523562  tx=52  date=2025-03-01 20:33:10 progress=1.000000  cache=0
2025-03-01 20:33:27 UpdateTip:            new best=00e4947e0ac78f1e26f42860456119b2a59b22154fbba115b951dff9c5da57e7  height=46  log2_work=13.554589  tx=53  date=2025-03-01 20:33:27 progress=1.000000  cache=0
2025-03-01 20:33:34 UpdateTip:            new best=008f25fbde3ee5252ccc71bec3d567eec8da35b63238c6ba0159f7d7732c435b  height=47  log2_work=13.584963  tx=54  date=2025-03-01 20:33:33 progress=1.000000  cache=0
2025-03-01 20:33:51 UpdateTip:            new best=00f9e5c7120ed7ed978a3503eca7d4d040aee96d5572576a5be8c30c0fc79de8  height=48  log2_work=13.61471  tx=55  date=2025-03-01 20:33:51 progress=1.000000  cache=0
2025-03-01 20:34:04 UpdateTip:            new best=008c675588c8cf30484991487000341952e29207b892e71d52f3fb584766976c  height=49  log2_work=13.643856  tx=56  date=2025-03-01 20:34:04 progress=1.000000  cache=0
2025-03-01 20:34:20 UpdateTip:            new best=0053beaf6cb3167171634f978d0b83a16a5db87ed8ee1a0e4dab56e598cd9870  height=50  log2_work=13.672425  tx=57  date=2025-03-01 20:34:20 progress=1.000000  cache=0
2025-03-01 20:34:33 UpdateTip:            new best=00f99dd7ac3387fc30cc1001fea10b5d09b5dc9c3b0bf559b70c91145359129b  height=51  log2_work=13.70044  tx=58  date=2025-03-01 20:34:33 progress=1.000000  cache=0
2025-03-01 20:34:55 UpdateTip:            new best=005e9fbbe6a5682ff0fb119871d94cfdd5ab55c8375793e1985ba28ff48f1b4e  height=52  log2_work=13.72792  tx=59  date=2025-03-01 20:34:55 progress=1.000000  cache=0
2025-03-01 20:35:03 UpdateTip:            new best=004c84954281de46b036559e48ba229ba9dc36f36d2da0a9cecb18c9242230d7  height=53  log2_work=13.754888  tx=60  date=2025-03-01 20:35:03 progress=1.000000  cache=0
2025-03-01 20:35:17 UpdateTip:            new best=00a1b62b433191b5cde039eea2fae3af9fb7ad35c94c3a7e3e02acec688e2849  height=54  log2_work=13.78136  tx=61  date=2025-03-01 20:35:17 progress=1.000000  cache=0
2025-03-01 20:35:36 UpdateTip:            new best=00e3e54cb93f6d1aa19e23fb289cf395e8ca6e62d4139667124edb96bed91728  height=55  log2_work=13.807355  tx=62  date=2025-03-01 20:35:36 progress=1.000000  cache=0
2025-03-01 20:35:51 UpdateTip:            new best=008c3c2c5a04237c487ad2f0df15cff3ea147616d7133f99f1b62faab836d52a  height=56  log2_work=13.83289  tx=63  date=2025-03-01 20:35:50 progress=1.000000  cache=0
2025-03-01 20:36:09 UpdateTip:            new best=00329a3cad476d7bdc703d3592622dc785508a9fd1f4b7858c53ecf41a7fb64b  height=57  log2_work=13.857981  tx=64  date=2025-03-01 20:36:09 progress=1.000000  cache=0
2025-03-01 20:36:09 Accepted header for block 00c0b046d25f432c9567c1bb81d4441265efe9adf860f58e1c397eac646e69f6 found on alternative chain at height 57
2025-03-01 20:36:20 UpdateTip:            new best=006ccf397696251f3ea910c715d128841589f28cac11e6d6fc20b34a0c73ec93  height=58  log2_work=13.882643  tx=65  date=2025-03-01 20:36:20 progress=1.000000  cache=0
2025-03-01 20:36:20 Accepted header for block 00bb5ac187baa0247c3fcdcd45ff21b068c967382c456cc877bba85a27577b23 found on alternative chain at height 58
2025-03-01 20:36:40 MultiChainMiner: Block Found - 00b825c3263ee5a41e8576b392f011dfdfaeb53bd305659ef1647d45ca44d622, prev: 006ccf397696251f3ea910c715d128841589f28cac11e6d6fc20b34a0c73ec93, height: 59, txs: 1
2025-03-01 20:36:40 UpdateTip:            new best=00b825c3263ee5a41e8576b392f011dfdfaeb53bd305659ef1647d45ca44d622  height=59  log2_work=13.906891  tx=66  date=2025-03-01 20:36:40 progress=1.000000  cache=0
2025-03-01 20:36:40 Accepted header for block 00c71b549f00bda7c9b7fc5cb30fd8f07f8ef791d6f23fac7095cbc0e0768054 found on alternative chain at height 59
2025-03-01 20:36:40 Tx not accepted in resurrection after block: e93a581eabc104d22aa450e112d42c274e118be88b82eb05d2e98867e1da6ca5
2025-03-01 20:36:40 UpdateTip:            new best=006ccf397696251f3ea910c715d128841589f28cac11e6d6fc20b34a0c73ec93  height=58  log2_work=13.882643  tx=65  date=2025-03-01 20:36:20 progress=1.000000  cache=0
2025-03-01 20:36:40 UpdateTip:            new best=00c71b549f00bda7c9b7fc5cb30fd8f07f8ef791d6f23fac7095cbc0e0768054  height=59  log2_work=13.906891  tx=66  date=2025-03-01 20:36:40 progress=1.000000  cache=0
2025-03-01 20:36:50 MultiChainMiner: Block Found - 00af0ba8d485955c307f07a63d9b48db4ab698876d27c4dcc042539bfa38c91c, prev: 00c71b549f00bda7c9b7fc5cb30fd8f07f8ef791d6f23fac7095cbc0e0768054, height: 60, txs: 1
2025-03-01 20:36:50 UpdateTip:            new best=00af0ba8d485955c307f07a63d9b48db4ab698876d27c4dcc042539bfa38c91c  height=60  log2_work=13.930737  tx=67  date=2025-03-01 20:36:50 progress=1.000000  cache=0
2025-03-01 20:44:46 UpdateTip:            new best=00439fa11972c2a2a598c4a2bcf6c48aeef1967e8b70d08d82fbeafd14c983f3  height=61  log2_work=13.954196  tx=69  date=2025-03-01 20:44:45 progress=1.000000  cache=0
2025-03-01 20:44:52 UpdateTip:            new best=001f9c901530251ae748baff546c916bfdff040f9ede56e30ad76bc7cc95c0cb  height=62  log2_work=13.97728  tx=70  date=2025-03-01 20:44:51 progress=1.000000  cache=0
2025-03-01 20:44:58 UpdateTip:            new best=004c034bd8664ee20078ec26b9a238a1dd8648f1434026907890ad653934942e  height=63  log2_work=14  tx=71  date=2025-03-01 20:44:57 progress=1.000000  cache=0
2025-03-01 20:45:06 MultiChainMiner: Block Found - 008ec62a39ece4d83307b6baab4a0dc0a7c4493a68838d57d72921bf5d757c32, prev: 004c034bd8664ee20078ec26b9a238a1dd8648f1434026907890ad653934942e, height: 64, txs: 1
2025-03-01 20:45:06 UpdateTip:            new best=008ec62a39ece4d83307b6baab4a0dc0a7c4493a68838d57d72921bf5d757c32  height=64  log2_work=14.022368  tx=72  date=2025-03-01 20:45:06 progress=1.000000  cache=0
2025-03-01 20:45:17 UpdateTip:            new best=00b169308fbc4a36f2a29153660b3e5095a9616d48b469779105bc4b2cc3a46e  height=65  log2_work=14.044394  tx=74  date=2025-03-01 20:45:17 progress=1.000000  cache=0
2025-03-01 20:45:22 UpdateTip:            new best=001bb7d822c568300541004cff0fd89898bb51a1d8672773024c1fa6d7629c8c  height=66  log2_work=14.066089  tx=75  date=2025-03-01 20:45:21 progress=1.000000  cache=0
2025-03-01 20:45:26 UpdateTip:            new best=009fd797148d99cbaf73814f0ebb4ac66ad1ee003d90f0a9b4efa5f0e8bbe3ed  height=67  log2_work=14.087463  tx=76  date=2025-03-01 20:45:26 progress=1.000000  cache=0
2025-03-01 20:45:32 UpdateTip:            new best=00e88d5c5b7cdec661e45355b1fe1f37094cc7df5c0dfbdb279b4eaa686e5ac7  height=68  log2_work=14.108524  tx=77  date=2025-03-01 20:45:31 progress=1.000000  cache=0
2025-03-01 20:45:43 UpdateTip:            new best=00e81942cc06207114e046c72f073cca0a27bc86a8cb36d2ae7370da91065ef7  height=69  log2_work=14.129283  tx=78  date=2025-03-01 20:45:42 progress=1.000000  cache=0
2025-03-01 20:45:50 UpdateTip:            new best=003d33449a978e30b94f6e04b0600add5a68f1728dc6e7fcebd8340bc291c1bd  height=70  log2_work=14.149747  tx=79  date=2025-03-01 20:45:50 progress=1.000000  cache=0
2025-03-01 20:45:56 UpdateTip:            new best=0083d92942f88c890ba03c6e33dd3cf7d24353707d2f052cd4e3bd4ba38e043e  height=71  log2_work=14.169925  tx=80  date=2025-03-01 20:45:56 progress=1.000000  cache=0
2025-03-01 20:46:19 UpdateTip:            new best=00d07df07a69d664aec302a38f217bb2325db4763f8face46ebea05fa251af5d  height=72  log2_work=14.189825  tx=81  date=2025-03-01 20:46:19 progress=1.000000  cache=0
2025-03-01 20:46:43 UpdateTip:            new best=000d31281a04b9d6d11204743f05f224b5ec75e29eec1508f1444b87d0537fee  height=73  log2_work=14.209453  tx=82  date=2025-03-01 20:46:43 progress=1.000000  cache=0
2025-03-01 20:47:10 UpdateTip:            new best=00f50c6a31d4fd4ad27d536aeaf252bd5a016c31e1df7606b0068b14cbb700bc  height=74  log2_work=14.228819  tx=83  date=2025-03-01 20:47:09 progress=1.000000  cache=0
2025-03-01 20:47:27 UpdateTip:            new best=00ccca2dd238c542bf208024088e797776e7370565f48b8de24086c1c15cd959  height=75  log2_work=14.247928  tx=84  date=2025-03-01 20:47:27 progress=1.000000  cache=0
2025-03-01 20:47:44 MultiChainMiner: Block Found - 00932d5ae7ccfd125f3c222499e283d47506cfa71758ec52c5674b8967ac91ee, prev: 00ccca2dd238c542bf208024088e797776e7370565f48b8de24086c1c15cd959, height: 76, txs: 1
2025-03-01 20:47:44 UpdateTip:            new best=00932d5ae7ccfd125f3c222499e283d47506cfa71758ec52c5674b8967ac91ee  height=76  log2_work=14.266787  tx=85  date=2025-03-01 20:47:44 progress=1.000000  cache=0
2025-03-01 20:47:50 UpdateTip:            new best=003f328ab6a595fc83bf4f6ef1d92dffc80b85b49db6fc8d6c416602c101cdb1  height=77  log2_work=14.285402  tx=86  date=2025-03-01 20:47:49 progress=1.000000  cache=0
2025-03-01 20:48:03 UpdateTip:            new best=0001c41f5170c4f326483395ba91029b4b0cfb2a43a07c3d471256c8dc37a930  height=78  log2_work=14.303781  tx=87  date=2025-03-01 20:48:02 progress=1.000000  cache=0
2025-03-01 20:48:03 Accepted header for block 00adf1dc7e1ea6e60a5fce7282562186247d1000ee643db23f26d77a6b4622b3 found on alternative chain at height 78
2025-03-01 20:48:15 UpdateTip:            new best=009dbf7a0fe529cd764198ea3a1bd67d1f60c277246434a7f1702a8ce348f812  height=79  log2_work=14.321928  tx=88  date=2025-03-01 20:48:14 progress=1.000000  cache=0
2025-03-01 20:48:30 UpdateTip:            new best=003ae27b6b217b5e3ee2dc8daf2aaa7c2030b9c356dd107354f9523b276b9174  height=80  log2_work=14.33985  tx=89  date=2025-03-01 20:48:30 progress=1.000000  cache=0
2025-03-01 20:48:43 UpdateTip:            new best=0058be04c5c25fc24dcdf266a02c60370189c18766ef5c919a5b58d8196197c2  height=81  log2_work=14.357552  tx=90  date=2025-03-01 20:48:42 progress=1.000000  cache=0
2025-03-01 20:49:04 UpdateTip:            new best=008afbb3a4df149b002f98868de81007f51e4cb9be675660385a20edb1aaabaf  height=82  log2_work=14.375039  tx=91  date=2025-03-01 20:49:04 progress=1.000000  cache=0
2025-03-01 20:49:18 UpdateTip:            new best=00bb56f837c3e81950bf2fc2ef37533b6f73928bcf3bc6263a4a8c122eef02ec  height=83  log2_work=14.392317  tx=92  date=2025-03-01 20:49:17 progress=1.000000  cache=0
2025-03-01 20:49:35 MultiChainMiner: Block Found - 004e2813e77b4dfbffae28602397049fe758e75d33a7cb544ec0928fa1fd4e5e, prev: 00bb56f837c3e81950bf2fc2ef37533b6f73928bcf3bc6263a4a8c122eef02ec, height: 84, txs: 1
2025-03-01 20:49:35 UpdateTip:            new best=004e2813e77b4dfbffae28602397049fe758e75d33a7cb544ec0928fa1fd4e5e  height=84  log2_work=14.409391  tx=93  date=2025-03-01 20:49:35 progress=1.000000  cache=0
2025-03-01 20:49:35 Accepted header for block 005ab8483702dbaf5e188b2b59a15cb560b9c82dc49d9dd6a8daba74c1cbf7f8 found on alternative chain at height 84
2025-03-01 20:49:35 Tx not accepted in resurrection after block: cfc581ae213186f04a5eefc0b1f3e2fd8e28ea16e81fae44aeed72aab11edb28
2025-03-01 20:49:35 UpdateTip:            new best=00bb56f837c3e81950bf2fc2ef37533b6f73928bcf3bc6263a4a8c122eef02ec  height=83  log2_work=14.392317  tx=92  date=2025-03-01 20:49:17 progress=1.000000  cache=0
2025-03-01 20:49:35 UpdateTip:            new best=005ab8483702dbaf5e188b2b59a15cb560b9c82dc49d9dd6a8daba74c1cbf7f8  height=84  log2_work=14.409391  tx=93  date=2025-03-01 20:49:35 progress=1.000000  cache=0
2025-03-01 20:49:45 UpdateTip:            new best=0028623720821de8e48717c160c9bd9cf6a504535f79489574540789de703852  height=85  log2_work=14.426265  tx=94  date=2025-03-01 20:49:45 progress=1.000000  cache=0
2025-03-01 21:40:11 UpdateTip:            new best=006fee641d10bae63da9c796af7934f18193ce5947ffc14bd249e9465687cde5  height=86  log2_work=14.442943  tx=130  date=2025-03-01 21:40:11 progress=1.000000  cache=0
2025-03-01 21:40:21 UpdateTip:            new best=00f533f0986072db5b1334d9472f50c1a52ff80e2678cab559a611f4c9dc95a1  height=87  log2_work=14.459432  tx=154  date=2025-03-01 21:40:21 progress=1.000000  cache=0
2025-03-01 21:40:27 UpdateTip:            new best=0025802f365415b7a1a201d54751e15fcedbabb1b65edc889a77c026ae8b34f6  height=88  log2_work=14.475733  tx=168  date=2025-03-01 21:40:26 progress=1.000000  cache=0
2025-03-01 21:40:34 UpdateTip:            new best=0089419be5e346a1353d36a278403b3432da65e10edf21854dbfff79b721fc24  height=89  log2_work=14.491853  tx=187  date=2025-03-01 21:40:34 progress=1.000000  cache=0
2025-03-01 21:40:39 UpdateTip:            new best=009719645ec53c007ea266d91a599c318ed0184159dbe91f25e7c0720ee8d999  height=90  log2_work=14.507795  tx=198  date=2025-03-01 21:40:38 progress=1.000000  cache=0
2025-03-01 21:40:44 UpdateTip:            new best=00243bdc2dd8a451a17270c665a64ed202e8745cde9e441511b96e88951daeb9  height=91  log2_work=14.523562  tx=211  date=2025-03-01 21:40:44 progress=1.000000  cache=0
2025-03-01 21:40:54 MultiChainMiner: Block Found - 004fdc4de8c6114a6f10544e547276b1fec931dd225fa33e86a2307d215c1c96, prev: 00243bdc2dd8a451a17270c665a64ed202e8745cde9e441511b96e88951daeb9, height: 92, txs: 24
2025-03-01 21:40:54 UpdateTip:            new best=004fdc4de8c6114a6f10544e547276b1fec931dd225fa33e86a2307d215c1c96  height=92  log2_work=14.539159  tx=235  date=2025-03-01 21:40:54 progress=1.000000  cache=0
2025-03-01 21:40:58 UpdateTip:            new best=0021406dce32f945241c8b2b4a482405644eea91ec6eaf3ea5b8dd404af3d15a  height=93  log2_work=14.554589  tx=243  date=2025-03-01 21:40:57 progress=1.000000  cache=0
2025-03-01 21:41:03 MultiChainMiner: Block Found - 00dccf4d7437c727dc9d2ca4a3e1436e1531e44cf961d0d15e6b98342499b8dd, prev: 0021406dce32f945241c8b2b4a482405644eea91ec6eaf3ea5b8dd404af3d15a, height: 94, txs: 14
2025-03-01 21:41:03 UpdateTip:            new best=00dccf4d7437c727dc9d2ca4a3e1436e1531e44cf961d0d15e6b98342499b8dd  height=94  log2_work=14.569856  tx=257  date=2025-03-01 21:41:03 progress=1.000000  cache=0
2025-03-01 21:41:08 UpdateTip:            new best=00efaadb960bd2a63edaa6b29eb99714b180ed0d650af679e5f579c5e30cf67b  height=95  log2_work=14.584963  tx=271  date=2025-03-01 21:41:08 progress=1.000000  cache=0
2025-03-01 21:41:23 MultiChainMiner: Block Found - 002acd2b9eb0057f3a56cc4cd066b886ddbc68d0c1e178da53e5eef7f4489faf, prev: 00efaadb960bd2a63edaa6b29eb99714b180ed0d650af679e5f579c5e30cf67b, height: 96, txs: 3
2025-03-01 21:41:23 UpdateTip:            new best=002acd2b9eb0057f3a56cc4cd066b886ddbc68d0c1e178da53e5eef7f4489faf  height=96  log2_work=14.599913  tx=274  date=2025-03-01 21:41:23 progress=1.000000  cache=0
2025-03-01 21:41:37 UpdateTip:            new best=002ed854bd5a1285a31a1664c0d8385182e8b8cac036d4cab9220badb27099cf  height=97  log2_work=14.61471  tx=275  date=2025-03-01 21:41:36 progress=1.000000  cache=0
2025-03-01 21:42:03 MultiChainMiner: Block Found - 00f7be2de683623f89152950d8a724ab97a95546fd588d20f1e08f54ab18db51, prev: 002ed854bd5a1285a31a1664c0d8385182e8b8cac036d4cab9220badb27099cf, height: 98, txs: 1
2025-03-01 21:42:03 UpdateTip:            new best=00f7be2de683623f89152950d8a724ab97a95546fd588d20f1e08f54ab18db51  height=98  log2_work=14.629357  tx=276  date=2025-03-01 21:42:03 progress=1.000000  cache=0
2025-03-01 21:42:24 UpdateTip:            new best=006da800eb082f3a007b7bbb967859b097c4b43c41ccf17e29a13037c7005756  height=99  log2_work=14.643856  tx=277  date=2025-03-01 21:42:23 progress=1.000000  cache=0
2025-03-01 21:42:43 UpdateTip:            new best=0009c267464d9a3fd96a2c72dff915fd4db32595f75a81239aeffa6b785a07a5  height=100  log2_work=14.658211  tx=278  date=2025-03-01 21:42:43 progress=1.000000  cache=0
2025-03-01 21:42:58 UpdateTip:            new best=0057032919fb4253fbeddaed5db14df017be63d29cc5c49baf9b5108e1b1468f  height=101  log2_work=14.672425  tx=279  date=2025-03-01 21:42:57 progress=1.000000  cache=0
2025-03-01 21:42:58 Accepted header for block 00dcea2386dbc77fc7e22ede79c28bd0eb2f58dad0a6b0c6a9ddf25ee2e666d0 found on alternative chain at height 101
2025-03-01 21:43:07 UpdateTip:            new best=00c3ea3be1af20dcf063d9d1fc489c4ebe712f5e4e84a91ffce214d5d335dd3c  height=102  log2_work=14.686501  tx=280  date=2025-03-01 21:43:07 progress=1.000000  cache=0
2025-03-01 21:43:29 UpdateTip:            new best=000f5e7d912537fe67a3b45967797ff874e91db6853327fd8b06279551c2fd63  height=103  log2_work=14.70044  tx=281  date=2025-03-01 21:43:29 progress=1.000000  cache=0
2025-03-01 21:43:34 UpdateTip:            new best=00a615bbda080bfbeff9801cb250e8abf81a945ffd1ada93d6c7bd3553e8628a  height=104  log2_work=14.714246  tx=282  date=2025-03-01 21:43:34 progress=1.000000  cache=0
2025-03-01 21:43:52 UpdateTip:            new best=00bf26deb3b828799ca55ce77e518caadbcfc922e6cc7f4d0a89d94848464099  height=105  log2_work=14.72792  tx=283  date=2025-03-01 21:43:51 progress=1.000000  cache=0
2025-03-01 21:44:00 UpdateTip:            new best=0082441bc7e4fb8774c8c35c6b2542b940f39a6d4da9ac62790b78347bebffc0  height=106  log2_work=14.741467  tx=284  date=2025-03-01 21:44:00 progress=1.000000  cache=0
2025-03-01 21:44:15 UpdateTip:            new best=0003fef39ac08062172cbc9fdac0123657043d4d9aa6d453c7872550110619a7  height=107  log2_work=14.754888  tx=285  date=2025-03-01 21:44:15 progress=1.000000  cache=0
2025-03-01 21:44:33 MultiChainMiner: Block Found - 00d5f2908cef51eb872c5d8d4b49931b85c8568376715d594b68ac96d90fce5c, prev: 0003fef39ac08062172cbc9fdac0123657043d4d9aa6d453c7872550110619a7, height: 108, txs: 1
2025-03-01 21:44:33 UpdateTip:            new best=00d5f2908cef51eb872c5d8d4b49931b85c8568376715d594b68ac96d90fce5c  height=108  log2_work=14.768184  tx=286  date=2025-03-01 21:44:33 progress=1.000000  cache=0
2025-03-01 21:44:50 UpdateTip:            new best=00e97ee69d53956dd8812ee211ddd7b09146e6d3be1ddefd703a6decd3877f11  height=109  log2_work=14.78136  tx=287  date=2025-03-01 21:44:49 progress=1.000000  cache=0
2025-03-01 21:44:50 UpdateTip:            new best=003cbd4e27695f5f003b8eb0ce63a03eed26d73e238bea91186d50adfb9557d3  height=110  log2_work=14.794416  tx=288  date=2025-03-01 21:44:50 progress=1.000000  cache=0
2025-03-01 21:45:12 UpdateTip:            new best=00822fd290e357d65012c235cb8eec3ae06ee229509a993330e7bc2085e6ea9b  height=111  log2_work=14.807355  tx=289  date=2025-03-01 21:45:11 progress=1.000000  cache=0
2025-03-01 21:45:12 Accepted header for block 00dbb4d4bf07823c77b9a76ad9c22ed41235777ed98b9b4a303f69643142307e found on alternative chain at height 111
2025-03-01 21:45:31 Accepted header for block 00f829e00eae08f36286814e8fee8a670c7e7b9bb5c632d1f34b1a9725f95100 found on alternative chain at height 112
2025-03-01 21:45:32 Tx not accepted in resurrection after block: d27f8caee89a6c5bad1ac235f12ba0b78d43b82a0ed50db53a03da1dcb2b7c57
2025-03-01 21:45:32 UpdateTip:            new best=003cbd4e27695f5f003b8eb0ce63a03eed26d73e238bea91186d50adfb9557d3  height=110  log2_work=14.794416  tx=288  date=2025-03-01 21:44:50 progress=1.000000  cache=0
2025-03-01 21:45:32 UpdateTip:            new best=00dbb4d4bf07823c77b9a76ad9c22ed41235777ed98b9b4a303f69643142307e  height=111  log2_work=14.807355  tx=289  date=2025-03-01 21:45:11 progress=1.000000  cache=0
2025-03-01 21:45:32 UpdateTip:            new best=00f829e00eae08f36286814e8fee8a670c7e7b9bb5c632d1f34b1a9725f95100  height=112  log2_work=14.820179  tx=290  date=2025-03-01 21:45:31 progress=1.000000  cache=0
2025-03-01 21:45:52 UpdateTip:            new best=005c23e3aef3a5f805cc4c774d75e960705f907f938e7eeefbe9cd9ce25ab090  height=113  log2_work=14.83289  tx=291  date=2025-03-01 21:45:51 progress=1.000000  cache=0
2025-03-01 21:46:11 UpdateTip:            new best=007aa303e93164b8575b92a727861dc4fbaa7d8e8fb1451fc3c440e568e21e29  height=114  log2_work=14.84549  tx=292  date=2025-03-01 21:46:11 progress=1.000000  cache=0
2025-03-01 21:46:21 UpdateTip:            new best=00019a6d07599e8e9f6fb718df609565be86a858ec079f35a45d168cabb28168  height=115  log2_work=14.857981  tx=305  date=2025-03-01 21:46:21 progress=1.000000  cache=0
2025-03-01 21:46:33 UpdateTip:            new best=00c7c4f9dc913889049604653fb44a512fb12f827b3c32154db3bb8b61bce290  height=116  log2_work=14.870365  tx=312  date=2025-03-01 21:46:32 progress=1.000000  cache=0
2025-03-01 21:46:54 MultiChainMiner: Block Found - 001a88276637aa1ce95fe20ceeb9bbc62ed64cd7614e122f2b5e68bbcd61c0ad, prev: 00c7c4f9dc913889049604653fb44a512fb12f827b3c32154db3bb8b61bce290, height: 117, txs: 1
2025-03-01 21:46:54 UpdateTip:            new best=001a88276637aa1ce95fe20ceeb9bbc62ed64cd7614e122f2b5e68bbcd61c0ad  height=117  log2_work=14.882643  tx=313  date=2025-03-01 21:46:54 progress=1.000000  cache=0
2025-03-01 21:47:04 UpdateTip:            new best=0090b768c60af1803ed67a7ee04976b7705a0e70ee0792e897b867ee2e300a0e  height=118  log2_work=14.894818  tx=314  date=2025-03-01 21:47:04 progress=1.000000  cache=0
2025-03-01 21:47:18 MultiChainMiner: Block Found - 006ff58a302f8c42f99a19ec1bbbe30c47e667ce81a5d699cb37b0d25dac8274, prev: 0090b768c60af1803ed67a7ee04976b7705a0e70ee0792e897b867ee2e300a0e, height: 119, txs: 1
2025-03-01 21:47:18 UpdateTip:            new best=006ff58a302f8c42f99a19ec1bbbe30c47e667ce81a5d699cb37b0d25dac8274  height=119  log2_work=14.906891  tx=315  date=2025-03-01 21:47:18 progress=1.000000  cache=0
2025-03-01 21:47:31 UpdateTip:            new best=00d8612e8adb7ae2ec82335e2dca7ce507a82a29c256c5423bb4a478c26a730d  height=120  log2_work=14.918863  tx=316  date=2025-03-01 21:47:30 progress=1.000000  cache=0
2025-03-01 21:47:53 UpdateTip:            new best=0000a2747ea1f6705d0d809003f362f4079a9f70c53b0f2e0cb5684392c89dbb  height=121  log2_work=14.930737  tx=317  date=2025-03-01 21:47:52 progress=1.000000  cache=0
2025-03-01 21:48:02 UpdateTip:            new best=00e6fe6eb86f88b48f9431d3ad5d9ea003c97e0b88fceb2dfdf44b7627fda67d  height=122  log2_work=14.942515  tx=318  date=2025-03-01 21:48:02 progress=1.000000  cache=0
2025-03-01 21:48:27 UpdateTip:            new best=00b675f952eed086410a4c3c51e4f784e8382c6f11b2d920af2ed8138c9075c7  height=123  log2_work=14.954196  tx=319  date=2025-03-01 21:48:27 progress=1.000000  cache=0
2025-03-01 21:48:34 MultiChainMiner: Block Found - 00577a7a1b7039c225b0589ef01cfe96b2de2a81d86f4947c6ab7a8acbf3ed0f, prev: 00b675f952eed086410a4c3c51e4f784e8382c6f11b2d920af2ed8138c9075c7, height: 124, txs: 1
2025-03-01 21:48:34 UpdateTip:            new best=00577a7a1b7039c225b0589ef01cfe96b2de2a81d86f4947c6ab7a8acbf3ed0f  height=124  log2_work=14.965784  tx=320  date=2025-03-01 21:48:34 progress=1.000000  cache=0
2025-03-01 21:48:51 UpdateTip:            new best=002ebf83a4af3c5e453ba6009ca01a0ef5865ccffa51600822ceb36729c85eae  height=125  log2_work=14.97728  tx=321  date=2025-03-01 21:48:50 progress=1.000000  cache=0
2025-03-01 21:49:05 MultiChainMiner: Block Found - 00bf2b01b36fd13558f024e2d5b51d1e8ebad28b3bd4bea03136c209d3802c0b, prev: 002ebf83a4af3c5e453ba6009ca01a0ef5865ccffa51600822ceb36729c85eae, height: 126, txs: 1
2025-03-01 21:49:05 UpdateTip:            new best=00bf2b01b36fd13558f024e2d5b51d1e8ebad28b3bd4bea03136c209d3802c0b  height=126  log2_work=14.988685  tx=322  date=2025-03-01 21:49:05 progress=1.000000  cache=0
2025-03-01 21:49:05 Accepted header for block 00751522ef307ac648731d8b129cbb4184b3f19dde9452128bd652d06914f2b8 found on alternative chain at height 126
2025-03-01 21:49:05 Tx not accepted in resurrection after block: ef22b588322886479e99e8994bfc580729615c81992bf91466045b045340181c
2025-03-01 21:49:05 UpdateTip:            new best=002ebf83a4af3c5e453ba6009ca01a0ef5865ccffa51600822ceb36729c85eae  height=125  log2_work=14.97728  tx=321  date=2025-03-01 21:48:50 progress=1.000000  cache=0
2025-03-01 21:49:06 UpdateTip:            new best=00751522ef307ac648731d8b129cbb4184b3f19dde9452128bd652d06914f2b8  height=126  log2_work=14.988685  tx=322  date=2025-03-01 21:49:05 progress=1.000000  cache=0
