2025-03-02 21:02:04.538	Initialized: Admin count: 0, Miner count: 0, ledger rows: 1
2025-03-02 21:02:04.855	Initialized: Admin count: 0, Miner count: 0, ledger rows: 1
2025-03-02 21:02:04.971	Grant: (00000000-3f1b2aa8-00000001-3f1b2aa8) (0-4294967295, 1740927661), In consensus: 1, Admin count: 0, Miner count: 0
2025-03-02 21:02:04.971	Grant: (00000000-3f1b2aa8-00000002-3f1b2aa8) (0-4294967295, 1740927661), In consensus: 1, Admin count: 0, Miner count: 0
2025-03-02 21:02:04.971	Grant: (00000000-3f1b2aa8-00000004-3f1b2aa8) (0-4294967295, 1740927661), In consensus: 1, Admin count: 0, Miner count: 0
2025-03-02 21:02:04.971	Grant: (00000000-3f1b2aa8-00000020-3f1b2aa8) (0-4294967295, 1740927661), In consensus: 1, Admin count: 0, Miner count: 0
2025-03-02 21:02:04.971	Grant: (00000000-3f1b2aa8-00000010-3f1b2aa8) (0-4294967295, 1740927661), In consensus: 1, Admin count: 0, Miner count: 0
2025-03-02 21:02:04.971	Grant: (00000000-3f1b2aa8-00002000-3f1b2aa8) (0-4294967295, 1740927661), In consensus: 1, Admin count: 0, Miner count: 0
2025-03-02 21:02:04.971	Grant: (00000000-3f1b2aa8-00000100-3f1b2aa8) (0-4294967295, 1740927661), In consensus: 1, Admin count: 0, Miner count: 1
2025-03-02 21:02:04.971	Grant: (00000000-3f1b2aa8-00001000-3f1b2aa8) (0-4294967295, 1740927661), In consensus: 1, Admin count: 1, Miner count: 1
2025-03-02 21:02:04.971	Grant: (2d73119b-00000000-00000001-3f1b2aa8) (0-4294967295, 0), In consensus: 1, Admin count: 1, Miner count: 1
2025-03-02 21:02:04.971	Grant: (2d73119b-3f1b2aa8-00000008-3f1b2aa8) (0-4294967295, 0), In consensus: 1, Admin count: 1, Miner count: 1
2025-03-02 21:02:04.971	Grant: (2d73119b-3f1b2aa8-00000080-3f1b2aa8) (0-4294967295, 0), In consensus: 1, Admin count: 1, Miner count: 1
2025-03-02 21:02:04.971	Grant: (2d73119b-3f1b2aa8-00002000-3f1b2aa8) (0-4294967295, 0), In consensus: 1, Admin count: 1, Miner count: 1
2025-03-02 21:02:04.971	Grant: (2d73119b-3f1b2aa8-00001000-3f1b2aa8) (0-4294967295, 0), In consensus: 1, Admin count: 1, Miner count: 1
2025-03-02 21:02:04.979	Block commit:         0 (Hash: 780d71f2, Miner: 3f1b2aa8), Admin count: 1, Miner count: 1, Ledger Rows: 16
2025-03-02 21:02:05.632	Block commit:         1 (Hash: 034cc16b, Miner: 3f1b2aa8), Admin count: 1, Miner count: 1, Ledger Rows: 18
2025-03-02 21:02:05.665	Block commit:         2 (Hash: 58085dd8, Miner: 3f1b2aa8), Admin count: 1, Miner count: 1, Ledger Rows: 20
2025-03-02 21:02:05.687	Grant: (00000000-3f1b2aa8-00001000-3f1b2aa8) (0-4294967295, 1740927673), In consensus: 1, Admin count: 1, Miner count: 1
2025-03-02 21:02:05.687	Grant: (00000000-3f1b2aa8-00000100-3f1b2aa8) (0-4294967295, 1740927673), In consensus: 1, Admin count: 1, Miner count: 1
2025-03-02 21:02:05.693	Grant: (00000000-3f1b2aa8-00001000-3f1b2aa8) (0-4294967295, 1740927673), In consensus: 1, Admin count: 1, Miner count: 1
2025-03-02 21:02:05.693	Grant: (00000000-3f1b2aa8-00000100-3f1b2aa8) (0-4294967295, 1740927673), In consensus: 1, Admin count: 1, Miner count: 1
2025-03-02 21:02:05.699	Grant: (00000000-3f1b2aa8-00000001-3f1b2aa8) (0-4294967295, 1740927673), In consensus: 1, Admin count: 1, Miner count: 1
2025-03-02 21:02:05.699	Grant: (00000000-3f1b2aa8-00000002-3f1b2aa8) (0-4294967295, 1740927673), In consensus: 1, Admin count: 1, Miner count: 1
2025-03-02 21:02:05.699	Grant: (00000000-3f1b2aa8-00000004-3f1b2aa8) (0-4294967295, 1740927673), In consensus: 1, Admin count: 1, Miner count: 1
2025-03-02 21:02:05.699	Grant: (00000000-3f1b2aa8-00000020-3f1b2aa8) (0-4294967295, 1740927673), In consensus: 1, Admin count: 1, Miner count: 1
2025-03-02 21:02:05.699	Grant: (00000000-3f1b2aa8-00000010-3f1b2aa8) (0-4294967295, 1740927673), In consensus: 1, Admin count: 1, Miner count: 1
2025-03-02 21:02:05.699	Grant: (00000000-3f1b2aa8-00001000-3f1b2aa8) (0-4294967295, 1740927673), In consensus: 1, Admin count: 1, Miner count: 1
2025-03-02 21:02:05.699	Grant: (00000000-3f1b2aa8-00000100-3f1b2aa8) (0-4294967295, 1740927673), In consensus: 1, Admin count: 1, Miner count: 1
2025-03-02 21:02:05.699	Grant: (e697137e-00000000-00000001-3f1b2aa8) (0-4294967295, 0), In consensus: 1, Admin count: 1, Miner count: 1
2025-03-02 21:02:05.699	Grant: (e697137e-3f1b2aa8-00000008-3f1b2aa8) (0-4294967295, 0), In consensus: 1, Admin count: 1, Miner count: 1
2025-03-02 21:02:05.699	Grant: (e697137e-3f1b2aa8-00000080-3f1b2aa8) (0-4294967295, 0), In consensus: 1, Admin count: 1, Miner count: 1
2025-03-02 21:02:05.699	Grant: (e697137e-3f1b2aa8-00002000-3f1b2aa8) (0-4294967295, 0), In consensus: 1, Admin count: 1, Miner count: 1
2025-03-02 21:02:05.699	Grant: (e697137e-3f1b2aa8-00001000-3f1b2aa8) (0-4294967295, 0), In consensus: 1, Admin count: 1, Miner count: 1
2025-03-02 21:02:05.699	Grant: (ec1a664c-00000000-00000001-3f1b2aa8) (0-4294967295, 0), In consensus: 1, Admin count: 1, Miner count: 1
2025-03-02 21:02:05.699	Grant: (ec1a664c-3f1b2aa8-00000008-3f1b2aa8) (0-4294967295, 0), In consensus: 1, Admin count: 1, Miner count: 1
2025-03-02 21:02:05.699	Grant: (ec1a664c-3f1b2aa8-00000080-3f1b2aa8) (0-4294967295, 0), In consensus: 1, Admin count: 1, Miner count: 1
2025-03-02 21:02:05.699	Grant: (ec1a664c-3f1b2aa8-00002000-3f1b2aa8) (0-4294967295, 0), In consensus: 1, Admin count: 1, Miner count: 1
2025-03-02 21:02:05.699	Grant: (ec1a664c-3f1b2aa8-00001000-3f1b2aa8) (0-4294967295, 0), In consensus: 1, Admin count: 1, Miner count: 1
2025-03-02 21:02:05.699	Grant: (82c07fb7-00000000-00000001-3f1b2aa8) (0-4294967295, 0), In consensus: 1, Admin count: 1, Miner count: 1
2025-03-02 21:02:05.699	Grant: (82c07fb7-3f1b2aa8-00000008-3f1b2aa8) (0-4294967295, 0), In consensus: 1, Admin count: 1, Miner count: 1
2025-03-02 21:02:05.699	Grant: (82c07fb7-3f1b2aa8-00000080-3f1b2aa8) (0-4294967295, 0), In consensus: 1, Admin count: 1, Miner count: 1
2025-03-02 21:02:05.699	Grant: (82c07fb7-3f1b2aa8-00002000-3f1b2aa8) (0-4294967295, 0), In consensus: 1, Admin count: 1, Miner count: 1
2025-03-02 21:02:05.699	Grant: (82c07fb7-3f1b2aa8-00001000-3f1b2aa8) (0-4294967295, 0), In consensus: 1, Admin count: 1, Miner count: 1
2025-03-02 21:02:05.699	Grant: (00000000-9f6c6f41-00000001-3f1b2aa8) (0-4294967295, 1740927702), In consensus: 1, Admin count: 1, Miner count: 1
2025-03-02 21:02:05.709	Block commit:         3 (Hash: 38d1e210, Miner: 3f1b2aa8), Admin count: 1, Miner count: 1, Ledger Rows: 45
2025-03-02 21:02:10.757	Block commit:         4 (Hash: c2d86afe, Miner: 3f1b2aa8), Admin count: 1, Miner count: 1, Ledger Rows: 47
2025-03-02 21:02:15.626	Grant: (00000000-07887e2a-00000001-3f1b2aa8) (0-4294967295, 1740927735), In consensus: 1, Admin count: 1, Miner count: 1
2025-03-02 21:02:19.693	Mempool copy:         4, Admin count: 1, Miner count: 1, Ledger Rows: 48
2025-03-02 21:02:19.699	Mempool ramv:         4, Admin count: 1, Miner count: 1, Ledger Rows: 48
2025-03-02 21:02:19.699	Mempool copy:         4, Admin count: 1, Miner count: 1, Ledger Rows: 48
2025-03-02 21:02:19.705	Mempool ramv:         4, Admin count: 1, Miner count: 1, Ledger Rows: 48
2025-03-02 21:02:19.705	Mempool copy:         4, Admin count: 1, Miner count: 1, Ledger Rows: 48
2025-03-02 21:02:19.705	Mempool clr :         4, Admin count: 1, Miner count: 1, Ledger Rows: 47
2025-03-02 21:02:19.705	Mempool rstr:         4, Admin count: 1, Miner count: 1, Ledger Rows: 48
2025-03-02 21:02:19.705	Mempool clr :         4, Admin count: 1, Miner count: 1, Ledger Rows: 47
2025-03-02 21:02:19.705	Grant: (00000000-07887e2a-00000001-3f1b2aa8) (0-4294967295, 1740927735), In consensus: 1, Admin count: 1, Miner count: 1
2025-03-02 21:02:19.716	Block commit:         5 (Hash: 6e8a051d, Miner: 3f1b2aa8), Admin count: 1, Miner count: 1, Ledger Rows: 50
2025-03-02 21:02:31.873	Block commit:         6 (Hash: 0766f76e, Miner: 3f1b2aa8), Admin count: 1, Miner count: 1, Ledger Rows: 52
2025-03-02 21:02:48.338	Block commit:         7 (Hash: 616af996, Miner: 3f1b2aa8), Admin count: 1, Miner count: 1, Ledger Rows: 54
2025-03-02 21:02:52.497	Grant: (00000000-9f6c6f41-00000002-3f1b2aa8) (0-4294967295, 1740927772), In consensus: 1, Admin count: 1, Miner count: 1
2025-03-02 21:02:52.497	Grant: (00000000-9f6c6f41-00000004-3f1b2aa8) (0-4294967295, 1740927772), In consensus: 1, Admin count: 1, Miner count: 1
2025-03-02 21:02:52.497	Grant: (00000000-9f6c6f41-00000020-3f1b2aa8) (0-4294967295, 1740927772), In consensus: 1, Admin count: 1, Miner count: 1
2025-03-02 21:02:52.597	Grant: (00000000-9f6c6f41-00000100-3f1b2aa8) (0-4294967295, 1740927772), In consensus: 1, Admin count: 1, Miner count: 2
2025-03-02 21:02:53.098	Grant: (00000000-07887e2a-00000002-3f1b2aa8) (0-4294967295, 1740927772), In consensus: 1, Admin count: 1, Miner count: 2
2025-03-02 21:02:53.098	Grant: (00000000-07887e2a-00000004-3f1b2aa8) (0-4294967295, 1740927772), In consensus: 1, Admin count: 1, Miner count: 2
2025-03-02 21:02:53.098	Grant: (00000000-07887e2a-00000020-3f1b2aa8) (0-4294967295, 1740927772), In consensus: 1, Admin count: 1, Miner count: 2
2025-03-02 21:02:53.199	Grant: (00000000-07887e2a-00000100-3f1b2aa8) (0-4294967295, 1740927772), In consensus: 1, Admin count: 1, Miner count: 3
2025-03-02 21:03:04.886	Mempool copy:         7, Admin count: 1, Miner count: 3, Ledger Rows: 62
2025-03-02 21:03:04.887	Grant: (00000000-9f6c6f41-00000100-3f1b2aa8) (0-4294967295, 1740927772), In consensus: 1, Admin count: 1, Miner count: 2
2025-03-02 21:03:04.887	Grant: (00000000-07887e2a-00000100-3f1b2aa8) (0-4294967295, 1740927772), In consensus: 1, Admin count: 1, Miner count: 3
2025-03-02 21:03:04.890	Mempool ramv:         7, Admin count: 1, Miner count: 3, Ledger Rows: 62
2025-03-02 21:03:04.890	Mempool copy:         7, Admin count: 1, Miner count: 3, Ledger Rows: 62
2025-03-02 21:03:04.890	Grant: (00000000-9f6c6f41-00000100-3f1b2aa8) (0-4294967295, 1740927772), In consensus: 1, Admin count: 1, Miner count: 2
2025-03-02 21:03:04.890	Grant: (00000000-07887e2a-00000100-3f1b2aa8) (0-4294967295, 1740927772), In consensus: 1, Admin count: 1, Miner count: 3
2025-03-02 21:03:04.897	Mempool ramv:         7, Admin count: 1, Miner count: 3, Ledger Rows: 62
2025-03-02 21:03:04.897	Mempool copy:         7, Admin count: 1, Miner count: 3, Ledger Rows: 62
2025-03-02 21:03:04.897	Mempool clr :         7, Admin count: 1, Miner count: 1, Ledger Rows: 54
2025-03-02 21:03:04.897	Mempool rstr:         7, Admin count: 1, Miner count: 3, Ledger Rows: 62
2025-03-02 21:03:04.897	Mempool clr :         7, Admin count: 1, Miner count: 1, Ledger Rows: 54
2025-03-02 21:03:04.897	Grant: (00000000-9f6c6f41-00000002-3f1b2aa8) (0-4294967295, 1740927772), In consensus: 1, Admin count: 1, Miner count: 1
2025-03-02 21:03:04.897	Grant: (00000000-9f6c6f41-00000004-3f1b2aa8) (0-4294967295, 1740927772), In consensus: 1, Admin count: 1, Miner count: 1
2025-03-02 21:03:04.897	Grant: (00000000-9f6c6f41-00000020-3f1b2aa8) (0-4294967295, 1740927772), In consensus: 1, Admin count: 1, Miner count: 1
2025-03-02 21:03:04.897	Grant: (00000000-9f6c6f41-00000100-3f1b2aa8) (0-4294967295, 1740927772), In consensus: 1, Admin count: 1, Miner count: 2
2025-03-02 21:03:04.897	Grant: (00000000-07887e2a-00000002-3f1b2aa8) (0-4294967295, 1740927772), In consensus: 1, Admin count: 1, Miner count: 2
2025-03-02 21:03:04.897	Grant: (00000000-07887e2a-00000004-3f1b2aa8) (0-4294967295, 1740927772), In consensus: 1, Admin count: 1, Miner count: 2
2025-03-02 21:03:04.897	Grant: (00000000-07887e2a-00000020-3f1b2aa8) (0-4294967295, 1740927772), In consensus: 1, Admin count: 1, Miner count: 2
2025-03-02 21:03:04.897	Grant: (00000000-07887e2a-00000100-3f1b2aa8) (0-4294967295, 1740927772), In consensus: 1, Admin count: 1, Miner count: 3
2025-03-02 21:03:04.904	Block commit:         8 (Hash: 0b9a3d3e, Miner: 3f1b2aa8), Admin count: 1, Miner count: 3, Ledger Rows: 64
2025-03-02 21:03:25.870	Block commit:         9 (Hash: 1b47014b, Miner: 3f1b2aa8), Admin count: 1, Miner count: 3, Ledger Rows: 66
2025-03-02 21:03:43.530	Block commit:        10 (Hash: f123d4bd, Miner: 3f1b2aa8), Admin count: 1, Miner count: 3, Ledger Rows: 68
2025-03-02 21:03:53.588	Block commit:        11 (Hash: 853125d8, Miner: 3f1b2aa8), Admin count: 1, Miner count: 3, Ledger Rows: 70
2025-03-02 21:04:10.009	Block commit:        12 (Hash: 4aa62a0d, Miner: 07887e2a), Admin count: 1, Miner count: 3, Ledger Rows: 72
2025-03-02 21:04:24.373	Block commit:        13 (Hash: 91d7b993, Miner: 3f1b2aa8), Admin count: 1, Miner count: 3, Ledger Rows: 74
2025-03-02 21:04:37.548	Block commit:        14 (Hash: d5c94563, Miner: 3f1b2aa8), Admin count: 1, Miner count: 3, Ledger Rows: 76
2025-03-02 21:04:52.995	Block commit:        15 (Hash: db5bafe8, Miner: 07887e2a), Admin count: 1, Miner count: 3, Ledger Rows: 78
2025-03-02 21:05:05.942	Block commit:        16 (Hash: 66b9f167, Miner: 9f6c6f41), Admin count: 1, Miner count: 3, Ledger Rows: 80
2025-03-02 21:05:31.542	Block commit:        17 (Hash: e3af4bdb, Miner: 9f6c6f41), Admin count: 1, Miner count: 3, Ledger Rows: 82
2025-03-02 21:05:31.599	Block commit:        18 (Hash: ec63ba8f, Miner: 07887e2a), Admin count: 1, Miner count: 3, Ledger Rows: 84
2025-03-02 21:05:53.615	Block commit:        19 (Hash: a8fd8b55, Miner: 9f6c6f41), Admin count: 1, Miner count: 3, Ledger Rows: 86
2025-03-02 21:06:09.985	Block commit:        20 (Hash: b8098272, Miner: 9f6c6f41), Admin count: 1, Miner count: 3, Ledger Rows: 88
2025-03-02 21:06:24.346	Block commit:        21 (Hash: e1aeef83, Miner: 3f1b2aa8), Admin count: 1, Miner count: 3, Ledger Rows: 90
2025-03-02 21:06:43.111	Block commit:        22 (Hash: a743bdd1, Miner: 3f1b2aa8), Admin count: 1, Miner count: 3, Ledger Rows: 92
2025-03-02 21:06:52.004	Block commit:        23 (Hash: 7753e127, Miner: 07887e2a), Admin count: 1, Miner count: 3, Ledger Rows: 94
2025-03-02 21:07:15.208	Block commit:        24 (Hash: 773eafc0, Miner: 3f1b2aa8), Admin count: 1, Miner count: 3, Ledger Rows: 96
2025-03-02 21:07:22.940	Block commit:        25 (Hash: f925fefd, Miner: 07887e2a), Admin count: 1, Miner count: 3, Ledger Rows: 98
2025-03-02 21:07:40.645	Block commit:        26 (Hash: d1c249bd, Miner: 07887e2a), Admin count: 1, Miner count: 3, Ledger Rows: 100
2025-03-02 21:07:59.129	Block commit:        27 (Hash: 3dae4588, Miner: 9f6c6f41), Admin count: 1, Miner count: 3, Ledger Rows: 102
2025-03-02 21:08:08.092	Block rollback:        26, Admin count: 1, Miner count: 3, Ledger Rows: 100
2025-03-02 21:08:08.102	Block commit:        27 (Hash: 353f1d9d, Miner: 3f1b2aa8), Admin count: 1, Miner count: 3, Ledger Rows: 102
2025-03-02 21:08:08.120	Block commit:        28 (Hash: 69f1a8cc, Miner: 3f1b2aa8), Admin count: 1, Miner count: 3, Ledger Rows: 104
2025-03-02 21:08:31.298	Block commit:        29 (Hash: be19c633, Miner: 07887e2a), Admin count: 1, Miner count: 3, Ledger Rows: 106
2025-03-02 21:08:42.352	Block commit:        30 (Hash: 633d818a, Miner: 07887e2a), Admin count: 1, Miner count: 3, Ledger Rows: 108
2025-03-02 21:09:02.043	Block commit:        31 (Hash: 8e2c07a1, Miner: 3f1b2aa8), Admin count: 1, Miner count: 3, Ledger Rows: 110
2025-03-02 21:09:08.864	Block commit:        32 (Hash: 0114c2a2, Miner: 07887e2a), Admin count: 1, Miner count: 3, Ledger Rows: 112
2025-03-02 21:09:27.131	Block commit:        33 (Hash: 41488ba3, Miner: 9f6c6f41), Admin count: 1, Miner count: 3, Ledger Rows: 114
2025-03-02 21:09:38.393	Block commit:        34 (Hash: feea5fe6, Miner: 9f6c6f41), Admin count: 1, Miner count: 3, Ledger Rows: 116
2025-03-02 21:09:54.047	Block commit:        35 (Hash: 85085535, Miner: 07887e2a), Admin count: 1, Miner count: 3, Ledger Rows: 118
2025-03-02 21:10:13.902	Block commit:        36 (Hash: 894771ca, Miner: 07887e2a), Admin count: 1, Miner count: 3, Ledger Rows: 120
2025-03-02 21:10:25.844	Block commit:        37 (Hash: f48ddd95, Miner: 9f6c6f41), Admin count: 1, Miner count: 3, Ledger Rows: 122
2025-03-02 21:10:41.512	Block commit:        38 (Hash: aaedaf01, Miner: 07887e2a), Admin count: 1, Miner count: 3, Ledger Rows: 124
2025-03-02 21:11:00.954	Block commit:        39 (Hash: d73bd7ea, Miner: 9f6c6f41), Admin count: 1, Miner count: 3, Ledger Rows: 126
2025-03-02 21:11:13.203	Block commit:        40 (Hash: ffab07ff, Miner: 9f6c6f41), Admin count: 1, Miner count: 3, Ledger Rows: 128
2025-03-02 21:11:29.767	Block commit:        41 (Hash: fc771497, Miner: 9f6c6f41), Admin count: 1, Miner count: 3, Ledger Rows: 130
2025-03-02 21:11:37.697	Block commit:        42 (Hash: 429a91c2, Miner: 07887e2a), Admin count: 1, Miner count: 3, Ledger Rows: 132
2025-03-02 21:11:53.160	Block commit:        43 (Hash: df961525, Miner: 07887e2a), Admin count: 1, Miner count: 3, Ledger Rows: 134
2025-03-02 21:12:09.474	Block commit:        44 (Hash: 5b5a5727, Miner: 9f6c6f41), Admin count: 1, Miner count: 3, Ledger Rows: 136
2025-03-02 21:12:25.642	Block commit:        45 (Hash: e30b234c, Miner: 3f1b2aa8), Admin count: 1, Miner count: 3, Ledger Rows: 138
2025-03-02 21:12:38.332	Block commit:        46 (Hash: c60d1813, Miner: 07887e2a), Admin count: 1, Miner count: 3, Ledger Rows: 140
2025-03-02 21:12:48.756	Grant: (617ce057-00000000-00000001-3f1b2aa8) (0-4294967295, 0), In consensus: 1, Admin count: 1, Miner count: 3
2025-03-02 21:12:48.756	Grant: (617ce057-3f1b2aa8-00000008-3f1b2aa8) (0-4294967295, 0), In consensus: 1, Admin count: 1, Miner count: 3
2025-03-02 21:12:48.756	Grant: (617ce057-3f1b2aa8-00000080-3f1b2aa8) (0-4294967295, 0), In consensus: 1, Admin count: 1, Miner count: 3
2025-03-02 21:12:48.756	Grant: (617ce057-3f1b2aa8-00002000-3f1b2aa8) (0-4294967295, 0), In consensus: 1, Admin count: 1, Miner count: 3
2025-03-02 21:12:48.756	Grant: (617ce057-3f1b2aa8-00001000-3f1b2aa8) (0-4294967295, 0), In consensus: 1, Admin count: 1, Miner count: 3
2025-03-02 21:12:49.958	Grant: (6772d0f3-00000000-00000001-3f1b2aa8) (0-4294967295, 0), In consensus: 1, Admin count: 1, Miner count: 3
2025-03-02 21:12:49.958	Grant: (6772d0f3-3f1b2aa8-00000008-3f1b2aa8) (0-4294967295, 0), In consensus: 1, Admin count: 1, Miner count: 3
2025-03-02 21:12:49.958	Grant: (6772d0f3-3f1b2aa8-00000080-3f1b2aa8) (0-4294967295, 0), In consensus: 1, Admin count: 1, Miner count: 3
2025-03-02 21:12:49.958	Grant: (6772d0f3-3f1b2aa8-00002000-3f1b2aa8) (0-4294967295, 0), In consensus: 1, Admin count: 1, Miner count: 3
2025-03-02 21:12:49.958	Grant: (6772d0f3-3f1b2aa8-00001000-3f1b2aa8) (0-4294967295, 0), In consensus: 1, Admin count: 1, Miner count: 3
2025-03-02 21:12:51.160	Grant: (82b5f9c8-00000000-00000001-3f1b2aa8) (0-4294967295, 0), In consensus: 1, Admin count: 1, Miner count: 3
2025-03-02 21:12:51.161	Grant: (82b5f9c8-3f1b2aa8-00000008-3f1b2aa8) (0-4294967295, 0), In consensus: 1, Admin count: 1, Miner count: 3
2025-03-02 21:12:51.161	Grant: (82b5f9c8-3f1b2aa8-00000080-3f1b2aa8) (0-4294967295, 0), In consensus: 1, Admin count: 1, Miner count: 3
2025-03-02 21:12:51.161	Grant: (82b5f9c8-3f1b2aa8-00002000-3f1b2aa8) (0-4294967295, 0), In consensus: 1, Admin count: 1, Miner count: 3
2025-03-02 21:12:51.161	Grant: (82b5f9c8-3f1b2aa8-00001000-3f1b2aa8) (0-4294967295, 0), In consensus: 1, Admin count: 1, Miner count: 3
2025-03-02 21:12:52.363	Grant: (c241dcd7-00000000-00000001-3f1b2aa8) (0-4294967295, 0), In consensus: 1, Admin count: 1, Miner count: 3
2025-03-02 21:12:52.363	Grant: (c241dcd7-3f1b2aa8-00000008-3f1b2aa8) (0-4294967295, 0), In consensus: 1, Admin count: 1, Miner count: 3
2025-03-02 21:12:52.363	Grant: (c241dcd7-3f1b2aa8-00000080-3f1b2aa8) (0-4294967295, 0), In consensus: 1, Admin count: 1, Miner count: 3
2025-03-02 21:12:52.363	Grant: (c241dcd7-3f1b2aa8-00002000-3f1b2aa8) (0-4294967295, 0), In consensus: 1, Admin count: 1, Miner count: 3
2025-03-02 21:12:52.363	Grant: (c241dcd7-3f1b2aa8-00001000-3f1b2aa8) (0-4294967295, 0), In consensus: 1, Admin count: 1, Miner count: 3
2025-03-02 21:12:53.666	Grant: (51b9f931-00000000-00000001-3f1b2aa8) (0-4294967295, 0), In consensus: 1, Admin count: 1, Miner count: 3
2025-03-02 21:12:53.666	Grant: (51b9f931-3f1b2aa8-00000008-3f1b2aa8) (0-4294967295, 0), In consensus: 1, Admin count: 1, Miner count: 3
2025-03-02 21:12:53.666	Grant: (51b9f931-3f1b2aa8-00000080-3f1b2aa8) (0-4294967295, 0), In consensus: 1, Admin count: 1, Miner count: 3
2025-03-02 21:12:53.666	Grant: (51b9f931-3f1b2aa8-00002000-3f1b2aa8) (0-4294967295, 0), In consensus: 1, Admin count: 1, Miner count: 3
2025-03-02 21:12:53.666	Grant: (51b9f931-3f1b2aa8-00001000-3f1b2aa8) (0-4294967295, 0), In consensus: 1, Admin count: 1, Miner count: 3
2025-03-02 21:12:54.868	Grant: (1ee0bbf6-00000000-00000001-3f1b2aa8) (0-4294967295, 0), In consensus: 1, Admin count: 1, Miner count: 3
2025-03-02 21:12:54.868	Grant: (1ee0bbf6-3f1b2aa8-00000008-3f1b2aa8) (0-4294967295, 0), In consensus: 1, Admin count: 1, Miner count: 3
2025-03-02 21:12:54.868	Grant: (1ee0bbf6-3f1b2aa8-00000080-3f1b2aa8) (0-4294967295, 0), In consensus: 1, Admin count: 1, Miner count: 3
2025-03-02 21:12:54.868	Grant: (1ee0bbf6-3f1b2aa8-00002000-3f1b2aa8) (0-4294967295, 0), In consensus: 1, Admin count: 1, Miner count: 3
2025-03-02 21:12:54.868	Grant: (1ee0bbf6-3f1b2aa8-00001000-3f1b2aa8) (0-4294967295, 0), In consensus: 1, Admin count: 1, Miner count: 3
2025-03-02 21:13:00.357	Mempool copy:        46, Admin count: 1, Miner count: 3, Ledger Rows: 170
2025-03-02 21:13:00.372	Mempool ramv:        46, Admin count: 1, Miner count: 3, Ledger Rows: 170
2025-03-02 21:13:00.372	Mempool copy:        46, Admin count: 1, Miner count: 3, Ledger Rows: 170
2025-03-02 21:13:00.378	Mempool ramv:        46, Admin count: 1, Miner count: 3, Ledger Rows: 170
2025-03-02 21:13:00.378	Mempool copy:        46, Admin count: 1, Miner count: 3, Ledger Rows: 170
2025-03-02 21:13:00.378	Mempool clr :        46, Admin count: 1, Miner count: 3, Ledger Rows: 140
2025-03-02 21:13:00.378	Mempool rstr:        46, Admin count: 1, Miner count: 3, Ledger Rows: 170
2025-03-02 21:13:00.378	Mempool clr :        46, Admin count: 1, Miner count: 3, Ledger Rows: 140
2025-03-02 21:13:00.378	Grant: (617ce057-00000000-00000001-3f1b2aa8) (0-4294967295, 0), In consensus: 1, Admin count: 1, Miner count: 3
2025-03-02 21:13:00.378	Grant: (617ce057-3f1b2aa8-00000008-3f1b2aa8) (0-4294967295, 0), In consensus: 1, Admin count: 1, Miner count: 3
2025-03-02 21:13:00.378	Grant: (617ce057-3f1b2aa8-00000080-3f1b2aa8) (0-4294967295, 0), In consensus: 1, Admin count: 1, Miner count: 3
2025-03-02 21:13:00.378	Grant: (617ce057-3f1b2aa8-00002000-3f1b2aa8) (0-4294967295, 0), In consensus: 1, Admin count: 1, Miner count: 3
2025-03-02 21:13:00.378	Grant: (617ce057-3f1b2aa8-00001000-3f1b2aa8) (0-4294967295, 0), In consensus: 1, Admin count: 1, Miner count: 3
2025-03-02 21:13:00.379	Grant: (6772d0f3-00000000-00000001-3f1b2aa8) (0-4294967295, 0), In consensus: 1, Admin count: 1, Miner count: 3
2025-03-02 21:13:00.379	Grant: (6772d0f3-3f1b2aa8-00000008-3f1b2aa8) (0-4294967295, 0), In consensus: 1, Admin count: 1, Miner count: 3
2025-03-02 21:13:00.379	Grant: (6772d0f3-3f1b2aa8-00000080-3f1b2aa8) (0-4294967295, 0), In consensus: 1, Admin count: 1, Miner count: 3
2025-03-02 21:13:00.379	Grant: (6772d0f3-3f1b2aa8-00002000-3f1b2aa8) (0-4294967295, 0), In consensus: 1, Admin count: 1, Miner count: 3
2025-03-02 21:13:00.379	Grant: (6772d0f3-3f1b2aa8-00001000-3f1b2aa8) (0-4294967295, 0), In consensus: 1, Admin count: 1, Miner count: 3
2025-03-02 21:13:00.379	Grant: (82b5f9c8-00000000-00000001-3f1b2aa8) (0-4294967295, 0), In consensus: 1, Admin count: 1, Miner count: 3
2025-03-02 21:13:00.379	Grant: (82b5f9c8-3f1b2aa8-00000008-3f1b2aa8) (0-4294967295, 0), In consensus: 1, Admin count: 1, Miner count: 3
2025-03-02 21:13:00.379	Grant: (82b5f9c8-3f1b2aa8-00000080-3f1b2aa8) (0-4294967295, 0), In consensus: 1, Admin count: 1, Miner count: 3
2025-03-02 21:13:00.379	Grant: (82b5f9c8-3f1b2aa8-00002000-3f1b2aa8) (0-4294967295, 0), In consensus: 1, Admin count: 1, Miner count: 3
2025-03-02 21:13:00.379	Grant: (82b5f9c8-3f1b2aa8-00001000-3f1b2aa8) (0-4294967295, 0), In consensus: 1, Admin count: 1, Miner count: 3
2025-03-02 21:13:00.379	Grant: (c241dcd7-00000000-00000001-3f1b2aa8) (0-4294967295, 0), In consensus: 1, Admin count: 1, Miner count: 3
2025-03-02 21:13:00.379	Grant: (c241dcd7-3f1b2aa8-00000008-3f1b2aa8) (0-4294967295, 0), In consensus: 1, Admin count: 1, Miner count: 3
2025-03-02 21:13:00.379	Grant: (c241dcd7-3f1b2aa8-00000080-3f1b2aa8) (0-4294967295, 0), In consensus: 1, Admin count: 1, Miner count: 3
2025-03-02 21:13:00.379	Grant: (c241dcd7-3f1b2aa8-00002000-3f1b2aa8) (0-4294967295, 0), In consensus: 1, Admin count: 1, Miner count: 3
2025-03-02 21:13:00.379	Grant: (c241dcd7-3f1b2aa8-00001000-3f1b2aa8) (0-4294967295, 0), In consensus: 1, Admin count: 1, Miner count: 3
2025-03-02 21:13:00.379	Grant: (51b9f931-00000000-00000001-3f1b2aa8) (0-4294967295, 0), In consensus: 1, Admin count: 1, Miner count: 3
2025-03-02 21:13:00.379	Grant: (51b9f931-3f1b2aa8-00000008-3f1b2aa8) (0-4294967295, 0), In consensus: 1, Admin count: 1, Miner count: 3
2025-03-02 21:13:00.379	Grant: (51b9f931-3f1b2aa8-00000080-3f1b2aa8) (0-4294967295, 0), In consensus: 1, Admin count: 1, Miner count: 3
2025-03-02 21:13:00.379	Grant: (51b9f931-3f1b2aa8-00002000-3f1b2aa8) (0-4294967295, 0), In consensus: 1, Admin count: 1, Miner count: 3
2025-03-02 21:13:00.379	Grant: (51b9f931-3f1b2aa8-00001000-3f1b2aa8) (0-4294967295, 0), In consensus: 1, Admin count: 1, Miner count: 3
2025-03-02 21:13:00.379	Grant: (1ee0bbf6-00000000-00000001-3f1b2aa8) (0-4294967295, 0), In consensus: 1, Admin count: 1, Miner count: 3
2025-03-02 21:13:00.379	Grant: (1ee0bbf6-3f1b2aa8-00000008-3f1b2aa8) (0-4294967295, 0), In consensus: 1, Admin count: 1, Miner count: 3
2025-03-02 21:13:00.379	Grant: (1ee0bbf6-3f1b2aa8-00000080-3f1b2aa8) (0-4294967295, 0), In consensus: 1, Admin count: 1, Miner count: 3
2025-03-02 21:13:00.379	Grant: (1ee0bbf6-3f1b2aa8-00002000-3f1b2aa8) (0-4294967295, 0), In consensus: 1, Admin count: 1, Miner count: 3
2025-03-02 21:13:00.379	Grant: (1ee0bbf6-3f1b2aa8-00001000-3f1b2aa8) (0-4294967295, 0), In consensus: 1, Admin count: 1, Miner count: 3
2025-03-02 21:13:00.392	Block commit:        47 (Hash: 48709622, Miner: 07887e2a), Admin count: 1, Miner count: 3, Ledger Rows: 172
2025-03-02 21:13:10.437	Block commit:        48 (Hash: 1dda39d8, Miner: 07887e2a), Admin count: 1, Miner count: 3, Ledger Rows: 174
2025-03-02 21:13:26.411	Block commit:        49 (Hash: 3d09c84d, Miner: 3f1b2aa8), Admin count: 1, Miner count: 3, Ledger Rows: 176
2025-03-02 21:13:45.094	Block commit:        50 (Hash: 30ed9479, Miner: 9f6c6f41), Admin count: 1, Miner count: 3, Ledger Rows: 178
2025-03-02 21:13:56.063	Block commit:        51 (Hash: a8e71731, Miner: 3f1b2aa8), Admin count: 1, Miner count: 3, Ledger Rows: 180
2025-03-02 21:14:10.534	Block commit:        52 (Hash: 09f7abbd, Miner: 3f1b2aa8), Admin count: 1, Miner count: 3, Ledger Rows: 182
2025-03-02 21:14:23.492	Block commit:        53 (Hash: dcc4b7f3, Miner: 3f1b2aa8), Admin count: 1, Miner count: 3, Ledger Rows: 184
2025-03-02 21:14:46.858	Block commit:        54 (Hash: b30c86c3, Miner: 9f6c6f41), Admin count: 1, Miner count: 3, Ledger Rows: 186
2025-03-02 21:14:58.313	Block commit:        55 (Hash: 4438029e, Miner: 07887e2a), Admin count: 1, Miner count: 3, Ledger Rows: 188
2025-03-02 21:15:07.843	Block rollback:        54, Admin count: 1, Miner count: 3, Ledger Rows: 186
2025-03-02 21:15:07.862	Block commit:        55 (Hash: 0993f055, Miner: 3f1b2aa8), Admin count: 1, Miner count: 3, Ledger Rows: 188
2025-03-02 21:15:07.898	Block commit:        56 (Hash: 86ce3640, Miner: 3f1b2aa8), Admin count: 1, Miner count: 3, Ledger Rows: 190
2025-03-02 21:15:24.275	Block commit:        57 (Hash: d5ae1133, Miner: 9f6c6f41), Admin count: 1, Miner count: 3, Ledger Rows: 192
2025-03-02 21:15:41.934	Block commit:        58 (Hash: 46afd6fd, Miner: 3f1b2aa8), Admin count: 1, Miner count: 3, Ledger Rows: 194
2025-03-02 21:16:01.808	Block commit:        59 (Hash: b31927af, Miner: 3f1b2aa8), Admin count: 1, Miner count: 3, Ledger Rows: 196
2025-03-02 21:16:15.965	Block commit:        60 (Hash: e74c741e, Miner: 9f6c6f41), Admin count: 1, Miner count: 3, Ledger Rows: 198
2025-03-02 21:16:26.047	Block commit:        61 (Hash: 0567bc6a, Miner: 9f6c6f41), Admin count: 1, Miner count: 3, Ledger Rows: 200
2025-03-02 21:16:39.331	Block commit:        62 (Hash: 36002e2b, Miner: 9f6c6f41), Admin count: 1, Miner count: 3, Ledger Rows: 202
2025-03-02 21:16:52.712	Block commit:        63 (Hash: 237a7d97, Miner: 9f6c6f41), Admin count: 1, Miner count: 3, Ledger Rows: 204
2025-03-02 21:17:12.626	Block commit:        64 (Hash: 2fca2b58, Miner: 07887e2a), Admin count: 1, Miner count: 3, Ledger Rows: 206
2025-03-02 21:23:45.605	Block commit:        65 (Hash: 0de4f2a7, Miner: 9f6c6f41), Admin count: 1, Miner count: 3, Ledger Rows: 208
2025-03-02 21:23:54.056	Block commit:        66 (Hash: f868048d, Miner: 3f1b2aa8), Admin count: 1, Miner count: 3, Ledger Rows: 210
2025-03-02 21:24:06.208	Block commit:        67 (Hash: cdc8b517, Miner: 9f6c6f41), Admin count: 1, Miner count: 3, Ledger Rows: 212
2025-03-02 21:24:17.270	Block commit:        68 (Hash: 8d5801b3, Miner: 3f1b2aa8), Admin count: 1, Miner count: 3, Ledger Rows: 214
2025-03-02 21:24:26.151	Block commit:        69 (Hash: 55545008, Miner: 9f6c6f41), Admin count: 1, Miner count: 3, Ledger Rows: 216
2025-03-02 21:24:29.304	Block commit:        70 (Hash: 4e058974, Miner: 3f1b2aa8), Admin count: 1, Miner count: 3, Ledger Rows: 218
2025-03-02 21:24:32.850	Block commit:        71 (Hash: 446a7a95, Miner: 3f1b2aa8), Admin count: 1, Miner count: 3, Ledger Rows: 220
2025-03-02 21:24:37.407	Block commit:        72 (Hash: 01066d2a, Miner: 3f1b2aa8), Admin count: 1, Miner count: 3, Ledger Rows: 222
2025-03-02 21:24:50.469	Block commit:        73 (Hash: 9fec0cf8, Miner: 3f1b2aa8), Admin count: 1, Miner count: 3, Ledger Rows: 224
2025-03-02 21:24:58.327	Block commit:        74 (Hash: 6f296ee5, Miner: 3f1b2aa8), Admin count: 1, Miner count: 3, Ledger Rows: 226
2025-03-02 21:25:06.886	Block commit:        75 (Hash: 0f2e1465, Miner: 3f1b2aa8), Admin count: 1, Miner count: 3, Ledger Rows: 228
2025-03-02 21:33:16.681	Block commit:        76 (Hash: 9d86fafa, Miner: 07887e2a), Admin count: 1, Miner count: 3, Ledger Rows: 230
2025-03-02 21:33:30.044	Block commit:        77 (Hash: a5e10b48, Miner: 3f1b2aa8), Admin count: 1, Miner count: 3, Ledger Rows: 232
2025-03-02 21:33:42.007	Block commit:        78 (Hash: ebed8aeb, Miner: 3f1b2aa8), Admin count: 1, Miner count: 3, Ledger Rows: 234
2025-03-02 21:33:47.448	Block commit:        79 (Hash: cf2e5ab5, Miner: 9f6c6f41), Admin count: 1, Miner count: 3, Ledger Rows: 236
2025-03-02 21:33:50.893	Block commit:        80 (Hash: 707a2a66, Miner: 3f1b2aa8), Admin count: 1, Miner count: 3, Ledger Rows: 238
2025-03-02 21:33:56.245	Block commit:        81 (Hash: cc2abbd8, Miner: 9f6c6f41), Admin count: 1, Miner count: 3, Ledger Rows: 240
2025-03-02 21:34:00.892	Block commit:        82 (Hash: e7e3d778, Miner: 3f1b2aa8), Admin count: 1, Miner count: 3, Ledger Rows: 242
2025-03-02 21:34:09.745	Block commit:        83 (Hash: 2d38aacc, Miner: 3f1b2aa8), Admin count: 1, Miner count: 3, Ledger Rows: 244
2025-03-02 21:34:16.305	Block commit:        84 (Hash: 24afbb24, Miner: 3f1b2aa8), Admin count: 1, Miner count: 3, Ledger Rows: 246
2025-03-02 21:34:30.462	Block commit:        85 (Hash: 1eded0e4, Miner: 07887e2a), Admin count: 1, Miner count: 3, Ledger Rows: 248
2025-03-02 21:34:38.381	Block commit:        86 (Hash: 41778eed, Miner: 3f1b2aa8), Admin count: 1, Miner count: 3, Ledger Rows: 250
2025-03-02 21:47:13.599	Block commit:        87 (Hash: 1e78edf7, Miner: 3f1b2aa8), Admin count: 1, Miner count: 3, Ledger Rows: 252
2025-03-02 21:47:17.839	Block commit:        88 (Hash: 0e16bc47, Miner: 3f1b2aa8), Admin count: 1, Miner count: 3, Ledger Rows: 254
2025-03-02 21:47:25.595	Block commit:        89 (Hash: d2aabe4f, Miner: 3f1b2aa8), Admin count: 1, Miner count: 3, Ledger Rows: 256
2025-03-02 21:47:39.512	Block commit:        90 (Hash: 19710f0c, Miner: 07887e2a), Admin count: 1, Miner count: 3, Ledger Rows: 258
2025-03-02 21:47:47.074	Block commit:        91 (Hash: 7039b21d, Miner: 9f6c6f41), Admin count: 1, Miner count: 3, Ledger Rows: 260
2025-03-02 21:47:52.619	Block commit:        92 (Hash: 3cf966f3, Miner: 9f6c6f41), Admin count: 1, Miner count: 3, Ledger Rows: 262
2025-03-02 21:48:05.883	Block commit:        93 (Hash: 97e18c3c, Miner: 9f6c6f41), Admin count: 1, Miner count: 3, Ledger Rows: 264
2025-03-02 21:48:15.866	Block commit:        94 (Hash: 10e0aea0, Miner: 07887e2a), Admin count: 1, Miner count: 3, Ledger Rows: 266
2025-03-02 21:48:22.564	Block commit:        95 (Hash: 0d35d3cf, Miner: 9f6c6f41), Admin count: 1, Miner count: 3, Ledger Rows: 268
2025-03-02 21:48:27.218	Block commit:        96 (Hash: f7a6303c, Miner: 9f6c6f41), Admin count: 1, Miner count: 3, Ledger Rows: 270
2025-03-02 21:48:39.191	Block commit:        97 (Hash: d2ec9661, Miner: 9f6c6f41), Admin count: 1, Miner count: 3, Ledger Rows: 272
2025-03-02 21:48:46.045	Block commit:        98 (Hash: e9c108f0, Miner: 3f1b2aa8), Admin count: 1, Miner count: 3, Ledger Rows: 274
2025-03-02 21:49:07.842	Block commit:        99 (Hash: cc0f070d, Miner: 9f6c6f41), Admin count: 1, Miner count: 3, Ledger Rows: 276
2025-03-02 21:49:32.130	Block commit:       100 (Hash: 9686352f, Miner: 9f6c6f41), Admin count: 1, Miner count: 3, Ledger Rows: 278
