2025-03-02 21:02:15.784	Initialized. Chain height: -1, Txs: 0
2025-03-02 21:02:15.792	Entity (00000101, 0000000000000000000000000000000000000000) added successfully
2025-03-02 21:02:15.792	Entity (00000201, 0000000000000000000000000000000000000000) added successfully
2025-03-02 21:02:15.792	Entity (00000102, 0000000000000000000000000000000000000000) added successfully
2025-03-02 21:02:15.792	Entity (00000202, 0000000000000000000000000000000000000000) added successfully
2025-03-02 21:02:15.792	Entity (0000010A, 0000000000000000000000000000000000000000) added successfully
2025-03-02 21:02:15.792	Entity (0000010B, 0000000000000000000000000000000000000000) added successfully
2025-03-02 21:02:15.792	Entity (0000010F, 0000000000000000000000000000000000000000) added successfully
2025-03-02 21:02:15.792	Entity (00000103, e3c6491df85ac56f76db5730e7cbd9ccd63aa5be) added successfully
2025-03-02 21:02:15.792	Entity (00000203, e3c6491df85ac56f76db5730e7cbd9ccd63aa5be) added successfully
2025-03-02 21:02:15.834	Entity (00000105, 0000000072a0c7d1e7baa9098304ef45e527381a) added successfully
2025-03-02 21:02:15.834	Entity (00000205, 0000000072a0c7d1e7baa9098304ef45e527381a) added successfully
2025-03-02 21:02:15.834	Entity (00000106, 0000000072a0c7d1e7baa9098304ef45e527381a) added successfully
2025-03-02 21:02:15.834	Entity (00000206, 0000000072a0c7d1e7baa9098304ef45e527381a) added successfully
2025-03-02 21:02:15.834	Entity (00000107, 0000000072a0c7d1e7baa9098304ef45e527381a) added successfully
2025-03-02 21:02:15.834	Entity (00000207, 0000000072a0c7d1e7baa9098304ef45e527381a) added successfully
2025-03-02 21:02:15.855	NewData 00000000000000000000014b0000000000000000000000000000000000000002, block 0, flags 00000000, import 0
2025-03-02 21:02:15.862	NewBlock 0, Txs: 1, Rows: 4
2025-03-02 21:02:16.609	NewBlock 1, Txs: 0, Rows: 0
2025-03-02 21:02:16.641	NewBlock 2, Txs: 0, Rows: 0
2025-03-02 21:02:16.670	NewData 00000000000000000000014b0000000000000000000000000000000000000002, block 3, flags 00000000, import 0
2025-03-02 21:02:16.670	NewData 00000000000000000000014b0000000000000000000000000000000000000002, block 3, flags 00000000, import 0
2025-03-02 21:02:16.670	NewData 00000000000000000000014b0000000000000000000000000000000000000002, block 3, flags 00000000, import 0
2025-03-02 21:02:16.674	NewBlock 3, Txs: 0, Rows: 5
2025-03-02 21:02:16.705	NewBlock 4, Txs: 0, Rows: 0
2025-03-02 21:02:20.243	NewBlock 5, Txs: 0, Rows: 0
2025-03-02 21:02:26.489	NewTx 0b53b75a81b7d8fe1d81427730b8f82b80981c8b7e5bbf093d7b05a6495d7e55, block -1, flags 00000004, import 0
2025-03-02 21:02:28.997	UpdateTx 0b53b75a81, block 6, flags 00000004, import 0
2025-03-02 21:02:29.005	NewBlock 6, Txs: 1, Rows: 6
2025-03-02 21:02:42.267	NewBlock 7, Txs: 0, Rows: 0
2025-03-02 21:02:53.337	NewTx b0214b115878a33ff5f31cd10f5dad4c66418afb08aa39858e3a55cbe71aea85, block -1, flags 00000004, import 0
2025-03-02 21:02:53.437	NewTx 379f55303c7afe64719562c76627ffe12f24c9518580f142f7b4734a6842126a, block -1, flags 00000004, import 0
2025-03-02 21:03:14.251	UpdateTx b0214b1158, block 8, flags 00000004, import 0
2025-03-02 21:03:14.251	UpdateTx 379f55303c, block 8, flags 00000004, import 0
2025-03-02 21:03:14.255	NewBlock 8, Txs: 2, Rows: 12
2025-03-02 21:03:28.912	NewBlock 9, Txs: 0, Rows: 0
2025-03-02 21:03:43.379	NewBlock 10, Txs: 0, Rows: 0
2025-03-02 21:03:55.658	NewBlock 11, Txs: 0, Rows: 0
2025-03-02 21:04:13.320	NewBlock 12, Txs: 0, Rows: 0
2025-03-02 21:04:33.199	NewBlock 13, Txs: 0, Rows: 0
2025-03-02 21:04:37.313	NewBlock 14, Txs: 0, Rows: 0
2025-03-02 21:05:01.621	NewBlock 15, Txs: 0, Rows: 0
2025-03-02 21:05:15.084	NewBlock 16, Txs: 0, Rows: 0
2025-03-02 21:05:26.131	NewBlock 17, Txs: 0, Rows: 0
2025-03-02 21:05:38.282	NewBlock 18, Txs: 0, Rows: 0
2025-03-02 21:05:53.726	NewBlock 19, Txs: 0, Rows: 0
2025-03-02 21:06:10.989	NewBlock 20, Txs: 0, Rows: 0
2025-03-02 21:06:30.856	NewBlock 21, Txs: 0, Rows: 0
2025-03-02 21:06:38.908	NewBlock 22, Txs: 0, Rows: 0
2025-03-02 21:06:55.236	NewBlock 23, Txs: 0, Rows: 0
2025-03-02 21:07:19.672	NewBlock 24, Txs: 0, Rows: 0
2025-03-02 21:07:36.057	NewBlock 25, Txs: 0, Rows: 0
2025-03-02 21:07:40.392	NewBlock 26, Txs: 0, Rows: 0
2025-03-02 21:08:00.259	NewBlock 27, Txs: 0, Rows: 0
2025-03-02 21:08:20.252	NewBlock 28, Txs: 0, Rows: 0
2025-03-02 21:08:29.240	Rolled back to block 27 successfully
2025-03-02 21:08:29.258	NewBlock 28, Txs: 0, Rows: 0
2025-03-02 21:08:29.276	NewBlock 29, Txs: 0, Rows: 0
2025-03-02 21:08:42.336	NewBlock 30, Txs: 0, Rows: 0
2025-03-02 21:08:59.615	NewBlock 31, Txs: 0, Rows: 0
2025-03-02 21:09:14.180	NewBlock 32, Txs: 0, Rows: 0
2025-03-02 21:09:30.753	NewBlock 33, Txs: 0, Rows: 0
2025-03-02 21:09:41.909	NewBlock 34, Txs: 0, Rows: 0
2025-03-02 21:09:58.192	NewBlock 35, Txs: 0, Rows: 0
2025-03-02 21:10:21.278	NewBlock 36, Txs: 0, Rows: 0
2025-03-02 21:10:29.329	NewBlock 37, Txs: 0, Rows: 0
2025-03-02 21:10:43.428	NewBlock 38, Txs: 0, Rows: 0
2025-03-02 21:11:00.313	Rolled back to block 37 successfully
2025-03-02 21:11:00.333	NewBlock 38, Txs: 0, Rows: 0
2025-03-02 21:11:00.358	NewBlock 39, Txs: 0, Rows: 0
2025-03-02 21:11:13.178	NewBlock 40, Txs: 0, Rows: 0
2025-03-02 21:11:30.825	NewBlock 41, Txs: 0, Rows: 0
2025-03-02 21:11:40.781	NewBlock 42, Txs: 0, Rows: 0
2025-03-02 21:11:58.426	NewBlock 43, Txs: 0, Rows: 0
2025-03-02 21:12:19.447	NewBlock 44, Txs: 0, Rows: 0
2025-03-02 21:12:29.602	NewBlock 45, Txs: 0, Rows: 0
2025-03-02 21:12:43.974	NewBlock 46, Txs: 0, Rows: 0
2025-03-02 21:12:56.263	NewData 00000000000000000000014b0000000000000000000000000000000000000002, block -1, flags 00000000, import 0
2025-03-02 21:12:57.467	NewData 00000000000000000000014b0000000000000000000000000000000000000002, block -1, flags 00000000, import 0
2025-03-02 21:12:58.669	NewData 00000000000000000000014b0000000000000000000000000000000000000002, block -1, flags 00000000, import 0
2025-03-02 21:12:59.871	NewData 00000000000000000000014b0000000000000000000000000000000000000002, block -1, flags 00000000, import 0
2025-03-02 21:13:01.073	NewData 00000000000000000000014b0000000000000000000000000000000000000002, block -1, flags 00000000, import 0
2025-03-02 21:13:10.252	NewData 00000000000000000000014b0000000000000000000000000000000000000002, block 47, flags 00000000, import 0
2025-03-02 21:13:10.252	NewData 00000000000000000000014b0000000000000000000000000000000000000002, block 47, flags 00000000, import 0
2025-03-02 21:13:10.252	NewData 00000000000000000000014b0000000000000000000000000000000000000002, block 47, flags 00000000, import 0
2025-03-02 21:13:10.252	NewData 00000000000000000000014b0000000000000000000000000000000000000002, block 47, flags 00000000, import 0
2025-03-02 21:13:10.252	NewData 00000000000000000000014b0000000000000000000000000000000000000002, block 47, flags 00000000, import 0
2025-03-02 21:13:10.256	NewBlock 47, Txs: 0, Rows: 7
2025-03-02 21:13:13.291	NewBlock 48, Txs: 0, Rows: 0
2025-03-02 21:13:27.921	NewBlock 49, Txs: 0, Rows: 0
2025-03-02 21:13:49.684	NewBlock 50, Txs: 0, Rows: 0
2025-03-02 21:14:01.825	NewBlock 51, Txs: 0, Rows: 0
2025-03-02 21:14:15.107	NewBlock 52, Txs: 0, Rows: 0
2025-03-02 21:14:31.667	NewBlock 53, Txs: 0, Rows: 0
2025-03-02 21:14:43.822	NewBlock 54, Txs: 0, Rows: 0
2025-03-02 21:14:57.206	NewBlock 55, Txs: 0, Rows: 0
2025-03-02 21:15:13.581	NewBlock 56, Txs: 0, Rows: 0
2025-03-02 21:15:31.300	NewBlock 57, Txs: 0, Rows: 0
2025-03-02 21:15:47.741	NewBlock 58, Txs: 0, Rows: 0
2025-03-02 21:16:01.413	NewBlock 59, Txs: 0, Rows: 0
2025-03-02 21:16:17.494	NewBlock 60, Txs: 0, Rows: 0
2025-03-02 21:16:35.514	NewBlock 61, Txs: 0, Rows: 0
2025-03-02 21:16:48.678	NewBlock 62, Txs: 0, Rows: 0
2025-03-02 21:17:04.255	NewBlock 63, Txs: 0, Rows: 0
2025-03-02 21:17:13.669	NewBlock 64, Txs: 0, Rows: 0
2025-03-02 21:23:45.461	NewBlock 65, Txs: 0, Rows: 0
2025-03-02 21:23:51.028	NewBlock 66, Txs: 0, Rows: 0
2025-03-02 21:23:55.891	NewBlock 67, Txs: 0, Rows: 0
2025-03-02 21:24:04.290	NewBlock 68, Txs: 0, Rows: 0
2025-03-02 21:24:10.935	NewBlock 69, Txs: 0, Rows: 0
2025-03-02 21:24:18.700	NewBlock 70, Txs: 0, Rows: 0
2025-03-02 21:24:23.586	NewBlock 71, Txs: 0, Rows: 0
2025-03-02 21:24:30.732	NewBlock 72, Txs: 0, Rows: 0
2025-03-02 21:24:34.471	NewBlock 73, Txs: 0, Rows: 0
2025-03-02 21:24:38.418	NewBlock 74, Txs: 0, Rows: 0
2025-03-02 21:24:50.188	NewBlock 75, Txs: 0, Rows: 0
2025-03-02 21:33:14.669	NewBlock 76, Txs: 0, Rows: 0
2025-03-02 21:33:19.110	NewBlock 77, Txs: 0, Rows: 0
2025-03-02 21:33:24.457	NewBlock 78, Txs: 0, Rows: 0
2025-03-02 21:33:36.636	NewBlock 79, Txs: 0, Rows: 0
2025-03-02 21:33:43.269	NewBlock 80, Txs: 0, Rows: 0
2025-03-02 21:33:53.204	NewBlock 81, Txs: 0, Rows: 0
2025-03-02 21:33:57.634	NewBlock 82, Txs: 0, Rows: 0
2025-03-02 21:34:03.088	NewBlock 83, Txs: 0, Rows: 0
2025-03-02 21:34:09.147	Rolled back to block 82 successfully
2025-03-02 21:34:09.167	NewBlock 83, Txs: 0, Rows: 0
2025-03-02 21:34:09.187	NewBlock 84, Txs: 0, Rows: 0
2025-03-02 21:34:14.190	NewBlock 85, Txs: 0, Rows: 0
2025-03-02 21:34:27.440	NewBlock 86, Txs: 0, Rows: 0
2025-03-02 21:34:44.000	Rolled back to block 85 successfully
2025-03-02 21:34:44.020	NewBlock 86, Txs: 0, Rows: 0
2025-03-02 21:34:44.040	NewBlock 87, Txs: 0, Rows: 0
2025-03-02 21:47:10.336	NewBlock 88, Txs: 0, Rows: 0
2025-03-02 21:47:13.485	NewBlock 89, Txs: 0, Rows: 0
2025-03-02 21:47:18.872	NewBlock 90, Txs: 0, Rows: 0
2025-03-02 21:47:32.114	NewBlock 91, Txs: 0, Rows: 0
2025-03-02 21:47:44.271	NewBlock 92, Txs: 0, Rows: 0
2025-03-02 21:47:49.825	NewBlock 93, Txs: 0, Rows: 0
2025-03-02 21:47:54.273	NewBlock 94, Txs: 0, Rows: 0
2025-03-02 21:47:59.824	NewBlock 95, Txs: 0, Rows: 0
2025-03-02 21:48:08.512	NewBlock 96, Txs: 0, Rows: 0
2025-03-02 21:48:14.290	NewBlock 97, Txs: 0, Rows: 0
2025-03-02 21:48:20.688	NewBlock 98, Txs: 0, Rows: 0
2025-03-02 21:48:25.349	NewBlock 99, Txs: 0, Rows: 0
2025-03-02 21:48:44.940	NewBlock 100, Txs: 0, Rows: 0
2025-03-02 21:49:09.400	NewBlock 101, Txs: 0, Rows: 0
