2025-03-02 21:01:02.550	Initialized: Admin count: 0, Miner count: 0, ledger rows: 1
2025-03-02 21:01:02.755	Grant: (00000000-23e489f0-00000001-23e489f0) (0-4294967295, 1740927662), In consensus: 1, Admin count: 0, Miner count: 0
2025-03-02 21:01:02.755	Grant: (00000000-23e489f0-00000002-23e489f0) (0-4294967295, 1740927662), In consensus: 1, Admin count: 0, Miner count: 0
2025-03-02 21:01:02.755	Grant: (00000000-23e489f0-00000004-23e489f0) (0-4294967295, 1740927662), In consensus: 1, Admin count: 0, Miner count: 0
2025-03-02 21:01:02.755	Grant: (00000000-23e489f0-00000020-23e489f0) (0-4294967295, 1740927662), In consensus: 1, Admin count: 0, Miner count: 0
2025-03-02 21:01:02.755	Grant: (00000000-23e489f0-00000010-23e489f0) (0-4294967295, 1740927662), In consensus: 1, Admin count: 0, Miner count: 0
2025-03-02 21:01:02.755	Grant: (00000000-23e489f0-00002000-23e489f0) (0-4294967295, 1740927662), In consensus: 1, Admin count: 0, Miner count: 0
2025-03-02 21:01:02.755	Grant: (00000000-23e489f0-00000100-23e489f0) (0-4294967295, 1740927662), In consensus: 1, Admin count: 0, Miner count: 1
2025-03-02 21:01:02.755	Grant: (00000000-23e489f0-00001000-23e489f0) (0-4294967295, 1740927662), In consensus: 1, Admin count: 1, Miner count: 1
2025-03-02 21:01:02.755	Grant: (b6090004-00000000-00000001-23e489f0) (0-4294967295, 0), In consensus: 1, Admin count: 1, Miner count: 1
2025-03-02 21:01:02.755	Grant: (b6090004-23e489f0-00000008-23e489f0) (0-4294967295, 0), In consensus: 1, Admin count: 1, Miner count: 1
2025-03-02 21:01:02.755	Grant: (b6090004-23e489f0-00000080-23e489f0) (0-4294967295, 0), In consensus: 1, Admin count: 1, Miner count: 1
2025-03-02 21:01:02.755	Grant: (b6090004-23e489f0-00002000-23e489f0) (0-4294967295, 0), In consensus: 1, Admin count: 1, Miner count: 1
2025-03-02 21:01:02.755	Grant: (b6090004-23e489f0-00001000-23e489f0) (0-4294967295, 0), In consensus: 1, Admin count: 1, Miner count: 1
2025-03-02 21:01:02.762	Block commit:         0 (Hash: 7abf215e, Miner: 23e489f0), Admin count: 1, Miner count: 1, Ledger Rows: 16
2025-03-02 21:01:02.821	Block commit:         1 (Hash: 77952b3e, Miner: 23e489f0), Admin count: 1, Miner count: 1, Ledger Rows: 18
2025-03-02 21:01:02.863	Block commit:         2 (Hash: 015cfc8e, Miner: 23e489f0), Admin count: 1, Miner count: 1, Ledger Rows: 20
2025-03-02 21:01:18.160	Grant: (00000000-23e489f0-00000001-23e489f0) (0-4294967295, 1740927678), In consensus: 1, Admin count: 1, Miner count: 1
2025-03-02 21:01:18.160	Grant: (00000000-23e489f0-00000002-23e489f0) (0-4294967295, 1740927678), In consensus: 1, Admin count: 1, Miner count: 1
2025-03-02 21:01:18.160	Grant: (00000000-23e489f0-00000004-23e489f0) (0-4294967295, 1740927678), In consensus: 1, Admin count: 1, Miner count: 1
2025-03-02 21:01:18.160	Grant: (00000000-23e489f0-00000020-23e489f0) (0-4294967295, 1740927678), In consensus: 1, Admin count: 1, Miner count: 1
2025-03-02 21:01:18.161	Grant: (00000000-23e489f0-00000010-23e489f0) (0-4294967295, 1740927678), In consensus: 1, Admin count: 1, Miner count: 1
2025-03-02 21:01:18.161	Grant: (00000000-23e489f0-00001000-23e489f0) (0-4294967295, 1740927678), In consensus: 1, Admin count: 1, Miner count: 1
2025-03-02 21:01:18.276	Grant: (00000000-23e489f0-00000100-23e489f0) (0-4294967295, 1740927678), In consensus: 1, Admin count: 1, Miner count: 1
2025-03-02 21:01:21.975	Grant: (b97edbe1-00000000-00000001-23e489f0) (0-4294967295, 0), In consensus: 1, Admin count: 1, Miner count: 1
2025-03-02 21:01:21.975	Grant: (b97edbe1-23e489f0-00000008-23e489f0) (0-4294967295, 0), In consensus: 1, Admin count: 1, Miner count: 1
2025-03-02 21:01:21.975	Grant: (b97edbe1-23e489f0-00000080-23e489f0) (0-4294967295, 0), In consensus: 1, Admin count: 1, Miner count: 1
2025-03-02 21:01:21.975	Grant: (b97edbe1-23e489f0-00002000-23e489f0) (0-4294967295, 0), In consensus: 1, Admin count: 1, Miner count: 1
2025-03-02 21:01:21.975	Grant: (b97edbe1-23e489f0-00001000-23e489f0) (0-4294967295, 0), In consensus: 1, Admin count: 1, Miner count: 1
2025-03-02 21:01:22.205	Grant: (26c80212-00000000-00000001-23e489f0) (0-4294967295, 0), In consensus: 1, Admin count: 1, Miner count: 1
2025-03-02 21:01:22.205	Grant: (26c80212-23e489f0-00000008-23e489f0) (0-4294967295, 0), In consensus: 1, Admin count: 1, Miner count: 1
2025-03-02 21:01:22.205	Grant: (26c80212-23e489f0-00000080-23e489f0) (0-4294967295, 0), In consensus: 1, Admin count: 1, Miner count: 1
2025-03-02 21:01:22.205	Grant: (26c80212-23e489f0-00002000-23e489f0) (0-4294967295, 0), In consensus: 1, Admin count: 1, Miner count: 1
2025-03-02 21:01:22.205	Grant: (26c80212-23e489f0-00001000-23e489f0) (0-4294967295, 0), In consensus: 1, Admin count: 1, Miner count: 1
2025-03-02 21:01:22.435	Grant: (82e912da-00000000-00000001-23e489f0) (0-4294967295, 0), In consensus: 1, Admin count: 1, Miner count: 1
2025-03-02 21:01:22.435	Grant: (82e912da-23e489f0-00000008-23e489f0) (0-4294967295, 0), In consensus: 1, Admin count: 1, Miner count: 1
2025-03-02 21:01:22.435	Grant: (82e912da-23e489f0-00000080-23e489f0) (0-4294967295, 0), In consensus: 1, Admin count: 1, Miner count: 1
2025-03-02 21:01:22.435	Grant: (82e912da-23e489f0-00002000-23e489f0) (0-4294967295, 0), In consensus: 1, Admin count: 1, Miner count: 1
2025-03-02 21:01:22.435	Grant: (82e912da-23e489f0-00001000-23e489f0) (0-4294967295, 0), In consensus: 1, Admin count: 1, Miner count: 1
2025-03-02 21:01:22.664	Grant: (39d55560-00000000-00000001-23e489f0) (0-4294967295, 0), In consensus: 1, Admin count: 1, Miner count: 1
2025-03-02 21:01:22.665	Grant: (39d55560-23e489f0-00000008-23e489f0) (0-4294967295, 0), In consensus: 1, Admin count: 1, Miner count: 1
2025-03-02 21:01:22.665	Grant: (39d55560-23e489f0-00000080-23e489f0) (0-4294967295, 0), In consensus: 1, Admin count: 1, Miner count: 1
2025-03-02 21:01:22.665	Grant: (39d55560-23e489f0-00002000-23e489f0) (0-4294967295, 0), In consensus: 1, Admin count: 1, Miner count: 1
2025-03-02 21:01:22.665	Grant: (39d55560-23e489f0-00001000-23e489f0) (0-4294967295, 0), In consensus: 1, Admin count: 1, Miner count: 1
2025-03-02 21:01:45.816	Mempool copy:         2, Admin count: 1, Miner count: 1, Ledger Rows: 47
2025-03-02 21:01:45.816	Grant: (00000000-23e489f0-00001000-23e489f0) (0-4294967295, 1740927678), In consensus: 1, Admin count: 1, Miner count: 1
2025-03-02 21:01:45.816	Grant: (00000000-23e489f0-00000100-23e489f0) (0-4294967295, 1740927678), In consensus: 1, Admin count: 1, Miner count: 1
2025-03-02 21:01:45.827	Mempool ramv:         2, Admin count: 1, Miner count: 1, Ledger Rows: 47
2025-03-02 21:01:45.827	Mempool copy:         2, Admin count: 1, Miner count: 1, Ledger Rows: 47
2025-03-02 21:01:45.827	Grant: (00000000-23e489f0-00001000-23e489f0) (0-4294967295, 1740927678), In consensus: 1, Admin count: 1, Miner count: 1
2025-03-02 21:01:45.827	Grant: (00000000-23e489f0-00000100-23e489f0) (0-4294967295, 1740927678), In consensus: 1, Admin count: 1, Miner count: 1
2025-03-02 21:01:45.831	Mempool ramv:         2, Admin count: 1, Miner count: 1, Ledger Rows: 47
2025-03-02 21:01:45.831	Mempool copy:         2, Admin count: 1, Miner count: 1, Ledger Rows: 47
2025-03-02 21:01:45.831	Mempool clr :         2, Admin count: 1, Miner count: 1, Ledger Rows: 20
2025-03-02 21:01:45.831	Mempool rstr:         2, Admin count: 1, Miner count: 1, Ledger Rows: 47
2025-03-02 21:01:45.831	Mempool clr :         2, Admin count: 1, Miner count: 1, Ledger Rows: 20
2025-03-02 21:01:45.831	Grant: (00000000-23e489f0-00000001-23e489f0) (0-4294967295, 1740927678), In consensus: 1, Admin count: 1, Miner count: 1
2025-03-02 21:01:45.831	Grant: (00000000-23e489f0-00000002-23e489f0) (0-4294967295, 1740927678), In consensus: 1, Admin count: 1, Miner count: 1
2025-03-02 21:01:45.831	Grant: (00000000-23e489f0-00000004-23e489f0) (0-4294967295, 1740927678), In consensus: 1, Admin count: 1, Miner count: 1
2025-03-02 21:01:45.831	Grant: (00000000-23e489f0-00000020-23e489f0) (0-4294967295, 1740927678), In consensus: 1, Admin count: 1, Miner count: 1
2025-03-02 21:01:45.831	Grant: (00000000-23e489f0-00000010-23e489f0) (0-4294967295, 1740927678), In consensus: 1, Admin count: 1, Miner count: 1
2025-03-02 21:01:45.831	Grant: (00000000-23e489f0-00001000-23e489f0) (0-4294967295, 1740927678), In consensus: 1, Admin count: 1, Miner count: 1
2025-03-02 21:01:45.831	Grant: (00000000-23e489f0-00000100-23e489f0) (0-4294967295, 1740927678), In consensus: 1, Admin count: 1, Miner count: 1
2025-03-02 21:01:45.831	Grant: (b97edbe1-00000000-00000001-23e489f0) (0-4294967295, 0), In consensus: 1, Admin count: 1, Miner count: 1
2025-03-02 21:01:45.831	Grant: (b97edbe1-23e489f0-00000008-23e489f0) (0-4294967295, 0), In consensus: 1, Admin count: 1, Miner count: 1
2025-03-02 21:01:45.831	Grant: (b97edbe1-23e489f0-00000080-23e489f0) (0-4294967295, 0), In consensus: 1, Admin count: 1, Miner count: 1
2025-03-02 21:01:45.831	Grant: (b97edbe1-23e489f0-00002000-23e489f0) (0-4294967295, 0), In consensus: 1, Admin count: 1, Miner count: 1
2025-03-02 21:01:45.831	Grant: (b97edbe1-23e489f0-00001000-23e489f0) (0-4294967295, 0), In consensus: 1, Admin count: 1, Miner count: 1
2025-03-02 21:01:45.831	Grant: (26c80212-00000000-00000001-23e489f0) (0-4294967295, 0), In consensus: 1, Admin count: 1, Miner count: 1
2025-03-02 21:01:45.831	Grant: (26c80212-23e489f0-00000008-23e489f0) (0-4294967295, 0), In consensus: 1, Admin count: 1, Miner count: 1
2025-03-02 21:01:45.831	Grant: (26c80212-23e489f0-00000080-23e489f0) (0-4294967295, 0), In consensus: 1, Admin count: 1, Miner count: 1
2025-03-02 21:01:45.831	Grant: (26c80212-23e489f0-00002000-23e489f0) (0-4294967295, 0), In consensus: 1, Admin count: 1, Miner count: 1
2025-03-02 21:01:45.831	Grant: (26c80212-23e489f0-00001000-23e489f0) (0-4294967295, 0), In consensus: 1, Admin count: 1, Miner count: 1
2025-03-02 21:01:45.831	Grant: (82e912da-00000000-00000001-23e489f0) (0-4294967295, 0), In consensus: 1, Admin count: 1, Miner count: 1
2025-03-02 21:01:45.831	Grant: (82e912da-23e489f0-00000008-23e489f0) (0-4294967295, 0), In consensus: 1, Admin count: 1, Miner count: 1
2025-03-02 21:01:45.831	Grant: (82e912da-23e489f0-00000080-23e489f0) (0-4294967295, 0), In consensus: 1, Admin count: 1, Miner count: 1
2025-03-02 21:01:45.831	Grant: (82e912da-23e489f0-00002000-23e489f0) (0-4294967295, 0), In consensus: 1, Admin count: 1, Miner count: 1
2025-03-02 21:01:45.831	Grant: (82e912da-23e489f0-00001000-23e489f0) (0-4294967295, 0), In consensus: 1, Admin count: 1, Miner count: 1
2025-03-02 21:01:45.832	Grant: (39d55560-00000000-00000001-23e489f0) (0-4294967295, 0), In consensus: 1, Admin count: 1, Miner count: 1
2025-03-02 21:01:45.832	Grant: (39d55560-23e489f0-00000008-23e489f0) (0-4294967295, 0), In consensus: 1, Admin count: 1, Miner count: 1
2025-03-02 21:01:45.832	Grant: (39d55560-23e489f0-00000080-23e489f0) (0-4294967295, 0), In consensus: 1, Admin count: 1, Miner count: 1
2025-03-02 21:01:45.832	Grant: (39d55560-23e489f0-00002000-23e489f0) (0-4294967295, 0), In consensus: 1, Admin count: 1, Miner count: 1
2025-03-02 21:01:45.832	Grant: (39d55560-23e489f0-00001000-23e489f0) (0-4294967295, 0), In consensus: 1, Admin count: 1, Miner count: 1
2025-03-02 21:01:45.839	Block commit:         3 (Hash: e1a2ee3c, Miner: 23e489f0), Admin count: 1, Miner count: 1, Ledger Rows: 49
2025-03-02 21:02:04.373	Grant: (00000000-f88a92e8-00000001-23e489f0) (0-4294967295, 1740927724), In consensus: 1, Admin count: 1, Miner count: 1
2025-03-02 21:02:07.912	Mempool copy:         3, Admin count: 1, Miner count: 1, Ledger Rows: 50
2025-03-02 21:02:07.924	Mempool ramv:         3, Admin count: 1, Miner count: 1, Ledger Rows: 50
2025-03-02 21:02:07.925	Mempool copy:         3, Admin count: 1, Miner count: 1, Ledger Rows: 50
2025-03-02 21:02:07.929	Mempool ramv:         3, Admin count: 1, Miner count: 1, Ledger Rows: 50
2025-03-02 21:02:07.929	Mempool copy:         3, Admin count: 1, Miner count: 1, Ledger Rows: 50
2025-03-02 21:02:07.929	Mempool clr :         3, Admin count: 1, Miner count: 1, Ledger Rows: 49
2025-03-02 21:02:07.929	Mempool rstr:         3, Admin count: 1, Miner count: 1, Ledger Rows: 50
2025-03-02 21:02:07.929	Mempool clr :         3, Admin count: 1, Miner count: 1, Ledger Rows: 49
2025-03-02 21:02:07.929	Grant: (00000000-f88a92e8-00000001-23e489f0) (0-4294967295, 1740927724), In consensus: 1, Admin count: 1, Miner count: 1
2025-03-02 21:02:07.936	Block commit:         4 (Hash: 723412b0, Miner: 23e489f0), Admin count: 1, Miner count: 1, Ledger Rows: 52
2025-03-02 21:02:23.416	Block commit:         5 (Hash: e6f8c16f, Miner: 23e489f0), Admin count: 1, Miner count: 1, Ledger Rows: 54
2025-03-02 21:02:36.940	Grant: (00000000-979aa6ef-00000001-23e489f0) (0-4294967295, 1740927756), In consensus: 1, Admin count: 1, Miner count: 1
2025-03-02 21:02:37.744	Mempool copy:         5, Admin count: 1, Miner count: 1, Ledger Rows: 55
2025-03-02 21:02:37.755	Mempool ramv:         5, Admin count: 1, Miner count: 1, Ledger Rows: 55
2025-03-02 21:02:37.756	Mempool copy:         5, Admin count: 1, Miner count: 1, Ledger Rows: 55
2025-03-02 21:02:37.759	Mempool ramv:         5, Admin count: 1, Miner count: 1, Ledger Rows: 55
2025-03-02 21:02:37.759	Mempool copy:         5, Admin count: 1, Miner count: 1, Ledger Rows: 55
2025-03-02 21:02:37.759	Mempool clr :         5, Admin count: 1, Miner count: 1, Ledger Rows: 54
2025-03-02 21:02:37.759	Mempool rstr:         5, Admin count: 1, Miner count: 1, Ledger Rows: 55
2025-03-02 21:02:37.759	Mempool clr :         5, Admin count: 1, Miner count: 1, Ledger Rows: 54
2025-03-02 21:02:37.759	Grant: (00000000-979aa6ef-00000001-23e489f0) (0-4294967295, 1740927756), In consensus: 1, Admin count: 1, Miner count: 1
2025-03-02 21:02:37.766	Block commit:         6 (Hash: 7edf4f8d, Miner: 23e489f0), Admin count: 1, Miner count: 1, Ledger Rows: 57
2025-03-02 21:02:46.614	Block commit:         7 (Hash: 88f2bafd, Miner: 23e489f0), Admin count: 1, Miner count: 1, Ledger Rows: 59
2025-03-02 21:02:52.494	Grant: (00000000-f88a92e8-00000002-23e489f0) (0-4294967295, 1740927772), In consensus: 1, Admin count: 1, Miner count: 1
2025-03-02 21:02:52.494	Grant: (00000000-f88a92e8-00000004-23e489f0) (0-4294967295, 1740927772), In consensus: 1, Admin count: 1, Miner count: 1
2025-03-02 21:02:52.494	Grant: (00000000-f88a92e8-00000020-23e489f0) (0-4294967295, 1740927772), In consensus: 1, Admin count: 1, Miner count: 1
2025-03-02 21:02:52.605	Grant: (00000000-f88a92e8-00000100-23e489f0) (0-4294967295, 1740927772), In consensus: 1, Admin count: 1, Miner count: 2
2025-03-02 21:02:53.153	Grant: (00000000-979aa6ef-00000002-23e489f0) (0-4294967295, 1740927773), In consensus: 1, Admin count: 1, Miner count: 2
2025-03-02 21:02:53.153	Grant: (00000000-979aa6ef-00000004-23e489f0) (0-4294967295, 1740927773), In consensus: 1, Admin count: 1, Miner count: 2
2025-03-02 21:02:53.154	Grant: (00000000-979aa6ef-00000020-23e489f0) (0-4294967295, 1740927773), In consensus: 1, Admin count: 1, Miner count: 2
2025-03-02 21:02:53.260	Grant: (00000000-979aa6ef-00000100-23e489f0) (0-4294967295, 1740927773), In consensus: 1, Admin count: 1, Miner count: 3
2025-03-02 21:03:15.244	Mempool copy:         7, Admin count: 1, Miner count: 3, Ledger Rows: 67
2025-03-02 21:03:15.244	Grant: (00000000-f88a92e8-00000100-23e489f0) (0-4294967295, 1740927772), In consensus: 1, Admin count: 1, Miner count: 2
2025-03-02 21:03:15.244	Grant: (00000000-979aa6ef-00000100-23e489f0) (0-4294967295, 1740927773), In consensus: 1, Admin count: 1, Miner count: 3
2025-03-02 21:03:15.256	Mempool ramv:         7, Admin count: 1, Miner count: 3, Ledger Rows: 67
2025-03-02 21:03:15.256	Mempool copy:         7, Admin count: 1, Miner count: 3, Ledger Rows: 67
2025-03-02 21:03:15.256	Grant: (00000000-f88a92e8-00000100-23e489f0) (0-4294967295, 1740927772), In consensus: 1, Admin count: 1, Miner count: 2
2025-03-02 21:03:15.256	Grant: (00000000-979aa6ef-00000100-23e489f0) (0-4294967295, 1740927773), In consensus: 1, Admin count: 1, Miner count: 3
2025-03-02 21:03:15.260	Mempool ramv:         7, Admin count: 1, Miner count: 3, Ledger Rows: 67
2025-03-02 21:03:15.260	Mempool copy:         7, Admin count: 1, Miner count: 3, Ledger Rows: 67
2025-03-02 21:03:15.260	Mempool clr :         7, Admin count: 1, Miner count: 1, Ledger Rows: 59
2025-03-02 21:03:15.260	Mempool rstr:         7, Admin count: 1, Miner count: 3, Ledger Rows: 67
2025-03-02 21:03:15.260	Mempool clr :         7, Admin count: 1, Miner count: 1, Ledger Rows: 59
2025-03-02 21:03:15.260	Grant: (00000000-f88a92e8-00000002-23e489f0) (0-4294967295, 1740927772), In consensus: 1, Admin count: 1, Miner count: 1
2025-03-02 21:03:15.260	Grant: (00000000-f88a92e8-00000004-23e489f0) (0-4294967295, 1740927772), In consensus: 1, Admin count: 1, Miner count: 1
2025-03-02 21:03:15.260	Grant: (00000000-f88a92e8-00000020-23e489f0) (0-4294967295, 1740927772), In consensus: 1, Admin count: 1, Miner count: 1
2025-03-02 21:03:15.260	Grant: (00000000-f88a92e8-00000100-23e489f0) (0-4294967295, 1740927772), In consensus: 1, Admin count: 1, Miner count: 2
2025-03-02 21:03:15.260	Grant: (00000000-979aa6ef-00000002-23e489f0) (0-4294967295, 1740927773), In consensus: 1, Admin count: 1, Miner count: 2
2025-03-02 21:03:15.260	Grant: (00000000-979aa6ef-00000004-23e489f0) (0-4294967295, 1740927773), In consensus: 1, Admin count: 1, Miner count: 2
2025-03-02 21:03:15.260	Grant: (00000000-979aa6ef-00000020-23e489f0) (0-4294967295, 1740927773), In consensus: 1, Admin count: 1, Miner count: 2
2025-03-02 21:03:15.260	Grant: (00000000-979aa6ef-00000100-23e489f0) (0-4294967295, 1740927773), In consensus: 1, Admin count: 1, Miner count: 3
2025-03-02 21:03:15.267	Block commit:         8 (Hash: 32027536, Miner: 23e489f0), Admin count: 1, Miner count: 3, Ledger Rows: 69
2025-03-02 21:03:32.937	Block commit:         9 (Hash: 6ac93047, Miner: 23e489f0), Admin count: 1, Miner count: 3, Ledger Rows: 71
2025-03-02 21:03:48.410	Block commit:        10 (Hash: 1ed35fc7, Miner: 23e489f0), Admin count: 1, Miner count: 3, Ledger Rows: 73
2025-03-02 21:04:00.200	Block commit:        11 (Hash: a872fd1b, Miner: 979aa6ef), Admin count: 1, Miner count: 3, Ledger Rows: 75
2025-03-02 21:04:20.378	Block commit:        12 (Hash: 78f478d2, Miner: 23e489f0), Admin count: 1, Miner count: 3, Ledger Rows: 77
2025-03-02 21:04:34.761	Block commit:        13 (Hash: 2a605eb1, Miner: 23e489f0), Admin count: 1, Miner count: 3, Ledger Rows: 79
2025-03-02 21:04:40.348	Block commit:        14 (Hash: 22a565da, Miner: 23e489f0), Admin count: 1, Miner count: 3, Ledger Rows: 81
2025-03-02 21:05:00.043	Block commit:        15 (Hash: 277238fd, Miner: f88a92e8), Admin count: 1, Miner count: 3, Ledger Rows: 83
2025-03-02 21:05:13.406	Block commit:        16 (Hash: 2cc19e41, Miner: f88a92e8), Admin count: 1, Miner count: 3, Ledger Rows: 85
2025-03-02 21:05:33.211	Block commit:        17 (Hash: ef0f7591, Miner: 23e489f0), Admin count: 1, Miner count: 3, Ledger Rows: 87
2025-03-02 21:05:44.207	Block commit:        18 (Hash: 73a00e7a, Miner: f88a92e8), Admin count: 1, Miner count: 3, Ledger Rows: 89
2025-03-02 21:05:57.582	Block commit:        19 (Hash: 31565a2c, Miner: f88a92e8), Admin count: 1, Miner count: 3, Ledger Rows: 91
2025-03-02 21:06:12.867	Block commit:        20 (Hash: 103ed3d4, Miner: 23e489f0), Admin count: 1, Miner count: 3, Ledger Rows: 93
2025-03-02 21:06:27.988	Block rollback:        19, Admin count: 1, Miner count: 3, Ledger Rows: 91
2025-03-02 21:06:27.998	Block commit:        20 (Hash: 6b79556f, Miner: 979aa6ef), Admin count: 1, Miner count: 3, Ledger Rows: 93
2025-03-02 21:06:28.017	Block commit:        21 (Hash: aa9127b3, Miner: 979aa6ef), Admin count: 1, Miner count: 3, Ledger Rows: 95
2025-03-02 21:06:41.576	Block commit:        22 (Hash: 707caad0, Miner: f88a92e8), Admin count: 1, Miner count: 3, Ledger Rows: 97
2025-03-02 21:07:07.951	Block commit:        23 (Hash: ba9fcce2, Miner: 23e489f0), Admin count: 1, Miner count: 3, Ledger Rows: 99
2025-03-02 21:07:15.385	Block rollback:        22, Admin count: 1, Miner count: 3, Ledger Rows: 97
2025-03-02 21:07:15.398	Block commit:        23 (Hash: a953cec1, Miner: 979aa6ef), Admin count: 1, Miner count: 3, Ledger Rows: 99
2025-03-02 21:07:15.423	Block commit:        24 (Hash: 99fda69c, Miner: 979aa6ef), Admin count: 1, Miner count: 3, Ledger Rows: 101
2025-03-02 21:07:28.895	Block commit:        25 (Hash: 15c9ef30, Miner: f88a92e8), Admin count: 1, Miner count: 3, Ledger Rows: 103
2025-03-02 21:07:40.758	Block commit:        26 (Hash: de49e996, Miner: 979aa6ef), Admin count: 1, Miner count: 3, Ledger Rows: 105
2025-03-02 21:08:00.817	Block commit:        27 (Hash: d9d69e97, Miner: 23e489f0), Admin count: 1, Miner count: 3, Ledger Rows: 107
2025-03-02 21:08:17.057	Block commit:        28 (Hash: 6dc59792, Miner: 979aa6ef), Admin count: 1, Miner count: 3, Ledger Rows: 109
2025-03-02 21:08:38.282	Block commit:        29 (Hash: 22facd1b, Miner: 23e489f0), Admin count: 1, Miner count: 3, Ledger Rows: 111
2025-03-02 21:08:47.137	Block commit:        30 (Hash: 41345bad, Miner: 23e489f0), Admin count: 1, Miner count: 3, Ledger Rows: 113
2025-03-02 21:08:58.218	Block commit:        31 (Hash: 8238737c, Miner: 23e489f0), Admin count: 1, Miner count: 3, Ledger Rows: 115
2025-03-02 21:09:16.918	Block commit:        32 (Hash: 24bc004d, Miner: f88a92e8), Admin count: 1, Miner count: 3, Ledger Rows: 117
2025-03-02 21:09:38.424	Block commit:        33 (Hash: c59fbaa8, Miner: 979aa6ef), Admin count: 1, Miner count: 3, Ledger Rows: 119
2025-03-02 21:09:53.186	Block commit:        34 (Hash: 900b9020, Miner: f88a92e8), Admin count: 1, Miner count: 3, Ledger Rows: 121
2025-03-02 21:10:04.334	Block commit:        35 (Hash: 663655d0, Miner: 23e489f0), Admin count: 1, Miner count: 3, Ledger Rows: 123
2025-03-02 21:10:14.278	Block commit:        36 (Hash: 71c92f23, Miner: 23e489f0), Admin count: 1, Miner count: 3, Ledger Rows: 125
2025-03-02 21:10:40.733	Block commit:        37 (Hash: 81eb7bf0, Miner: 23e489f0), Admin count: 1, Miner count: 3, Ledger Rows: 127
2025-03-02 21:10:45.182	Block commit:        38 (Hash: 3c518742, Miner: 23e489f0), Admin count: 1, Miner count: 3, Ledger Rows: 129
2025-03-02 21:11:05.975	Block commit:        39 (Hash: 8822febb, Miner: f88a92e8), Admin count: 1, Miner count: 3, Ledger Rows: 131
2025-03-02 21:11:17.030	Block commit:        40 (Hash: 4f4f76dd, Miner: f88a92e8), Admin count: 1, Miner count: 3, Ledger Rows: 133
2025-03-02 21:11:40.261	Block commit:        41 (Hash: b90f7f30, Miner: 23e489f0), Admin count: 1, Miner count: 3, Ledger Rows: 135
2025-03-02 21:11:50.028	Block commit:        42 (Hash: de12ddf1, Miner: f88a92e8), Admin count: 1, Miner count: 3, Ledger Rows: 137
2025-03-02 21:12:02.297	Block commit:        43 (Hash: 68138ca9, Miner: f88a92e8), Admin count: 1, Miner count: 3, Ledger Rows: 139
2025-03-02 21:12:26.580	Block commit:        44 (Hash: 87b0ff8d, Miner: f88a92e8), Admin count: 1, Miner count: 3, Ledger Rows: 141
2025-03-02 21:12:32.041	Block commit:        45 (Hash: 93c5bdfc, Miner: f88a92e8), Admin count: 1, Miner count: 3, Ledger Rows: 143
2025-03-02 21:12:52.025	Block commit:        46 (Hash: e8f86e34, Miner: f88a92e8), Admin count: 1, Miner count: 3, Ledger Rows: 145
2025-03-02 21:13:01.935	Grant: (f5cd0bda-00000000-00000001-23e489f0) (0-4294967295, 0), In consensus: 1, Admin count: 1, Miner count: 3
2025-03-02 21:13:01.935	Grant: (f5cd0bda-23e489f0-00000008-23e489f0) (0-4294967295, 0), In consensus: 1, Admin count: 1, Miner count: 3
2025-03-02 21:13:01.935	Grant: (f5cd0bda-23e489f0-00000080-23e489f0) (0-4294967295, 0), In consensus: 1, Admin count: 1, Miner count: 3
2025-03-02 21:13:01.935	Grant: (f5cd0bda-23e489f0-00002000-23e489f0) (0-4294967295, 0), In consensus: 1, Admin count: 1, Miner count: 3
2025-03-02 21:13:01.935	Grant: (f5cd0bda-23e489f0-00001000-23e489f0) (0-4294967295, 0), In consensus: 1, Admin count: 1, Miner count: 3
2025-03-02 21:13:03.152	Grant: (29d6bbf5-00000000-00000001-23e489f0) (0-4294967295, 0), In consensus: 1, Admin count: 1, Miner count: 3
2025-03-02 21:13:03.152	Grant: (29d6bbf5-23e489f0-00000008-23e489f0) (0-4294967295, 0), In consensus: 1, Admin count: 1, Miner count: 3
2025-03-02 21:13:03.152	Grant: (29d6bbf5-23e489f0-00000080-23e489f0) (0-4294967295, 0), In consensus: 1, Admin count: 1, Miner count: 3
2025-03-02 21:13:03.152	Grant: (29d6bbf5-23e489f0-00002000-23e489f0) (0-4294967295, 0), In consensus: 1, Admin count: 1, Miner count: 3
2025-03-02 21:13:03.152	Grant: (29d6bbf5-23e489f0-00001000-23e489f0) (0-4294967295, 0), In consensus: 1, Admin count: 1, Miner count: 3
2025-03-02 21:13:04.369	Grant: (a60b84f1-00000000-00000001-23e489f0) (0-4294967295, 0), In consensus: 1, Admin count: 1, Miner count: 3
2025-03-02 21:13:04.369	Grant: (a60b84f1-23e489f0-00000008-23e489f0) (0-4294967295, 0), In consensus: 1, Admin count: 1, Miner count: 3
2025-03-02 21:13:04.369	Grant: (a60b84f1-23e489f0-00000080-23e489f0) (0-4294967295, 0), In consensus: 1, Admin count: 1, Miner count: 3
2025-03-02 21:13:04.369	Grant: (a60b84f1-23e489f0-00002000-23e489f0) (0-4294967295, 0), In consensus: 1, Admin count: 1, Miner count: 3
2025-03-02 21:13:04.369	Grant: (a60b84f1-23e489f0-00001000-23e489f0) (0-4294967295, 0), In consensus: 1, Admin count: 1, Miner count: 3
2025-03-02 21:13:05.587	Grant: (80237bef-00000000-00000001-23e489f0) (0-4294967295, 0), In consensus: 1, Admin count: 1, Miner count: 3
2025-03-02 21:13:05.587	Grant: (80237bef-23e489f0-00000008-23e489f0) (0-4294967295, 0), In consensus: 1, Admin count: 1, Miner count: 3
2025-03-02 21:13:05.587	Grant: (80237bef-23e489f0-00000080-23e489f0) (0-4294967295, 0), In consensus: 1, Admin count: 1, Miner count: 3
2025-03-02 21:13:05.587	Grant: (80237bef-23e489f0-00002000-23e489f0) (0-4294967295, 0), In consensus: 1, Admin count: 1, Miner count: 3
2025-03-02 21:13:05.587	Grant: (80237bef-23e489f0-00001000-23e489f0) (0-4294967295, 0), In consensus: 1, Admin count: 1, Miner count: 3
2025-03-02 21:13:06.805	Grant: (20cd0616-00000000-00000001-23e489f0) (0-4294967295, 0), In consensus: 1, Admin count: 1, Miner count: 3
2025-03-02 21:13:06.805	Grant: (20cd0616-23e489f0-00000008-23e489f0) (0-4294967295, 0), In consensus: 1, Admin count: 1, Miner count: 3
2025-03-02 21:13:06.805	Grant: (20cd0616-23e489f0-00000080-23e489f0) (0-4294967295, 0), In consensus: 1, Admin count: 1, Miner count: 3
2025-03-02 21:13:06.805	Grant: (20cd0616-23e489f0-00002000-23e489f0) (0-4294967295, 0), In consensus: 1, Admin count: 1, Miner count: 3
2025-03-02 21:13:06.805	Grant: (20cd0616-23e489f0-00001000-23e489f0) (0-4294967295, 0), In consensus: 1, Admin count: 1, Miner count: 3
2025-03-02 21:13:08.024	Grant: (f1b19e0f-00000000-00000001-23e489f0) (0-4294967295, 0), In consensus: 1, Admin count: 1, Miner count: 3
2025-03-02 21:13:08.024	Grant: (f1b19e0f-23e489f0-00000008-23e489f0) (0-4294967295, 0), In consensus: 1, Admin count: 1, Miner count: 3
2025-03-02 21:13:08.024	Grant: (f1b19e0f-23e489f0-00000080-23e489f0) (0-4294967295, 0), In consensus: 1, Admin count: 1, Miner count: 3
2025-03-02 21:13:08.024	Grant: (f1b19e0f-23e489f0-00002000-23e489f0) (0-4294967295, 0), In consensus: 1, Admin count: 1, Miner count: 3
2025-03-02 21:13:08.024	Grant: (f1b19e0f-23e489f0-00001000-23e489f0) (0-4294967295, 0), In consensus: 1, Admin count: 1, Miner count: 3
2025-03-02 21:13:09.241	Grant: (b84ada4e-00000000-00000001-23e489f0) (0-4294967295, 0), In consensus: 1, Admin count: 1, Miner count: 3
2025-03-02 21:13:09.241	Grant: (b84ada4e-23e489f0-00000008-23e489f0) (0-4294967295, 0), In consensus: 1, Admin count: 1, Miner count: 3
2025-03-02 21:13:09.241	Grant: (b84ada4e-23e489f0-00000080-23e489f0) (0-4294967295, 0), In consensus: 1, Admin count: 1, Miner count: 3
2025-03-02 21:13:09.241	Grant: (b84ada4e-23e489f0-00002000-23e489f0) (0-4294967295, 0), In consensus: 1, Admin count: 1, Miner count: 3
2025-03-02 21:13:09.241	Grant: (b84ada4e-23e489f0-00001000-23e489f0) (0-4294967295, 0), In consensus: 1, Admin count: 1, Miner count: 3
2025-03-02 21:13:20.906	Mempool copy:        46, Admin count: 1, Miner count: 3, Ledger Rows: 180
2025-03-02 21:13:20.917	Mempool ramv:        46, Admin count: 1, Miner count: 3, Ledger Rows: 180
2025-03-02 21:13:20.917	Mempool copy:        46, Admin count: 1, Miner count: 3, Ledger Rows: 180
2025-03-02 21:13:20.921	Mempool ramv:        46, Admin count: 1, Miner count: 3, Ledger Rows: 180
2025-03-02 21:13:20.921	Mempool copy:        46, Admin count: 1, Miner count: 3, Ledger Rows: 180
2025-03-02 21:13:20.921	Mempool clr :        46, Admin count: 1, Miner count: 3, Ledger Rows: 145
2025-03-02 21:13:20.921	Mempool rstr:        46, Admin count: 1, Miner count: 3, Ledger Rows: 180
2025-03-02 21:13:20.921	Mempool clr :        46, Admin count: 1, Miner count: 3, Ledger Rows: 145
2025-03-02 21:13:20.921	Grant: (f5cd0bda-00000000-00000001-23e489f0) (0-4294967295, 0), In consensus: 1, Admin count: 1, Miner count: 3
2025-03-02 21:13:20.921	Grant: (f5cd0bda-23e489f0-00000008-23e489f0) (0-4294967295, 0), In consensus: 1, Admin count: 1, Miner count: 3
2025-03-02 21:13:20.921	Grant: (f5cd0bda-23e489f0-00000080-23e489f0) (0-4294967295, 0), In consensus: 1, Admin count: 1, Miner count: 3
2025-03-02 21:13:20.921	Grant: (f5cd0bda-23e489f0-00002000-23e489f0) (0-4294967295, 0), In consensus: 1, Admin count: 1, Miner count: 3
2025-03-02 21:13:20.921	Grant: (f5cd0bda-23e489f0-00001000-23e489f0) (0-4294967295, 0), In consensus: 1, Admin count: 1, Miner count: 3
2025-03-02 21:13:20.921	Grant: (29d6bbf5-00000000-00000001-23e489f0) (0-4294967295, 0), In consensus: 1, Admin count: 1, Miner count: 3
2025-03-02 21:13:20.921	Grant: (29d6bbf5-23e489f0-00000008-23e489f0) (0-4294967295, 0), In consensus: 1, Admin count: 1, Miner count: 3
2025-03-02 21:13:20.921	Grant: (29d6bbf5-23e489f0-00000080-23e489f0) (0-4294967295, 0), In consensus: 1, Admin count: 1, Miner count: 3
2025-03-02 21:13:20.921	Grant: (29d6bbf5-23e489f0-00002000-23e489f0) (0-4294967295, 0), In consensus: 1, Admin count: 1, Miner count: 3
2025-03-02 21:13:20.921	Grant: (29d6bbf5-23e489f0-00001000-23e489f0) (0-4294967295, 0), In consensus: 1, Admin count: 1, Miner count: 3
2025-03-02 21:13:20.921	Grant: (a60b84f1-00000000-00000001-23e489f0) (0-4294967295, 0), In consensus: 1, Admin count: 1, Miner count: 3
2025-03-02 21:13:20.921	Grant: (a60b84f1-23e489f0-00000008-23e489f0) (0-4294967295, 0), In consensus: 1, Admin count: 1, Miner count: 3
2025-03-02 21:13:20.921	Grant: (a60b84f1-23e489f0-00000080-23e489f0) (0-4294967295, 0), In consensus: 1, Admin count: 1, Miner count: 3
2025-03-02 21:13:20.921	Grant: (a60b84f1-23e489f0-00002000-23e489f0) (0-4294967295, 0), In consensus: 1, Admin count: 1, Miner count: 3
2025-03-02 21:13:20.921	Grant: (a60b84f1-23e489f0-00001000-23e489f0) (0-4294967295, 0), In consensus: 1, Admin count: 1, Miner count: 3
2025-03-02 21:13:20.921	Grant: (80237bef-00000000-00000001-23e489f0) (0-4294967295, 0), In consensus: 1, Admin count: 1, Miner count: 3
2025-03-02 21:13:20.921	Grant: (80237bef-23e489f0-00000008-23e489f0) (0-4294967295, 0), In consensus: 1, Admin count: 1, Miner count: 3
2025-03-02 21:13:20.921	Grant: (80237bef-23e489f0-00000080-23e489f0) (0-4294967295, 0), In consensus: 1, Admin count: 1, Miner count: 3
2025-03-02 21:13:20.921	Grant: (80237bef-23e489f0-00002000-23e489f0) (0-4294967295, 0), In consensus: 1, Admin count: 1, Miner count: 3
2025-03-02 21:13:20.921	Grant: (80237bef-23e489f0-00001000-23e489f0) (0-4294967295, 0), In consensus: 1, Admin count: 1, Miner count: 3
2025-03-02 21:13:20.921	Grant: (20cd0616-00000000-00000001-23e489f0) (0-4294967295, 0), In consensus: 1, Admin count: 1, Miner count: 3
2025-03-02 21:13:20.921	Grant: (20cd0616-23e489f0-00000008-23e489f0) (0-4294967295, 0), In consensus: 1, Admin count: 1, Miner count: 3
2025-03-02 21:13:20.921	Grant: (20cd0616-23e489f0-00000080-23e489f0) (0-4294967295, 0), In consensus: 1, Admin count: 1, Miner count: 3
2025-03-02 21:13:20.921	Grant: (20cd0616-23e489f0-00002000-23e489f0) (0-4294967295, 0), In consensus: 1, Admin count: 1, Miner count: 3
2025-03-02 21:13:20.921	Grant: (20cd0616-23e489f0-00001000-23e489f0) (0-4294967295, 0), In consensus: 1, Admin count: 1, Miner count: 3
2025-03-02 21:13:20.922	Grant: (f1b19e0f-00000000-00000001-23e489f0) (0-4294967295, 0), In consensus: 1, Admin count: 1, Miner count: 3
2025-03-02 21:13:20.922	Grant: (f1b19e0f-23e489f0-00000008-23e489f0) (0-4294967295, 0), In consensus: 1, Admin count: 1, Miner count: 3
2025-03-02 21:13:20.922	Grant: (f1b19e0f-23e489f0-00000080-23e489f0) (0-4294967295, 0), In consensus: 1, Admin count: 1, Miner count: 3
2025-03-02 21:13:20.922	Grant: (f1b19e0f-23e489f0-00002000-23e489f0) (0-4294967295, 0), In consensus: 1, Admin count: 1, Miner count: 3
2025-03-02 21:13:20.922	Grant: (f1b19e0f-23e489f0-00001000-23e489f0) (0-4294967295, 0), In consensus: 1, Admin count: 1, Miner count: 3
2025-03-02 21:13:20.922	Grant: (b84ada4e-00000000-00000001-23e489f0) (0-4294967295, 0), In consensus: 1, Admin count: 1, Miner count: 3
2025-03-02 21:13:20.922	Grant: (b84ada4e-23e489f0-00000008-23e489f0) (0-4294967295, 0), In consensus: 1, Admin count: 1, Miner count: 3
2025-03-02 21:13:20.922	Grant: (b84ada4e-23e489f0-00000080-23e489f0) (0-4294967295, 0), In consensus: 1, Admin count: 1, Miner count: 3
2025-03-02 21:13:20.922	Grant: (b84ada4e-23e489f0-00002000-23e489f0) (0-4294967295, 0), In consensus: 1, Admin count: 1, Miner count: 3
2025-03-02 21:13:20.922	Grant: (b84ada4e-23e489f0-00001000-23e489f0) (0-4294967295, 0), In consensus: 1, Admin count: 1, Miner count: 3
2025-03-02 21:13:20.928	Block commit:        47 (Hash: e326276d, Miner: 979aa6ef), Admin count: 1, Miner count: 3, Ledger Rows: 182
2025-03-02 21:13:28.395	Block commit:        48 (Hash: 8bb06d2a, Miner: f88a92e8), Admin count: 1, Miner count: 3, Ledger Rows: 184
2025-03-02 21:13:37.446	Block commit:        49 (Hash: 3016cf1b, Miner: 979aa6ef), Admin count: 1, Miner count: 3, Ledger Rows: 186
2025-03-02 21:13:55.140	Block commit:        50 (Hash: 95882209, Miner: 979aa6ef), Admin count: 1, Miner count: 3, Ledger Rows: 188
2025-03-02 21:14:05.105	Block commit:        51 (Hash: d0442eea, Miner: 979aa6ef), Admin count: 1, Miner count: 3, Ledger Rows: 190
2025-03-02 21:14:29.775	Block commit:        52 (Hash: 7db26a44, Miner: 23e489f0), Admin count: 1, Miner count: 3, Ledger Rows: 192
2025-03-02 21:14:38.882	Block commit:        53 (Hash: 43d8006b, Miner: f88a92e8), Admin count: 1, Miner count: 3, Ledger Rows: 194
2025-03-02 21:14:52.928	Block commit:        54 (Hash: 4e1ad62d, Miner: 23e489f0), Admin count: 1, Miner count: 3, Ledger Rows: 196
2025-03-02 21:15:07.380	Block commit:        55 (Hash: 664f8cd1, Miner: f88a92e8), Admin count: 1, Miner count: 3, Ledger Rows: 198
2025-03-02 21:15:24.887	Block commit:        56 (Hash: c614246d, Miner: 23e489f0), Admin count: 1, Miner count: 3, Ledger Rows: 200
2025-03-02 21:15:38.289	Block commit:        57 (Hash: 19e122fc, Miner: f88a92e8), Admin count: 1, Miner count: 3, Ledger Rows: 202
2025-03-02 21:15:53.751	Block commit:        58 (Hash: ec092210, Miner: f88a92e8), Admin count: 1, Miner count: 3, Ledger Rows: 204
2025-03-02 21:16:12.249	Block commit:        59 (Hash: e4a91b9e, Miner: 23e489f0), Admin count: 1, Miner count: 3, Ledger Rows: 206
2025-03-02 21:16:24.427	Block commit:        60 (Hash: 57fda556, Miner: 23e489f0), Admin count: 1, Miner count: 3, Ledger Rows: 208
2025-03-02 21:16:41.129	Block commit:        61 (Hash: 042b079d, Miner: f88a92e8), Admin count: 1, Miner count: 3, Ledger Rows: 210
2025-03-02 21:16:54.194	Block commit:        62 (Hash: dbc37ac5, Miner: 23e489f0), Admin count: 1, Miner count: 3, Ledger Rows: 212
2025-03-02 21:17:06.645	Block rollback:        61, Admin count: 1, Miner count: 3, Ledger Rows: 210
2025-03-02 21:17:06.656	Block commit:        62 (Hash: 97d854b8, Miner: f88a92e8), Admin count: 1, Miner count: 3, Ledger Rows: 212
2025-03-02 21:17:06.679	Block commit:        63 (Hash: e5745ab3, Miner: f88a92e8), Admin count: 1, Miner count: 3, Ledger Rows: 214
2025-03-02 21:23:45.805	Block commit:        64 (Hash: 5e73168d, Miner: 23e489f0), Admin count: 1, Miner count: 3, Ledger Rows: 216
2025-03-02 21:23:52.700	Block commit:        65 (Hash: e0748402, Miner: f88a92e8), Admin count: 1, Miner count: 3, Ledger Rows: 218
2025-03-02 21:24:03.863	Block commit:        66 (Hash: a4c759b2, Miner: f88a92e8), Admin count: 1, Miner count: 3, Ledger Rows: 220
2025-03-02 21:24:10.318	Block commit:        67 (Hash: 7f1fe610, Miner: f88a92e8), Admin count: 1, Miner count: 3, Ledger Rows: 222
2025-03-02 21:24:18.269	Block rollback:        66, Admin count: 1, Miner count: 3, Ledger Rows: 220
2025-03-02 21:24:18.280	Block commit:        67 (Hash: 7c651493, Miner: 979aa6ef), Admin count: 1, Miner count: 3, Ledger Rows: 222
2025-03-02 21:24:18.298	Block commit:        68 (Hash: 84a185ae, Miner: 979aa6ef), Admin count: 1, Miner count: 3, Ledger Rows: 224
2025-03-02 21:24:23.849	Block commit:        69 (Hash: 4fe51ed7, Miner: 979aa6ef), Admin count: 1, Miner count: 3, Ledger Rows: 226
2025-03-02 21:24:31.402	Block commit:        70 (Hash: 5bb52271, Miner: f88a92e8), Admin count: 1, Miner count: 3, Ledger Rows: 228
2025-03-02 21:24:34.862	Block commit:        71 (Hash: 7486e43c, Miner: f88a92e8), Admin count: 1, Miner count: 3, Ledger Rows: 230
2025-03-02 21:24:39.805	Block commit:        72 (Hash: c258adbb, Miner: 23e489f0), Admin count: 1, Miner count: 3, Ledger Rows: 232
2025-03-02 21:24:45.821	Block commit:        73 (Hash: 6d5c7899, Miner: 979aa6ef), Admin count: 1, Miner count: 3, Ledger Rows: 234
2025-03-02 21:24:53.058	Block commit:        74 (Hash: ac6b829f, Miner: 23e489f0), Admin count: 1, Miner count: 3, Ledger Rows: 236
2025-03-02 21:25:11.809	Block commit:        75 (Hash: a6085498, Miner: 23e489f0), Admin count: 1, Miner count: 3, Ledger Rows: 238
2025-03-02 21:32:45.663	Grant: (ea773e97-00000000-00000001-23e489f0) (0-4294967295, 0), In consensus: 1, Admin count: 1, Miner count: 3
2025-03-02 21:32:45.663	Grant: (ea773e97-23e489f0-00000008-23e489f0) (0-4294967295, 0), In consensus: 1, Admin count: 1, Miner count: 3
2025-03-02 21:32:45.663	Grant: (ea773e97-23e489f0-00000080-23e489f0) (0-4294967295, 0), In consensus: 1, Admin count: 1, Miner count: 3
2025-03-02 21:32:45.663	Grant: (ea773e97-23e489f0-00002000-23e489f0) (0-4294967295, 0), In consensus: 1, Admin count: 1, Miner count: 3
2025-03-02 21:32:45.663	Grant: (ea773e97-23e489f0-00001000-23e489f0) (0-4294967295, 0), In consensus: 1, Admin count: 1, Miner count: 3
2025-03-02 21:32:46.532	Grant: (60b08f06-00000000-00000001-23e489f0) (0-4294967295, 0), In consensus: 1, Admin count: 1, Miner count: 3
2025-03-02 21:32:46.532	Grant: (60b08f06-23e489f0-00000008-23e489f0) (0-4294967295, 0), In consensus: 1, Admin count: 1, Miner count: 3
2025-03-02 21:32:46.532	Grant: (60b08f06-23e489f0-00000080-23e489f0) (0-4294967295, 0), In consensus: 1, Admin count: 1, Miner count: 3
2025-03-02 21:32:46.532	Grant: (60b08f06-23e489f0-00002000-23e489f0) (0-4294967295, 0), In consensus: 1, Admin count: 1, Miner count: 3
2025-03-02 21:32:46.532	Grant: (60b08f06-23e489f0-00001000-23e489f0) (0-4294967295, 0), In consensus: 1, Admin count: 1, Miner count: 3
2025-03-02 21:32:59.510	Mempool copy:        75, Admin count: 1, Miner count: 3, Ledger Rows: 248
2025-03-02 21:32:59.521	Mempool ramv:        75, Admin count: 1, Miner count: 3, Ledger Rows: 248
2025-03-02 21:32:59.522	Mempool copy:        75, Admin count: 1, Miner count: 3, Ledger Rows: 248
2025-03-02 21:32:59.525	Mempool ramv:        75, Admin count: 1, Miner count: 3, Ledger Rows: 248
2025-03-02 21:32:59.525	Mempool copy:        75, Admin count: 1, Miner count: 3, Ledger Rows: 248
2025-03-02 21:32:59.525	Mempool clr :        75, Admin count: 1, Miner count: 3, Ledger Rows: 238
2025-03-02 21:32:59.525	Mempool rstr:        75, Admin count: 1, Miner count: 3, Ledger Rows: 248
2025-03-02 21:32:59.525	Mempool clr :        75, Admin count: 1, Miner count: 3, Ledger Rows: 238
2025-03-02 21:32:59.525	Grant: (ea773e97-00000000-00000001-23e489f0) (0-4294967295, 0), In consensus: 1, Admin count: 1, Miner count: 3
2025-03-02 21:32:59.525	Grant: (ea773e97-23e489f0-00000008-23e489f0) (0-4294967295, 0), In consensus: 1, Admin count: 1, Miner count: 3
2025-03-02 21:32:59.525	Grant: (ea773e97-23e489f0-00000080-23e489f0) (0-4294967295, 0), In consensus: 1, Admin count: 1, Miner count: 3
2025-03-02 21:32:59.525	Grant: (ea773e97-23e489f0-00002000-23e489f0) (0-4294967295, 0), In consensus: 1, Admin count: 1, Miner count: 3
2025-03-02 21:32:59.525	Grant: (ea773e97-23e489f0-00001000-23e489f0) (0-4294967295, 0), In consensus: 1, Admin count: 1, Miner count: 3
2025-03-02 21:32:59.526	Grant: (60b08f06-00000000-00000001-23e489f0) (0-4294967295, 0), In consensus: 1, Admin count: 1, Miner count: 3
2025-03-02 21:32:59.526	Grant: (60b08f06-23e489f0-00000008-23e489f0) (0-4294967295, 0), In consensus: 1, Admin count: 1, Miner count: 3
2025-03-02 21:32:59.526	Grant: (60b08f06-23e489f0-00000080-23e489f0) (0-4294967295, 0), In consensus: 1, Admin count: 1, Miner count: 3
2025-03-02 21:32:59.526	Grant: (60b08f06-23e489f0-00002000-23e489f0) (0-4294967295, 0), In consensus: 1, Admin count: 1, Miner count: 3
2025-03-02 21:32:59.526	Grant: (60b08f06-23e489f0-00001000-23e489f0) (0-4294967295, 0), In consensus: 1, Admin count: 1, Miner count: 3
2025-03-02 21:32:59.532	Block commit:        76 (Hash: 1878d800, Miner: 23e489f0), Admin count: 1, Miner count: 3, Ledger Rows: 250
2025-03-02 21:33:06.563	Block commit:        77 (Hash: fba474c1, Miner: 979aa6ef), Admin count: 1, Miner count: 3, Ledger Rows: 252
2025-03-02 21:33:11.212	Block commit:        78 (Hash: 8a1995d8, Miner: 979aa6ef), Admin count: 1, Miner count: 3, Ledger Rows: 254
2025-03-02 21:33:15.001	Block commit:        79 (Hash: f48436ac, Miner: 23e489f0), Admin count: 1, Miner count: 3, Ledger Rows: 256
2025-03-02 21:33:24.949	Block commit:        80 (Hash: 6dff2b56, Miner: 23e489f0), Admin count: 1, Miner count: 3, Ledger Rows: 258
2025-03-02 21:33:36.388	Block commit:        81 (Hash: 26b42c91, Miner: 979aa6ef), Admin count: 1, Miner count: 3, Ledger Rows: 260
2025-03-02 21:33:42.605	Block commit:        82 (Hash: 71e8701b, Miner: 23e489f0), Admin count: 1, Miner count: 3, Ledger Rows: 262
2025-03-02 21:33:48.161	Block commit:        83 (Hash: cfa4ca53, Miner: 23e489f0), Admin count: 1, Miner count: 3, Ledger Rows: 264
2025-03-02 21:33:54.821	Block commit:        84 (Hash: 707cfcad, Miner: 23e489f0), Admin count: 1, Miner count: 3, Ledger Rows: 266
2025-03-02 21:34:01.505	Block commit:        85 (Hash: d68a1e0b, Miner: 23e489f0), Admin count: 1, Miner count: 3, Ledger Rows: 268
2025-03-02 21:34:07.076	Block commit:        86 (Hash: 5e057bbb, Miner: 23e489f0), Admin count: 1, Miner count: 3, Ledger Rows: 270
2025-03-02 21:34:27.019	Block commit:        87 (Hash: 407514c5, Miner: 979aa6ef), Admin count: 1, Miner count: 3, Ledger Rows: 272
2025-03-02 21:34:47.866	Block commit:        88 (Hash: 7865ceeb, Miner: 23e489f0), Admin count: 1, Miner count: 3, Ledger Rows: 274
2025-03-02 21:35:10.099	Block rollback:        87, Admin count: 1, Miner count: 3, Ledger Rows: 272
2025-03-02 21:35:10.110	Block commit:        88 (Hash: 1adf992f, Miner: 979aa6ef), Admin count: 1, Miner count: 3, Ledger Rows: 274
2025-03-02 21:35:10.129	Block commit:        89 (Hash: 62507348, Miner: 979aa6ef), Admin count: 1, Miner count: 3, Ledger Rows: 276
2025-03-02 21:35:35.524	Block commit:        90 (Hash: 289c1a12, Miner: 979aa6ef), Admin count: 1, Miner count: 3, Ledger Rows: 278
2025-03-02 21:43:27.770	Block commit:        91 (Hash: 3a40128f, Miner: 979aa6ef), Admin count: 1, Miner count: 3, Ledger Rows: 280
2025-03-02 21:43:31.748	Block commit:        92 (Hash: f5411464, Miner: 23e489f0), Admin count: 1, Miner count: 3, Ledger Rows: 282
2025-03-02 21:43:38.259	Block commit:        93 (Hash: 9b8bd020, Miner: f88a92e8), Admin count: 1, Miner count: 3, Ledger Rows: 284
2025-03-02 21:43:43.811	Block commit:        94 (Hash: f307eaeb, Miner: f88a92e8), Admin count: 1, Miner count: 3, Ledger Rows: 286
2025-03-02 21:43:51.633	Block commit:        95 (Hash: 7e2bfeaa, Miner: 23e489f0), Admin count: 1, Miner count: 3, Ledger Rows: 288
2025-03-02 21:43:56.373	Block commit:        96 (Hash: 03c0dc18, Miner: 979aa6ef), Admin count: 1, Miner count: 3, Ledger Rows: 290
2025-03-02 21:44:02.850	Block commit:        97 (Hash: b5489ebb, Miner: 979aa6ef), Admin count: 1, Miner count: 3, Ledger Rows: 292
2025-03-02 21:44:05.994	Block commit:        98 (Hash: 354e62ca, Miner: 23e489f0), Admin count: 1, Miner count: 3, Ledger Rows: 294
2025-03-02 21:44:11.551	Block commit:        99 (Hash: 7d2a5b4d, Miner: 23e489f0), Admin count: 1, Miner count: 3, Ledger Rows: 296
2025-03-02 21:44:23.697	Block commit:       100 (Hash: 33704243, Miner: 23e489f0), Admin count: 1, Miner count: 3, Ledger Rows: 298
2025-03-02 21:44:29.460	Block commit:       101 (Hash: 341417c2, Miner: 979aa6ef), Admin count: 1, Miner count: 3, Ledger Rows: 300
2025-03-02 21:47:19.012	Block commit:       102 (Hash: bca87f5e, Miner: 979aa6ef), Admin count: 1, Miner count: 3, Ledger Rows: 302
2025-03-02 21:47:28.630	Block commit:       103 (Hash: b349f47a, Miner: 23e489f0), Admin count: 1, Miner count: 3, Ledger Rows: 304
2025-03-02 21:47:31.990	Block commit:       104 (Hash: 581ad3a2, Miner: 23e489f0), Admin count: 1, Miner count: 3, Ledger Rows: 306
2025-03-02 21:47:36.609	Block commit:       105 (Hash: 6f722d29, Miner: 979aa6ef), Admin count: 1, Miner count: 3, Ledger Rows: 308
2025-03-02 21:47:41.940	Block commit:       106 (Hash: 4eed6208, Miner: 23e489f0), Admin count: 1, Miner count: 3, Ledger Rows: 310
2025-03-02 21:47:55.687	Block commit:       107 (Hash: 3e5de7c1, Miner: f88a92e8), Admin count: 1, Miner count: 3, Ledger Rows: 312
2025-03-02 21:48:01.797	Block commit:       108 (Hash: 5725a6f2, Miner: 23e489f0), Admin count: 1, Miner count: 3, Ledger Rows: 314
2025-03-02 21:48:07.954	Block commit:       109 (Hash: 795fee0f, Miner: f88a92e8), Admin count: 1, Miner count: 3, Ledger Rows: 316
2025-03-02 21:48:12.203	Block commit:       110 (Hash: 93779832, Miner: f88a92e8), Admin count: 1, Miner count: 3, Ledger Rows: 318
2025-03-02 21:48:34.594	Block commit:       111 (Hash: 53effc0f, Miner: f88a92e8), Admin count: 1, Miner count: 3, Ledger Rows: 320
2025-03-02 21:48:57.964	Block commit:       112 (Hash: 184c6405, Miner: 23e489f0), Admin count: 1, Miner count: 3, Ledger Rows: 322
2025-03-02 21:49:20.020	Block commit:       113 (Hash: ba5d5a92, Miner: 23e489f0), Admin count: 1, Miner count: 3, Ledger Rows: 324
2025-03-02 21:49:42.078	Block commit:       114 (Hash: 8695bdb8, Miner: 23e489f0), Admin count: 1, Miner count: 3, Ledger Rows: 326
2025-03-02 21:49:52.024	Block commit:       115 (Hash: da8d8aa4, Miner: 23e489f0), Admin count: 1, Miner count: 3, Ledger Rows: 328
2025-03-02 21:50:09.666	Block commit:       116 (Hash: 7c12c210, Miner: 23e489f0), Admin count: 1, Miner count: 3, Ledger Rows: 330
2025-03-02 21:50:18.427	Block commit:       117 (Hash: fa9fe02e, Miner: 979aa6ef), Admin count: 1, Miner count: 3, Ledger Rows: 332
2025-03-02 21:57:50.794	Block commit:       118 (Hash: fc242e9e, Miner: 23e489f0), Admin count: 1, Miner count: 3, Ledger Rows: 334
2025-03-02 21:58:00.535	Block commit:       119 (Hash: 41f52c68, Miner: 979aa6ef), Admin count: 1, Miner count: 3, Ledger Rows: 336
2025-03-02 21:58:15.012	Block commit:       120 (Hash: 26fac9bd, Miner: 979aa6ef), Admin count: 1, Miner count: 3, Ledger Rows: 338
2025-03-02 21:58:18.279	Block commit:       121 (Hash: f5dce45b, Miner: 979aa6ef), Admin count: 1, Miner count: 3, Ledger Rows: 340
2025-03-02 21:58:24.959	Block commit:       122 (Hash: 403235f1, Miner: 23e489f0), Admin count: 1, Miner count: 3, Ledger Rows: 342
2025-03-02 21:58:31.599	Block commit:       123 (Hash: ce81f974, Miner: 23e489f0), Admin count: 1, Miner count: 3, Ledger Rows: 344
2025-03-02 21:58:34.957	Block commit:       124 (Hash: ed74d69a, Miner: 23e489f0), Admin count: 1, Miner count: 3, Ledger Rows: 346
2025-03-02 21:58:49.280	Block commit:       125 (Hash: 7d4d5ca2, Miner: 979aa6ef), Admin count: 1, Miner count: 3, Ledger Rows: 348
2025-03-02 21:58:53.644	Block commit:       126 (Hash: 4a513786, Miner: 979aa6ef), Admin count: 1, Miner count: 3, Ledger Rows: 350
2025-03-02 21:59:00.307	Block commit:       127 (Hash: 30308ce7, Miner: 979aa6ef), Admin count: 1, Miner count: 3, Ledger Rows: 352
2025-03-02 21:59:13.588	Block commit:       128 (Hash: 46282028, Miner: 979aa6ef), Admin count: 1, Miner count: 3, Ledger Rows: 354
2025-03-02 22:07:57.609	Block commit:       129 (Hash: 48a4c9cf, Miner: 979aa6ef), Admin count: 1, Miner count: 3, Ledger Rows: 356
2025-03-02 22:08:00.785	Block commit:       130 (Hash: 618a35a4, Miner: 979aa6ef), Admin count: 1, Miner count: 3, Ledger Rows: 358
2025-03-02 22:08:07.442	Block commit:       131 (Hash: 6b734f8a, Miner: 979aa6ef), Admin count: 1, Miner count: 3, Ledger Rows: 360
2025-03-02 22:08:17.512	Block commit:       132 (Hash: b2711a68, Miner: 979aa6ef), Admin count: 1, Miner count: 3, Ledger Rows: 362
2025-03-02 22:08:28.181	Block commit:       133 (Hash: 172ec003, Miner: 23e489f0), Admin count: 1, Miner count: 3, Ledger Rows: 364
2025-03-02 22:08:41.430	Block commit:       134 (Hash: d9bd093b, Miner: 23e489f0), Admin count: 1, Miner count: 3, Ledger Rows: 366
2025-03-02 22:08:52.484	Block commit:       135 (Hash: 0383cb7f, Miner: 23e489f0), Admin count: 1, Miner count: 3, Ledger Rows: 368
2025-03-02 22:09:01.341	Block commit:       136 (Hash: 637d9348, Miner: 23e489f0), Admin count: 1, Miner count: 3, Ledger Rows: 370
2025-03-02 22:09:13.497	Block commit:       137 (Hash: a5b23119, Miner: 23e489f0), Admin count: 1, Miner count: 3, Ledger Rows: 372
2025-03-02 22:09:17.943	Block commit:       138 (Hash: fbb51c40, Miner: 23e489f0), Admin count: 1, Miner count: 3, Ledger Rows: 374
2025-03-02 22:09:25.697	Block commit:       139 (Hash: b5eb508b, Miner: 23e489f0), Admin count: 1, Miner count: 3, Ledger Rows: 376
2025-03-02 22:17:50.818	Block commit:       140 (Hash: 51268167, Miner: 23e489f0), Admin count: 1, Miner count: 3, Ledger Rows: 378
2025-03-02 22:17:55.527	Block commit:       141 (Hash: d1f4f63f, Miner: 979aa6ef), Admin count: 1, Miner count: 3, Ledger Rows: 380
2025-03-02 22:17:58.896	Block commit:       142 (Hash: e81e2e46, Miner: 979aa6ef), Admin count: 1, Miner count: 3, Ledger Rows: 382
2025-03-02 22:18:11.808	Block commit:       143 (Hash: dbd027b0, Miner: 23e489f0), Admin count: 1, Miner count: 3, Ledger Rows: 384
2025-03-02 22:18:24.107	Block commit:       144 (Hash: 2b259434, Miner: 979aa6ef), Admin count: 1, Miner count: 3, Ledger Rows: 386
2025-03-02 22:18:27.287	Block commit:       145 (Hash: c147347f, Miner: 23e489f0), Admin count: 1, Miner count: 3, Ledger Rows: 388
