2025-03-02 21:01:07.918	getblockcount
2025-03-02 21:01:13.143	getaddresses
2025-03-02 21:01:13.250	grant 1PjEmC9SQVdAK4L2ybnHEkcA6VJ31n468S6pyR connect,send,receive,create,issue,admin
2025-03-02 21:01:13.358	grant 1PjEmC9SQVdAK4L2ybnHEkcA6VJ31n468S6pyR mine
2025-03-02 21:01:13.466	setruntimeparam miningturnover 0.5
2025-03-02 21:01:13.573	setgenerate true
2025-03-02 21:01:14.304	getaddresses
2025-03-02 21:01:14.411	generate 1
2025-03-02 21:01:14.517	generatetoaddress 1 1PjEmC9SQVdAK4L2ybnHEkcA6VJ31n468S6pyR
2025-03-02 21:01:14.623	setgenerate true 1
2025-03-02 21:01:20.599	create stream distributor_transactions '{"restrict":"write"}'
2025-03-02 21:01:20.707	subscribe distributor_transactions
2025-03-02 21:01:20.829	create stream merkle_roots '{"restrict":"write"}'
2025-03-02 21:01:20.937	subscribe merkle_roots
2025-03-02 21:01:21.058	create stream transaction_proofs '{"restrict":"write"}'
2025-03-02 21:01:21.166	subscribe transaction_proofs
2025-03-02 21:01:22.891	getaddresses
2025-03-02 21:01:22.999	generate 1
2025-03-02 21:01:23.105	generatetoaddress 1 1PjEmC9SQVdAK4L2ybnHEkcA6VJ31n468S6pyR
2025-03-02 21:01:23.210	setgenerate true 1
2025-03-02 21:01:26.101	setruntimeparam autosubscribe streams
2025-03-02 21:01:26.421	liststreams distributor_transactions
2025-03-02 21:01:26.527	publish distributor_transactions shipment1 '{"json":{"type":"SHIPMENT","productId":"PROD001","quantity":100}}'
2025-03-02 21:01:26.849	getaddresses
2025-03-02 21:01:26.956	generate 1
2025-03-02 21:01:27.062	generatetoaddress 1 1PjEmC9SQVdAK4L2ybnHEkcA6VJ31n468S6pyR
2025-03-02 21:01:27.167	setgenerate true 1
2025-03-02 21:01:42.675	grant 19qwqAEPNqkL2E8fubgh1b4am44sko4GTKVZcm connect
2025-03-02 21:02:15.227	grant 16k7U61f7xPyzbTExSkSGZCcfrnuuPq49VXuVG connect
2025-03-02 21:02:52.053	grant 19qwqAEPNqkL2E8fubgh1b4am44sko4GTKVZcm send,receive,create
2025-03-02 21:02:52.163	grant 19qwqAEPNqkL2E8fubgh1b4am44sko4GTKVZcm mine
2025-03-02 21:02:52.713	grant 16k7U61f7xPyzbTExSkSGZCcfrnuuPq49VXuVG send,receive,create
2025-03-02 21:02:52.822	grant 16k7U61f7xPyzbTExSkSGZCcfrnuuPq49VXuVG mine
2025-03-02 21:02:53.371	getaddresses
2025-03-02 21:02:53.481	generate 1
2025-03-02 21:02:53.588	generatetoaddress 1 1PjEmC9SQVdAK4L2ybnHEkcA6VJ31n468S6pyR
2025-03-02 21:02:53.695	setgenerate true 1
2025-03-02 21:03:03.415	getpeerinfo
2025-03-02 21:03:03.524	getpeerinfo
2025-03-02 21:03:10.392	getpeerinfo
2025-03-02 21:03:10.500	getpeerinfo
2025-03-02 21:04:07.045	getpeerinfo
2025-03-02 21:04:07.153	getpeerinfo
2025-03-02 21:12:48.206	liststreams
2025-03-02 21:12:48.316	create stream products true
2025-03-02 21:12:49.426	subscribe products
2025-03-02 21:12:49.542	create stream supply_chain_events true
2025-03-02 21:12:50.651	subscribe supply_chain_events
2025-03-02 21:12:50.759	create stream asset_transfers true
2025-03-02 21:12:51.867	subscribe asset_transfers
2025-03-02 21:12:51.975	create stream inventory_updates true
2025-03-02 21:12:53.083	subscribe inventory_updates
2025-03-02 21:12:53.191	create stream asset_receipts true
2025-03-02 21:12:54.300	subscribe asset_receipts
2025-03-02 21:12:54.407	create stream notifications true
2025-03-02 21:12:55.515	subscribe notifications
2025-03-02 21:14:30.031	liststreamkeyitems distributor_transactions PROD-123
2025-03-02 21:14:30.254	getinfo
2025-03-02 21:14:30.382	getblockcount
2025-03-02 21:14:30.490	getpeerinfo
2025-03-02 21:14:33.535	getblock 12345abc 1
2025-03-02 21:14:34.207	publish distributor_transactions DIST-TXN-1740928474097-208 7b227472616e73616374696f6e4964223a22444953542d54584e2d313734303932383437343039372d323038222c227472616e73616374696f6e54797065223a22534849504d454e54222c2270726f647563744964223a2250524f442d313233222c227175616e74697479223a31302c2272656c61746564456e74697479223a2252455441494c4552222c2274696d657374616d70223a313734303932383437343039372c22737461747573223a2250454e44494e47222c226164646974696f6e616c44617461223a7b226e6f746573223a22457870726573732064656c6976657279227d7d
2025-03-02 21:14:34.436	publish inventory_updates PROD-123 7b2274797065223a22494e56454e544f52595f555044415445222c22736f75726365223a2272657461696c65722d636861696e222c2270726f647563744964223a2250524f442d313233222c227175616e74697479223a2d322c227265666572656e6365223a2252455441494c2d54584e2d313734303932383437343231382d35333935222c2274696d657374616d70223a313734303932383437343332377d
2025-03-02 21:14:34.557	publish distributor_transactions DIST-TXN-1740928474446-6122 7b2270726f647563744964223a2250524f442d31222c227472616e73616374696f6e54797065223a2252454345495645222c227175616e74697479223a3130302c227472616e73616374696f6e4964223a22444953542d54584e2d313734303932383437343434362d36313232222c2274696d657374616d70223a313734303932383437343434362c22737461747573223a2250454e44494e47227d
2025-03-02 21:14:34.670	publish distributor_transactions DIST-TXN-1740928474561-6851 7b2270726f647563744964223a2250524f442d32222c227472616e73616374696f6e54797065223a2253484950222c227175616e74697479223a35302c227472616e73616374696f6e4964223a22444953542d54584e2d313734303932383437343536312d36383531222c2274696d657374616d70223a313734303932383437343536312c22737461747573223a2250454e44494e47227d
2025-03-02 21:14:34.789	publish asset_transfers TRANSFER-1740928474680-938 7b2261737365744e616d65223a2270726f647563742d31222c227175616e74697479223a31302c22746172676574436861696e223a2272657461696c65722d636861696e222c22737461747573223a224c4f434b4544222c227472616e736665724964223a225452414e534645522d313734303932383437343638302d393338222c2274696d657374616d70223a313734303932383437343638312c226d65746164617461223a7b226e6f746573223a224d6f6e74686c7920736869706d656e74227d7d
2025-03-02 21:14:35.237	publish notifications TRANSFER-1740928474680-938 7b2274797065223a225452414e534645525f434f4d504c45544544222c227472616e736665724964223a225452414e534645522d313734303932383437343638302d393338222c22746172676574436861696e223a2272657461696c65722d636861696e222c22737461747573223a22434f4d504c45544544222c2274696d657374616d70223a313734303932383437353133317d
2025-03-02 21:22:46.215	liststreams distributor_transactions
2025-03-02 21:22:46.324	liststreams merkle_roots
2025-03-02 21:22:46.431	liststreams transaction_proofs
2025-03-02 21:22:46.538	liststreams asset_transfers
2025-03-02 21:22:46.646	liststreams asset_receipts
2025-03-02 21:22:46.754	liststreams notifications
2025-03-02 21:23:27.175	liststreamkeyitems distributor_transactions PROD-123
2025-03-02 21:23:27.394	getinfo
2025-03-02 21:23:27.501	getpeerinfo
2025-03-02 21:23:27.609	getinfo
2025-03-02 21:23:27.716	getpeerinfo
2025-03-02 21:23:27.823	getinfo
2025-03-02 21:23:27.930	getpeerinfo
2025-03-02 21:23:29.329	getblockcount
2025-03-02 21:23:29.436	getmempoolinfo
2025-03-02 21:23:29.543	liststreams
2025-03-02 21:23:29.651	listassets
2025-03-02 21:23:30.728	liststreamkeyitems distributor_transactions PROD-123
2025-03-02 21:23:31.080	getblock 12345abc 1
2025-03-02 21:23:31.192	getblock 12345abc 1
2025-03-02 21:23:31.301	getblock 12345abc 1
2025-03-02 21:23:31.416	publish distributor_transactions PROD-123 7b227472616e73616374696f6e4964223a22444953542d54584e2d313734303932393031313330382d34313430222c227472616e73616374696f6e54797065223a22534849504d454e54222c2270726f647563744964223a2250524f442d313233222c227175616e74697479223a31302c2272656c61746564456e74697479223a2252455441494c4552222c2274696d657374616d70223a313734303932393031313330382c22737461747573223a2250454e44494e47222c226164646974696f6e616c44617461223a7b226e6f746573223a22457870726573732064656c6976657279227d7d
2025-03-02 21:23:31.645	publish distributor_transactions PROD-1 7b227472616e73616374696f6e4964223a22444953542d54584e2d313734303932393031313533362d38353138222c2270726f647563744964223a2250524f442d31222c227472616e73616374696f6e54797065223a2252454345495645222c227175616e74697479223a3130302c2274696d657374616d70223a313734303932393031313533367d
2025-03-02 21:23:31.752	publish distributor_transactions PROD-2 7b227472616e73616374696f6e4964223a22444953542d54584e2d313734303932393031313634362d34363530222c2270726f647563744964223a2250524f442d32222c227472616e73616374696f6e54797065223a2253484950222c227175616e74697479223a35302c2274696d657374616d70223a313734303932393031313634367d
2025-03-02 21:23:31.866	publish asset_transfers TRANSFER-1740929011757-3837 7b2261737365744e616d65223a2270726f647563742d31222c227175616e74697479223a31302c22746172676574436861696e223a2272657461696c65722d636861696e222c22737461747573223a224c4f434b4544222c227472616e736665724964223a225452414e534645522d313734303932393031313735372d33383337222c2274696d657374616d70223a313734303932393031313735372c226d65746164617461223a7b226e6f746573223a224d6f6e74686c7920736869706d656e74227d7d
2025-03-02 21:23:32.304	publish notifications TRANSFER-1740929011757-3837 7b2274797065223a225452414e534645525f434f4d504c45544544222c227472616e736665724964223a225452414e534645522d313734303932393031313735372d33383337222c22746172676574436861696e223a2272657461696c65722d636861696e222c22737461747573223a22434f4d504c45544544222c2274696d657374616d70223a313734303932393031323139387d
2025-03-02 21:23:32.418	getblockcount
2025-03-02 21:23:32.525	getblockhash 54
2025-03-02 21:23:32.632	getblock 0085425988607e457721934c03595bcafc518967d214194f8a9db68bb30c86c3 1
2025-03-02 21:23:32.848	getblockhash 55
2025-03-02 21:23:32.955	getblock 00b117398b6ee0bcc1e0d1a1ef16a290310afcb1f9e92b52c6aa8c560993f055 1
2025-03-02 21:23:33.169	getblockhash 56
2025-03-02 21:23:33.276	getblock 0093295175781365b31a2485457c5c81bf37f0fc7bc6ba89812372c686ce3640 1
2025-03-02 21:23:33.494	getblockhash 57
2025-03-02 21:23:33.601	getblock 0033fc2e9f3eb1a1968bf316cbc1b6f79e242c5f5d81720b0412cbebd5ae1133 1
2025-03-02 21:23:33.816	getblockhash 58
2025-03-02 21:23:33.923	getblock 00216c7e6fdadb3a19f756f87a514d8cd9e975ebfc0274fd20410fa846afd6fd 1
2025-03-02 21:23:34.138	getblockhash 59
2025-03-02 21:23:34.245	getblock 00cb905d5c95900410bd24df2338a0b4698d126fcc09a92a01dc49b8b31927af 1
2025-03-02 21:23:34.459	getblockhash 60
2025-03-02 21:23:34.566	getblock 00902701c0ad597b17212f05426963680a3db08fa21e621b54b99c15e74c741e 1
2025-03-02 21:23:34.780	getblockhash 61
2025-03-02 21:23:34.887	getblock 007d6b2c6d7752f2165bbd6861987628064e45ba32dde9729169ad680567bc6a 1
2025-03-02 21:23:35.102	getblockhash 62
2025-03-02 21:23:35.210	getblock 006cfb4e5eca7e80d1f6a944cba4dc24984a04eb32aa5bbf82e6c71136002e2b 1
2025-03-02 21:23:35.435	getblockhash 63
2025-03-02 21:23:35.542	getblock 00678bcd527c91fb29aeb20b72e9b1b10d822d0a352d2b2744e87ce3237a7d97 1
2025-03-02 21:23:35.757	getblockhash 64
2025-03-02 21:23:35.864	getblock 00e81d124edc05aea77006f6440ce8173f5c94a42bc40684b5bc26e52fca2b58 1
2025-03-02 21:23:39.739	getblockcount
2025-03-02 21:23:39.846	getblockhash 54
2025-03-02 21:23:39.954	getblock 0085425988607e457721934c03595bcafc518967d214194f8a9db68bb30c86c3 1
2025-03-02 21:23:40.169	getblockhash 55
2025-03-02 21:23:40.276	getblock 00b117398b6ee0bcc1e0d1a1ef16a290310afcb1f9e92b52c6aa8c560993f055 1
2025-03-02 21:23:40.492	getblockhash 56
2025-03-02 21:23:40.600	getblock 0093295175781365b31a2485457c5c81bf37f0fc7bc6ba89812372c686ce3640 1
2025-03-02 21:23:40.639	liststreams distributor_transactions
2025-03-02 21:23:40.746	liststreams merkle_roots
2025-03-02 21:23:40.817	getblockhash 57
2025-03-02 21:23:40.854	liststreams transaction_proofs
2025-03-02 21:23:40.924	getblock 0033fc2e9f3eb1a1968bf316cbc1b6f79e242c5f5d81720b0412cbebd5ae1133 1
2025-03-02 21:23:40.961	liststreams asset_transfers
2025-03-02 21:23:41.069	liststreams asset_receipts
2025-03-02 21:23:41.140	getblockhash 58
2025-03-02 21:23:41.176	liststreams notifications
2025-03-02 21:23:41.247	getblock 00216c7e6fdadb3a19f756f87a514d8cd9e975ebfc0274fd20410fa846afd6fd 1
2025-03-02 21:23:41.464	getblockhash 59
2025-03-02 21:23:41.571	getblock 00cb905d5c95900410bd24df2338a0b4698d126fcc09a92a01dc49b8b31927af 1
2025-03-02 21:23:41.786	getblockhash 60
2025-03-02 21:23:41.893	getblock 00902701c0ad597b17212f05426963680a3db08fa21e621b54b99c15e74c741e 1
2025-03-02 21:23:42.108	getblockhash 61
2025-03-02 21:23:42.215	getblock 007d6b2c6d7752f2165bbd6861987628064e45ba32dde9729169ad680567bc6a 1
2025-03-02 21:23:42.430	getblockhash 62
2025-03-02 21:23:42.537	getblock 006cfb4e5eca7e80d1f6a944cba4dc24984a04eb32aa5bbf82e6c71136002e2b 1
2025-03-02 21:23:42.753	getblockhash 63
2025-03-02 21:23:42.861	getblock 00678bcd527c91fb29aeb20b72e9b1b10d822d0a352d2b2744e87ce3237a7d97 1
2025-03-02 21:23:43.077	getblockhash 64
2025-03-02 21:23:43.184	getblock 00e81d124edc05aea77006f6440ce8173f5c94a42bc40684b5bc26e52fca2b58 1
2025-03-02 21:32:40.754	create stream distributor_transactions '{"restrict":"write"}'
2025-03-02 21:32:40.864	create stream distributor_transactions '{"restrict":"write"}'
2025-03-02 21:32:40.973	create stream distributor_transactions '{"restrict":"write"}'
2025-03-02 21:32:41.082	create stream merkle_roots '{"restrict":"write"}'
2025-03-02 21:32:41.191	create stream merkle_roots '{"restrict":"write"}'
2025-03-02 21:32:41.300	create stream merkle_roots '{"restrict":"write"}'
2025-03-02 21:32:41.409	create stream transaction_proofs '{"restrict":"write"}'
2025-03-02 21:32:41.518	create stream transaction_proofs '{"restrict":"write"}'
2025-03-02 21:32:41.627	create stream transaction_proofs '{"restrict":"write"}'
2025-03-02 21:32:41.736	create stream asset_transfers '{"restrict":"write"}'
2025-03-02 21:32:41.846	create stream asset_transfers '{"restrict":"write"}'
2025-03-02 21:32:41.954	create stream asset_transfers '{"restrict":"write"}'
2025-03-02 21:32:42.063	create stream asset_receipts '{"restrict":"write"}'
2025-03-02 21:32:42.173	create stream asset_receipts '{"restrict":"write"}'
2025-03-02 21:32:42.281	create stream asset_receipts '{"restrict":"write"}'
2025-03-02 21:32:42.391	create stream notifications '{"restrict":"write"}'
2025-03-02 21:32:42.500	create stream notifications '{"restrict":"write"}'
2025-03-02 21:32:42.608	create stream notifications '{"restrict":"write"}'
2025-03-02 21:32:58.730	liststreamkeyitems distributor_transactions PROD-123
2025-03-02 21:32:58.949	getinfo
2025-03-02 21:32:59.057	getpeerinfo
2025-03-02 21:32:59.165	getinfo
2025-03-02 21:32:59.272	getpeerinfo
2025-03-02 21:32:59.380	getinfo
2025-03-02 21:32:59.487	getpeerinfo
2025-03-02 21:33:00.888	getblockcount
2025-03-02 21:33:00.995	getmempoolinfo
2025-03-02 21:33:01.102	liststreams
2025-03-02 21:33:01.210	listassets
2025-03-02 21:33:02.300	liststreamkeyitems distributor_transactions PROD-123
2025-03-02 21:33:02.642	getblock 12345abc 1
2025-03-02 21:33:02.751	getblock 12345abc 1
2025-03-02 21:33:02.861	getblock 12345abc 1
2025-03-02 21:33:02.975	publish distributor_transactions PROD-123 7b227472616e73616374696f6e4964223a22444953542d54584e2d313734303932393538323836392d33393135222c227472616e73616374696f6e54797065223a22534849504d454e54222c2270726f647563744964223a2250524f442d313233222c227175616e74697479223a31302c2272656c61746564456e74697479223a2252455441494c4552222c2274696d657374616d70223a313734303932393538323836392c22737461747573223a2250454e44494e47222c226164646974696f6e616c44617461223a7b226e6f746573223a22457870726573732064656c6976657279227d7d
2025-03-02 21:33:03.203	publish distributor_transactions PROD-1 7b227472616e73616374696f6e4964223a22444953542d54584e2d313734303932393538333039362d39373832222c2270726f647563744964223a2250524f442d31222c227472616e73616374696f6e54797065223a2252454345495645222c227175616e74697479223a3130302c2274696d657374616d70223a313734303932393538333039367d
2025-03-02 21:33:03.311	publish distributor_transactions PROD-2 7b227472616e73616374696f6e4964223a22444953542d54584e2d313734303932393538333230352d363238222c2270726f647563744964223a2250524f442d32222c227472616e73616374696f6e54797065223a2253484950222c227175616e74697479223a35302c2274696d657374616d70223a313734303932393538333230357d
2025-03-02 21:33:03.423	publish asset_transfers TRANSFER-1740929583316-1896 7b2261737365744e616d65223a2270726f647563742d31222c227175616e74697479223a31302c22746172676574436861696e223a2272657461696c65722d636861696e222c22737461747573223a224c4f434b4544222c227472616e736665724964223a225452414e534645522d313734303932393538333331362d31383936222c2274696d657374616d70223a313734303932393538333331362c226d65746164617461223a7b226e6f746573223a224d6f6e74686c7920736869706d656e74227d7d
2025-03-02 21:33:03.861	publish notifications TRANSFER-1740929583316-1896 7b2274797065223a225452414e534645525f434f4d504c45544544222c227472616e736665724964223a225452414e534645522d313734303932393538333331362d31383936222c22746172676574436861696e223a2272657461696c65722d636861696e222c22737461747573223a22434f4d504c45544544222c2274696d657374616d70223a313734303932393538333735357d
2025-03-02 21:33:03.975	getblockcount
2025-03-02 21:33:04.081	getblockhash 65
2025-03-02 21:33:04.188	getblock 0086ae54aa89a75d25a59feb191ed107ba7e6f1c88a248f389ce15700de4f2a7 1
2025-03-02 21:33:04.403	getblockhash 66
2025-03-02 21:33:04.510	getblock 0097ffe0e028d275ea26413015eace8782c1c46ab7a197be2dec8fd7f868048d 1
2025-03-02 21:33:04.725	getblockhash 67
2025-03-02 21:33:04.832	getblock 0024f5077bb77e08939539fef0570836be8e55dc1797e30c06c13695cdc8b517 1
2025-03-02 21:33:05.047	getblockhash 68
2025-03-02 21:33:05.154	getblock 005e9cff478794851d394ad7ed59c8947d35e10f69578090645efc508d5801b3 1
2025-03-02 21:33:05.377	getblockhash 69
2025-03-02 21:33:05.485	getblock 003b9d92373caed2d3ab31723b97288b04954cbacbffba043db2359f55545008 1
2025-03-02 21:33:05.699	getblockhash 70
2025-03-02 21:33:05.807	getblock 006c634a91dc158510f156d5b6e5b5bd18bbaf2fc0e0d68ddd0360974e058974 1
2025-03-02 21:33:06.022	getblockhash 71
2025-03-02 21:33:06.129	getblock 0074b20bab4a7dfe1cc5a9ebaba153c65f19856405ad89a08a4cbce0446a7a95 1
2025-03-02 21:33:06.344	getblockhash 72
2025-03-02 21:33:06.452	getblock 0097216dd81d1643a534df4d2512bc54774b1005de1602f18069b32201066d2a 1
2025-03-02 21:33:06.695	getblockhash 73
2025-03-02 21:33:06.801	getblock 001160f956e934b49fd373a6bf23ee595b5843c0ee0d3a933570bf609fec0cf8 1
2025-03-02 21:33:07.016	getblockhash 74
2025-03-02 21:33:07.123	getblock 00837d79cf60c23496b362fd7da0e26fc909aa3c7e9bc58b1a0206756f296ee5 1
2025-03-02 21:33:07.338	getblockhash 75
2025-03-02 21:33:07.446	getblock 00ad0bedad71667760c47b840799e0b54f5348dcc7d79ef2aeb00b280f2e1465 1
2025-03-02 21:33:11.351	getblockcount
2025-03-02 21:33:11.459	getblockhash 65
2025-03-02 21:33:11.566	getblock 0086ae54aa89a75d25a59feb191ed107ba7e6f1c88a248f389ce15700de4f2a7 1
2025-03-02 21:33:11.781	getblockhash 66
2025-03-02 21:33:11.889	getblock 0097ffe0e028d275ea26413015eace8782c1c46ab7a197be2dec8fd7f868048d 1
2025-03-02 21:33:11.914	create stream distributor_transactions '{"restrict":"write"}'
2025-03-02 21:33:12.022	create stream distributor_transactions '{"restrict":"write"}'
2025-03-02 21:33:12.105	getblockhash 67
2025-03-02 21:33:12.131	create stream distributor_transactions '{"restrict":"write"}'
2025-03-02 21:33:12.213	getblock 0024f5077bb77e08939539fef0570836be8e55dc1797e30c06c13695cdc8b517 1
2025-03-02 21:33:12.241	create stream merkle_roots '{"restrict":"write"}'
2025-03-02 21:33:12.350	create stream merkle_roots '{"restrict":"write"}'
2025-03-02 21:33:12.428	getblockhash 68
2025-03-02 21:33:12.459	create stream merkle_roots '{"restrict":"write"}'
2025-03-02 21:33:12.536	getblock 005e9cff478794851d394ad7ed59c8947d35e10f69578090645efc508d5801b3 1
2025-03-02 21:33:12.568	create stream transaction_proofs '{"restrict":"write"}'
2025-03-02 21:33:12.676	create stream transaction_proofs '{"restrict":"write"}'
2025-03-02 21:33:12.750	getblockhash 69
2025-03-02 21:33:12.786	create stream transaction_proofs '{"restrict":"write"}'
2025-03-02 21:33:12.857	getblock 003b9d92373caed2d3ab31723b97288b04954cbacbffba043db2359f55545008 1
2025-03-02 21:33:12.895	create stream asset_transfers '{"restrict":"write"}'
2025-03-02 21:33:13.005	create stream asset_transfers '{"restrict":"write"}'
2025-03-02 21:33:13.073	getblockhash 70
2025-03-02 21:33:13.115	create stream asset_transfers '{"restrict":"write"}'
2025-03-02 21:33:13.180	getblock 006c634a91dc158510f156d5b6e5b5bd18bbaf2fc0e0d68ddd0360974e058974 1
2025-03-02 21:33:13.224	create stream asset_receipts '{"restrict":"write"}'
2025-03-02 21:33:13.332	create stream asset_receipts '{"restrict":"write"}'
2025-03-02 21:33:13.396	getblockhash 71
2025-03-02 21:33:13.441	create stream asset_receipts '{"restrict":"write"}'
2025-03-02 21:33:13.503	getblock 0074b20bab4a7dfe1cc5a9ebaba153c65f19856405ad89a08a4cbce0446a7a95 1
2025-03-02 21:33:13.549	create stream notifications '{"restrict":"write"}'
2025-03-02 21:33:13.659	create stream notifications '{"restrict":"write"}'
2025-03-02 21:33:13.719	getblockhash 72
2025-03-02 21:33:13.769	create stream notifications '{"restrict":"write"}'
2025-03-02 21:33:13.826	getblock 0097216dd81d1643a534df4d2512bc54774b1005de1602f18069b32201066d2a 1
2025-03-02 21:33:14.042	getblockhash 73
2025-03-02 21:33:14.150	getblock 001160f956e934b49fd373a6bf23ee595b5843c0ee0d3a933570bf609fec0cf8 1
2025-03-02 21:33:14.365	getblockhash 74
2025-03-02 21:33:14.472	getblock 00837d79cf60c23496b362fd7da0e26fc909aa3c7e9bc58b1a0206756f296ee5 1
2025-03-02 21:33:14.688	getblockhash 75
2025-03-02 21:33:14.795	getblock 00ad0bedad71667760c47b840799e0b54f5348dcc7d79ef2aeb00b280f2e1465 1
2025-03-02 21:43:11.350	getblockcount
2025-03-02 21:43:11.457	getblockhash 76
2025-03-02 21:43:11.564	getblock 0010f8b68cfb4a0b6ef1e59b1361c0b317dc4af2cda4a9a7fbb870a69d86fafa 1
2025-03-02 21:43:11.779	getblockhash 77
2025-03-02 21:43:11.886	getblock 007ae42398f8413b0fb1251cf8b14da86675e5997c7e774ee0ffb28aa5e10b48 1
2025-03-02 21:43:12.100	getblockhash 78
2025-03-02 21:43:12.207	getblock 00c33d6817417743060da54d52deea6329bb7762fd74f5979d47b3afebed8aeb 1
2025-03-02 21:43:12.422	getblockhash 79
2025-03-02 21:43:12.529	getblock 00af38bf0e1bdf3ce767f95c924839245744c4b557323526315f81decf2e5ab5 1
2025-03-02 21:43:12.744	getblockhash 80
2025-03-02 21:43:12.851	getblock 00a52de58e1df9ffb29d1117776491c335d72d75873a1fe391be83a9707a2a66 1
2025-03-02 21:43:13.067	getblockhash 81
2025-03-02 21:43:13.174	getblock 0089826d8d4883ab887c0d055c8ba2139136b6a076f102a0795558f6cc2abbd8 1
2025-03-02 21:43:13.388	getblockhash 82
2025-03-02 21:43:13.495	getblock 0005cedd948b3fb1f66e6969cb9ec00a43d5ea929cbe87d3649568b6e7e3d778 1
2025-03-02 21:43:13.710	getblockhash 83
2025-03-02 21:43:13.819	getblock 009df102ddc703b8b56332c8c1bf52f4064a23c0838c6b83d9861fac2d38aacc 1
2025-03-02 21:43:14.033	getblockhash 84
2025-03-02 21:43:14.140	getblock 0053e628b8e663e6c55c75be0c4687e8bed80a218de3dc3a4228f39724afbb24 1
2025-03-02 21:43:14.355	getblockhash 85
2025-03-02 21:43:14.462	getblock 00a40061590a3a4bcafc29c77c5890f03d9fd980e81cd16df85b25b11eded0e4 1
2025-03-02 21:43:14.677	getblockhash 86
2025-03-02 21:43:14.784	getblock 004c6613cb5089ce93d19f9e599fd25fdb42ad045bd089fe886215e441778eed 1
2025-03-02 21:46:44.692	create stream distributor_transactions '{"restrict":"write"}'
2025-03-02 21:46:44.802	create stream distributor_transactions '{"restrict":"write"}'
2025-03-02 21:46:44.911	create stream distributor_transactions '{"restrict":"write"}'
2025-03-02 21:46:45.019	create stream merkle_roots '{"restrict":"write"}'
2025-03-02 21:46:45.128	create stream merkle_roots '{"restrict":"write"}'
2025-03-02 21:46:45.237	create stream merkle_roots '{"restrict":"write"}'
2025-03-02 21:46:45.347	create stream transaction_proofs '{"restrict":"write"}'
2025-03-02 21:46:45.456	create stream transaction_proofs '{"restrict":"write"}'
2025-03-02 21:46:45.564	create stream transaction_proofs '{"restrict":"write"}'
2025-03-02 21:46:45.674	create stream asset_transfers '{"restrict":"write"}'
2025-03-02 21:46:45.783	create stream asset_transfers '{"restrict":"write"}'
2025-03-02 21:46:45.892	create stream asset_transfers '{"restrict":"write"}'
2025-03-02 21:46:46.001	create stream asset_receipts '{"restrict":"write"}'
2025-03-02 21:46:46.111	create stream asset_receipts '{"restrict":"write"}'
2025-03-02 21:46:46.220	create stream asset_receipts '{"restrict":"write"}'
2025-03-02 21:46:46.330	create stream notifications '{"restrict":"write"}'
2025-03-02 21:46:46.439	create stream notifications '{"restrict":"write"}'
2025-03-02 21:46:46.548	create stream notifications '{"restrict":"write"}'
2025-03-02 21:46:53.642	liststreamkeyitems distributor_transactions PROD-123
2025-03-02 21:46:53.863	getinfo
2025-03-02 21:46:53.970	getpeerinfo
2025-03-02 21:46:54.077	getinfo
2025-03-02 21:46:54.184	getpeerinfo
2025-03-02 21:46:54.291	getinfo
2025-03-02 21:46:54.398	getpeerinfo
2025-03-02 21:46:55.799	getblockcount
2025-03-02 21:46:55.906	getmempoolinfo
2025-03-02 21:46:56.013	liststreams
2025-03-02 21:46:56.121	listassets
2025-03-02 21:46:57.199	liststreamkeyitems distributor_transactions PROD-123
2025-03-02 21:46:57.553	publish distributor_transactions PROD-123 7b227472616e73616374696f6e4964223a22444953542d54584e2d313734303933303431373434362d32363031222c227472616e73616374696f6e54797065223a22534849504d454e54222c2270726f647563744964223a2250524f442d313233222c227175616e74697479223a31302c2272656c61746564456e74697479223a2252455441494c4552222c2274696d657374616d70223a313734303933303431373434362c22737461747573223a2250454e44494e47222c226164646974696f6e616c44617461223a7b226e6f746573223a22457870726573732064656c6976657279227d7d
2025-03-02 21:46:57.783	publish distributor_transactions PROD-1 7b227472616e73616374696f6e4964223a22444953542d54584e2d313734303933303431373637342d33383334222c2270726f647563744964223a2250524f442d31222c227472616e73616374696f6e54797065223a2252454345495645222c227175616e74697479223a3130302c2274696d657374616d70223a313734303933303431373637347d
2025-03-02 21:46:57.891	publish distributor_transactions PROD-2 7b227472616e73616374696f6e4964223a22444953542d54584e2d313734303933303431373738352d33363139222c2270726f647563744964223a2250524f442d32222c227472616e73616374696f6e54797065223a2253484950222c227175616e74697479223a35302c2274696d657374616d70223a313734303933303431373738357d
2025-03-02 21:46:58.005	publish asset_transfers TRANSFER-1740930417896-2523 7b2261737365744e616d65223a2270726f647563742d31222c227175616e74697479223a31302c22746172676574436861696e223a2272657461696c65722d636861696e222c22737461747573223a224c4f434b4544222c227472616e736665724964223a225452414e534645522d313734303933303431373839362d32353233222c2274696d657374616d70223a313734303933303431373839362c226d65746164617461223a7b226e6f746573223a224d6f6e74686c7920736869706d656e74227d7d
2025-03-02 21:46:58.443	publish notifications TRANSFER-1740930417896-2523 7b2274797065223a225452414e534645525f434f4d504c45544544222c227472616e736665724964223a225452414e534645522d313734303933303431373839362d32353233222c22746172676574436861696e223a2272657461696c65722d636861696e222c22737461747573223a22434f4d504c45544544222c2274696d657374616d70223a313734303933303431383333377d
2025-03-02 21:46:58.557	getblockcount
2025-03-02 21:46:58.664	getblockhash 76
2025-03-02 21:46:58.771	getblock 0010f8b68cfb4a0b6ef1e59b1361c0b317dc4af2cda4a9a7fbb870a69d86fafa 1
2025-03-02 21:46:58.986	getblockhash 77
2025-03-02 21:46:59.093	getblock 007ae42398f8413b0fb1251cf8b14da86675e5997c7e774ee0ffb28aa5e10b48 1
2025-03-02 21:46:59.308	getblockhash 78
2025-03-02 21:46:59.415	getblock 00c33d6817417743060da54d52deea6329bb7762fd74f5979d47b3afebed8aeb 1
2025-03-02 21:46:59.629	getblockhash 79
2025-03-02 21:46:59.736	getblock 00af38bf0e1bdf3ce767f95c924839245744c4b557323526315f81decf2e5ab5 1
2025-03-02 21:46:59.951	getblockhash 80
2025-03-02 21:47:00.059	getblock 00a52de58e1df9ffb29d1117776491c335d72d75873a1fe391be83a9707a2a66 1
2025-03-02 21:47:00.276	getblockhash 81
2025-03-02 21:47:00.382	getblock 0089826d8d4883ab887c0d055c8ba2139136b6a076f102a0795558f6cc2abbd8 1
2025-03-02 21:47:00.597	getblockhash 82
2025-03-02 21:47:00.705	getblock 0005cedd948b3fb1f66e6969cb9ec00a43d5ea929cbe87d3649568b6e7e3d778 1
2025-03-02 21:47:00.920	getblockhash 83
2025-03-02 21:47:01.027	getblock 009df102ddc703b8b56332c8c1bf52f4064a23c0838c6b83d9861fac2d38aacc 1
2025-03-02 21:47:01.242	getblockhash 84
2025-03-02 21:47:01.351	getblock 0053e628b8e663e6c55c75be0c4687e8bed80a218de3dc3a4228f39724afbb24 1
2025-03-02 21:47:01.565	getblockhash 85
2025-03-02 21:47:01.672	getblock 00a40061590a3a4bcafc29c77c5890f03d9fd980e81cd16df85b25b11eded0e4 1
2025-03-02 21:47:01.887	getblockhash 86
2025-03-02 21:47:01.993	getblock 004c6613cb5089ce93d19f9e599fd25fdb42ad045bd089fe886215e441778eed 1
2025-03-02 21:47:05.873	getblockcount
2025-03-02 21:47:05.986	getblockhash 76
2025-03-02 21:47:06.096	getblock 0010f8b68cfb4a0b6ef1e59b1361c0b317dc4af2cda4a9a7fbb870a69d86fafa 1
2025-03-02 21:47:06.318	getblockhash 77
2025-03-02 21:47:06.427	getblock 007ae42398f8413b0fb1251cf8b14da86675e5997c7e774ee0ffb28aa5e10b48 1
2025-03-02 21:47:06.570	create stream distributor_transactions '{"restrict":"write"}'
2025-03-02 21:47:06.649	getblockhash 78
2025-03-02 21:47:06.683	create stream distributor_transactions '{"restrict":"write"}'
2025-03-02 21:47:06.757	getblock 00c33d6817417743060da54d52deea6329bb7762fd74f5979d47b3afebed8aeb 1
2025-03-02 21:47:06.793	create stream distributor_transactions '{"restrict":"write"}'
2025-03-02 21:47:06.905	create stream merkle_roots '{"restrict":"write"}'
2025-03-02 21:47:06.980	getblockhash 79
2025-03-02 21:47:07.017	create stream merkle_roots '{"restrict":"write"}'
2025-03-02 21:47:07.088	getblock 00af38bf0e1bdf3ce767f95c924839245744c4b557323526315f81decf2e5ab5 1
2025-03-02 21:47:07.127	create stream merkle_roots '{"restrict":"write"}'
2025-03-02 21:47:07.240	create stream transaction_proofs '{"restrict":"write"}'
2025-03-02 21:47:07.316	getblockhash 80
2025-03-02 21:47:07.353	create stream transaction_proofs '{"restrict":"write"}'
2025-03-02 21:47:07.430	getblock 00a52de58e1df9ffb29d1117776491c335d72d75873a1fe391be83a9707a2a66 1
2025-03-02 21:47:07.466	create stream transaction_proofs '{"restrict":"write"}'
2025-03-02 21:47:07.576	create stream asset_transfers '{"restrict":"write"}'
2025-03-02 21:47:07.650	getblockhash 81
2025-03-02 21:47:07.687	create stream asset_transfers '{"restrict":"write"}'
2025-03-02 21:47:07.760	getblock 0089826d8d4883ab887c0d055c8ba2139136b6a076f102a0795558f6cc2abbd8 1
2025-03-02 21:47:07.801	create stream asset_transfers '{"restrict":"write"}'
2025-03-02 21:47:07.913	create stream asset_receipts '{"restrict":"write"}'
2025-03-02 21:47:07.984	getblockhash 82
2025-03-02 21:47:08.021	create stream asset_receipts '{"restrict":"write"}'
2025-03-02 21:47:08.094	getblock 0005cedd948b3fb1f66e6969cb9ec00a43d5ea929cbe87d3649568b6e7e3d778 1
2025-03-02 21:47:08.134	create stream asset_receipts '{"restrict":"write"}'
2025-03-02 21:47:08.244	create stream notifications '{"restrict":"write"}'
2025-03-02 21:47:08.313	getblockhash 83
2025-03-02 21:47:08.354	create stream notifications '{"restrict":"write"}'
2025-03-02 21:47:08.421	getblock 009df102ddc703b8b56332c8c1bf52f4064a23c0838c6b83d9861fac2d38aacc 1
2025-03-02 21:47:08.463	create stream notifications '{"restrict":"write"}'
2025-03-02 21:47:08.636	getblockhash 84
2025-03-02 21:47:08.744	getblock 0053e628b8e663e6c55c75be0c4687e8bed80a218de3dc3a4228f39724afbb24 1
2025-03-02 21:47:08.962	getblockhash 85
2025-03-02 21:47:09.070	getblock 00a40061590a3a4bcafc29c77c5890f03d9fd980e81cd16df85b25b11eded0e4 1
2025-03-02 21:47:09.286	getblockhash 86
2025-03-02 21:47:09.393	getblock 004c6613cb5089ce93d19f9e599fd25fdb42ad045bd089fe886215e441778eed 1
2025-03-02 21:47:25.149	liststreamkeyitems distributor_transactions PROD-123
2025-03-02 21:47:25.373	getinfo
2025-03-02 21:47:25.488	getpeerinfo
2025-03-02 21:47:25.599	getinfo
2025-03-02 21:47:25.706	getpeerinfo
2025-03-02 21:47:25.820	getinfo
2025-03-02 21:47:25.932	getpeerinfo
2025-03-02 21:47:27.347	getblockcount
2025-03-02 21:47:27.455	getmempoolinfo
2025-03-02 21:47:27.571	liststreams
2025-03-02 21:47:27.679	listassets
2025-03-02 21:47:28.757	liststreamkeyitems distributor_transactions PROD-123
2025-03-02 21:47:29.106	publish distributor_transactions PROD-123 7b227472616e73616374696f6e4964223a22444953542d54584e2d313734303933303434383939372d36303134222c227472616e73616374696f6e54797065223a22534849504d454e54222c2270726f647563744964223a2250524f442d313233222c227175616e74697479223a31302c2272656c61746564456e74697479223a2252455441494c4552222c2274696d657374616d70223a313734303933303434383939372c22737461747573223a2250454e44494e47222c226164646974696f6e616c44617461223a7b226e6f746573223a22457870726573732064656c6976657279227d7d
2025-03-02 21:47:29.335	publish distributor_transactions PROD-1 7b227472616e73616374696f6e4964223a22444953542d54584e2d313734303933303434393232362d33363431222c2270726f647563744964223a2250524f442d31222c227472616e73616374696f6e54797065223a2252454345495645222c227175616e74697479223a3130302c2274696d657374616d70223a313734303933303434393232367d
2025-03-02 21:47:29.443	publish distributor_transactions PROD-2 7b227472616e73616374696f6e4964223a22444953542d54584e2d313734303933303434393333372d32383038222c2270726f647563744964223a2250524f442d32222c227472616e73616374696f6e54797065223a2253484950222c227175616e74697479223a35302c2274696d657374616d70223a313734303933303434393333377d
2025-03-02 21:47:29.554	publish asset_transfers TRANSFER-1740930449448-1872 7b2261737365744e616d65223a2270726f647563742d31222c227175616e74697479223a31302c22746172676574436861696e223a2272657461696c65722d636861696e222c22737461747573223a224c4f434b4544222c227472616e736665724964223a225452414e534645522d313734303933303434393434382d31383732222c2274696d657374616d70223a313734303933303434393434382c226d65746164617461223a7b226e6f746573223a224d6f6e74686c7920736869706d656e74227d7d
2025-03-02 21:47:29.993	publish notifications TRANSFER-1740930449448-1872 7b2274797065223a225452414e534645525f434f4d504c45544544222c227472616e736665724964223a225452414e534645522d313734303933303434393434382d31383732222c22746172676574436861696e223a2272657461696c65722d636861696e222c22737461747573223a22434f4d504c45544544222c2274696d657374616d70223a313734303933303434393838377d
2025-03-02 21:47:30.106	getblockcount
2025-03-02 21:47:30.213	getblockhash 79
2025-03-02 21:47:30.320	getblock 00af38bf0e1bdf3ce767f95c924839245744c4b557323526315f81decf2e5ab5 1
2025-03-02 21:47:30.537	getblockhash 80
2025-03-02 21:47:30.644	getblock 00a52de58e1df9ffb29d1117776491c335d72d75873a1fe391be83a9707a2a66 1
2025-03-02 21:47:30.860	getblockhash 81
2025-03-02 21:47:30.967	getblock 0089826d8d4883ab887c0d055c8ba2139136b6a076f102a0795558f6cc2abbd8 1
2025-03-02 21:47:31.185	getblockhash 82
2025-03-02 21:47:31.293	getblock 0005cedd948b3fb1f66e6969cb9ec00a43d5ea929cbe87d3649568b6e7e3d778 1
2025-03-02 21:47:31.514	getblockhash 83
2025-03-02 21:47:31.622	getblock 009df102ddc703b8b56332c8c1bf52f4064a23c0838c6b83d9861fac2d38aacc 1
2025-03-02 21:47:31.846	getblockhash 84
2025-03-02 21:47:31.954	getblock 0053e628b8e663e6c55c75be0c4687e8bed80a218de3dc3a4228f39724afbb24 1
2025-03-02 21:47:32.174	getblockhash 85
2025-03-02 21:47:32.286	getblock 00a40061590a3a4bcafc29c77c5890f03d9fd980e81cd16df85b25b11eded0e4 1
2025-03-02 21:47:32.514	getblockhash 86
2025-03-02 21:47:32.622	getblock 004c6613cb5089ce93d19f9e599fd25fdb42ad045bd089fe886215e441778eed 1
2025-03-02 21:47:32.844	getblockhash 87
2025-03-02 21:47:32.953	getblock 00552138cd98270c861138cb4047c3b8dda45fe7e091c5628799d5a21e78edf7 1
2025-03-02 21:47:33.172	getblockhash 88
2025-03-02 21:47:33.282	getblock 00ef1d2f797a7d5efb9bbde1f997004930d347de99d63f3c227955570e16bc47 1
2025-03-02 21:47:33.497	getblockhash 89
2025-03-02 21:47:33.604	getblock 003f93a5ad04a73873b9787082a82531d44f0e89b071b98d33c471d2d2aabe4f 1
2025-03-02 21:47:37.553	getblockcount
2025-03-02 21:47:37.666	getblockhash 79
2025-03-02 21:47:37.786	getblock 00af38bf0e1bdf3ce767f95c924839245744c4b557323526315f81decf2e5ab5 1
2025-03-02 21:47:38.004	getblockhash 80
2025-03-02 21:47:38.111	getblock 00a52de58e1df9ffb29d1117776491c335d72d75873a1fe391be83a9707a2a66 1
2025-03-02 21:47:38.328	getblockhash 81
2025-03-02 21:47:38.364	create stream distributor_transactions '{"restrict":"write"}'
2025-03-02 21:47:38.438	getblock 0089826d8d4883ab887c0d055c8ba2139136b6a076f102a0795558f6cc2abbd8 1
2025-03-02 21:47:38.472	create stream distributor_transactions '{"restrict":"write"}'
2025-03-02 21:47:38.585	create stream distributor_transactions '{"restrict":"write"}'
2025-03-02 21:47:38.665	getblockhash 82
2025-03-02 21:47:38.699	create stream merkle_roots '{"restrict":"write"}'
2025-03-02 21:47:38.773	getblock 0005cedd948b3fb1f66e6969cb9ec00a43d5ea929cbe87d3649568b6e7e3d778 1
2025-03-02 21:47:38.808	create stream merkle_roots '{"restrict":"write"}'
2025-03-02 21:47:38.918	create stream merkle_roots '{"restrict":"write"}'
2025-03-02 21:47:38.989	getblockhash 83
2025-03-02 21:47:39.031	create stream transaction_proofs '{"restrict":"write"}'
2025-03-02 21:47:39.101	getblock 009df102ddc703b8b56332c8c1bf52f4064a23c0838c6b83d9861fac2d38aacc 1
2025-03-02 21:47:39.139	create stream transaction_proofs '{"restrict":"write"}'
2025-03-02 21:47:39.252	create stream transaction_proofs '{"restrict":"write"}'
2025-03-02 21:47:39.322	getblockhash 84
2025-03-02 21:47:39.362	create stream asset_transfers '{"restrict":"write"}'
2025-03-02 21:47:39.436	getblock 0053e628b8e663e6c55c75be0c4687e8bed80a218de3dc3a4228f39724afbb24 1
2025-03-02 21:47:39.473	create stream asset_transfers '{"restrict":"write"}'
2025-03-02 21:47:39.590	create stream asset_transfers '{"restrict":"write"}'
2025-03-02 21:47:39.655	getblockhash 85
2025-03-02 21:47:39.709	create stream asset_receipts '{"restrict":"write"}'
2025-03-02 21:47:39.764	getblock 00a40061590a3a4bcafc29c77c5890f03d9fd980e81cd16df85b25b11eded0e4 1
2025-03-02 21:47:39.820	create stream asset_receipts '{"restrict":"write"}'
2025-03-02 21:47:39.930	create stream asset_receipts '{"restrict":"write"}'
2025-03-02 21:47:40.002	getblockhash 86
2025-03-02 21:47:40.040	create stream notifications '{"restrict":"write"}'
2025-03-02 21:47:40.113	getblock 004c6613cb5089ce93d19f9e599fd25fdb42ad045bd089fe886215e441778eed 1
2025-03-02 21:47:40.150	create stream notifications '{"restrict":"write"}'
2025-03-02 21:47:40.261	create stream notifications '{"restrict":"write"}'
2025-03-02 21:47:40.329	getblockhash 87
2025-03-02 21:47:40.437	getblock 00552138cd98270c861138cb4047c3b8dda45fe7e091c5628799d5a21e78edf7 1
2025-03-02 21:47:40.653	getblockhash 88
2025-03-02 21:47:40.761	getblock 00ef1d2f797a7d5efb9bbde1f997004930d347de99d63f3c227955570e16bc47 1
2025-03-02 21:47:40.981	getblockhash 89
2025-03-02 21:47:41.089	getblock 003f93a5ad04a73873b9787082a82531d44f0e89b071b98d33c471d2d2aabe4f 1
2025-03-02 21:57:37.575	getblockcount
2025-03-02 21:57:37.683	getblockhash 90
2025-03-02 21:57:37.789	getblock 000b54d17fd921f4573d7ab9158bf7caff173f0ac3e72de594928f6019710f0c 1
2025-03-02 21:57:38.004	getblockhash 91
2025-03-02 21:57:38.111	getblock 00e2d545ceb97668651cd53ecb4d3a6abf760ef1583c1db735aed8e77039b21d 1
2025-03-02 21:57:38.326	getblockhash 92
2025-03-02 21:57:38.434	getblock 00dde5efffd68c19adc77b6bc460f911d10632bd71fad037e70119063cf966f3 1
2025-03-02 21:57:38.648	getblockhash 93
2025-03-02 21:57:38.755	getblock 005e81c294297cc20126cb0d07a27b40cbe0d0b80979de780478582197e18c3c 1
2025-03-02 21:57:38.970	getblockhash 94
2025-03-02 21:57:39.077	getblock 004b44ccf7f65b92666ba99fbe26cd612fd43705cdf198ce795fd28610e0aea0 1
2025-03-02 21:57:39.291	getblockhash 95
2025-03-02 21:57:39.398	getblock 004f80bb1f8c509271c46fefbc7a3ab59523b247bc28c943d339cba40d35d3cf 1
2025-03-02 21:57:39.614	getblockhash 96
2025-03-02 21:57:39.721	getblock 0078529263f06c776744933adad5cd2ae0c6ff75276fe9e5159d6b3ff7a6303c 1
2025-03-02 21:57:39.936	getblockhash 97
2025-03-02 21:57:40.043	getblock 00006ca5da406d72a70d07007a0fe911afa49cdff4477cdbbcce4743d2ec9661 1
2025-03-02 21:57:40.258	getblockhash 98
2025-03-02 21:57:40.366	getblock 003b4446a642370f6cf38ead9f72c193fd95c670d008dfbaa8878153e9c108f0 1
2025-03-02 21:57:40.581	getblockhash 99
2025-03-02 21:57:40.688	getblock 00893329a40ac039a7667ab5f8afa836a7e66d8100a1fe63823c29c6cc0f070d 1
2025-03-02 21:57:40.903	getblockhash 100
2025-03-02 21:57:41.010	getblock 00247e72f85247aaa7258a408b4e0c6d997804536751ff671de975969686352f 1
2025-03-02 22:07:37.597	getblockcount
2025-03-02 22:07:37.705	getblockhash 90
2025-03-02 22:07:37.812	getblock 000b54d17fd921f4573d7ab9158bf7caff173f0ac3e72de594928f6019710f0c 1
2025-03-02 22:07:38.042	getblockhash 91
2025-03-02 22:07:38.151	getblock 00e2d545ceb97668651cd53ecb4d3a6abf760ef1583c1db735aed8e77039b21d 1
2025-03-02 22:07:38.382	getblockhash 92
2025-03-02 22:07:38.489	getblock 00dde5efffd68c19adc77b6bc460f911d10632bd71fad037e70119063cf966f3 1
2025-03-02 22:07:38.706	getblockhash 93
2025-03-02 22:07:38.813	getblock 005e81c294297cc20126cb0d07a27b40cbe0d0b80979de780478582197e18c3c 1
2025-03-02 22:07:39.029	getblockhash 94
2025-03-02 22:07:39.136	getblock 004b44ccf7f65b92666ba99fbe26cd612fd43705cdf198ce795fd28610e0aea0 1
2025-03-02 22:07:39.351	getblockhash 95
2025-03-02 22:07:39.459	getblock 004f80bb1f8c509271c46fefbc7a3ab59523b247bc28c943d339cba40d35d3cf 1
2025-03-02 22:07:39.675	getblockhash 96
2025-03-02 22:07:39.782	getblock 0078529263f06c776744933adad5cd2ae0c6ff75276fe9e5159d6b3ff7a6303c 1
2025-03-02 22:07:39.997	getblockhash 97
2025-03-02 22:07:40.105	getblock 00006ca5da406d72a70d07007a0fe911afa49cdff4477cdbbcce4743d2ec9661 1
2025-03-02 22:07:40.320	getblockhash 98
2025-03-02 22:07:40.428	getblock 003b4446a642370f6cf38ead9f72c193fd95c670d008dfbaa8878153e9c108f0 1
2025-03-02 22:07:40.643	getblockhash 99
2025-03-02 22:07:40.750	getblock 00893329a40ac039a7667ab5f8afa836a7e66d8100a1fe63823c29c6cc0f070d 1
2025-03-02 22:07:40.966	getblockhash 100
2025-03-02 22:07:41.073	getblock 00247e72f85247aaa7258a408b4e0c6d997804536751ff671de975969686352f 1
2025-03-02 22:17:37.618	getblockcount
2025-03-02 22:17:37.732	getblockhash 90
2025-03-02 22:17:37.846	getblock 000b54d17fd921f4573d7ab9158bf7caff173f0ac3e72de594928f6019710f0c 1
2025-03-02 22:17:38.079	getblockhash 91
2025-03-02 22:17:38.192	getblock 00e2d545ceb97668651cd53ecb4d3a6abf760ef1583c1db735aed8e77039b21d 1
2025-03-02 22:17:38.419	getblockhash 92
2025-03-02 22:17:38.530	getblock 00dde5efffd68c19adc77b6bc460f911d10632bd71fad037e70119063cf966f3 1
2025-03-02 22:17:38.761	getblockhash 93
2025-03-02 22:17:38.876	getblock 005e81c294297cc20126cb0d07a27b40cbe0d0b80979de780478582197e18c3c 1
2025-03-02 22:17:39.107	getblockhash 94
2025-03-02 22:17:39.226	getblock 004b44ccf7f65b92666ba99fbe26cd612fd43705cdf198ce795fd28610e0aea0 1
2025-03-02 22:17:39.493	getblockhash 95
2025-03-02 22:17:39.608	getblock 004f80bb1f8c509271c46fefbc7a3ab59523b247bc28c943d339cba40d35d3cf 1
2025-03-02 22:17:39.827	getblockhash 96
2025-03-02 22:17:39.935	getblock 0078529263f06c776744933adad5cd2ae0c6ff75276fe9e5159d6b3ff7a6303c 1
2025-03-02 22:17:40.153	getblockhash 97
2025-03-02 22:17:40.263	getblock 00006ca5da406d72a70d07007a0fe911afa49cdff4477cdbbcce4743d2ec9661 1
2025-03-02 22:17:40.480	getblockhash 98
2025-03-02 22:17:40.589	getblock 003b4446a642370f6cf38ead9f72c193fd95c670d008dfbaa8878153e9c108f0 1
2025-03-02 22:17:40.809	getblockhash 99
2025-03-02 22:17:40.917	getblock 00893329a40ac039a7667ab5f8afa836a7e66d8100a1fe63823c29c6cc0f070d 1
2025-03-02 22:17:41.134	getblockhash 100
2025-03-02 22:17:41.243	getblock 00247e72f85247aaa7258a408b4e0c6d997804536751ff671de975969686352f 1
