2025-03-02 21:01:43.216	Initialized. Chain height: -1, Txs: 0
2025-03-02 21:01:43.224	Entity (00000101, 0000000000000000000000000000000000000000) added successfully
2025-03-02 21:01:43.224	Entity (00000201, 0000000000000000000000000000000000000000) added successfully
2025-03-02 21:01:43.224	Entity (00000102, 0000000000000000000000000000000000000000) added successfully
2025-03-02 21:01:43.224	Entity (00000202, 0000000000000000000000000000000000000000) added successfully
2025-03-02 21:01:43.224	Entity (0000010A, 0000000000000000000000000000000000000000) added successfully
2025-03-02 21:01:43.224	Entity (0000010B, 0000000000000000000000000000000000000000) added successfully
2025-03-02 21:01:43.224	Entity (0000010F, 0000000000000000000000000000000000000000) added successfully
2025-03-02 21:01:43.224	Entity (00000103, d327a845a04083fc90f40734b1451b65385765f5) added successfully
2025-03-02 21:01:43.224	Entity (00000203, d327a845a04083fc90f40734b1451b65385765f5) added successfully
2025-03-02 21:01:43.268	Entity (00000105, 0000000072a0c7d1e7baa9098304ef45e527381a) added successfully
2025-03-02 21:01:43.268	Entity (00000205, 0000000072a0c7d1e7baa9098304ef45e527381a) added successfully
2025-03-02 21:01:43.268	Entity (00000106, 0000000072a0c7d1e7baa9098304ef45e527381a) added successfully
2025-03-02 21:01:43.268	Entity (00000206, 0000000072a0c7d1e7baa9098304ef45e527381a) added successfully
2025-03-02 21:01:43.268	Entity (00000107, 0000000072a0c7d1e7baa9098304ef45e527381a) added successfully
2025-03-02 21:01:43.268	Entity (00000207, 0000000072a0c7d1e7baa9098304ef45e527381a) added successfully
2025-03-02 21:01:43.290	NewData 00000000000000000000014b0000000000000000000000000000000000000002, block 0, flags 00000000, import 0
2025-03-02 21:01:43.297	NewBlock 0, Txs: 1, Rows: 4
2025-03-02 21:01:44.046	NewBlock 1, Txs: 0, Rows: 0
2025-03-02 21:01:44.078	NewBlock 2, Txs: 0, Rows: 0
2025-03-02 21:01:44.810	NewData 00000000000000000000014b0000000000000000000000000000000000000002, block -1, flags 00000000, import 0
2025-03-02 21:01:44.810	NewData 00000000000000000000014b0000000000000000000000000000000000000002, block -1, flags 00000000, import 0
2025-03-02 21:01:44.810	NewData 00000000000000000000014b0000000000000000000000000000000000000002, block -1, flags 00000000, import 0
2025-03-02 21:01:50.431	NewData 00000000000000000000014b0000000000000000000000000000000000000002, block 3, flags 00000000, import 0
2025-03-02 21:01:50.431	NewData 00000000000000000000014b0000000000000000000000000000000000000002, block 3, flags 00000000, import 0
2025-03-02 21:01:50.431	NewData 00000000000000000000014b0000000000000000000000000000000000000002, block 3, flags 00000000, import 0
2025-03-02 21:01:50.435	NewBlock 3, Txs: 0, Rows: 5
2025-03-02 21:01:54.028	NewTx ac41cabc6276a355f5956d080549502d1ba633ea4e0ebecb867ac00b49ad81de, block -1, flags 00000004, import 0
2025-03-02 21:02:05.712	UpdateTx ac41cabc62, block 4, flags 00000004, import 0
2025-03-02 21:02:05.720	NewBlock 4, Txs: 1, Rows: 6
2025-03-02 21:02:20.188	NewBlock 5, Txs: 0, Rows: 0
2025-03-02 21:02:29.146	NewBlock 6, Txs: 0, Rows: 0
2025-03-02 21:02:42.214	NewBlock 7, Txs: 0, Rows: 0
2025-03-02 21:02:52.735	NewTx 671d03cb9a50993329f749f10c0639ac4dad999100d4e9debe825e05b20c7a27, block -1, flags 00000004, import 0
2025-03-02 21:02:52.835	NewTx 3ee88bbcf59b0ef1a4a49f2bc0118d8ed257197dc7115aa41c05e40245baa8a4, block -1, flags 00000004, import 0
2025-03-02 21:03:14.198	UpdateTx 671d03cb9a, block 8, flags 00000004, import 0
2025-03-02 21:03:14.198	UpdateTx 3ee88bbcf5, block 8, flags 00000004, import 0
2025-03-02 21:03:14.202	NewBlock 8, Txs: 2, Rows: 12
2025-03-02 21:03:28.600	NewBlock 9, Txs: 0, Rows: 0
2025-03-02 21:03:43.009	NewBlock 10, Txs: 0, Rows: 0
2025-03-02 21:03:56.119	NewBlock 11, Txs: 0, Rows: 0
2025-03-02 21:04:13.703	NewBlock 12, Txs: 0, Rows: 0
2025-03-02 21:04:33.788	NewBlock 13, Txs: 0, Rows: 0
2025-03-02 21:04:36.985	NewBlock 14, Txs: 0, Rows: 0
2025-03-02 21:05:01.234	NewBlock 15, Txs: 0, Rows: 0
2025-03-02 21:05:15.593	NewBlock 16, Txs: 0, Rows: 0
2025-03-02 21:05:26.549	NewBlock 17, Txs: 0, Rows: 0
2025-03-02 21:05:38.710	NewBlock 18, Txs: 0, Rows: 0
2025-03-02 21:05:54.174	NewBlock 19, Txs: 0, Rows: 0
2025-03-02 21:06:10.610	NewBlock 20, Txs: 0, Rows: 0
2025-03-02 21:06:30.486	NewBlock 21, Txs: 0, Rows: 0
2025-03-02 21:06:39.208	NewBlock 22, Txs: 0, Rows: 0
2025-03-02 21:06:54.774	NewBlock 23, Txs: 0, Rows: 0
2025-03-02 21:07:20.040	NewBlock 24, Txs: 0, Rows: 0
2025-03-02 21:07:35.604	NewBlock 25, Txs: 0, Rows: 0
2025-03-02 21:07:40.512	NewBlock 26, Txs: 0, Rows: 0
2025-03-02 21:08:00.374	NewBlock 27, Txs: 0, Rows: 0
2025-03-02 21:08:20.431	NewBlock 28, Txs: 0, Rows: 0
2025-03-02 21:08:29.097	NewBlock 29, Txs: 0, Rows: 0
2025-03-02 21:08:42.446	NewBlock 30, Txs: 0, Rows: 0
2025-03-02 21:08:59.283	NewBlock 31, Txs: 0, Rows: 0
2025-03-02 21:09:13.691	NewBlock 32, Txs: 0, Rows: 0
2025-03-02 21:09:30.981	NewBlock 33, Txs: 0, Rows: 0
2025-03-02 21:09:41.846	NewBlock 34, Txs: 0, Rows: 0
2025-03-02 21:09:57.738	NewBlock 35, Txs: 0, Rows: 0
2025-03-02 21:10:20.933	NewBlock 36, Txs: 0, Rows: 0
2025-03-02 21:10:29.164	NewBlock 37, Txs: 0, Rows: 0
2025-03-02 21:10:43.515	NewBlock 38, Txs: 0, Rows: 0
2025-03-02 21:11:00.291	NewBlock 39, Txs: 0, Rows: 0
2025-03-02 21:11:13.642	NewBlock 40, Txs: 0, Rows: 0
2025-03-02 21:11:31.210	NewBlock 41, Txs: 0, Rows: 0
2025-03-02 21:11:41.267	NewBlock 42, Txs: 0, Rows: 0
2025-03-02 21:11:59.041	NewBlock 43, Txs: 0, Rows: 0
2025-03-02 21:12:19.444	NewBlock 44, Txs: 0, Rows: 0
2025-03-02 21:12:29.602	NewBlock 45, Txs: 0, Rows: 0
2025-03-02 21:12:43.768	NewBlock 46, Txs: 0, Rows: 0
2025-03-02 21:12:56.173	NewData 00000000000000000000014b0000000000000000000000000000000000000002, block -1, flags 00000000, import 0
2025-03-02 21:12:57.375	NewData 00000000000000000000014b0000000000000000000000000000000000000002, block -1, flags 00000000, import 0
2025-03-02 21:12:58.577	NewData 00000000000000000000014b0000000000000000000000000000000000000002, block -1, flags 00000000, import 0
2025-03-02 21:12:59.780	NewData 00000000000000000000014b0000000000000000000000000000000000000002, block -1, flags 00000000, import 0
2025-03-02 21:13:00.982	NewData 00000000000000000000014b0000000000000000000000000000000000000002, block -1, flags 00000000, import 0
2025-03-02 21:13:10.342	NewData 00000000000000000000014b0000000000000000000000000000000000000002, block 47, flags 00000000, import 0
2025-03-02 21:13:10.342	NewData 00000000000000000000014b0000000000000000000000000000000000000002, block 47, flags 00000000, import 0
2025-03-02 21:13:10.342	NewData 00000000000000000000014b0000000000000000000000000000000000000002, block 47, flags 00000000, import 0
2025-03-02 21:13:10.342	NewData 00000000000000000000014b0000000000000000000000000000000000000002, block 47, flags 00000000, import 0
2025-03-02 21:13:10.342	NewData 00000000000000000000014b0000000000000000000000000000000000000002, block 47, flags 00000000, import 0
2025-03-02 21:13:10.347	NewBlock 47, Txs: 0, Rows: 7
2025-03-02 21:13:13.690	NewBlock 48, Txs: 0, Rows: 0
2025-03-02 21:13:27.951	NewBlock 49, Txs: 0, Rows: 0
2025-03-02 21:13:49.930	NewBlock 50, Txs: 0, Rows: 0
2025-03-02 21:14:02.199	NewBlock 51, Txs: 0, Rows: 0
2025-03-02 21:14:15.658	NewBlock 52, Txs: 0, Rows: 0
2025-03-02 21:14:32.024	NewBlock 53, Txs: 0, Rows: 0
2025-03-02 21:14:44.305	NewBlock 54, Txs: 0, Rows: 0
2025-03-02 21:14:57.168	NewBlock 55, Txs: 0, Rows: 0
2025-03-02 21:15:13.926	NewBlock 56, Txs: 0, Rows: 0
2025-03-02 21:15:31.385	NewBlock 57, Txs: 0, Rows: 0
2025-03-02 21:15:48.251	NewBlock 58, Txs: 0, Rows: 0
2025-03-02 21:16:00.971	NewBlock 59, Txs: 0, Rows: 0
2025-03-02 21:16:17.750	NewBlock 60, Txs: 0, Rows: 0
2025-03-02 21:16:35.138	NewBlock 61, Txs: 0, Rows: 0
2025-03-02 21:16:48.444	NewBlock 62, Txs: 0, Rows: 0
2025-03-02 21:17:03.906	NewBlock 63, Txs: 0, Rows: 0
2025-03-02 21:17:13.913	NewBlock 64, Txs: 0, Rows: 0
2025-03-02 21:23:46.035	NewBlock 65, Txs: 0, Rows: 0
2025-03-02 21:23:51.501	NewBlock 66, Txs: 0, Rows: 0
2025-03-02 21:23:55.542	NewBlock 67, Txs: 0, Rows: 0
2025-03-02 21:24:04.566	NewBlock 68, Txs: 0, Rows: 0
2025-03-02 21:24:11.322	NewBlock 69, Txs: 0, Rows: 0
2025-03-02 21:24:18.981	NewBlock 70, Txs: 0, Rows: 0
2025-03-02 21:24:23.114	NewBlock 71, Txs: 0, Rows: 0
2025-03-02 21:24:30.641	NewBlock 72, Txs: 0, Rows: 0
2025-03-02 21:24:34.165	NewBlock 73, Txs: 0, Rows: 0
2025-03-02 21:24:38.491	NewBlock 74, Txs: 0, Rows: 0
2025-03-02 21:24:49.625	NewBlock 75, Txs: 0, Rows: 0
2025-03-02 21:33:14.639	NewBlock 76, Txs: 0, Rows: 0
2025-03-02 21:33:18.979	NewBlock 77, Txs: 0, Rows: 0
2025-03-02 21:33:24.629	NewBlock 78, Txs: 0, Rows: 0
2025-03-02 21:33:36.733	NewBlock 79, Txs: 0, Rows: 0
2025-03-02 21:33:43.196	Rolled back to block 78 successfully
2025-03-02 21:33:43.230	NewBlock 79, Txs: 0, Rows: 0
2025-03-02 21:33:43.272	NewBlock 80, Txs: 0, Rows: 0
2025-03-02 21:33:53.536	NewBlock 81, Txs: 0, Rows: 0
2025-03-02 21:33:57.672	NewBlock 82, Txs: 0, Rows: 0
2025-03-02 21:34:03.183	NewBlock 83, Txs: 0, Rows: 0
2025-03-02 21:34:08.743	NewBlock 84, Txs: 0, Rows: 0
2025-03-02 21:34:14.564	NewBlock 85, Txs: 0, Rows: 0
2025-03-02 21:34:27.500	NewBlock 86, Txs: 0, Rows: 0
2025-03-02 21:34:43.868	NewBlock 87, Txs: 0, Rows: 0
2025-03-02 21:47:10.336	NewBlock 88, Txs: 0, Rows: 0
2025-03-02 21:47:13.489	NewBlock 89, Txs: 0, Rows: 0
2025-03-02 21:47:19.147	NewBlock 90, Txs: 0, Rows: 0
2025-03-02 21:47:32.505	NewBlock 91, Txs: 0, Rows: 0
2025-03-02 21:47:44.280	NewBlock 92, Txs: 0, Rows: 0
2025-03-02 21:47:49.921	NewBlock 93, Txs: 0, Rows: 0
2025-03-02 21:47:54.364	NewBlock 94, Txs: 0, Rows: 0
2025-03-02 21:47:59.908	NewBlock 95, Txs: 0, Rows: 0
2025-03-02 21:48:09.070	NewBlock 96, Txs: 0, Rows: 0
2025-03-02 21:48:14.411	NewBlock 97, Txs: 0, Rows: 0
2025-03-02 21:48:21.181	NewBlock 98, Txs: 0, Rows: 0
2025-03-02 21:48:25.530	NewBlock 99, Txs: 0, Rows: 0
2025-03-02 21:48:45.413	NewBlock 100, Txs: 0, Rows: 0
2025-03-02 21:49:09.061	NewBlock 101, Txs: 0, Rows: 0
