2025-03-02 21:01:42.834	Initialized: Admin count: 0, Miner count: 0, ledger rows: 1
2025-03-02 21:01:43.155	Initialized: Admin count: 0, Miner count: 0, ledger rows: 1
2025-03-02 21:01:43.268	Grant: (00000000-516aa90b-00000001-516aa90b) (0-4294967295, 1740927662), In consensus: 1, Admin count: 0, Miner count: 0
2025-03-02 21:01:43.268	Grant: (00000000-516aa90b-00000002-516aa90b) (0-4294967295, 1740927662), In consensus: 1, Admin count: 0, Miner count: 0
2025-03-02 21:01:43.268	Grant: (00000000-516aa90b-00000004-516aa90b) (0-4294967295, 1740927662), In consensus: 1, Admin count: 0, Miner count: 0
2025-03-02 21:01:43.268	Grant: (00000000-516aa90b-00000020-516aa90b) (0-4294967295, 1740927662), In consensus: 1, Admin count: 0, Miner count: 0
2025-03-02 21:01:43.268	Grant: (00000000-516aa90b-00000010-516aa90b) (0-4294967295, 1740927662), In consensus: 1, Admin count: 0, Miner count: 0
2025-03-02 21:01:43.268	Grant: (00000000-516aa90b-00002000-516aa90b) (0-4294967295, 1740927662), In consensus: 1, Admin count: 0, Miner count: 0
2025-03-02 21:01:43.268	Grant: (00000000-516aa90b-00000100-516aa90b) (0-4294967295, 1740927662), In consensus: 1, Admin count: 0, Miner count: 1
2025-03-02 21:01:43.268	Grant: (00000000-516aa90b-00001000-516aa90b) (0-4294967295, 1740927662), In consensus: 1, Admin count: 1, Miner count: 1
2025-03-02 21:01:43.268	Grant: (586cace5-00000000-00000001-516aa90b) (0-4294967295, 0), In consensus: 1, Admin count: 1, Miner count: 1
2025-03-02 21:01:43.268	Grant: (586cace5-516aa90b-00000008-516aa90b) (0-4294967295, 0), In consensus: 1, Admin count: 1, Miner count: 1
2025-03-02 21:01:43.268	Grant: (586cace5-516aa90b-00000080-516aa90b) (0-4294967295, 0), In consensus: 1, Admin count: 1, Miner count: 1
2025-03-02 21:01:43.268	Grant: (586cace5-516aa90b-00002000-516aa90b) (0-4294967295, 0), In consensus: 1, Admin count: 1, Miner count: 1
2025-03-02 21:01:43.268	Grant: (586cace5-516aa90b-00001000-516aa90b) (0-4294967295, 0), In consensus: 1, Admin count: 1, Miner count: 1
2025-03-02 21:01:43.275	Block commit:         0 (Hash: 2295ce37, Miner: 516aa90b), Admin count: 1, Miner count: 1, Ledger Rows: 16
2025-03-02 21:01:44.030	Block commit:         1 (Hash: fb8cc1c3, Miner: 516aa90b), Admin count: 1, Miner count: 1, Ledger Rows: 18
2025-03-02 21:01:44.065	Block commit:         2 (Hash: 65dd82dd, Miner: 516aa90b), Admin count: 1, Miner count: 1, Ledger Rows: 20
2025-03-02 21:01:44.809	Grant: (00000000-516aa90b-00000001-516aa90b) (0-4294967295, 1740927675), In consensus: 1, Admin count: 1, Miner count: 1
2025-03-02 21:01:44.809	Grant: (00000000-516aa90b-00000002-516aa90b) (0-4294967295, 1740927675), In consensus: 1, Admin count: 1, Miner count: 1
2025-03-02 21:01:44.809	Grant: (00000000-516aa90b-00000004-516aa90b) (0-4294967295, 1740927675), In consensus: 1, Admin count: 1, Miner count: 1
2025-03-02 21:01:44.809	Grant: (00000000-516aa90b-00000020-516aa90b) (0-4294967295, 1740927675), In consensus: 1, Admin count: 1, Miner count: 1
2025-03-02 21:01:44.809	Grant: (00000000-516aa90b-00000010-516aa90b) (0-4294967295, 1740927675), In consensus: 1, Admin count: 1, Miner count: 1
2025-03-02 21:01:44.809	Grant: (00000000-516aa90b-00001000-516aa90b) (0-4294967295, 1740927675), In consensus: 1, Admin count: 1, Miner count: 1
2025-03-02 21:01:44.809	Grant: (00000000-516aa90b-00000100-516aa90b) (0-4294967295, 1740927675), In consensus: 1, Admin count: 1, Miner count: 1
2025-03-02 21:01:44.810	Grant: (e24832e4-00000000-00000001-516aa90b) (0-4294967295, 0), In consensus: 1, Admin count: 1, Miner count: 1
2025-03-02 21:01:44.810	Grant: (e24832e4-516aa90b-00000008-516aa90b) (0-4294967295, 0), In consensus: 1, Admin count: 1, Miner count: 1
2025-03-02 21:01:44.810	Grant: (e24832e4-516aa90b-00000080-516aa90b) (0-4294967295, 0), In consensus: 1, Admin count: 1, Miner count: 1
2025-03-02 21:01:44.810	Grant: (e24832e4-516aa90b-00002000-516aa90b) (0-4294967295, 0), In consensus: 1, Admin count: 1, Miner count: 1
2025-03-02 21:01:44.810	Grant: (e24832e4-516aa90b-00001000-516aa90b) (0-4294967295, 0), In consensus: 1, Admin count: 1, Miner count: 1
2025-03-02 21:01:44.810	Grant: (a9e16f65-00000000-00000001-516aa90b) (0-4294967295, 0), In consensus: 1, Admin count: 1, Miner count: 1
2025-03-02 21:01:44.810	Grant: (a9e16f65-516aa90b-00000008-516aa90b) (0-4294967295, 0), In consensus: 1, Admin count: 1, Miner count: 1
2025-03-02 21:01:44.810	Grant: (a9e16f65-516aa90b-00000080-516aa90b) (0-4294967295, 0), In consensus: 1, Admin count: 1, Miner count: 1
2025-03-02 21:01:44.810	Grant: (a9e16f65-516aa90b-00002000-516aa90b) (0-4294967295, 0), In consensus: 1, Admin count: 1, Miner count: 1
2025-03-02 21:01:44.810	Grant: (a9e16f65-516aa90b-00001000-516aa90b) (0-4294967295, 0), In consensus: 1, Admin count: 1, Miner count: 1
2025-03-02 21:01:44.810	Grant: (b229d164-00000000-00000001-516aa90b) (0-4294967295, 0), In consensus: 1, Admin count: 1, Miner count: 1
2025-03-02 21:01:44.810	Grant: (b229d164-516aa90b-00000008-516aa90b) (0-4294967295, 0), In consensus: 1, Admin count: 1, Miner count: 1
2025-03-02 21:01:44.810	Grant: (b229d164-516aa90b-00000080-516aa90b) (0-4294967295, 0), In consensus: 1, Admin count: 1, Miner count: 1
2025-03-02 21:01:44.810	Grant: (b229d164-516aa90b-00002000-516aa90b) (0-4294967295, 0), In consensus: 1, Admin count: 1, Miner count: 1
2025-03-02 21:01:44.810	Grant: (b229d164-516aa90b-00001000-516aa90b) (0-4294967295, 0), In consensus: 1, Admin count: 1, Miner count: 1
2025-03-02 21:01:50.398	Mempool copy:         2, Admin count: 1, Miner count: 1, Ledger Rows: 42
2025-03-02 21:01:50.398	Grant: (00000000-516aa90b-00001000-516aa90b) (0-4294967295, 1740927675), In consensus: 1, Admin count: 1, Miner count: 1
2025-03-02 21:01:50.398	Grant: (00000000-516aa90b-00000100-516aa90b) (0-4294967295, 1740927675), In consensus: 1, Admin count: 1, Miner count: 1
2025-03-02 21:01:50.410	Mempool ramv:         2, Admin count: 1, Miner count: 1, Ledger Rows: 42
2025-03-02 21:01:50.410	Mempool copy:         2, Admin count: 1, Miner count: 1, Ledger Rows: 42
2025-03-02 21:01:50.410	Grant: (00000000-516aa90b-00001000-516aa90b) (0-4294967295, 1740927675), In consensus: 1, Admin count: 1, Miner count: 1
2025-03-02 21:01:50.410	Grant: (00000000-516aa90b-00000100-516aa90b) (0-4294967295, 1740927675), In consensus: 1, Admin count: 1, Miner count: 1
2025-03-02 21:01:50.413	Mempool ramv:         2, Admin count: 1, Miner count: 1, Ledger Rows: 42
2025-03-02 21:01:50.413	Mempool copy:         2, Admin count: 1, Miner count: 1, Ledger Rows: 42
2025-03-02 21:01:50.414	Mempool clr :         2, Admin count: 1, Miner count: 1, Ledger Rows: 20
2025-03-02 21:01:50.414	Mempool rstr:         2, Admin count: 1, Miner count: 1, Ledger Rows: 42
2025-03-02 21:01:50.414	Mempool clr :         2, Admin count: 1, Miner count: 1, Ledger Rows: 20
2025-03-02 21:01:50.414	Grant: (00000000-516aa90b-00000001-516aa90b) (0-4294967295, 1740927675), In consensus: 1, Admin count: 1, Miner count: 1
2025-03-02 21:01:50.414	Grant: (00000000-516aa90b-00000002-516aa90b) (0-4294967295, 1740927675), In consensus: 1, Admin count: 1, Miner count: 1
2025-03-02 21:01:50.414	Grant: (00000000-516aa90b-00000004-516aa90b) (0-4294967295, 1740927675), In consensus: 1, Admin count: 1, Miner count: 1
2025-03-02 21:01:50.414	Grant: (00000000-516aa90b-00000020-516aa90b) (0-4294967295, 1740927675), In consensus: 1, Admin count: 1, Miner count: 1
2025-03-02 21:01:50.414	Grant: (00000000-516aa90b-00000010-516aa90b) (0-4294967295, 1740927675), In consensus: 1, Admin count: 1, Miner count: 1
2025-03-02 21:01:50.414	Grant: (00000000-516aa90b-00001000-516aa90b) (0-4294967295, 1740927675), In consensus: 1, Admin count: 1, Miner count: 1
2025-03-02 21:01:50.414	Grant: (00000000-516aa90b-00000100-516aa90b) (0-4294967295, 1740927675), In consensus: 1, Admin count: 1, Miner count: 1
2025-03-02 21:01:50.414	Grant: (e24832e4-00000000-00000001-516aa90b) (0-4294967295, 0), In consensus: 1, Admin count: 1, Miner count: 1
2025-03-02 21:01:50.414	Grant: (e24832e4-516aa90b-00000008-516aa90b) (0-4294967295, 0), In consensus: 1, Admin count: 1, Miner count: 1
2025-03-02 21:01:50.414	Grant: (e24832e4-516aa90b-00000080-516aa90b) (0-4294967295, 0), In consensus: 1, Admin count: 1, Miner count: 1
2025-03-02 21:01:50.414	Grant: (e24832e4-516aa90b-00002000-516aa90b) (0-4294967295, 0), In consensus: 1, Admin count: 1, Miner count: 1
2025-03-02 21:01:50.414	Grant: (e24832e4-516aa90b-00001000-516aa90b) (0-4294967295, 0), In consensus: 1, Admin count: 1, Miner count: 1
2025-03-02 21:01:50.414	Grant: (a9e16f65-00000000-00000001-516aa90b) (0-4294967295, 0), In consensus: 1, Admin count: 1, Miner count: 1
2025-03-02 21:01:50.414	Grant: (a9e16f65-516aa90b-00000008-516aa90b) (0-4294967295, 0), In consensus: 1, Admin count: 1, Miner count: 1
2025-03-02 21:01:50.414	Grant: (a9e16f65-516aa90b-00000080-516aa90b) (0-4294967295, 0), In consensus: 1, Admin count: 1, Miner count: 1
2025-03-02 21:01:50.414	Grant: (a9e16f65-516aa90b-00002000-516aa90b) (0-4294967295, 0), In consensus: 1, Admin count: 1, Miner count: 1
2025-03-02 21:01:50.414	Grant: (a9e16f65-516aa90b-00001000-516aa90b) (0-4294967295, 0), In consensus: 1, Admin count: 1, Miner count: 1
2025-03-02 21:01:50.414	Grant: (b229d164-00000000-00000001-516aa90b) (0-4294967295, 0), In consensus: 1, Admin count: 1, Miner count: 1
2025-03-02 21:01:50.414	Grant: (b229d164-516aa90b-00000008-516aa90b) (0-4294967295, 0), In consensus: 1, Admin count: 1, Miner count: 1
2025-03-02 21:01:50.414	Grant: (b229d164-516aa90b-00000080-516aa90b) (0-4294967295, 0), In consensus: 1, Admin count: 1, Miner count: 1
2025-03-02 21:01:50.414	Grant: (b229d164-516aa90b-00002000-516aa90b) (0-4294967295, 0), In consensus: 1, Admin count: 1, Miner count: 1
2025-03-02 21:01:50.414	Grant: (b229d164-516aa90b-00001000-516aa90b) (0-4294967295, 0), In consensus: 1, Admin count: 1, Miner count: 1
2025-03-02 21:01:50.422	Block commit:         3 (Hash: 7a7c8a79, Miner: 516aa90b), Admin count: 1, Miner count: 1, Ledger Rows: 44
2025-03-02 21:01:54.028	Grant: (00000000-385765f5-00000001-516aa90b) (0-4294967295, 1740927713), In consensus: 1, Admin count: 1, Miner count: 1
2025-03-02 21:02:05.672	Mempool copy:         3, Admin count: 1, Miner count: 1, Ledger Rows: 45
2025-03-02 21:02:05.677	Mempool ramv:         3, Admin count: 1, Miner count: 1, Ledger Rows: 45
2025-03-02 21:02:05.678	Mempool copy:         3, Admin count: 1, Miner count: 1, Ledger Rows: 45
2025-03-02 21:02:05.683	Mempool ramv:         3, Admin count: 1, Miner count: 1, Ledger Rows: 45
2025-03-02 21:02:05.684	Mempool copy:         3, Admin count: 1, Miner count: 1, Ledger Rows: 45
2025-03-02 21:02:05.684	Mempool clr :         3, Admin count: 1, Miner count: 1, Ledger Rows: 44
2025-03-02 21:02:05.684	Mempool rstr:         3, Admin count: 1, Miner count: 1, Ledger Rows: 45
2025-03-02 21:02:05.684	Mempool clr :         3, Admin count: 1, Miner count: 1, Ledger Rows: 44
2025-03-02 21:02:05.684	Grant: (00000000-385765f5-00000001-516aa90b) (0-4294967295, 1740927713), In consensus: 1, Admin count: 1, Miner count: 1
2025-03-02 21:02:05.695	Block commit:         4 (Hash: b8f69578, Miner: 516aa90b), Admin count: 1, Miner count: 1, Ledger Rows: 47
2025-03-02 21:02:20.174	Block commit:         5 (Hash: 208b7a98, Miner: 516aa90b), Admin count: 1, Miner count: 1, Ledger Rows: 49
2025-03-02 21:02:26.585	Grant: (00000000-d63aa5be-00000001-516aa90b) (0-4294967295, 1740927746), In consensus: 1, Admin count: 1, Miner count: 1
2025-03-02 21:02:29.111	Mempool copy:         5, Admin count: 1, Miner count: 1, Ledger Rows: 50
2025-03-02 21:02:29.122	Mempool ramv:         5, Admin count: 1, Miner count: 1, Ledger Rows: 50
2025-03-02 21:02:29.122	Mempool copy:         5, Admin count: 1, Miner count: 1, Ledger Rows: 50
2025-03-02 21:02:29.126	Mempool ramv:         5, Admin count: 1, Miner count: 1, Ledger Rows: 50
2025-03-02 21:02:29.126	Mempool copy:         5, Admin count: 1, Miner count: 1, Ledger Rows: 50
2025-03-02 21:02:29.126	Mempool clr :         5, Admin count: 1, Miner count: 1, Ledger Rows: 49
2025-03-02 21:02:29.126	Mempool rstr:         5, Admin count: 1, Miner count: 1, Ledger Rows: 50
2025-03-02 21:02:29.126	Mempool clr :         5, Admin count: 1, Miner count: 1, Ledger Rows: 49
2025-03-02 21:02:29.126	Grant: (00000000-d63aa5be-00000001-516aa90b) (0-4294967295, 1740927746), In consensus: 1, Admin count: 1, Miner count: 1
2025-03-02 21:02:29.133	Block commit:         6 (Hash: f3d25ae4, Miner: 516aa90b), Admin count: 1, Miner count: 1, Ledger Rows: 52
2025-03-02 21:02:42.198	Block commit:         7 (Hash: 623bf783, Miner: 516aa90b), Admin count: 1, Miner count: 1, Ledger Rows: 54
2025-03-02 21:02:52.734	Grant: (00000000-385765f5-00000002-516aa90b) (0-4294967295, 1740927772), In consensus: 1, Admin count: 1, Miner count: 1
2025-03-02 21:02:52.734	Grant: (00000000-385765f5-00000004-516aa90b) (0-4294967295, 1740927772), In consensus: 1, Admin count: 1, Miner count: 1
2025-03-02 21:02:52.734	Grant: (00000000-385765f5-00000020-516aa90b) (0-4294967295, 1740927772), In consensus: 1, Admin count: 1, Miner count: 1
2025-03-02 21:02:52.835	Grant: (00000000-385765f5-00000100-516aa90b) (0-4294967295, 1740927772), In consensus: 1, Admin count: 1, Miner count: 2
2025-03-02 21:02:53.436	Grant: (00000000-d63aa5be-00000002-516aa90b) (0-4294967295, 1740927772), In consensus: 1, Admin count: 1, Miner count: 2
2025-03-02 21:02:53.436	Grant: (00000000-d63aa5be-00000004-516aa90b) (0-4294967295, 1740927772), In consensus: 1, Admin count: 1, Miner count: 2
2025-03-02 21:02:53.436	Grant: (00000000-d63aa5be-00000020-516aa90b) (0-4294967295, 1740927772), In consensus: 1, Admin count: 1, Miner count: 2
2025-03-02 21:02:53.536	Grant: (00000000-d63aa5be-00000100-516aa90b) (0-4294967295, 1740927773), In consensus: 1, Admin count: 1, Miner count: 3
2025-03-02 21:03:14.167	Mempool copy:         7, Admin count: 1, Miner count: 3, Ledger Rows: 62
2025-03-02 21:03:14.167	Grant: (00000000-385765f5-00000100-516aa90b) (0-4294967295, 1740927772), In consensus: 1, Admin count: 1, Miner count: 2
2025-03-02 21:03:14.167	Grant: (00000000-d63aa5be-00000100-516aa90b) (0-4294967295, 1740927773), In consensus: 1, Admin count: 1, Miner count: 3
2025-03-02 21:03:14.178	Mempool ramv:         7, Admin count: 1, Miner count: 3, Ledger Rows: 62
2025-03-02 21:03:14.178	Mempool copy:         7, Admin count: 1, Miner count: 3, Ledger Rows: 62
2025-03-02 21:03:14.178	Grant: (00000000-385765f5-00000100-516aa90b) (0-4294967295, 1740927772), In consensus: 1, Admin count: 1, Miner count: 2
2025-03-02 21:03:14.178	Grant: (00000000-d63aa5be-00000100-516aa90b) (0-4294967295, 1740927773), In consensus: 1, Admin count: 1, Miner count: 3
2025-03-02 21:03:14.182	Mempool ramv:         7, Admin count: 1, Miner count: 3, Ledger Rows: 62
2025-03-02 21:03:14.182	Mempool copy:         7, Admin count: 1, Miner count: 3, Ledger Rows: 62
2025-03-02 21:03:14.182	Mempool clr :         7, Admin count: 1, Miner count: 1, Ledger Rows: 54
2025-03-02 21:03:14.182	Mempool rstr:         7, Admin count: 1, Miner count: 3, Ledger Rows: 62
2025-03-02 21:03:14.182	Mempool clr :         7, Admin count: 1, Miner count: 1, Ledger Rows: 54
2025-03-02 21:03:14.182	Grant: (00000000-385765f5-00000002-516aa90b) (0-4294967295, 1740927772), In consensus: 1, Admin count: 1, Miner count: 1
2025-03-02 21:03:14.182	Grant: (00000000-385765f5-00000004-516aa90b) (0-4294967295, 1740927772), In consensus: 1, Admin count: 1, Miner count: 1
2025-03-02 21:03:14.182	Grant: (00000000-385765f5-00000020-516aa90b) (0-4294967295, 1740927772), In consensus: 1, Admin count: 1, Miner count: 1
2025-03-02 21:03:14.182	Grant: (00000000-385765f5-00000100-516aa90b) (0-4294967295, 1740927772), In consensus: 1, Admin count: 1, Miner count: 2
2025-03-02 21:03:14.182	Grant: (00000000-d63aa5be-00000002-516aa90b) (0-4294967295, 1740927772), In consensus: 1, Admin count: 1, Miner count: 2
2025-03-02 21:03:14.182	Grant: (00000000-d63aa5be-00000004-516aa90b) (0-4294967295, 1740927772), In consensus: 1, Admin count: 1, Miner count: 2
2025-03-02 21:03:14.182	Grant: (00000000-d63aa5be-00000020-516aa90b) (0-4294967295, 1740927772), In consensus: 1, Admin count: 1, Miner count: 2
2025-03-02 21:03:14.182	Grant: (00000000-d63aa5be-00000100-516aa90b) (0-4294967295, 1740927773), In consensus: 1, Admin count: 1, Miner count: 3
2025-03-02 21:03:14.189	Block commit:         8 (Hash: b7772e92, Miner: 516aa90b), Admin count: 1, Miner count: 3, Ledger Rows: 64
2025-03-02 21:03:28.587	Block commit:         9 (Hash: 747aebb7, Miner: 385765f5), Admin count: 1, Miner count: 3, Ledger Rows: 66
2025-03-02 21:03:42.995	Block commit:        10 (Hash: 6cdef00e, Miner: 385765f5), Admin count: 1, Miner count: 3, Ledger Rows: 68
2025-03-02 21:03:56.097	Block commit:        11 (Hash: a50a3db3, Miner: d63aa5be), Admin count: 1, Miner count: 3, Ledger Rows: 70
2025-03-02 21:04:13.680	Block commit:        12 (Hash: a0b38619, Miner: d63aa5be), Admin count: 1, Miner count: 3, Ledger Rows: 72
2025-03-02 21:04:33.763	Block commit:        13 (Hash: 5ed7093c, Miner: d63aa5be), Admin count: 1, Miner count: 3, Ledger Rows: 74
2025-03-02 21:04:36.971	Block commit:        14 (Hash: 1b1d04aa, Miner: 385765f5), Admin count: 1, Miner count: 3, Ledger Rows: 76
2025-03-02 21:05:01.221	Block commit:        15 (Hash: e7b8926c, Miner: 385765f5), Admin count: 1, Miner count: 3, Ledger Rows: 78
2025-03-02 21:05:15.581	Block commit:        16 (Hash: 44d46884, Miner: d63aa5be), Admin count: 1, Miner count: 3, Ledger Rows: 80
2025-03-02 21:05:26.537	Block commit:        17 (Hash: ac84a16a, Miner: d63aa5be), Admin count: 1, Miner count: 3, Ledger Rows: 82
2025-03-02 21:05:38.694	Block commit:        18 (Hash: 65b20553, Miner: d63aa5be), Admin count: 1, Miner count: 3, Ledger Rows: 84
2025-03-02 21:05:54.158	Block commit:        19 (Hash: 5ea3c3de, Miner: d63aa5be), Admin count: 1, Miner count: 3, Ledger Rows: 86
2025-03-02 21:06:10.596	Block commit:        20 (Hash: d1a8420e, Miner: 385765f5), Admin count: 1, Miner count: 3, Ledger Rows: 88
2025-03-02 21:06:30.471	Block commit:        21 (Hash: a8761669, Miner: 385765f5), Admin count: 1, Miner count: 3, Ledger Rows: 90
2025-03-02 21:06:39.196	Block commit:        22 (Hash: 1768f62b, Miner: d63aa5be), Admin count: 1, Miner count: 3, Ledger Rows: 92
2025-03-02 21:06:54.762	Block commit:        23 (Hash: df842eb8, Miner: 385765f5), Admin count: 1, Miner count: 3, Ledger Rows: 94
2025-03-02 21:07:20.029	Block commit:        24 (Hash: ae69b232, Miner: d63aa5be), Admin count: 1, Miner count: 3, Ledger Rows: 96
2025-03-02 21:07:35.592	Block commit:        25 (Hash: 9e209983, Miner: 385765f5), Admin count: 1, Miner count: 3, Ledger Rows: 98
2025-03-02 21:07:40.500	Block commit:        26 (Hash: 41c12874, Miner: 516aa90b), Admin count: 1, Miner count: 3, Ledger Rows: 100
2025-03-02 21:08:00.362	Block commit:        27 (Hash: 30e8f1ee, Miner: 516aa90b), Admin count: 1, Miner count: 3, Ledger Rows: 102
2025-03-02 21:08:20.419	Block commit:        28 (Hash: 71812878, Miner: 516aa90b), Admin count: 1, Miner count: 3, Ledger Rows: 104
2025-03-02 21:08:29.085	Block commit:        29 (Hash: 965e09ca, Miner: 516aa90b), Admin count: 1, Miner count: 3, Ledger Rows: 106
2025-03-02 21:08:42.433	Block commit:        30 (Hash: beb640c1, Miner: 516aa90b), Admin count: 1, Miner count: 3, Ledger Rows: 108
2025-03-02 21:08:59.270	Block commit:        31 (Hash: 87f59902, Miner: 385765f5), Admin count: 1, Miner count: 3, Ledger Rows: 110
2025-03-02 21:09:13.675	Block commit:        32 (Hash: 1859eeba, Miner: 385765f5), Admin count: 1, Miner count: 3, Ledger Rows: 112
2025-03-02 21:09:30.968	Block commit:        33 (Hash: 8f11a319, Miner: 516aa90b), Admin count: 1, Miner count: 3, Ledger Rows: 114
2025-03-02 21:09:41.832	Block commit:        34 (Hash: 9e41edc3, Miner: 516aa90b), Admin count: 1, Miner count: 3, Ledger Rows: 116
2025-03-02 21:09:57.725	Block commit:        35 (Hash: 641459e3, Miner: 385765f5), Admin count: 1, Miner count: 3, Ledger Rows: 118
2025-03-02 21:10:20.920	Block commit:        36 (Hash: 736cf2e2, Miner: 385765f5), Admin count: 1, Miner count: 3, Ledger Rows: 120
2025-03-02 21:10:29.150	Block commit:        37 (Hash: f29eeec7, Miner: 516aa90b), Admin count: 1, Miner count: 3, Ledger Rows: 122
2025-03-02 21:10:43.501	Block commit:        38 (Hash: 15886c88, Miner: 516aa90b), Admin count: 1, Miner count: 3, Ledger Rows: 124
2025-03-02 21:11:00.279	Block commit:        39 (Hash: f1004d1a, Miner: 516aa90b), Admin count: 1, Miner count: 3, Ledger Rows: 126
2025-03-02 21:11:13.629	Block commit:        40 (Hash: 0e7bf0f3, Miner: d63aa5be), Admin count: 1, Miner count: 3, Ledger Rows: 128
2025-03-02 21:11:31.198	Block commit:        41 (Hash: 7e530ede, Miner: d63aa5be), Admin count: 1, Miner count: 3, Ledger Rows: 130
2025-03-02 21:11:41.251	Block commit:        42 (Hash: 79b4a308, Miner: d63aa5be), Admin count: 1, Miner count: 3, Ledger Rows: 132
2025-03-02 21:11:59.027	Block commit:        43 (Hash: 4fb523f5, Miner: d63aa5be), Admin count: 1, Miner count: 3, Ledger Rows: 134
2025-03-02 21:12:19.419	Block commit:        44 (Hash: 12c1a3d3, Miner: 516aa90b), Admin count: 1, Miner count: 3, Ledger Rows: 136
2025-03-02 21:12:29.588	Block commit:        45 (Hash: e18a47c5, Miner: 516aa90b), Admin count: 1, Miner count: 3, Ledger Rows: 138
2025-03-02 21:12:43.753	Block commit:        46 (Hash: af3ec99c, Miner: 516aa90b), Admin count: 1, Miner count: 3, Ledger Rows: 140
2025-03-02 21:12:56.173	Grant: (fbc4ae4a-00000000-00000001-516aa90b) (0-4294967295, 0), In consensus: 1, Admin count: 1, Miner count: 3
2025-03-02 21:12:56.173	Grant: (fbc4ae4a-516aa90b-00000008-516aa90b) (0-4294967295, 0), In consensus: 1, Admin count: 1, Miner count: 3
2025-03-02 21:12:56.173	Grant: (fbc4ae4a-516aa90b-00000080-516aa90b) (0-4294967295, 0), In consensus: 1, Admin count: 1, Miner count: 3
2025-03-02 21:12:56.173	Grant: (fbc4ae4a-516aa90b-00002000-516aa90b) (0-4294967295, 0), In consensus: 1, Admin count: 1, Miner count: 3
2025-03-02 21:12:56.173	Grant: (fbc4ae4a-516aa90b-00001000-516aa90b) (0-4294967295, 0), In consensus: 1, Admin count: 1, Miner count: 3
2025-03-02 21:12:57.375	Grant: (d5e9a9ec-00000000-00000001-516aa90b) (0-4294967295, 0), In consensus: 1, Admin count: 1, Miner count: 3
2025-03-02 21:12:57.375	Grant: (d5e9a9ec-516aa90b-00000008-516aa90b) (0-4294967295, 0), In consensus: 1, Admin count: 1, Miner count: 3
2025-03-02 21:12:57.375	Grant: (d5e9a9ec-516aa90b-00000080-516aa90b) (0-4294967295, 0), In consensus: 1, Admin count: 1, Miner count: 3
2025-03-02 21:12:57.375	Grant: (d5e9a9ec-516aa90b-00002000-516aa90b) (0-4294967295, 0), In consensus: 1, Admin count: 1, Miner count: 3
2025-03-02 21:12:57.375	Grant: (d5e9a9ec-516aa90b-00001000-516aa90b) (0-4294967295, 0), In consensus: 1, Admin count: 1, Miner count: 3
2025-03-02 21:12:58.577	Grant: (00966f0d-00000000-00000001-516aa90b) (0-4294967295, 0), In consensus: 1, Admin count: 1, Miner count: 3
2025-03-02 21:12:58.577	Grant: (00966f0d-516aa90b-00000008-516aa90b) (0-4294967295, 0), In consensus: 1, Admin count: 1, Miner count: 3
2025-03-02 21:12:58.577	Grant: (00966f0d-516aa90b-00000080-516aa90b) (0-4294967295, 0), In consensus: 1, Admin count: 1, Miner count: 3
2025-03-02 21:12:58.577	Grant: (00966f0d-516aa90b-00002000-516aa90b) (0-4294967295, 0), In consensus: 1, Admin count: 1, Miner count: 3
2025-03-02 21:12:58.577	Grant: (00966f0d-516aa90b-00001000-516aa90b) (0-4294967295, 0), In consensus: 1, Admin count: 1, Miner count: 3
2025-03-02 21:12:59.780	Grant: (1be81a2a-00000000-00000001-516aa90b) (0-4294967295, 0), In consensus: 1, Admin count: 1, Miner count: 3
2025-03-02 21:12:59.780	Grant: (1be81a2a-516aa90b-00000008-516aa90b) (0-4294967295, 0), In consensus: 1, Admin count: 1, Miner count: 3
2025-03-02 21:12:59.780	Grant: (1be81a2a-516aa90b-00000080-516aa90b) (0-4294967295, 0), In consensus: 1, Admin count: 1, Miner count: 3
2025-03-02 21:12:59.780	Grant: (1be81a2a-516aa90b-00002000-516aa90b) (0-4294967295, 0), In consensus: 1, Admin count: 1, Miner count: 3
2025-03-02 21:12:59.780	Grant: (1be81a2a-516aa90b-00001000-516aa90b) (0-4294967295, 0), In consensus: 1, Admin count: 1, Miner count: 3
2025-03-02 21:13:00.982	Grant: (c19c2098-00000000-00000001-516aa90b) (0-4294967295, 0), In consensus: 1, Admin count: 1, Miner count: 3
2025-03-02 21:13:00.982	Grant: (c19c2098-516aa90b-00000008-516aa90b) (0-4294967295, 0), In consensus: 1, Admin count: 1, Miner count: 3
2025-03-02 21:13:00.982	Grant: (c19c2098-516aa90b-00000080-516aa90b) (0-4294967295, 0), In consensus: 1, Admin count: 1, Miner count: 3
2025-03-02 21:13:00.982	Grant: (c19c2098-516aa90b-00002000-516aa90b) (0-4294967295, 0), In consensus: 1, Admin count: 1, Miner count: 3
2025-03-02 21:13:00.982	Grant: (c19c2098-516aa90b-00001000-516aa90b) (0-4294967295, 0), In consensus: 1, Admin count: 1, Miner count: 3
2025-03-02 21:13:10.317	Mempool copy:        46, Admin count: 1, Miner count: 3, Ledger Rows: 165
2025-03-02 21:13:10.320	Mempool ramv:        46, Admin count: 1, Miner count: 3, Ledger Rows: 165
2025-03-02 21:13:10.321	Mempool copy:        46, Admin count: 1, Miner count: 3, Ledger Rows: 165
2025-03-02 21:13:10.324	Mempool ramv:        46, Admin count: 1, Miner count: 3, Ledger Rows: 165
2025-03-02 21:13:10.324	Mempool copy:        46, Admin count: 1, Miner count: 3, Ledger Rows: 165
2025-03-02 21:13:10.324	Mempool clr :        46, Admin count: 1, Miner count: 3, Ledger Rows: 140
2025-03-02 21:13:10.324	Mempool rstr:        46, Admin count: 1, Miner count: 3, Ledger Rows: 165
2025-03-02 21:13:10.324	Mempool clr :        46, Admin count: 1, Miner count: 3, Ledger Rows: 140
2025-03-02 21:13:10.324	Grant: (fbc4ae4a-00000000-00000001-516aa90b) (0-4294967295, 0), In consensus: 1, Admin count: 1, Miner count: 3
2025-03-02 21:13:10.324	Grant: (fbc4ae4a-516aa90b-00000008-516aa90b) (0-4294967295, 0), In consensus: 1, Admin count: 1, Miner count: 3
2025-03-02 21:13:10.324	Grant: (fbc4ae4a-516aa90b-00000080-516aa90b) (0-4294967295, 0), In consensus: 1, Admin count: 1, Miner count: 3
2025-03-02 21:13:10.324	Grant: (fbc4ae4a-516aa90b-00002000-516aa90b) (0-4294967295, 0), In consensus: 1, Admin count: 1, Miner count: 3
2025-03-02 21:13:10.324	Grant: (fbc4ae4a-516aa90b-00001000-516aa90b) (0-4294967295, 0), In consensus: 1, Admin count: 1, Miner count: 3
2025-03-02 21:13:10.324	Grant: (d5e9a9ec-00000000-00000001-516aa90b) (0-4294967295, 0), In consensus: 1, Admin count: 1, Miner count: 3
2025-03-02 21:13:10.324	Grant: (d5e9a9ec-516aa90b-00000008-516aa90b) (0-4294967295, 0), In consensus: 1, Admin count: 1, Miner count: 3
2025-03-02 21:13:10.324	Grant: (d5e9a9ec-516aa90b-00000080-516aa90b) (0-4294967295, 0), In consensus: 1, Admin count: 1, Miner count: 3
2025-03-02 21:13:10.324	Grant: (d5e9a9ec-516aa90b-00002000-516aa90b) (0-4294967295, 0), In consensus: 1, Admin count: 1, Miner count: 3
2025-03-02 21:13:10.324	Grant: (d5e9a9ec-516aa90b-00001000-516aa90b) (0-4294967295, 0), In consensus: 1, Admin count: 1, Miner count: 3
2025-03-02 21:13:10.324	Grant: (00966f0d-00000000-00000001-516aa90b) (0-4294967295, 0), In consensus: 1, Admin count: 1, Miner count: 3
2025-03-02 21:13:10.324	Grant: (00966f0d-516aa90b-00000008-516aa90b) (0-4294967295, 0), In consensus: 1, Admin count: 1, Miner count: 3
2025-03-02 21:13:10.324	Grant: (00966f0d-516aa90b-00000080-516aa90b) (0-4294967295, 0), In consensus: 1, Admin count: 1, Miner count: 3
2025-03-02 21:13:10.324	Grant: (00966f0d-516aa90b-00002000-516aa90b) (0-4294967295, 0), In consensus: 1, Admin count: 1, Miner count: 3
2025-03-02 21:13:10.324	Grant: (00966f0d-516aa90b-00001000-516aa90b) (0-4294967295, 0), In consensus: 1, Admin count: 1, Miner count: 3
2025-03-02 21:13:10.325	Grant: (1be81a2a-00000000-00000001-516aa90b) (0-4294967295, 0), In consensus: 1, Admin count: 1, Miner count: 3
2025-03-02 21:13:10.325	Grant: (1be81a2a-516aa90b-00000008-516aa90b) (0-4294967295, 0), In consensus: 1, Admin count: 1, Miner count: 3
2025-03-02 21:13:10.325	Grant: (1be81a2a-516aa90b-00000080-516aa90b) (0-4294967295, 0), In consensus: 1, Admin count: 1, Miner count: 3
2025-03-02 21:13:10.325	Grant: (1be81a2a-516aa90b-00002000-516aa90b) (0-4294967295, 0), In consensus: 1, Admin count: 1, Miner count: 3
2025-03-02 21:13:10.325	Grant: (1be81a2a-516aa90b-00001000-516aa90b) (0-4294967295, 0), In consensus: 1, Admin count: 1, Miner count: 3
2025-03-02 21:13:10.325	Grant: (c19c2098-00000000-00000001-516aa90b) (0-4294967295, 0), In consensus: 1, Admin count: 1, Miner count: 3
2025-03-02 21:13:10.325	Grant: (c19c2098-516aa90b-00000008-516aa90b) (0-4294967295, 0), In consensus: 1, Admin count: 1, Miner count: 3
2025-03-02 21:13:10.325	Grant: (c19c2098-516aa90b-00000080-516aa90b) (0-4294967295, 0), In consensus: 1, Admin count: 1, Miner count: 3
2025-03-02 21:13:10.325	Grant: (c19c2098-516aa90b-00002000-516aa90b) (0-4294967295, 0), In consensus: 1, Admin count: 1, Miner count: 3
2025-03-02 21:13:10.325	Grant: (c19c2098-516aa90b-00001000-516aa90b) (0-4294967295, 0), In consensus: 1, Admin count: 1, Miner count: 3
2025-03-02 21:13:10.333	Block commit:        47 (Hash: 48f6ede5, Miner: 516aa90b), Admin count: 1, Miner count: 3, Ledger Rows: 167
2025-03-02 21:13:13.677	Block commit:        48 (Hash: 54d5b891, Miner: d63aa5be), Admin count: 1, Miner count: 3, Ledger Rows: 169
2025-03-02 21:13:27.938	Block commit:        49 (Hash: b99bd4b4, Miner: 516aa90b), Admin count: 1, Miner count: 3, Ledger Rows: 171
2025-03-02 21:13:49.917	Block commit:        50 (Hash: 9c7495a7, Miner: d63aa5be), Admin count: 1, Miner count: 3, Ledger Rows: 173
2025-03-02 21:14:02.180	Block commit:        51 (Hash: fe29e412, Miner: d63aa5be), Admin count: 1, Miner count: 3, Ledger Rows: 175
2025-03-02 21:14:15.645	Block commit:        52 (Hash: 37160ae3, Miner: d63aa5be), Admin count: 1, Miner count: 3, Ledger Rows: 177
2025-03-02 21:14:32.011	Block commit:        53 (Hash: 6403171a, Miner: d63aa5be), Admin count: 1, Miner count: 3, Ledger Rows: 179
2025-03-02 21:14:44.276	Block commit:        54 (Hash: 0a02a4f8, Miner: d63aa5be), Admin count: 1, Miner count: 3, Ledger Rows: 181
2025-03-02 21:14:57.154	Block commit:        55 (Hash: 70a5ff66, Miner: 516aa90b), Admin count: 1, Miner count: 3, Ledger Rows: 183
2025-03-02 21:15:13.913	Block commit:        56 (Hash: bf3e70c7, Miner: d63aa5be), Admin count: 1, Miner count: 3, Ledger Rows: 185
2025-03-02 21:15:31.372	Block commit:        57 (Hash: 0163dcfa, Miner: 516aa90b), Admin count: 1, Miner count: 3, Ledger Rows: 187
2025-03-02 21:15:48.238	Block commit:        58 (Hash: 1f400960, Miner: d63aa5be), Admin count: 1, Miner count: 3, Ledger Rows: 189
2025-03-02 21:16:00.959	Block commit:        59 (Hash: 27322976, Miner: 385765f5), Admin count: 1, Miner count: 3, Ledger Rows: 191
2025-03-02 21:16:17.738	Block commit:        60 (Hash: 15178fee, Miner: d63aa5be), Admin count: 1, Miner count: 3, Ledger Rows: 193
2025-03-02 21:16:35.127	Block commit:        61 (Hash: df666fce, Miner: 385765f5), Admin count: 1, Miner count: 3, Ledger Rows: 195
2025-03-02 21:16:48.432	Block commit:        62 (Hash: d7d4fdb7, Miner: 385765f5), Admin count: 1, Miner count: 3, Ledger Rows: 197
2025-03-02 21:17:03.895	Block commit:        63 (Hash: 74777e44, Miner: 385765f5), Admin count: 1, Miner count: 3, Ledger Rows: 199
2025-03-02 21:17:13.900	Block commit:        64 (Hash: 070b4e25, Miner: d63aa5be), Admin count: 1, Miner count: 3, Ledger Rows: 201
2025-03-02 21:23:46.020	Block commit:        65 (Hash: b0bd1ca6, Miner: d63aa5be), Admin count: 1, Miner count: 3, Ledger Rows: 203
2025-03-02 21:23:51.477	Block commit:        66 (Hash: 276997ea, Miner: d63aa5be), Admin count: 1, Miner count: 3, Ledger Rows: 205
2025-03-02 21:23:55.529	Block commit:        67 (Hash: 5657c27b, Miner: 385765f5), Admin count: 1, Miner count: 3, Ledger Rows: 207
2025-03-02 21:24:04.553	Block commit:        68 (Hash: 8b236b4b, Miner: d63aa5be), Admin count: 1, Miner count: 3, Ledger Rows: 209
2025-03-02 21:24:11.305	Block commit:        69 (Hash: 2a4e3c80, Miner: d63aa5be), Admin count: 1, Miner count: 3, Ledger Rows: 211
2025-03-02 21:24:18.964	Block commit:        70 (Hash: dc313957, Miner: d63aa5be), Admin count: 1, Miner count: 3, Ledger Rows: 213
2025-03-02 21:24:23.101	Block commit:        71 (Hash: 75faa1a6, Miner: 385765f5), Admin count: 1, Miner count: 3, Ledger Rows: 215
2025-03-02 21:24:30.628	Block commit:        72 (Hash: cd8af063, Miner: 516aa90b), Admin count: 1, Miner count: 3, Ledger Rows: 217
2025-03-02 21:24:34.152	Block commit:        73 (Hash: ff4dbf41, Miner: 385765f5), Admin count: 1, Miner count: 3, Ledger Rows: 219
2025-03-02 21:24:38.478	Block commit:        74 (Hash: bf8fca5c, Miner: 516aa90b), Admin count: 1, Miner count: 3, Ledger Rows: 221
2025-03-02 21:24:49.612	Block commit:        75 (Hash: 97cb5dcb, Miner: 385765f5), Admin count: 1, Miner count: 3, Ledger Rows: 223
2025-03-02 21:33:14.625	Block commit:        76 (Hash: e6d31951, Miner: 516aa90b), Admin count: 1, Miner count: 3, Ledger Rows: 225
2025-03-02 21:33:18.967	Block commit:        77 (Hash: d5ca707e, Miner: 516aa90b), Admin count: 1, Miner count: 3, Ledger Rows: 227
2025-03-02 21:33:24.616	Block commit:        78 (Hash: c220dca7, Miner: 516aa90b), Admin count: 1, Miner count: 3, Ledger Rows: 229
2025-03-02 21:33:36.720	Block commit:        79 (Hash: 8f72eb7e, Miner: 385765f5), Admin count: 1, Miner count: 3, Ledger Rows: 231
2025-03-02 21:33:43.190	Block rollback:        78, Admin count: 1, Miner count: 3, Ledger Rows: 229
2025-03-02 21:33:43.206	Block commit:        79 (Hash: 541b6c3d, Miner: d63aa5be), Admin count: 1, Miner count: 3, Ledger Rows: 231
2025-03-02 21:33:43.249	Block commit:        80 (Hash: e84511c0, Miner: 516aa90b), Admin count: 1, Miner count: 3, Ledger Rows: 233
2025-03-02 21:33:53.522	Block commit:        81 (Hash: 2249cf3c, Miner: d63aa5be), Admin count: 1, Miner count: 3, Ledger Rows: 235
2025-03-02 21:33:57.659	Block commit:        82 (Hash: 59eebeb3, Miner: 516aa90b), Admin count: 1, Miner count: 3, Ledger Rows: 237
2025-03-02 21:34:03.167	Block commit:        83 (Hash: 30922577, Miner: 385765f5), Admin count: 1, Miner count: 3, Ledger Rows: 239
2025-03-02 21:34:08.727	Block commit:        84 (Hash: f19a8a9c, Miner: 385765f5), Admin count: 1, Miner count: 3, Ledger Rows: 241
2025-03-02 21:34:14.550	Block commit:        85 (Hash: 5b0407b1, Miner: d63aa5be), Admin count: 1, Miner count: 3, Ledger Rows: 243
2025-03-02 21:34:27.487	Block commit:        86 (Hash: 8900d153, Miner: 385765f5), Admin count: 1, Miner count: 3, Ledger Rows: 245
2025-03-02 21:34:43.852	Block commit:        87 (Hash: bc6d94df, Miner: 516aa90b), Admin count: 1, Miner count: 3, Ledger Rows: 247
2025-03-02 21:47:10.324	Block commit:        88 (Hash: 8f77e65e, Miner: 516aa90b), Admin count: 1, Miner count: 3, Ledger Rows: 249
2025-03-02 21:47:13.467	Block commit:        89 (Hash: edec5f9d, Miner: 516aa90b), Admin count: 1, Miner count: 3, Ledger Rows: 251
2025-03-02 21:47:19.128	Block commit:        90 (Hash: 63222b52, Miner: d63aa5be), Admin count: 1, Miner count: 3, Ledger Rows: 253
2025-03-02 21:47:32.487	Block commit:        91 (Hash: dfaef1e5, Miner: d63aa5be), Admin count: 1, Miner count: 3, Ledger Rows: 255
2025-03-02 21:47:44.254	Block commit:        92 (Hash: 7d1d91c9, Miner: 516aa90b), Admin count: 1, Miner count: 3, Ledger Rows: 257
2025-03-02 21:47:49.907	Block commit:        93 (Hash: 1b010e0b, Miner: 516aa90b), Admin count: 1, Miner count: 3, Ledger Rows: 259
2025-03-02 21:47:54.351	Block commit:        94 (Hash: 5d7878e4, Miner: 516aa90b), Admin count: 1, Miner count: 3, Ledger Rows: 261
2025-03-02 21:47:59.892	Block commit:        95 (Hash: 0687e9ba, Miner: 516aa90b), Admin count: 1, Miner count: 3, Ledger Rows: 263
2025-03-02 21:48:09.057	Block commit:        96 (Hash: 53702aa1, Miner: d63aa5be), Admin count: 1, Miner count: 3, Ledger Rows: 265
2025-03-02 21:48:14.399	Block commit:        97 (Hash: b1a02c4a, Miner: 516aa90b), Admin count: 1, Miner count: 3, Ledger Rows: 267
2025-03-02 21:48:21.158	Block commit:        98 (Hash: ed52e664, Miner: d63aa5be), Admin count: 1, Miner count: 3, Ledger Rows: 269
2025-03-02 21:48:25.518	Block commit:        99 (Hash: 66320c0c, Miner: 516aa90b), Admin count: 1, Miner count: 3, Ledger Rows: 271
2025-03-02 21:48:45.399	Block commit:       100 (Hash: ba980ddc, Miner: d63aa5be), Admin count: 1, Miner count: 3, Ledger Rows: 273
2025-03-02 21:49:09.048	Block commit:       101 (Hash: b2c20d7f, Miner: 385765f5), Admin count: 1, Miner count: 3, Ledger Rows: 275
