2025-03-08 01:39:17.539	Initialized. Chain height: -1, Txs: 0
2025-03-08 01:39:17.550	Entity (00000101, 0000000000000000000000000000000000000000) added successfully
2025-03-08 01:39:17.550	Entity (00000201, 0000000000000000000000000000000000000000) added successfully
2025-03-08 01:39:17.550	Entity (00000102, 0000000000000000000000000000000000000000) added successfully
2025-03-08 01:39:17.550	Entity (00000202, 0000000000000000000000000000000000000000) added successfully
2025-03-08 01:39:17.550	Entity (0000010A, 0000000000000000000000000000000000000000) added successfully
2025-03-08 01:39:17.550	Entity (0000010B, 0000000000000000000000000000000000000000) added successfully
2025-03-08 01:39:17.550	Entity (0000010F, 0000000000000000000000000000000000000000) added successfully
2025-03-08 01:39:17.550	Entity (00000103, 6c99d1c04157dde7a5a68c665fb5b59fcb0fcf8a) added successfully
2025-03-08 01:39:17.550	Entity (00000203, 6c99d1c04157dde7a5a68c665fb5b59fcb0fcf8a) added successfully
2025-03-08 01:39:17.592	Entity (00000105, 000000008e46e9baa2fed56bfd1bcca9cf563065) added successfully
2025-03-08 01:39:17.592	Entity (00000205, 000000008e46e9baa2fed56bfd1bcca9cf563065) added successfully
2025-03-08 01:39:17.592	Entity (00000106, 000000008e46e9baa2fed56bfd1bcca9cf563065) added successfully
2025-03-08 01:39:17.592	Entity (00000206, 000000008e46e9baa2fed56bfd1bcca9cf563065) added successfully
2025-03-08 01:39:17.592	Entity (00000107, 000000008e46e9baa2fed56bfd1bcca9cf563065) added successfully
2025-03-08 01:39:17.592	Entity (00000207, 000000008e46e9baa2fed56bfd1bcca9cf563065) added successfully
2025-03-08 01:39:17.612	NewData 00000000000000000000014b0000000000000000000000000000000000000002, block 0, flags 00000000, import 0
2025-03-08 01:39:17.619	NewBlock 0, Txs: 1, Rows: 4
2025-03-08 01:39:18.366	NewBlock 1, Txs: 0, Rows: 0
2025-03-08 01:39:18.397	NewBlock 2, Txs: 0, Rows: 0
2025-03-08 01:39:18.428	NewBlock 3, Txs: 0, Rows: 0
2025-03-08 01:39:18.458	NewBlock 4, Txs: 0, Rows: 0
2025-03-08 01:39:18.487	NewData 00000000000000000000014b0000000000000000000000000000000000000002, block 5, flags 00000000, import 0
2025-03-08 01:39:18.487	NewData 00000000000000000000014b0000000000000000000000000000000000000002, block 5, flags 00000000, import 0
2025-03-08 01:39:18.487	NewData 00000000000000000000014b0000000000000000000000000000000000000002, block 5, flags 00000000, import 0
2025-03-08 01:39:18.490	NewBlock 5, Txs: 0, Rows: 5
2025-03-08 01:39:18.523	NewBlock 6, Txs: 0, Rows: 0
2025-03-08 01:39:18.553	NewBlock 7, Txs: 0, Rows: 0
2025-03-08 01:39:26.703	NewBlock 8, Txs: 0, Rows: 0
2025-03-08 01:39:28.346	NewTx 7fbc326465edab5fa81731d9cb98a7dad002e19905485e53dd16d51e10e00e67, block -1, flags 00000004, import 0
2025-03-08 01:39:47.676	UpdateTx 7fbc326465, block 9, flags 00000004, import 0
2025-03-08 01:39:47.680	NewBlock 9, Txs: 1, Rows: 6
2025-03-08 01:40:04.257	NewBlock 10, Txs: 0, Rows: 0
2025-03-08 01:40:05.617	NewTx 749cc7cc45f5b8259458cc81a389cfea03a2689b449fe17771116adf5d6895ff, block -1, flags 00000004, import 0
2025-03-08 01:40:05.717	NewTx 01aa7d1284068a82ecfcfac1c4779725b69d2c2b7f1d74e6e79494786beb15ef, block -1, flags 00000004, import 0
2025-03-08 01:40:21.830	UpdateTx 749cc7cc45, block 11, flags 00000004, import 0
2025-03-08 01:40:21.830	UpdateTx 01aa7d1284, block 11, flags 00000004, import 0
2025-03-08 01:40:21.837	NewBlock 11, Txs: 2, Rows: 12
2025-03-08 01:40:37.498	NewBlock 12, Txs: 0, Rows: 0
2025-03-08 01:40:51.862	NewBlock 13, Txs: 0, Rows: 0
2025-03-08 01:41:06.132	NewBlock 14, Txs: 0, Rows: 0
2025-03-08 01:41:21.805	NewBlock 15, Txs: 0, Rows: 0
2025-03-08 01:41:22.760	NewBlock 16, Txs: 0, Rows: 0
2025-03-08 01:41:41.734	NewBlock 17, Txs: 0, Rows: 0
2025-03-08 01:42:03.421	NewBlock 18, Txs: 0, Rows: 0
2025-03-08 01:42:16.678	NewBlock 19, Txs: 0, Rows: 0
2025-03-08 01:42:34.551	NewBlock 20, Txs: 0, Rows: 0
2025-03-08 01:42:50.921	NewBlock 21, Txs: 0, Rows: 0
2025-03-08 01:43:06.491	NewBlock 22, Txs: 0, Rows: 0
2025-03-08 01:43:22.766	NewBlock 23, Txs: 0, Rows: 0
2025-03-08 01:43:36.027	NewBlock 24, Txs: 0, Rows: 0
2025-03-08 01:43:48.394	NewBlock 25, Txs: 0, Rows: 0
2025-03-08 01:44:00.293	NewBlock 26, Txs: 0, Rows: 0
2025-03-08 01:44:15.973	NewBlock 27, Txs: 0, Rows: 0
2025-03-08 01:44:32.282	NewBlock 28, Txs: 0, Rows: 0
2025-03-08 01:44:55.465	NewBlock 29, Txs: 0, Rows: 0
2025-03-08 01:45:02.107	NewBlock 30, Txs: 0, Rows: 0
2025-03-08 01:45:17.797	NewBlock 31, Txs: 0, Rows: 0
2025-03-08 01:45:30.774	NewBlock 32, Txs: 0, Rows: 0
2025-03-08 01:45:45.164	NewBlock 33, Txs: 0, Rows: 0
2025-03-08 01:45:59.552	NewBlock 34, Txs: 0, Rows: 0
2025-03-08 01:46:16.529	NewBlock 35, Txs: 0, Rows: 0
2025-03-08 01:46:31.511	NewBlock 36, Txs: 0, Rows: 0
2025-03-08 01:46:42.555	NewBlock 37, Txs: 0, Rows: 0
2025-03-08 01:46:58.000	NewBlock 38, Txs: 0, Rows: 0
2025-03-08 01:47:12.652	NewBlock 39, Txs: 0, Rows: 0
2025-03-08 01:47:28.878	NewBlock 40, Txs: 0, Rows: 0
2025-03-08 01:47:47.331	Rolled back to block 39 successfully
2025-03-08 01:47:47.349	NewBlock 40, Txs: 0, Rows: 0
2025-03-08 01:47:47.367	NewBlock 41, Txs: 0, Rows: 0
2025-03-08 01:47:58.515	NewBlock 42, Txs: 0, Rows: 0
2025-03-08 01:48:15.380	NewBlock 43, Txs: 0, Rows: 0
2025-03-08 01:48:30.593	NewBlock 44, Txs: 0, Rows: 0
2025-03-08 01:48:40.552	NewBlock 45, Txs: 0, Rows: 0
2025-03-08 01:48:58.287	NewBlock 46, Txs: 0, Rows: 0
2025-03-08 01:49:14.849	NewBlock 47, Txs: 0, Rows: 0
2025-03-08 01:49:31.245	NewBlock 48, Txs: 0, Rows: 0
2025-03-08 01:49:40.151	NewBlock 49, Txs: 0, Rows: 0
2025-03-08 01:50:03.366	NewBlock 50, Txs: 0, Rows: 0
2025-03-08 01:50:19.826	NewBlock 51, Txs: 0, Rows: 0
2025-03-08 01:50:30.953	NewBlock 52, Txs: 0, Rows: 0
2025-03-08 01:50:45.220	NewBlock 53, Txs: 0, Rows: 0
2025-03-08 01:50:57.384	NewBlock 54, Txs: 0, Rows: 0
2025-03-08 01:51:15.152	NewBlock 55, Txs: 0, Rows: 0
2025-03-08 01:51:37.980	NewBlock 56, Txs: 0, Rows: 0
2025-03-08 01:51:47.924	NewBlock 57, Txs: 0, Rows: 0
2025-03-08 01:51:58.977	NewBlock 58, Txs: 0, Rows: 0
2025-03-08 01:52:12.231	NewBlock 59, Txs: 0, Rows: 0
2025-03-08 03:02:29.246	NewData 00000000000000000000014b0000000000000000000000000000000000000002, block -1, flags 00000000, import 0
2025-03-08 03:02:43.972	NewData 00000000000000000000014b0000000000000000000000000000000000000002, block 60, flags 00000000, import 0
2025-03-08 03:02:43.976	NewBlock 60, Txs: 0, Rows: 3
2025-03-08 03:02:49.659	NewBlock 61, Txs: 0, Rows: 0
2025-03-08 03:02:56.518	NewBlock 62, Txs: 0, Rows: 0
2025-03-08 03:03:03.831	NewBlock 63, Txs: 0, Rows: 0
2025-03-08 03:03:08.491	Rolled back to block 62 successfully
2025-03-08 03:03:08.511	NewBlock 63, Txs: 0, Rows: 0
2025-03-08 03:03:08.531	NewBlock 64, Txs: 0, Rows: 0
2025-03-08 03:03:22.996	NewBlock 65, Txs: 0, Rows: 0
2025-03-08 03:03:37.171	NewBlock 66, Txs: 0, Rows: 0
2025-03-08 03:03:40.620	NewBlock 67, Txs: 0, Rows: 0
2025-03-08 03:03:48.268	NewBlock 68, Txs: 0, Rows: 0
2025-03-08 03:03:52.815	NewBlock 69, Txs: 0, Rows: 0
2025-03-08 03:03:58.890	NewBlock 70, Txs: 0, Rows: 0
2025-03-08 03:04:49.990	NewData 00000000000000000000014b0000000000000000000000000000000000000002, block -1, flags 00000000, import 0
2025-03-08 03:04:50.191	NewData 00000000000000000000014b0000000000000000000000000000000000000002, block -1, flags 00000000, import 0
2025-03-08 03:04:50.492	NewData 00000000000000000000014b0000000000000000000000000000000000000002, block -1, flags 00000000, import 0
2025-03-08 03:05:12.096	NewData 00000000000000000000014b0000000000000000000000000000000000000002, block 71, flags 00000000, import 0
2025-03-08 03:05:12.096	NewData 00000000000000000000014b0000000000000000000000000000000000000002, block 71, flags 00000000, import 0
2025-03-08 03:05:12.096	NewData 00000000000000000000014b0000000000000000000000000000000000000002, block 71, flags 00000000, import 0
2025-03-08 03:05:12.101	NewBlock 71, Txs: 0, Rows: 5
2025-03-08 03:05:17.745	NewBlock 72, Txs: 0, Rows: 0
2025-03-08 03:05:27.615	NewBlock 73, Txs: 0, Rows: 0
2025-03-08 03:05:37.692	NewBlock 74, Txs: 0, Rows: 0
2025-03-08 03:05:48.154	NewBlock 75, Txs: 0, Rows: 0
2025-03-08 03:06:00.427	NewBlock 76, Txs: 0, Rows: 0
2025-03-08 03:06:00.787	NewBlock 77, Txs: 0, Rows: 0
2025-03-08 03:06:26.186	NewBlock 78, Txs: 0, Rows: 0
2025-03-08 03:06:48.281	NewBlock 79, Txs: 0, Rows: 0
2025-03-08 03:06:59.850	NewBlock 80, Txs: 0, Rows: 0
2025-03-08 03:07:11.318	NewBlock 81, Txs: 0, Rows: 0
2025-03-08 03:07:39.098	NewData 00000000000000000000014b0000000000000000000000000000000000000002, block -1, flags 00000000, import 0
2025-03-08 03:07:39.399	NewData 00000000000000000000014b0000000000000000000000000000000000000002, block -1, flags 00000000, import 0
2025-03-08 03:07:39.599	NewData 00000000000000000000014b0000000000000000000000000000000000000002, block -1, flags 00000000, import 0
2025-03-08 03:07:56.525	NewData 00000000000000000000014b0000000000000000000000000000000000000002, block 82, flags 00000000, import 0
2025-03-08 03:07:56.525	NewData 00000000000000000000014b0000000000000000000000000000000000000002, block 82, flags 00000000, import 0
2025-03-08 03:07:56.525	NewData 00000000000000000000014b0000000000000000000000000000000000000002, block 82, flags 00000000, import 0
2025-03-08 03:07:56.529	NewBlock 82, Txs: 0, Rows: 5
2025-03-08 03:08:10.893	NewBlock 83, Txs: 0, Rows: 0
2025-03-08 03:08:18.234	NewBlock 84, Txs: 0, Rows: 0
2025-03-08 03:08:26.987	NewBlock 85, Txs: 0, Rows: 0
2025-03-08 03:08:35.935	NewBlock 86, Txs: 0, Rows: 0
2025-03-08 03:08:48.085	NewBlock 87, Txs: 0, Rows: 0
2025-03-08 03:09:04.552	NewBlock 88, Txs: 0, Rows: 0
2025-03-08 03:09:22.444	NewBlock 89, Txs: 0, Rows: 0
2025-03-08 03:09:41.196	NewBlock 90, Txs: 0, Rows: 0
2025-03-08 03:09:56.654	NewBlock 91, Txs: 0, Rows: 0
2025-03-08 03:10:13.209	NewBlock 92, Txs: 0, Rows: 0
2025-03-08 03:10:46.895	NewData 00000000000000000000014b0000000000000000000000000000000000000002, block -1, flags 00000000, import 0
2025-03-08 03:10:47.096	NewData 00000000000000000000014b0000000000000000000000000000000000000002, block -1, flags 00000000, import 0
2025-03-08 03:10:47.296	NewData 00000000000000000000014b0000000000000000000000000000000000000002, block -1, flags 00000000, import 0
2025-03-08 03:11:04.613	NewData 00000000000000000000014b0000000000000000000000000000000000000002, block 93, flags 00000000, import 0
2025-03-08 03:11:04.613	NewData 00000000000000000000014b0000000000000000000000000000000000000002, block 93, flags 00000000, import 0
2025-03-08 03:11:04.613	NewData 00000000000000000000014b0000000000000000000000000000000000000002, block 93, flags 00000000, import 0
2025-03-08 03:11:04.617	NewBlock 93, Txs: 0, Rows: 5
2025-03-08 03:11:09.372	NewBlock 94, Txs: 0, Rows: 0
2025-03-08 03:11:19.966	NewBlock 95, Txs: 0, Rows: 0
2025-03-08 03:11:25.937	NewBlock 96, Txs: 0, Rows: 0
2025-03-08 03:11:32.130	NewBlock 97, Txs: 0, Rows: 0
2025-03-08 03:11:46.595	NewBlock 98, Txs: 0, Rows: 0
2025-03-08 03:12:05.170	NewBlock 99, Txs: 0, Rows: 0
2025-03-08 03:12:22.944	NewBlock 100, Txs: 0, Rows: 0
2025-03-08 03:12:29.376	NewData 00000000000000000000014b0000000000000000000000000000000000000002, block -1, flags 00000000, import 0
2025-03-08 03:12:29.577	NewData 00000000000000000000014b0000000000000000000000000000000000000002, block -1, flags 00000000, import 0
2025-03-08 03:12:29.778	NewData 00000000000000000000014b0000000000000000000000000000000000000002, block -1, flags 00000000, import 0
2025-03-08 03:12:42.817	NewData 00000000000000000000014b0000000000000000000000000000000000000002, block 101, flags 00000000, import 0
2025-03-08 03:12:42.817	NewData 00000000000000000000014b0000000000000000000000000000000000000002, block 101, flags 00000000, import 0
2025-03-08 03:12:42.817	NewData 00000000000000000000014b0000000000000000000000000000000000000002, block 101, flags 00000000, import 0
2025-03-08 03:12:42.821	NewBlock 101, Txs: 0, Rows: 5
2025-03-08 03:12:57.197	NewBlock 102, Txs: 0, Rows: 0
2025-03-08 03:13:08.324	NewBlock 103, Txs: 0, Rows: 0
2025-03-08 03:13:23.775	NewBlock 104, Txs: 0, Rows: 0
2025-03-08 03:13:41.425	NewBlock 105, Txs: 0, Rows: 0
2025-03-08 03:13:55.770	NewBlock 106, Txs: 0, Rows: 0
2025-03-08 03:14:10.192	NewBlock 107, Txs: 0, Rows: 0
2025-03-08 03:14:24.623	NewBlock 108, Txs: 0, Rows: 0
2025-03-08 03:14:38.892	NewData 00000000000000000000014b0000000000000000000000000000000000000002, block -1, flags 00000000, import 0
2025-03-08 03:14:39.093	NewData 00000000000000000000014b0000000000000000000000000000000000000002, block -1, flags 00000000, import 0
2025-03-08 03:14:39.294	NewData 00000000000000000000014b0000000000000000000000000000000000000002, block -1, flags 00000000, import 0
2025-03-08 03:14:40.663	NewData 00000000000000000000014b0000000000000000000000000000000000000002, block 109, flags 00000000, import 0
2025-03-08 03:14:40.663	NewData 00000000000000000000014b0000000000000000000000000000000000000002, block 109, flags 00000000, import 0
2025-03-08 03:14:40.663	NewData 00000000000000000000014b0000000000000000000000000000000000000002, block 109, flags 00000000, import 0
2025-03-08 03:14:40.669	NewBlock 109, Txs: 0, Rows: 5
2025-03-08 03:14:58.252	NewBlock 110, Txs: 0, Rows: 0
2025-03-08 03:15:11.616	Rolled back to block 109 successfully
2025-03-08 03:15:11.641	NewBlock 110, Txs: 0, Rows: 0
2025-03-08 03:15:11.670	NewBlock 111, Txs: 0, Rows: 0
2025-03-08 03:15:23.724	NewBlock 112, Txs: 0, Rows: 0
2025-03-08 03:15:39.020	NewBlock 113, Txs: 0, Rows: 0
2025-03-08 03:15:53.350	NewBlock 114, Txs: 0, Rows: 0
2025-03-08 03:16:07.784	NewBlock 115, Txs: 0, Rows: 0
2025-03-08 03:16:24.356	NewBlock 116, Txs: 0, Rows: 0
2025-03-08 03:16:38.750	NewBlock 117, Txs: 0, Rows: 0
2025-03-08 03:16:52.932	NewBlock 118, Txs: 0, Rows: 0
2025-03-08 03:17:08.520	NewBlock 119, Txs: 0, Rows: 0
2025-03-08 03:17:11.466	NewData 00000000000000000000014b0000000000000000000000000000000000000002, block -1, flags 00000000, import 0
2025-03-08 03:17:11.666	NewData 00000000000000000000014b0000000000000000000000000000000000000002, block -1, flags 00000000, import 0
2025-03-08 03:17:11.968	NewData 00000000000000000000014b0000000000000000000000000000000000000002, block -1, flags 00000000, import 0
2025-03-08 03:17:20.712	NewData 00000000000000000000014b0000000000000000000000000000000000000002, block 120, flags 00000000, import 0
2025-03-08 03:17:20.712	NewData 00000000000000000000014b0000000000000000000000000000000000000002, block 120, flags 00000000, import 0
2025-03-08 03:17:20.713	NewData 00000000000000000000014b0000000000000000000000000000000000000002, block 120, flags 00000000, import 0
2025-03-08 03:17:20.718	NewBlock 120, Txs: 0, Rows: 5
2025-03-08 03:17:46.095	NewBlock 121, Txs: 0, Rows: 0
2025-03-08 03:17:50.541	NewBlock 122, Txs: 0, Rows: 0
2025-03-08 03:18:06.054	NewBlock 123, Txs: 0, Rows: 0
2025-03-08 03:18:19.923	NewBlock 124, Txs: 0, Rows: 0
2025-03-08 03:18:34.297	NewBlock 125, Txs: 0, Rows: 0
2025-03-08 03:18:53.057	NewBlock 126, Txs: 0, Rows: 0
2025-03-08 03:19:06.123	NewBlock 127, Txs: 0, Rows: 0
2025-03-08 03:19:26.995	NewBlock 128, Txs: 0, Rows: 0
2025-03-08 03:19:39.154	NewBlock 129, Txs: 0, Rows: 0
2025-03-08 03:19:52.525	NewBlock 130, Txs: 0, Rows: 0
2025-03-08 03:19:59.037	NewData 00000000000000000000014b0000000000000000000000000000000000000002, block -1, flags 00000000, import 0
2025-03-08 03:19:59.338	NewData 00000000000000000000014b0000000000000000000000000000000000000002, block -1, flags 00000000, import 0
2025-03-08 03:19:59.539	NewData 00000000000000000000014b0000000000000000000000000000000000000002, block -1, flags 00000000, import 0
2025-03-08 03:20:03.583	NewData 00000000000000000000014b0000000000000000000000000000000000000002, block 131, flags 00000000, import 0
2025-03-08 03:20:03.583	NewData 00000000000000000000014b0000000000000000000000000000000000000002, block 131, flags 00000000, import 0
2025-03-08 03:20:03.583	NewData 00000000000000000000014b0000000000000000000000000000000000000002, block 131, flags 00000000, import 0
2025-03-08 03:20:03.591	NewBlock 131, Txs: 0, Rows: 5
2025-03-08 03:20:22.193	NewBlock 132, Txs: 0, Rows: 0
2025-03-08 03:20:38.859	NewBlock 133, Txs: 0, Rows: 0
2025-03-08 03:20:48.728	NewBlock 134, Txs: 0, Rows: 0
2025-03-08 03:21:10.964	NewBlock 135, Txs: 0, Rows: 0
2025-03-08 03:21:25.112	NewBlock 136, Txs: 0, Rows: 0
2025-03-08 03:21:37.472	NewBlock 137, Txs: 0, Rows: 0
2025-03-08 03:21:50.292	NewBlock 138, Txs: 0, Rows: 0
2025-03-08 03:22:14.494	NewBlock 139, Txs: 0, Rows: 0
2025-03-08 03:22:18.575	NewData 00000000000000000000014b0000000000000000000000000000000000000002, block -1, flags 00000000, import 0
2025-03-08 03:22:18.777	NewData 00000000000000000000014b0000000000000000000000000000000000000002, block -1, flags 00000000, import 0
2025-03-08 03:22:18.978	NewData 00000000000000000000014b0000000000000000000000000000000000000002, block -1, flags 00000000, import 0
2025-03-08 03:22:21.356	NewData 00000000000000000000014b0000000000000000000000000000000000000002, block 140, flags 00000000, import 0
2025-03-08 03:22:21.356	NewData 00000000000000000000014b0000000000000000000000000000000000000002, block 140, flags 00000000, import 0
2025-03-08 03:22:21.356	NewData 00000000000000000000014b0000000000000000000000000000000000000002, block 140, flags 00000000, import 0
2025-03-08 03:22:21.361	NewBlock 140, Txs: 0, Rows: 5
2025-03-08 03:22:37.728	NewBlock 141, Txs: 0, Rows: 0
2025-03-08 03:22:48.787	NewBlock 142, Txs: 0, Rows: 0
2025-03-08 03:23:08.755	NewBlock 143, Txs: 0, Rows: 0
2025-03-08 03:23:27.430	NewBlock 144, Txs: 0, Rows: 0
2025-03-08 03:23:38.578	NewBlock 145, Txs: 0, Rows: 0
2025-03-08 03:23:50.529	NewBlock 146, Txs: 0, Rows: 0
2025-03-08 03:24:06.021	NewBlock 147, Txs: 0, Rows: 0
2025-03-08 03:24:21.401	NewBlock 148, Txs: 0, Rows: 0
2025-03-08 03:24:40.300	NewBlock 149, Txs: 0, Rows: 0
2025-03-08 03:24:50.155	NewBlock 150, Txs: 0, Rows: 0
2025-03-08 03:25:09.998	NewBlock 151, Txs: 0, Rows: 0
2025-03-08 03:25:10.104	NewData 00000000000000000000014b0000000000000000000000000000000000000002, block -1, flags 00000000, import 0
2025-03-08 03:25:10.306	NewData 00000000000000000000014b0000000000000000000000000000000000000002, block -1, flags 00000000, import 0
2025-03-08 03:25:10.507	NewData 00000000000000000000014b0000000000000000000000000000000000000002, block -1, flags 00000000, import 0
2025-03-08 03:25:22.249	NewData 00000000000000000000014b0000000000000000000000000000000000000002, block 152, flags 00000000, import 0
2025-03-08 03:25:22.249	NewData 00000000000000000000014b0000000000000000000000000000000000000002, block 152, flags 00000000, import 0
2025-03-08 03:25:22.249	NewData 00000000000000000000014b0000000000000000000000000000000000000002, block 152, flags 00000000, import 0
2025-03-08 03:25:22.257	NewBlock 152, Txs: 0, Rows: 5
2025-03-08 03:25:34.232	NewBlock 153, Txs: 0, Rows: 0
2025-03-08 03:25:55.287	NewBlock 154, Txs: 0, Rows: 0
2025-03-08 03:26:10.372	NewBlock 155, Txs: 0, Rows: 0
2025-03-08 03:26:20.550	NewBlock 156, Txs: 0, Rows: 0
2025-03-08 03:26:41.623	NewBlock 157, Txs: 0, Rows: 0
2025-03-08 03:26:49.377	NewBlock 158, Txs: 0, Rows: 0
2025-03-08 03:27:04.539	NewBlock 159, Txs: 0, Rows: 0
2025-03-08 03:27:26.829	NewBlock 160, Txs: 0, Rows: 0
2025-03-08 03:27:36.794	NewBlock 161, Txs: 0, Rows: 0
2025-03-08 03:27:50.983	NewBlock 162, Txs: 0, Rows: 0
2025-03-08 03:39:36.353	NewData 00000000000000000000014b0000000000000000000000000000000000000002, block -1, flags 00000000, import 0
2025-03-08 03:39:36.654	NewData 00000000000000000000014b0000000000000000000000000000000000000002, block -1, flags 00000000, import 0
2025-03-08 03:39:36.855	NewData 00000000000000000000014b0000000000000000000000000000000000000002, block -1, flags 00000000, import 0
2025-03-08 03:39:48.963	NewData 00000000000000000000014b0000000000000000000000000000000000000002, block 163, flags 00000000, import 0
2025-03-08 03:39:48.964	NewData 00000000000000000000014b0000000000000000000000000000000000000002, block 163, flags 00000000, import 0
2025-03-08 03:39:48.964	NewData 00000000000000000000014b0000000000000000000000000000000000000002, block 163, flags 00000000, import 0
2025-03-08 03:39:48.969	NewBlock 163, Txs: 0, Rows: 5
2025-03-08 03:39:59.823	NewBlock 164, Txs: 0, Rows: 0
2025-03-08 03:40:13.783	NewBlock 165, Txs: 0, Rows: 0
2025-03-08 03:40:24.837	NewBlock 166, Txs: 0, Rows: 0
2025-03-08 03:40:29.597	NewBlock 167, Txs: 0, Rows: 0
2025-03-08 03:40:41.455	NewBlock 168, Txs: 0, Rows: 0
2025-03-08 03:40:44.915	NewBlock 169, Txs: 0, Rows: 0
2025-03-08 03:40:49.268	NewBlock 170, Txs: 0, Rows: 0
2025-03-08 03:40:54.282	NewBlock 171, Txs: 0, Rows: 0
2025-03-08 03:41:00.958	NewBlock 172, Txs: 0, Rows: 0
2025-03-08 03:41:06.530	NewBlock 173, Txs: 0, Rows: 0
2025-03-08 03:41:11.059	NewBlock 174, Txs: 0, Rows: 0
2025-03-08 03:47:20.629	NewData 00000000000000000000014b0000000000000000000000000000000000000002, block -1, flags 00000000, import 0
2025-03-08 03:47:20.930	NewData 00000000000000000000014b0000000000000000000000000000000000000002, block -1, flags 00000000, import 0
2025-03-08 03:47:21.131	NewData 00000000000000000000014b0000000000000000000000000000000000000002, block -1, flags 00000000, import 0
2025-03-08 03:47:31.822	NewData 00000000000000000000014b0000000000000000000000000000000000000002, block 175, flags 00000000, import 0
2025-03-08 03:47:31.822	NewData 00000000000000000000014b0000000000000000000000000000000000000002, block 175, flags 00000000, import 0
2025-03-08 03:47:31.822	NewData 00000000000000000000014b0000000000000000000000000000000000000002, block 175, flags 00000000, import 0
2025-03-08 03:47:31.828	NewBlock 175, Txs: 0, Rows: 5
2025-03-08 03:47:43.971	NewBlock 176, Txs: 0, Rows: 0
2025-03-08 03:47:47.344	NewBlock 177, Txs: 0, Rows: 0
2025-03-08 03:47:50.699	NewBlock 178, Txs: 0, Rows: 0
2025-03-08 03:47:57.347	NewBlock 179, Txs: 0, Rows: 0
2025-03-08 03:48:04.290	NewBlock 180, Txs: 0, Rows: 0
2025-03-08 03:48:11.720	NewBlock 181, Txs: 0, Rows: 0
2025-03-08 03:48:17.264	NewBlock 182, Txs: 0, Rows: 0
2025-03-08 03:48:28.620	NewBlock 183, Txs: 0, Rows: 0
2025-03-08 03:48:43.917	NewBlock 184, Txs: 0, Rows: 0
2025-03-08 03:48:54.102	NewBlock 185, Txs: 0, Rows: 0
2025-03-08 03:51:06.577	NewData 00000000000000000000014b0000000000000000000000000000000000000002, block -1, flags 00000000, import 0
2025-03-08 03:51:06.777	NewData 00000000000000000000014b0000000000000000000000000000000000000002, block -1, flags 00000000, import 0
2025-03-08 03:51:06.978	NewData 00000000000000000000014b0000000000000000000000000000000000000002, block -1, flags 00000000, import 0
2025-03-08 03:51:19.224	NewData 00000000000000000000014b0000000000000000000000000000000000000002, block 186, flags 00000000, import 0
2025-03-08 03:51:19.224	NewData 00000000000000000000014b0000000000000000000000000000000000000002, block 186, flags 00000000, import 0
2025-03-08 03:51:19.224	NewData 00000000000000000000014b0000000000000000000000000000000000000002, block 186, flags 00000000, import 0
2025-03-08 03:51:19.228	NewBlock 186, Txs: 0, Rows: 5
2025-03-08 03:51:23.671	NewBlock 187, Txs: 0, Rows: 0
2025-03-08 03:51:32.308	NewBlock 188, Txs: 0, Rows: 0
2025-03-08 03:51:37.651	NewBlock 189, Txs: 0, Rows: 0
2025-03-08 03:51:46.611	NewBlock 190, Txs: 0, Rows: 0
2025-03-08 03:51:57.847	NewBlock 191, Txs: 0, Rows: 0
2025-03-08 03:52:11.121	NewBlock 192, Txs: 0, Rows: 0
2025-03-08 03:52:19.743	NewBlock 193, Txs: 0, Rows: 0
2025-03-08 03:52:25.493	NewBlock 194, Txs: 0, Rows: 0
2025-03-08 03:52:46.460	NewBlock 195, Txs: 0, Rows: 0
2025-03-08 03:53:03.780	NewBlock 196, Txs: 0, Rows: 0
2025-03-08 03:56:32.225	NewData 00000000000000000000014b0000000000000000000000000000000000000002, block -1, flags 00000000, import 0
2025-03-08 03:56:32.426	NewData 00000000000000000000014b0000000000000000000000000000000000000002, block -1, flags 00000000, import 0
2025-03-08 03:56:32.626	NewData 00000000000000000000014b0000000000000000000000000000000000000002, block -1, flags 00000000, import 0
2025-03-08 03:56:46.422	NewData 00000000000000000000014b0000000000000000000000000000000000000002, block 197, flags 00000000, import 0
2025-03-08 03:56:46.422	NewData 00000000000000000000014b0000000000000000000000000000000000000002, block 197, flags 00000000, import 0
2025-03-08 03:56:46.422	NewData 00000000000000000000014b0000000000000000000000000000000000000002, block 197, flags 00000000, import 0
2025-03-08 03:56:46.427	NewBlock 197, Txs: 0, Rows: 5
2025-03-08 03:56:52.737	NewBlock 198, Txs: 0, Rows: 0
2025-03-08 03:57:09.415	NewBlock 199, Txs: 0, Rows: 0
2025-03-08 03:57:19.513	NewBlock 200, Txs: 0, Rows: 0
2025-03-08 03:57:28.356	NewBlock 201, Txs: 0, Rows: 0
2025-03-08 03:57:32.588	NewBlock 202, Txs: 0, Rows: 0
2025-03-08 03:57:37.204	NewBlock 203, Txs: 0, Rows: 0
2025-03-08 03:57:49.373	NewBlock 204, Txs: 0, Rows: 0
2025-03-08 03:57:55.662	NewBlock 205, Txs: 0, Rows: 0
2025-03-08 03:57:59.312	NewBlock 206, Txs: 0, Rows: 0
2025-03-08 03:58:16.972	NewBlock 207, Txs: 0, Rows: 0
2025-03-08 04:01:08.702	NewData 00000000000000000000014b0000000000000000000000000000000000000002, block -1, flags 00000000, import 0
2025-03-08 04:01:08.902	NewData 00000000000000000000014b0000000000000000000000000000000000000002, block -1, flags 00000000, import 0
2025-03-08 04:01:09.103	NewData 00000000000000000000014b0000000000000000000000000000000000000002, block -1, flags 00000000, import 0
2025-03-08 04:01:28.509	NewData 00000000000000000000014b0000000000000000000000000000000000000002, block 208, flags 00000000, import 0
2025-03-08 04:01:28.509	NewData 00000000000000000000014b0000000000000000000000000000000000000002, block 208, flags 00000000, import 0
2025-03-08 04:01:28.509	NewData 00000000000000000000014b0000000000000000000000000000000000000002, block 208, flags 00000000, import 0
2025-03-08 04:01:28.516	NewBlock 208, Txs: 0, Rows: 5
2025-03-08 04:01:33.628	Rolled back to block 207 successfully
2025-03-08 04:01:33.628	NewData 00000000000000000000014b0000000000000000000000000000000000000002, block -1, flags 00000000, import 0
2025-03-08 04:01:33.628	NewData 00000000000000000000014b0000000000000000000000000000000000000002, block -1, flags 00000000, import 0
2025-03-08 04:01:33.628	NewData 00000000000000000000014b0000000000000000000000000000000000000002, block -1, flags 00000000, import 0
2025-03-08 04:01:33.652	NewData 00000000000000000000014b0000000000000000000000000000000000000002, block 208, flags 00000000, import 0
2025-03-08 04:01:33.652	NewData 00000000000000000000014b0000000000000000000000000000000000000002, block 208, flags 00000000, import 0
2025-03-08 04:01:33.652	NewData 00000000000000000000014b0000000000000000000000000000000000000002, block 208, flags 00000000, import 0
2025-03-08 04:01:33.660	NewBlock 208, Txs: 0, Rows: 5
2025-03-08 04:01:33.695	NewBlock 209, Txs: 0, Rows: 0
2025-03-08 04:01:45.771	NewBlock 210, Txs: 0, Rows: 0
2025-03-08 04:01:54.641	NewBlock 211, Txs: 0, Rows: 0
2025-03-08 04:01:55.876	NewData 00000000000000000000014b0000000000000000000000000000000000000002, block -1, flags 00000000, import 0
2025-03-08 04:01:56.077	NewData 00000000000000000000014b0000000000000000000000000000000000000002, block -1, flags 00000000, import 0
2025-03-08 04:01:56.277	NewData 00000000000000000000014b0000000000000000000000000000000000000002, block -1, flags 00000000, import 0
2025-03-08 04:02:03.757	NewData 00000000000000000000014b0000000000000000000000000000000000000002, block 212, flags 00000000, import 0
2025-03-08 04:02:03.757	NewData 00000000000000000000014b0000000000000000000000000000000000000002, block 212, flags 00000000, import 0
2025-03-08 04:02:03.757	NewData 00000000000000000000014b0000000000000000000000000000000000000002, block 212, flags 00000000, import 0
2025-03-08 04:02:03.760	NewBlock 212, Txs: 0, Rows: 5
2025-03-08 04:02:09.100	NewBlock 213, Txs: 0, Rows: 0
2025-03-08 04:02:20.350	NewBlock 214, Txs: 0, Rows: 0
2025-03-08 04:02:34.298	NewBlock 215, Txs: 0, Rows: 0
2025-03-08 04:02:39.108	NewBlock 216, Txs: 0, Rows: 0
2025-03-08 04:02:56.758	NewBlock 217, Txs: 0, Rows: 0
2025-03-08 04:03:09.116	NewBlock 218, Txs: 0, Rows: 0
2025-03-08 04:03:30.697	NewBlock 219, Txs: 0, Rows: 0
2025-03-08 04:03:52.180	NewBlock 220, Txs: 0, Rows: 0
2025-03-08 04:04:07.184	NewData 00000000000000000000014b0000000000000000000000000000000000000002, block -1, flags 00000000, import 0
2025-03-08 04:04:07.384	NewData 00000000000000000000014b0000000000000000000000000000000000000002, block -1, flags 00000000, import 0
2025-03-08 04:04:07.585	NewData 00000000000000000000014b0000000000000000000000000000000000000002, block -1, flags 00000000, import 0
2025-03-08 04:04:09.143	NewData 00000000000000000000014b0000000000000000000000000000000000000002, block 221, flags 00000000, import 0
2025-03-08 04:04:09.143	NewData 00000000000000000000014b0000000000000000000000000000000000000002, block 221, flags 00000000, import 0
2025-03-08 04:04:09.143	NewData 00000000000000000000014b0000000000000000000000000000000000000002, block 221, flags 00000000, import 0
2025-03-08 04:04:09.146	NewBlock 221, Txs: 0, Rows: 5
2025-03-08 04:04:27.510	NewBlock 222, Txs: 0, Rows: 0
2025-03-08 04:04:36.667	NewBlock 223, Txs: 0, Rows: 0
2025-03-08 04:04:53.940	NewBlock 224, Txs: 0, Rows: 0
2025-03-08 04:04:54.477	NewBlock 225, Txs: 0, Rows: 0
2025-03-08 04:05:15.449	NewBlock 226, Txs: 0, Rows: 0
2025-03-08 04:05:32.376	NewBlock 227, Txs: 0, Rows: 0
2025-03-08 04:05:44.106	NewBlock 228, Txs: 0, Rows: 0
2025-03-08 04:06:00.689	NewBlock 229, Txs: 0, Rows: 0
2025-03-08 04:06:13.945	NewBlock 230, Txs: 0, Rows: 0
2025-03-08 04:06:32.727	NewBlock 231, Txs: 0, Rows: 0
2025-03-08 04:06:45.148	NewBlock 232, Txs: 0, Rows: 0
2025-03-08 04:17:14.223	NewData 00000000000000000000014b0000000000000000000000000000000000000002, block -1, flags 00000000, import 0
2025-03-08 04:17:14.424	NewData 00000000000000000000014b0000000000000000000000000000000000000002, block -1, flags 00000000, import 0
2025-03-08 04:17:14.625	NewData 00000000000000000000014b0000000000000000000000000000000000000002, block -1, flags 00000000, import 0
2025-03-08 04:17:34.124	NewData 00000000000000000000014b0000000000000000000000000000000000000002, block 233, flags 00000000, import 0
2025-03-08 04:17:34.124	NewData 00000000000000000000014b0000000000000000000000000000000000000002, block 233, flags 00000000, import 0
2025-03-08 04:17:34.124	NewData 00000000000000000000014b0000000000000000000000000000000000000002, block 233, flags 00000000, import 0
2025-03-08 04:17:34.128	NewBlock 233, Txs: 0, Rows: 5
2025-03-08 04:17:45.175	NewBlock 234, Txs: 0, Rows: 0
2025-03-08 04:17:56.542	NewBlock 235, Txs: 0, Rows: 0
2025-03-08 04:18:06.206	NewBlock 236, Txs: 0, Rows: 0
2025-03-08 04:18:12.014	NewBlock 237, Txs: 0, Rows: 0
2025-03-08 04:18:16.557	NewBlock 238, Txs: 0, Rows: 0
2025-03-08 04:18:24.975	NewBlock 239, Txs: 0, Rows: 0
2025-03-08 04:18:30.926	Rolled back to block 238 successfully
2025-03-08 04:18:30.956	NewBlock 239, Txs: 0, Rows: 0
2025-03-08 04:18:30.975	NewBlock 240, Txs: 0, Rows: 0
2025-03-08 04:18:37.628	NewBlock 241, Txs: 0, Rows: 0
2025-03-08 04:18:44.846	NewBlock 242, Txs: 0, Rows: 0
2025-03-08 04:18:59.203	NewBlock 243, Txs: 0, Rows: 0
2025-03-08 04:19:02.931	Rolled back to block 242 successfully
2025-03-08 04:19:02.957	NewBlock 243, Txs: 0, Rows: 0
2025-03-08 04:19:02.976	NewBlock 244, Txs: 0, Rows: 0
2025-03-08 04:25:38.579	NewData 00000000000000000000014b0000000000000000000000000000000000000002, block -1, flags 00000000, import 0
2025-03-08 04:25:38.780	NewData 00000000000000000000014b0000000000000000000000000000000000000002, block -1, flags 00000000, import 0
2025-03-08 04:25:38.981	NewData 00000000000000000000014b0000000000000000000000000000000000000002, block -1, flags 00000000, import 0
2025-03-08 04:26:00.703	NewData 00000000000000000000014b0000000000000000000000000000000000000002, block 245, flags 00000000, import 0
2025-03-08 04:26:00.703	NewData 00000000000000000000014b0000000000000000000000000000000000000002, block 245, flags 00000000, import 0
2025-03-08 04:26:00.703	NewData 00000000000000000000014b0000000000000000000000000000000000000002, block 245, flags 00000000, import 0
2025-03-08 04:26:00.707	NewBlock 245, Txs: 0, Rows: 5
2025-03-08 04:26:08.460	NewBlock 246, Txs: 0, Rows: 0
2025-03-08 04:26:11.813	NewBlock 247, Txs: 0, Rows: 0
2025-03-08 04:26:19.695	NewBlock 248, Txs: 0, Rows: 0
2025-03-08 04:26:26.228	NewBlock 249, Txs: 0, Rows: 0
2025-03-08 04:26:34.260	NewBlock 250, Txs: 0, Rows: 0
2025-03-08 04:26:39.904	NewBlock 251, Txs: 0, Rows: 0
2025-03-08 04:26:47.254	NewBlock 252, Txs: 0, Rows: 0
2025-03-08 04:26:51.004	Rolled back to block 251 successfully
2025-03-08 04:26:51.030	NewBlock 252, Txs: 0, Rows: 0
2025-03-08 04:26:51.067	NewBlock 253, Txs: 0, Rows: 0
2025-03-08 04:26:58.734	NewBlock 254, Txs: 0, Rows: 0
2025-03-08 04:27:07.105	NewBlock 255, Txs: 0, Rows: 0
2025-03-08 04:27:31.397	NewBlock 256, Txs: 0, Rows: 0
2025-03-08 04:27:58.735	NewBlock 257, Txs: 0, Rows: 0
2025-03-08 04:35:43.695	NewData 00000000000000000000014b0000000000000000000000000000000000000002, block -1, flags 00000000, import 0
2025-03-08 04:35:43.996	NewData 00000000000000000000014b0000000000000000000000000000000000000002, block -1, flags 00000000, import 0
2025-03-08 04:35:44.196	NewData 00000000000000000000014b0000000000000000000000000000000000000002, block -1, flags 00000000, import 0
2025-03-08 04:36:07.619	NewData 00000000000000000000014b0000000000000000000000000000000000000002, block 258, flags 00000000, import 0
2025-03-08 04:36:07.619	NewData 00000000000000000000014b0000000000000000000000000000000000000002, block 258, flags 00000000, import 0
2025-03-08 04:36:07.619	NewData 00000000000000000000014b0000000000000000000000000000000000000002, block 258, flags 00000000, import 0
2025-03-08 04:36:07.627	NewBlock 258, Txs: 0, Rows: 5
2025-03-08 04:36:11.882	NewBlock 259, Txs: 0, Rows: 0
2025-03-08 04:36:28.230	NewBlock 260, Txs: 0, Rows: 0
2025-03-08 04:36:44.802	NewBlock 261, Txs: 0, Rows: 0
2025-03-08 04:36:53.787	Rolled back to block 260 successfully
2025-03-08 04:36:53.807	NewBlock 261, Txs: 0, Rows: 0
2025-03-08 04:36:53.828	NewBlock 262, Txs: 0, Rows: 0
2025-03-08 04:37:02.881	NewBlock 263, Txs: 0, Rows: 0
2025-03-08 04:37:09.240	NewBlock 264, Txs: 0, Rows: 0
2025-03-08 04:37:19.212	NewBlock 265, Txs: 0, Rows: 0
2025-03-08 04:37:24.957	NewBlock 266, Txs: 0, Rows: 0
2025-03-08 04:37:30.298	NewBlock 267, Txs: 0, Rows: 0
2025-03-08 04:37:42.358	NewBlock 268, Txs: 0, Rows: 0
2025-03-08 04:37:58.024	Rolled back to block 267 successfully
2025-03-08 04:37:58.044	NewBlock 268, Txs: 0, Rows: 0
2025-03-08 04:37:58.070	NewBlock 269, Txs: 0, Rows: 0
2025-03-08 05:16:08.414	NewData 00000000000000000000014b0000000000000000000000000000000000000002, block -1, flags 00000000, import 0
2025-03-08 05:16:08.615	NewData 00000000000000000000014b0000000000000000000000000000000000000002, block -1, flags 00000000, import 0
2025-03-08 05:16:08.916	NewData 00000000000000000000014b0000000000000000000000000000000000000002, block -1, flags 00000000, import 0
2025-03-08 05:16:21.562	NewData 00000000000000000000014b0000000000000000000000000000000000000002, block 270, flags 00000000, import 0
2025-03-08 05:16:21.562	NewData 00000000000000000000014b0000000000000000000000000000000000000002, block 270, flags 00000000, import 0
2025-03-08 05:16:21.562	NewData 00000000000000000000014b0000000000000000000000000000000000000002, block 270, flags 00000000, import 0
2025-03-08 05:16:21.566	NewBlock 270, Txs: 0, Rows: 5
2025-03-08 05:16:34.441	NewBlock 271, Txs: 0, Rows: 0
2025-03-08 05:16:41.107	NewBlock 272, Txs: 0, Rows: 0
2025-03-08 05:16:46.120	NewBlock 273, Txs: 0, Rows: 0
2025-03-08 05:16:50.630	NewBlock 274, Txs: 0, Rows: 0
2025-03-08 05:17:02.789	NewBlock 275, Txs: 0, Rows: 0
2025-03-08 05:17:11.086	NewBlock 276, Txs: 0, Rows: 0
2025-03-08 05:17:14.439	NewBlock 277, Txs: 0, Rows: 0
2025-03-08 05:17:27.702	NewBlock 278, Txs: 0, Rows: 0
2025-03-08 05:17:34.062	NewBlock 279, Txs: 0, Rows: 0
2025-03-08 05:17:43.120	NewBlock 280, Txs: 0, Rows: 0
2025-03-08 05:23:33.891	NewData 00000000000000000000014b0000000000000000000000000000000000000002, block -1, flags 00000000, import 0
2025-03-08 05:23:34.091	NewData 00000000000000000000014b0000000000000000000000000000000000000002, block -1, flags 00000000, import 0
2025-03-08 05:23:34.292	NewData 00000000000000000000014b0000000000000000000000000000000000000002, block -1, flags 00000000, import 0
2025-03-08 05:23:56.099	NewData 00000000000000000000014b0000000000000000000000000000000000000002, block 281, flags 00000000, import 0
2025-03-08 05:23:56.099	NewData 00000000000000000000014b0000000000000000000000000000000000000002, block 281, flags 00000000, import 0
2025-03-08 05:23:56.099	NewData 00000000000000000000014b0000000000000000000000000000000000000002, block 281, flags 00000000, import 0
2025-03-08 05:23:56.103	NewBlock 281, Txs: 0, Rows: 5
2025-03-08 05:24:06.359	NewBlock 282, Txs: 0, Rows: 0
2025-03-08 05:24:13.162	NewBlock 283, Txs: 0, Rows: 0
2025-03-08 05:24:19.214	NewBlock 284, Txs: 0, Rows: 0
2025-03-08 05:24:23.110	NewBlock 285, Txs: 0, Rows: 0
2025-03-08 05:24:29.368	NewBlock 286, Txs: 0, Rows: 0
2025-03-08 05:24:45.653	NewBlock 287, Txs: 0, Rows: 0
2025-03-08 05:24:56.728	NewBlock 288, Txs: 0, Rows: 0
2025-03-08 05:25:08.091	NewBlock 289, Txs: 0, Rows: 0
2025-03-08 05:25:12.538	NewBlock 290, Txs: 0, Rows: 0
2025-03-08 05:25:18.883	NewBlock 291, Txs: 0, Rows: 0
2025-03-08 05:40:01.795	NewData 00000000000000000000014b0000000000000000000000000000000000000002, block -1, flags 00000000, import 0
2025-03-08 05:40:02.098	NewData 00000000000000000000014b0000000000000000000000000000000000000002, block -1, flags 00000000, import 0
2025-03-08 05:40:02.305	NewData 00000000000000000000014b0000000000000000000000000000000000000002, block -1, flags 00000000, import 0
2025-03-08 05:40:19.394	NewData 00000000000000000000014b0000000000000000000000000000000000000002, block 292, flags 00000000, import 0
2025-03-08 05:40:19.394	NewData 00000000000000000000014b0000000000000000000000000000000000000002, block 292, flags 00000000, import 0
2025-03-08 05:40:19.394	NewData 00000000000000000000014b0000000000000000000000000000000000000002, block 292, flags 00000000, import 0
2025-03-08 05:40:19.398	NewBlock 292, Txs: 0, Rows: 5
2025-03-08 05:40:22.564	NewBlock 293, Txs: 0, Rows: 0
2025-03-08 05:40:34.622	NewBlock 294, Txs: 0, Rows: 0
2025-03-08 05:40:38.982	NewBlock 295, Txs: 0, Rows: 0
2025-03-08 05:40:49.041	NewBlock 296, Txs: 0, Rows: 0
2025-03-08 05:40:53.592	Rolled back to block 295 successfully
2025-03-08 05:40:53.611	NewBlock 296, Txs: 0, Rows: 0
2025-03-08 05:40:53.631	NewBlock 297, Txs: 0, Rows: 0
2025-03-08 05:41:05.987	NewBlock 298, Txs: 0, Rows: 0
2025-03-08 05:41:13.533	NewBlock 299, Txs: 0, Rows: 0
2025-03-08 05:41:21.985	NewBlock 300, Txs: 0, Rows: 0
2025-03-08 05:41:33.533	NewBlock 301, Txs: 0, Rows: 0
2025-03-08 05:41:45.788	NewBlock 302, Txs: 0, Rows: 0
2025-03-08 05:44:19.312	NewData 00000000000000000000014b0000000000000000000000000000000000000002, block -1, flags 00000000, import 0
2025-03-08 05:44:19.515	NewData 00000000000000000000014b0000000000000000000000000000000000000002, block -1, flags 00000000, import 0
2025-03-08 05:44:19.717	NewData 00000000000000000000014b0000000000000000000000000000000000000002, block -1, flags 00000000, import 0
2025-03-08 05:44:39.714	NewData 00000000000000000000014b0000000000000000000000000000000000000002, block 303, flags 00000000, import 0
2025-03-08 05:44:39.715	NewData 00000000000000000000014b0000000000000000000000000000000000000002, block 303, flags 00000000, import 0
2025-03-08 05:44:39.715	NewData 00000000000000000000014b0000000000000000000000000000000000000002, block 303, flags 00000000, import 0
2025-03-08 05:44:39.719	NewBlock 303, Txs: 0, Rows: 5
2025-03-08 05:44:45.167	NewBlock 304, Txs: 0, Rows: 0
2025-03-08 05:44:48.611	NewBlock 305, Txs: 0, Rows: 0
2025-03-08 05:45:01.975	NewBlock 306, Txs: 0, Rows: 0
2025-03-08 05:45:07.620	Rolled back to block 305 successfully
2025-03-08 05:45:07.640	NewBlock 306, Txs: 0, Rows: 0
2025-03-08 05:45:07.659	NewBlock 307, Txs: 0, Rows: 0
2025-03-08 05:45:10.999	NewBlock 308, Txs: 0, Rows: 0
2025-03-08 05:45:15.044	NewBlock 309, Txs: 0, Rows: 0
2025-03-08 05:45:21.913	NewBlock 310, Txs: 0, Rows: 0
2025-03-08 05:45:34.177	NewBlock 311, Txs: 0, Rows: 0
2025-03-08 05:45:48.377	NewBlock 312, Txs: 0, Rows: 0
2025-03-08 05:46:11.481	NewBlock 313, Txs: 0, Rows: 0
2025-03-08 05:49:43.604	NewData 00000000000000000000014b0000000000000000000000000000000000000002, block -1, flags 00000000, import 0
2025-03-08 05:49:43.804	NewData 00000000000000000000014b0000000000000000000000000000000000000002, block -1, flags 00000000, import 0
2025-03-08 05:49:44.005	NewData 00000000000000000000014b0000000000000000000000000000000000000002, block -1, flags 00000000, import 0
2025-03-08 05:50:05.681	NewData 00000000000000000000014b0000000000000000000000000000000000000002, block 314, flags 00000000, import 0
2025-03-08 05:50:05.682	NewData 00000000000000000000014b0000000000000000000000000000000000000002, block 314, flags 00000000, import 0
2025-03-08 05:50:05.682	NewData 00000000000000000000014b0000000000000000000000000000000000000002, block 314, flags 00000000, import 0
2025-03-08 05:50:05.687	NewBlock 314, Txs: 0, Rows: 5
2025-03-08 05:50:15.664	NewBlock 315, Txs: 0, Rows: 0
2025-03-08 05:50:25.722	NewBlock 316, Txs: 0, Rows: 0
2025-03-08 05:50:32.436	NewBlock 317, Txs: 0, Rows: 0
2025-03-08 05:50:36.794	NewBlock 318, Txs: 0, Rows: 0
2025-03-08 05:50:45.613	NewBlock 319, Txs: 0, Rows: 0
2025-03-08 05:51:01.106	NewBlock 320, Txs: 0, Rows: 0
2025-03-08 05:51:14.406	NewBlock 321, Txs: 0, Rows: 0
2025-03-08 05:51:22.252	NewBlock 322, Txs: 0, Rows: 0
2025-03-08 05:51:38.566	NewBlock 323, Txs: 0, Rows: 0
2025-03-08 05:51:45.321	NewBlock 324, Txs: 0, Rows: 0
2025-03-08 05:52:11.944	NewData 00000000000000000000014b0000000000000000000000000000000000000002, block -1, flags 00000000, import 0
2025-03-08 05:52:12.145	NewData 00000000000000000000014b0000000000000000000000000000000000000002, block -1, flags 00000000, import 0
2025-03-08 05:52:12.346	NewData 00000000000000000000014b0000000000000000000000000000000000000002, block -1, flags 00000000, import 0
2025-03-08 05:52:13.795	Rolled back to block 323 successfully
2025-03-08 05:52:13.796	NewData 00000000000000000000014b0000000000000000000000000000000000000002, block -1, flags 00000000, import 0
2025-03-08 05:52:13.796	NewData 00000000000000000000014b0000000000000000000000000000000000000002, block -1, flags 00000000, import 0
2025-03-08 05:52:13.796	NewData 00000000000000000000014b0000000000000000000000000000000000000002, block -1, flags 00000000, import 0
2025-03-08 05:52:13.815	NewBlock 324, Txs: 0, Rows: 0
2025-03-08 05:52:13.836	NewData 00000000000000000000014b0000000000000000000000000000000000000002, block 325, flags 00000000, import 0
2025-03-08 05:52:13.836	NewData 00000000000000000000014b0000000000000000000000000000000000000002, block 325, flags 00000000, import 0
2025-03-08 05:52:13.836	NewData 00000000000000000000014b0000000000000000000000000000000000000002, block 325, flags 00000000, import 0
2025-03-08 05:52:13.843	NewBlock 325, Txs: 0, Rows: 5
2025-03-08 05:52:34.931	NewBlock 326, Txs: 0, Rows: 0
2025-03-08 05:52:47.938	NewBlock 327, Txs: 0, Rows: 0
2025-03-08 05:53:06.690	NewBlock 328, Txs: 0, Rows: 0
2025-03-08 05:53:13.431	NewBlock 329, Txs: 0, Rows: 0
2025-03-08 05:53:27.496	NewBlock 330, Txs: 0, Rows: 0
2025-03-08 05:53:41.163	NewBlock 331, Txs: 0, Rows: 0
2025-03-08 05:53:55.171	NewBlock 332, Txs: 0, Rows: 0
2025-03-08 05:54:10.654	NewBlock 333, Txs: 0, Rows: 0
2025-03-08 05:54:25.082	NewBlock 334, Txs: 0, Rows: 0
2025-03-08 05:54:51.477	NewBlock 335, Txs: 0, Rows: 0
2025-03-08 05:54:55.123	NewBlock 336, Txs: 0, Rows: 0
2025-03-08 06:51:21.215	NewData 00000000000000000000014b0000000000000000000000000000000000000002, block -1, flags 00000000, import 0
2025-03-08 06:51:21.518	NewData 00000000000000000000014b0000000000000000000000000000000000000002, block -1, flags 00000000, import 0
2025-03-08 06:51:21.721	NewData 00000000000000000000014b0000000000000000000000000000000000000002, block -1, flags 00000000, import 0
2025-03-08 06:51:34.641	NewData 00000000000000000000014b0000000000000000000000000000000000000002, block 337, flags 00000000, import 0
2025-03-08 06:51:34.642	NewData 00000000000000000000014b0000000000000000000000000000000000000002, block 337, flags 00000000, import 0
2025-03-08 06:51:34.642	NewData 00000000000000000000014b0000000000000000000000000000000000000002, block 337, flags 00000000, import 0
2025-03-08 06:51:34.651	NewBlock 337, Txs: 0, Rows: 5
2025-03-08 06:51:40.708	NewBlock 338, Txs: 0, Rows: 0
2025-03-08 06:51:44.463	NewBlock 339, Txs: 0, Rows: 0
2025-03-08 06:51:48.006	NewBlock 340, Txs: 0, Rows: 0
2025-03-08 06:51:51.264	NewBlock 341, Txs: 0, Rows: 0
2025-03-08 06:51:56.026	NewBlock 342, Txs: 0, Rows: 0
2025-03-08 06:51:59.294	NewBlock 343, Txs: 0, Rows: 0
2025-03-08 06:52:07.176	NewBlock 344, Txs: 0, Rows: 0
2025-03-08 06:52:14.211	NewBlock 345, Txs: 0, Rows: 0
2025-03-08 06:52:19.933	NewBlock 346, Txs: 0, Rows: 0
2025-03-08 06:52:24.697	NewBlock 347, Txs: 0, Rows: 0
2025-03-08 07:02:34.950	NewData 00000000000000000000014b0000000000000000000000000000000000000002, block -1, flags 00000000, import 0
2025-03-08 07:02:35.151	NewData 00000000000000000000014b0000000000000000000000000000000000000002, block -1, flags 00000000, import 0
2025-03-08 07:02:35.352	NewData 00000000000000000000014b0000000000000000000000000000000000000002, block -1, flags 00000000, import 0
2025-03-08 07:02:47.215	NewData 00000000000000000000014b0000000000000000000000000000000000000002, block 348, flags 00000000, import 0
2025-03-08 07:02:47.215	NewData 00000000000000000000014b0000000000000000000000000000000000000002, block 348, flags 00000000, import 0
2025-03-08 07:02:47.215	NewData 00000000000000000000014b0000000000000000000000000000000000000002, block 348, flags 00000000, import 0
2025-03-08 07:02:47.222	NewBlock 348, Txs: 0, Rows: 5
2025-03-08 07:02:54.877	NewBlock 349, Txs: 0, Rows: 0
2025-03-08 07:02:59.741	NewBlock 350, Txs: 0, Rows: 0
2025-03-08 07:03:04.198	NewBlock 351, Txs: 0, Rows: 0
2025-03-08 07:03:10.167	NewBlock 352, Txs: 0, Rows: 0
2025-03-08 07:03:14.627	NewBlock 353, Txs: 0, Rows: 0
2025-03-08 07:03:24.573	NewBlock 354, Txs: 0, Rows: 0
2025-03-08 07:03:30.679	NewBlock 355, Txs: 0, Rows: 0
2025-03-08 07:03:37.432	NewBlock 356, Txs: 0, Rows: 0
2025-03-08 07:03:43.995	NewBlock 357, Txs: 0, Rows: 0
2025-03-08 07:03:51.848	NewBlock 358, Txs: 0, Rows: 0
2025-03-08 07:06:08.171	NewData 00000000000000000000014b0000000000000000000000000000000000000002, block -1, flags 00000000, import 0
2025-03-08 07:06:08.372	NewData 00000000000000000000014b0000000000000000000000000000000000000002, block -1, flags 00000000, import 0
2025-03-08 07:06:08.573	NewData 00000000000000000000014b0000000000000000000000000000000000000002, block -1, flags 00000000, import 0
2025-03-08 07:06:20.697	NewData 00000000000000000000014b0000000000000000000000000000000000000002, block 359, flags 00000000, import 0
2025-03-08 07:06:20.697	NewData 00000000000000000000014b0000000000000000000000000000000000000002, block 359, flags 00000000, import 0
2025-03-08 07:06:20.697	NewData 00000000000000000000014b0000000000000000000000000000000000000002, block 359, flags 00000000, import 0
2025-03-08 07:06:20.700	NewBlock 359, Txs: 0, Rows: 5
2025-03-08 07:06:29.548	NewBlock 360, Txs: 0, Rows: 0
2025-03-08 07:06:38.977	NewBlock 361, Txs: 0, Rows: 0
2025-03-08 07:06:46.729	NewBlock 362, Txs: 0, Rows: 0
2025-03-08 07:06:50.071	NewBlock 363, Txs: 0, Rows: 0
2025-03-08 07:06:58.206	NewBlock 364, Txs: 0, Rows: 0
2025-03-08 07:07:03.739	NewBlock 365, Txs: 0, Rows: 0
2025-03-08 07:07:10.371	NewBlock 366, Txs: 0, Rows: 0
2025-03-08 07:07:25.806	NewBlock 367, Txs: 0, Rows: 0
2025-03-08 07:07:39.662	NewBlock 368, Txs: 0, Rows: 0
2025-03-08 07:08:00.954	NewBlock 369, Txs: 0, Rows: 0
2025-03-08 07:13:40.861	NewData 00000000000000000000014b0000000000000000000000000000000000000002, block -1, flags 00000000, import 0
2025-03-08 07:13:41.061	NewData 00000000000000000000014b0000000000000000000000000000000000000002, block -1, flags 00000000, import 0
2025-03-08 07:13:41.262	NewData 00000000000000000000014b0000000000000000000000000000000000000002, block -1, flags 00000000, import 0
2025-03-08 07:13:52.347	NewData 00000000000000000000014b0000000000000000000000000000000000000002, block 370, flags 00000000, import 0
2025-03-08 07:13:52.348	NewData 00000000000000000000014b0000000000000000000000000000000000000002, block 370, flags 00000000, import 0
2025-03-08 07:13:52.348	NewData 00000000000000000000014b0000000000000000000000000000000000000002, block 370, flags 00000000, import 0
2025-03-08 07:13:52.355	NewBlock 370, Txs: 0, Rows: 5
2025-03-08 07:13:56.506	NewBlock 371, Txs: 0, Rows: 0
2025-03-08 07:14:00.955	NewBlock 372, Txs: 0, Rows: 0
2025-03-08 07:14:16.479	NewBlock 373, Txs: 0, Rows: 0
2025-03-08 07:14:21.913	NewBlock 374, Txs: 0, Rows: 0
2025-03-08 07:14:28.559	NewBlock 375, Txs: 0, Rows: 0
2025-03-08 07:14:39.652	NewBlock 376, Txs: 0, Rows: 0
2025-03-08 07:14:52.871	NewBlock 377, Txs: 0, Rows: 0
2025-03-08 07:14:57.210	NewBlock 378, Txs: 0, Rows: 0
2025-03-08 07:15:02.854	NewBlock 379, Txs: 0, Rows: 0
2025-03-08 07:15:16.015	NewBlock 380, Txs: 0, Rows: 0
2025-03-08 07:20:11.163	NewData 00000000000000000000014b0000000000000000000000000000000000000002, block -1, flags 00000000, import 0
2025-03-08 07:20:11.364	NewData 00000000000000000000014b0000000000000000000000000000000000000002, block -1, flags 00000000, import 0
2025-03-08 07:20:11.665	NewData 00000000000000000000014b0000000000000000000000000000000000000002, block -1, flags 00000000, import 0
2025-03-08 07:20:30.986	NewData 00000000000000000000014b0000000000000000000000000000000000000002, block 381, flags 00000000, import 0
2025-03-08 07:20:30.986	NewData 00000000000000000000014b0000000000000000000000000000000000000002, block 381, flags 00000000, import 0
2025-03-08 07:20:30.986	NewData 00000000000000000000014b0000000000000000000000000000000000000002, block 381, flags 00000000, import 0
2025-03-08 07:20:30.993	NewBlock 381, Txs: 0, Rows: 5
2025-03-08 07:20:37.410	NewBlock 382, Txs: 0, Rows: 0
2025-03-08 07:20:41.894	NewBlock 383, Txs: 0, Rows: 0
2025-03-08 07:20:46.260	NewBlock 384, Txs: 0, Rows: 0
2025-03-08 07:20:50.750	NewBlock 385, Txs: 0, Rows: 0
2025-03-08 07:21:01.629	NewBlock 386, Txs: 0, Rows: 0
2025-03-08 07:21:17.213	NewBlock 387, Txs: 0, Rows: 0
2025-03-08 07:21:22.708	NewBlock 388, Txs: 0, Rows: 0
2025-03-08 07:21:29.359	NewBlock 389, Txs: 0, Rows: 0
2025-03-08 07:21:44.788	NewBlock 390, Txs: 0, Rows: 0
2025-03-08 07:21:44.822	NewBlock 391, Txs: 0, Rows: 0
2025-03-08 07:25:06.248	NewData 00000000000000000000014b0000000000000000000000000000000000000002, block -1, flags 00000000, import 0
2025-03-08 07:25:06.448	NewData 00000000000000000000014b0000000000000000000000000000000000000002, block -1, flags 00000000, import 0
2025-03-08 07:25:06.649	NewData 00000000000000000000014b0000000000000000000000000000000000000002, block -1, flags 00000000, import 0
2025-03-08 07:25:22.626	NewData 00000000000000000000014b0000000000000000000000000000000000000002, block 392, flags 00000000, import 0
2025-03-08 07:25:22.626	NewData 00000000000000000000014b0000000000000000000000000000000000000002, block 392, flags 00000000, import 0
2025-03-08 07:25:22.626	NewData 00000000000000000000014b0000000000000000000000000000000000000002, block 392, flags 00000000, import 0
2025-03-08 07:25:22.632	NewBlock 392, Txs: 0, Rows: 5
2025-03-08 07:25:28.174	NewBlock 393, Txs: 0, Rows: 0
2025-03-08 07:25:33.776	NewBlock 394, Txs: 0, Rows: 0
2025-03-08 07:25:41.443	NewBlock 395, Txs: 0, Rows: 0
2025-03-08 07:25:50.398	NewBlock 396, Txs: 0, Rows: 0
2025-03-08 07:26:01.359	NewBlock 397, Txs: 0, Rows: 0
2025-03-08 07:26:05.733	NewBlock 398, Txs: 0, Rows: 0
2025-03-08 07:26:17.884	NewBlock 399, Txs: 0, Rows: 0
2025-03-08 07:26:25.668	NewBlock 400, Txs: 0, Rows: 0
2025-03-08 07:26:33.411	NewBlock 401, Txs: 0, Rows: 0
2025-03-08 07:26:50.777	NewBlock 402, Txs: 0, Rows: 0
