Using RdSeed as additional entropy source
Using RdRand as an additional entropy source
2025-03-01 20:21:26 



















2025-03-01 20:21:26 MultiChain version build 2.3.1, Community Edition, protocol 20013 (Oct 30 2022)
2025-03-01 20:21:26 Using BerkeleyDB version Berkeley DB 4.8.30: (April  9, 2010)
2025-03-01 20:21:26 Default data directory /home/lothrok/Documents/projects/dist-ledger/data/retailer-chain/retailer-chain
2025-03-01 20:21:26 Using data directory /home/lothrok/Documents/projects/dist-ledger/data/retailer-chain/retailer-chain
2025-03-01 20:21:26 Using config file /home/lothrok/Documents/projects/dist-ledger/data/retailer-chain/retailer-chain/retailer-chain.conf
2025-03-01 20:21:26 Using at most 125 connections (1024 file descriptors available)
2025-03-01 20:21:26 Using 8 threads for script verification
2025-03-01 20:21:26 Using wallet wallet.dat
2025-03-01 20:21:26 init message: Verifying wallet...
2025-03-01 20:21:26 Wallet file doesn't exist. New file will be created with version 3.
2025-03-01 20:21:26 HTTP: creating work queue of depth 16
2025-03-01 20:21:26 HTTP: starting 4 worker threads
2025-03-01 20:21:26 init message: Initializing multichain...
2025-03-01 20:21:26 nFileVersion = 0
2025-03-01 20:21:26 Keys: 0 plaintext, 0 encrypted, 0 w/ metadata, 0 total
2025-03-01 20:21:26 mchn: Default key is not found - creating new... 
2025-03-01 20:21:26 keypool added key 1, size=1
2025-03-01 20:21:26 keypool added key 2, size=2
2025-03-01 20:21:26 mchn: Parameter set is new, THIS IS GENESIS NODE - looking for genesis block...
2025-03-01 20:21:26 mchn: Genesis block found
2025-03-01 20:21:26 mchn: Parameter set is valid - initializing blockchain parameters...
2025-03-01 20:21:26 Wallet mode: 00100103
2025-03-01 20:21:26 Node paused state is set to 00000000
2025-03-01 20:21:26 Bound to [::]:7743
2025-03-01 20:21:26 Bound to 0.0.0.0:7743
2025-03-01 20:21:26 Filter initialization completed
2025-03-01 20:21:26 Setting banned transaction list:    0 transactions
2025-03-01 20:21:26 init message: Loading block index...
2025-03-01 20:21:26 Opening LevelDB in /home/lothrok/Documents/projects/dist-ledger/data/retailer-chain/retailer-chain/blocks/index
2025-03-01 20:21:26 Opened LevelDB successfully
2025-03-01 20:21:26 Opening LevelDB in /home/lothrok/Documents/projects/dist-ledger/data/retailer-chain/retailer-chain/chainstate
2025-03-01 20:21:26 Opened LevelDB successfully
2025-03-01 20:21:26 nFileVersion = 100000
2025-03-01 20:21:26 Keys: 2 plaintext, 0 encrypted, 2 w/ metadata, 2 total
2025-03-01 20:21:26 LoadBlockIndexDB: last block file = 0
2025-03-01 20:21:26 LoadBlockIndexDB: last block file info: CBlockFileInfo(blocks=0, size=0, heights=0...0, time=1970-01-01...1970-01-01)
2025-03-01 20:21:26 Checking all blk files are present...
2025-03-01 20:21:26 LoadBlockIndexDB(): transaction index disabled
2025-03-01 20:21:26 Initializing databases...
2025-03-01 20:21:26 Pre-allocating up to position 0x1000000 in blk00000.dat
2025-03-01 20:21:26 New stream. TxID: d6b27e7a79327e241aaea5b68891093888d3b666a6a7ca8c4e8c022121ac82da, StreamRef: 0-81-33498, Name: root
2025-03-01 20:21:26 UpdateTip:            new best=0051bec96507d5921fe60fc72d9c50f88fc3654e2ea505e4390f85c32b768f74  height=0  log2_work=8  tx=1  date=2025-03-01 20:21:26 progress=1.000000  cache=0
2025-03-01 20:21:26 init message: Verifying blocks...
2025-03-01 20:21:26  block index              67ms
2025-03-01 20:21:26 MultiChain protocol version: 20013
2025-03-01 20:21:26 init message: Loading wallet...
2025-03-01 20:21:26 nFileVersion = 100000
2025-03-01 20:21:26 Keys: 2 plaintext, 0 encrypted, 2 w/ metadata, 2 total
2025-03-01 20:21:26  wallet                    0ms
2025-03-01 20:21:26 mapBlockIndex.size() = 1
2025-03-01 20:21:26 nBestHeight = 0
2025-03-01 20:21:26 setKeyPool.size() = 1
2025-03-01 20:21:26 oldWallet.size() = 0
2025-03-01 20:21:26 mapWallet.size() = 1
2025-03-01 20:21:26 mapAddressBook.size() = 1
2025-03-01 20:21:26 init message: Loading addresses...
2025-03-01 20:21:26 Invalid or missing peers.dat; recreating
2025-03-01 20:21:26 Loaded 0 addresses from peers.dat  0ms
2025-03-01 20:21:26 AddLocal(192.168.0.102:7743,1)
2025-03-01 20:21:26 Discover: IPv4 wlp0s20f3: 192.168.0.102
2025-03-01 20:21:26 AddLocal(172.18.0.1:7743,1)
2025-03-01 20:21:26 Discover: IPv4 br-745edfe8f712: 172.18.0.1
2025-03-01 20:21:26 AddLocal(172.17.0.1:7743,1)
2025-03-01 20:21:26 Discover: IPv4 docker0: 172.17.0.1
2025-03-01 20:21:26 AddLocal([fe80::f6fe:1be2:2ed8:20dc]:7743,1)
2025-03-01 20:21:26 Discover: IPv6 wlp0s20f3: fe80::f6fe:1be2:2ed8:20dc
2025-03-01 20:21:26 dnsseed thread start
2025-03-01 20:21:26 Loading addresses from DNS seeds (could take a while)
2025-03-01 20:21:26 0 addresses found from DNS seeds
2025-03-01 20:21:26 dnsseed thread exit
2025-03-01 20:21:26 opencon thread start
2025-03-01 20:21:26 addcon thread start
2025-03-01 20:21:26 net thread start
2025-03-01 20:21:26 msghand thread start
2025-03-01 20:21:26 gmsghand thread start
2025-03-01 20:21:26 dmsghand thread start
2025-03-01 20:21:26 tmsghand thread start
2025-03-01 20:21:26 omsghand thread start
2025-03-01 20:21:26 dumpaddr thread start
2025-03-01 20:21:26 init message: Reaccepting unconfirmed wallet transactions...
2025-03-01 20:21:26 MultiChainMiner started
2025-03-01 20:21:26 init message: Done loading
2025-03-01 20:21:26 Node started
2025-03-01 20:21:26 MultiChainMiner: Block Found - 00edb4a10ff188904100cdc351356fef5a34097a5e8ecb6273af0220f699170f, prev: 0051bec96507d5921fe60fc72d9c50f88fc3654e2ea505e4390f85c32b768f74, height: 1, txs: 1
2025-03-01 20:21:26 Pre-allocating up to position 0x100000 in rev00000.dat
2025-03-01 20:21:26 UpdateTip:            new best=00edb4a10ff188904100cdc351356fef5a34097a5e8ecb6273af0220f699170f  height=1  log2_work=9  tx=2  date=2025-03-01 20:21:27 progress=1.000000  cache=0
2025-03-01 20:21:26 MultiChainMiner: Block Found - 006b074118ed1d612af5d51677ba94c3d2951baf29d92d2fd81ae61b7c5294ba, prev: 00edb4a10ff188904100cdc351356fef5a34097a5e8ecb6273af0220f699170f, height: 2, txs: 1
2025-03-01 20:21:26 UpdateTip:            new best=006b074118ed1d612af5d51677ba94c3d2951baf29d92d2fd81ae61b7c5294ba  height=2  log2_work=9.5849625  tx=3  date=2025-03-01 20:21:28 progress=1.000000  cache=0
2025-03-01 20:21:35 mchn: Granting mine,admin permission(s) to address 1FmpYUKY4mNNFcWzKQazkEvVzieVkhRt8GUYyR (0-4294967295)
2025-03-01 20:21:35 CommitTransaction: e587e7006c859ccb58732be5c9183e3055c8445c0684f5580938a1286f80b975, vin: 1, vout: 3
2025-03-01 20:21:38 MultiChainMiner terminated
2025-03-01 20:21:38 MultiChainMiner started
2025-03-01 20:21:40 CommitTransaction: 7ee88f0555a3cf94f27e426851a65327c15eb3fa84a377162ac57c85d764b7b2, vin: 1, vout: 2
2025-03-01 20:21:40 New stream. TxID: 7ee88f0555a3cf94f27e426851a65327c15eb3fa84a377162ac57c85d764b7b2, unconfirmed, Name: retailer_transactions
2025-03-01 20:21:40 CommitTransaction: 1b7b96f3f835a81d5529a093a8dc51f6df87821d5c5b9b2ee52a15a76f83f031, vin: 1, vout: 2
2025-03-01 20:21:40 New stream. TxID: 1b7b96f3f835a81d5529a093a8dc51f6df87821d5c5b9b2ee52a15a76f83f031, unconfirmed, Name: merkle_roots
2025-03-01 20:21:41 wtxs: AddExplorerTx  Error: 6
2025-03-01 20:21:41 wtxs: AddExplorerTx  Error: 6
2025-03-01 20:21:41 wtxs: AddExplorerTx  Error: 6
2025-03-01 20:21:41 wtxs: AddExplorerTx  Error: 6
2025-03-01 20:21:44 MultiChainMiner terminated
2025-03-01 20:21:44 MultiChainMiner started
2025-03-01 20:21:55 mchn: Sending full parameter set to 192.168.0.102:41142
2025-03-01 20:21:55 receive version message: /MultiChain:0.2.0.13/: version 70002, blocks=-1, us=192.168.0.102:7743, peer=1
2025-03-01 20:21:55 Added time data, samples 2, offset +0 (+0 minutes)
2025-03-01 20:21:55 disconnecting peer=1
2025-03-01 20:21:55 mchn: Sending minimal parameter set to 192.168.0.102:41148
2025-03-01 20:21:55 receive version message: /MultiChain:0.2.0.13/: version 70002, blocks=0, us=192.168.0.102:7743, peer=2
2025-03-01 20:21:55 mchn: Parameter set from peer=2 verified
2025-03-01 20:21:55 mchn: Synced with node 2 on block 2 - requesting mempool
2025-03-01 20:21:56 mchn: Sending minimal parameter set to 192.168.0.102:7753
2025-03-01 20:21:56 receive version message: /MultiChain:0.2.0.13/: version 70002, blocks=0, us=192.168.0.102:53874, peer=3
2025-03-01 20:21:56 mchn: Parameter set from peer=3 verified
2025-03-01 20:21:56 mchn: mempool request from node 2 on block 2 - start pushing txs
2025-03-01 20:21:56 mchn: pushed 3 inv records to queue
2025-03-01 20:21:56 socket recv error Connection reset by peer (104)
2025-03-01 20:21:56 disconnecting peer=2
2025-03-01 20:21:56 mchn: In sync with 3 on block 2 - start pushing txs
2025-03-01 20:21:56 mchn: pushed 3 inv records to queue
2025-03-01 20:21:56 mchn: Synced with node 3 on block 2 - requesting mempool
2025-03-01 20:21:56 mchn: pushed 3 inv records to queue
2025-03-01 20:22:06 MultiChainMiner: Block Found - 0033f51a6e57818638a77c3cef4eacaa0f64e29fcf6c26d3c623dcc29e09b1c9, prev: 006b074118ed1d612af5d51677ba94c3d2951baf29d92d2fd81ae61b7c5294ba, height: 3, txs: 4
2025-03-01 20:22:06 New stream. TxID: 7ee88f0555a3cf94f27e426851a65327c15eb3fa84a377162ac57c85d764b7b2, StreamRef: 3-559-47026, Name: retailer_transactions
2025-03-01 20:22:06 New stream. TxID: 1b7b96f3f835a81d5529a093a8dc51f6df87821d5c5b9b2ee52a15a76f83f031, StreamRef: 3-796-61489, Name: merkle_roots
2025-03-01 20:22:06 UpdateTip:            new best=0033f51a6e57818638a77c3cef4eacaa0f64e29fcf6c26d3c623dcc29e09b1c9  height=3  log2_work=10  tx=7  date=2025-03-01 20:22:06 progress=1.000000  cache=0
2025-03-01 20:22:12 mchn: Sending full parameter set to 192.168.0.102:35144
2025-03-01 20:22:12 receive version message: /MultiChain:0.2.0.13/: version 70002, blocks=-1, us=192.168.0.102:7743, peer=4
2025-03-01 20:22:12 disconnecting peer=4
2025-03-01 20:22:12 mchn: Sending minimal parameter set to 192.168.0.102:35150
2025-03-01 20:22:12 receive version message: /MultiChain:0.2.0.13/: version 70002, blocks=0, us=192.168.0.102:7743, peer=5
2025-03-01 20:22:12 mchn: Parameter set from peer=5 verified
2025-03-01 20:22:13 mchn: Synced with node 5 on block 3 - requesting mempool
2025-03-01 20:22:13 mchn: Sending minimal parameter set to 172.17.0.1:7763
2025-03-01 20:22:13 receive version message: /MultiChain:0.2.0.13/: version 70002, blocks=0, us=192.168.0.102:50514, peer=6
2025-03-01 20:22:13 Added time data, samples 3, offset +0 (+0 minutes)
2025-03-01 20:22:13 mchn: mempool request from node 5 on block 3 - start pushing txs
2025-03-01 20:22:13 mchn: pushed 0 inv records to queue
2025-03-01 20:22:13 mchn: Parameter set from peer=6 verified
2025-03-01 20:22:13 disconnecting peer=5
2025-03-01 20:22:13 mchn: In sync with 6 on block 3 - start pushing txs
2025-03-01 20:22:13 mchn: pushed 0 inv records to queue
2025-03-01 20:22:13 mchn: Synced with node 6 on block 3 - requesting mempool
2025-03-01 20:22:13 mchn: pushed 0 inv records to queue
2025-03-01 20:22:13 mchn: Sending minimal parameter set to 192.168.0.102:7763
2025-03-01 20:22:13 receive version message: /MultiChain:0.2.0.13/: version 70002, blocks=3, us=192.168.0.102:35458, peer=7
2025-03-01 20:22:13 mchn: Parameter set from peer=7 verified
2025-03-01 20:22:14 mchn: In sync with 7 on block 3 - start pushing txs
2025-03-01 20:22:14 mchn: pushed 0 inv records to queue
2025-03-01 20:22:14 mchn: Synced with node 7 on block 3 - requesting mempool
2025-03-01 20:22:14 mchn: pushed 0 inv records to queue
2025-03-01 20:22:23 MultiChainMiner: Block Found - 00d5cfc0abbf0028713d5291c6282685cd5e797de5a40f9f514dacc12fe42adc, prev: 0033f51a6e57818638a77c3cef4eacaa0f64e29fcf6c26d3c623dcc29e09b1c9, height: 4, txs: 1
2025-03-01 20:22:23 UpdateTip:            new best=00d5cfc0abbf0028713d5291c6282685cd5e797de5a40f9f514dacc12fe42adc  height=4  log2_work=10.321928  tx=8  date=2025-03-01 20:22:23 progress=1.000000  cache=0
2025-03-01 20:22:29 mchn: Sending full parameter set to 192.168.0.102:56706
2025-03-01 20:22:29 receive version message: /MultiChain:0.2.0.13/: version 70002, blocks=-1, us=192.168.0.102:7743, peer=8
2025-03-01 20:22:29 disconnecting peer=8
2025-03-01 20:22:29 mchn: Sending minimal parameter set to 192.168.0.102:56710
2025-03-01 20:22:29 receive version message: /MultiChain:0.2.0.13/: version 70002, blocks=0, us=192.168.0.102:7743, peer=9
2025-03-01 20:22:29 mchn: Parameter set from peer=9 verified
2025-03-01 20:22:29 mchn: Sending minimal parameter set to 172.17.0.1:7773
2025-03-01 20:22:29 receive version message: /MultiChain:0.2.0.13/: version 70002, blocks=0, us=192.168.0.102:42168, peer=10
2025-03-01 20:22:29 mchn: Synced with node 9 on block 4 - requesting mempool
2025-03-01 20:22:29 mchn: Parameter set from peer=10 verified
2025-03-01 20:22:30 mchn: mempool request from node 9 on block 4 - start pushing txs
2025-03-01 20:22:30 mchn: pushed 0 inv records to queue
2025-03-01 20:22:30 disconnecting peer=9
2025-03-01 20:22:30 mchn: Synced with node 10 on block 4 - requesting mempool
2025-03-01 20:22:30 mchn: mempool request from node 10 on block 4 - start pushing txs
2025-03-01 20:22:30 mchn: pushed 0 inv records to queue
2025-03-01 20:22:30 mchn: Sending minimal parameter set to 192.168.0.102:7773
2025-03-01 20:22:30 receive version message: /MultiChain:0.2.0.13/: version 70002, blocks=4, us=192.168.0.102:47474, peer=11
2025-03-01 20:22:30 mchn: Parameter set from peer=11 verified
2025-03-01 20:22:30 mchn: mempool request from node 11 on block 4 - start pushing txs
2025-03-01 20:22:30 mchn: pushed 0 inv records to queue
2025-03-01 20:22:30 mchn: Synced with node 11 on block 4 - requesting mempool
2025-03-01 20:22:40 MultiChainMiner: Block Found - 003001cd6f74b56e94f4d46966701a42342896a11812d02ae21fb52c0cae598f, prev: 00d5cfc0abbf0028713d5291c6282685cd5e797de5a40f9f514dacc12fe42adc, height: 5, txs: 1
2025-03-01 20:22:40 UpdateTip:            new best=003001cd6f74b56e94f4d46966701a42342896a11812d02ae21fb52c0cae598f  height=5  log2_work=10.584963  tx=9  date=2025-03-01 20:22:40 progress=1.000000  cache=0
2025-03-01 20:22:48 mchn: Granting connect,send,receive,mine,admin permission(s) to address 1JFv4ikd4xhNTtnYkQw6LEp85Kqx9ZSxbiS4ao (0-4294967295)
2025-03-01 20:22:48 CommitTransaction: ee38c7aac125a0a7be33c013de4db3c49439670cd0c5588d3a890e068e94cad1, vin: 1, vout: 3
2025-03-01 20:22:50 MultiChainMiner terminated
2025-03-01 20:22:50 MultiChainMiner started
2025-03-01 20:22:59 mchn: Granting connect,send,receive,mine,admin permission(s) to address 1JAgKnG6DSjHCCnnmwY9XTHoFcifTDeBp7vpmW (0-4294967295)
2025-03-01 20:22:59 CommitTransaction: 1ed1b98164162e3146dc95a224f50d7020759a05ce3694e3c860fc1f69a6254c, vin: 1, vout: 3
2025-03-01 20:23:01 MultiChainMiner terminated
2025-03-01 20:23:01 MultiChainMiner started
2025-03-01 20:23:10 mchn: Granting connect,send,receive,mine,admin permission(s) to address 1YRcNcVeaefJcnc5agcLrbRhnQFrLrcKHhMJNR (0-4294967295)
2025-03-01 20:23:10 CommitTransaction: 90d0efe6e2df5d808d52d7343f6fc7a426f265aedd0c20f3696d6a4716bb3148, vin: 1, vout: 3
2025-03-01 20:23:12 MultiChainMiner terminated
2025-03-01 20:23:12 MultiChainMiner started
2025-03-01 20:23:23 mchn: Sending minimal parameter set to 192.168.0.102:36478
2025-03-01 20:23:23 receive version message: /MultiChain:0.2.0.13/: version 70002, blocks=5, us=192.168.0.102:7743, peer=12
2025-03-01 20:23:23 mchn: Parameter set from peer=12 verified
2025-03-01 20:23:23 mchn: In sync with 12 on block 5 - start pushing txs
2025-03-01 20:23:23 mchn: pushed 3 inv records to queue
2025-03-01 20:23:23 mchn: Synced with node 12 on block 5 - requesting mempool
2025-03-01 20:23:23 mchn: Sending minimal parameter set to 192.168.0.102:36490
2025-03-01 20:23:23 receive version message: /MultiChain:0.2.0.13/: version 70002, blocks=5, us=192.168.0.102:7743, peer=13
2025-03-01 20:23:23 mchn: pushed 3 inv records to queue
2025-03-01 20:23:23 disconnecting peer=12
2025-03-01 20:23:24 mchn: Parameter set from peer=13 verified
2025-03-01 20:23:24 mchn: mempool request from node 13 on block 5 - start pushing txs
2025-03-01 20:23:24 mchn: pushed 3 inv records to queue
2025-03-01 20:23:24 mchn: Sending minimal parameter set to 192.168.0.102:36496
2025-03-01 20:23:24 disconnecting peer=13
2025-03-01 20:23:24 receive version message: /MultiChain:0.2.0.13/: version 70002, blocks=5, us=192.168.0.102:7743, peer=14
2025-03-01 20:23:24 mchn: Parameter set from peer=14 verified
2025-03-01 20:23:24 mchn: In sync with 14 on block 5 - start pushing txs
2025-03-01 20:23:24 mchn: pushed 3 inv records to queue
2025-03-01 20:23:24 mchn: Synced with node 14 on block 5 - requesting mempool
2025-03-01 20:23:24 disconnecting peer=14
2025-03-01 20:23:25 MultiChainMiner: Block Found - 00b7d490bfe7eaefaef98b40e9650a3419b306e0cc230e4e7600a88f64879dc8, prev: 003001cd6f74b56e94f4d46966701a42342896a11812d02ae21fb52c0cae598f, height: 6, txs: 4
2025-03-01 20:23:25 UpdateTip:            new best=00b7d490bfe7eaefaef98b40e9650a3419b306e0cc230e4e7600a88f64879dc8  height=6  log2_work=10.807355  tx=13  date=2025-03-01 20:23:25 progress=1.000000  cache=0
2025-03-01 20:23:34 MultiChainMiner: Block Found - 00993dd967f4fd66b4952057b5ee447ffc0fa85a4a60a786bfd60104d981f1be, prev: 00b7d490bfe7eaefaef98b40e9650a3419b306e0cc230e4e7600a88f64879dc8, height: 7, txs: 1
2025-03-01 20:23:34 UpdateTip:            new best=00993dd967f4fd66b4952057b5ee447ffc0fa85a4a60a786bfd60104d981f1be  height=7  log2_work=11  tx=14  date=2025-03-01 20:23:34 progress=1.000000  cache=0
2025-03-01 20:23:55 UpdateTip:            new best=0095e015c41a6e6e620ed6e23d585f91760fe95f2c6aecffb3e1a306547303f0  height=8  log2_work=11.169925  tx=15  date=2025-03-01 20:23:55 progress=1.000000  cache=0
2025-03-01 20:24:09 UpdateTip:            new best=008a53941bbc21e35a578bd1d88ec85c76e451b05770057c469c7f3c18e9ba87  height=9  log2_work=11.321928  tx=16  date=2025-03-01 20:24:09 progress=1.000000  cache=0
2025-03-01 20:24:30 MultiChainMiner: Block Found - 00abe041b1f5c5f65e5a3295a01c98e2166cf1500a0309cf8dd6c7af1bef07e1, prev: 008a53941bbc21e35a578bd1d88ec85c76e451b05770057c469c7f3c18e9ba87, height: 10, txs: 1
2025-03-01 20:24:30 UpdateTip:            new best=00abe041b1f5c5f65e5a3295a01c98e2166cf1500a0309cf8dd6c7af1bef07e1  height=10  log2_work=11.459432  tx=17  date=2025-03-01 20:24:30 progress=1.000000  cache=0
2025-03-01 20:24:43 MultiChainMiner: Block Found - 00b46a134637fb04352c25bb31bb2a2917c28339881453987a63624045e1baf8, prev: 00abe041b1f5c5f65e5a3295a01c98e2166cf1500a0309cf8dd6c7af1bef07e1, height: 11, txs: 1
2025-03-01 20:24:43 UpdateTip:            new best=00b46a134637fb04352c25bb31bb2a2917c28339881453987a63624045e1baf8  height=11  log2_work=11.584963  tx=18  date=2025-03-01 20:24:43 progress=1.000000  cache=0
2025-03-01 20:25:01 MultiChainMiner: Block Found - 00f5dccb6cc8862bdbe764916a11e9bb5572c8cce90bc6d00e34e3ee4b1c6e4c, prev: 00b46a134637fb04352c25bb31bb2a2917c28339881453987a63624045e1baf8, height: 12, txs: 1
2025-03-01 20:25:01 UpdateTip:            new best=00f5dccb6cc8862bdbe764916a11e9bb5572c8cce90bc6d00e34e3ee4b1c6e4c  height=12  log2_work=11.70044  tx=19  date=2025-03-01 20:25:01 progress=1.000000  cache=0
2025-03-01 20:25:07 UpdateTip:            new best=0009d05beb4b1967b5bdb8a71bb5de8c55fad641bc77e6d2a7be7c9420d8ff5d  height=13  log2_work=11.807355  tx=20  date=2025-03-01 20:25:07 progress=1.000000  cache=0
2025-03-01 20:25:13 MultiChainMiner: Block Found - 00438d4c485d3e6fba62dc6f9105b72eb36399cdf1806338750380503625581d, prev: 0009d05beb4b1967b5bdb8a71bb5de8c55fad641bc77e6d2a7be7c9420d8ff5d, height: 14, txs: 1
2025-03-01 20:25:13 UpdateTip:            new best=00438d4c485d3e6fba62dc6f9105b72eb36399cdf1806338750380503625581d  height=14  log2_work=11.906891  tx=21  date=2025-03-01 20:25:13 progress=1.000000  cache=0
2025-03-01 20:25:28 MultiChainMiner: Block Found - 0002d0b74133b436a14904ecb0b044cc1404a006a4b9246e32e9104f9f822f69, prev: 00438d4c485d3e6fba62dc6f9105b72eb36399cdf1806338750380503625581d, height: 15, txs: 1
2025-03-01 20:25:28 UpdateTip:            new best=0002d0b74133b436a14904ecb0b044cc1404a006a4b9246e32e9104f9f822f69  height=15  log2_work=12  tx=22  date=2025-03-01 20:25:27 progress=1.000000  cache=0
2025-03-01 20:25:44 MultiChainMiner: Block Found - 005fb6aad70508f5a3b808401bc08b64a9d18b3be5b0f8b0633cde29c86ebbca, prev: 0002d0b74133b436a14904ecb0b044cc1404a006a4b9246e32e9104f9f822f69, height: 16, txs: 1
2025-03-01 20:25:44 UpdateTip:            new best=005fb6aad70508f5a3b808401bc08b64a9d18b3be5b0f8b0633cde29c86ebbca  height=16  log2_work=12.087463  tx=23  date=2025-03-01 20:25:44 progress=1.000000  cache=0
2025-03-01 20:26:03 MultiChainMiner: Block Found - 00d3e9891f2ed0b37da606f67eb5a9e6e121b10b793c8b3847206888b4eccb17, prev: 005fb6aad70508f5a3b808401bc08b64a9d18b3be5b0f8b0633cde29c86ebbca, height: 17, txs: 1
2025-03-01 20:26:03 UpdateTip:            new best=00d3e9891f2ed0b37da606f67eb5a9e6e121b10b793c8b3847206888b4eccb17  height=17  log2_work=12.169925  tx=24  date=2025-03-01 20:26:03 progress=1.000000  cache=0
2025-03-01 20:26:21 UpdateTip:            new best=00a3836a5e9984ec2759579ade08b0a5ca84c2efc88ddb6ecb59888f788a310d  height=18  log2_work=12.247928  tx=25  date=2025-03-01 20:26:21 progress=1.000000  cache=0
2025-03-01 20:26:35 MultiChainMiner: Block Found - 00e9c3c120d03352ea76b85fbb20dac7066b72518ab7139cf9c11e0ddf99780a, prev: 00a3836a5e9984ec2759579ade08b0a5ca84c2efc88ddb6ecb59888f788a310d, height: 19, txs: 1
2025-03-01 20:26:35 UpdateTip:            new best=00e9c3c120d03352ea76b85fbb20dac7066b72518ab7139cf9c11e0ddf99780a  height=19  log2_work=12.321928  tx=26  date=2025-03-01 20:26:35 progress=1.000000  cache=0
2025-03-01 20:26:52 MultiChainMiner: Block Found - 00762bd0500516f21eae1c5aead521c4d99b79facf5adc788e14aa0dcfb4c408, prev: 00e9c3c120d03352ea76b85fbb20dac7066b72518ab7139cf9c11e0ddf99780a, height: 20, txs: 1
2025-03-01 20:26:52 UpdateTip:            new best=00762bd0500516f21eae1c5aead521c4d99b79facf5adc788e14aa0dcfb4c408  height=20  log2_work=12.392317  tx=27  date=2025-03-01 20:26:52 progress=1.000000  cache=0
2025-03-01 20:27:06 UpdateTip:            new best=00da0272a51f73b2fbe1587deaf752d8e936be95ceaf27a02984e04f16da2645  height=21  log2_work=12.459432  tx=28  date=2025-03-01 20:27:06 progress=1.000000  cache=0
2025-03-01 20:27:20 UpdateTip:            new best=00151db8ed3ab56c551cf39a3463531133f0956451f8292bbcd2c40039e194c3  height=22  log2_work=12.523562  tx=29  date=2025-03-01 20:27:19 progress=1.000000  cache=0
2025-03-01 20:27:35 UpdateTip:            new best=00404bd305597b5affa3ec7af454fb8010973077c1b315b52181f8d334560d27  height=23  log2_work=12.584963  tx=30  date=2025-03-01 20:27:34 progress=1.000000  cache=0
2025-03-01 20:27:46 UpdateTip:            new best=003ffcd9663493345a87abbdda2f66849e238883cdb96af461c360e594a4521b  height=24  log2_work=12.643856  tx=31  date=2025-03-01 20:27:46 progress=1.000000  cache=0
2025-03-01 20:27:59 UpdateTip:            new best=00b85e492d3311b511d148289e79a5e98e8b6cf14bbefa708f779ed0266cb6e7  height=25  log2_work=12.70044  tx=32  date=2025-03-01 20:27:59 progress=1.000000  cache=0
2025-03-01 20:28:16 MultiChainMiner: Block Found - 00be6a83b60d30844d83adf3b7894bd5d4c691509e1e85c18ed1c5d999adc6e3, prev: 00b85e492d3311b511d148289e79a5e98e8b6cf14bbefa708f779ed0266cb6e7, height: 26, txs: 1
2025-03-01 20:28:16 UpdateTip:            new best=00be6a83b60d30844d83adf3b7894bd5d4c691509e1e85c18ed1c5d999adc6e3  height=26  log2_work=12.754888  tx=33  date=2025-03-01 20:28:16 progress=1.000000  cache=0
2025-03-01 20:28:39 MultiChainMiner: Block Found - 00d4beb7908de466d01e07ef44f24809ecbafbe473cd7683532bec825e8fc16a, prev: 00be6a83b60d30844d83adf3b7894bd5d4c691509e1e85c18ed1c5d999adc6e3, height: 27, txs: 1
2025-03-01 20:28:39 UpdateTip:            new best=00d4beb7908de466d01e07ef44f24809ecbafbe473cd7683532bec825e8fc16a  height=27  log2_work=12.807355  tx=34  date=2025-03-01 20:28:39 progress=1.000000  cache=0
2025-03-01 20:28:47 MultiChainMiner: Block Found - 00f0e77d55947194411539f0f600e47bcfc99aef62302dd6bab90747f7497367, prev: 00d4beb7908de466d01e07ef44f24809ecbafbe473cd7683532bec825e8fc16a, height: 28, txs: 1
2025-03-01 20:28:47 UpdateTip:            new best=00f0e77d55947194411539f0f600e47bcfc99aef62302dd6bab90747f7497367  height=28  log2_work=12.857981  tx=35  date=2025-03-01 20:28:47 progress=1.000000  cache=0
2025-03-01 20:29:07 UpdateTip:            new best=00a513f58e388da78279ba61db5f0cc4e3d31ee102724f466cee13043328d986  height=29  log2_work=12.906891  tx=36  date=2025-03-01 20:29:06 progress=1.000000  cache=0
2025-03-01 20:29:18 MultiChainMiner: Block Found - 00dfeb5f86a2d469654c8dae25073e20e0a4b727911b124e5a73077b19b9347b, prev: 00a513f58e388da78279ba61db5f0cc4e3d31ee102724f466cee13043328d986, height: 30, txs: 1
2025-03-01 20:29:18 UpdateTip:            new best=00dfeb5f86a2d469654c8dae25073e20e0a4b727911b124e5a73077b19b9347b  height=30  log2_work=12.954196  tx=37  date=2025-03-01 20:29:18 progress=1.000000  cache=0
2025-03-01 20:29:38 MultiChainMiner: Block Found - 009d721d7a0df4479ff4a0c80c292dbbd0f2eab0d0f7f047bac7ec81abd4270b, prev: 00dfeb5f86a2d469654c8dae25073e20e0a4b727911b124e5a73077b19b9347b, height: 31, txs: 1
2025-03-01 20:29:38 UpdateTip:            new best=009d721d7a0df4479ff4a0c80c292dbbd0f2eab0d0f7f047bac7ec81abd4270b  height=31  log2_work=13  tx=38  date=2025-03-01 20:29:38 progress=1.000000  cache=0
2025-03-01 20:29:39 Accepted header for block 004a0eb706b9bba895d2d6ee93e8600457d930576500a0868c54199b2a18697f found on alternative chain at height 31
2025-03-01 20:29:47 UpdateTip:            new best=001068e5c488c76ef1a3ee55f78bd2b3248c135ae5b6d43b86106ca16121a952  height=32  log2_work=13.044394  tx=39  date=2025-03-01 20:29:47 progress=1.000000  cache=0
2025-03-01 20:30:01 UpdateTip:            new best=00ac59ba2bfa4b4a83579b600355bfec1f2033b02de0a3202b755d2749714dac  height=33  log2_work=13.087463  tx=40  date=2025-03-01 20:30:00 progress=1.000000  cache=0
2025-03-01 20:30:16 MultiChainMiner: Block Found - 0042377170f787b6a7611cba5640b5b75f818343d6d411e1f60ac10c64c30fda, prev: 00ac59ba2bfa4b4a83579b600355bfec1f2033b02de0a3202b755d2749714dac, height: 34, txs: 1
2025-03-01 20:30:16 UpdateTip:            new best=0042377170f787b6a7611cba5640b5b75f818343d6d411e1f60ac10c64c30fda  height=34  log2_work=13.129283  tx=41  date=2025-03-01 20:30:16 progress=1.000000  cache=0
2025-03-01 20:30:34 MultiChainMiner: Block Found - 009ea523b9017b02d0d23586882a5f047f82dcbbdebe9508eef1f83e694c7846, prev: 0042377170f787b6a7611cba5640b5b75f818343d6d411e1f60ac10c64c30fda, height: 35, txs: 1
2025-03-01 20:30:34 UpdateTip:            new best=009ea523b9017b02d0d23586882a5f047f82dcbbdebe9508eef1f83e694c7846  height=35  log2_work=13.169925  tx=42  date=2025-03-01 20:30:34 progress=1.000000  cache=0
2025-03-01 20:30:49 MultiChainMiner: Block Found - 00fea52e3bed9269910b2feca0f0b21995e82468c66dfd4139a9b2146b164d3a, prev: 009ea523b9017b02d0d23586882a5f047f82dcbbdebe9508eef1f83e694c7846, height: 36, txs: 1
2025-03-01 20:30:49 UpdateTip:            new best=00fea52e3bed9269910b2feca0f0b21995e82468c66dfd4139a9b2146b164d3a  height=36  log2_work=13.209453  tx=43  date=2025-03-01 20:30:49 progress=1.000000  cache=0
2025-03-01 20:30:50 Accepted header for block 0015a36dad286ebde602aafaaf5eae1b4b239c3ed63f267d7806d5a6d5aeaccb found on alternative chain at height 36
2025-03-01 20:31:07 Accepted header for block 0057e02814d8414c33c918caee74c1aa3306afa253ee950c9de769b8d01b97be found on alternative chain at height 37
2025-03-01 20:31:07 Tx not accepted in resurrection after block: 5643f78f01da582e1d0e0c02e4c07ee14535f020a5cc4b8166747ea0fbbbf67a
2025-03-01 20:31:07 UpdateTip:            new best=009ea523b9017b02d0d23586882a5f047f82dcbbdebe9508eef1f83e694c7846  height=35  log2_work=13.169925  tx=42  date=2025-03-01 20:30:34 progress=1.000000  cache=0
2025-03-01 20:31:07 UpdateTip:            new best=0015a36dad286ebde602aafaaf5eae1b4b239c3ed63f267d7806d5a6d5aeaccb  height=36  log2_work=13.209453  tx=43  date=2025-03-01 20:30:50 progress=1.000000  cache=0
2025-03-01 20:31:07 UpdateTip:            new best=0057e02814d8414c33c918caee74c1aa3306afa253ee950c9de769b8d01b97be  height=37  log2_work=13.247928  tx=44  date=2025-03-01 20:31:06 progress=1.000000  cache=0
2025-03-01 20:31:15 MultiChainMiner: Block Found - 00f4b428da63bb6067bbd81939c47e3f4be0eb135846a3e71c2724b0f6f49c6c, prev: 0057e02814d8414c33c918caee74c1aa3306afa253ee950c9de769b8d01b97be, height: 38, txs: 1
2025-03-01 20:31:15 UpdateTip:            new best=00f4b428da63bb6067bbd81939c47e3f4be0eb135846a3e71c2724b0f6f49c6c  height=38  log2_work=13.285402  tx=45  date=2025-03-01 20:31:15 progress=1.000000  cache=0
2025-03-01 20:31:30 UpdateTip:            new best=0003941e00984b4a0264534a50ba844de6fb7f4d0b41aef2dadfa217c08c45d3  height=39  log2_work=13.321928  tx=46  date=2025-03-01 20:31:29 progress=1.000000  cache=0
2025-03-01 20:31:50 UpdateTip:            new best=00d22b70016bfadc398a2814a00721c0bf1030fbfd0a990f5319737717d242e8  height=40  log2_work=13.357552  tx=47  date=2025-03-01 20:31:49 progress=1.000000  cache=0
2025-03-01 20:32:03 UpdateTip:            new best=00961c4fcc2165d6d7c1a4d0f415603d955ef5c9a7a5a74516a5f6a81363199e  height=41  log2_work=13.392317  tx=48  date=2025-03-01 20:32:03 progress=1.000000  cache=0
2025-03-01 20:32:17 UpdateTip:            new best=0013a04d635d551ca50d7f1d48eda11c587cc80466f8b8a3be010164c0ea96e3  height=42  log2_work=13.426265  tx=49  date=2025-03-01 20:32:17 progress=1.000000  cache=0
2025-03-01 20:32:30 UpdateTip:            new best=00dd40f8f91bfa1d3643020f55084dd89f81381d7d8ff1589a3e7af817566456  height=43  log2_work=13.459432  tx=50  date=2025-03-01 20:32:29 progress=1.000000  cache=0
2025-03-01 20:32:45 UpdateTip:            new best=00cbedd15dc8adc205abd4c3c349dc0be2e34528358079c6bc0f659bce558ee7  height=44  log2_work=13.491853  tx=51  date=2025-03-01 20:32:45 progress=1.000000  cache=0
2025-03-01 20:33:03 MultiChainMiner: Block Found - 00e4bb50d453d47b11aaaf7d58fe7b8141bd8983a422bc89fb64602847bc433d, prev: 00cbedd15dc8adc205abd4c3c349dc0be2e34528358079c6bc0f659bce558ee7, height: 45, txs: 1
2025-03-01 20:33:03 UpdateTip:            new best=00e4bb50d453d47b11aaaf7d58fe7b8141bd8983a422bc89fb64602847bc433d  height=45  log2_work=13.523562  tx=52  date=2025-03-01 20:33:03 progress=1.000000  cache=0
2025-03-01 20:33:20 MultiChainMiner: Block Found - 00aa990807b4b7dff95c96d7445b020e0c653d8b5e365c6bf642ece3136a06b7, prev: 00e4bb50d453d47b11aaaf7d58fe7b8141bd8983a422bc89fb64602847bc433d, height: 46, txs: 1
2025-03-01 20:33:20 UpdateTip:            new best=00aa990807b4b7dff95c96d7445b020e0c653d8b5e365c6bf642ece3136a06b7  height=46  log2_work=13.554589  tx=53  date=2025-03-01 20:33:20 progress=1.000000  cache=0
2025-03-01 20:33:31 UpdateTip:            new best=002d2446dd157b2ea90709b223ab0932e62c11f488e6074028f67325cd5dab0e  height=47  log2_work=13.584963  tx=54  date=2025-03-01 20:33:31 progress=1.000000  cache=0
2025-03-01 20:33:52 MultiChainMiner: Block Found - 005c743804fbe429525db958d645ff9f4145726b0526e21dc1e6825c15eaec7b, prev: 002d2446dd157b2ea90709b223ab0932e62c11f488e6074028f67325cd5dab0e, height: 48, txs: 1
2025-03-01 20:33:52 UpdateTip:            new best=005c743804fbe429525db958d645ff9f4145726b0526e21dc1e6825c15eaec7b  height=48  log2_work=13.61471  tx=55  date=2025-03-01 20:33:52 progress=1.000000  cache=0
2025-03-01 20:34:09 UpdateTip:            new best=008beb5b7b407aec3c937ffd8e9029848ec146c4383fa92fe43d78581d29080a  height=49  log2_work=13.643856  tx=56  date=2025-03-01 20:34:08 progress=1.000000  cache=0
2025-03-01 20:34:13 MultiChainMiner: Block Found - 003a8f23d2d6aee7badc7e42b8f44ea210549e2f83dc219913c473ed1ebd62b4, prev: 008beb5b7b407aec3c937ffd8e9029848ec146c4383fa92fe43d78581d29080a, height: 50, txs: 1
2025-03-01 20:34:13 UpdateTip:            new best=003a8f23d2d6aee7badc7e42b8f44ea210549e2f83dc219913c473ed1ebd62b4  height=50  log2_work=13.672425  tx=57  date=2025-03-01 20:34:13 progress=1.000000  cache=0
2025-03-01 20:34:34 UpdateTip:            new best=0033a226b98be70c34ff378f35f2005fdfe1b3befc5ccd6d444edc32b6148229  height=51  log2_work=13.70044  tx=58  date=2025-03-01 20:34:34 progress=1.000000  cache=0
2025-03-01 20:34:44 MultiChainMiner: Block Found - 00c73d67e8bcbbe8ad30535e9ec7949d5fcd19cc1157293ceb1852e7ed5eada9, prev: 0033a226b98be70c34ff378f35f2005fdfe1b3befc5ccd6d444edc32b6148229, height: 52, txs: 1
2025-03-01 20:34:44 UpdateTip:            new best=00c73d67e8bcbbe8ad30535e9ec7949d5fcd19cc1157293ceb1852e7ed5eada9  height=52  log2_work=13.72792  tx=59  date=2025-03-01 20:34:44 progress=1.000000  cache=0
2025-03-01 20:35:02 UpdateTip:            new best=003a6e8643e8785ccf25bf6408efd70d790bd2f0a85b535bd9a7600e5d7a2899  height=53  log2_work=13.754888  tx=60  date=2025-03-01 20:35:01 progress=1.000000  cache=0
2025-03-01 20:35:15 MultiChainMiner: Block Found - 00685f5593db13badb1985a13531fa3ad0894a933194f7a9f3f4293801c69427, prev: 003a6e8643e8785ccf25bf6408efd70d790bd2f0a85b535bd9a7600e5d7a2899, height: 54, txs: 1
2025-03-01 20:35:15 UpdateTip:            new best=00685f5593db13badb1985a13531fa3ad0894a933194f7a9f3f4293801c69427  height=54  log2_work=13.78136  tx=61  date=2025-03-01 20:35:15 progress=1.000000  cache=0
2025-03-01 20:35:34 UpdateTip:            new best=006362ef77230df8baafb2750e782537bcb6e169cbbd18656fd46b78eb362ea7  height=55  log2_work=13.807355  tx=62  date=2025-03-01 20:35:34 progress=1.000000  cache=0
2025-03-01 20:35:56 UpdateTip:            new best=00e600b099c3aba0167d05ae9fe390d866e9298e6cf0ee58adbe683cc774a81d  height=56  log2_work=13.83289  tx=63  date=2025-03-01 20:35:56 progress=1.000000  cache=0
2025-03-01 20:36:01 UpdateTip:            new best=00bb544e2152b64fde64198b2c2573288ec984981c45a9dbec528edc95a664e0  height=57  log2_work=13.857981  tx=64  date=2025-03-01 20:36:00 progress=1.000000  cache=0
2025-03-01 20:36:17 UpdateTip:            new best=000fce9da5cdeace725ca0fcab7d35bcb004a76203d4dbd49266faab9f2f0935  height=58  log2_work=13.882643  tx=65  date=2025-03-01 20:36:16 progress=1.000000  cache=0
2025-03-01 20:36:32 UpdateTip:            new best=0035add84dd657abf27a257cda43699d54f75335b0a73e90b855804cb9235543  height=59  log2_work=13.906891  tx=66  date=2025-03-01 20:36:31 progress=1.000000  cache=0
2025-03-01 20:44:21 keypool added key 3, size=2
2025-03-01 20:44:21 keypool added key 4, size=2
2025-03-01 20:44:26 CommitTransaction: 3b1079220ea40d99e8cc63eecda4a30a28af8917e990ddcc985c8583cc430a20, vin: 1, vout: 2
2025-03-01 20:44:44 MultiChainMiner: Block Found - 00e6f3f479ea8170dd724e9b76dd9c0cf43d0f68b8f9135f0eee76597d053666, prev: 0035add84dd657abf27a257cda43699d54f75335b0a73e90b855804cb9235543, height: 60, txs: 2
2025-03-01 20:44:44 UpdateTip:            new best=00e6f3f479ea8170dd724e9b76dd9c0cf43d0f68b8f9135f0eee76597d053666  height=60  log2_work=13.930737  tx=68  date=2025-03-01 20:44:44 progress=1.000000  cache=0
2025-03-01 20:44:51 UpdateTip:            new best=0079e2545fdb58c22ba1f379c74d8432f3c0f730eb778f754fdd859b3db7145c  height=61  log2_work=13.954196  tx=69  date=2025-03-01 20:44:51 progress=1.000000  cache=0
2025-03-01 20:44:59 UpdateTip:            new best=007dcf097c316e26c6a06932087d78ca1635af7ec381e7a387845ca292df9ad7  height=62  log2_work=13.97728  tx=70  date=2025-03-01 20:44:59 progress=1.000000  cache=0
2025-03-01 20:45:11 keypool added key 5, size=2
2025-03-01 20:45:11 keypool added key 6, size=2
2025-03-01 20:45:15 CommitTransaction: 34b1a626ed841a8d06c924b59a5a262b2366b9891fcdc700d0d63d7909954613, vin: 1, vout: 2
2025-03-01 20:45:16 MultiChainMiner: Block Found - 0019e95766e3b99cd681b3fa6b6cccb18166da63237b761d1f131d44b3d66404, prev: 007dcf097c316e26c6a06932087d78ca1635af7ec381e7a387845ca292df9ad7, height: 63, txs: 2
2025-03-01 20:45:16 UpdateTip:            new best=0019e95766e3b99cd681b3fa6b6cccb18166da63237b761d1f131d44b3d66404  height=63  log2_work=14  tx=72  date=2025-03-01 20:45:16 progress=1.000000  cache=0
2025-03-01 20:45:16 Accepted header for block 00879e3cd8e16e988552d158c5e8ca6b97090e0dd6a5ca57812b4d68bfd6ab5c found on alternative chain at height 63
2025-03-01 20:45:16 Tx not accepted in resurrection after block: dfff27d96a73a189e5cc4fa14a69f2f93c67f1a26fa159e949df94ceceb29705
2025-03-01 20:45:16 UpdateTip:            new best=007dcf097c316e26c6a06932087d78ca1635af7ec381e7a387845ca292df9ad7  height=62  log2_work=13.97728  tx=70  date=2025-03-01 20:44:59 progress=1.000000  cache=1
2025-03-01 20:45:16 UpdateTip:            new best=00879e3cd8e16e988552d158c5e8ca6b97090e0dd6a5ca57812b4d68bfd6ab5c  height=63  log2_work=14  tx=72  date=2025-03-01 20:45:16 progress=1.000000  cache=0
2025-03-01 20:45:23 MultiChainMiner: Block Found - 0044c80a3c1f8755fa1b80b2eec21889276c2feba94132f7b1139607edafa9bf, prev: 00879e3cd8e16e988552d158c5e8ca6b97090e0dd6a5ca57812b4d68bfd6ab5c, height: 64, txs: 1
2025-03-01 20:45:23 UpdateTip:            new best=0044c80a3c1f8755fa1b80b2eec21889276c2feba94132f7b1139607edafa9bf  height=64  log2_work=14.022368  tx=73  date=2025-03-01 20:45:23 progress=1.000000  cache=0
2025-03-01 20:45:30 UpdateTip:            new best=00f0af6e869ae71f20fee7dcce98339b59e2a110baed034480b4c39ec85c34b3  height=65  log2_work=14.044394  tx=74  date=2025-03-01 20:45:29 progress=1.000000  cache=0
2025-03-01 20:45:34 MultiChainMiner: Block Found - 00966fff564e8ab246e7d3c2b445c8b43bc5b7397819da44e44d8f18b90745d7, prev: 00f0af6e869ae71f20fee7dcce98339b59e2a110baed034480b4c39ec85c34b3, height: 66, txs: 1
2025-03-01 20:45:34 UpdateTip:            new best=00966fff564e8ab246e7d3c2b445c8b43bc5b7397819da44e44d8f18b90745d7  height=66  log2_work=14.066089  tx=75  date=2025-03-01 20:45:34 progress=1.000000  cache=0
2025-03-01 20:45:43 UpdateTip:            new best=00fa94b720f449617413d0b9b36163bc3e34326032209eefd4435f7e4eecb48f  height=67  log2_work=14.087463  tx=76  date=2025-03-01 20:45:42 progress=1.000000  cache=0
2025-03-01 20:45:53 MultiChainMiner: Block Found - 00aad12f7afcaad27df935ac3b9e3120cbeae5cff37107a6545dfa8ab8c5985a, prev: 00fa94b720f449617413d0b9b36163bc3e34326032209eefd4435f7e4eecb48f, height: 68, txs: 1
2025-03-01 20:45:53 UpdateTip:            new best=00aad12f7afcaad27df935ac3b9e3120cbeae5cff37107a6545dfa8ab8c5985a  height=68  log2_work=14.108524  tx=77  date=2025-03-01 20:45:53 progress=1.000000  cache=0
2025-03-01 20:46:03 keypool added key 7, size=2
2025-03-01 20:46:04 keypool added key 8, size=2
2025-03-01 20:46:04 UpdateTip:            new best=00f56b3da0bd44c59102277317c94b0ab681ad92946bd5c5f9d10846da802ce5  height=69  log2_work=14.129283  tx=78  date=2025-03-01 20:46:04 progress=1.000000  cache=0
2025-03-01 20:46:14 MultiChainMiner: Block Found - 00bd15df2b73e8071b26d033ab4fab5b62f99e4077165797c186f34aa62d86cf, prev: 00f56b3da0bd44c59102277317c94b0ab681ad92946bd5c5f9d10846da802ce5, height: 70, txs: 1
2025-03-01 20:46:14 UpdateTip:            new best=00bd15df2b73e8071b26d033ab4fab5b62f99e4077165797c186f34aa62d86cf  height=70  log2_work=14.149747  tx=79  date=2025-03-01 20:46:14 progress=1.000000  cache=0
2025-03-01 20:46:24 UpdateTip:            new best=00c2b57a24a04a4b41a143135361052acae040b3b60578485a44767ea953c58b  height=71  log2_work=14.169925  tx=80  date=2025-03-01 20:46:23 progress=1.000000  cache=0
2025-03-01 20:46:50 MultiChainMiner: Block Found - 00b17115eec03fc337204a788f9b4bfc225477dbc939f3d7afd3c8253cbbf6d2, prev: 00c2b57a24a04a4b41a143135361052acae040b3b60578485a44767ea953c58b, height: 72, txs: 1
2025-03-01 20:46:50 UpdateTip:            new best=00b17115eec03fc337204a788f9b4bfc225477dbc939f3d7afd3c8253cbbf6d2  height=72  log2_work=14.189825  tx=81  date=2025-03-01 20:46:50 progress=1.000000  cache=0
2025-03-01 20:47:11 UpdateTip:            new best=00016ccb6154d12362723978e3a12872a5185d25973aeb4a8702070e188b3d4c  height=73  log2_work=14.209453  tx=82  date=2025-03-01 20:47:11 progress=1.000000  cache=0
2025-03-01 20:47:32 UpdateTip:            new best=00ba926418a1b5b9afa87e6c4652d6560adb475d14288b5c79c4ab31792c72e2  height=74  log2_work=14.228819  tx=83  date=2025-03-01 20:47:32 progress=1.000000  cache=0
2025-03-01 20:47:42 UpdateTip:            new best=00c8f7d10c3c2a42acd21d2774551ded3eaf1c4370e5a841ca2fcdec215a6563  height=75  log2_work=14.247928  tx=84  date=2025-03-01 20:47:41 progress=1.000000  cache=0
2025-03-01 20:47:55 MultiChainMiner: Block Found - 008626e356e97888e3e81f4e98e0738a041af0e689f149ea9b8a2b31246e22ff, prev: 00c8f7d10c3c2a42acd21d2774551ded3eaf1c4370e5a841ca2fcdec215a6563, height: 76, txs: 1
2025-03-01 20:47:55 UpdateTip:            new best=008626e356e97888e3e81f4e98e0738a041af0e689f149ea9b8a2b31246e22ff  height=76  log2_work=14.266787  tx=85  date=2025-03-01 20:47:55 progress=1.000000  cache=0
2025-03-01 20:48:14 UpdateTip:            new best=0027d54e1322e43c5b1e10f6b19838dd05e0e7e55815b6936a000cd22fb061f1  height=77  log2_work=14.285402  tx=86  date=2025-03-01 20:48:13 progress=1.000000  cache=0
2025-03-01 20:48:22 UpdateTip:            new best=00913907f864a58f660b5ebd604b0cdef52b6668caf03ce0b2a61af8f359fdfa  height=78  log2_work=14.303781  tx=87  date=2025-03-01 20:48:21 progress=1.000000  cache=0
2025-03-01 20:48:29 keypool added key 9, size=2
2025-03-01 20:48:35 UpdateTip:            new best=00832cf2607ec1321e61450ddde8b893d607a1e115289c73042fcdec05156b94  height=79  log2_work=14.321928  tx=88  date=2025-03-01 20:48:34 progress=1.000000  cache=0
2025-03-01 20:48:53 UpdateTip:            new best=0099b5c44284ec5ae60b35802fc506b6520265d80a0874a450252496ae5d4530  height=80  log2_work=14.33985  tx=89  date=2025-03-01 20:48:52 progress=1.000000  cache=0
2025-03-01 20:49:07 UpdateTip:            new best=00467fea0bf77f67b90d2cb404777e9132b53c95a745709fb8dbe2f4bd60a893  height=81  log2_work=14.357552  tx=90  date=2025-03-01 20:49:06 progress=1.000000  cache=0
2025-03-01 20:49:19 MultiChainMiner: Block Found - 001252c14de207a71a63d07fcd38f7857651f3821415fa52932019a174ee33ce, prev: 00467fea0bf77f67b90d2cb404777e9132b53c95a745709fb8dbe2f4bd60a893, height: 82, txs: 1
2025-03-01 20:49:19 UpdateTip:            new best=001252c14de207a71a63d07fcd38f7857651f3821415fa52932019a174ee33ce  height=82  log2_work=14.375039  tx=91  date=2025-03-01 20:49:19 progress=1.000000  cache=0
2025-03-01 20:49:37 UpdateTip:            new best=006a2ba7a8caca439a10863e4c9441b2b2e6531e6fa9aecd24bff4cae0122488  height=83  log2_work=14.392317  tx=92  date=2025-03-01 20:49:36 progress=1.000000  cache=0
2025-03-01 20:51:36 keypool added key 10, size=2
2025-03-01 20:51:36 keypool added key 11, size=2
2025-03-01 20:51:42 keypool added key 12, size=2
2025-03-01 21:40:33 CommitTransaction: 653bc8c71bb0997b6ae063e2fbb31c18fedf9f885fe904ca25ea173d05fa6bf9, vin: 1, vout: 2
2025-03-01 21:40:33 CommitTransaction: 654713080128ec688c42de63425317d747aeabab89686a620950ae314ea613ca, vin: 1, vout: 2
2025-03-01 21:40:34 CommitTransaction: 0ca00eb3d58d75b0c716e352b4dac054608e2bc236270c035ff8e6ffda277fe8, vin: 1, vout: 2
2025-03-01 21:40:34 CommitTransaction: 8a43160ed9406be14f12eed1962a0ae40c853e9fe86418aff47cdc4eb67f0b1f, vin: 1, vout: 2
2025-03-01 21:40:34 CommitTransaction: 91f911837e57387bf28f4241eb2e1d40586d4c4ce64753ce29391fb5f43ff016, vin: 1, vout: 2
2025-03-01 21:40:35 CommitTransaction: 8f8943dc441a6ca6e00cd6f9bece6e6820e3c37c9b420fada006c06759159ba8, vin: 1, vout: 2
2025-03-01 21:40:35 CommitTransaction: 81786ae36be4dbaf1f952a5e7a0f4587ece7c786b9e64a32230d013d9bff65b4, vin: 1, vout: 2
2025-03-01 21:40:36 CommitTransaction: db81a7138cfa9b0456a862bf0336ba3aba529127525d4016505c6e798ab986dd, vin: 1, vout: 2
2025-03-01 21:40:36 CommitTransaction: 2bf3b4ae6d02f0a3bd14d93772b00a61edcd75f7851bbc6c08c20f2d54e529a8, vin: 1, vout: 2
2025-03-01 21:40:37 CommitTransaction: 93eef1fcb16bb555aa9f3a59ba0be5c346a20f8a8244d3153dffcde57db28cc7, vin: 1, vout: 2
2025-03-01 21:40:37 CommitTransaction: d8a567fa3c08ea4f9e4f62db06fae9975a18a285865f3a40cef8c2b4b4775592, vin: 1, vout: 2
2025-03-01 21:40:37 CommitTransaction: a1bf68162319f6d29957bd626d302ae770271fe977f2e86e0755eca4144fb89e, vin: 1, vout: 2
2025-03-01 21:40:38 CommitTransaction: 09a4e5d7a8864970eafcf8146134c2b0ce7084509bb38882317878a33bc9ad07, vin: 1, vout: 2
2025-03-01 21:40:38 CommitTransaction: ff54b2a9f50eadc49f1a732be2a279c7684f572ed587e384e064df87fa5caf1f, vin: 1, vout: 2
2025-03-01 21:40:39 CommitTransaction: c4f298e4a93bf6538538eced3039c75658134600fd0dbda6117a67258fb0ae17, vin: 1, vout: 2
2025-03-01 21:40:39 CommitTransaction: a126493f6a386179151f96f73524a3599862a69db95f4f2d2d29211628b61208, vin: 1, vout: 2
2025-03-01 21:40:40 CommitTransaction: c5b99e172205130d269502426494ce17a329fa82eedb936d9a225aaf02a8846b, vin: 1, vout: 2
2025-03-01 21:40:40 CommitTransaction: e77e09876b4493d5f61e1744c1e6f8ac721e67930a19fde3768cbb6e51ebf9e6, vin: 1, vout: 2
2025-03-01 21:40:41 CommitTransaction: b16a599a60c6da0a626c585a9087ee832e7392efa2fe4d8caa9bd612a05eb628, vin: 1, vout: 2
2025-03-01 21:40:41 CommitTransaction: 30e1926a8300f68b0d0219387cd327501c7345722991c813828326b74c1bd21c, vin: 1, vout: 2
2025-03-01 21:40:41 CommitTransaction: 51f9f74e4e66561a1142e3f4a42a3c1c85a479c465457d1375ba8ab31ff6b438, vin: 1, vout: 2
2025-03-01 21:40:42 CommitTransaction: b65b54ab88470d0c3c54a179efff70bd43bc4e81efb89a4b53f144fc6ff6fcd1, vin: 1, vout: 2
2025-03-01 21:40:42 CommitTransaction: 4a462e64833747dd13d8fb96e606b7a4f51ec18e99dc384d3ccb73414d593b9f, vin: 1, vout: 2
2025-03-01 21:40:43 CommitTransaction: 2be177855370b5e5a8e8975c85cc8b12a9e48c5def83fb7710524aa1e95be600, vin: 1, vout: 2
2025-03-01 21:40:43 CommitTransaction: 134b9a0b1b4eac4cc26ea19286ba8786f4d83f8fef4debba57ccbb6df3e13f0f, vin: 1, vout: 2
2025-03-01 21:40:44 CommitTransaction: bf17df9f550ba8189df12c74e28d32e55cda5edb24a2d65e7cc0454523fa0eb5, vin: 1, vout: 2
2025-03-01 21:40:44 CommitTransaction: ffbc63d6b4e80bd557fe0f9046b833d3cbbe22584d76339a198786031acb26ac, vin: 1, vout: 2
2025-03-01 21:40:44 CommitTransaction: fcef18d523f0d541426eed4fd329959e42cc1c9787bbe60b5516c9d87237a285, vin: 1, vout: 2
2025-03-01 21:40:45 CommitTransaction: 301410876bf7653c5823fbf6fc713efed095f9f83c22a1c2e32c35addbc4b6be, vin: 1, vout: 2
2025-03-01 21:40:45 CommitTransaction: 405cd4f16e6851366e390328df1cda556568f8a02ccef9a17b79ca98187484a0, vin: 1, vout: 2
2025-03-01 21:40:46 CommitTransaction: 329472ff5593022921259590a61d9dcc2eaba8700582f0db91a902787f394ef7, vin: 1, vout: 2
2025-03-01 21:40:46 CommitTransaction: 3932a134639e55e219cfc8f2c2f792536df7f7dbf7706870653c1020f924bbd7, vin: 1, vout: 2
2025-03-01 21:40:47 CommitTransaction: b4da0eab2d3d88ec3c4e0148c87c7c00e5fe888aba13585d154b1c31f8d24a3f, vin: 1, vout: 2
2025-03-01 21:40:47 UpdateTip:            new best=00d59c7797d67a30f3ec4d5192cd13a615d21f34fa7c786949477268d84fbde8  height=84  log2_work=14.409391  tx=124  date=2025-03-01 21:40:46 progress=1.000000  cache=0
2025-03-01 21:40:47 CommitTransaction: 8b9eaa03da89b110865bf03ce3c8574c62a83f67622df5e9c2fd829bcdf760c9, vin: 1, vout: 2
2025-03-01 21:40:48 CommitTransaction: b8ca909de1d19f854d3e39635d3e039c55c8a37dabb02e6845be5dcc20a44aff, vin: 1, vout: 2
2025-03-01 21:40:48 CommitTransaction: ba8b38c0138b99d0a9cf957d0c20a4feda64e7783f2b2835734f76d2c78bbbb1, vin: 1, vout: 2
2025-03-01 21:40:48 CommitTransaction: 7430b1b14142950983aa384469ae6c278c6ca0202cb8a7ca9b35b55573e35826, vin: 1, vout: 2
2025-03-01 21:40:49 CommitTransaction: d69a9e3e1652b1904e274c31977eb9ac3977a761fa145a441cc9529047fa432b, vin: 1, vout: 2
2025-03-01 21:40:49 CommitTransaction: f6ba56decd23144907effe8454c8d76d397037e68338017f7e452328a4c67109, vin: 1, vout: 2
2025-03-01 21:40:50 CommitTransaction: 6e3bbb8664c52f349dd55bc789dd5eac6f13dc5032978fe97a966867669a5941, vin: 1, vout: 2
2025-03-01 21:40:50 CommitTransaction: 18fae387be2d201643190242fe3f09b24b3c2c60d98e619fa67c5b961d38c8f9, vin: 1, vout: 2
2025-03-01 21:40:51 CommitTransaction: 6cff2cf0d6e62ad48e4c9312a1d9d77679908e3961a09190f366cdf644e92d6b, vin: 1, vout: 2
2025-03-01 21:40:51 CommitTransaction: b818c209f7235ce551e0003c8ac2193ad51c43f13e060fd3c1da540be577bb04, vin: 1, vout: 2
2025-03-01 21:40:51 UpdateTip:            new best=00f03c0e02f52af774b8c4d424f429cd5a37a63de6022f617a735ad60427f05b  height=85  log2_work=14.426265  tx=135  date=2025-03-01 21:40:51 progress=1.000000  cache=0
2025-03-01 21:40:51 CommitTransaction: c3152cccb3c83686d35a242d9d50d4961bbb1d7582489f4cdd9d00de249b8be1, vin: 1, vout: 2
2025-03-01 21:40:52 CommitTransaction: 89b7e3161d5470cfc8158b273f9a73ff326dd9ddb86693666216280921b2359c, vin: 1, vout: 2
2025-03-01 21:40:52 CommitTransaction: 9ce917491bb3f7ebfae1bf1a34923b46d481a448c79c2fcb6e28db9c3b29b2e1, vin: 1, vout: 2
2025-03-01 21:40:53 CommitTransaction: 034661545c262989050a022ac0a31f1e4d0fc0ad8cd8c234864dc5bce144a202, vin: 1, vout: 2
2025-03-01 21:40:53 CommitTransaction: 57e8241b60f83ad34c9f49e8269cc5422c475c1a854703d590d1aaff056bcfef, vin: 1, vout: 2
2025-03-01 21:40:54 CommitTransaction: 2446f0cab32986ba3618c782763f54a2ec2f7b5cf0c4e1b4560ab7061ca0147b, vin: 1, vout: 2
2025-03-01 21:40:54 CommitTransaction: 2913fc3d3742b69840b63b9d58bf9a9e784d43a6cd75bf8c1455a742acef02e3, vin: 1, vout: 2
2025-03-01 21:40:55 CommitTransaction: 5290486258aa3c9884dce6f0aee5fcaccda88238c0d1a5374d6316f36b86407a, vin: 1, vout: 2
2025-03-01 21:40:55 CommitTransaction: 7b904ae2296d1ff4f8dfcb7213b786d74afc6a400a61729814fdbcbf53811f1d, vin: 1, vout: 2
2025-03-01 21:40:55 CommitTransaction: 0a93045b6848d70e90e82cad08da36335396d8aeb85da01159453ddb5ca29252, vin: 1, vout: 2
2025-03-01 21:40:56 CommitTransaction: 9959f381ca307e39934ac612bbd8e1384c6faa1f34fcaf583f8b8085a644bdac, vin: 1, vout: 2
2025-03-01 21:40:56 CommitTransaction: 5f378e02b14b12bac0546a83780a11bfc28f89c91c1e957b6c4af8e47d7f743a, vin: 1, vout: 2
2025-03-01 21:40:57 CommitTransaction: 1f37ffe1f1f191bb8440cf380e2d12e5c0c95df3e00aaa145ef307b9c06ee7ef, vin: 1, vout: 2
2025-03-01 21:40:57 CommitTransaction: 4f2d5b477677ce46da6a36ef4a0c8b40dd0aea755f0652f349857f674af313f9, vin: 1, vout: 2
2025-03-01 21:40:58 CommitTransaction: 960cbf2652f0826c93e05d2c7cd1210efd8cf66024a1c89c14619b8502131088, vin: 1, vout: 2
2025-03-01 21:40:58 CommitTransaction: f8be3e91604ee4ebe40ccb913a968b65111d0cc6c27dec2a0cee514986ffc164, vin: 1, vout: 2
2025-03-01 21:40:59 CommitTransaction: ca1872aec9cb97e5e8e0a60fec2f679c24e216310d5f9c07947f99d6f70b5892, vin: 1, vout: 2
2025-03-01 21:40:59 CommitTransaction: 075a0bec34211ebaf2e2e663c66285bd498e3304422339e1156d9a352b02f87d, vin: 1, vout: 2
2025-03-01 21:41:00 CommitTransaction: 505cddea5dbc44a9d2aa90b332ca74c1fb3d4d64a2b785c8eb73f6f25a74c23a, vin: 1, vout: 2
2025-03-01 21:41:00 CommitTransaction: 51ec9a5a5ca4d0ab27bebdf05f152085f5049dece6d905ede08be242599fff78, vin: 1, vout: 2
2025-03-01 21:41:00 CommitTransaction: c6faedb7a9a0cd3a5443b3a902da1319cbe12a892ea1388df7c81171308a8b8c, vin: 1, vout: 2
2025-03-01 21:41:01 CommitTransaction: c7cf697ac34516bed43fe3e949763271ccefeb8ea6e98133e2b2fd34c8fcf344, vin: 1, vout: 2
2025-03-01 21:41:01 CommitTransaction: 131240654e229482ed1a0a8614d9c41f6fbfa016706a8af66c4f3fe9f2970ece, vin: 1, vout: 2
2025-03-01 21:41:02 CommitTransaction: 1e34a4a58100f427635fd603d83c2d070eda8a40a1690e6337b8dab1e0e02082, vin: 1, vout: 2
2025-03-01 21:41:02 CommitTransaction: 1abcd03d6d1696b404d471c85898e815b4e5c715a8b751d871c30b09d9a7c63f, vin: 1, vout: 2
2025-03-01 21:41:03 CommitTransaction: 314ae2e963c5af1207140da7b2d1f35128a4ab4666e29866ecbb0f124930632c, vin: 1, vout: 2
2025-03-01 21:41:03 CommitTransaction: 8ec9c1255dbc96f3ecb4fd141cb2fcca76954cd1c5a7229d876c10eae7ebff95, vin: 1, vout: 2
2025-03-01 21:41:03 CommitTransaction: a1fe45a682ffd244e54a95338c7a809c480da6689c0b43c29149f5715af402f4, vin: 1, vout: 2
2025-03-01 21:41:04 CommitTransaction: b0f6ab81fc17e297916d234eba911311c05d673c0ecfae732cc87467cdb4b468, vin: 1, vout: 2
2025-03-01 21:41:04 CommitTransaction: cde49e79c084863f9beda2137172c08ecc7bddca2dab562700cb403812ef360a, vin: 1, vout: 2
2025-03-01 21:41:05 CommitTransaction: 70759b80245cf139e56b127b82ae525381aff9519b25ba1d5fbd4aee6e1f61f5, vin: 1, vout: 2
2025-03-01 21:41:05 CommitTransaction: d2ab5ed906227c669539801de08128f51416a6dd43e7bce0137799a5cf4a2184, vin: 1, vout: 2
2025-03-01 21:41:06 CommitTransaction: 259d06672ac48a854110c7c7b66c9e3284cbbf16bf40254c3c619c5afc9554c7, vin: 1, vout: 2
2025-03-01 21:41:06 CommitTransaction: 51b624040a458a83df0ba61f40391e01c9c15915b874a12fe0fff443bdcb5d87, vin: 1, vout: 2
2025-03-01 21:41:06 CommitTransaction: 985e7eef8fac717e30643e0188f7f6b07e1475a32f5dfc02620a30b930ee0825, vin: 1, vout: 2
2025-03-01 21:41:07 CommitTransaction: edeeeb825ad2eb71089ba53553f3e3abc9e937e6c36f2f196975b2b67400f0aa, vin: 1, vout: 2
2025-03-01 21:41:07 CommitTransaction: 2d5b670b3d0a46e024bd8b737eb9755524ef70bb8c74d41630a84c486345fbd3, vin: 1, vout: 2
2025-03-01 21:41:08 CommitTransaction: 21423415751988286b47b082a4edb5b0b4dbf615d4b71873711a037ce9be85be, vin: 1, vout: 2
2025-03-01 21:41:08 MultiChainMiner: Block Found - 005c603d57fc20111208a5cd90f97dbd4107b52939939a4fd7d516489fb87738, prev: 00f03c0e02f52af774b8c4d424f429cd5a37a63de6022f617a735ad60427f05b, height: 86, txs: 41
2025-03-01 21:41:08 UpdateTip:            new best=005c603d57fc20111208a5cd90f97dbd4107b52939939a4fd7d516489fb87738  height=86  log2_work=14.442943  tx=176  date=2025-03-01 21:41:08 progress=1.000000  cache=0
2025-03-01 21:41:08 CommitTransaction: cab56e13c5594b2f2fa5475efcbab77fbef0974638cf345ea99ade9122fa6e80, vin: 1, vout: 2
2025-03-01 21:41:09 CommitTransaction: b3b5094cf85bb2f269cf23dd1471389ac8024c219255cc351eab31b2649873bb, vin: 1, vout: 2
2025-03-01 21:41:09 Accepted header for block 00fa9f88c582655e089e3157cb0da85288cc2e0b726eb527195df315412b9a49 found on alternative chain at height 86
2025-03-01 21:41:09 Tx not accepted in resurrection after block: ae1562419b8adbce2eedc01864e9a4c243b766df4d160016a8e541f6f4925b08
2025-03-01 21:41:09 UpdateTip:            new best=00f03c0e02f52af774b8c4d424f429cd5a37a63de6022f617a735ad60427f05b  height=85  log2_work=14.426265  tx=135  date=2025-03-01 21:40:51 progress=1.000000  cache=2
2025-03-01 21:41:09 UpdateTip:            new best=00fa9f88c582655e089e3157cb0da85288cc2e0b726eb527195df315412b9a49  height=86  log2_work=14.442943  tx=176  date=2025-03-01 21:41:08 progress=1.000000  cache=0
2025-03-01 21:41:13 MultiChainMiner: Block Found - 00b4c0c170a979bbfb36ab06a36a2d695fb5a6efd8dfab84b53a526f017882be, prev: 00fa9f88c582655e089e3157cb0da85288cc2e0b726eb527195df315412b9a49, height: 87, txs: 3
2025-03-01 21:41:13 UpdateTip:            new best=00b4c0c170a979bbfb36ab06a36a2d695fb5a6efd8dfab84b53a526f017882be  height=87  log2_work=14.459432  tx=179  date=2025-03-01 21:41:13 progress=1.000000  cache=0
2025-03-01 21:41:28 UpdateTip:            new best=0021cc6c9e7f07702054dee28440076c7218beae2b94888ed67ab9ddbb2069e5  height=88  log2_work=14.475733  tx=180  date=2025-03-01 21:41:27 progress=1.000000  cache=0
2025-03-01 21:41:40 MultiChainMiner: Block Found - 0047a55910ad685c0ed3fbba884204c6d6dc225df32f49bbbc8d2740085ba0a2, prev: 0021cc6c9e7f07702054dee28440076c7218beae2b94888ed67ab9ddbb2069e5, height: 89, txs: 1
2025-03-01 21:41:40 UpdateTip:            new best=0047a55910ad685c0ed3fbba884204c6d6dc225df32f49bbbc8d2740085ba0a2  height=89  log2_work=14.491853  tx=181  date=2025-03-01 21:41:40 progress=1.000000  cache=0
2025-03-01 21:41:41 Accepted header for block 0021d15118f45cd5a00afef6a936d57ded8cdec1ce3156c69b7685e29659f411 found on alternative chain at height 89
2025-03-01 21:41:41 Tx not accepted in resurrection after block: 692c0c873ee0a7f597e8a44ea40ad5b24020ebb265b5ecbcadfa97cdbb53535a
2025-03-01 21:41:41 UpdateTip:            new best=0021cc6c9e7f07702054dee28440076c7218beae2b94888ed67ab9ddbb2069e5  height=88  log2_work=14.475733  tx=180  date=2025-03-01 21:41:27 progress=1.000000  cache=0
2025-03-01 21:41:41 UpdateTip:            new best=0021d15118f45cd5a00afef6a936d57ded8cdec1ce3156c69b7685e29659f411  height=89  log2_work=14.491853  tx=181  date=2025-03-01 21:41:40 progress=1.000000  cache=0
2025-03-01 21:41:45 Accepted header for block 00c8761470186439771e2b680b234168aaef13790bdbadfe0569f20e38ed8fed found on alternative chain at height 90
2025-03-01 21:41:45 Tx not accepted in resurrection after block: 3adc632852c2c8da7ecaab81ca2f950b5ba3d1bb451134e1c92e695d1f1104e3
2025-03-01 21:41:45 UpdateTip:            new best=0021cc6c9e7f07702054dee28440076c7218beae2b94888ed67ab9ddbb2069e5  height=88  log2_work=14.475733  tx=180  date=2025-03-01 21:41:27 progress=1.000000  cache=0
2025-03-01 21:41:45 UpdateTip:            new best=0047a55910ad685c0ed3fbba884204c6d6dc225df32f49bbbc8d2740085ba0a2  height=89  log2_work=14.491853  tx=181  date=2025-03-01 21:41:40 progress=1.000000  cache=0
2025-03-01 21:41:45 UpdateTip:            new best=00c8761470186439771e2b680b234168aaef13790bdbadfe0569f20e38ed8fed  height=90  log2_work=14.507795  tx=182  date=2025-03-01 21:41:45 progress=1.000000  cache=0
2025-03-01 21:41:51 MultiChainMiner: Block Found - 008b4ed845881cd58e1f55b101a16edeca92e0011b3e2e82d2d79bd4600c20bb, prev: 00c8761470186439771e2b680b234168aaef13790bdbadfe0569f20e38ed8fed, height: 91, txs: 1
2025-03-01 21:41:51 UpdateTip:            new best=008b4ed845881cd58e1f55b101a16edeca92e0011b3e2e82d2d79bd4600c20bb  height=91  log2_work=14.523562  tx=183  date=2025-03-01 21:41:51 progress=1.000000  cache=0
2025-03-01 21:42:04 UpdateTip:            new best=00d14559aacbb6100551cedecbf1336b1cf1b2f6bebd095995b9f61e315b7dc1  height=92  log2_work=14.539159  tx=184  date=2025-03-01 21:42:03 progress=1.000000  cache=0
2025-03-01 21:42:04 Accepted header for block 001c6ba4540f77ffe75a49c36afb6c1c05bbc0aa9a7b02fff24bf7834269b720 found on alternative chain at height 92
2025-03-01 21:42:11 UpdateTip:            new best=00d85b3ccd6a2740dc85d8b278e35be3cbc4d68aa0898473bd378e1a22e8959a  height=93  log2_work=14.554589  tx=185  date=2025-03-01 21:42:10 progress=1.000000  cache=0
2025-03-01 21:42:20 UpdateTip:            new best=00f526cb596b5ecebd960ac4e5e1a4b894f1c5fbc82a30a880d6d5214b5e13bc  height=94  log2_work=14.569856  tx=186  date=2025-03-01 21:42:20 progress=1.000000  cache=0
2025-03-01 21:42:26 UpdateTip:            new best=00bc8775698f3faf5f235bef659bcea6e7db23e7c423cddf546a011a74aca978  height=95  log2_work=14.584963  tx=187  date=2025-03-01 21:42:25 progress=1.000000  cache=0
2025-03-01 21:42:50 UpdateTip:            new best=0046ca04aa429b6a7cf8f57c60c0636ae0ac1a7fcbb4ba61624cd0b0f6a000ad  height=96  log2_work=14.599913  tx=188  date=2025-03-01 21:42:50 progress=1.000000  cache=0
2025-03-01 21:43:12 MultiChainMiner: Block Found - 00f255013a94a0f283cc9b16b88d8950271a217642f5e7a985595a6a632abbe2, prev: 0046ca04aa429b6a7cf8f57c60c0636ae0ac1a7fcbb4ba61624cd0b0f6a000ad, height: 97, txs: 1
2025-03-01 21:43:12 UpdateTip:            new best=00f255013a94a0f283cc9b16b88d8950271a217642f5e7a985595a6a632abbe2  height=97  log2_work=14.61471  tx=189  date=2025-03-01 21:43:12 progress=1.000000  cache=0
2025-03-01 21:43:34 UpdateTip:            new best=00c36d9cb36c915432b80105190f1b32a6d213f7fd301ac3af8424ab66a561f9  height=98  log2_work=14.629357  tx=190  date=2025-03-01 21:43:34 progress=1.000000  cache=0
2025-03-01 21:43:35 Accepted header for block 00ead2b29f44bbfbddcec674430a9cfdd7a7dfe140164f650233d4fb0403afbd found on alternative chain at height 98
2025-03-01 21:43:51 MultiChainMiner: Block Found - 003e5a12c404485ba4c06a6334787129768a8402788d0e3e1d54fe17f0700dae, prev: 00c36d9cb36c915432b80105190f1b32a6d213f7fd301ac3af8424ab66a561f9, height: 99, txs: 1
2025-03-01 21:43:51 UpdateTip:            new best=003e5a12c404485ba4c06a6334787129768a8402788d0e3e1d54fe17f0700dae  height=99  log2_work=14.643856  tx=191  date=2025-03-01 21:43:51 progress=1.000000  cache=0
2025-03-01 21:44:13 UpdateTip:            new best=005c98ba09d1e6318178d349d90b2fe4fa37b2b7346ec0ed64cc5ee82804a90c  height=100  log2_work=14.658211  tx=192  date=2025-03-01 21:44:12 progress=1.000000  cache=0
2025-03-01 21:44:17 UpdateTip:            new best=00acbfa8cd1142618d60a46062e96a63a003ba31c8cf8e5c98260ab20631cf31  height=101  log2_work=14.672425  tx=193  date=2025-03-01 21:44:17 progress=1.000000  cache=0
2025-03-01 21:44:31 UpdateTip:            new best=00f03e5d2c2073602d707774734933b721efbc7f805dbbbbb77ba3aad7027b54  height=102  log2_work=14.686501  tx=194  date=2025-03-01 21:44:30 progress=1.000000  cache=0
2025-03-01 21:44:42 UpdateTip:            new best=00c37d73eea28f8de34c74cd97838e96ad8637e08d64c83973fa152293f240fc  height=103  log2_work=14.70044  tx=195  date=2025-03-01 21:44:41 progress=1.000000  cache=0
2025-03-01 21:44:58 UpdateTip:            new best=00bbe55380c78a4eca625d103ac1aec9826814384629fd9bee69d6fde32b9470  height=104  log2_work=14.714246  tx=196  date=2025-03-01 21:44:57 progress=1.000000  cache=0
2025-03-01 21:45:10 UpdateTip:            new best=0056245a25f4ad1979b3a476825fdbca241a460e9692e332fa609189aeea243b  height=105  log2_work=14.72792  tx=197  date=2025-03-01 21:45:10 progress=1.000000  cache=0
2025-03-01 21:45:28 UpdateTip:            new best=00e02602d3068a8ffc1e9567ab6ae6680e6951890155dcde9eb608e514d70b12  height=106  log2_work=14.741467  tx=198  date=2025-03-01 21:45:28 progress=1.000000  cache=0
2025-03-01 21:45:45 MultiChainMiner: Block Found - 007066f0905e8d13732f14d22dd2638334a7b3f5cdd905c3a74faf683660e300, prev: 00e02602d3068a8ffc1e9567ab6ae6680e6951890155dcde9eb608e514d70b12, height: 107, txs: 1
2025-03-01 21:45:45 UpdateTip:            new best=007066f0905e8d13732f14d22dd2638334a7b3f5cdd905c3a74faf683660e300  height=107  log2_work=14.754888  tx=199  date=2025-03-01 21:45:45 progress=1.000000  cache=0
