2025-03-08 01:38:44.973	Initialized. Chunks: 0
2025-03-08 01:38:45.066	Entity (00000105, 000000008e46e9baa2fed56bfd1bcca9cf563065) added successfully
2025-03-08 01:38:45.086	NewBlock 0, Chunks: 0,
2025-03-08 01:38:45.938	NewBlock 1, Chunks: 0,
2025-03-08 01:38:45.970	NewBlock 2, Chunks: 0,
2025-03-08 01:38:46.002	NewBlock 3, Chunks: 0,
2025-03-08 01:38:46.033	NewBlock 4, Chunks: 0,
2025-03-08 01:38:51.485	NewBlock 5, Chunks: 0,
2025-03-08 01:39:03.547	NewBlock 6, Chunks: 0,
2025-03-08 01:39:11.400	NewBlock 7, Chunks: 0,
2025-03-08 01:39:26.867	NewBlock 8, Chunks: 0,
2025-03-08 01:39:47.650	NewBlock 9, Chunks: 0,
2025-03-08 01:40:04.239	NewBlock 10, Chunks: 0,
2025-03-08 01:40:21.825	NewBlock 11, Chunks: 0,
2025-03-08 01:40:37.494	NewBlock 12, Chunks: 0,
2025-03-08 01:40:51.858	NewBlock 13, Chunks: 0,
2025-03-08 01:41:06.127	NewBlock 14, Chunks: 0,
2025-03-08 01:41:21.807	NewBlock 15, Chunks: 0,
2025-03-08 01:41:22.755	NewBlock 16, Chunks: 0,
2025-03-08 01:41:41.730	NewBlock 17, Chunks: 0,
2025-03-08 01:42:03.807	NewBlock 18, Chunks: 0,
2025-03-08 01:42:16.975	NewBlock 19, Chunks: 0,
2025-03-08 01:42:34.443	NewBlock 20, Chunks: 0,
2025-03-08 01:42:50.999	NewBlock 21, Chunks: 0,
2025-03-08 01:43:06.473	NewBlock 22, Chunks: 0,
2025-03-08 01:43:23.142	NewBlock 23, Chunks: 0,
2025-03-08 01:43:36.400	NewBlock 24, Chunks: 0,
2025-03-08 01:43:48.257	NewBlock 25, Chunks: 0,
2025-03-08 01:44:00.610	NewBlock 26, Chunks: 0,
2025-03-08 01:44:15.871	NewBlock 27, Chunks: 0,
2025-03-08 01:44:32.828	NewBlock 28, Chunks: 0,
2025-03-08 01:44:55.806	NewBlock 29, Chunks: 0,
2025-03-08 01:45:02.464	NewBlock 30, Chunks: 0,
2025-03-08 01:45:17.740	NewBlock 31, Chunks: 0,
2025-03-08 01:45:31.001	NewBlock 32, Chunks: 0,
2025-03-08 01:45:45.466	NewBlock 33, Chunks: 0,
2025-03-08 01:45:59.927	NewBlock 34, Chunks: 0,
2025-03-08 01:46:16.000	NewBlock 35, Chunks: 0,
2025-03-08 01:46:32.014	NewBlock 36, Chunks: 0,
2025-03-08 01:46:42.882	NewBlock 37, Chunks: 0,
2025-03-08 01:46:58.467	NewBlock 38, Chunks: 0,
2025-03-08 01:47:12.174	NewBlock 39, Chunks: 0,
2025-03-08 01:47:28.728	NewBlock 40, Chunks: 0,
2025-03-08 01:47:47.293	NewBlock 41, Chunks: 0,
2025-03-08 01:47:58.451	NewBlock 42, Chunks: 0,
2025-03-08 01:48:14.993	NewBlock 43, Chunks: 0,
2025-03-08 01:48:31.032	NewBlock 44, Chunks: 0,
2025-03-08 01:48:40.981	NewBlock 45, Chunks: 0,
2025-03-08 01:48:57.960	NewBlock 46, Chunks: 0,
2025-03-08 01:49:14.519	NewBlock 47, Chunks: 0,
2025-03-08 01:49:31.807	NewBlock 48, Chunks: 0,
2025-03-08 01:49:40.553	NewBlock 49, Chunks: 0,
2025-03-08 01:50:03.020	NewBlock 50, Chunks: 0,
2025-03-08 01:50:20.357	NewBlock 51, Chunks: 0,
2025-03-08 01:50:30.590	NewBlock 52, Chunks: 0,
2025-03-08 01:50:44.943	NewBlock 53, Chunks: 0,
2025-03-08 01:50:57.104	NewBlock 54, Chunks: 0,
2025-03-08 01:51:14.765	NewBlock 55, Chunks: 0,
2025-03-08 01:51:37.933	NewBlock 56, Chunks: 0,
2025-03-08 01:51:48.311	NewBlock 56, Chunks: 0,
2025-03-08 01:51:48.344	NewBlock 57, Chunks: 0,
2025-03-08 01:51:59.318	NewBlock 58, Chunks: 0,
2025-03-08 01:52:12.486	NewBlock 59, Chunks: 0,
2025-03-08 03:02:44.593	NewBlock 60, Chunks: 0,
2025-03-08 03:02:49.331	NewBlock 61, Chunks: 0,
2025-03-08 03:02:56.462	NewBlock 62, Chunks: 0,
2025-03-08 03:03:03.676	NewBlock 63, Chunks: 0,
2025-03-08 03:03:08.140	NewBlock 64, Chunks: 0,
2025-03-08 03:03:22.504	NewBlock 65, Chunks: 0,
2025-03-08 03:03:36.860	NewBlock 66, Chunks: 0,
2025-03-08 03:03:40.699	NewBlock 67, Chunks: 0,
2025-03-08 03:03:48.340	NewBlock 68, Chunks: 0,
2025-03-08 03:03:52.880	NewBlock 69, Chunks: 0,
2025-03-08 03:03:59.322	NewBlock 70, Chunks: 0,
2025-03-08 03:05:12.103	NewBlock 71, Chunks: 0,
2025-03-08 03:05:17.557	NewBlock 72, Chunks: 0,
2025-03-08 03:05:27.623	NewBlock 73, Chunks: 0,
2025-03-08 03:05:37.688	NewBlock 74, Chunks: 0,
2025-03-08 03:05:47.858	NewBlock 75, Chunks: 0,
2025-03-08 03:06:00.026	NewBlock 76, Chunks: 0,
2025-03-08 03:06:00.782	NewBlock 77, Chunks: 0,
2025-03-08 03:06:26.181	NewBlock 78, Chunks: 0,
2025-03-08 03:06:48.269	NewBlock 79, Chunks: 0,
2025-03-08 03:06:59.503	NewBlock 80, Chunks: 0,
2025-03-08 03:07:11.457	NewBlock 81, Chunks: 0,
2025-03-08 03:07:56.566	NewBlock 82, Chunks: 0,
2025-03-08 03:08:11.017	NewBlock 83, Chunks: 0,
2025-03-08 03:08:17.720	NewBlock 84, Chunks: 0,
2025-03-08 03:08:26.576	NewBlock 85, Chunks: 0,
2025-03-08 03:08:35.468	NewBlock 86, Chunks: 0,
2025-03-08 03:08:47.633	NewBlock 87, Chunks: 0,
2025-03-08 03:09:04.177	NewBlock 88, Chunks: 0,
2025-03-08 03:09:22.865	NewBlock 89, Chunks: 0,
2025-03-08 03:09:41.542	NewBlock 90, Chunks: 0,
2025-03-08 03:09:57.007	NewBlock 91, Chunks: 0,
2025-03-08 03:10:13.571	NewBlock 92, Chunks: 0,
2025-03-08 03:11:04.805	NewBlock 93, Chunks: 0,
2025-03-08 03:11:09.753	NewBlock 94, Chunks: 0,
2025-03-08 03:11:19.570	NewBlock 95, Chunks: 0,
2025-03-08 03:11:26.318	NewBlock 96, Chunks: 0,
2025-03-08 03:11:31.716	NewBlock 97, Chunks: 0,
2025-03-08 03:11:46.791	NewBlock 98, Chunks: 0,
2025-03-08 03:12:04.769	NewBlock 99, Chunks: 0,
2025-03-08 03:12:22.485	NewBlock 100, Chunks: 0,
2025-03-08 03:12:43.037	NewBlock 101, Chunks: 0,
2025-03-08 03:12:56.650	NewBlock 102, Chunks: 0,
2025-03-08 03:13:08.708	NewBlock 103, Chunks: 0,
2025-03-08 03:13:24.160	NewBlock 104, Chunks: 0,
2025-03-08 03:13:41.862	NewBlock 105, Chunks: 0,
2025-03-08 03:13:56.273	NewBlock 105, Chunks: 0,
2025-03-08 03:13:56.298	NewBlock 106, Chunks: 0,
2025-03-08 03:14:10.468	NewBlock 107, Chunks: 0,
2025-03-08 03:14:25.058	NewBlock 108, Chunks: 0,
2025-03-08 03:14:40.228	NewBlock 109, Chunks: 0,
2025-03-08 03:14:57.899	NewBlock 110, Chunks: 0,
2025-03-08 03:15:11.583	NewBlock 110, Chunks: 0,
2025-03-08 03:15:11.613	NewBlock 111, Chunks: 0,
2025-03-08 03:15:23.589	NewBlock 112, Chunks: 0,
2025-03-08 03:15:39.503	NewBlock 113, Chunks: 0,
2025-03-08 03:15:53.016	NewBlock 114, Chunks: 0,
2025-03-08 03:16:08.113	NewBlock 115, Chunks: 0,
2025-03-08 03:16:24.833	NewBlock 116, Chunks: 0,
2025-03-08 03:16:39.327	NewBlock 117, Chunks: 0,
2025-03-08 03:16:52.517	NewBlock 118, Chunks: 0,
2025-03-08 03:17:08.936	NewBlock 119, Chunks: 0,
2025-03-08 03:17:21.203	NewBlock 120, Chunks: 0,
2025-03-08 03:17:46.289	NewBlock 121, Chunks: 0,
2025-03-08 03:17:50.853	NewBlock 122, Chunks: 0,
2025-03-08 03:18:06.431	NewBlock 123, Chunks: 0,
2025-03-08 03:18:19.487	NewBlock 124, Chunks: 0,
2025-03-08 03:18:33.848	NewBlock 125, Chunks: 0,
2025-03-08 03:18:52.594	NewBlock 126, Chunks: 0,
2025-03-08 03:19:05.956	NewBlock 127, Chunks: 0,
2025-03-08 03:19:27.022	NewBlock 128, Chunks: 0,
2025-03-08 03:19:39.087	NewBlock 129, Chunks: 0,
2025-03-08 03:19:52.452	NewBlock 130, Chunks: 0,
2025-03-08 03:20:03.087	NewBlock 131, Chunks: 0,
2025-03-08 03:20:22.232	NewBlock 132, Chunks: 0,
2025-03-08 03:20:38.703	NewBlock 133, Chunks: 0,
2025-03-08 03:20:48.253	NewBlock 134, Chunks: 0,
2025-03-08 03:21:11.492	NewBlock 135, Chunks: 0,
2025-03-08 03:21:24.604	NewBlock 136, Chunks: 0,
2025-03-08 03:21:37.975	NewBlock 137, Chunks: 0,
2025-03-08 03:21:49.950	NewBlock 138, Chunks: 0,
2025-03-08 03:22:14.220	NewBlock 139, Chunks: 0,
2025-03-08 03:22:20.942	NewBlock 140, Chunks: 0,
2025-03-08 03:22:37.802	NewBlock 141, Chunks: 0,
2025-03-08 03:22:48.855	NewBlock 142, Chunks: 0,
2025-03-08 03:23:08.814	NewBlock 143, Chunks: 0,
2025-03-08 03:23:27.583	NewBlock 144, Chunks: 0,
2025-03-08 03:23:38.540	NewBlock 145, Chunks: 0,
2025-03-08 03:23:50.166	NewBlock 146, Chunks: 0,
2025-03-08 03:24:05.619	NewBlock 147, Chunks: 0,
2025-03-08 03:24:21.072	NewBlock 148, Chunks: 0,
2025-03-08 03:24:40.289	NewBlock 149, Chunks: 0,
2025-03-08 03:24:50.659	NewBlock 150, Chunks: 0,
2025-03-08 03:25:10.124	NewBlock 151, Chunks: 0,
2025-03-08 03:25:22.283	NewBlock 152, Chunks: 0,
2025-03-08 03:25:34.745	NewBlock 153, Chunks: 0,
2025-03-08 03:25:55.327	NewBlock 154, Chunks: 0,
2025-03-08 03:26:10.083	NewBlock 155, Chunks: 0,
2025-03-08 03:26:20.085	NewBlock 156, Chunks: 0,
2025-03-08 03:26:41.560	NewBlock 157, Chunks: 0,
2025-03-08 03:26:48.776	NewBlock 158, Chunks: 0,
2025-03-08 03:27:04.732	NewBlock 159, Chunks: 0,
2025-03-08 03:27:27.026	NewBlock 160, Chunks: 0,
2025-03-08 03:27:36.790	NewBlock 161, Chunks: 0,
2025-03-08 03:27:50.453	NewBlock 162, Chunks: 0,
2025-03-08 03:39:49.041	NewBlock 163, Chunks: 0,
2025-03-08 03:39:59.708	NewBlock 164, Chunks: 0,
2025-03-08 03:40:13.416	NewBlock 165, Chunks: 0,
2025-03-08 03:40:24.490	NewBlock 166, Chunks: 0,
2025-03-08 03:40:29.394	NewBlock 167, Chunks: 0,
2025-03-08 03:40:41.122	NewBlock 168, Chunks: 0,
2025-03-08 03:40:44.466	NewBlock 169, Chunks: 0,
2025-03-08 03:40:48.917	NewBlock 170, Chunks: 0,
2025-03-08 03:40:54.765	NewBlock 171, Chunks: 0,
2025-03-08 03:41:01.053	NewBlock 172, Chunks: 0,
2025-03-08 03:41:07.039	NewBlock 172, Chunks: 0,
2025-03-08 03:41:07.059	NewBlock 173, Chunks: 0,
2025-03-08 03:41:11.508	NewBlock 174, Chunks: 0,
2025-03-08 03:47:32.517	NewBlock 175, Chunks: 0,
2025-03-08 03:47:43.859	NewBlock 176, Chunks: 0,
2025-03-08 03:47:47.332	NewBlock 177, Chunks: 0,
2025-03-08 03:47:51.132	NewBlock 176, Chunks: 0,
2025-03-08 03:47:51.154	NewBlock 177, Chunks: 0,
2025-03-08 03:47:51.175	NewBlock 178, Chunks: 0,
2025-03-08 03:47:57.727	NewBlock 179, Chunks: 0,
2025-03-08 03:48:03.894	NewBlock 180, Chunks: 0,
2025-03-08 03:48:11.644	NewBlock 181, Chunks: 0,
2025-03-08 03:48:17.816	NewBlock 181, Chunks: 0,
2025-03-08 03:48:17.836	NewBlock 182, Chunks: 0,
2025-03-08 03:48:28.993	NewBlock 183, Chunks: 0,
2025-03-08 03:48:43.587	NewBlock 184, Chunks: 0,
2025-03-08 03:48:53.567	NewBlock 185, Chunks: 0,
2025-03-08 03:51:19.606	NewBlock 186, Chunks: 0,
2025-03-08 03:51:24.052	NewBlock 187, Chunks: 0,
2025-03-08 03:51:32.318	NewBlock 188, Chunks: 0,
2025-03-08 03:51:37.578	NewBlock 189, Chunks: 0,
2025-03-08 03:51:46.493	NewBlock 189, Chunks: 0,
2025-03-08 03:51:46.512	NewBlock 190, Chunks: 0,
2025-03-08 03:51:58.479	NewBlock 191, Chunks: 0,
2025-03-08 03:52:11.448	NewBlock 192, Chunks: 0,
2025-03-08 03:52:19.717	NewBlock 193, Chunks: 0,
2025-03-08 03:52:25.998	NewBlock 194, Chunks: 0,
2025-03-08 03:52:46.885	NewBlock 195, Chunks: 0,
2025-03-08 03:53:03.777	NewBlock 196, Chunks: 0,
2025-03-08 03:56:46.728	NewBlock 197, Chunks: 0,
2025-03-08 03:56:52.383	NewBlock 198, Chunks: 0,
2025-03-08 03:57:08.935	NewBlock 199, Chunks: 0,
2025-03-08 03:57:19.824	NewBlock 200, Chunks: 0,
2025-03-08 03:57:28.674	NewBlock 201, Chunks: 0,
2025-03-08 03:57:32.112	NewBlock 202, Chunks: 0,
2025-03-08 03:57:37.529	NewBlock 203, Chunks: 0,
2025-03-08 03:57:49.693	NewBlock 204, Chunks: 0,
2025-03-08 03:57:55.548	NewBlock 205, Chunks: 0,
2025-03-08 03:57:59.593	NewBlock 206, Chunks: 0,
2025-03-08 03:58:17.265	NewBlock 207, Chunks: 0,
2025-03-08 04:01:28.756	NewBlock 208, Chunks: 0,
2025-03-08 04:01:33.229	NewBlock 209, Chunks: 0,
2025-03-08 04:01:45.372	NewBlock 210, Chunks: 0,
2025-03-08 04:01:54.230	NewBlock 211, Chunks: 0,
2025-03-08 04:02:04.108	NewBlock 212, Chunks: 0,
2025-03-08 04:02:08.578	NewBlock 213, Chunks: 0,
2025-03-08 04:02:20.782	NewBlock 214, Chunks: 0,
2025-03-08 04:02:33.959	NewBlock 215, Chunks: 0,
2025-03-08 04:02:39.472	NewBlock 216, Chunks: 0,
2025-03-08 04:02:57.132	NewBlock 217, Chunks: 0,
2025-03-08 04:03:09.324	NewBlock 217, Chunks: 0,
2025-03-08 04:03:09.356	NewBlock 218, Chunks: 0,
2025-03-08 04:03:30.196	NewBlock 219, Chunks: 0,
2025-03-08 04:03:52.275	NewBlock 220, Chunks: 0,
2025-03-08 04:04:08.785	NewBlock 221, Chunks: 0,
2025-03-08 04:04:27.472	NewBlock 222, Chunks: 0,
2025-03-08 04:04:36.337	NewBlock 223, Chunks: 0,
2025-03-08 04:04:53.961	NewBlock 224, Chunks: 0,
2025-03-08 04:04:54.001	NewBlock 225, Chunks: 0,
2025-03-08 04:05:15.836	NewBlock 226, Chunks: 0,
2025-03-08 04:05:32.495	NewBlock 227, Chunks: 0,
2025-03-08 04:05:44.642	NewBlock 228, Chunks: 0,
2025-03-08 04:06:01.304	NewBlock 229, Chunks: 0,
2025-03-08 04:06:14.268	NewBlock 230, Chunks: 0,
2025-03-08 04:06:33.054	NewBlock 231, Chunks: 0,
2025-03-08 04:06:45.318	NewBlock 232, Chunks: 0,
2025-03-08 04:17:34.696	NewBlock 233, Chunks: 0,
2025-03-08 04:17:45.585	NewBlock 233, Chunks: 0,
2025-03-08 04:17:45.627	NewBlock 234, Chunks: 0,
2025-03-08 04:17:56.505	NewBlock 235, Chunks: 0,
2025-03-08 04:18:06.655	NewBlock 236, Chunks: 0,
2025-03-08 04:18:11.907	NewBlock 237, Chunks: 0,
2025-03-08 04:18:16.456	NewBlock 238, Chunks: 0,
2025-03-08 04:18:25.405	NewBlock 239, Chunks: 0,
2025-03-08 04:18:30.523	NewBlock 240, Chunks: 0,
2025-03-08 04:18:37.166	NewBlock 241, Chunks: 0,
2025-03-08 04:18:45.284	NewBlock 242, Chunks: 0,
2025-03-08 04:18:59.461	NewBlock 243, Chunks: 0,
2025-03-08 04:19:02.928	NewBlock 244, Chunks: 0,
2025-03-08 04:26:01.195	NewBlock 245, Chunks: 0,
2025-03-08 04:26:08.854	NewBlock 246, Chunks: 0,
2025-03-08 04:26:12.400	NewBlock 247, Chunks: 0,
2025-03-08 04:26:19.650	NewBlock 248, Chunks: 0,
2025-03-08 04:26:26.627	NewBlock 249, Chunks: 0,
2025-03-08 04:26:34.082	NewBlock 250, Chunks: 0,
2025-03-08 04:26:39.739	NewBlock 251, Chunks: 0,
2025-03-08 04:26:46.904	NewBlock 252, Chunks: 0,
2025-03-08 04:26:51.023	NewBlock 252, Chunks: 0,
2025-03-08 04:26:51.062	NewBlock 253, Chunks: 0,
2025-03-08 04:26:58.734	NewBlock 254, Chunks: 0,
2025-03-08 04:27:06.761	NewBlock 255, Chunks: 0,
2025-03-08 04:27:31.024	NewBlock 256, Chunks: 0,
2025-03-08 04:27:59.124	NewBlock 257, Chunks: 0,
2025-03-08 04:36:07.123	NewBlock 258, Chunks: 0,
2025-03-08 04:36:11.579	NewBlock 259, Chunks: 0,
2025-03-08 04:36:28.753	NewBlock 260, Chunks: 0,
2025-03-08 04:36:44.628	NewBlock 261, Chunks: 0,
2025-03-08 04:36:53.464	NewBlock 262, Chunks: 0,
2025-03-08 04:37:02.953	NewBlock 263, Chunks: 0,
2025-03-08 04:37:08.925	NewBlock 264, Chunks: 0,
2025-03-08 04:37:18.882	NewBlock 265, Chunks: 0,
2025-03-08 04:37:24.421	NewBlock 266, Chunks: 0,
2025-03-08 04:37:30.006	NewBlock 267, Chunks: 0,
2025-03-08 04:37:42.151	NewBlock 268, Chunks: 0,
2025-03-08 04:37:57.613	NewBlock 269, Chunks: 0,
2025-03-08 05:16:20.975	NewBlock 270, Chunks: 0,
2025-03-08 05:16:34.422	NewBlock 271, Chunks: 0,
2025-03-08 05:16:41.180	NewBlock 272, Chunks: 0,
2025-03-08 05:16:46.319	NewBlock 273, Chunks: 0,
2025-03-08 05:16:50.986	NewBlock 274, Chunks: 0,
2025-03-08 05:17:03.260	NewBlock 275, Chunks: 0,
2025-03-08 05:17:10.533	NewBlock 276, Chunks: 0,
2025-03-08 05:17:13.999	NewBlock 277, Chunks: 0,
2025-03-08 05:17:27.345	NewBlock 278, Chunks: 0,
2025-03-08 05:17:34.059	NewBlock 279, Chunks: 0,
2025-03-08 05:17:42.799	NewBlock 280, Chunks: 0,
2025-03-08 05:23:56.257	NewBlock 281, Chunks: 0,
2025-03-08 05:24:05.881	NewBlock 282, Chunks: 0,
2025-03-08 05:24:13.509	NewBlock 283, Chunks: 0,
2025-03-08 05:24:19.453	NewBlock 284, Chunks: 0,
2025-03-08 05:24:23.402	NewBlock 285, Chunks: 0,
2025-03-08 05:24:29.075	NewBlock 286, Chunks: 0,
2025-03-08 05:24:45.648	NewBlock 287, Chunks: 0,
2025-03-08 05:24:56.822	NewBlock 287, Chunks: 0,
2025-03-08 05:24:56.841	NewBlock 288, Chunks: 0,
2025-03-08 05:25:07.734	NewBlock 289, Chunks: 0,
2025-03-08 05:25:12.207	NewBlock 290, Chunks: 0,
2025-03-08 05:25:18.708	NewBlock 291, Chunks: 0,
2025-03-08 05:40:19.357	NewBlock 292, Chunks: 0,
2025-03-08 05:40:22.345	NewBlock 293, Chunks: 0,
2025-03-08 05:40:34.420	NewBlock 294, Chunks: 0,
2025-03-08 05:40:38.977	NewBlock 295, Chunks: 0,
2025-03-08 05:40:48.814	NewBlock 296, Chunks: 0,
2025-03-08 05:40:53.296	NewBlock 297, Chunks: 0,
2025-03-08 05:41:05.442	NewBlock 298, Chunks: 0,
2025-03-08 05:41:13.190	NewBlock 299, Chunks: 0,
2025-03-08 05:41:22.085	NewBlock 300, Chunks: 0,
2025-03-08 05:41:33.058	NewBlock 301, Chunks: 0,
2025-03-08 05:41:45.267	NewBlock 302, Chunks: 0,
2025-03-08 05:44:39.268	NewBlock 303, Chunks: 0,
2025-03-08 05:44:44.870	NewBlock 304, Chunks: 0,
2025-03-08 05:44:48.214	NewBlock 305, Chunks: 0,
2025-03-08 05:45:01.480	NewBlock 306, Chunks: 0,
2025-03-08 05:45:07.735	NewBlock 306, Chunks: 0,
2025-03-08 05:45:07.758	NewBlock 307, Chunks: 0,
2025-03-08 05:45:11.095	NewBlock 308, Chunks: 0,
2025-03-08 05:45:14.743	NewBlock 309, Chunks: 0,
2025-03-08 05:45:21.427	NewBlock 310, Chunks: 0,
2025-03-08 05:45:34.276	NewBlock 311, Chunks: 0,
2025-03-08 05:45:48.639	NewBlock 312, Chunks: 0,
2025-03-08 05:46:10.983	NewBlock 313, Chunks: 0,
2025-03-08 05:50:05.429	NewBlock 314, Chunks: 0,
2025-03-08 05:50:15.388	NewBlock 315, Chunks: 0,
2025-03-08 05:50:25.994	NewBlock 316, Chunks: 0,
2025-03-08 05:50:31.972	NewBlock 317, Chunks: 0,
2025-03-08 05:50:36.456	NewBlock 318, Chunks: 0,
2025-03-08 05:50:45.965	NewBlock 319, Chunks: 0,
2025-03-08 05:51:01.648	NewBlock 320, Chunks: 0,
2025-03-08 05:51:13.927	NewBlock 321, Chunks: 0,
2025-03-08 05:51:21.705	NewBlock 322, Chunks: 0,
2025-03-08 05:51:38.955	NewBlock 323, Chunks: 0,
2025-03-08 05:51:44.874	NewBlock 324, Chunks: 0,
2025-03-08 05:52:13.536	NewBlock 325, Chunks: 0,
2025-03-08 05:52:34.529	NewBlock 326, Chunks: 0,
2025-03-08 05:52:48.516	NewBlock 327, Chunks: 0,
2025-03-08 05:53:07.084	NewBlock 328, Chunks: 0,
2025-03-08 05:53:13.080	NewBlock 329, Chunks: 0,
2025-03-08 05:53:27.550	NewBlock 330, Chunks: 0,
2025-03-08 05:53:40.631	NewBlock 331, Chunks: 0,
2025-03-08 05:53:55.750	NewBlock 332, Chunks: 0,
2025-03-08 05:54:11.111	NewBlock 333, Chunks: 0,
2025-03-08 05:54:24.706	NewBlock 334, Chunks: 0,
2025-03-08 05:54:51.236	NewBlock 335, Chunks: 0,
2025-03-08 05:54:54.651	NewBlock 336, Chunks: 0,
2025-03-08 06:51:34.641	NewBlock 337, Chunks: 0,
2025-03-08 06:51:40.100	NewBlock 338, Chunks: 0,
2025-03-08 06:51:44.496	NewBlock 339, Chunks: 0,
2025-03-08 06:51:47.842	NewBlock 340, Chunks: 0,
2025-03-08 06:51:51.292	NewBlock 341, Chunks: 0,
2025-03-08 06:51:55.554	NewBlock 342, Chunks: 0,
2025-03-08 06:51:58.901	NewBlock 343, Chunks: 0,
2025-03-08 06:52:06.650	NewBlock 344, Chunks: 0,
2025-03-08 06:52:14.661	NewBlock 345, Chunks: 0,
2025-03-08 06:52:19.803	NewBlock 346, Chunks: 0,
2025-03-08 06:52:24.333	NewBlock 347, Chunks: 0,
2025-03-08 07:02:47.211	NewBlock 348, Chunks: 0,
2025-03-08 07:02:54.963	NewBlock 349, Chunks: 0,
2025-03-08 07:02:59.334	NewBlock 350, Chunks: 0,
2025-03-08 07:03:03.807	NewBlock 351, Chunks: 0,
2025-03-08 07:03:10.724	NewBlock 352, Chunks: 0,
2025-03-08 07:03:14.969	NewBlock 353, Chunks: 0,
2025-03-08 07:03:25.029	NewBlock 354, Chunks: 0,
2025-03-08 07:03:30.283	NewBlock 355, Chunks: 0,
2025-03-08 07:03:36.930	NewBlock 356, Chunks: 0,
2025-03-08 07:03:43.573	NewBlock 357, Chunks: 0,
2025-03-08 07:03:51.339	NewBlock 358, Chunks: 0,
2025-03-08 07:06:21.249	NewBlock 359, Chunks: 0,
2025-03-08 07:06:29.931	NewBlock 360, Chunks: 0,
2025-03-08 07:06:38.636	NewBlock 361, Chunks: 0,
2025-03-08 07:06:46.380	NewBlock 362, Chunks: 0,
2025-03-08 07:06:49.732	NewBlock 363, Chunks: 0,
2025-03-08 07:06:58.652	NewBlock 364, Chunks: 0,
2025-03-08 07:07:03.798	NewBlock 365, Chunks: 0,
2025-03-08 07:07:10.877	NewBlock 366, Chunks: 0,
2025-03-08 07:07:25.827	NewBlock 367, Chunks: 0,
2025-03-08 07:07:39.296	NewBlock 368, Chunks: 0,
2025-03-08 07:08:00.943	NewBlock 369, Chunks: 0,
2025-03-08 07:13:52.124	NewBlock 370, Chunks: 0,
2025-03-08 07:13:56.485	NewBlock 371, Chunks: 0,
2025-03-08 07:14:01.343	NewBlock 372, Chunks: 0,
2025-03-08 07:14:16.410	NewBlock 373, Chunks: 0,
2025-03-08 07:14:22.459	NewBlock 374, Chunks: 0,
2025-03-08 07:14:28.814	NewBlock 375, Chunks: 0,
2025-03-08 07:14:40.077	NewBlock 376, Chunks: 0,
2025-03-08 07:14:52.624	NewBlock 377, Chunks: 0,
2025-03-08 07:14:57.165	NewBlock 378, Chunks: 0,
2025-03-08 07:15:02.901	NewBlock 379, Chunks: 0,
2025-03-08 07:15:16.359	NewBlock 380, Chunks: 0,
2025-03-08 07:20:30.982	NewBlock 381, Chunks: 0,
2025-03-08 07:20:37.762	NewBlock 382, Chunks: 0,
2025-03-08 07:20:42.219	NewBlock 383, Chunks: 0,
2025-03-08 07:20:46.358	NewBlock 384, Chunks: 0,
2025-03-08 07:20:51.008	NewBlock 385, Chunks: 0,
2025-03-08 07:21:01.656	NewBlock 386, Chunks: 0,
2025-03-08 07:21:17.619	NewBlock 387, Chunks: 0,
2025-03-08 07:21:22.576	NewBlock 388, Chunks: 0,
2025-03-08 07:21:29.819	NewBlock 389, Chunks: 0,
2025-03-08 07:21:44.784	NewBlock 390, Chunks: 0,
2025-03-08 07:21:45.214	NewBlock 391, Chunks: 0,
2025-03-08 07:25:22.622	NewBlock 392, Chunks: 0,
2025-03-08 07:25:28.266	NewBlock 393, Chunks: 0,
2025-03-08 07:25:34.231	NewBlock 394, Chunks: 0,
2025-03-08 07:25:41.585	NewBlock 395, Chunks: 0,
2025-03-08 07:25:50.247	NewBlock 396, Chunks: 0,
2025-03-08 07:26:01.511	NewBlock 397, Chunks: 0,
2025-03-08 07:26:06.149	NewBlock 398, Chunks: 0,
2025-03-08 07:26:18.212	NewBlock 399, Chunks: 0,
2025-03-08 07:26:26.165	NewBlock 400, Chunks: 0,
2025-03-08 07:26:34.010	NewBlock 401, Chunks: 0,
2025-03-08 07:26:50.394	NewBlock 402, Chunks: 0,
2025-03-08 08:01:58.846	NewBlock -1, Chunks: 0,
2025-03-09 02:52:28.059	Initialized. Chunks: 0
2025-03-09 17:05:11.756	NewBlock -1, Chunks: 0,
2025-03-09 17:42:38.733	Initialized. Chunks: 0
2025-03-09 17:50:03.003	NewBlock 403, Chunks: 0,
2025-03-09 17:50:23.571	NewBlock 404, Chunks: 0,
2025-03-09 17:50:40.896	NewBlock 405, Chunks: 0,
2025-03-09 17:51:02.302	NewBlock 406, Chunks: 0,
2025-03-09 17:51:15.154	NewBlock 407, Chunks: 0,
2025-03-09 17:51:35.387	NewBlock 408, Chunks: 0,
2025-03-09 17:51:47.637	NewBlock 409, Chunks: 0,
2025-03-09 17:51:59.700	NewBlock 410, Chunks: 0,
2025-03-09 17:52:11.750	NewBlock 411, Chunks: 0,
2025-03-09 17:52:23.800	NewBlock 412, Chunks: 0,
2025-03-09 17:52:34.850	NewBlock 413, Chunks: 0,
2025-03-10 00:22:55.231	NewBlock 414, Chunks: 0,
2025-03-10 00:23:03.517	NewBlock 415, Chunks: 0,
2025-03-10 00:23:09.146	NewBlock 416, Chunks: 0,
2025-03-10 00:23:19.238	NewBlock 417, Chunks: 0,
2025-03-10 00:23:24.604	NewBlock 418, Chunks: 0,
2025-03-10 00:23:38.108	NewBlock 419, Chunks: 0,
2025-03-10 00:23:42.291	NewBlock 420, Chunks: 0,
2025-03-10 00:23:50.035	NewBlock 421, Chunks: 0,
2025-03-10 00:23:58.868	NewBlock 422, Chunks: 0,
2025-03-10 00:23:58.927	NewBlock 423, Chunks: 0,
2025-03-10 00:24:05.402	NewBlock 424, Chunks: 0,
2025-03-10 00:24:12.385	NewBlock 424, Chunks: 0,
2025-03-10 00:24:12.412	NewBlock 425, Chunks: 0,
2025-03-10 01:03:56.711	NewBlock 426, Chunks: 0,
2025-03-10 01:04:01.153	NewBlock 427, Chunks: 0,
2025-03-10 01:04:10.001	NewBlock 428, Chunks: 0,
2025-03-10 01:04:15.665	NewBlock 429, Chunks: 0,
2025-03-10 01:04:22.215	NewBlock 430, Chunks: 0,
2025-03-10 01:04:30.069	NewBlock 431, Chunks: 0,
2025-03-10 01:04:40.023	NewBlock 432, Chunks: 0,
2025-03-10 01:04:46.666	NewBlock 433, Chunks: 0,
2025-03-10 01:04:54.525	NewBlock 434, Chunks: 0,
2025-03-10 01:05:05.076	NewBlock 435, Chunks: 0,
2025-03-10 01:05:13.129	NewBlock 436, Chunks: 0,
2025-03-10 03:52:49.985	NewBlock 437, Chunks: 0,
2025-03-10 03:53:02.948	NewBlock 438, Chunks: 0,
2025-03-10 03:53:06.483	NewBlock 439, Chunks: 0,
2025-03-10 03:53:13.336	NewBlock 440, Chunks: 0,
2025-03-10 03:53:23.996	NewBlock 441, Chunks: 0,
2025-03-10 03:53:35.147	NewBlock 442, Chunks: 0,
2025-03-10 03:53:38.601	NewBlock 443, Chunks: 0,
2025-03-10 03:53:52.971	NewBlock 444, Chunks: 0,
2025-03-10 03:53:59.629	NewBlock 445, Chunks: 0,
2025-03-10 03:54:03.010	NewBlock 446, Chunks: 0,
2025-03-10 03:54:07.551	NewBlock 447, Chunks: 0,
2025-03-10 04:02:53.141	NewBlock 448, Chunks: 0,
2025-03-10 04:02:57.490	NewBlock 449, Chunks: 0,
2025-03-10 04:03:08.457	NewBlock 450, Chunks: 0,
2025-03-10 04:03:13.307	NewBlock 451, Chunks: 0,
2025-03-10 04:03:21.955	NewBlock 452, Chunks: 0,
2025-03-10 04:03:26.518	NewBlock 453, Chunks: 0,
2025-03-10 04:03:33.924	NewBlock 454, Chunks: 0,
2025-03-10 04:03:37.572	NewBlock 455, Chunks: 0,
2025-03-10 04:03:46.461	NewBlock 456, Chunks: 0,
2025-03-10 04:03:55.103	NewBlock 457, Chunks: 0,
2025-03-10 04:04:10.709	NewBlock 458, Chunks: 0,
2025-03-10 04:11:58.118	NewBlock 459, Chunks: 0,
2025-03-10 04:12:01.717	NewBlock 460, Chunks: 0,
2025-03-10 04:12:05.051	NewBlock 461, Chunks: 0,
2025-03-10 04:12:08.401	NewBlock 462, Chunks: 0,
2025-03-10 04:12:12.852	NewBlock 463, Chunks: 0,
2025-03-10 04:12:24.698	NewBlock 464, Chunks: 0,
2025-03-10 04:12:42.364	NewBlock 465, Chunks: 0,
2025-03-10 04:12:45.914	NewBlock 466, Chunks: 0,
2025-03-10 04:12:46.917	NewBlock 467, Chunks: 0,
2025-03-10 04:12:54.765	NewBlock 468, Chunks: 0,
2025-03-10 04:12:58.143	NewBlock 469, Chunks: 0,
2025-03-10 04:13:19.930	NewBlock 470, Chunks: 0,
2025-03-10 04:42:38.570	NewBlock 471, Chunks: 0,
2025-03-10 04:42:43.873	NewBlock 472, Chunks: 0,
2025-03-10 04:42:51.623	NewBlock 473, Chunks: 0,
2025-03-10 04:42:59.544	NewBlock 474, Chunks: 0,
2025-03-10 04:43:07.096	NewBlock 475, Chunks: 0,
2025-03-10 04:43:17.051	NewBlock 476, Chunks: 0,
2025-03-10 04:43:20.598	NewBlock 477, Chunks: 0,
2025-03-10 04:43:29.317	NewBlock 478, Chunks: 0,
2025-03-10 04:43:36.259	NewBlock 479, Chunks: 0,
2025-03-10 04:43:44.104	NewBlock 480, Chunks: 0,
2025-03-10 04:43:49.149	NewBlock 481, Chunks: 0,
2025-03-10 04:53:59.886	NewBlock 482, Chunks: 0,
2025-03-10 04:54:09.095	NewBlock 482, Chunks: 0,
2025-03-10 04:54:09.115	NewBlock 483, Chunks: 0,
2025-03-10 04:54:17.673	NewBlock 484, Chunks: 0,
2025-03-10 04:54:22.332	NewBlock 485, Chunks: 0,
2025-03-10 04:54:30.895	NewBlock 486, Chunks: 0,
2025-03-10 04:54:41.742	NewBlock 487, Chunks: 0,
2025-03-10 04:54:51.013	NewBlock 487, Chunks: 0,
2025-03-10 04:54:51.034	NewBlock 488, Chunks: 0,
2025-03-10 04:55:05.093	NewBlock 489, Chunks: 0,
2025-03-10 04:55:09.323	NewBlock 490, Chunks: 0,
2025-03-10 04:55:24.196	NewBlock 490, Chunks: 0,
2025-03-10 04:55:24.220	NewBlock 491, Chunks: 0,
2025-03-10 04:55:29.161	NewBlock 492, Chunks: 0,
2025-03-10 04:56:19.924	NewBlock 493, Chunks: 0,
2025-03-10 04:56:25.565	NewBlock 494, Chunks: 0,
2025-03-10 04:56:47.826	NewBlock 495, Chunks: 0,
2025-03-10 04:56:53.169	NewBlock 496, Chunks: 0,
2025-03-10 04:57:14.227	NewBlock 497, Chunks: 0,
2025-03-10 04:57:21.978	NewBlock 498, Chunks: 0,
2025-03-10 04:57:37.240	NewBlock 499, Chunks: 0,
2025-03-10 04:57:48.300	NewBlock 500, Chunks: 0,
2025-03-10 04:58:02.855	NewBlock 501, Chunks: 0,
2025-03-10 04:58:23.723	NewBlock 502, Chunks: 0,
2025-03-10 04:58:41.086	NewBlock 503, Chunks: 0,
2025-03-10 04:58:51.151	NewBlock 504, Chunks: 0,
2025-03-10 04:59:11.225	NewBlock 505, Chunks: 0,
2025-03-10 05:08:07.058	NewBlock 506, Chunks: 0,
2025-03-10 05:08:15.813	NewBlock 507, Chunks: 0,
2025-03-10 05:08:24.680	NewBlock 508, Chunks: 0,
2025-03-10 05:08:32.701	NewBlock 509, Chunks: 0,
2025-03-10 05:08:33.527	NewBlock 510, Chunks: 0,
2025-03-10 05:08:42.477	NewBlock 511, Chunks: 0,
2025-03-10 05:08:51.507	NewBlock 512, Chunks: 0,
2025-03-10 05:09:01.456	NewBlock 513, Chunks: 0,
2025-03-10 05:09:09.240	NewBlock 514, Chunks: 0,
2025-03-10 05:09:13.692	NewBlock 515, Chunks: 0,
2025-03-10 05:09:19.246	NewBlock 516, Chunks: 0,
2025-03-10 05:09:36.903	NewBlock 517, Chunks: 0,
2025-03-10 05:09:57.854	NewBlock 518, Chunks: 0,
2025-03-10 05:10:25.966	NewBlock 519, Chunks: 0,
2025-03-10 05:10:43.622	NewBlock 520, Chunks: 0,
2025-03-10 05:11:00.609	NewBlock 521, Chunks: 0,
2025-03-10 05:11:08.359	NewBlock 522, Chunks: 0,
2025-03-10 05:11:28.205	NewBlock 523, Chunks: 0,
2025-03-10 05:11:40.935	NewBlock 524, Chunks: 0,
2025-03-10 05:11:49.690	NewBlock 525, Chunks: 0,
2025-03-10 05:12:07.854	NewBlock 526, Chunks: 0,
2025-03-10 05:12:19.684	NewBlock 527, Chunks: 0,
2025-03-10 05:21:43.432	NewBlock 528, Chunks: 0,
2025-03-10 05:21:57.295	NewBlock 529, Chunks: 0,
2025-03-10 05:22:02.849	NewBlock 530, Chunks: 0,
2025-03-10 05:22:15.383	NewBlock 531, Chunks: 0,
2025-03-10 05:22:26.034	NewBlock 532, Chunks: 0,
2025-03-10 05:22:37.501	NewBlock 533, Chunks: 0,
2025-03-10 05:22:45.918	NewBlock 534, Chunks: 0,
2025-03-10 05:22:51.858	NewBlock 535, Chunks: 0,
2025-03-10 05:23:00.873	NewBlock 536, Chunks: 0,
2025-03-10 05:23:10.621	NewBlock 537, Chunks: 0,
2025-03-10 05:23:19.537	NewBlock 538, Chunks: 0,
2025-03-10 05:23:22.916	NewBlock 539, Chunks: 0,
2025-03-10 05:23:54.869	NewBlock 540, Chunks: 0,
2025-03-10 05:24:16.238	NewBlock 541, Chunks: 0,
2025-03-10 05:24:39.308	NewBlock 542, Chunks: 0,
2025-03-10 05:24:53.238	NewBlock 543, Chunks: 0,
2025-03-10 05:25:31.794	NewBlock 544, Chunks: 0,
2025-03-10 05:25:42.242	NewBlock 544, Chunks: 0,
2025-03-10 05:25:42.260	NewBlock 545, Chunks: 0,
2025-03-10 05:25:53.860	NewBlock 546, Chunks: 0,
2025-03-10 05:25:57.521	NewBlock 547, Chunks: 0,
2025-03-10 05:26:08.218	NewBlock 548, Chunks: 0,
2025-03-10 05:26:18.733	NewBlock 549, Chunks: 0,
2025-03-10 05:26:39.095	NewBlock 550, Chunks: 0,
2025-03-10 05:26:52.717	NewBlock 551, Chunks: 0,
2025-03-10 05:27:08.380	NewBlock 552, Chunks: 0,
2025-03-10 05:27:27.549	NewBlock 553, Chunks: 0,
2025-03-10 05:27:39.155	NewBlock 554, Chunks: 0,
2025-03-10 05:28:01.230	NewBlock 555, Chunks: 0,
2025-03-10 05:28:15.400	NewBlock 556, Chunks: 0,
2025-03-10 05:28:29.759	NewBlock 557, Chunks: 0,
2025-03-10 05:28:37.607	NewBlock 558, Chunks: 0,
2025-03-10 05:28:56.164	NewBlock 559, Chunks: 0,
2025-03-10 05:29:09.434	NewBlock 560, Chunks: 0,
2025-03-10 05:29:25.093	NewBlock 561, Chunks: 0,
2025-03-10 05:29:50.274	NewBlock 562, Chunks: 0,
2025-03-10 05:29:58.025	NewBlock 563, Chunks: 0,
2025-03-10 05:30:11.539	NewBlock 564, Chunks: 0,
2025-03-10 05:30:31.392	NewBlock 565, Chunks: 0,
2025-03-10 05:42:03.576	NewBlock 566, Chunks: 0,
2025-03-10 05:42:12.359	NewBlock 567, Chunks: 0,
2025-03-10 05:42:23.147	NewBlock 568, Chunks: 0,
2025-03-10 05:42:29.402	NewBlock 569, Chunks: 0,
2025-03-10 05:42:35.537	NewBlock 570, Chunks: 0,
2025-03-10 05:42:42.700	NewBlock 570, Chunks: 0,
2025-03-10 05:42:42.724	NewBlock 571, Chunks: 0,
2025-03-10 05:42:47.567	NewBlock 572, Chunks: 0,
2025-03-10 05:42:57.241	NewBlock 573, Chunks: 0,
2025-03-10 05:43:06.084	NewBlock 574, Chunks: 0,
2025-03-10 05:43:15.050	NewBlock 575, Chunks: 0,
2025-03-10 05:43:21.814	NewBlock 576, Chunks: 0,
2025-03-10 05:45:30.547	NewBlock 577, Chunks: 0,
2025-03-10 05:45:35.015	NewBlock 578, Chunks: 0,
2025-03-10 05:45:40.393	NewBlock 579, Chunks: 0,
2025-03-10 05:45:49.138	NewBlock 580, Chunks: 0,
2025-03-10 05:46:01.473	NewBlock 581, Chunks: 0,
2025-03-10 05:46:15.812	NewBlock 582, Chunks: 0,
2025-03-10 05:46:21.350	NewBlock 583, Chunks: 0,
2025-03-10 05:46:34.302	NewBlock 584, Chunks: 0,
2025-03-10 05:46:40.114	NewBlock 585, Chunks: 0,
2025-03-10 05:47:01.075	NewBlock 586, Chunks: 0,
2025-03-10 05:47:16.521	NewBlock 587, Chunks: 0,
2025-03-10 05:47:34.846	NewBlock 588, Chunks: 0,
2025-03-10 06:32:10.671	NewBlock 589, Chunks: 0,
2025-03-10 06:32:19.221	NewBlock 590, Chunks: 0,
2025-03-10 06:32:24.374	NewBlock 591, Chunks: 0,
2025-03-10 06:32:28.233	NewBlock 592, Chunks: 0,
2025-03-10 06:32:34.604	NewBlock 593, Chunks: 0,
2025-03-10 06:32:40.929	NewBlock 593, Chunks: 0,
2025-03-10 06:32:40.969	NewBlock 594, Chunks: 0,
2025-03-10 06:32:45.431	NewBlock 595, Chunks: 0,
2025-03-10 06:32:50.072	NewBlock 596, Chunks: 0,
2025-03-10 06:32:58.934	NewBlock 597, Chunks: 0,
2025-03-10 06:33:13.029	NewBlock 598, Chunks: 0,
2025-03-10 06:33:23.000	NewBlock 599, Chunks: 0,
2025-03-10 07:05:56.382	NewBlock 600, Chunks: 0,
2025-03-10 07:06:02.022	NewBlock 601, Chunks: 0,
2025-03-10 07:06:15.276	NewBlock 602, Chunks: 0,
2025-03-10 07:06:25.954	NewBlock 603, Chunks: 0,
2025-03-10 07:06:35.099	NewBlock 604, Chunks: 0,
2025-03-10 07:06:42.648	NewBlock 605, Chunks: 0,
2025-03-10 07:06:49.497	NewBlock 606, Chunks: 0,
2025-03-10 07:06:55.838	NewBlock 607, Chunks: 0,
2025-03-10 07:07:03.994	NewBlock 608, Chunks: 0,
2025-03-10 07:07:13.439	NewBlock 609, Chunks: 0,
2025-03-10 07:07:21.589	NewBlock 610, Chunks: 0,
2025-03-10 07:33:07.523	NewBlock 611, Chunks: 0,
2025-03-10 07:33:14.172	NewBlock 612, Chunks: 0,
2025-03-10 07:33:20.413	NewBlock 613, Chunks: 0,
2025-03-10 07:33:26.455	NewBlock 614, Chunks: 0,
2025-03-10 07:33:32.436	NewBlock 615, Chunks: 0,
2025-03-10 07:33:40.202	NewBlock 616, Chunks: 0,
2025-03-10 07:33:53.853	NewBlock 617, Chunks: 0,
2025-03-10 07:34:02.250	NewBlock 618, Chunks: 0,
2025-03-10 07:34:14.824	NewBlock 619, Chunks: 0,
2025-03-10 07:34:31.394	NewBlock 620, Chunks: 0,
2025-03-10 07:34:38.542	NewBlock 621, Chunks: 0,
2025-03-10 17:24:24.067	NewBlock 622, Chunks: 0,
2025-03-10 17:24:33.152	NewBlock 623, Chunks: 0,
2025-03-10 17:24:38.413	NewBlock 624, Chunks: 0,
2025-03-10 17:24:47.517	NewBlock 625, Chunks: 0,
2025-03-10 17:24:53.064	NewBlock 626, Chunks: 0,
2025-03-10 17:25:08.428	NewBlock 627, Chunks: 0,
2025-03-10 17:25:15.182	NewBlock 628, Chunks: 0,
2025-03-10 17:25:22.938	NewBlock 629, Chunks: 0,
2025-03-10 17:25:27.290	NewBlock 630, Chunks: 0,
2025-03-10 17:25:30.637	NewBlock 631, Chunks: 0,
2025-03-10 17:25:41.209	NewBlock 632, Chunks: 0,
2025-03-10 17:27:40.165	NewBlock 633, Chunks: 0,
2025-03-10 17:27:44.617	NewBlock 634, Chunks: 0,
2025-03-10 17:27:51.732	NewBlock 635, Chunks: 0,
2025-03-10 17:27:57.279	NewBlock 636, Chunks: 0,
2025-03-10 17:28:06.687	NewBlock 637, Chunks: 0,
2025-03-10 17:28:19.936	NewBlock 638, Chunks: 0,
2025-03-10 17:28:25.497	NewBlock 639, Chunks: 0,
2025-03-10 17:28:37.677	NewBlock 640, Chunks: 0,
2025-03-10 17:28:48.738	NewBlock 641, Chunks: 0,
2025-03-10 17:29:13.273	NewBlock 642, Chunks: 0,
2025-03-10 17:29:28.735	NewBlock 643, Chunks: 0,
2025-03-10 17:38:49.638	NewBlock 644, Chunks: 0,
2025-03-10 17:38:53.789	NewBlock 645, Chunks: 0,
2025-03-10 17:38:58.370	NewBlock 646, Chunks: 0,
2025-03-10 17:39:11.480	NewBlock 647, Chunks: 0,
2025-03-10 17:39:19.245	NewBlock 648, Chunks: 0,
2025-03-10 17:39:26.195	NewBlock 649, Chunks: 0,
2025-03-10 17:39:34.748	NewBlock 650, Chunks: 0,
2025-03-10 17:39:39.298	NewBlock 651, Chunks: 0,
2025-03-10 17:39:44.844	NewBlock 652, Chunks: 0,
2025-03-10 17:39:50.393	NewBlock 653, Chunks: 0,
2025-03-10 17:39:58.051	NewBlock 654, Chunks: 0,
2025-03-10 17:40:15.725	NewBlock 655, Chunks: 0,
2025-03-10 17:40:40.093	NewBlock 656, Chunks: 0,
2025-03-10 17:40:58.761	NewBlock 657, Chunks: 0,
2025-03-10 17:41:26.449	NewBlock 658, Chunks: 0,
2025-03-10 17:41:39.501	NewBlock 659, Chunks: 0,
2025-03-10 17:41:52.762	NewBlock 660, Chunks: 0,
2025-03-10 17:42:04.922	NewBlock 661, Chunks: 0,
2025-03-10 17:42:26.995	NewBlock 662, Chunks: 0,
2025-03-10 17:42:32.732	NewBlock 663, Chunks: 0,
2025-03-10 17:42:45.588	NewBlock 664, Chunks: 0,
2025-03-10 17:43:00.050	NewBlock 665, Chunks: 0,
2025-03-10 17:43:13.104	NewBlock 666, Chunks: 0,
2025-03-10 17:43:30.983	NewBlock 667, Chunks: 0,
2025-03-10 17:43:48.589	NewBlock 668, Chunks: 0,
2025-03-10 17:44:03.070	NewBlock 669, Chunks: 0,
2025-03-10 17:44:17.235	NewBlock 670, Chunks: 0,
2025-03-10 17:44:31.586	NewBlock 671, Chunks: 0,
2025-03-10 17:44:50.458	NewBlock 672, Chunks: 0,
2025-03-10 17:45:08.802	NewBlock 673, Chunks: 0,
2025-03-10 17:45:20.061	NewBlock 674, Chunks: 0,
2025-03-10 17:45:30.182	NewBlock 675, Chunks: 0,
2025-03-10 17:50:46.067	NewBlock 676, Chunks: 0,
2025-03-10 17:50:57.842	NewBlock 677, Chunks: 0,
2025-03-10 17:51:02.614	NewBlock 678, Chunks: 0,
2025-03-10 17:51:06.695	NewBlock 679, Chunks: 0,
2025-03-10 17:51:10.393	NewBlock 680, Chunks: 0,
2025-03-10 17:51:25.839	NewBlock 681, Chunks: 0,
2025-03-10 17:51:29.191	NewBlock 682, Chunks: 0,
2025-03-10 17:51:34.771	NewBlock 683, Chunks: 0,
2025-03-10 17:51:43.301	NewBlock 684, Chunks: 0,
2025-03-10 17:51:50.258	NewBlock 685, Chunks: 0,
2025-03-10 17:52:04.610	NewBlock 686, Chunks: 0,
2025-03-10 17:52:34.021	NewBlock 687, Chunks: 0,
2025-03-10 17:52:57.474	NewBlock 688, Chunks: 0,
2025-03-10 17:53:25.044	NewBlock 689, Chunks: 0,
2025-03-10 17:53:29.062	NewBlock 689, Chunks: 0,
2025-03-10 17:53:29.080	NewBlock 690, Chunks: 0,
2025-03-10 17:53:40.497	NewBlock 691, Chunks: 0,
2025-03-10 17:53:59.255	NewBlock 692, Chunks: 0,
2025-03-10 17:54:05.927	NewBlock 693, Chunks: 0,
2025-03-10 17:54:29.720	NewBlock 694, Chunks: 0,
2025-03-10 17:54:39.039	NewBlock 695, Chunks: 0,
2025-03-10 17:56:34.868	NewBlock 696, Chunks: 0,
2025-03-10 17:56:41.622	NewBlock 697, Chunks: 0,
2025-03-10 17:56:45.878	NewBlock 698, Chunks: 0,
2025-03-10 17:56:56.038	NewBlock 699, Chunks: 0,
2025-03-10 17:57:07.208	NewBlock 700, Chunks: 0,
2025-03-10 17:57:12.755	NewBlock 701, Chunks: 0,
2025-03-10 17:57:21.941	NewBlock 702, Chunks: 0,
2025-03-10 17:57:27.146	NewBlock 702, Chunks: 0,
2025-03-10 17:57:27.178	NewBlock 703, Chunks: 0,
2025-03-10 17:57:46.645	NewBlock 704, Chunks: 0,
2025-03-10 17:58:08.281	NewBlock 705, Chunks: 0,
2025-03-10 17:58:22.621	NewBlock 706, Chunks: 0,
2025-03-10 18:53:36.449	NewBlock 707, Chunks: 0,
2025-03-10 18:53:41.440	NewBlock 708, Chunks: 0,
2025-03-10 18:53:55.824	NewBlock 709, Chunks: 0,
2025-03-10 18:54:01.366	NewBlock 710, Chunks: 0,
2025-03-10 18:54:08.314	NewBlock 711, Chunks: 0,
2025-03-10 18:54:22.690	NewBlock 712, Chunks: 0,
2025-03-10 18:54:26.721	NewBlock 713, Chunks: 0,
2025-03-10 18:54:31.191	NewBlock 714, Chunks: 0,
2025-03-10 18:54:35.665	NewBlock 715, Chunks: 0,
2025-03-10 18:54:53.326	NewBlock 716, Chunks: 0,
2025-03-10 18:54:57.848	NewBlock 717, Chunks: 0,
2025-03-10 18:55:03.577	NewBlock 718, Chunks: 0,
2025-03-10 18:55:22.367	NewBlock 719, Chunks: 0,
2025-03-10 18:55:48.949	NewBlock 720, Chunks: 0,
2025-03-10 18:56:11.618	NewBlock 721, Chunks: 0,
2025-03-10 18:56:28.211	NewBlock 722, Chunks: 0,
2025-03-10 19:19:04.191	NewBlock 723, Chunks: 0,
2025-03-10 19:19:10.551	NewBlock 724, Chunks: 0,
2025-03-10 19:19:16.228	NewBlock 725, Chunks: 0,
2025-03-10 19:19:25.378	NewBlock 726, Chunks: 0,
2025-03-10 19:19:35.232	NewBlock 727, Chunks: 0,
2025-03-10 19:19:41.887	NewBlock 728, Chunks: 0,
2025-03-10 19:19:53.655	NewBlock 729, Chunks: 0,
2025-03-10 19:20:01.701	NewBlock 730, Chunks: 0,
2025-03-10 19:20:11.661	NewBlock 731, Chunks: 0,
2025-03-10 19:20:20.717	NewBlock 732, Chunks: 0,
2025-03-10 19:20:23.966	NewBlock 733, Chunks: 0,
2025-03-10 22:09:27.039	NewBlock 734, Chunks: 0,
2025-03-10 22:09:31.307	NewBlock 735, Chunks: 0,
2025-03-10 22:09:34.675	NewBlock 736, Chunks: 0,
2025-03-10 22:09:43.550	NewBlock 737, Chunks: 0,
2025-03-10 22:09:51.905	NewBlock 738, Chunks: 0,
2025-03-10 22:10:01.861	NewBlock 739, Chunks: 0,
2025-03-10 22:10:07.729	NewBlock 740, Chunks: 0,
2025-03-10 22:10:11.818	NewBlock 741, Chunks: 0,
2025-03-10 22:10:16.271	NewBlock 742, Chunks: 0,
2025-03-10 22:10:23.205	NewBlock 743, Chunks: 0,
2025-03-10 22:10:38.325	NewBlock 744, Chunks: 0,
2025-03-10 22:12:42.937	NewBlock 745, Chunks: 0,
2025-03-10 22:12:52.599	NewBlock 746, Chunks: 0,
2025-03-10 22:13:04.821	NewBlock 747, Chunks: 0,
2025-03-10 22:13:15.772	NewBlock 748, Chunks: 0,
2025-03-10 22:13:21.287	NewBlock 749, Chunks: 0,
2025-03-10 22:13:24.659	NewBlock 750, Chunks: 0,
2025-03-10 22:13:32.423	NewBlock 751, Chunks: 0,
2025-03-10 22:13:37.874	NewBlock 751, Chunks: 0,
2025-03-10 22:13:37.892	NewBlock 752, Chunks: 0,
2025-03-10 22:13:57.761	NewBlock 753, Chunks: 0,
2025-03-10 22:14:17.603	NewBlock 754, Chunks: 0,
2025-03-10 22:14:31.967	NewBlock 755, Chunks: 0,
2025-03-10 22:14:58.422	NewBlock 756, Chunks: 0,
2025-03-10 22:15:13.824	NewBlock 757, Chunks: 0,
2025-03-10 22:15:24.873	NewBlock 758, Chunks: 0,
2025-03-10 22:15:38.059	NewBlock 759, Chunks: 0,
2025-03-10 22:15:56.853	NewBlock 760, Chunks: 0,
2025-03-10 22:28:28.530	NewBlock 761, Chunks: 0,
2025-03-10 22:28:34.072	NewBlock 762, Chunks: 0,
2025-03-10 22:28:42.979	NewBlock 762, Chunks: 0,
2025-03-10 22:28:42.997	NewBlock 763, Chunks: 0,
2025-03-10 22:28:47.241	NewBlock 764, Chunks: 0,
2025-03-10 22:28:54.093	NewBlock 765, Chunks: 0,
2025-03-10 22:28:58.241	NewBlock 766, Chunks: 0,
2025-03-10 22:29:07.318	NewBlock 767, Chunks: 0,
2025-03-10 22:29:15.668	NewBlock 768, Chunks: 0,
2025-03-10 22:29:24.750	NewBlock 769, Chunks: 0,
2025-03-10 22:29:30.345	NewBlock 770, Chunks: 0,
2025-03-10 22:29:36.910	NewBlock 771, Chunks: 0,
2025-03-10 22:35:30.490	NewBlock 772, Chunks: 0,
2025-03-10 22:35:35.954	NewBlock 773, Chunks: 0,
2025-03-10 22:35:44.419	NewBlock 774, Chunks: 0,
2025-03-10 22:35:48.673	NewBlock 775, Chunks: 0,
2025-03-10 22:35:54.436	NewBlock 776, Chunks: 0,
2025-03-10 22:36:01.425	NewBlock 777, Chunks: 0,
2025-03-10 22:36:12.081	NewBlock 778, Chunks: 0,
2025-03-10 22:36:19.826	NewBlock 779, Chunks: 0,
2025-03-10 22:36:30.893	NewBlock 780, Chunks: 0,
2025-03-10 22:36:38.760	NewBlock 781, Chunks: 0,
2025-03-10 22:36:47.456	NewBlock 782, Chunks: 0,
2025-03-10 22:37:04.017	NewBlock 783, Chunks: 0,
2025-03-10 22:37:24.916	NewBlock 784, Chunks: 0,
2025-03-10 22:37:45.981	NewBlock 785, Chunks: 0,
2025-03-10 22:38:04.747	NewBlock 786, Chunks: 0,
2025-03-10 22:38:23.423	NewBlock 787, Chunks: 0,
2025-03-10 22:38:32.296	NewBlock 788, Chunks: 0,
2025-03-10 22:38:44.567	NewBlock 789, Chunks: 0,
2025-03-10 22:38:57.065	NewBlock 790, Chunks: 0,
2025-03-10 22:39:18.948	NewBlock 791, Chunks: 0,
2025-03-10 22:39:30.000	NewBlock 792, Chunks: 0,
2025-03-10 22:39:41.156	NewBlock 793, Chunks: 0,
2025-03-10 22:43:31.015	NewBlock 794, Chunks: 0,
2025-03-10 22:43:46.487	NewBlock 795, Chunks: 0,
2025-03-10 22:43:55.263	NewBlock 795, Chunks: 0,
2025-03-10 22:43:55.282	NewBlock 796, Chunks: 0,
2025-03-10 22:43:59.822	NewBlock 797, Chunks: 0,
2025-03-10 22:44:05.765	NewBlock 798, Chunks: 0,
2025-03-10 22:44:09.788	NewBlock 799, Chunks: 0,
2025-03-10 22:44:13.512	NewBlock 800, Chunks: 0,
2025-03-10 22:44:19.945	NewBlock 801, Chunks: 0,
2025-03-10 22:44:24.281	NewBlock 802, Chunks: 0,
2025-03-10 22:44:37.821	NewBlock 803, Chunks: 0,
2025-03-10 22:44:56.585	NewBlock 804, Chunks: 0,
2025-03-10 22:47:03.190	NewBlock 805, Chunks: 0,
2025-03-10 22:47:19.745	NewBlock 806, Chunks: 0,
2025-03-10 22:47:32.480	NewBlock 806, Chunks: 0,
2025-03-10 22:47:32.514	NewBlock 807, Chunks: 0,
2025-03-10 22:47:36.969	NewBlock 808, Chunks: 0,
2025-03-10 22:47:41.314	NewBlock 809, Chunks: 0,
2025-03-10 22:47:46.215	NewBlock 810, Chunks: 0,
2025-03-10 22:48:01.313	NewBlock 810, Chunks: 0,
2025-03-10 22:48:01.333	NewBlock 811, Chunks: 0,
2025-03-10 22:48:10.197	NewBlock 812, Chunks: 0,
2025-03-10 22:48:13.546	NewBlock 813, Chunks: 0,
2025-03-10 22:48:43.278	NewBlock 814, Chunks: 0,
2025-03-10 22:48:53.221	NewBlock 815, Chunks: 0,
2025-03-10 22:56:36.694	NewBlock 816, Chunks: 0,
2025-03-10 22:56:37.749	NewBlock 817, Chunks: 0,
2025-03-10 22:56:43.507	NewBlock 818, Chunks: 0,
2025-03-10 22:56:46.664	NewBlock 819, Chunks: 0,
2025-03-10 22:56:52.430	NewBlock 820, Chunks: 0,
2025-03-10 22:57:05.382	NewBlock 821, Chunks: 0,
2025-03-10 22:57:10.157	NewBlock 821, Chunks: 0,
2025-03-10 22:57:10.192	NewBlock 822, Chunks: 0,
2025-03-10 22:57:14.231	NewBlock 823, Chunks: 0,
2025-03-10 22:57:19.881	NewBlock 824, Chunks: 0,
2025-03-10 22:57:24.364	NewBlock 825, Chunks: 0,
2025-03-10 22:57:31.775	NewBlock 826, Chunks: 0,
2025-03-10 22:57:45.560	NewBlock 827, Chunks: 0,
2025-03-10 22:58:01.532	NewBlock 828, Chunks: 0,
2025-03-10 22:58:29.169	NewBlock 829, Chunks: 0,
2025-03-10 22:58:53.451	NewBlock 830, Chunks: 0,
2025-03-10 22:59:10.224	NewBlock 831, Chunks: 0,
2025-03-10 22:59:22.998	NewBlock 832, Chunks: 0,
2025-03-10 22:59:34.511	NewBlock 833, Chunks: 0,
2025-03-10 22:59:48.674	NewBlock 834, Chunks: 0,
2025-03-10 22:59:59.397	NewBlock 835, Chunks: 0,
2025-03-10 23:00:10.448	NewBlock 836, Chunks: 0,
2025-03-10 23:00:25.914	NewBlock 837, Chunks: 0,
2025-03-10 23:00:42.738	NewBlock 837, Chunks: 0,
2025-03-10 23:00:42.783	NewBlock 838, Chunks: 0,
2025-03-10 23:00:55.667	NewBlock 839, Chunks: 0,
2025-03-10 23:01:13.572	NewBlock 840, Chunks: 0,
2025-03-10 23:09:06.500	NewBlock 841, Chunks: 0,
2025-03-10 23:09:18.654	NewBlock 842, Chunks: 0,
2025-03-10 23:09:27.518	NewBlock 843, Chunks: 0,
2025-03-10 23:09:34.324	NewBlock 843, Chunks: 0,
2025-03-10 23:09:34.344	NewBlock 844, Chunks: 0,
2025-03-10 23:09:51.839	NewBlock 845, Chunks: 0,
2025-03-10 23:09:58.673	NewBlock 845, Chunks: 0,
2025-03-10 23:09:58.695	NewBlock 846, Chunks: 0,
2025-03-10 23:10:08.418	NewBlock 847, Chunks: 0,
2025-03-10 23:10:12.859	NewBlock 848, Chunks: 0,
2025-03-10 23:10:19.661	NewBlock 849, Chunks: 0,
2025-03-10 23:10:32.712	NewBlock 850, Chunks: 0,
2025-03-10 23:10:40.464	NewBlock 851, Chunks: 0,
2025-03-10 23:10:46.006	NewBlock 852, Chunks: 0,
2025-03-10 23:11:04.766	NewBlock 853, Chunks: 0,
2025-03-10 23:11:30.116	NewBlock 854, Chunks: 0,
2025-03-10 23:11:49.000	NewBlock 854, Chunks: 0,
2025-03-10 23:11:49.019	NewBlock 855, Chunks: 0,
2025-03-10 23:55:04.103	NewBlock 856, Chunks: 0,
2025-03-10 23:55:07.221	NewBlock 857, Chunks: 0,
2025-03-10 23:55:13.661	NewBlock 858, Chunks: 0,
2025-03-10 23:55:18.712	NewBlock 859, Chunks: 0,
2025-03-10 23:55:25.564	NewBlock 860, Chunks: 0,
2025-03-10 23:55:36.433	NewBlock 861, Chunks: 0,
2025-03-10 23:55:48.595	NewBlock 862, Chunks: 0,
2025-03-10 23:55:53.492	NewBlock 863, Chunks: 0,
2025-03-10 23:55:54.243	NewBlock 864, Chunks: 0,
2025-03-10 23:55:57.926	NewBlock 865, Chunks: 0,
2025-03-10 23:56:05.096	NewBlock 866, Chunks: 0,
2025-03-10 23:56:12.844	NewBlock 867, Chunks: 0,
2025-03-10 23:56:26.203	NewBlock 868, Chunks: 0,
2025-03-10 23:56:53.982	NewBlock 869, Chunks: 0,
2025-03-10 23:57:22.572	NewBlock 870, Chunks: 0,
2025-03-10 23:57:44.703	NewBlock 871, Chunks: 0,
2025-03-10 23:57:54.657	NewBlock 872, Chunks: 0,
2025-03-11 00:19:02.357	NewBlock 873, Chunks: 0,
2025-03-11 00:19:12.339	NewBlock 874, Chunks: 0,
2025-03-11 00:19:17.615	NewBlock 875, Chunks: 0,
2025-03-11 00:19:32.200	NewBlock 876, Chunks: 0,
2025-03-11 00:19:42.155	NewBlock 877, Chunks: 0,
2025-03-11 00:19:48.798	NewBlock 878, Chunks: 0,
2025-03-11 00:19:53.252	NewBlock 879, Chunks: 0,
2025-03-11 00:20:08.693	NewBlock 880, Chunks: 0,
2025-03-11 00:20:18.172	NewBlock 881, Chunks: 0,
2025-03-11 00:20:34.050	NewBlock 882, Chunks: 0,
2025-03-11 00:20:41.450	NewBlock 883, Chunks: 0,
2025-03-11 00:20:46.233	NewBlock 884, Chunks: 0,
2025-03-11 00:46:08.115	NewBlock 885, Chunks: 0,
2025-03-11 00:46:17.541	NewBlock 886, Chunks: 0,
2025-03-11 00:46:22.185	NewBlock 887, Chunks: 0,
2025-03-11 00:46:33.483	NewBlock 888, Chunks: 0,
2025-03-11 00:46:45.631	NewBlock 889, Chunks: 0,
2025-03-11 00:46:52.920	NewBlock 890, Chunks: 0,
2025-03-11 00:46:59.480	NewBlock 891, Chunks: 0,
2025-03-11 00:47:04.045	NewBlock 891, Chunks: 0,
2025-03-11 00:47:04.066	NewBlock 892, Chunks: 0,
2025-03-11 00:47:10.631	NewBlock 893, Chunks: 0,
2025-03-11 00:47:19.696	NewBlock 894, Chunks: 0,
2025-03-11 00:47:23.748	NewBlock 895, Chunks: 0,
2025-03-11 00:48:16.754	NewBlock 896, Chunks: 0,
2025-03-11 00:48:32.228	NewBlock 897, Chunks: 0,
2025-03-11 00:48:49.004	NewBlock 898, Chunks: 0,
2025-03-11 00:49:03.173	NewBlock 899, Chunks: 0,
2025-03-11 00:49:11.021	NewBlock 900, Chunks: 0,
2025-03-11 00:49:24.985	NewBlock 901, Chunks: 0,
2025-03-11 00:49:40.344	NewBlock 902, Chunks: 0,
2025-03-11 00:49:50.703	NewBlock 903, Chunks: 0,
2025-03-11 00:50:08.365	NewBlock 904, Chunks: 0,
2025-03-11 00:50:27.031	NewBlock 905, Chunks: 0,
2025-03-11 00:50:34.920	NewBlock 905, Chunks: 0,
2025-03-11 00:50:34.954	NewBlock 906, Chunks: 0,
2025-03-11 01:25:04.192	NewBlock 907, Chunks: 0,
2025-03-11 01:25:11.538	NewBlock 908, Chunks: 0,
2025-03-11 01:25:16.493	NewBlock 909, Chunks: 0,
2025-03-11 01:25:25.565	NewBlock 910, Chunks: 0,
2025-03-11 01:25:29.322	NewBlock 911, Chunks: 0,
2025-03-11 01:25:39.663	NewBlock 912, Chunks: 0,
2025-03-11 01:25:46.328	NewBlock 913, Chunks: 0,
2025-03-11 01:25:51.486	NewBlock 914, Chunks: 0,
2025-03-11 01:26:08.156	NewBlock 915, Chunks: 0,
2025-03-11 01:26:20.490	NewBlock 916, Chunks: 0,
2025-03-11 01:26:31.558	NewBlock 917, Chunks: 0,
2025-03-11 01:44:53.986	NewBlock 918, Chunks: 0,
2025-03-11 01:45:07.421	NewBlock 919, Chunks: 0,
2025-03-11 01:45:19.566	NewBlock 920, Chunks: 0,
2025-03-11 01:45:30.582	NewBlock 921, Chunks: 0,
2025-03-11 01:45:37.237	NewBlock 922, Chunks: 0,
2025-03-11 01:45:46.080	NewBlock 923, Chunks: 0,
2025-03-11 01:45:53.829	NewBlock 924, Chunks: 0,
2025-03-11 01:46:07.098	NewBlock 925, Chunks: 0,
2025-03-11 01:46:13.539	NewBlock 926, Chunks: 0,
2025-03-11 01:46:21.266	NewBlock 927, Chunks: 0,
2025-03-11 01:46:30.098	NewBlock 928, Chunks: 0,
2025-03-11 02:05:42.962	NewBlock 929, Chunks: 0,
2025-03-11 02:05:46.728	NewBlock 930, Chunks: 0,
2025-03-11 02:05:51.421	NewBlock 931, Chunks: 0,
2025-03-11 02:05:55.003	NewBlock 932, Chunks: 0,
2025-03-11 02:06:01.108	NewBlock 933, Chunks: 0,
2025-03-11 02:06:13.277	NewBlock 934, Chunks: 0,
2025-03-11 02:06:16.619	NewBlock 935, Chunks: 0,
2025-03-11 02:06:19.960	NewBlock 936, Chunks: 0,
2025-03-11 02:06:25.551	NewBlock 937, Chunks: 0,
2025-03-11 02:06:29.992	NewBlock 938, Chunks: 0,
2025-03-11 02:06:39.944	NewBlock 939, Chunks: 0,
2025-03-11 02:06:46.604	NewBlock 940, Chunks: 0,
2025-03-11 02:07:03.773	NewBlock 940, Chunks: 0,
2025-03-11 02:07:03.803	NewBlock 941, Chunks: 0,
2025-03-11 02:07:31.780	NewBlock 942, Chunks: 0,
2025-03-11 02:07:51.641	NewBlock 943, Chunks: 0,
2025-03-11 02:08:15.926	NewBlock 944, Chunks: 0,
2025-03-11 02:08:26.357	NewBlock 945, Chunks: 0,
2025-03-11 02:08:40.808	NewBlock 946, Chunks: 0,
2025-03-11 02:08:56.165	NewBlock 947, Chunks: 0,
2025-03-11 02:09:04.376	NewBlock 948, Chunks: 0,
2025-03-11 02:09:05.424	NewBlock 949, Chunks: 0,
2025-03-11 04:06:12.745	NewBlock -1, Chunks: 0,
2025-03-11 05:32:52.809	Initialized. Chunks: 0
2025-03-11 06:07:13.086	NewBlock 950, Chunks: 0,
2025-03-11 06:07:26.442	NewBlock 951, Chunks: 0,
2025-03-11 06:07:41.665	NewBlock 952, Chunks: 0,
2025-03-11 06:07:57.290	NewBlock 953, Chunks: 0,
2025-03-11 06:08:09.438	NewBlock 954, Chunks: 0,
2025-03-11 06:08:22.692	NewBlock 955, Chunks: 0,
2025-03-11 06:08:40.536	NewBlock 956, Chunks: 0,
2025-03-11 06:08:56.844	NewBlock 957, Chunks: 0,
2025-03-11 06:09:09.022	NewBlock 958, Chunks: 0,
2025-03-11 06:09:22.273	NewBlock 959, Chunks: 0,
2025-03-11 06:09:33.394	NewBlock 960, Chunks: 0,
2025-03-11 21:39:53.271	NewBlock 961, Chunks: 0,
2025-03-11 21:39:58.523	NewBlock 962, Chunks: 0,
2025-03-11 21:40:06.896	NewBlock 963, Chunks: 0,
2025-03-11 21:40:12.491	NewBlock 964, Chunks: 0,
2025-03-11 21:40:25.746	NewBlock 965, Chunks: 0,
2025-03-11 21:40:31.548	NewBlock 966, Chunks: 0,
2025-03-11 21:40:38.006	NewBlock 967, Chunks: 0,
2025-03-11 21:40:51.262	NewBlock 968, Chunks: 0,
2025-03-11 21:41:03.728	NewBlock 969, Chunks: 0,
2025-03-11 21:41:09.180	NewBlock 970, Chunks: 0,
2025-03-11 21:41:18.137	NewBlock 971, Chunks: 0,
2025-03-11 21:48:44.794	NewBlock 972, Chunks: 0,
2025-03-11 21:48:57.157	NewBlock 973, Chunks: 0,
2025-03-11 21:49:09.319	NewBlock 974, Chunks: 0,
2025-03-11 21:49:13.563	NewBlock 975, Chunks: 0,
2025-03-11 21:49:17.705	NewBlock 976, Chunks: 0,
2025-03-11 21:49:29.354	NewBlock 977, Chunks: 0,
2025-03-11 21:49:42.602	NewBlock 978, Chunks: 0,
2025-03-11 21:49:54.109	NewBlock 979, Chunks: 0,
2025-03-11 21:50:02.863	NewBlock 980, Chunks: 0,
2025-03-11 21:50:12.717	NewBlock 981, Chunks: 0,
2025-03-11 21:50:21.679	NewBlock 982, Chunks: 0,
2025-03-11 21:56:40.346	NewBlock 983, Chunks: 0,
2025-03-11 21:56:44.599	NewBlock 984, Chunks: 0,
2025-03-11 21:56:49.147	NewBlock 985, Chunks: 0,
2025-03-11 21:57:03.890	NewBlock 986, Chunks: 0,
2025-03-11 21:57:14.528	NewBlock 987, Chunks: 0,
2025-03-11 21:57:18.967	NewBlock 988, Chunks: 0,
2025-03-11 21:57:24.608	NewBlock 989, Chunks: 0,
2025-03-11 21:57:33.652	NewBlock 990, Chunks: 0,
2025-03-11 21:57:41.966	NewBlock 991, Chunks: 0,
2025-03-11 21:57:53.021	NewBlock 992, Chunks: 0,
2025-03-11 21:57:59.767	NewBlock 993, Chunks: 0,
2025-03-11 21:58:20.828	NewBlock 994, Chunks: 0,
2025-03-11 21:58:41.716	NewBlock 995, Chunks: 0,
2025-03-11 21:59:01.487	NewBlock 996, Chunks: 0,
2025-03-11 22:04:03.201	NewBlock -1, Chunks: 0,
2025-03-11 22:04:55.615	Initialized. Chunks: 0
2025-03-11 22:08:03.899	NewBlock -1, Chunks: 0,
2025-03-11 22:09:32.217	Initialized. Chunks: 0
2025-03-11 22:13:48.569	NewBlock 997, Chunks: 0,
2025-03-11 22:14:08.932	NewBlock 998, Chunks: 0,
2025-03-11 22:14:19.904	NewBlock 999, Chunks: 0,
2025-03-11 22:14:33.259	NewBlock 1000, Chunks: 0,
2025-03-11 22:14:49.837	NewBlock 1001, Chunks: 0,
2025-03-11 22:15:05.206	NewBlock 1002, Chunks: 0,
2025-03-11 22:15:18.666	NewBlock 1003, Chunks: 0,
2025-03-11 22:15:35.224	NewBlock 1004, Chunks: 0,
2025-03-11 22:15:46.079	NewBlock 1005, Chunks: 0,
2025-03-11 22:15:59.442	NewBlock 1006, Chunks: 0,
2025-03-11 22:16:11.595	NewBlock 1007, Chunks: 0,
2025-03-11 22:16:26.056	NewBlock 1008, Chunks: 0,
2025-03-11 22:16:44.528	NewBlock 1009, Chunks: 0,
2025-03-11 22:17:05.602	NewBlock 1010, Chunks: 0,
2025-03-11 22:17:13.346	NewBlock 1011, Chunks: 0,
2025-03-11 22:33:09.764	NewBlock 1012, Chunks: 0,
2025-03-11 22:33:19.415	NewBlock 1013, Chunks: 0,
2025-03-11 22:33:24.989	NewBlock 1014, Chunks: 0,
2025-03-11 22:33:36.074	NewBlock 1015, Chunks: 0,
2025-03-11 22:33:42.622	NewBlock 1016, Chunks: 0,
2025-03-11 22:33:48.070	NewBlock 1017, Chunks: 0,
2025-03-11 22:34:03.631	NewBlock 1018, Chunks: 0,
2025-03-11 22:34:08.181	NewBlock 1019, Chunks: 0,
2025-03-11 22:34:17.933	NewBlock 1020, Chunks: 0,
2025-03-11 22:34:26.884	NewBlock 1021, Chunks: 0,
2025-03-11 22:34:33.533	NewBlock 1022, Chunks: 0,
2025-03-11 22:34:40.182	NewBlock 1023, Chunks: 0,
2025-03-11 22:34:58.937	NewBlock 1024, Chunks: 0,
2025-03-11 22:35:19.898	NewBlock 1025, Chunks: 0,
2025-03-11 22:35:43.070	NewBlock 1026, Chunks: 0,
2025-03-11 22:36:06.772	NewBlock 1027, Chunks: 0,
2025-03-11 22:36:25.535	NewBlock 1028, Chunks: 0,
2025-03-11 22:36:31.113	NewBlock 1029, Chunks: 0,
2025-03-11 22:37:29.472	NewBlock 1030, Chunks: 0,
2025-03-11 22:37:37.330	NewBlock 1031, Chunks: 0,
2025-03-11 22:37:49.275	NewBlock 1032, Chunks: 0,
2025-03-11 22:38:00.432	NewBlock 1033, Chunks: 0,
2025-03-11 22:38:09.285	NewBlock 1034, Chunks: 0,
2025-03-11 22:38:21.548	NewBlock 1035, Chunks: 0,
2025-03-11 22:38:25.851	NewBlock 1036, Chunks: 0,
2025-03-11 22:38:50.115	NewBlock 1037, Chunks: 0,
2025-03-11 22:39:02.493	NewBlock 1037, Chunks: 0,
2025-03-11 22:39:02.512	NewBlock 1038, Chunks: 0,
2025-03-11 22:39:21.376	NewBlock 1039, Chunks: 0,
2025-03-11 22:39:35.274	NewBlock 1040, Chunks: 0,
