2025-03-02 02:22:29.362	Initialized. Chain height: -1, Txs: 0
2025-03-02 02:22:29.369	Entity (00000101, 0000000000000000000000000000000000000000) added successfully
2025-03-02 02:22:29.369	Entity (00000201, 0000000000000000000000000000000000000000) added successfully
2025-03-02 02:22:29.369	Entity (00000102, 0000000000000000000000000000000000000000) added successfully
2025-03-02 02:22:29.369	Entity (00000202, 0000000000000000000000000000000000000000) added successfully
2025-03-02 02:22:29.369	Entity (0000010A, 0000000000000000000000000000000000000000) added successfully
2025-03-02 02:22:29.369	Entity (0000010B, 0000000000000000000000000000000000000000) added successfully
2025-03-02 02:22:29.369	Entity (0000010F, 0000000000000000000000000000000000000000) added successfully
2025-03-02 02:22:29.369	Entity (00000103, dca9aea4fa3b10c470d28e86885885544c9181e8) added successfully
2025-03-02 02:22:29.369	Entity (00000203, dca9aea4fa3b10c470d28e86885885544c9181e8) added successfully
2025-03-02 02:22:29.416	Entity (00000105, 00000000d6b27e7a79327e241aaea5b688910938) added successfully
2025-03-02 02:22:29.416	Entity (00000205, 00000000d6b27e7a79327e241aaea5b688910938) added successfully
2025-03-02 02:22:29.417	Entity (00000106, 00000000d6b27e7a79327e241aaea5b688910938) added successfully
2025-03-02 02:22:29.417	Entity (00000206, 00000000d6b27e7a79327e241aaea5b688910938) added successfully
2025-03-02 02:22:29.417	Entity (00000107, 00000000d6b27e7a79327e241aaea5b688910938) added successfully
2025-03-02 02:22:29.417	Entity (00000207, 00000000d6b27e7a79327e241aaea5b688910938) added successfully
2025-03-02 02:22:29.438	NewData 00000000000000000000014b0000000000000000000000000000000000000002, block 0, flags 00000000, import 0
2025-03-02 02:22:29.445	NewBlock 0, Txs: 1, Rows: 4
2025-03-02 02:22:30.092	NewBlock 1, Txs: 0, Rows: 0
2025-03-02 02:22:30.121	NewBlock 2, Txs: 0, Rows: 0
2025-03-02 02:22:30.148	NewData 00000000000000000000014b0000000000000000000000000000000000000002, block 3, flags 00000000, import 0
2025-03-02 02:22:30.148	NewData 00000000000000000000014b0000000000000000000000000000000000000002, block 3, flags 00000000, import 0
2025-03-02 02:22:30.152	NewBlock 3, Txs: 0, Rows: 4
2025-03-02 02:22:30.181	NewBlock 4, Txs: 0, Rows: 0
2025-03-02 02:22:40.835	NewBlock 5, Txs: 0, Rows: 0
2025-03-02 02:23:11.318	NewTx 90d0efe6e2df5d808d52d7343f6fc7a426f265aedd0c20f3696d6a4716bb3148, block -1, flags 00000004, import 0
2025-03-02 02:23:25.948	UpdateTx 90d0efe6e2, block 6, flags 00000004, import 0
2025-03-02 02:23:25.952	NewBlock 6, Txs: 1, Rows: 6
2025-03-02 02:23:34.808	NewBlock 7, Txs: 0, Rows: 0
2025-03-02 02:23:55.594	NewBlock 8, Txs: 0, Rows: 0
2025-03-02 02:24:09.980	NewBlock 9, Txs: 0, Rows: 0
2025-03-02 02:24:31.063	NewBlock 10, Txs: 0, Rows: 0
2025-03-02 02:24:44.334	NewBlock 11, Txs: 0, Rows: 0
2025-03-02 02:25:01.901	NewBlock 12, Txs: 0, Rows: 0
2025-03-02 02:25:07.515	NewBlock 13, Txs: 0, Rows: 0
2025-03-02 02:25:14.059	NewBlock 14, Txs: 0, Rows: 0
2025-03-02 02:25:28.516	NewBlock 15, Txs: 0, Rows: 0
2025-03-02 02:25:45.071	NewBlock 16, Txs: 0, Rows: 0
2025-03-02 02:26:03.736	NewBlock 17, Txs: 0, Rows: 0
2025-03-02 02:26:21.287	NewBlock 18, Txs: 0, Rows: 0
2025-03-02 02:26:35.509	NewBlock 19, Txs: 0, Rows: 0
2025-03-02 02:26:53.177	NewBlock 20, Txs: 0, Rows: 0
2025-03-02 02:27:06.518	NewBlock 21, Txs: 0, Rows: 0
2025-03-02 02:27:19.769	NewBlock 22, Txs: 0, Rows: 0
2025-03-02 02:27:34.885	NewBlock 23, Txs: 0, Rows: 0
2025-03-02 02:27:46.219	NewBlock 24, Txs: 0, Rows: 0
2025-03-02 02:27:59.532	NewBlock 25, Txs: 0, Rows: 0
2025-03-02 02:28:17.006	NewBlock 26, Txs: 0, Rows: 0
2025-03-02 02:28:40.290	NewBlock 27, Txs: 0, Rows: 0
2025-03-02 02:28:47.947	NewBlock 28, Txs: 0, Rows: 0
2025-03-02 02:29:06.690	NewBlock 29, Txs: 0, Rows: 0
2025-03-02 02:29:18.841	NewBlock 30, Txs: 0, Rows: 0
2025-03-02 02:29:38.637	NewBlock 31, Txs: 0, Rows: 0
2025-03-02 02:29:48.017	Rolled back to block 30 successfully
2025-03-02 02:29:48.034	NewBlock 31, Txs: 0, Rows: 0
2025-03-02 02:29:48.057	NewBlock 32, Txs: 0, Rows: 0
2025-03-02 02:30:01.130	NewBlock 33, Txs: 0, Rows: 0
2025-03-02 02:30:17.294	NewBlock 34, Txs: 0, Rows: 0
2025-03-02 02:30:34.866	NewBlock 35, Txs: 0, Rows: 0
2025-03-02 02:30:50.436	NewBlock 36, Txs: 0, Rows: 0
2025-03-02 02:31:07.394	Rolled back to block 35 successfully
2025-03-02 02:31:07.411	NewBlock 36, Txs: 0, Rows: 0
2025-03-02 02:31:07.431	NewBlock 37, Txs: 0, Rows: 0
2025-03-02 02:31:15.685	NewBlock 38, Txs: 0, Rows: 0
2025-03-02 02:31:30.537	NewBlock 39, Txs: 0, Rows: 0
2025-03-02 02:31:50.304	NewBlock 40, Txs: 0, Rows: 0
2025-03-02 02:32:03.581	NewBlock 41, Txs: 0, Rows: 0
2025-03-02 02:32:17.839	NewBlock 42, Txs: 0, Rows: 0
2025-03-02 02:32:30.096	NewBlock 43, Txs: 0, Rows: 0
2025-03-02 02:32:45.458	NewBlock 44, Txs: 0, Rows: 0
2025-03-02 02:33:03.637	NewBlock 45, Txs: 0, Rows: 0
2025-03-02 02:33:21.307	NewBlock 46, Txs: 0, Rows: 0
2025-03-02 02:33:31.767	NewBlock 47, Txs: 0, Rows: 0
2025-03-02 02:33:53.241	NewBlock 48, Txs: 0, Rows: 0
2025-03-02 02:34:09.307	NewBlock 49, Txs: 0, Rows: 0
2025-03-02 02:34:14.268	NewBlock 50, Txs: 0, Rows: 0
2025-03-02 02:34:34.551	NewBlock 51, Txs: 0, Rows: 0
2025-03-02 02:34:45.111	NewBlock 52, Txs: 0, Rows: 0
2025-03-02 02:35:02.073	NewBlock 53, Txs: 0, Rows: 0
2025-03-02 02:35:16.030	NewBlock 54, Txs: 0, Rows: 0
2025-03-02 02:35:34.988	NewBlock 55, Txs: 0, Rows: 0
2025-03-02 02:35:56.967	NewBlock 56, Txs: 0, Rows: 0
2025-03-02 02:36:01.217	NewBlock 57, Txs: 0, Rows: 0
2025-03-02 02:36:17.019	NewBlock 58, Txs: 0, Rows: 0
2025-03-02 02:36:32.303	NewBlock 59, Txs: 0, Rows: 0
2025-03-02 02:44:45.221	NewBlock 60, Txs: 0, Rows: 0
2025-03-02 02:44:51.051	NewBlock 61, Txs: 0, Rows: 0
2025-03-02 02:44:59.794	NewBlock 62, Txs: 0, Rows: 0
2025-03-02 02:45:16.407	NewBlock 63, Txs: 0, Rows: 0
2025-03-02 02:45:17.046	Rolled back to block 62 successfully
2025-03-02 02:45:17.070	NewBlock 63, Txs: 0, Rows: 0
2025-03-02 02:45:23.711	Rolled back to block 62 successfully
2025-03-02 02:45:23.738	NewBlock 63, Txs: 0, Rows: 0
2025-03-02 02:45:23.758	NewBlock 64, Txs: 0, Rows: 0
2025-03-02 02:45:29.685	NewBlock 65, Txs: 0, Rows: 0
2025-03-02 02:45:34.825	NewBlock 66, Txs: 0, Rows: 0
2025-03-02 02:45:42.942	NewBlock 67, Txs: 0, Rows: 0
2025-03-02 02:45:53.691	NewBlock 68, Txs: 0, Rows: 0
2025-03-02 02:46:04.754	NewBlock 69, Txs: 0, Rows: 0
2025-03-02 02:46:14.521	NewBlock 70, Txs: 0, Rows: 0
2025-03-02 02:46:23.694	NewBlock 71, Txs: 0, Rows: 0
2025-03-02 02:46:50.919	NewBlock 72, Txs: 0, Rows: 0
2025-03-02 02:47:11.055	NewBlock 73, Txs: 0, Rows: 0
2025-03-02 02:47:33.127	NewBlock 74, Txs: 0, Rows: 0
2025-03-02 02:47:41.922	NewBlock 75, Txs: 0, Rows: 0
2025-03-02 02:47:56.007	NewBlock 76, Txs: 0, Rows: 0
2025-03-02 02:48:13.919	NewBlock 77, Txs: 0, Rows: 0
2025-03-02 02:48:22.291	NewBlock 78, Txs: 0, Rows: 0
2025-03-02 02:48:34.946	NewBlock 79, Txs: 0, Rows: 0
2025-03-02 02:48:53.167	NewBlock 80, Txs: 0, Rows: 0
2025-03-02 02:49:06.955	NewBlock 81, Txs: 0, Rows: 0
2025-03-02 02:49:19.746	NewBlock 82, Txs: 0, Rows: 0
2025-03-02 02:49:37.307	NewBlock 83, Txs: 0, Rows: 0
2025-03-02 03:40:46.820	NewBlock 84, Txs: 0, Rows: 0
2025-03-02 03:40:51.982	NewBlock 85, Txs: 0, Rows: 0
2025-03-02 03:41:08.889	NewBlock 86, Txs: 0, Rows: 0
2025-03-02 03:41:09.123	Rolled back to block 85 successfully
2025-03-02 03:41:09.144	NewBlock 86, Txs: 0, Rows: 0
2025-03-02 03:41:13.463	Rolled back to block 85 successfully
2025-03-02 03:41:13.484	NewBlock 86, Txs: 0, Rows: 0
2025-03-02 03:41:13.502	NewBlock 87, Txs: 0, Rows: 0
2025-03-02 03:41:28.256	NewBlock 88, Txs: 0, Rows: 0
2025-03-02 03:41:40.836	NewBlock 89, Txs: 0, Rows: 0
2025-03-02 03:41:41.302	Rolled back to block 88 successfully
2025-03-02 03:41:41.319	NewBlock 89, Txs: 0, Rows: 0
2025-03-02 03:41:45.759	NewBlock 90, Txs: 0, Rows: 0
2025-03-02 03:41:52.299	NewBlock 91, Txs: 0, Rows: 0
2025-03-02 03:42:03.984	NewBlock 92, Txs: 0, Rows: 0
2025-03-02 03:42:04.441	Rolled back to block 91 successfully
2025-03-02 03:42:04.459	NewBlock 92, Txs: 0, Rows: 0
2025-03-02 03:42:11.103	NewBlock 93, Txs: 0, Rows: 0
2025-03-02 03:42:20.557	NewBlock 94, Txs: 0, Rows: 0
2025-03-02 03:42:26.354	NewBlock 95, Txs: 0, Rows: 0
2025-03-02 03:42:50.956	NewBlock 96, Txs: 0, Rows: 0
2025-03-02 03:43:12.636	NewBlock 97, Txs: 0, Rows: 0
2025-03-02 03:43:34.327	NewBlock 98, Txs: 0, Rows: 0
2025-03-02 03:43:34.987	Rolled back to block 97 successfully
2025-03-02 03:43:35.011	NewBlock 98, Txs: 0, Rows: 0
2025-03-02 03:43:52.366	Rolled back to block 97 successfully
2025-03-02 03:43:52.392	NewBlock 98, Txs: 0, Rows: 0
2025-03-02 03:43:52.410	NewBlock 99, Txs: 0, Rows: 0
2025-03-02 03:44:12.913	NewBlock 100, Txs: 0, Rows: 0
2025-03-02 03:44:17.786	NewBlock 101, Txs: 0, Rows: 0
2025-03-02 03:44:30.578	NewBlock 102, Txs: 0, Rows: 0
2025-03-02 03:44:42.152	NewBlock 103, Txs: 0, Rows: 0
2025-03-02 03:44:58.221	NewBlock 104, Txs: 0, Rows: 0
2025-03-02 03:45:10.241	NewBlock 105, Txs: 0, Rows: 0
2025-03-02 03:45:28.495	NewBlock 106, Txs: 0, Rows: 0
2025-03-02 03:45:45.751	NewBlock 107, Txs: 0, Rows: 0
