2025-03-08 01:37:29.359	Initialized. Chunks: 0
2025-03-08 01:37:29.456	Entity (00000105, 000000008e46e9baa2fed56bfd1bcca9cf563065) added successfully
2025-03-08 01:37:29.477	NewBlock 0, Chunks: 0,
2025-03-08 01:37:29.531	NewBlock 1, Chunks: 0,
2025-03-08 01:37:29.608	NewBlock 2, Chunks: 0,
2025-03-08 01:37:42.873	NewBlock 3, Chunks: 0,
2025-03-08 01:38:01.232	Initialized. Chunks: 0
2025-03-08 01:38:12.353	NewBlock 4, Chunks: 0,
2025-03-08 01:38:21.986	Entity (00000105, 0000000066448c37c473901809967b0dba5534b1) added successfully
2025-03-08 01:38:22.212	Entity (00000105, 0000000069fe174bc9762d2dab82fe7feff70647) added successfully
2025-03-08 01:38:22.442	Entity (00000105, 00000000560535916b192f9c2e61dcd427fcca9a) added successfully
2025-03-08 01:38:50.948	NewBlock 5, Chunks: 0,
2025-03-08 01:39:03.138	NewBlock 6, Chunks: 0,
2025-03-08 01:39:10.914	NewBlock 7, Chunks: 0,
2025-03-08 01:39:26.364	NewBlock 8, Chunks: 0,
2025-03-08 01:39:47.316	NewBlock 9, Chunks: 0,
2025-03-08 01:40:03.854	NewBlock 10, Chunks: 0,
2025-03-08 01:40:21.564	NewBlock 11, Chunks: 0,
2025-03-08 01:40:37.046	NewBlock 12, Chunks: 0,
2025-03-08 01:40:51.392	NewBlock 13, Chunks: 0,
2025-03-08 01:41:05.749	NewBlock 14, Chunks: 0,
2025-03-08 01:41:21.243	NewBlock 15, Chunks: 0,
2025-03-08 01:41:22.401	NewBlock 16, Chunks: 0,
2025-03-08 01:41:41.181	NewBlock 17, Chunks: 0,
2025-03-08 01:42:03.833	NewBlock 18, Chunks: 0,
2025-03-08 01:42:17.193	NewBlock 19, Chunks: 0,
2025-03-08 01:42:34.061	NewBlock 20, Chunks: 0,
2025-03-08 01:42:50.617	NewBlock 21, Chunks: 0,
2025-03-08 01:43:06.109	NewBlock 22, Chunks: 0,
2025-03-08 01:43:23.240	NewBlock 23, Chunks: 0,
2025-03-08 01:43:36.491	NewBlock 24, Chunks: 0,
2025-03-08 01:43:47.978	NewBlock 25, Chunks: 0,
2025-03-08 01:44:00.576	NewBlock 26, Chunks: 0,
2025-03-08 01:44:15.544	NewBlock 27, Chunks: 0,
2025-03-08 01:44:32.660	NewBlock 28, Chunks: 0,
2025-03-08 01:44:55.838	NewBlock 29, Chunks: 0,
2025-03-08 01:45:02.588	NewBlock 30, Chunks: 0,
2025-03-08 01:45:17.287	NewBlock 31, Chunks: 0,
2025-03-08 01:45:31.071	NewBlock 32, Chunks: 0,
2025-03-08 01:45:45.536	NewBlock 33, Chunks: 0,
2025-03-08 01:45:59.898	NewBlock 34, Chunks: 0,
2025-03-08 01:46:16.372	NewBlock 35, Chunks: 0,
2025-03-08 01:46:31.834	NewBlock 36, Chunks: 0,
2025-03-08 01:46:42.898	NewBlock 37, Chunks: 0,
2025-03-08 01:46:58.471	NewBlock 38, Chunks: 0,
2025-03-08 01:47:12.640	NewBlock 39, Chunks: 0,
2025-03-08 01:47:29.213	NewBlock 40, Chunks: 0,
2025-03-08 01:47:47.006	NewBlock 41, Chunks: 0,
2025-03-08 01:47:58.056	NewBlock 42, Chunks: 0,
2025-03-08 01:48:15.426	NewBlock 43, Chunks: 0,
2025-03-08 01:48:30.888	NewBlock 44, Chunks: 0,
2025-03-08 01:48:40.951	NewBlock 45, Chunks: 0,
2025-03-08 01:48:58.423	NewBlock 46, Chunks: 0,
2025-03-08 01:49:14.790	NewBlock 47, Chunks: 0,
2025-03-08 01:49:31.768	NewBlock 48, Chunks: 0,
2025-03-08 01:49:40.627	NewBlock 49, Chunks: 0,
2025-03-08 01:50:03.394	NewBlock 50, Chunks: 0,
2025-03-08 01:50:20.357	NewBlock 51, Chunks: 0,
2025-03-08 01:50:31.009	NewBlock 52, Chunks: 0,
2025-03-08 01:50:45.186	NewBlock 53, Chunks: 0,
2025-03-08 01:50:57.563	NewBlock 54, Chunks: 0,
2025-03-08 01:51:15.224	NewBlock 55, Chunks: 0,
2025-03-08 01:51:38.186	NewBlock 56, Chunks: 0,
2025-03-08 01:51:48.296	NewBlock 56, Chunks: 0,
2025-03-08 01:51:48.332	NewBlock 57, Chunks: 0,
2025-03-08 01:51:59.315	NewBlock 58, Chunks: 0,
2025-03-08 01:52:12.486	NewBlock 59, Chunks: 0,
2025-03-08 03:02:28.784	Entity (00000005, 00000000887eeee90de5d349036b0e3705a7985e) added successfully
2025-03-08 03:02:44.586	NewBlock 60, Chunks: 0,
2025-03-08 03:02:49.732	NewBlock 61, Chunks: 0,
2025-03-08 03:02:56.120	NewBlock 62, Chunks: 0,
2025-03-08 03:03:04.110	NewBlock 63, Chunks: 0,
2025-03-08 03:03:08.559	NewBlock 64, Chunks: 0,
2025-03-08 03:03:22.567	NewBlock 65, Chunks: 0,
2025-03-08 03:03:37.272	NewBlock 65, Chunks: 0,
2025-03-08 03:03:37.296	NewBlock 66, Chunks: 0,
2025-03-08 03:03:40.208	NewBlock 67, Chunks: 0,
2025-03-08 03:03:47.955	NewBlock 68, Chunks: 0,
2025-03-08 03:03:52.432	NewBlock 69, Chunks: 0,
2025-03-08 03:03:59.178	NewBlock 70, Chunks: 0,
2025-03-08 03:04:49.647	Entity (00000005, 0000000081ff1c8d01d64a3f59afd5012475e6cb) added successfully
2025-03-08 03:04:49.863	Entity (00000005, 00000000118e96de8dfb7df0d54696e44b6aaa23) added successfully
2025-03-08 03:04:50.080	Entity (00000005, 00000000d2c86ea7deb4a28d3cb761a42716738c) added successfully
2025-03-08 03:05:11.702	NewBlock 71, Chunks: 0,
2025-03-08 03:05:17.274	NewBlock 72, Chunks: 0,
2025-03-08 03:05:27.237	NewBlock 73, Chunks: 0,
2025-03-08 03:05:37.223	NewBlock 74, Chunks: 0,
2025-03-08 03:05:48.300	NewBlock 75, Chunks: 0,
2025-03-08 03:06:00.361	NewBlock 76, Chunks: 0,
2025-03-08 03:06:00.394	NewBlock 77, Chunks: 0,
2025-03-08 03:06:25.755	NewBlock 78, Chunks: 0,
2025-03-08 03:06:47.803	NewBlock 79, Chunks: 0,
2025-03-08 03:06:59.839	NewBlock 80, Chunks: 0,
2025-03-08 03:07:10.967	NewBlock 81, Chunks: 0,
2025-03-08 03:07:38.732	Entity (00000005, 0000000046dfa1c59b2ac61b5cca6764765fd5f2) added successfully
2025-03-08 03:07:38.947	Entity (00000005, 00000000a6239ee34806282de5a9aa5b8ae26b62) added successfully
2025-03-08 03:07:39.163	Entity (00000005, 000000005ef970e3f94d87ec799f82b210f0e7f5) added successfully
2025-03-08 03:07:56.127	NewBlock 82, Chunks: 0,
2025-03-08 03:08:10.479	NewBlock 83, Chunks: 0,
2025-03-08 03:08:18.102	NewBlock 84, Chunks: 0,
2025-03-08 03:08:26.954	NewBlock 85, Chunks: 0,
2025-03-08 03:08:35.820	NewBlock 86, Chunks: 0,
2025-03-08 03:08:47.976	NewBlock 87, Chunks: 0,
2025-03-08 03:09:04.443	NewBlock 88, Chunks: 0,
2025-03-08 03:09:22.913	NewBlock 89, Chunks: 0,
2025-03-08 03:09:41.490	NewBlock 90, Chunks: 0,
2025-03-08 03:09:57.044	NewBlock 91, Chunks: 0,
2025-03-08 03:10:13.718	NewBlock 92, Chunks: 0,
2025-03-08 03:10:46.509	Entity (00000005, 00000000aa6fd70b967da26dd4e75efcceba1336) added successfully
2025-03-08 03:10:46.725	Entity (00000005, 000000009bf1df8480cb52182e8c9152c32393d6) added successfully
2025-03-08 03:10:46.942	Entity (00000005, 0000000015a59c56274479648af98717a65b9268) added successfully
2025-03-08 03:11:04.418	NewBlock 93, Chunks: 0,
2025-03-08 03:11:09.845	NewBlock 94, Chunks: 0,
2025-03-08 03:11:19.904	NewBlock 95, Chunks: 0,
2025-03-08 03:11:26.349	NewBlock 96, Chunks: 0,
2025-03-08 03:11:32.109	NewBlock 97, Chunks: 0,
2025-03-08 03:11:46.288	NewBlock 98, Chunks: 0,
2025-03-08 03:12:05.011	NewBlock 99, Chunks: 0,
2025-03-08 03:12:22.793	NewBlock 100, Chunks: 0,
2025-03-08 03:12:28.993	Entity (00000005, 00000000c5d72bc659a388b8e99c07db1f37c95a) added successfully
2025-03-08 03:12:29.216	Entity (00000005, 00000000c05d65f107c2c87fc190b2baa886d0e8) added successfully
2025-03-08 03:12:29.431	Entity (00000005, 0000000002c7bd91dfb329e04ed0e6bb2772467a) added successfully
2025-03-08 03:12:42.465	NewBlock 101, Chunks: 0,
2025-03-08 03:12:57.193	NewBlock 102, Chunks: 0,
2025-03-08 03:13:08.655	NewBlock 103, Chunks: 0,
2025-03-08 03:13:24.113	NewBlock 104, Chunks: 0,
2025-03-08 03:13:41.773	NewBlock 105, Chunks: 0,
2025-03-08 03:13:56.263	NewBlock 106, Chunks: 0,
2025-03-08 03:14:10.529	NewBlock 107, Chunks: 0,
2025-03-08 03:14:25.006	NewBlock 108, Chunks: 0,
2025-03-08 03:14:38.466	Entity (00000005, 0000000085a4e53b7669ac8ca741cb678d15ae67) added successfully
2025-03-08 03:14:38.687	Entity (00000005, 000000004d3284c6da96c414605ebb0e50c8a8b7) added successfully
2025-03-08 03:14:38.905	Entity (00000005, 000000009e92605895358c1fe5a99b7a89b2df96) added successfully
2025-03-08 03:14:40.678	NewBlock 109, Chunks: 0,
2025-03-08 03:14:57.883	NewBlock 110, Chunks: 0,
2025-03-08 03:15:11.139	NewBlock 111, Chunks: 0,
2025-03-08 03:15:23.288	NewBlock 112, Chunks: 0,
2025-03-08 03:15:39.473	NewBlock 113, Chunks: 0,
2025-03-08 03:15:53.372	NewBlock 114, Chunks: 0,
2025-03-08 03:16:08.135	NewBlock 115, Chunks: 0,
2025-03-08 03:16:24.853	NewBlock 116, Chunks: 0,
2025-03-08 03:16:39.336	NewBlock 117, Chunks: 0,
2025-03-08 03:16:52.919	NewBlock 118, Chunks: 0,
2025-03-08 03:17:08.993	NewBlock 119, Chunks: 0,
2025-03-08 03:17:11.075	Entity (00000005, 00000000d24653e0150ddd85e46dbd510fbc8795) added successfully
2025-03-08 03:17:11.298	Entity (00000005, 00000000f118109d47ffec694359d909381bfa7e) added successfully
2025-03-08 03:17:11.525	Entity (00000005, 000000008b8ed64229418e755b0439c1b8637738) added successfully
2025-03-08 03:17:21.248	NewBlock 120, Chunks: 0,
2025-03-08 03:17:46.422	NewBlock 121, Chunks: 0,
2025-03-08 03:17:50.971	NewBlock 122, Chunks: 0,
2025-03-08 03:18:06.629	NewBlock 123, Chunks: 0,
2025-03-08 03:18:19.895	NewBlock 124, Chunks: 0,
2025-03-08 03:18:34.279	NewBlock 125, Chunks: 0,
2025-03-08 03:18:52.950	NewBlock 126, Chunks: 0,
2025-03-08 03:19:05.665	NewBlock 127, Chunks: 0,
2025-03-08 03:19:26.631	NewBlock 128, Chunks: 0,
2025-03-08 03:19:38.782	NewBlock 129, Chunks: 0,
2025-03-08 03:19:52.100	NewBlock 130, Chunks: 0,
2025-03-08 03:19:58.667	Entity (00000005, 000000002537e5c77a6c417b83b8fe8429188e1a) added successfully
2025-03-08 03:19:58.890	Entity (00000005, 0000000098a784935b60fee0aba9f258b89199cc) added successfully
2025-03-08 03:19:59.121	Entity (00000005, 00000000b95f1b0e355f44a242715ceddf8ab02d) added successfully
2025-03-08 03:20:03.608	NewBlock 131, Chunks: 0,
2025-03-08 03:20:21.871	NewBlock 132, Chunks: 0,
2025-03-08 03:20:38.440	NewBlock 133, Chunks: 0,
2025-03-08 03:20:48.735	NewBlock 134, Chunks: 0,
2025-03-08 03:21:11.518	NewBlock 135, Chunks: 0,
2025-03-08 03:21:25.078	NewBlock 136, Chunks: 0,
2025-03-08 03:21:37.833	NewBlock 137, Chunks: 0,
2025-03-08 03:21:50.493	NewBlock 138, Chunks: 0,
2025-03-08 03:22:14.569	NewBlock 139, Chunks: 0,
2025-03-08 03:22:18.136	Entity (00000005, 00000000870c3444c4d828cd85384f23be09fb2e) added successfully
2025-03-08 03:22:18.359	Entity (00000005, 00000000d312066a887048ac00adafed6df1e9fb) added successfully
2025-03-08 03:22:18.581	Entity (00000005, 00000000b29bffa3c57a030993c69198b718fe14) added successfully
2025-03-08 03:22:21.336	NewBlock 140, Chunks: 0,
2025-03-08 03:22:37.392	NewBlock 141, Chunks: 0,
2025-03-08 03:22:48.458	NewBlock 142, Chunks: 0,
2025-03-08 03:23:08.320	NewBlock 143, Chunks: 0,
2025-03-08 03:23:27.075	NewBlock 144, Chunks: 0,
2025-03-08 03:23:38.125	NewBlock 145, Chunks: 0,
2025-03-08 03:23:50.526	NewBlock 146, Chunks: 0,
2025-03-08 03:24:06.008	NewBlock 147, Chunks: 0,
2025-03-08 03:24:21.387	NewBlock 148, Chunks: 0,
2025-03-08 03:24:39.824	NewBlock 149, Chunks: 0,
2025-03-08 03:24:50.486	NewBlock 150, Chunks: 0,
2025-03-08 03:25:09.579	NewBlock 151, Chunks: 0,
2025-03-08 03:25:09.588	Entity (00000005, 0000000054471a0ec2e9b5098ea1923497464cf4) added successfully
2025-03-08 03:25:09.816	Entity (00000005, 00000000d6b8e0a73d73114b0cca961e2794f72a) added successfully
2025-03-08 03:25:10.041	Entity (00000005, 00000000966d67e5784011609b44c0aed1b77480) added successfully
2025-03-08 03:25:21.733	NewBlock 152, Chunks: 0,
2025-03-08 03:25:34.603	NewBlock 153, Chunks: 0,
2025-03-08 03:25:54.845	NewBlock 154, Chunks: 0,
2025-03-08 03:26:10.412	NewBlock 155, Chunks: 0,
2025-03-08 03:26:20.488	NewBlock 156, Chunks: 0,
2025-03-08 03:26:41.114	NewBlock 157, Chunks: 0,
2025-03-08 03:26:49.184	NewBlock 158, Chunks: 0,
2025-03-08 03:27:04.285	NewBlock 159, Chunks: 0,
2025-03-08 03:27:26.489	NewBlock 160, Chunks: 0,
2025-03-08 03:27:36.434	NewBlock 161, Chunks: 0,
2025-03-08 03:27:50.972	NewBlock 162, Chunks: 0,
2025-03-08 03:39:35.943	Entity (00000005, 0000000086aa753e4727ecdaff6489b9864785ee) added successfully
2025-03-08 03:39:36.162	Entity (00000005, 000000003a95a6fea59690da36bc2f080c88f80e) added successfully
2025-03-08 03:39:36.380	Entity (00000005, 00000000a2a71b9e4eabe59b90efe618c32c3b7a) added successfully
2025-03-08 03:39:48.302	NewBlock 163, Chunks: 0,
2025-03-08 03:39:59.359	NewBlock 164, Chunks: 0,
2025-03-08 03:40:13.843	NewBlock 165, Chunks: 0,
2025-03-08 03:40:24.998	NewBlock 166, Chunks: 0,
2025-03-08 03:40:29.144	NewBlock 167, Chunks: 0,
2025-03-08 03:40:41.560	NewBlock 168, Chunks: 0,
2025-03-08 03:40:44.912	NewBlock 169, Chunks: 0,
2025-03-08 03:40:49.460	NewBlock 170, Chunks: 0,
2025-03-08 03:40:54.609	NewBlock 171, Chunks: 0,
2025-03-08 03:41:01.361	NewBlock 172, Chunks: 0,
2025-03-08 03:41:06.654	NewBlock 173, Chunks: 0,
2025-03-08 03:41:11.344	NewBlock 173, Chunks: 0,
2025-03-08 03:41:11.365	NewBlock 174, Chunks: 0,
2025-03-08 03:47:20.275	Entity (00000005, 00000000375f4f402d4b5191d229b2a1b6acb9fb) added successfully
2025-03-08 03:47:20.506	Entity (00000005, 000000008b005d08ff47d63c6bd9669f70feee3c) added successfully
2025-03-08 03:47:20.727	Entity (00000005, 0000000026a89e09bd8bcbe8148dd69a4e478d47) added successfully
2025-03-08 03:47:32.497	NewBlock 175, Chunks: 0,
2025-03-08 03:47:44.373	NewBlock 176, Chunks: 0,
2025-03-08 03:47:47.725	NewBlock 177, Chunks: 0,
2025-03-08 03:47:51.301	NewBlock 176, Chunks: 0,
2025-03-08 03:47:51.322	NewBlock 177, Chunks: 0,
2025-03-08 03:47:51.342	NewBlock 178, Chunks: 0,
2025-03-08 03:47:57.894	NewBlock 179, Chunks: 0,
2025-03-08 03:48:04.246	NewBlock 180, Chunks: 0,
2025-03-08 03:48:12.006	NewBlock 181, Chunks: 0,
2025-03-08 03:48:17.576	NewBlock 181, Chunks: 0,
2025-03-08 03:48:17.596	NewBlock 182, Chunks: 0,
2025-03-08 03:48:29.051	NewBlock 183, Chunks: 0,
2025-03-08 03:48:43.914	NewBlock 184, Chunks: 0,
2025-03-08 03:48:54.094	NewBlock 185, Chunks: 0,
2025-03-08 03:51:06.194	Entity (00000005, 0000000076c1434234e5322ad0a6a888bb1b0eb3) added successfully
2025-03-08 03:51:06.411	Entity (00000005, 00000000656132f633bda02d93bf5ac4c900349f) added successfully
2025-03-08 03:51:06.626	Entity (00000005, 0000000039256f3a0a1e6125fb007755c25ba7a3) added successfully
2025-03-08 03:51:19.576	NewBlock 186, Chunks: 0,
2025-03-08 03:51:24.118	NewBlock 187, Chunks: 0,
2025-03-08 03:51:31.848	NewBlock 188, Chunks: 0,
2025-03-08 03:51:37.400	NewBlock 189, Chunks: 0,
2025-03-08 03:51:46.255	NewBlock 190, Chunks: 0,
2025-03-08 03:51:58.326	NewBlock 191, Chunks: 0,
2025-03-08 03:52:11.415	NewBlock 192, Chunks: 0,
2025-03-08 03:52:19.326	NewBlock 193, Chunks: 0,
2025-03-08 03:52:26.009	NewBlock 194, Chunks: 0,
2025-03-08 03:52:46.891	NewBlock 195, Chunks: 0,
2025-03-08 03:53:03.408	NewBlock 196, Chunks: 0,
2025-03-08 03:56:31.702	Entity (00000005, 0000000030942425360d7ecded0a6ec107f853a9) added successfully
2025-03-08 03:56:31.918	Entity (00000005, 00000000b9155dadb9ea4d8f0b20af35a6b570d4) added successfully
2025-03-08 03:56:32.133	Entity (00000005, 00000000c7ddbc7bb60e96ce7e5f10815bae04e1) added successfully
2025-03-08 03:56:46.685	NewBlock 197, Chunks: 0,
2025-03-08 03:56:52.826	NewBlock 198, Chunks: 0,
2025-03-08 03:57:09.485	NewBlock 199, Chunks: 0,
2025-03-08 03:57:19.736	NewBlock 200, Chunks: 0,
2025-03-08 03:57:28.588	NewBlock 201, Chunks: 0,
2025-03-08 03:57:32.527	NewBlock 202, Chunks: 0,
2025-03-08 03:57:37.682	NewBlock 203, Chunks: 0,
2025-03-08 03:57:49.743	NewBlock 204, Chunks: 0,
2025-03-08 03:57:55.087	NewBlock 205, Chunks: 0,
2025-03-08 03:57:59.794	NewBlock 206, Chunks: 0,
2025-03-08 03:58:17.465	NewBlock 207, Chunks: 0,
2025-03-08 04:01:08.290	Entity (00000005, 000000004fa267df0a762df8add456e1e5e963b5) added successfully
2025-03-08 04:01:08.505	Entity (00000005, 000000001dc18bdbc5293cc1cbf960d74da406d7) added successfully
2025-03-08 04:01:08.721	Entity (00000005, 00000000fa2747e5b8d566ce9bff0ad0ef9c5afa) added successfully
2025-03-08 04:01:28.835	NewBlock 208, Chunks: 0,
2025-03-08 04:01:33.642	NewBlock 208, Chunks: 0,
2025-03-08 04:01:33.677	NewBlock 209, Chunks: 0,
2025-03-08 04:01:45.752	NewBlock 210, Chunks: 0,
2025-03-08 04:01:54.627	NewBlock 211, Chunks: 0,
2025-03-08 04:01:55.470	Entity (00000005, 0000000086ad8439de11a9666df1090d5a3e9763) added successfully
2025-03-08 04:01:55.688	Entity (00000005, 0000000080e6e8ebff80ce226c31da799e0ed93d) added successfully
2025-03-08 04:01:55.906	Entity (00000005, 00000000bc00a57b73def3b13ae4a229991393ea) added successfully
2025-03-08 04:02:04.080	NewBlock 212, Chunks: 0,
2025-03-08 04:02:08.941	NewBlock 213, Chunks: 0,
2025-03-08 04:02:20.815	NewBlock 214, Chunks: 0,
2025-03-08 04:02:34.287	NewBlock 215, Chunks: 0,
2025-03-08 04:02:39.542	NewBlock 216, Chunks: 0,
2025-03-08 04:02:57.303	NewBlock 217, Chunks: 0,
2025-03-08 04:03:08.744	NewBlock 218, Chunks: 0,
2025-03-08 04:03:30.504	NewBlock 219, Chunks: 0,
2025-03-08 04:03:51.748	NewBlock 220, Chunks: 0,
2025-03-08 04:04:06.771	Entity (00000005, 00000000555df908cee694e1013539a7491d8150) added successfully
2025-03-08 04:04:06.987	Entity (00000005, 0000000092501ace4536bb7f2dfb7a402fa0b06e) added successfully
2025-03-08 04:04:07.203	Entity (00000005, 000000006aab995d8ec248bd981905b753f97170) added successfully
2025-03-08 04:04:09.110	NewBlock 221, Chunks: 0,
2025-03-08 04:04:27.031	NewBlock 222, Chunks: 0,
2025-03-08 04:04:36.699	NewBlock 223, Chunks: 0,
2025-03-08 04:04:53.516	NewBlock 224, Chunks: 0,
2025-03-08 04:04:54.368	NewBlock 225, Chunks: 0,
2025-03-08 04:05:15.836	NewBlock 226, Chunks: 0,
2025-03-08 04:05:32.078	NewBlock 227, Chunks: 0,
2025-03-08 04:05:44.519	NewBlock 228, Chunks: 0,
2025-03-08 04:06:01.089	NewBlock 229, Chunks: 0,
2025-03-08 04:06:14.349	NewBlock 230, Chunks: 0,
2025-03-08 04:06:33.034	NewBlock 231, Chunks: 0,
2025-03-08 04:06:44.786	NewBlock 232, Chunks: 0,
2025-03-08 04:17:13.735	Entity (00000005, 0000000070e6799d08eeed796215081087ab99d2) added successfully
2025-03-08 04:17:13.951	Entity (00000005, 00000000fdac1cb29e7e5b4d650a1ae9de0c0351) added successfully
2025-03-08 04:17:14.167	Entity (00000005, 00000000ca2e1fb2a3d30cde09d447f1e3e526ff) added successfully
2025-03-08 04:17:34.081	NewBlock 233, Chunks: 0,
2025-03-08 04:17:45.622	NewBlock 233, Chunks: 0,
2025-03-08 04:17:45.657	NewBlock 234, Chunks: 0,
2025-03-08 04:17:56.140	NewBlock 235, Chunks: 0,
2025-03-08 04:18:06.538	NewBlock 236, Chunks: 0,
2025-03-08 04:18:11.618	NewBlock 237, Chunks: 0,
2025-03-08 04:18:16.062	NewBlock 238, Chunks: 0,
2025-03-08 04:18:24.933	NewBlock 239, Chunks: 0,
2025-03-08 04:18:30.934	NewBlock 240, Chunks: 0,
2025-03-08 04:18:37.682	NewBlock 241, Chunks: 0,
2025-03-08 04:18:45.238	NewBlock 242, Chunks: 0,
2025-03-08 04:18:59.094	NewBlock 243, Chunks: 0,
2025-03-08 04:19:02.490	NewBlock 244, Chunks: 0,
2025-03-08 04:25:38.192	Entity (00000005, 00000000da96149aafb251e317115beef77cfb83) added successfully
2025-03-08 04:25:38.409	Entity (00000005, 00000000be50a7ffe8b9465142a26e7f6fb35ffc) added successfully
2025-03-08 04:25:38.628	Entity (00000005, 00000000e5fb254b38c177e39a8c5527f5039861) added successfully
2025-03-08 04:26:01.264	NewBlock 245, Chunks: 0,
2025-03-08 04:26:08.839	NewBlock 246, Chunks: 0,
2025-03-08 04:26:12.096	NewBlock 247, Chunks: 0,
2025-03-08 04:26:19.402	NewBlock 248, Chunks: 0,
2025-03-08 04:26:26.486	NewBlock 249, Chunks: 0,
2025-03-08 04:26:33.794	NewBlock 250, Chunks: 0,
2025-03-08 04:26:39.363	NewBlock 251, Chunks: 0,
2025-03-08 04:26:47.109	NewBlock 252, Chunks: 0,
2025-03-08 04:26:50.455	NewBlock 253, Chunks: 0,
2025-03-08 04:26:58.201	NewBlock 254, Chunks: 0,
2025-03-08 04:27:07.089	NewBlock 255, Chunks: 0,
2025-03-08 04:27:31.343	NewBlock 256, Chunks: 0,
2025-03-08 04:27:59.128	NewBlock 255, Chunks: 0,
2025-03-08 04:27:59.154	NewBlock 256, Chunks: 0,
2025-03-08 04:27:59.173	NewBlock 257, Chunks: 0,
2025-03-08 04:35:43.321	Entity (00000005, 000000003d3d483eb4972d9d653b746fa54763af) added successfully
2025-03-08 04:35:43.542	Entity (00000005, 00000000e6e7657720fbc5c152832a4113d44f9c) added successfully
2025-03-08 04:35:43.765	Entity (00000005, 000000003ffd7777c0bcb4e60519e695897d643b) added successfully
2025-03-08 04:36:07.643	NewBlock 258, Chunks: 0,
2025-03-08 04:36:11.990	NewBlock 259, Chunks: 0,
2025-03-08 04:36:28.776	NewBlock 260, Chunks: 0,
2025-03-08 04:36:45.044	NewBlock 261, Chunks: 0,
2025-03-08 04:36:53.895	NewBlock 262, Chunks: 0,
2025-03-08 04:37:02.456	NewBlock 263, Chunks: 0,
2025-03-08 04:37:09.262	NewBlock 264, Chunks: 0,
2025-03-08 04:37:19.223	NewBlock 265, Chunks: 0,
2025-03-08 04:37:24.875	NewBlock 266, Chunks: 0,
2025-03-08 04:37:30.227	NewBlock 267, Chunks: 0,
2025-03-08 04:37:42.113	NewBlock 268, Chunks: 0,
2025-03-08 04:37:57.951	NewBlock 268, Chunks: 0,
2025-03-08 04:37:57.974	NewBlock 269, Chunks: 0,
2025-03-08 05:16:07.995	Entity (00000005, 000000002452fd6f1eaed221d1b2ca40cd5514b0) added successfully
2025-03-08 05:16:08.218	Entity (00000005, 000000000840d7ef7f12e1310abaa5009ebe26f5) added successfully
2025-03-08 05:16:08.434	Entity (00000005, 0000000088be9e4ebbfffeeb3768815f8c1324ba) added successfully
2025-03-08 05:16:21.451	NewBlock 270, Chunks: 0,
2025-03-08 05:16:34.144	NewBlock 271, Chunks: 0,
2025-03-08 05:16:40.790	NewBlock 272, Chunks: 0,
2025-03-08 05:16:46.631	NewBlock 273, Chunks: 0,
2025-03-08 05:16:50.996	NewBlock 274, Chunks: 0,
2025-03-08 05:17:03.264	NewBlock 275, Chunks: 0,
2025-03-08 05:17:10.924	NewBlock 276, Chunks: 0,
2025-03-08 05:17:14.473	NewBlock 277, Chunks: 0,
2025-03-08 05:17:27.828	NewBlock 278, Chunks: 0,
2025-03-08 05:17:33.743	NewBlock 279, Chunks: 0,
2025-03-08 05:17:43.098	NewBlock 280, Chunks: 0,
2025-03-08 05:23:33.599	Entity (00000005, 000000007a638a26074a63dea2254b9037278584) added successfully
2025-03-08 05:23:33.828	Entity (00000005, 000000005abce602d66f83ff154408b66c4b9932) added successfully
2025-03-08 05:23:34.051	Entity (00000005, 00000000c9093db254650ff0e1ee9356fc59588d) added successfully
2025-03-08 05:23:55.640	NewBlock 281, Chunks: 0,
2025-03-08 05:24:06.192	NewBlock 282, Chunks: 0,
2025-03-08 05:24:13.539	NewBlock 283, Chunks: 0,
2025-03-08 05:24:18.806	NewBlock 284, Chunks: 0,
2025-03-08 05:24:23.586	NewBlock 285, Chunks: 0,
2025-03-08 05:24:29.426	NewBlock 286, Chunks: 0,
2025-03-08 05:24:45.252	NewBlock 287, Chunks: 0,
2025-03-08 05:24:56.352	NewBlock 288, Chunks: 0,
2025-03-08 05:25:07.943	NewBlock 289, Chunks: 0,
2025-03-08 05:25:12.682	NewBlock 290, Chunks: 0,
2025-03-08 05:25:18.423	NewBlock 291, Chunks: 0,
2025-03-08 05:40:01.448	Entity (00000005, 00000000e2091cf9e233cc050799155f92648d26) added successfully
2025-03-08 05:40:01.672	Entity (00000005, 00000000f1d89c28c39a8b7df821a3430bbbc546) added successfully
2025-03-08 05:40:01.892	Entity (00000005, 00000000a1eaf2e7e10d45232b7c9888c6210fd6) added successfully
2025-03-08 05:40:18.629	NewBlock 292, Chunks: 0,
2025-03-08 05:40:22.579	NewBlock 293, Chunks: 0,
2025-03-08 05:40:34.078	NewBlock 294, Chunks: 0,
2025-03-08 05:40:38.565	NewBlock 295, Chunks: 0,
2025-03-08 05:40:48.521	NewBlock 296, Chunks: 0,
2025-03-08 05:40:53.772	NewBlock 296, Chunks: 0,
2025-03-08 05:40:53.800	NewBlock 297, Chunks: 0,
2025-03-08 05:41:05.951	NewBlock 298, Chunks: 0,
2025-03-08 05:41:13.691	NewBlock 299, Chunks: 0,
2025-03-08 05:41:21.578	NewBlock 300, Chunks: 0,
2025-03-08 05:41:33.454	NewBlock 301, Chunks: 0,
2025-03-08 05:41:45.725	NewBlock 302, Chunks: 0,
2025-03-08 05:44:18.931	Entity (00000005, 00000000ca8bf4041b0a048da207be2d936b305f) added successfully
2025-03-08 05:44:19.155	Entity (00000005, 00000000dbedd60ee35dd098f47e39397f72bc6a) added successfully
2025-03-08 05:44:19.375	Entity (00000005, 00000000fc19af3b44ff06f63df41ed977c901e8) added successfully
2025-03-08 05:44:39.684	NewBlock 303, Chunks: 0,
2025-03-08 05:44:45.227	NewBlock 304, Chunks: 0,
2025-03-08 05:44:48.572	NewBlock 305, Chunks: 0,
2025-03-08 05:45:01.707	NewBlock 306, Chunks: 0,
2025-03-08 05:45:07.295	NewBlock 307, Chunks: 0,
2025-03-08 05:45:10.652	NewBlock 308, Chunks: 0,
2025-03-08 05:45:15.086	NewBlock 309, Chunks: 0,
2025-03-08 05:45:21.917	NewBlock 309, Chunks: 0,
2025-03-08 05:45:21.940	NewBlock 310, Chunks: 0,
2025-03-08 05:45:33.842	NewBlock 311, Chunks: 0,
2025-03-08 05:45:48.824	NewBlock 312, Chunks: 0,
2025-03-08 05:46:11.496	NewBlock 313, Chunks: 0,
2025-03-08 05:49:43.197	Entity (00000005, 00000000b8ab6b7fd2a8dfa94dfafaf826ca115f) added successfully
2025-03-08 05:49:43.413	Entity (00000005, 000000009f2e35fb7775936658dfb01ef267134f) added successfully
2025-03-08 05:49:43.629	Entity (00000005, 0000000064d3b4764236eca15ed2e51acae158c4) added successfully
2025-03-08 05:50:05.810	NewBlock 314, Chunks: 0,
2025-03-08 05:50:15.675	NewBlock 315, Chunks: 0,
2025-03-08 05:50:26.125	NewBlock 316, Chunks: 0,
2025-03-08 05:50:32.283	NewBlock 317, Chunks: 0,
2025-03-08 05:50:36.741	NewBlock 318, Chunks: 0,
2025-03-08 05:50:46.091	NewBlock 319, Chunks: 0,
2025-03-08 05:51:01.658	NewBlock 320, Chunks: 0,
2025-03-08 05:51:14.343	NewBlock 321, Chunks: 0,
2025-03-08 05:51:22.194	NewBlock 322, Chunks: 0,
2025-03-08 05:51:38.955	NewBlock 323, Chunks: 0,
2025-03-08 05:51:44.755	NewBlock 324, Chunks: 0,
2025-03-08 05:52:11.436	Entity (00000005, 00000000b0be342d742c5909fe3e6207ab891c83) added successfully
2025-03-08 05:52:11.655	Entity (00000005, 00000000b0448efdd035b7420a86c2e73c7f625d) added successfully
2025-03-08 05:52:11.879	Entity (00000005, 000000005b1065205fe1c743da4f2f0a791b16e1) added successfully
2025-03-08 05:52:13.870	NewBlock 324, Chunks: 0,
2025-03-08 05:52:13.897	NewBlock 325, Chunks: 0,
2025-03-08 05:52:34.880	NewBlock 326, Chunks: 0,
2025-03-08 05:52:48.359	NewBlock 327, Chunks: 0,
2025-03-08 05:53:07.229	NewBlock 328, Chunks: 0,
2025-03-08 05:53:13.579	NewBlock 329, Chunks: 0,
2025-03-08 05:53:27.129	NewBlock 330, Chunks: 0,
2025-03-08 05:53:40.969	NewBlock 331, Chunks: 0,
2025-03-08 05:53:55.747	NewBlock 332, Chunks: 0,
2025-03-08 05:54:11.015	NewBlock 333, Chunks: 0,
2025-03-08 05:54:25.071	NewBlock 334, Chunks: 0,
2025-03-08 05:54:51.565	NewBlock 335, Chunks: 0,
2025-03-08 05:54:55.214	NewBlock 336, Chunks: 0,
2025-03-08 06:51:20.832	Entity (00000005, 00000000dc7013e7e68eb7b9671731e441ceeb99) added successfully
2025-03-08 06:51:21.058	Entity (00000005, 00000000b880676fca6ce97a7ce11fe1c7458e65) added successfully
2025-03-08 06:51:21.277	Entity (00000005, 00000000731055e83112fc186e5e51a64094a15b) added successfully
2025-03-08 06:51:34.031	NewBlock 337, Chunks: 0,
2025-03-08 06:51:40.433	NewBlock 338, Chunks: 0,
2025-03-08 06:51:44.090	NewBlock 339, Chunks: 0,
2025-03-08 06:51:47.461	NewBlock 340, Chunks: 0,
2025-03-08 06:51:50.863	NewBlock 341, Chunks: 0,
2025-03-08 06:51:56.023	NewBlock 342, Chunks: 0,
2025-03-08 06:51:59.290	NewBlock 343, Chunks: 0,
2025-03-08 06:52:07.171	NewBlock 344, Chunks: 0,
2025-03-08 06:52:14.626	NewBlock 345, Chunks: 0,
2025-03-08 06:52:19.514	NewBlock 346, Chunks: 0,
2025-03-08 06:52:24.693	NewBlock 347, Chunks: 0,
2025-03-08 07:02:34.584	Entity (00000005, 000000009951966e5a34ab204524fcfd18a55aab) added successfully
2025-03-08 07:02:34.800	Entity (00000005, 00000000a11ccdd6ab5573c9f05ab94a70e33d3b) added successfully
2025-03-08 07:02:35.016	Entity (00000005, 00000000576ea45993adf7e061eb647020c82556) added successfully
2025-03-08 07:02:46.769	NewBlock 348, Chunks: 0,
2025-03-08 07:02:54.522	NewBlock 349, Chunks: 0,
2025-03-08 07:02:59.727	NewBlock 350, Chunks: 0,
2025-03-08 07:03:04.194	NewBlock 351, Chunks: 0,
2025-03-08 07:03:10.637	NewBlock 352, Chunks: 0,
2025-03-08 07:03:14.992	NewBlock 353, Chunks: 0,
2025-03-08 07:03:24.956	NewBlock 354, Chunks: 0,
2025-03-08 07:03:30.804	NewBlock 355, Chunks: 0,
2025-03-08 07:03:37.260	NewBlock 356, Chunks: 0,
2025-03-08 07:03:44.108	NewBlock 357, Chunks: 0,
2025-03-08 07:03:51.664	NewBlock 358, Chunks: 0,
2025-03-08 07:06:07.769	Entity (00000005, 00000000b2bd806bee160e86784b10215bfc0f53) added successfully
2025-03-08 07:06:08.002	Entity (00000005, 00000000b5bc0f47eeecb8709e2ad9e90df7c4ce) added successfully
2025-03-08 07:06:08.226	Entity (00000005, 000000008e44ebc6f9df30235e78ef3735113be5) added successfully
2025-03-08 07:06:21.050	NewBlock 359, Chunks: 0,
2025-03-08 07:06:29.934	NewBlock 360, Chunks: 0,
2025-03-08 07:06:39.001	NewBlock 361, Chunks: 0,
2025-03-08 07:06:46.846	NewBlock 362, Chunks: 0,
2025-03-08 07:06:50.093	NewBlock 363, Chunks: 0,
2025-03-08 07:06:58.667	NewBlock 364, Chunks: 0,
2025-03-08 07:07:03.261	NewBlock 365, Chunks: 0,
2025-03-08 07:07:10.721	NewBlock 366, Chunks: 0,
2025-03-08 07:07:25.313	NewBlock 367, Chunks: 0,
2025-03-08 07:07:39.598	NewBlock 368, Chunks: 0,
2025-03-08 07:08:00.569	NewBlock 369, Chunks: 0,
2025-03-08 07:13:40.403	Entity (00000005, 000000000eb70cc638ae790c2205650e16244835) added successfully
2025-03-08 07:13:40.626	Entity (00000005, 00000000a186c1da122dcf1023247290b1686202) added successfully
2025-03-08 07:13:40.850	Entity (00000005, 00000000395c1cf46bf6588667142657a258828c) added successfully
2025-03-08 07:13:51.653	NewBlock 370, Chunks: 0,
2025-03-08 07:13:56.106	NewBlock 371, Chunks: 0,
2025-03-08 07:14:01.446	NewBlock 372, Chunks: 0,
2025-03-08 07:14:15.973	NewBlock 373, Chunks: 0,
2025-03-08 07:14:22.319	NewBlock 374, Chunks: 0,
2025-03-08 07:14:28.968	NewBlock 375, Chunks: 0,
2025-03-08 07:14:40.123	NewBlock 376, Chunks: 0,
2025-03-08 07:14:52.331	NewBlock 377, Chunks: 0,
2025-03-08 07:14:56.767	NewBlock 378, Chunks: 0,
2025-03-08 07:15:02.378	NewBlock 379, Chunks: 0,
2025-03-08 07:15:16.329	NewBlock 380, Chunks: 0,
2025-03-08 07:20:10.694	Entity (00000005, 000000009f86faa3a45d82f21dc26f9b7714459c) added successfully
2025-03-08 07:20:10.919	Entity (00000005, 000000006929d530456e71e8ea78a2fc22021d7a) added successfully
2025-03-08 07:20:11.145	Entity (00000005, 00000000523c486c6e3b1f2a907e81d679aa6e73) added successfully
2025-03-08 07:20:30.342	NewBlock 381, Chunks: 0,
2025-03-08 07:20:37.765	NewBlock 382, Chunks: 0,
2025-03-08 07:20:42.219	NewBlock 383, Chunks: 0,
2025-03-08 07:20:45.800	NewBlock 384, Chunks: 0,
2025-03-08 07:20:51.069	NewBlock 385, Chunks: 0,
2025-03-08 07:21:01.274	NewBlock 386, Chunks: 0,
2025-03-08 07:21:17.558	NewBlock 387, Chunks: 0,
2025-03-08 07:21:22.253	NewBlock 388, Chunks: 0,
2025-03-08 07:21:29.733	NewBlock 389, Chunks: 0,
2025-03-08 07:21:44.306	NewBlock 390, Chunks: 0,
2025-03-08 07:21:45.185	NewBlock 391, Chunks: 0,
2025-03-08 07:25:05.788	Entity (00000005, 000000000ebc8040495dd240559c43aac81a6a08) added successfully
2025-03-08 07:25:06.003	Entity (00000005, 00000000a2ed83016b88d3241e8c435b7679917b) added successfully
2025-03-08 07:25:06.218	Entity (00000005, 000000004b13c827d88a4d5e78183e332aa229a5) added successfully
2025-03-08 07:25:22.263	NewBlock 392, Chunks: 0,
2025-03-08 07:25:27.818	NewBlock 393, Chunks: 0,
2025-03-08 07:25:34.222	NewBlock 394, Chunks: 0,
2025-03-08 07:25:41.073	NewBlock 395, Chunks: 0,
2025-03-08 07:25:49.930	NewBlock 396, Chunks: 0,
2025-03-08 07:26:00.996	NewBlock 397, Chunks: 0,
2025-03-08 07:26:06.021	NewBlock 398, Chunks: 0,
2025-03-08 07:26:18.273	NewBlock 399, Chunks: 0,
2025-03-08 07:26:26.128	NewBlock 400, Chunks: 0,
2025-03-08 07:26:33.884	NewBlock 401, Chunks: 0,
2025-03-08 07:26:50.849	NewBlock 402, Chunks: 0,
2025-03-08 08:01:57.836	NewBlock -1, Chunks: 0,
2025-03-09 02:52:21.517	Initialized. Chunks: 0
2025-03-09 17:05:11.660	NewBlock -1, Chunks: 0,
2025-03-09 17:42:32.282	Initialized. Chunks: 0
2025-03-09 17:49:48.558	Entity (00000105, 00000000e30a919f9fbf594000d8f6cced2fd47c) added successfully
2025-03-09 17:49:48.784	Entity (00000105, 000000002d8fd8377508873ef7613ab206312865) added successfully
2025-03-09 17:49:49.018	Entity (00000105, 00000000c7af78edf18bb9edd47a23363e4dce7a) added successfully
2025-03-09 17:50:02.873	NewBlock 403, Chunks: 0,
2025-03-09 17:50:23.743	NewBlock 404, Chunks: 0,
2025-03-09 17:50:41.349	NewBlock 405, Chunks: 0,
2025-03-09 17:51:02.330	NewBlock 406, Chunks: 0,
2025-03-09 17:51:15.488	NewBlock 407, Chunks: 0,
2025-03-09 17:51:34.914	NewBlock 408, Chunks: 0,
2025-03-09 17:51:47.055	NewBlock 409, Chunks: 0,
2025-03-09 17:51:59.212	NewBlock 410, Chunks: 0,
2025-03-09 17:52:11.357	NewBlock 411, Chunks: 0,
2025-03-09 17:52:23.930	NewBlock 412, Chunks: 0,
2025-03-09 17:52:34.788	NewBlock 413, Chunks: 0,
2025-03-10 00:22:39.765	Entity (00000105, 0000000052f964d4d681a64fcd73bf07f7869227) added successfully
2025-03-10 00:22:40.002	Entity (00000105, 0000000037a31412721693ec688d7cc64e32944f) added successfully
2025-03-10 00:22:40.240	Entity (00000105, 00000000792fc089190f6b6613abd9231b643ac0) added successfully
2025-03-10 00:22:54.997	NewBlock 414, Chunks: 0,
2025-03-10 00:23:03.853	NewBlock 415, Chunks: 0,
2025-03-10 00:23:09.409	NewBlock 416, Chunks: 0,
2025-03-10 00:23:18.909	NewBlock 417, Chunks: 0,
2025-03-10 00:23:24.974	NewBlock 418, Chunks: 0,
2025-03-10 00:23:37.652	NewBlock 419, Chunks: 0,
2025-03-10 00:23:42.637	NewBlock 420, Chunks: 0,
2025-03-10 00:23:50.593	NewBlock 421, Chunks: 0,
2025-03-10 00:23:58.629	NewBlock 422, Chunks: 0,
2025-03-10 00:23:59.343	NewBlock 423, Chunks: 0,
2025-03-10 00:24:05.285	NewBlock 424, Chunks: 0,
2025-03-10 00:24:11.956	NewBlock 425, Chunks: 0,
2025-03-10 01:03:57.385	NewBlock 426, Chunks: 0,
2025-03-10 01:04:01.637	NewBlock 427, Chunks: 0,
2025-03-10 01:04:10.401	NewBlock 428, Chunks: 0,
2025-03-10 01:04:15.299	NewBlock 429, Chunks: 0,
2025-03-10 01:04:21.941	NewBlock 430, Chunks: 0,
2025-03-10 01:04:29.683	NewBlock 431, Chunks: 0,
2025-03-10 01:04:39.642	NewBlock 432, Chunks: 0,
2025-03-10 01:04:46.284	NewBlock 433, Chunks: 0,
2025-03-10 01:04:54.041	NewBlock 434, Chunks: 0,
2025-03-10 01:05:04.936	NewBlock 435, Chunks: 0,
2025-03-10 01:05:12.787	NewBlock 436, Chunks: 0,
2025-03-10 03:52:49.307	NewBlock 437, Chunks: 0,
2025-03-10 03:53:02.598	NewBlock 438, Chunks: 0,
2025-03-10 03:53:05.948	NewBlock 439, Chunks: 0,
2025-03-10 03:53:13.488	NewBlock 440, Chunks: 0,
2025-03-10 03:53:23.593	NewBlock 441, Chunks: 0,
2025-03-10 03:53:34.646	NewBlock 442, Chunks: 0,
2025-03-10 03:53:38.597	NewBlock 443, Chunks: 0,
2025-03-10 03:53:52.973	NewBlock 444, Chunks: 0,
2025-03-10 03:53:59.629	NewBlock 445, Chunks: 0,
2025-03-10 03:54:03.007	NewBlock 446, Chunks: 0,
2025-03-10 03:54:07.457	NewBlock 447, Chunks: 0,
2025-03-10 04:02:52.642	NewBlock 448, Chunks: 0,
2025-03-10 04:02:57.083	NewBlock 449, Chunks: 0,
2025-03-10 04:03:08.142	NewBlock 450, Chunks: 0,
2025-03-10 04:03:13.455	NewBlock 451, Chunks: 0,
2025-03-10 04:03:21.403	NewBlock 452, Chunks: 0,
2025-03-10 04:03:26.911	NewBlock 453, Chunks: 0,
2025-03-10 04:03:33.547	NewBlock 454, Chunks: 0,
2025-03-10 04:03:37.880	NewBlock 455, Chunks: 0,
2025-03-10 04:03:46.850	NewBlock 456, Chunks: 0,
2025-03-10 04:03:55.210	NewBlock 457, Chunks: 0,
2025-03-10 04:04:11.165	NewBlock 458, Chunks: 0,
2025-03-10 04:11:57.571	NewBlock 459, Chunks: 0,
2025-03-10 04:12:02.260	NewBlock 460, Chunks: 0,
2025-03-10 04:12:05.603	NewBlock 461, Chunks: 0,
2025-03-10 04:12:08.848	NewBlock 462, Chunks: 0,
2025-03-10 04:12:13.394	NewBlock 463, Chunks: 0,
2025-03-10 04:12:24.753	NewBlock 464, Chunks: 0,
2025-03-10 04:12:42.321	NewBlock 465, Chunks: 0,
2025-03-10 04:12:46.360	NewBlock 466, Chunks: 0,
2025-03-10 04:12:46.914	NewBlock 467, Chunks: 0,
2025-03-10 04:12:54.857	NewBlock 468, Chunks: 0,
2025-03-10 04:12:58.211	NewBlock 469, Chunks: 0,
2025-03-10 04:13:20.054	NewBlock 468, Chunks: 0,
2025-03-10 04:13:20.071	NewBlock 469, Chunks: 0,
2025-03-10 04:13:20.089	NewBlock 470, Chunks: 0,
2025-03-10 04:42:39.063	NewBlock 471, Chunks: 0,
2025-03-10 04:42:44.015	NewBlock 472, Chunks: 0,
2025-03-10 04:42:51.767	NewBlock 473, Chunks: 0,
2025-03-10 04:42:59.816	NewBlock 474, Chunks: 0,
2025-03-10 04:43:07.268	NewBlock 475, Chunks: 0,
2025-03-10 04:43:17.224	NewBlock 476, Chunks: 0,
2025-03-10 04:43:20.567	NewBlock 477, Chunks: 0,
2025-03-10 04:43:29.743	NewBlock 478, Chunks: 0,
2025-03-10 04:43:35.873	NewBlock 479, Chunks: 0,
2025-03-10 04:43:43.657	NewBlock 480, Chunks: 0,
2025-03-10 04:43:49.205	NewBlock 481, Chunks: 0,
2025-03-10 04:54:00.128	NewBlock 482, Chunks: 0,
2025-03-10 04:54:08.685	NewBlock 483, Chunks: 0,
2025-03-10 04:54:17.509	NewBlock 484, Chunks: 0,
2025-03-10 04:54:21.948	NewBlock 485, Chunks: 0,
2025-03-10 04:54:30.777	NewBlock 486, Chunks: 0,
2025-03-10 04:54:42.046	NewBlock 487, Chunks: 0,
2025-03-10 04:54:50.617	NewBlock 488, Chunks: 0,
2025-03-10 04:55:04.926	NewBlock 489, Chunks: 0,
2025-03-10 04:55:09.371	NewBlock 490, Chunks: 0,
2025-03-10 04:55:23.732	NewBlock 491, Chunks: 0,
2025-03-10 04:55:29.119	NewBlock 492, Chunks: 0,
2025-03-10 04:56:20.062	NewBlock 493, Chunks: 0,
2025-03-10 04:56:25.602	NewBlock 494, Chunks: 0,
2025-03-10 04:56:47.963	NewBlock 495, Chunks: 0,
2025-03-10 04:56:52.906	NewBlock 496, Chunks: 0,
2025-03-10 04:57:13.873	NewBlock 497, Chunks: 0,
2025-03-10 04:57:22.029	NewBlock 498, Chunks: 0,
2025-03-10 04:57:37.287	NewBlock 499, Chunks: 0,
2025-03-10 04:57:48.338	NewBlock 500, Chunks: 0,
2025-03-10 04:58:02.800	NewBlock 501, Chunks: 0,
2025-03-10 04:58:23.242	NewBlock 502, Chunks: 0,
2025-03-10 04:58:41.297	NewBlock 503, Chunks: 0,
2025-03-10 04:58:51.157	NewBlock 504, Chunks: 0,
2025-03-10 04:59:10.692	NewBlock 505, Chunks: 0,
2025-03-10 05:08:07.029	NewBlock 506, Chunks: 0,
2025-03-10 05:08:15.793	NewBlock 507, Chunks: 0,
2025-03-10 05:08:24.243	NewBlock 508, Chunks: 0,
2025-03-10 05:08:33.055	NewBlock 509, Chunks: 0,
2025-03-10 05:08:33.092	NewBlock 510, Chunks: 0,
2025-03-10 05:08:42.052	NewBlock 511, Chunks: 0,
2025-03-10 05:08:52.207	NewBlock 512, Chunks: 0,
2025-03-10 05:09:01.853	NewBlock 513, Chunks: 0,
2025-03-10 05:09:09.691	NewBlock 514, Chunks: 0,
2025-03-10 05:09:14.239	NewBlock 515, Chunks: 0,
2025-03-10 05:09:19.693	NewBlock 516, Chunks: 0,
2025-03-10 05:09:37.251	NewBlock 517, Chunks: 0,
2025-03-10 05:09:58.442	NewBlock 517, Chunks: 0,
2025-03-10 05:09:58.461	NewBlock 518, Chunks: 0,
2025-03-10 05:10:25.529	NewBlock 519, Chunks: 0,
2025-03-10 05:10:43.186	NewBlock 520, Chunks: 0,
2025-03-10 05:11:00.884	NewBlock 521, Chunks: 0,
2025-03-10 05:11:08.736	NewBlock 522, Chunks: 0,
2025-03-10 05:11:28.509	NewBlock 523, Chunks: 0,
2025-03-10 05:11:40.472	NewBlock 524, Chunks: 0,
2025-03-10 05:11:49.350	NewBlock 525, Chunks: 0,
2025-03-10 05:12:08.207	NewBlock 526, Chunks: 0,
2025-03-10 05:12:19.161	NewBlock 527, Chunks: 0,
2025-03-10 05:21:44.022	NewBlock 528, Chunks: 0,
2025-03-10 05:21:56.872	NewBlock 529, Chunks: 0,
2025-03-10 05:22:02.427	NewBlock 530, Chunks: 0,
2025-03-10 05:22:15.825	NewBlock 531, Chunks: 0,
2025-03-10 05:22:25.604	NewBlock 532, Chunks: 0,
2025-03-10 05:22:37.911	NewBlock 533, Chunks: 0,
2025-03-10 05:22:45.472	NewBlock 534, Chunks: 0,
2025-03-10 05:22:52.177	NewBlock 535, Chunks: 0,
2025-03-10 05:23:00.729	NewBlock 536, Chunks: 0,
2025-03-10 05:23:10.976	NewBlock 537, Chunks: 0,
2025-03-10 05:23:19.830	NewBlock 538, Chunks: 0,
2025-03-10 05:23:23.170	NewBlock 539, Chunks: 0,
2025-03-10 05:23:55.260	NewBlock 540, Chunks: 0,
2025-03-10 05:24:15.774	NewBlock 541, Chunks: 0,
2025-03-10 05:24:38.928	NewBlock 542, Chunks: 0,
2025-03-10 05:24:53.580	NewBlock 543, Chunks: 0,
2025-03-10 05:25:31.830	NewBlock 544, Chunks: 0,
2025-03-10 05:25:41.780	NewBlock 545, Chunks: 0,
2025-03-10 05:25:54.220	NewBlock 546, Chunks: 0,
2025-03-10 05:25:57.243	NewBlock 547, Chunks: 0,
2025-03-10 05:26:08.496	NewBlock 548, Chunks: 0,
2025-03-10 05:26:18.221	NewBlock 549, Chunks: 0,
2025-03-10 05:26:39.502	NewBlock 550, Chunks: 0,
2025-03-10 05:26:52.372	NewBlock 551, Chunks: 0,
2025-03-10 05:27:07.849	NewBlock 552, Chunks: 0,
2025-03-10 05:27:28.017	NewBlock 553, Chunks: 0,
2025-03-10 05:27:38.711	NewBlock 554, Chunks: 0,
2025-03-10 05:28:01.119	NewBlock 555, Chunks: 0,
2025-03-10 05:28:15.570	NewBlock 556, Chunks: 0,
2025-03-10 05:28:30.030	NewBlock 557, Chunks: 0,
2025-03-10 05:28:37.579	NewBlock 558, Chunks: 0,
2025-03-10 05:28:55.792	NewBlock 559, Chunks: 0,
2025-03-10 05:29:09.035	NewBlock 560, Chunks: 0,
2025-03-10 05:29:24.994	NewBlock 561, Chunks: 0,
2025-03-10 05:29:50.371	NewBlock 562, Chunks: 0,
2025-03-10 05:29:58.221	NewBlock 563, Chunks: 0,
2025-03-10 05:30:11.897	NewBlock 564, Chunks: 0,
2025-03-10 05:30:31.894	NewBlock 565, Chunks: 0,
2025-03-10 05:42:03.621	NewBlock 566, Chunks: 0,
2025-03-10 05:42:12.682	NewBlock 567, Chunks: 0,
2025-03-10 05:42:23.331	NewBlock 568, Chunks: 0,
2025-03-10 05:42:29.035	NewBlock 569, Chunks: 0,
2025-03-10 05:42:35.713	NewBlock 570, Chunks: 0,
2025-03-10 05:42:42.397	NewBlock 571, Chunks: 0,
2025-03-10 05:42:47.515	NewBlock 572, Chunks: 0,
2025-03-10 05:42:56.761	NewBlock 573, Chunks: 0,
2025-03-10 05:43:05.734	NewBlock 574, Chunks: 0,
2025-03-10 05:43:15.137	NewBlock 575, Chunks: 0,
2025-03-10 05:43:22.095	NewBlock 576, Chunks: 0,
2025-03-10 05:45:30.508	NewBlock 577, Chunks: 0,
2025-03-10 05:45:35.356	NewBlock 578, Chunks: 0,
2025-03-10 05:45:39.851	NewBlock 579, Chunks: 0,
2025-03-10 05:45:48.713	NewBlock 580, Chunks: 0,
2025-03-10 05:46:01.749	NewBlock 581, Chunks: 0,
2025-03-10 05:46:15.720	NewBlock 582, Chunks: 0,
2025-03-10 05:46:21.671	NewBlock 583, Chunks: 0,
2025-03-10 05:46:33.871	NewBlock 584, Chunks: 0,
2025-03-10 05:46:40.457	NewBlock 585, Chunks: 0,
2025-03-10 05:47:01.631	NewBlock 586, Chunks: 0,
2025-03-10 05:47:16.910	NewBlock 587, Chunks: 0,
2025-03-10 05:47:34.434	NewBlock 588, Chunks: 0,
2025-03-10 06:31:53.406	Entity (00000105, 00000000e620b68bcb0e924cf804dfcc2e1ca0c1) added successfully
2025-03-10 06:31:53.661	Entity (00000105, 0000000029c182d8bec3a94c54f8d2383ad4eadd) added successfully
2025-03-10 06:31:53.896	Entity (00000105, 0000000019934f4257c34cf1db5f7c12189fdc9c) added successfully
2025-03-10 06:32:10.618	NewBlock 589, Chunks: 0,
2025-03-10 06:32:19.262	NewBlock 590, Chunks: 0,
2025-03-10 06:32:23.920	NewBlock 591, Chunks: 0,
2025-03-10 06:32:28.230	NewBlock 592, Chunks: 0,
2025-03-10 06:32:34.783	NewBlock 593, Chunks: 0,
2025-03-10 06:32:40.472	NewBlock 594, Chunks: 0,
2025-03-10 06:32:44.943	NewBlock 595, Chunks: 0,
2025-03-10 06:32:50.570	NewBlock 596, Chunks: 0,
2025-03-10 06:32:59.333	NewBlock 597, Chunks: 0,
2025-03-10 06:33:12.529	NewBlock 598, Chunks: 0,
2025-03-10 06:33:22.568	NewBlock 599, Chunks: 0,
2025-03-10 07:05:42.659	Entity (00000105, 00000000ad294261c7b4e30b6edb8a70d66fc982) added successfully
2025-03-10 07:05:42.896	Entity (00000105, 00000000b00355520e953e30a5b7cd3109d886b8) added successfully
2025-03-10 07:05:43.131	Entity (00000105, 0000000086892100549ce5eeea445df45256351b) added successfully
2025-03-10 07:05:55.807	NewBlock 600, Chunks: 0,
2025-03-10 07:06:01.989	NewBlock 601, Chunks: 0,
2025-03-10 07:06:15.150	NewBlock 602, Chunks: 0,
2025-03-10 07:06:25.605	NewBlock 603, Chunks: 0,
2025-03-10 07:06:35.031	NewBlock 604, Chunks: 0,
2025-03-10 07:06:42.167	NewBlock 605, Chunks: 0,
2025-03-10 07:06:49.584	NewBlock 606, Chunks: 0,
2025-03-10 07:06:55.412	NewBlock 607, Chunks: 0,
2025-03-10 07:07:03.744	NewBlock 608, Chunks: 0,
2025-03-10 07:07:13.065	NewBlock 609, Chunks: 0,
2025-03-10 07:07:21.510	NewBlock 610, Chunks: 0,
2025-03-10 07:32:43.160	Entity (00000105, 00000000736defd715367b9af9225428d08e21cb) added successfully
2025-03-10 07:32:43.396	Entity (00000105, 00000000ba489bdfd00fa675d7d5cafd0096d965) added successfully
2025-03-10 07:32:43.630	Entity (00000105, 000000007be28ff6a4fd3d28b0ef9a3aaa02c85f) added successfully
2025-03-10 07:33:06.783	NewBlock 611, Chunks: 0,
2025-03-10 07:33:14.237	NewBlock 612, Chunks: 0,
2025-03-10 07:33:20.031	NewBlock 613, Chunks: 0,
2025-03-10 07:33:26.399	NewBlock 614, Chunks: 0,
2025-03-10 07:33:32.945	NewBlock 615, Chunks: 0,
2025-03-10 07:33:40.600	NewBlock 616, Chunks: 0,
2025-03-10 07:33:53.952	NewBlock 617, Chunks: 0,
2025-03-10 07:34:02.703	NewBlock 618, Chunks: 0,
2025-03-10 07:34:14.865	NewBlock 619, Chunks: 0,
2025-03-10 07:34:31.424	NewBlock 620, Chunks: 0,
2025-03-10 07:34:38.195	NewBlock 621, Chunks: 0,
2025-03-10 17:24:24.692	NewBlock 622, Chunks: 0,
2025-03-10 17:24:32.851	NewBlock 623, Chunks: 0,
2025-03-10 17:24:38.657	NewBlock 624, Chunks: 0,
2025-03-10 17:24:47.215	NewBlock 625, Chunks: 0,
2025-03-10 17:24:53.024	NewBlock 626, Chunks: 0,
2025-03-10 17:25:08.160	NewBlock 627, Chunks: 0,
2025-03-10 17:25:14.827	NewBlock 628, Chunks: 0,
2025-03-10 17:25:22.921	NewBlock 629, Chunks: 0,
2025-03-10 17:25:26.997	NewBlock 630, Chunks: 0,
2025-03-10 17:25:30.386	NewBlock 631, Chunks: 0,
2025-03-10 17:25:41.586	NewBlock 632, Chunks: 0,
2025-03-10 17:27:40.612	NewBlock 633, Chunks: 0,
2025-03-10 17:27:44.961	NewBlock 634, Chunks: 0,
2025-03-10 17:27:51.283	NewBlock 635, Chunks: 0,
2025-03-10 17:27:56.843	NewBlock 636, Chunks: 0,
2025-03-10 17:28:07.264	NewBlock 637, Chunks: 0,
2025-03-10 17:28:20.434	NewBlock 638, Chunks: 0,
2025-03-10 17:28:25.896	NewBlock 639, Chunks: 0,
2025-03-10 17:28:38.170	NewBlock 640, Chunks: 0,
2025-03-10 17:28:49.128	NewBlock 641, Chunks: 0,
2025-03-10 17:29:12.822	NewBlock 642, Chunks: 0,
2025-03-10 17:29:28.324	NewBlock 643, Chunks: 0,
2025-03-10 17:38:49.642	NewBlock 644, Chunks: 0,
2025-03-10 17:38:53.789	NewBlock 645, Chunks: 0,
2025-03-10 17:38:58.846	NewBlock 646, Chunks: 0,
2025-03-10 17:39:11.512	NewBlock 647, Chunks: 0,
2025-03-10 17:39:19.265	NewBlock 648, Chunks: 0,
2025-03-10 17:39:25.869	NewBlock 649, Chunks: 0,
2025-03-10 17:39:34.821	NewBlock 650, Chunks: 0,
2025-03-10 17:39:39.471	NewBlock 651, Chunks: 0,
2025-03-10 17:39:44.627	NewBlock 652, Chunks: 0,
2025-03-10 17:39:50.433	NewBlock 653, Chunks: 0,
2025-03-10 17:39:58.180	NewBlock 654, Chunks: 0,
2025-03-10 17:40:15.755	NewBlock 655, Chunks: 0,
2025-03-10 17:40:40.235	NewBlock 656, Chunks: 0,
2025-03-10 17:40:58.806	NewBlock 657, Chunks: 0,
2025-03-10 17:41:26.392	NewBlock 658, Chunks: 0,
2025-03-10 17:41:39.102	NewBlock 659, Chunks: 0,
2025-03-10 17:41:52.379	NewBlock 660, Chunks: 0,
2025-03-10 17:42:04.983	NewBlock 661, Chunks: 0,
2025-03-10 17:42:26.537	NewBlock 662, Chunks: 0,
2025-03-10 17:42:32.671	NewBlock 663, Chunks: 0,
2025-03-10 17:42:45.283	NewBlock 664, Chunks: 0,
2025-03-10 17:43:00.250	NewBlock 665, Chunks: 0,
2025-03-10 17:43:12.845	NewBlock 666, Chunks: 0,
2025-03-10 17:43:31.030	NewBlock 667, Chunks: 0,
2025-03-10 17:43:48.124	NewBlock 668, Chunks: 0,
2025-03-10 17:44:02.951	NewBlock 669, Chunks: 0,
2025-03-10 17:44:16.781	NewBlock 670, Chunks: 0,
2025-03-10 17:44:31.730	NewBlock 671, Chunks: 0,
2025-03-10 17:44:50.585	NewBlock 672, Chunks: 0,
2025-03-10 17:45:08.545	NewBlock 673, Chunks: 0,
2025-03-10 17:45:19.682	NewBlock 674, Chunks: 0,
2025-03-10 17:45:30.483	NewBlock 675, Chunks: 0,
2025-03-10 17:50:46.689	NewBlock 676, Chunks: 0,
2025-03-10 17:50:57.588	NewBlock 677, Chunks: 0,
2025-03-10 17:51:03.068	NewBlock 678, Chunks: 0,
2025-03-10 17:51:06.436	NewBlock 679, Chunks: 0,
2025-03-10 17:51:10.625	NewBlock 680, Chunks: 0,
2025-03-10 17:51:26.300	NewBlock 681, Chunks: 0,
2025-03-10 17:51:29.747	NewBlock 682, Chunks: 0,
2025-03-10 17:51:35.093	NewBlock 683, Chunks: 0,
2025-03-10 17:51:43.242	NewBlock 684, Chunks: 0,
2025-03-10 17:51:50.704	NewBlock 685, Chunks: 0,
2025-03-10 17:52:05.064	NewBlock 686, Chunks: 0,
2025-03-10 17:52:33.965	NewBlock 687, Chunks: 0,
2025-03-10 17:52:57.944	NewBlock 688, Chunks: 0,
2025-03-10 17:53:25.531	NewBlock 689, Chunks: 0,
2025-03-10 17:53:29.003	NewBlock 689, Chunks: 0,
2025-03-10 17:53:29.023	NewBlock 690, Chunks: 0,
2025-03-10 17:53:41.082	NewBlock 691, Chunks: 0,
2025-03-10 17:53:59.642	NewBlock 692, Chunks: 0,
2025-03-10 17:54:06.301	NewBlock 693, Chunks: 0,
2025-03-10 17:54:29.693	NewBlock 694, Chunks: 0,
2025-03-10 17:54:39.563	NewBlock 695, Chunks: 0,
2025-03-10 17:56:34.392	NewBlock 696, Chunks: 0,
2025-03-10 17:56:41.619	NewBlock 697, Chunks: 0,
2025-03-10 17:56:45.442	NewBlock 698, Chunks: 0,
2025-03-10 17:56:56.078	NewBlock 699, Chunks: 0,
2025-03-10 17:57:07.041	NewBlock 700, Chunks: 0,
2025-03-10 17:57:12.592	NewBlock 701, Chunks: 0,
2025-03-10 17:57:21.799	NewBlock 702, Chunks: 0,
2025-03-10 17:57:27.173	NewBlock 703, Chunks: 0,
2025-03-10 17:57:46.112	NewBlock 704, Chunks: 0,
2025-03-10 17:58:08.592	NewBlock 705, Chunks: 0,
2025-03-10 17:58:23.149	NewBlock 706, Chunks: 0,
2025-03-10 18:53:35.817	NewBlock 707, Chunks: 0,
2025-03-10 18:53:41.833	NewBlock 708, Chunks: 0,
2025-03-10 18:53:55.732	NewBlock 709, Chunks: 0,
2025-03-10 18:54:01.813	NewBlock 709, Chunks: 0,
2025-03-10 18:54:01.832	NewBlock 710, Chunks: 0,
2025-03-10 18:54:07.918	NewBlock 711, Chunks: 0,
2025-03-10 18:54:22.799	NewBlock 711, Chunks: 0,
2025-03-10 18:54:22.818	NewBlock 712, Chunks: 0,
2025-03-10 18:54:27.159	NewBlock 713, Chunks: 0,
2025-03-10 18:54:31.726	NewBlock 714, Chunks: 0,
2025-03-10 18:54:36.093	NewBlock 715, Chunks: 0,
2025-03-10 18:54:53.556	NewBlock 716, Chunks: 0,
2025-03-10 18:54:58.325	NewBlock 716, Chunks: 0,
2025-03-10 18:54:58.346	NewBlock 717, Chunks: 0,
2025-03-10 18:55:03.496	NewBlock 718, Chunks: 0,
2025-03-10 18:55:22.377	NewBlock 719, Chunks: 0,
2025-03-10 18:55:49.061	NewBlock 720, Chunks: 0,
2025-03-10 18:56:11.244	NewBlock 721, Chunks: 0,
2025-03-10 18:56:27.815	NewBlock 722, Chunks: 0,
2025-03-10 19:19:03.587	NewBlock 723, Chunks: 0,
2025-03-10 19:19:10.246	NewBlock 724, Chunks: 0,
2025-03-10 19:19:15.843	NewBlock 725, Chunks: 0,
2025-03-10 19:19:25.332	NewBlock 726, Chunks: 0,
2025-03-10 19:19:35.490	NewBlock 727, Chunks: 0,
2025-03-10 19:19:41.928	NewBlock 728, Chunks: 0,
2025-03-10 19:19:53.297	NewBlock 729, Chunks: 0,
2025-03-10 19:20:01.799	NewBlock 730, Chunks: 0,
2025-03-10 19:20:11.757	NewBlock 731, Chunks: 0,
2025-03-10 19:20:20.614	NewBlock 732, Chunks: 0,
2025-03-10 19:20:23.962	NewBlock 733, Chunks: 0,
2025-03-10 22:09:27.125	NewBlock 734, Chunks: 0,
2025-03-10 22:09:30.863	NewBlock 735, Chunks: 0,
2025-03-10 22:09:34.220	NewBlock 736, Chunks: 0,
2025-03-10 22:09:43.088	NewBlock 737, Chunks: 0,
2025-03-10 22:09:52.207	NewBlock 738, Chunks: 0,
2025-03-10 22:10:02.282	NewBlock 739, Chunks: 0,
2025-03-10 22:10:07.341	NewBlock 740, Chunks: 0,
2025-03-10 22:10:12.143	NewBlock 741, Chunks: 0,
2025-03-10 22:10:16.590	NewBlock 742, Chunks: 0,
2025-03-10 22:10:22.800	NewBlock 743, Chunks: 0,
2025-03-10 22:10:38.566	NewBlock 744, Chunks: 0,
2025-03-10 22:12:42.682	NewBlock 745, Chunks: 0,
2025-03-10 22:12:53.033	NewBlock 746, Chunks: 0,
2025-03-10 22:13:04.890	NewBlock 747, Chunks: 0,
2025-03-10 22:13:16.147	NewBlock 748, Chunks: 0,
2025-03-10 22:13:21.394	NewBlock 749, Chunks: 0,
2025-03-10 22:13:25.158	NewBlock 750, Chunks: 0,
2025-03-10 22:13:32.109	NewBlock 751, Chunks: 0,
2025-03-10 22:13:37.831	NewBlock 752, Chunks: 0,
2025-03-10 22:13:57.709	NewBlock 753, Chunks: 0,
2025-03-10 22:14:17.989	NewBlock 754, Chunks: 0,
2025-03-10 22:14:32.448	NewBlock 755, Chunks: 0,
2025-03-10 22:14:58.244	NewBlock 756, Chunks: 0,
2025-03-10 22:15:14.113	NewBlock 757, Chunks: 0,
2025-03-10 22:15:25.288	NewBlock 758, Chunks: 0,
2025-03-10 22:15:37.854	NewBlock 759, Chunks: 0,
2025-03-10 22:15:56.856	NewBlock 760, Chunks: 0,
2025-03-10 22:28:29.133	NewBlock 761, Chunks: 0,
2025-03-10 22:28:34.173	NewBlock 762, Chunks: 0,
2025-03-10 22:28:42.741	NewBlock 763, Chunks: 0,
2025-03-10 22:28:47.281	NewBlock 764, Chunks: 0,
2025-03-10 22:28:54.123	NewBlock 765, Chunks: 0,
2025-03-10 22:28:58.269	NewBlock 766, Chunks: 0,
2025-03-10 22:29:07.329	NewBlock 767, Chunks: 0,
2025-03-10 22:29:15.298	NewBlock 768, Chunks: 0,
2025-03-10 22:29:25.109	NewBlock 769, Chunks: 0,
2025-03-10 22:29:30.456	NewBlock 770, Chunks: 0,
2025-03-10 22:29:37.302	NewBlock 771, Chunks: 0,
2025-03-10 22:35:30.372	NewBlock 772, Chunks: 0,
2025-03-10 22:35:35.933	NewBlock 773, Chunks: 0,
2025-03-10 22:35:43.844	NewBlock 774, Chunks: 0,
2025-03-10 22:35:48.300	NewBlock 775, Chunks: 0,
2025-03-10 22:35:54.818	NewBlock 776, Chunks: 0,
2025-03-10 22:36:01.377	NewBlock 777, Chunks: 0,
2025-03-10 22:36:12.433	NewBlock 778, Chunks: 0,
2025-03-10 22:36:20.099	NewBlock 778, Chunks: 0,
2025-03-10 22:36:20.130	NewBlock 779, Chunks: 0,
2025-03-10 22:36:31.203	NewBlock 780, Chunks: 0,
2025-03-10 22:36:38.664	NewBlock 781, Chunks: 0,
2025-03-10 22:36:47.942	NewBlock 782, Chunks: 0,
2025-03-10 22:37:04.508	NewBlock 783, Chunks: 0,
2025-03-10 22:37:24.980	NewBlock 784, Chunks: 0,
2025-03-10 22:37:45.949	NewBlock 785, Chunks: 0,
2025-03-10 22:38:04.619	NewBlock 786, Chunks: 0,
2025-03-10 22:38:23.915	NewBlock 787, Chunks: 0,
2025-03-10 22:38:32.684	NewBlock 788, Chunks: 0,
2025-03-10 22:38:44.556	NewBlock 789, Chunks: 0,
2025-03-10 22:38:57.052	NewBlock 790, Chunks: 0,
2025-03-10 22:39:18.568	NewBlock 791, Chunks: 0,
2025-03-10 22:39:29.967	NewBlock 792, Chunks: 0,
2025-03-10 22:39:41.126	NewBlock 793, Chunks: 0,
2025-03-10 22:43:31.168	NewBlock 794, Chunks: 0,
2025-03-10 22:43:46.029	NewBlock 795, Chunks: 0,
2025-03-10 22:43:55.366	NewBlock 795, Chunks: 0,
2025-03-10 22:43:55.385	NewBlock 796, Chunks: 0,
2025-03-10 22:43:59.737	NewBlock 797, Chunks: 0,
2025-03-10 22:44:06.213	NewBlock 798, Chunks: 0,
2025-03-10 22:44:09.785	NewBlock 799, Chunks: 0,
2025-03-10 22:44:14.035	NewBlock 800, Chunks: 0,
2025-03-10 22:44:19.784	NewBlock 801, Chunks: 0,
2025-03-10 22:44:24.234	NewBlock 802, Chunks: 0,
2025-03-10 22:44:38.302	NewBlock 803, Chunks: 0,
2025-03-10 22:44:57.166	NewBlock 804, Chunks: 0,
2025-03-10 22:47:03.629	NewBlock 805, Chunks: 0,
2025-03-10 22:47:20.321	NewBlock 806, Chunks: 0,
2025-03-10 22:47:32.507	NewBlock 806, Chunks: 0,
2025-03-10 22:47:32.535	NewBlock 807, Chunks: 0,
2025-03-10 22:47:36.988	NewBlock 808, Chunks: 0,
2025-03-10 22:47:41.441	NewBlock 809, Chunks: 0,
2025-03-10 22:47:46.019	NewBlock 810, Chunks: 0,
2025-03-10 22:48:01.424	NewBlock 811, Chunks: 0,
2025-03-10 22:48:10.186	NewBlock 812, Chunks: 0,
2025-03-10 22:48:13.550	NewBlock 813, Chunks: 0,
2025-03-10 22:48:43.337	NewBlock 814, Chunks: 0,
2025-03-10 22:48:53.191	NewBlock 815, Chunks: 0,
2025-03-10 22:56:37.258	NewBlock 816, Chunks: 0,
2025-03-10 22:56:37.706	NewBlock 817, Chunks: 0,
2025-03-10 22:56:43.114	NewBlock 818, Chunks: 0,
2025-03-10 22:56:46.679	NewBlock 819, Chunks: 0,
2025-03-10 22:56:52.001	NewBlock 820, Chunks: 0,
2025-03-10 22:57:05.268	NewBlock 821, Chunks: 0,
2025-03-10 22:57:09.715	NewBlock 822, Chunks: 0,
2025-03-10 22:57:14.188	NewBlock 823, Chunks: 0,
2025-03-10 22:57:19.659	NewBlock 824, Chunks: 0,
2025-03-10 22:57:24.375	NewBlock 824, Chunks: 0,
2025-03-10 22:57:24.398	NewBlock 825, Chunks: 0,
2025-03-10 22:57:32.149	NewBlock 826, Chunks: 0,
2025-03-10 22:57:45.023	NewBlock 827, Chunks: 0,
2025-03-10 22:58:01.840	NewBlock 828, Chunks: 0,
2025-03-10 22:58:29.128	NewBlock 829, Chunks: 0,
2025-03-10 22:58:53.496	NewBlock 830, Chunks: 0,
2025-03-10 22:59:10.261	NewBlock 831, Chunks: 0,
2025-03-10 22:59:23.329	NewBlock 832, Chunks: 0,
2025-03-10 22:59:34.027	NewBlock 833, Chunks: 0,
2025-03-10 22:59:48.710	NewBlock 834, Chunks: 0,
2025-03-10 22:59:59.860	NewBlock 835, Chunks: 0,
2025-03-10 23:00:10.914	NewBlock 836, Chunks: 0,
2025-03-10 23:00:26.182	NewBlock 837, Chunks: 0,
2025-03-10 23:00:42.776	NewBlock 838, Chunks: 0,
2025-03-10 23:00:56.058	NewBlock 839, Chunks: 0,
2025-03-10 23:01:13.537	NewBlock 840, Chunks: 0,
2025-03-10 23:09:07.114	NewBlock 841, Chunks: 0,
2025-03-10 23:09:19.080	NewBlock 842, Chunks: 0,
2025-03-10 23:09:27.728	NewBlock 843, Chunks: 0,
2025-03-10 23:09:34.301	NewBlock 844, Chunks: 0,
2025-03-10 23:09:51.995	NewBlock 845, Chunks: 0,
2025-03-10 23:09:58.663	NewBlock 846, Chunks: 0,
2025-03-10 23:10:08.814	NewBlock 847, Chunks: 0,
2025-03-10 23:10:13.465	NewBlock 848, Chunks: 0,
2025-03-10 23:10:19.614	NewBlock 849, Chunks: 0,
2025-03-10 23:10:33.176	NewBlock 850, Chunks: 0,
2025-03-10 23:10:41.033	NewBlock 851, Chunks: 0,
2025-03-10 23:10:46.388	NewBlock 852, Chunks: 0,
2025-03-10 23:11:05.279	NewBlock 853, Chunks: 0,
2025-03-10 23:11:30.070	NewBlock 854, Chunks: 0,
2025-03-10 23:11:48.869	NewBlock 855, Chunks: 0,
2025-03-10 23:55:03.904	NewBlock 856, Chunks: 0,
2025-03-10 23:55:07.751	NewBlock 857, Chunks: 0,
2025-03-10 23:55:13.912	NewBlock 858, Chunks: 0,
2025-03-10 23:55:18.378	NewBlock 859, Chunks: 0,
2025-03-10 23:55:25.023	NewBlock 860, Chunks: 0,
2025-03-10 23:55:36.075	NewBlock 861, Chunks: 0,
2025-03-10 23:55:48.228	NewBlock 862, Chunks: 0,
2025-03-10 23:55:53.726	NewBlock 863, Chunks: 0,
2025-03-10 23:55:53.779	NewBlock 864, Chunks: 0,
2025-03-10 23:55:58.279	NewBlock 865, Chunks: 0,
2025-03-10 23:56:04.822	NewBlock 866, Chunks: 0,
2025-03-10 23:56:12.584	NewBlock 867, Chunks: 0,
2025-03-10 23:56:25.836	NewBlock 868, Chunks: 0,
2025-03-10 23:56:53.919	NewBlock 869, Chunks: 0,
2025-03-10 23:57:22.017	NewBlock 870, Chunks: 0,
2025-03-10 23:57:45.183	NewBlock 871, Chunks: 0,
2025-03-10 23:57:55.187	NewBlock 871, Chunks: 0,
2025-03-10 23:57:55.208	NewBlock 872, Chunks: 0,
2025-03-11 00:19:01.707	NewBlock 873, Chunks: 0,
2025-03-11 00:19:12.710	NewBlock 874, Chunks: 0,
2025-03-11 00:19:17.155	NewBlock 875, Chunks: 0,
2025-03-11 00:19:32.604	NewBlock 876, Chunks: 0,
2025-03-11 00:19:42.619	NewBlock 876, Chunks: 0,
2025-03-11 00:19:42.641	NewBlock 877, Chunks: 0,
2025-03-11 00:19:49.189	NewBlock 878, Chunks: 0,
2025-03-11 00:19:53.742	NewBlock 879, Chunks: 0,
2025-03-11 00:20:09.101	NewBlock 880, Chunks: 0,
2025-03-11 00:20:17.767	NewBlock 881, Chunks: 0,
2025-03-11 00:20:34.314	NewBlock 882, Chunks: 0,
2025-03-11 00:20:40.959	NewBlock 883, Chunks: 0,
2025-03-11 00:20:46.560	NewBlock 882, Chunks: 0,
2025-03-11 00:20:46.593	NewBlock 883, Chunks: 0,
2025-03-11 00:20:46.612	NewBlock 884, Chunks: 0,
2025-03-11 00:46:08.672	NewBlock 885, Chunks: 0,
2025-03-11 00:46:17.224	NewBlock 886, Chunks: 0,
2025-03-11 00:46:21.694	NewBlock 887, Chunks: 0,
2025-03-11 00:46:33.851	NewBlock 888, Chunks: 0,
2025-03-11 00:46:46.123	NewBlock 888, Chunks: 0,
2025-03-11 00:46:46.142	NewBlock 889, Chunks: 0,
2025-03-11 00:46:52.606	NewBlock 890, Chunks: 0,
2025-03-11 00:46:59.256	NewBlock 891, Chunks: 0,
2025-03-11 00:47:03.704	NewBlock 892, Chunks: 0,
2025-03-11 00:47:10.438	NewBlock 893, Chunks: 0,
2025-03-11 00:47:19.242	NewBlock 894, Chunks: 0,
2025-03-11 00:47:23.617	NewBlock 895, Chunks: 0,
2025-03-11 00:48:16.782	NewBlock 896, Chunks: 0,
2025-03-11 00:48:32.049	NewBlock 897, Chunks: 0,
2025-03-11 00:48:48.504	NewBlock 898, Chunks: 0,
2025-03-11 00:49:02.851	NewBlock 899, Chunks: 0,
2025-03-11 00:49:10.606	NewBlock 900, Chunks: 0,
2025-03-11 00:49:24.784	NewBlock 901, Chunks: 0,
2025-03-11 00:49:40.255	NewBlock 902, Chunks: 0,
2025-03-11 00:49:50.397	NewBlock 903, Chunks: 0,
2025-03-11 00:50:08.043	NewBlock 904, Chunks: 0,
2025-03-11 00:50:26.790	NewBlock 905, Chunks: 0,
2025-03-11 00:50:34.553	NewBlock 906, Chunks: 0,
2025-03-11 01:25:03.550	NewBlock 907, Chunks: 0,
2025-03-11 01:25:11.298	NewBlock 908, Chunks: 0,
2025-03-11 01:25:16.611	NewBlock 909, Chunks: 0,
2025-03-11 01:25:25.587	NewBlock 910, Chunks: 0,
2025-03-11 01:25:28.954	NewBlock 911, Chunks: 0,
2025-03-11 01:25:40.051	NewBlock 912, Chunks: 0,
2025-03-11 01:25:46.706	NewBlock 913, Chunks: 0,
2025-03-11 01:25:51.004	NewBlock 914, Chunks: 0,
2025-03-11 01:26:07.577	NewBlock 915, Chunks: 0,
2025-03-11 01:26:20.900	NewBlock 916, Chunks: 0,
2025-03-11 01:26:31.858	NewBlock 917, Chunks: 0,
2025-03-11 01:44:53.330	NewBlock 918, Chunks: 0,
2025-03-11 01:45:07.770	NewBlock 919, Chunks: 0,
2025-03-11 01:45:19.829	NewBlock 920, Chunks: 0,
2025-03-11 01:45:30.491	NewBlock 921, Chunks: 0,
2025-03-11 01:45:37.340	NewBlock 922, Chunks: 0,
2025-03-11 01:45:46.001	NewBlock 923, Chunks: 0,
2025-03-11 01:45:53.758	NewBlock 924, Chunks: 0,
2025-03-11 01:46:07.127	NewBlock 925, Chunks: 0,
2025-03-11 01:46:13.882	NewBlock 926, Chunks: 0,
2025-03-11 01:46:21.432	NewBlock 927, Chunks: 0,
2025-03-11 01:46:30.392	NewBlock 928, Chunks: 0,
2025-03-11 02:05:42.349	NewBlock 929, Chunks: 0,
2025-03-11 02:05:47.108	NewBlock 930, Chunks: 0,
2025-03-11 02:05:51.184	NewBlock 931, Chunks: 0,
2025-03-11 02:05:54.534	NewBlock 932, Chunks: 0,
2025-03-11 02:06:01.498	NewBlock 933, Chunks: 0,
2025-03-11 02:06:13.751	NewBlock 934, Chunks: 0,
2025-03-11 02:06:17.087	NewBlock 935, Chunks: 0,
2025-03-11 02:06:20.329	NewBlock 936, Chunks: 0,
2025-03-11 02:06:25.977	NewBlock 937, Chunks: 0,
2025-03-11 02:06:30.515	NewBlock 938, Chunks: 0,
2025-03-11 02:06:40.270	NewBlock 939, Chunks: 0,
2025-03-11 02:06:46.912	NewBlock 940, Chunks: 0,
2025-03-11 02:07:03.813	NewBlock 940, Chunks: 0,
2025-03-11 02:07:03.837	NewBlock 941, Chunks: 0,
2025-03-11 02:07:32.118	NewBlock 942, Chunks: 0,
2025-03-11 02:07:51.987	NewBlock 943, Chunks: 0,
2025-03-11 02:08:16.461	NewBlock 944, Chunks: 0,
2025-03-11 02:08:26.408	NewBlock 945, Chunks: 0,
2025-03-11 02:08:40.579	NewBlock 946, Chunks: 0,
2025-03-11 02:08:56.137	NewBlock 947, Chunks: 0,
2025-03-11 02:09:04.895	NewBlock 948, Chunks: 0,
2025-03-11 02:09:04.975	NewBlock 949, Chunks: 0,
2025-03-11 04:06:13.164	NewBlock -1, Chunks: 0,
2025-03-11 05:32:46.319	Initialized. Chunks: 0
2025-03-11 06:07:12.484	NewBlock 950, Chunks: 0,
2025-03-11 06:07:26.767	NewBlock 951, Chunks: 0,
2025-03-11 06:07:41.150	NewBlock 952, Chunks: 0,
2025-03-11 06:07:57.755	NewBlock 953, Chunks: 0,
2025-03-11 06:08:09.913	NewBlock 954, Chunks: 0,
2025-03-11 06:08:22.976	NewBlock 955, Chunks: 0,
2025-03-11 06:08:40.557	NewBlock 956, Chunks: 0,
2025-03-11 06:08:57.238	NewBlock 957, Chunks: 0,
2025-03-11 06:09:09.304	NewBlock 958, Chunks: 0,
2025-03-11 06:09:22.677	NewBlock 959, Chunks: 0,
2025-03-11 06:09:33.854	NewBlock 960, Chunks: 0,
2025-03-11 21:39:36.128	Entity (00000105, 00000000aa1f2a56433b69ef299a17630f48c698) added successfully
2025-03-11 21:39:36.365	Entity (00000105, 000000002fc79bbb9b530d815ce131c649e7fe68) added successfully
2025-03-11 21:39:36.598	Entity (00000105, 00000000c437f48641fcb6ef174beffd0278bf0e) added successfully
2025-03-11 21:39:53.235	NewBlock 961, Chunks: 0,
2025-03-11 21:39:58.581	NewBlock 962, Chunks: 0,
2025-03-11 21:40:06.889	NewBlock 963, Chunks: 0,
2025-03-11 21:40:12.975	NewBlock 963, Chunks: 0,
2025-03-11 21:40:13.006	NewBlock 964, Chunks: 0,
2025-03-11 21:40:26.178	NewBlock 965, Chunks: 0,
2025-03-11 21:40:31.138	NewBlock 966, Chunks: 0,
2025-03-11 21:40:37.779	NewBlock 967, Chunks: 0,
2025-03-11 21:40:51.024	NewBlock 968, Chunks: 0,
2025-03-11 21:41:03.720	NewBlock 969, Chunks: 0,
2025-03-11 21:41:09.265	NewBlock 970, Chunks: 0,
2025-03-11 21:41:18.217	NewBlock 971, Chunks: 0,
2025-03-11 21:48:44.208	NewBlock 972, Chunks: 0,
2025-03-11 21:48:57.023	NewBlock 973, Chunks: 0,
2025-03-11 21:49:09.285	NewBlock 974, Chunks: 0,
2025-03-11 21:49:13.532	NewBlock 975, Chunks: 0,
2025-03-11 21:49:17.279	NewBlock 976, Chunks: 0,
2025-03-11 21:49:29.908	NewBlock 977, Chunks: 0,
2025-03-11 21:49:43.263	NewBlock 978, Chunks: 0,
2025-03-11 21:49:53.634	NewBlock 979, Chunks: 0,
2025-03-11 21:50:02.489	NewBlock 980, Chunks: 0,
2025-03-11 21:50:12.445	NewBlock 981, Chunks: 0,
2025-03-11 21:50:21.299	NewBlock 982, Chunks: 0,
2025-03-11 21:56:39.864	NewBlock 983, Chunks: 0,
2025-03-11 21:56:44.306	NewBlock 984, Chunks: 0,
2025-03-11 21:56:48.763	NewBlock 985, Chunks: 0,
2025-03-11 21:57:04.331	NewBlock 986, Chunks: 0,
2025-03-11 21:57:14.685	NewBlock 987, Chunks: 0,
2025-03-11 21:57:18.932	NewBlock 988, Chunks: 0,
2025-03-11 21:57:24.482	NewBlock 989, Chunks: 0,
2025-03-11 21:57:34.240	NewBlock 990, Chunks: 0,
2025-03-11 21:57:41.639	NewBlock 991, Chunks: 0,
2025-03-11 21:57:53.205	NewBlock 992, Chunks: 0,
2025-03-11 21:57:59.288	NewBlock 993, Chunks: 0,
2025-03-11 21:58:20.281	NewBlock 994, Chunks: 0,
2025-03-11 21:58:41.719	NewBlock 995, Chunks: 0,
2025-03-11 21:59:01.050	NewBlock 996, Chunks: 0,
2025-03-11 22:04:02.578	NewBlock -1, Chunks: 0,
2025-03-11 22:04:49.110	Initialized. Chunks: 0
2025-03-11 22:08:04.018	NewBlock -1, Chunks: 0,
2025-03-11 22:09:25.785	Initialized. Chunks: 0
2025-03-11 22:13:47.826	NewBlock 997, Chunks: 0,
2025-03-11 22:14:08.811	NewBlock 998, Chunks: 0,
2025-03-11 22:14:20.138	NewBlock 998, Chunks: 0,
2025-03-11 22:14:20.157	NewBlock 999, Chunks: 0,
2025-03-11 22:14:33.074	NewBlock 1000, Chunks: 0,
2025-03-11 22:14:49.777	NewBlock 1000, Chunks: 0,
2025-03-11 22:14:49.807	NewBlock 1001, Chunks: 0,
2025-03-11 22:15:05.385	NewBlock 1002, Chunks: 0,
2025-03-11 22:15:18.655	NewBlock 1003, Chunks: 0,
2025-03-11 22:15:35.128	NewBlock 1004, Chunks: 0,
2025-03-11 22:15:46.079	NewBlock 1005, Chunks: 0,
2025-03-11 22:15:59.535	NewBlock 1006, Chunks: 0,
2025-03-11 22:16:11.059	NewBlock 1007, Chunks: 0,
2025-03-11 22:16:25.815	NewBlock 1008, Chunks: 0,
2025-03-11 22:16:44.169	NewBlock 1009, Chunks: 0,
2025-03-11 22:17:05.116	NewBlock 1010, Chunks: 0,
2025-03-11 22:17:13.224	NewBlock 1011, Chunks: 0,
2025-03-11 22:33:09.133	NewBlock 1012, Chunks: 0,
2025-03-11 22:33:19.085	NewBlock 1013, Chunks: 0,
2025-03-11 22:33:25.411	NewBlock 1014, Chunks: 0,
2025-03-11 22:33:35.699	NewBlock 1015, Chunks: 0,
2025-03-11 22:33:42.474	NewBlock 1016, Chunks: 0,
2025-03-11 22:33:48.221	NewBlock 1017, Chunks: 0,
2025-03-11 22:34:03.286	NewBlock 1018, Chunks: 0,
2025-03-11 22:34:07.754	NewBlock 1019, Chunks: 0,
2025-03-11 22:34:18.099	NewBlock 1020, Chunks: 0,
2025-03-11 22:34:26.556	NewBlock 1021, Chunks: 0,
2025-03-11 22:34:33.357	NewBlock 1022, Chunks: 0,
2025-03-11 22:34:39.828	NewBlock 1023, Chunks: 0,
2025-03-11 22:34:58.577	NewBlock 1024, Chunks: 0,
2025-03-11 22:35:19.554	NewBlock 1025, Chunks: 0,
2025-03-11 22:35:42.763	NewBlock 1026, Chunks: 0,
2025-03-11 22:36:07.211	NewBlock 1027, Chunks: 0,
2025-03-11 22:36:25.728	NewBlock 1028, Chunks: 0,
2025-03-11 22:36:31.615	NewBlock 1028, Chunks: 0,
2025-03-11 22:36:31.635	NewBlock 1029, Chunks: 0,
2025-03-11 22:37:29.472	NewBlock 1030, Chunks: 0,
2025-03-11 22:37:37.330	NewBlock 1031, Chunks: 0,
2025-03-11 22:37:49.695	NewBlock 1032, Chunks: 0,
2025-03-11 22:38:00.857	NewBlock 1033, Chunks: 0,
2025-03-11 22:38:09.709	NewBlock 1034, Chunks: 0,
2025-03-11 22:38:21.312	NewBlock 1035, Chunks: 0,
2025-03-11 22:38:26.189	NewBlock 1035, Chunks: 0,
2025-03-11 22:38:26.215	NewBlock 1036, Chunks: 0,
2025-03-11 22:38:49.971	NewBlock 1037, Chunks: 0,
2025-03-11 22:39:02.125	NewBlock 1038, Chunks: 0,
2025-03-11 22:39:20.875	NewBlock 1039, Chunks: 0,
2025-03-11 22:39:35.696	NewBlock 1040, Chunks: 0,
2025-03-12 01:07:44.385	NewBlock -1, Chunks: 0,
2025-03-12 01:15:37.678	Initialized. Chunks: 0
2025-03-12 02:32:42.970	Entity (00000105, 00000000d56395c2f5b7153112a5ff504cb63d07) added successfully
2025-03-12 02:32:55.577	NewBlock 1041, Chunks: 0,
2025-03-12 02:33:14.337	NewBlock 1042, Chunks: 0,
2025-03-12 02:33:27.602	NewBlock 1043, Chunks: 0,
2025-03-12 02:33:40.896	NewBlock 1044, Chunks: 0,
2025-03-12 02:33:55.038	NewBlock 1045, Chunks: 0,
2025-03-12 02:34:06.189	NewBlock 1046, Chunks: 0,
2025-03-12 02:34:22.655	NewBlock 1047, Chunks: 0,
2025-03-12 02:34:38.160	NewBlock 1048, Chunks: 0,
2025-03-12 02:34:55.754	NewBlock 1049, Chunks: 0,
2025-03-12 02:35:07.911	NewBlock 1050, Chunks: 0,
2025-03-12 02:35:22.281	NewBlock 1051, Chunks: 0,
2025-03-12 02:35:40.948	NewBlock 1052, Chunks: 0,
2025-03-12 02:36:00.515	NewBlock 1053, Chunks: 0,
2025-03-12 02:36:06.258	NewBlock 1054, Chunks: 0,
2025-03-12 02:36:31.626	NewBlock 1055, Chunks: 0,
2025-03-12 02:36:31.708	NewBlock 1056, Chunks: 0,
2025-03-12 02:37:01.408	NewBlock 1057, Chunks: 0,
2025-03-12 02:37:12.561	NewBlock 1058, Chunks: 0,
2025-03-12 02:37:23.531	NewBlock 1059, Chunks: 0,
2025-03-12 02:37:42.296	NewBlock 1060, Chunks: 0,
2025-03-12 02:38:02.147	NewBlock 1061, Chunks: 0,
2025-03-12 02:42:35.985	Entity (00000105, 00000000eca8b27560a8feb759b6df4f28d2e8df) added successfully
2025-03-12 02:42:48.331	NewBlock 1062, Chunks: 0,
2025-03-12 02:42:57.015	NewBlock 1063, Chunks: 0,
2025-03-12 02:43:00.483	NewBlock 1064, Chunks: 0,
2025-03-12 02:43:08.262	NewBlock 1065, Chunks: 0,
2025-03-12 02:43:15.866	NewBlock 1066, Chunks: 0,
2025-03-12 02:43:25.322	NewBlock 1067, Chunks: 0,
2025-03-12 02:43:34.483	NewBlock 1068, Chunks: 0,
2025-03-12 02:43:38.541	NewBlock 1069, Chunks: 0,
2025-03-12 02:43:42.197	NewBlock 1070, Chunks: 0,
2025-03-12 02:43:50.146	NewBlock 1071, Chunks: 0,
2025-03-12 02:44:02.310	NewBlock 1072, Chunks: 0,
2025-03-12 02:44:29.598	NewBlock 1073, Chunks: 0,
2025-03-12 02:44:51.269	NewBlock 1074, Chunks: 0,
2025-03-12 02:45:16.048	NewBlock 1075, Chunks: 0,
2025-03-12 02:45:31.798	NewBlock 1076, Chunks: 0,
2025-03-12 02:45:45.665	NewBlock 1077, Chunks: 0,
2025-03-12 02:45:53.865	NewBlock 1078, Chunks: 0,
2025-03-12 02:46:06.627	NewBlock 1079, Chunks: 0,
2025-03-12 02:46:26.439	NewBlock 1080, Chunks: 0,
2025-03-12 02:46:35.282	NewBlock 1081, Chunks: 0,
2025-03-12 02:46:47.403	NewBlock 1082, Chunks: 0,
2025-03-12 02:47:03.465	NewBlock 1083, Chunks: 0,
2025-03-12 02:47:28.130	NewBlock 1084, Chunks: 0,
2025-03-12 02:47:35.284	NewBlock 1085, Chunks: 0,
2025-03-12 02:47:50.873	NewBlock 1086, Chunks: 0,
2025-03-12 02:48:05.551	NewBlock 1087, Chunks: 0,
2025-03-12 02:48:25.618	NewBlock 1088, Chunks: 0,
2025-03-12 02:48:37.974	NewBlock 1089, Chunks: 0,
2025-03-12 02:48:55.241	NewBlock 1090, Chunks: 0,
2025-03-12 02:49:10.218	NewBlock 1091, Chunks: 0,
2025-03-12 02:49:19.462	NewBlock 1092, Chunks: 0,
2025-03-12 02:49:34.316	NewBlock 1093, Chunks: 0,
2025-03-12 02:49:50.280	NewBlock 1094, Chunks: 0,
2025-03-12 02:50:09.741	NewBlock 1095, Chunks: 0,
2025-03-12 02:50:16.859	Entity (00000105, 00000000e26a303d1095910d8f69d040397d78eb) added successfully
2025-03-12 02:50:29.104	NewBlock 1096, Chunks: 0,
2025-03-12 02:50:35.963	NewBlock 1097, Chunks: 0,
2025-03-12 02:50:56.644	NewBlock 1098, Chunks: 0,
2025-03-12 02:51:06.493	NewBlock 1099, Chunks: 0,
2025-03-12 02:51:20.868	NewBlock 1100, Chunks: 0,
2025-03-12 02:51:35.251	NewBlock 1101, Chunks: 0,
2025-03-12 02:51:51.941	NewBlock 1102, Chunks: 0,
2025-03-12 02:52:02.791	NewBlock 1103, Chunks: 0,
2025-03-12 02:52:21.541	NewBlock 1104, Chunks: 0,
2025-03-12 02:52:35.123	NewBlock 1105, Chunks: 0,
2025-03-12 02:52:48.420	NewBlock 1106, Chunks: 0,
2025-03-12 02:52:56.464	Entity (00000105, 00000000e6c83e8d37ba0e26e07d33299a83c5dd) added successfully
2025-03-12 02:53:17.097	NewBlock 1107, Chunks: 0,
2025-03-12 02:53:17.874	NewBlock 1108, Chunks: 0,
2025-03-12 02:53:33.662	NewBlock 1109, Chunks: 0,
2025-03-12 02:53:50.224	NewBlock 1110, Chunks: 0,
2025-03-12 02:54:07.379	NewBlock 1111, Chunks: 0,
2025-03-12 02:54:19.539	NewBlock 1112, Chunks: 0,
2025-03-12 02:54:36.498	NewBlock 1113, Chunks: 0,
2025-03-12 02:54:55.256	NewBlock 1114, Chunks: 0,
2025-03-12 02:55:08.540	NewBlock 1115, Chunks: 0,
2025-03-12 02:55:22.906	NewBlock 1116, Chunks: 0,
2025-03-12 02:55:35.083	NewBlock 1117, Chunks: 0,
2025-03-12 02:55:50.898	NewBlock 1118, Chunks: 0,
2025-03-12 02:56:07.459	NewBlock 1119, Chunks: 0,
2025-03-12 02:56:29.042	NewBlock 1120, Chunks: 0,
2025-03-12 02:56:37.230	NewBlock 1121, Chunks: 0,
2025-03-12 02:56:51.592	NewBlock 1122, Chunks: 0,
2025-03-12 02:57:09.143	NewBlock 1123, Chunks: 0,
2025-03-12 02:57:30.010	NewBlock 1124, Chunks: 0,
2025-03-12 02:57:39.053	NewBlock 1125, Chunks: 0,
2025-03-12 02:57:47.546	Entity (00000105, 00000000dfb88308a5f302a27f988b64969b5fdc) added successfully
2025-03-12 02:57:57.822	NewBlock 1126, Chunks: 0,
2025-03-12 02:58:05.477	NewBlock 1127, Chunks: 0,
2025-03-12 02:58:27.348	NewBlock 1128, Chunks: 0,
2025-03-12 02:58:38.702	NewBlock 1129, Chunks: 0,
2025-03-12 02:58:51.844	NewBlock 1130, Chunks: 0,
2025-03-12 02:59:11.414	NewBlock 1131, Chunks: 0,
2025-03-12 02:59:31.287	NewBlock 1132, Chunks: 0,
2025-03-12 02:59:38.132	NewBlock 1133, Chunks: 0,
2025-03-12 02:59:54.595	NewBlock 1134, Chunks: 0,
2025-03-12 03:00:14.276	NewBlock 1135, Chunks: 0,
2025-03-12 03:00:27.953	NewBlock 1136, Chunks: 0,
2025-03-12 03:00:52.109	Entity (00000105, 00000000d02dd9e1d6b742a03a49d510e926f7ce) added successfully
2025-03-12 03:01:12.968	NewBlock 1137, Chunks: 0,
2025-03-12 03:01:17.314	NewBlock 1138, Chunks: 0,
2025-03-12 03:01:29.569	NewBlock 1139, Chunks: 0,
2025-03-12 03:01:44.625	NewBlock 1140, Chunks: 0,
2025-03-12 03:01:51.606	NewBlock 1140, Chunks: 0,
2025-03-12 03:01:51.626	NewBlock 1141, Chunks: 0,
2025-03-12 03:02:13.203	NewBlock 1142, Chunks: 0,
2025-03-12 03:02:13.746	NewBlock 1143, Chunks: 0,
2025-03-12 03:02:39.310	NewBlock 1144, Chunks: 0,
2025-03-12 03:02:56.265	NewBlock 1145, Chunks: 0,
2025-03-12 03:03:10.701	NewBlock 1146, Chunks: 0,
2025-03-12 03:03:26.145	NewBlock 1147, Chunks: 0,
2025-03-12 03:07:22.173	Entity (00000105, 000000003effe86197d1645032c5693b83420f46) added successfully
2025-03-12 03:07:45.575	NewBlock 1148, Chunks: 0,
2025-03-12 03:07:50.016	NewBlock 1149, Chunks: 0,
2025-03-12 03:07:53.654	NewBlock 1150, Chunks: 0,
2025-03-12 03:08:05.711	NewBlock 1151, Chunks: 0,
2025-03-12 03:08:19.168	NewBlock 1152, Chunks: 0,
2025-03-12 03:08:34.738	NewBlock 1153, Chunks: 0,
2025-03-12 03:08:41.377	NewBlock 1154, Chunks: 0,
2025-03-12 03:08:44.628	NewBlock 1155, Chunks: 0,
2025-03-12 03:08:55.795	NewBlock 1156, Chunks: 0,
2025-03-12 03:09:01.337	NewBlock 1157, Chunks: 0,
2025-03-12 03:09:09.595	NewBlock 1158, Chunks: 0,
2025-03-12 03:13:28.569	Entity (00000105, 000000008a6ee97ceb8b29011639505059e552eb) added successfully
2025-03-12 03:13:47.611	NewBlock 1159, Chunks: 0,
2025-03-12 03:13:57.469	NewBlock 1160, Chunks: 0,
2025-03-12 03:14:11.830	NewBlock 1161, Chunks: 0,
2025-03-12 03:14:26.190	NewBlock 1162, Chunks: 0,
2025-03-12 03:14:26.535	NewBlock 1163, Chunks: 0,
2025-03-12 03:14:35.388	NewBlock 1164, Chunks: 0,
2025-03-12 03:14:48.267	NewBlock 1165, Chunks: 0,
2025-03-12 03:15:00.753	NewBlock 1165, Chunks: 0,
2025-03-12 03:15:00.772	NewBlock 1166, Chunks: 0,
2025-03-12 03:15:10.233	NewBlock 1167, Chunks: 0,
2025-03-12 03:15:15.889	NewBlock 1168, Chunks: 0,
2025-03-12 03:15:21.938	NewBlock 1169, Chunks: 0,
2025-03-12 03:18:42.145	Entity (00000105, 000000007f130ea0ef36f55045183575f02ea398) added successfully
2025-03-12 03:18:54.877	NewBlock 1170, Chunks: 0,
2025-03-12 03:19:05.237	NewBlock 1171, Chunks: 0,
2025-03-12 03:19:10.378	NewBlock 1172, Chunks: 0,
2025-03-12 03:19:20.334	NewBlock 1173, Chunks: 0,
2025-03-12 03:19:28.486	NewBlock 1174, Chunks: 0,
2025-03-12 03:19:36.346	NewBlock 1175, Chunks: 0,
2025-03-12 03:19:52.226	NewBlock 1176, Chunks: 0,
2025-03-12 03:20:01.273	NewBlock 1177, Chunks: 0,
2025-03-12 03:20:10.030	NewBlock 1178, Chunks: 0,
2025-03-12 03:20:16.681	NewBlock 1179, Chunks: 0,
2025-03-12 03:20:33.341	NewBlock 1180, Chunks: 0,
2025-03-12 03:23:21.850	Entity (00000105, 00000000a885dc035b1cd306bb72c04b0d2cbc43) added successfully
2025-03-12 03:23:41.652	NewBlock 1181, Chunks: 0,
2025-03-12 03:23:48.304	NewBlock 1182, Chunks: 0,
2025-03-12 03:24:00.371	NewBlock 1183, Chunks: 0,
2025-03-12 03:24:16.727	NewBlock 1184, Chunks: 0,
2025-03-12 03:24:29.216	NewBlock 1184, Chunks: 0,
2025-03-12 03:24:29.236	NewBlock 1185, Chunks: 0,
2025-03-12 03:24:37.989	NewBlock 1186, Chunks: 0,
2025-03-12 03:24:44.239	NewBlock 1187, Chunks: 0,
2025-03-12 03:24:58.490	NewBlock 1188, Chunks: 0,
2025-03-12 03:25:13.255	NewBlock 1189, Chunks: 0,
2025-03-12 03:25:26.103	NewBlock 1190, Chunks: 0,
2025-03-12 03:25:29.747	NewBlock 1191, Chunks: 0,
2025-03-12 03:26:15.001	Entity (00000105, 0000000014c743215495f768a266d396ff4d3e29) added successfully
2025-03-12 03:26:34.307	NewBlock 1192, Chunks: 0,
2025-03-12 03:26:37.656	NewBlock 1193, Chunks: 0,
2025-03-12 03:26:50.226	NewBlock 1194, Chunks: 0,
2025-03-12 03:26:54.674	NewBlock 1195, Chunks: 0,
2025-03-12 03:27:09.025	NewBlock 1196, Chunks: 0,
2025-03-12 03:27:21.978	NewBlock 1197, Chunks: 0,
2025-03-12 03:27:44.962	NewBlock 1198, Chunks: 0,
2025-03-12 03:27:49.410	NewBlock 1199, Chunks: 0,
2025-03-12 03:28:07.180	NewBlock 1200, Chunks: 0,
2025-03-12 03:28:27.247	NewBlock 1201, Chunks: 0,
